<?xml version="1.0" encoding="UTF-8"?>
<testsuite xmlns:xsi="http://www.w3.org/2001/XMLSchema-instance" xsi:noNamespaceSchemaLocation="https://maven.apache.org/surefire/maven-surefire-plugin/xsd/surefire-test-report-3.0.xsd" version="3.0" name="com.fabless.clothlogix.ClothlogixApplicationTests" time="8.67" tests="1" errors="0" skipped="0" failures="0">
  <properties>
    <property name="java.specification.version" value="19"/>
    <property name="sun.cpu.isalist" value="amd64"/>
    <property name="sun.jnu.encoding" value="Cp1252"/>
    <property name="java.class.path" value="C:\Sviluppo\workArea\clothlogix\target\test-classes;C:\Sviluppo\workArea\clothlogix\target\classes;C:\Users\salvatoresilvestri\.m2\repository\org\springframework\boot\spring-boot-starter-data-jpa\3.2.5\spring-boot-starter-data-jpa-3.2.5.jar;C:\Users\salvatoresilvestri\.m2\repository\org\springframework\boot\spring-boot-starter-aop\3.2.5\spring-boot-starter-aop-3.2.5.jar;C:\Users\salvatoresilvestri\.m2\repository\org\aspectj\aspectjweaver\1.9.22\aspectjweaver-1.9.22.jar;C:\Users\salvatoresilvestri\.m2\repository\org\springframework\boot\spring-boot-starter-jdbc\3.2.5\spring-boot-starter-jdbc-3.2.5.jar;C:\Users\salvatoresilvestri\.m2\repository\com\zaxxer\HikariCP\5.0.1\HikariCP-5.0.1.jar;C:\Users\salvatoresilvestri\.m2\repository\org\springframework\spring-jdbc\6.1.6\spring-jdbc-6.1.6.jar;C:\Users\salvatoresilvestri\.m2\repository\org\hibernate\orm\hibernate-core\6.4.4.Final\hibernate-core-6.4.4.Final.jar;C:\Users\salvatoresilvestri\.m2\repository\jakarta\persistence\jakarta.persistence-api\3.1.0\jakarta.persistence-api-3.1.0.jar;C:\Users\salvatoresilvestri\.m2\repository\jakarta\transaction\jakarta.transaction-api\2.0.1\jakarta.transaction-api-2.0.1.jar;C:\Users\salvatoresilvestri\.m2\repository\org\jboss\logging\jboss-logging\3.5.3.Final\jboss-logging-3.5.3.Final.jar;C:\Users\salvatoresilvestri\.m2\repository\org\hibernate\common\hibernate-commons-annotations\6.0.6.Final\hibernate-commons-annotations-6.0.6.Final.jar;C:\Users\salvatoresilvestri\.m2\repository\io\smallrye\jandex\3.1.2\jandex-3.1.2.jar;C:\Users\salvatoresilvestri\.m2\repository\com\fasterxml\classmate\1.6.0\classmate-1.6.0.jar;C:\Users\salvatoresilvestri\.m2\repository\net\bytebuddy\byte-buddy\1.14.13\byte-buddy-1.14.13.jar;C:\Users\salvatoresilvestri\.m2\repository\org\glassfish\jaxb\jaxb-runtime\4.0.5\jaxb-runtime-4.0.5.jar;C:\Users\salvatoresilvestri\.m2\repository\org\glassfish\jaxb\jaxb-core\4.0.5\jaxb-core-4.0.5.jar;C:\Users\salvatoresilvestri\.m2\repository\org\eclipse\angus\angus-activation\2.0.2\angus-activation-2.0.2.jar;C:\Users\salvatoresilvestri\.m2\repository\org\glassfish\jaxb\txw2\4.0.5\txw2-4.0.5.jar;C:\Users\salvatoresilvestri\.m2\repository\com\sun\istack\istack-commons-runtime\4.1.2\istack-commons-runtime-4.1.2.jar;C:\Users\salvatoresilvestri\.m2\repository\jakarta\inject\jakarta.inject-api\2.0.1\jakarta.inject-api-2.0.1.jar;C:\Users\salvatoresilvestri\.m2\repository\org\antlr\antlr4-runtime\4.13.0\antlr4-runtime-4.13.0.jar;C:\Users\salvatoresilvestri\.m2\repository\org\springframework\data\spring-data-jpa\3.2.5\spring-data-jpa-3.2.5.jar;C:\Users\salvatoresilvestri\.m2\repository\org\springframework\data\spring-data-commons\3.2.5\spring-data-commons-3.2.5.jar;C:\Users\salvatoresilvestri\.m2\repository\org\springframework\spring-orm\6.1.6\spring-orm-6.1.6.jar;C:\Users\salvatoresilvestri\.m2\repository\org\springframework\spring-context\6.1.6\spring-context-6.1.6.jar;C:\Users\salvatoresilvestri\.m2\repository\org\springframework\spring-tx\6.1.6\spring-tx-6.1.6.jar;C:\Users\salvatoresilvestri\.m2\repository\org\springframework\spring-beans\6.1.6\spring-beans-6.1.6.jar;C:\Users\salvatoresilvestri\.m2\repository\org\slf4j\slf4j-api\2.0.13\slf4j-api-2.0.13.jar;C:\Users\salvatoresilvestri\.m2\repository\org\springframework\spring-aspects\6.1.6\spring-aspects-6.1.6.jar;C:\Users\salvatoresilvestri\.m2\repository\org\springframework\boot\spring-boot-starter-data-rest\3.2.5\spring-boot-starter-data-rest-3.2.5.jar;C:\Users\salvatoresilvestri\.m2\repository\org\springframework\data\spring-data-rest-webmvc\4.2.5\spring-data-rest-webmvc-4.2.5.jar;C:\Users\salvatoresilvestri\.m2\repository\org\springframework\data\spring-data-rest-core\4.2.5\spring-data-rest-core-4.2.5.jar;C:\Users\salvatoresilvestri\.m2\repository\org\springframework\hateoas\spring-hateoas\2.2.2\spring-hateoas-2.2.2.jar;C:\Users\salvatoresilvestri\.m2\repository\org\springframework\plugin\spring-plugin-core\3.0.0\spring-plugin-core-3.0.0.jar;C:\Users\salvatoresilvestri\.m2\repository\org\atteo\evo-inflector\1.3\evo-inflector-1.3.jar;C:\Users\salvatoresilvestri\.m2\repository\com\fasterxml\jackson\core\jackson-databind\2.15.4\jackson-databind-2.15.4.jar;C:\Users\salvatoresilvestri\.m2\repository\com\fasterxml\jackson\core\jackson-core\2.15.4\jackson-core-2.15.4.jar;C:\Users\salvatoresilvestri\.m2\repository\com\fasterxml\jackson\core\jackson-annotations\2.15.4\jackson-annotations-2.15.4.jar;C:\Users\salvatoresilvestri\.m2\repository\org\springframework\boot\spring-boot-starter-security\3.2.5\spring-boot-starter-security-3.2.5.jar;C:\Users\salvatoresilvestri\.m2\repository\org\springframework\boot\spring-boot-starter\3.2.5\spring-boot-starter-3.2.5.jar;C:\Users\salvatoresilvestri\.m2\repository\org\springframework\boot\spring-boot\3.2.5\spring-boot-3.2.5.jar;C:\Users\salvatoresilvestri\.m2\repository\org\springframework\boot\spring-boot-autoconfigure\3.2.5\spring-boot-autoconfigure-3.2.5.jar;C:\Users\salvatoresilvestri\.m2\repository\org\springframework\boot\spring-boot-starter-logging\3.2.5\spring-boot-starter-logging-3.2.5.jar;C:\Users\salvatoresilvestri\.m2\repository\ch\qos\logback\logback-classic\1.4.14\logback-classic-1.4.14.jar;C:\Users\salvatoresilvestri\.m2\repository\ch\qos\logback\logback-core\1.4.14\logback-core-1.4.14.jar;C:\Users\salvatoresilvestri\.m2\repository\org\apache\logging\log4j\log4j-to-slf4j\2.21.1\log4j-to-slf4j-2.21.1.jar;C:\Users\salvatoresilvestri\.m2\repository\org\apache\logging\log4j\log4j-api\2.21.1\log4j-api-2.21.1.jar;C:\Users\salvatoresilvestri\.m2\repository\org\slf4j\jul-to-slf4j\2.0.13\jul-to-slf4j-2.0.13.jar;C:\Users\salvatoresilvestri\.m2\repository\org\yaml\snakeyaml\2.2\snakeyaml-2.2.jar;C:\Users\salvatoresilvestri\.m2\repository\org\springframework\spring-aop\6.1.6\spring-aop-6.1.6.jar;C:\Users\salvatoresilvestri\.m2\repository\org\springframework\security\spring-security-config\6.2.4\spring-security-config-6.2.4.jar;C:\Users\salvatoresilvestri\.m2\repository\org\springframework\security\spring-security-web\6.2.4\spring-security-web-6.2.4.jar;C:\Users\salvatoresilvestri\.m2\repository\org\springframework\spring-expression\6.1.6\spring-expression-6.1.6.jar;C:\Users\salvatoresilvestri\.m2\repository\org\springframework\boot\spring-boot-starter-validation\3.2.5\spring-boot-starter-validation-3.2.5.jar;C:\Users\salvatoresilvestri\.m2\repository\org\apache\tomcat\embed\tomcat-embed-el\10.1.20\tomcat-embed-el-10.1.20.jar;C:\Users\salvatoresilvestri\.m2\repository\org\hibernate\validator\hibernate-validator\8.0.1.Final\hibernate-validator-8.0.1.Final.jar;C:\Users\salvatoresilvestri\.m2\repository\jakarta\validation\jakarta.validation-api\3.0.2\jakarta.validation-api-3.0.2.jar;C:\Users\salvatoresilvestri\.m2\repository\org\springframework\boot\spring-boot-starter-web\3.2.5\spring-boot-starter-web-3.2.5.jar;C:\Users\salvatoresilvestri\.m2\repository\org\springframework\boot\spring-boot-starter-json\3.2.5\spring-boot-starter-json-3.2.5.jar;C:\Users\salvatoresilvestri\.m2\repository\com\fasterxml\jackson\datatype\jackson-datatype-jdk8\2.15.4\jackson-datatype-jdk8-2.15.4.jar;C:\Users\salvatoresilvestri\.m2\repository\com\fasterxml\jackson\datatype\jackson-datatype-jsr310\2.15.4\jackson-datatype-jsr310-2.15.4.jar;C:\Users\salvatoresilvestri\.m2\repository\com\fasterxml\jackson\module\jackson-module-parameter-names\2.15.4\jackson-module-parameter-names-2.15.4.jar;C:\Users\salvatoresilvestri\.m2\repository\org\springframework\spring-web\6.1.6\spring-web-6.1.6.jar;C:\Users\salvatoresilvestri\.m2\repository\io\micrometer\micrometer-observation\1.12.5\micrometer-observation-1.12.5.jar;C:\Users\salvatoresilvestri\.m2\repository\io\micrometer\micrometer-commons\1.12.5\micrometer-commons-1.12.5.jar;C:\Users\salvatoresilvestri\.m2\repository\org\springframework\spring-webmvc\6.1.6\spring-webmvc-6.1.6.jar;C:\Users\salvatoresilvestri\.m2\repository\com\mysql\mysql-connector-j\8.3.0\mysql-connector-j-8.3.0.jar;C:\Users\salvatoresilvestri\.m2\repository\org\projectlombok\lombok\1.18.32\lombok-1.18.32.jar;C:\Users\salvatoresilvestri\.m2\repository\org\springframework\boot\spring-boot-starter-tomcat\3.2.5\spring-boot-starter-tomcat-3.2.5.jar;C:\Users\salvatoresilvestri\.m2\repository\jakarta\annotation\jakarta.annotation-api\2.1.1\jakarta.annotation-api-2.1.1.jar;C:\Users\salvatoresilvestri\.m2\repository\org\apache\tomcat\embed\tomcat-embed-core\10.1.20\tomcat-embed-core-10.1.20.jar;C:\Users\salvatoresilvestri\.m2\repository\org\apache\tomcat\embed\tomcat-embed-websocket\10.1.20\tomcat-embed-websocket-10.1.20.jar;C:\Users\salvatoresilvestri\.m2\repository\org\springframework\boot\spring-boot-starter-test\3.2.5\spring-boot-starter-test-3.2.5.jar;C:\Users\salvatoresilvestri\.m2\repository\org\springframework\boot\spring-boot-test\3.2.5\spring-boot-test-3.2.5.jar;C:\Users\salvatoresilvestri\.m2\repository\org\springframework\boot\spring-boot-test-autoconfigure\3.2.5\spring-boot-test-autoconfigure-3.2.5.jar;C:\Users\salvatoresilvestri\.m2\repository\com\jayway\jsonpath\json-path\2.9.0\json-path-2.9.0.jar;C:\Users\salvatoresilvestri\.m2\repository\jakarta\xml\bind\jakarta.xml.bind-api\4.0.2\jakarta.xml.bind-api-4.0.2.jar;C:\Users\salvatoresilvestri\.m2\repository\jakarta\activation\jakarta.activation-api\2.1.3\jakarta.activation-api-2.1.3.jar;C:\Users\salvatoresilvestri\.m2\repository\net\minidev\json-smart\2.5.1\json-smart-2.5.1.jar;C:\Users\salvatoresilvestri\.m2\repository\net\minidev\accessors-smart\2.5.1\accessors-smart-2.5.1.jar;C:\Users\salvatoresilvestri\.m2\repository\org\ow2\asm\asm\9.6\asm-9.6.jar;C:\Users\salvatoresilvestri\.m2\repository\org\assertj\assertj-core\3.24.2\assertj-core-3.24.2.jar;C:\Users\salvatoresilvestri\.m2\repository\org\awaitility\awaitility\4.2.1\awaitility-4.2.1.jar;C:\Users\salvatoresilvestri\.m2\repository\org\hamcrest\hamcrest\2.2\hamcrest-2.2.jar;C:\Users\salvatoresilvestri\.m2\repository\org\junit\jupiter\junit-jupiter\5.10.2\junit-jupiter-5.10.2.jar;C:\Users\salvatoresilvestri\.m2\repository\org\junit\jupiter\junit-jupiter-api\5.10.2\junit-jupiter-api-5.10.2.jar;C:\Users\salvatoresilvestri\.m2\repository\org\opentest4j\opentest4j\1.3.0\opentest4j-1.3.0.jar;C:\Users\salvatoresilvestri\.m2\repository\org\junit\platform\junit-platform-commons\1.10.2\junit-platform-commons-1.10.2.jar;C:\Users\salvatoresilvestri\.m2\repository\org\apiguardian\apiguardian-api\1.1.2\apiguardian-api-1.1.2.jar;C:\Users\salvatoresilvestri\.m2\repository\org\junit\jupiter\junit-jupiter-params\5.10.2\junit-jupiter-params-5.10.2.jar;C:\Users\salvatoresilvestri\.m2\repository\org\junit\jupiter\junit-jupiter-engine\5.10.2\junit-jupiter-engine-5.10.2.jar;C:\Users\salvatoresilvestri\.m2\repository\org\junit\platform\junit-platform-engine\1.10.2\junit-platform-engine-1.10.2.jar;C:\Users\salvatoresilvestri\.m2\repository\org\mockito\mockito-core\5.7.0\mockito-core-5.7.0.jar;C:\Users\salvatoresilvestri\.m2\repository\net\bytebuddy\byte-buddy-agent\1.14.13\byte-buddy-agent-1.14.13.jar;C:\Users\salvatoresilvestri\.m2\repository\org\objenesis\objenesis\3.3\objenesis-3.3.jar;C:\Users\salvatoresilvestri\.m2\repository\org\mockito\mockito-junit-jupiter\5.7.0\mockito-junit-jupiter-5.7.0.jar;C:\Users\salvatoresilvestri\.m2\repository\org\skyscreamer\jsonassert\1.5.1\jsonassert-1.5.1.jar;C:\Users\salvatoresilvestri\.m2\repository\com\vaadin\external\google\android-json\0.0.20131108.vaadin1\android-json-0.0.20131108.vaadin1.jar;C:\Users\salvatoresilvestri\.m2\repository\org\springframework\spring-core\6.1.6\spring-core-6.1.6.jar;C:\Users\salvatoresilvestri\.m2\repository\org\springframework\spring-jcl\6.1.6\spring-jcl-6.1.6.jar;C:\Users\salvatoresilvestri\.m2\repository\org\springframework\spring-test\6.1.6\spring-test-6.1.6.jar;C:\Users\salvatoresilvestri\.m2\repository\org\xmlunit\xmlunit-core\2.9.1\xmlunit-core-2.9.1.jar;C:\Users\salvatoresilvestri\.m2\repository\org\apache\commons\commons-dbcp2\2.9.0\commons-dbcp2-2.9.0.jar;C:\Users\salvatoresilvestri\.m2\repository\org\apache\commons\commons-pool2\2.12.0\commons-pool2-2.12.0.jar;C:\Users\salvatoresilvestri\.m2\repository\org\mapstruct\mapstruct\1.4.2.Final\mapstruct-1.4.2.Final.jar;C:\Users\salvatoresilvestri\.m2\repository\org\mapstruct\mapstruct-processor\1.4.2.Final\mapstruct-processor-1.4.2.Final.jar;C:\Users\salvatoresilvestri\.m2\repository\org\springframework\security\spring-security-test\6.0.4\spring-security-test-6.0.4.jar;C:\Users\salvatoresilvestri\.m2\repository\org\springframework\security\spring-security-core\6.2.4\spring-security-core-6.2.4.jar;C:\Users\salvatoresilvestri\.m2\repository\org\springframework\security\spring-security-crypto\6.2.4\spring-security-crypto-6.2.4.jar;"/>
    <property name="java.vm.vendor" value="Amazon.com Inc."/>
    <property name="sun.arch.data.model" value="64"/>
    <property name="user.variant" value=""/>
    <property name="java.vendor.url" value="https://aws.amazon.com/corretto/"/>
    <property name="user.timezone" value="Europe/Rome"/>
    <property name="org.jboss.logging.provider" value="slf4j"/>
    <property name="os.name" value="Windows 11"/>
    <property name="java.vm.specification.version" value="19"/>
    <property name="user.country" value="IT"/>
    <property name="sun.java.launcher" value="SUN_STANDARD"/>
    <property name="sun.boot.library.path" value="C:\Users\salvatoresilvestri\.jdks\corretto-19.0.2\bin"/>
    <property name="sun.java.command" value="C:\Users\salvatoresilvestri\AppData\Local\Temp\surefire13098792274704795373\surefirebooter-20240517151149472_3.jar C:\Users\salvatoresilvestri\AppData\Local\Temp\surefire13098792274704795373 2024-05-17T15-11-49_192-jvmRun1 surefire-20240517151149472_1tmp surefire_0-20240517151149472_2tmp"/>
    <property name="jdk.debug" value="release"/>
    <property name="surefire.test.class.path" value="C:\Sviluppo\workArea\clothlogix\target\test-classes;C:\Sviluppo\workArea\clothlogix\target\classes;C:\Users\salvatoresilvestri\.m2\repository\org\springframework\boot\spring-boot-starter-data-jpa\3.2.5\spring-boot-starter-data-jpa-3.2.5.jar;C:\Users\salvatoresilvestri\.m2\repository\org\springframework\boot\spring-boot-starter-aop\3.2.5\spring-boot-starter-aop-3.2.5.jar;C:\Users\salvatoresilvestri\.m2\repository\org\aspectj\aspectjweaver\1.9.22\aspectjweaver-1.9.22.jar;C:\Users\salvatoresilvestri\.m2\repository\org\springframework\boot\spring-boot-starter-jdbc\3.2.5\spring-boot-starter-jdbc-3.2.5.jar;C:\Users\salvatoresilvestri\.m2\repository\com\zaxxer\HikariCP\5.0.1\HikariCP-5.0.1.jar;C:\Users\salvatoresilvestri\.m2\repository\org\springframework\spring-jdbc\6.1.6\spring-jdbc-6.1.6.jar;C:\Users\salvatoresilvestri\.m2\repository\org\hibernate\orm\hibernate-core\6.4.4.Final\hibernate-core-6.4.4.Final.jar;C:\Users\salvatoresilvestri\.m2\repository\jakarta\persistence\jakarta.persistence-api\3.1.0\jakarta.persistence-api-3.1.0.jar;C:\Users\salvatoresilvestri\.m2\repository\jakarta\transaction\jakarta.transaction-api\2.0.1\jakarta.transaction-api-2.0.1.jar;C:\Users\salvatoresilvestri\.m2\repository\org\jboss\logging\jboss-logging\3.5.3.Final\jboss-logging-3.5.3.Final.jar;C:\Users\salvatoresilvestri\.m2\repository\org\hibernate\common\hibernate-commons-annotations\6.0.6.Final\hibernate-commons-annotations-6.0.6.Final.jar;C:\Users\salvatoresilvestri\.m2\repository\io\smallrye\jandex\3.1.2\jandex-3.1.2.jar;C:\Users\salvatoresilvestri\.m2\repository\com\fasterxml\classmate\1.6.0\classmate-1.6.0.jar;C:\Users\salvatoresilvestri\.m2\repository\net\bytebuddy\byte-buddy\1.14.13\byte-buddy-1.14.13.jar;C:\Users\salvatoresilvestri\.m2\repository\org\glassfish\jaxb\jaxb-runtime\4.0.5\jaxb-runtime-4.0.5.jar;C:\Users\salvatoresilvestri\.m2\repository\org\glassfish\jaxb\jaxb-core\4.0.5\jaxb-core-4.0.5.jar;C:\Users\salvatoresilvestri\.m2\repository\org\eclipse\angus\angus-activation\2.0.2\angus-activation-2.0.2.jar;C:\Users\salvatoresilvestri\.m2\repository\org\glassfish\jaxb\txw2\4.0.5\txw2-4.0.5.jar;C:\Users\salvatoresilvestri\.m2\repository\com\sun\istack\istack-commons-runtime\4.1.2\istack-commons-runtime-4.1.2.jar;C:\Users\salvatoresilvestri\.m2\repository\jakarta\inject\jakarta.inject-api\2.0.1\jakarta.inject-api-2.0.1.jar;C:\Users\salvatoresilvestri\.m2\repository\org\antlr\antlr4-runtime\4.13.0\antlr4-runtime-4.13.0.jar;C:\Users\salvatoresilvestri\.m2\repository\org\springframework\data\spring-data-jpa\3.2.5\spring-data-jpa-3.2.5.jar;C:\Users\salvatoresilvestri\.m2\repository\org\springframework\data\spring-data-commons\3.2.5\spring-data-commons-3.2.5.jar;C:\Users\salvatoresilvestri\.m2\repository\org\springframework\spring-orm\6.1.6\spring-orm-6.1.6.jar;C:\Users\salvatoresilvestri\.m2\repository\org\springframework\spring-context\6.1.6\spring-context-6.1.6.jar;C:\Users\salvatoresilvestri\.m2\repository\org\springframework\spring-tx\6.1.6\spring-tx-6.1.6.jar;C:\Users\salvatoresilvestri\.m2\repository\org\springframework\spring-beans\6.1.6\spring-beans-6.1.6.jar;C:\Users\salvatoresilvestri\.m2\repository\org\slf4j\slf4j-api\2.0.13\slf4j-api-2.0.13.jar;C:\Users\salvatoresilvestri\.m2\repository\org\springframework\spring-aspects\6.1.6\spring-aspects-6.1.6.jar;C:\Users\salvatoresilvestri\.m2\repository\org\springframework\boot\spring-boot-starter-data-rest\3.2.5\spring-boot-starter-data-rest-3.2.5.jar;C:\Users\salvatoresilvestri\.m2\repository\org\springframework\data\spring-data-rest-webmvc\4.2.5\spring-data-rest-webmvc-4.2.5.jar;C:\Users\salvatoresilvestri\.m2\repository\org\springframework\data\spring-data-rest-core\4.2.5\spring-data-rest-core-4.2.5.jar;C:\Users\salvatoresilvestri\.m2\repository\org\springframework\hateoas\spring-hateoas\2.2.2\spring-hateoas-2.2.2.jar;C:\Users\salvatoresilvestri\.m2\repository\org\springframework\plugin\spring-plugin-core\3.0.0\spring-plugin-core-3.0.0.jar;C:\Users\salvatoresilvestri\.m2\repository\org\atteo\evo-inflector\1.3\evo-inflector-1.3.jar;C:\Users\salvatoresilvestri\.m2\repository\com\fasterxml\jackson\core\jackson-databind\2.15.4\jackson-databind-2.15.4.jar;C:\Users\salvatoresilvestri\.m2\repository\com\fasterxml\jackson\core\jackson-core\2.15.4\jackson-core-2.15.4.jar;C:\Users\salvatoresilvestri\.m2\repository\com\fasterxml\jackson\core\jackson-annotations\2.15.4\jackson-annotations-2.15.4.jar;C:\Users\salvatoresilvestri\.m2\repository\org\springframework\boot\spring-boot-starter-security\3.2.5\spring-boot-starter-security-3.2.5.jar;C:\Users\salvatoresilvestri\.m2\repository\org\springframework\boot\spring-boot-starter\3.2.5\spring-boot-starter-3.2.5.jar;C:\Users\salvatoresilvestri\.m2\repository\org\springframework\boot\spring-boot\3.2.5\spring-boot-3.2.5.jar;C:\Users\salvatoresilvestri\.m2\repository\org\springframework\boot\spring-boot-autoconfigure\3.2.5\spring-boot-autoconfigure-3.2.5.jar;C:\Users\salvatoresilvestri\.m2\repository\org\springframework\boot\spring-boot-starter-logging\3.2.5\spring-boot-starter-logging-3.2.5.jar;C:\Users\salvatoresilvestri\.m2\repository\ch\qos\logback\logback-classic\1.4.14\logback-classic-1.4.14.jar;C:\Users\salvatoresilvestri\.m2\repository\ch\qos\logback\logback-core\1.4.14\logback-core-1.4.14.jar;C:\Users\salvatoresilvestri\.m2\repository\org\apache\logging\log4j\log4j-to-slf4j\2.21.1\log4j-to-slf4j-2.21.1.jar;C:\Users\salvatoresilvestri\.m2\repository\org\apache\logging\log4j\log4j-api\2.21.1\log4j-api-2.21.1.jar;C:\Users\salvatoresilvestri\.m2\repository\org\slf4j\jul-to-slf4j\2.0.13\jul-to-slf4j-2.0.13.jar;C:\Users\salvatoresilvestri\.m2\repository\org\yaml\snakeyaml\2.2\snakeyaml-2.2.jar;C:\Users\salvatoresilvestri\.m2\repository\org\springframework\spring-aop\6.1.6\spring-aop-6.1.6.jar;C:\Users\salvatoresilvestri\.m2\repository\org\springframework\security\spring-security-config\6.2.4\spring-security-config-6.2.4.jar;C:\Users\salvatoresilvestri\.m2\repository\org\springframework\security\spring-security-web\6.2.4\spring-security-web-6.2.4.jar;C:\Users\salvatoresilvestri\.m2\repository\org\springframework\spring-expression\6.1.6\spring-expression-6.1.6.jar;C:\Users\salvatoresilvestri\.m2\repository\org\springframework\boot\spring-boot-starter-validation\3.2.5\spring-boot-starter-validation-3.2.5.jar;C:\Users\salvatoresilvestri\.m2\repository\org\apache\tomcat\embed\tomcat-embed-el\10.1.20\tomcat-embed-el-10.1.20.jar;C:\Users\salvatoresilvestri\.m2\repository\org\hibernate\validator\hibernate-validator\8.0.1.Final\hibernate-validator-8.0.1.Final.jar;C:\Users\salvatoresilvestri\.m2\repository\jakarta\validation\jakarta.validation-api\3.0.2\jakarta.validation-api-3.0.2.jar;C:\Users\salvatoresilvestri\.m2\repository\org\springframework\boot\spring-boot-starter-web\3.2.5\spring-boot-starter-web-3.2.5.jar;C:\Users\salvatoresilvestri\.m2\repository\org\springframework\boot\spring-boot-starter-json\3.2.5\spring-boot-starter-json-3.2.5.jar;C:\Users\salvatoresilvestri\.m2\repository\com\fasterxml\jackson\datatype\jackson-datatype-jdk8\2.15.4\jackson-datatype-jdk8-2.15.4.jar;C:\Users\salvatoresilvestri\.m2\repository\com\fasterxml\jackson\datatype\jackson-datatype-jsr310\2.15.4\jackson-datatype-jsr310-2.15.4.jar;C:\Users\salvatoresilvestri\.m2\repository\com\fasterxml\jackson\module\jackson-module-parameter-names\2.15.4\jackson-module-parameter-names-2.15.4.jar;C:\Users\salvatoresilvestri\.m2\repository\org\springframework\spring-web\6.1.6\spring-web-6.1.6.jar;C:\Users\salvatoresilvestri\.m2\repository\io\micrometer\micrometer-observation\1.12.5\micrometer-observation-1.12.5.jar;C:\Users\salvatoresilvestri\.m2\repository\io\micrometer\micrometer-commons\1.12.5\micrometer-commons-1.12.5.jar;C:\Users\salvatoresilvestri\.m2\repository\org\springframework\spring-webmvc\6.1.6\spring-webmvc-6.1.6.jar;C:\Users\salvatoresilvestri\.m2\repository\com\mysql\mysql-connector-j\8.3.0\mysql-connector-j-8.3.0.jar;C:\Users\salvatoresilvestri\.m2\repository\org\projectlombok\lombok\1.18.32\lombok-1.18.32.jar;C:\Users\salvatoresilvestri\.m2\repository\org\springframework\boot\spring-boot-starter-tomcat\3.2.5\spring-boot-starter-tomcat-3.2.5.jar;C:\Users\salvatoresilvestri\.m2\repository\jakarta\annotation\jakarta.annotation-api\2.1.1\jakarta.annotation-api-2.1.1.jar;C:\Users\salvatoresilvestri\.m2\repository\org\apache\tomcat\embed\tomcat-embed-core\10.1.20\tomcat-embed-core-10.1.20.jar;C:\Users\salvatoresilvestri\.m2\repository\org\apache\tomcat\embed\tomcat-embed-websocket\10.1.20\tomcat-embed-websocket-10.1.20.jar;C:\Users\salvatoresilvestri\.m2\repository\org\springframework\boot\spring-boot-starter-test\3.2.5\spring-boot-starter-test-3.2.5.jar;C:\Users\salvatoresilvestri\.m2\repository\org\springframework\boot\spring-boot-test\3.2.5\spring-boot-test-3.2.5.jar;C:\Users\salvatoresilvestri\.m2\repository\org\springframework\boot\spring-boot-test-autoconfigure\3.2.5\spring-boot-test-autoconfigure-3.2.5.jar;C:\Users\salvatoresilvestri\.m2\repository\com\jayway\jsonpath\json-path\2.9.0\json-path-2.9.0.jar;C:\Users\salvatoresilvestri\.m2\repository\jakarta\xml\bind\jakarta.xml.bind-api\4.0.2\jakarta.xml.bind-api-4.0.2.jar;C:\Users\salvatoresilvestri\.m2\repository\jakarta\activation\jakarta.activation-api\2.1.3\jakarta.activation-api-2.1.3.jar;C:\Users\salvatoresilvestri\.m2\repository\net\minidev\json-smart\2.5.1\json-smart-2.5.1.jar;C:\Users\salvatoresilvestri\.m2\repository\net\minidev\accessors-smart\2.5.1\accessors-smart-2.5.1.jar;C:\Users\salvatoresilvestri\.m2\repository\org\ow2\asm\asm\9.6\asm-9.6.jar;C:\Users\salvatoresilvestri\.m2\repository\org\assertj\assertj-core\3.24.2\assertj-core-3.24.2.jar;C:\Users\salvatoresilvestri\.m2\repository\org\awaitility\awaitility\4.2.1\awaitility-4.2.1.jar;C:\Users\salvatoresilvestri\.m2\repository\org\hamcrest\hamcrest\2.2\hamcrest-2.2.jar;C:\Users\salvatoresilvestri\.m2\repository\org\junit\jupiter\junit-jupiter\5.10.2\junit-jupiter-5.10.2.jar;C:\Users\salvatoresilvestri\.m2\repository\org\junit\jupiter\junit-jupiter-api\5.10.2\junit-jupiter-api-5.10.2.jar;C:\Users\salvatoresilvestri\.m2\repository\org\opentest4j\opentest4j\1.3.0\opentest4j-1.3.0.jar;C:\Users\salvatoresilvestri\.m2\repository\org\junit\platform\junit-platform-commons\1.10.2\junit-platform-commons-1.10.2.jar;C:\Users\salvatoresilvestri\.m2\repository\org\apiguardian\apiguardian-api\1.1.2\apiguardian-api-1.1.2.jar;C:\Users\salvatoresilvestri\.m2\repository\org\junit\jupiter\junit-jupiter-params\5.10.2\junit-jupiter-params-5.10.2.jar;C:\Users\salvatoresilvestri\.m2\repository\org\junit\jupiter\junit-jupiter-engine\5.10.2\junit-jupiter-engine-5.10.2.jar;C:\Users\salvatoresilvestri\.m2\repository\org\junit\platform\junit-platform-engine\1.10.2\junit-platform-engine-1.10.2.jar;C:\Users\salvatoresilvestri\.m2\repository\org\mockito\mockito-core\5.7.0\mockito-core-5.7.0.jar;C:\Users\salvatoresilvestri\.m2\repository\net\bytebuddy\byte-buddy-agent\1.14.13\byte-buddy-agent-1.14.13.jar;C:\Users\salvatoresilvestri\.m2\repository\org\objenesis\objenesis\3.3\objenesis-3.3.jar;C:\Users\salvatoresilvestri\.m2\repository\org\mockito\mockito-junit-jupiter\5.7.0\mockito-junit-jupiter-5.7.0.jar;C:\Users\salvatoresilvestri\.m2\repository\org\skyscreamer\jsonassert\1.5.1\jsonassert-1.5.1.jar;C:\Users\salvatoresilvestri\.m2\repository\com\vaadin\external\google\android-json\0.0.20131108.vaadin1\android-json-0.0.20131108.vaadin1.jar;C:\Users\salvatoresilvestri\.m2\repository\org\springframework\spring-core\6.1.6\spring-core-6.1.6.jar;C:\Users\salvatoresilvestri\.m2\repository\org\springframework\spring-jcl\6.1.6\spring-jcl-6.1.6.jar;C:\Users\salvatoresilvestri\.m2\repository\org\springframework\spring-test\6.1.6\spring-test-6.1.6.jar;C:\Users\salvatoresilvestri\.m2\repository\org\xmlunit\xmlunit-core\2.9.1\xmlunit-core-2.9.1.jar;C:\Users\salvatoresilvestri\.m2\repository\org\apache\commons\commons-dbcp2\2.9.0\commons-dbcp2-2.9.0.jar;C:\Users\salvatoresilvestri\.m2\repository\org\apache\commons\commons-pool2\2.12.0\commons-pool2-2.12.0.jar;C:\Users\salvatoresilvestri\.m2\repository\org\mapstruct\mapstruct\1.4.2.Final\mapstruct-1.4.2.Final.jar;C:\Users\salvatoresilvestri\.m2\repository\org\mapstruct\mapstruct-processor\1.4.2.Final\mapstruct-processor-1.4.2.Final.jar;C:\Users\salvatoresilvestri\.m2\repository\org\springframework\security\spring-security-test\6.0.4\spring-security-test-6.0.4.jar;C:\Users\salvatoresilvestri\.m2\repository\org\springframework\security\spring-security-core\6.2.4\spring-security-core-6.2.4.jar;C:\Users\salvatoresilvestri\.m2\repository\org\springframework\security\spring-security-crypto\6.2.4\spring-security-crypto-6.2.4.jar;"/>
    <property name="sun.cpu.endian" value="little"/>
    <property name="user.home" value="C:\Users\salvatoresilvestri"/>
    <property name="user.language" value="it"/>
    <property name="java.specification.vendor" value="Oracle Corporation"/>
    <property name="java.version.date" value="2023-01-17"/>
    <property name="java.home" value="C:\Users\salvatoresilvestri\.jdks\corretto-19.0.2"/>
    <property name="file.separator" value="\"/>
    <property name="basedir" value="C:\Sviluppo\workArea\clothlogix"/>
    <property name="java.vm.compressedOopsMode" value="Zero based"/>
    <property name="line.separator" value="&#10;"/>
    <property name="java.vm.specification.vendor" value="Oracle Corporation"/>
    <property name="java.specification.name" value="Java Platform API Specification"/>
    <property name="FILE_LOG_CHARSET" value="UTF-8"/>
    <property name="java.awt.headless" value="true"/>
    <property name="surefire.real.class.path" value="C:\Users\salvatoresilvestri\AppData\Local\Temp\surefire13098792274704795373\surefirebooter-20240517151149472_3.jar"/>
    <property name="user.script" value=""/>
    <property name="sun.management.compiler" value="HotSpot 64-Bit Tiered Compilers"/>
    <property name="java.runtime.version" value="19.0.2+7-FR"/>
    <property name="user.name" value="salvatoresilvestri"/>
    <property name="stdout.encoding" value="Cp1252"/>
    <property name="path.separator" value=";"/>
    <property name="os.version" value="10.0"/>
    <property name="java.runtime.name" value="OpenJDK Runtime Environment"/>
    <property name="file.encoding" value="UTF-8"/>
    <property name="java.vm.name" value="OpenJDK 64-Bit Server VM"/>
    <property name="java.vendor.version" value="Corretto-19.0.2.7.1"/>
    <property name="LOG_FILE" value="mylogfile.log"/>
    <property name="localRepository" value="C:\Users\salvatoresilvestri\.m2\repository"/>
    <property name="java.vendor.url.bug" value="https://github.com/corretto/corretto-19/issues/"/>
    <property name="java.io.tmpdir" value="C:\Users\SALVAT~1\AppData\Local\Temp\"/>
    <property name="idea.version" value="2024.1.1"/>
    <property name="java.version" value="19.0.2"/>
    <property name="user.dir" value="C:\Sviluppo\workArea\clothlogix"/>
    <property name="os.arch" value="amd64"/>
    <property name="java.vm.specification.name" value="Java Virtual Machine Specification"/>
    <property name="PID" value="4684"/>
    <property name="sun.os.patch.level" value=""/>
    <property name="CONSOLE_LOG_CHARSET" value="UTF-8"/>
    <property name="native.encoding" value="Cp1252"/>
    <property name="java.library.path" value="C:\Users\salvatoresilvestri\.jdks\corretto-19.0.2\bin;C:\windows\Sun\Java\bin;C:\windows\system32;C:\windows;C:\Program Files\Common Files\Oracle\Java\javapath;C:\Program Files (x86)\Common Files\Oracle\Java\javapath;C:\ProgramData\Oracle\Java\javapath;C:\windows\system32;C:\windows;C:\windows\System32\Wbem;C:\windows\System32\WindowsPowerShell\v1.0\;C:\windows\System32\OpenSSH\;C:\Program Files\PuTTY\;C:\Program Files\TortoiseSVN\bin;C:\Program Files\Git\cmd;C:\Program Files\MySQL\MySQL Shell 8.0\bin\;C:\Users\salvatoresilvestri\AppData\Local\Microsoft\WindowsApps;;."/>
    <property name="java.vm.info" value="mixed mode, sharing"/>
    <property name="stderr.encoding" value="Cp1252"/>
    <property name="java.vendor" value="Amazon.com Inc."/>
    <property name="java.vm.version" value="19.0.2+7-FR"/>
    <property name="sun.io.unicode.encoding" value="UnicodeLittle"/>
    <property name="java.class.version" value="63.0"/>
    <property name="LOGGED_APPLICATION_NAME" value="[clothlogix] "/>
  </properties>
  <testcase name="contextLoads" classname="com.fabless.clothlogix.ClothlogixApplicationTests" time="0.854">
    <system-out><![CDATA[15:11:50.658 [main] INFO org.springframework.test.context.support.AnnotationConfigContextLoaderUtils -- Could not detect default configuration classes for test class [com.fabless.clothlogix.ClothlogixApplicationTests]: ClothlogixApplicationTests does not declare any static, non-private, non-final, nested classes annotated with @Configuration.
15:11:50.772 [main] INFO org.springframework.boot.test.context.SpringBootTestContextBootstrapper -- Found @SpringBootConfiguration com.fabless.clothlogix.ClothlogixApplication for test class com.fabless.clothlogix.ClothlogixApplicationTests
2024-05-17T15:11:51.135+02:00 TRACE 4684 --- [clothlogix] [           main] o.s.c.io.support.SpringFactoriesLoader   : Loaded [org.springframework.boot.ApplicationContextFactory] names: [org.springframework.boot.web.reactive.context.ReactiveWebServerApplicationContextFactory, org.springframework.boot.web.servlet.context.ServletWebServerApplicationContextFactory]

  .   ____          _            __ _ _
 /\\ / ___'_ __ _ _(_)_ __  __ _ \ \ \ \
( ( )\___ | '_ | '_| | '_ \/ _` | \ \ \ \
 \\/  ___)| |_)| | | | | || (_| |  ) ) ) )
  '  |____| .__|_| |_|_| |_\__, | / / / /
 =========|_|==============|___/=/_/_/_/
 :: Spring Boot ::                (v3.2.5)

2024-05-17T15:11:51.165+02:00 DEBUG 4684 --- [clothlogix] [kground-preinit] org.jboss.logging                        : Logging Provider: org.jboss.logging.Slf4jLoggerProvider found via system property
2024-05-17T15:11:51.172+02:00 DEBUG 4684 --- [clothlogix] [kground-preinit] o.h.v.i.xml.config.ValidationXmlParser   : Trying to load META-INF/validation.xml for XML based Validator configuration.
2024-05-17T15:11:51.172+02:00 DEBUG 4684 --- [clothlogix] [kground-preinit] o.h.v.i.xml.config.ResourceLoaderHelper  : Trying to load META-INF/validation.xml via TCCL
2024-05-17T15:11:51.172+02:00 DEBUG 4684 --- [clothlogix] [kground-preinit] o.h.v.i.xml.config.ResourceLoaderHelper  : Trying to load META-INF/validation.xml via Hibernate Validator's class loader
2024-05-17T15:11:51.172+02:00 DEBUG 4684 --- [clothlogix] [kground-preinit] o.h.v.i.xml.config.ValidationXmlParser   : No META-INF/validation.xml found. Using annotation based configuration only.
2024-05-17T15:11:51.172+02:00 DEBUG 4684 --- [clothlogix] [kground-preinit] o.h.v.i.e.resolver.TraversableResolvers  : Found jakarta.persistence.Persistence on classpath containing 'getPersistenceUtil'. Assuming JPA 2 environment. Trying to instantiate JPA aware TraversableResolver
2024-05-17T15:11:51.182+02:00 DEBUG 4684 --- [clothlogix] [kground-preinit] o.h.v.i.e.resolver.TraversableResolvers  : Instantiated JPA aware TraversableResolver of type org.hibernate.validator.internal.engine.resolver.JPATraversableResolver.
2024-05-17T15:11:51.182+02:00  INFO 4684 --- [clothlogix] [           main] c.f.c.ClothlogixApplicationTests         : Starting ClothlogixApplicationTests using Java 19.0.2 with PID 4684 (started by salvatoresilvestri in C:\Sviluppo\workArea\clothlogix)
2024-05-17T15:11:51.184+02:00 DEBUG 4684 --- [clothlogix] [           main] c.f.c.ClothlogixApplicationTests         : Running with Spring Boot v3.2.5, Spring v6.1.6
2024-05-17T15:11:51.184+02:00  INFO 4684 --- [clothlogix] [           main] c.f.c.ClothlogixApplicationTests         : No active profile set, falling back to 1 default profile: "default"
2024-05-17T15:11:51.184+02:00 DEBUG 4684 --- [clothlogix] [           main] o.s.boot.SpringApplication               : Loading source class com.fabless.clothlogix.ClothlogixApplication
2024-05-17T15:11:51.198+02:00 TRACE 4684 --- [clothlogix] [           main] o.s.c.a.ClassPathBeanDefinitionScanner   : JSR-250 'jakarta.annotation.ManagedBean' found and supported for component scanning
2024-05-17T15:11:51.198+02:00 DEBUG 4684 --- [clothlogix] [kground-preinit] .h.v.m.ResourceBundleMessageInterpolator : Loaded expression factory via original TCCL
2024-05-17T15:11:51.202+02:00 TRACE 4684 --- [clothlogix] [           main] o.s.c.a.ClassPathBeanDefinitionScanner   : JSR-330 'jakarta.inject.Named' annotation found and supported for component scanning
2024-05-17T15:11:51.207+02:00 TRACE 4684 --- [clothlogix] [           main] uePropertySourceEnvironmentPostProcessor : RandomValuePropertySource add to Environment
2024-05-17T15:11:51.207+02:00 TRACE 4684 --- [clothlogix] [           main] b.c.c.ConfigDataEnvironmentPostProcessor : Post-processing environment to add config data
2024-05-17T15:11:51.212+02:00 TRACE 4684 --- [clothlogix] [           main] o.s.b.c.config.ConfigDataEnvironment     : Building config data environment contributors
2024-05-17T15:11:51.212+02:00 TRACE 4684 --- [clothlogix] [           main] o.s.b.c.config.ConfigDataEnvironment     : Creating wrapped config data contributor for 'Inlined Test Properties'
2024-05-17T15:11:51.212+02:00 TRACE 4684 --- [clothlogix] [           main] o.s.b.c.config.ConfigDataEnvironment     : Creating wrapped config data contributor for 'configurationProperties'
2024-05-17T15:11:51.212+02:00 TRACE 4684 --- [clothlogix] [           main] o.s.b.c.config.ConfigDataEnvironment     : Creating wrapped config data contributor for 'servletConfigInitParams'
2024-05-17T15:11:51.212+02:00 TRACE 4684 --- [clothlogix] [           main] o.s.b.c.config.ConfigDataEnvironment     : Creating wrapped config data contributor for 'servletContextInitParams'
2024-05-17T15:11:51.212+02:00 TRACE 4684 --- [clothlogix] [           main] o.s.b.c.config.ConfigDataEnvironment     : Creating wrapped config data contributor for 'systemProperties'
2024-05-17T15:11:51.212+02:00 TRACE 4684 --- [clothlogix] [           main] o.s.b.c.config.ConfigDataEnvironment     : Creating wrapped config data contributor for 'systemEnvironment'
2024-05-17T15:11:51.212+02:00 TRACE 4684 --- [clothlogix] [           main] o.s.b.c.config.ConfigDataEnvironment     : Creating wrapped config data contributor for 'random'
2024-05-17T15:11:51.212+02:00 TRACE 4684 --- [clothlogix] [           main] o.s.b.c.config.ConfigDataEnvironment     : Adding initial config data import from location 'optional:file:./;optional:file:./config/;optional:file:./config/*/'
2024-05-17T15:11:51.212+02:00 TRACE 4684 --- [clothlogix] [           main] o.s.b.c.config.ConfigDataEnvironment     : Adding initial config data import from location 'optional:classpath:/;optional:classpath:/config/'
2024-05-17T15:11:51.212+02:00 TRACE 4684 --- [clothlogix] [           main] o.s.b.c.config.ConfigDataEnvironment     : Processing initial config data environment contributors without activation context
2024-05-17T15:11:51.212+02:00 TRACE 4684 --- [clothlogix] [           main] .b.c.c.ConfigDataEnvironmentContributors : Processing imports for phase BEFORE_PROFILE_ACTIVATION. no activation context
2024-05-17T15:11:51.212+02:00 TRACE 4684 --- [clothlogix] [           main] .b.c.c.ConfigDataEnvironmentContributors : Processing imports [optional:file:./;optional:file:./config/;optional:file:./config/*/]
2024-05-17T15:11:51.212+02:00 TRACE 4684 --- [clothlogix] [           main] b.c.c.StandardConfigDataLocationResolver : Skipping missing resource file:./application.yaml
2024-05-17T15:11:51.212+02:00 TRACE 4684 --- [clothlogix] [           main] b.c.c.StandardConfigDataLocationResolver : Skipping missing resource file:./application.yml
2024-05-17T15:11:51.212+02:00 TRACE 4684 --- [clothlogix] [           main] b.c.c.StandardConfigDataLocationResolver : Skipping missing resource file:./application.xml
2024-05-17T15:11:51.214+02:00 TRACE 4684 --- [clothlogix] [           main] b.c.c.StandardConfigDataLocationResolver : Skipping missing resource file:./application.properties
2024-05-17T15:11:51.214+02:00 TRACE 4684 --- [clothlogix] [           main] b.c.c.StandardConfigDataLocationResolver : Skipping missing resource file:./config/application.yaml
2024-05-17T15:11:51.214+02:00 TRACE 4684 --- [clothlogix] [           main] b.c.c.StandardConfigDataLocationResolver : Skipping missing resource file:./config/application.yml
2024-05-17T15:11:51.214+02:00 TRACE 4684 --- [clothlogix] [           main] b.c.c.StandardConfigDataLocationResolver : Skipping missing resource file:./config/application.xml
2024-05-17T15:11:51.214+02:00 TRACE 4684 --- [clothlogix] [           main] b.c.c.StandardConfigDataLocationResolver : Skipping missing resource file:./config/application.properties
2024-05-17T15:11:51.214+02:00 TRACE 4684 --- [clothlogix] [           main] o.s.b.context.config.ConfigDataImporter  : Considering resource file [.] from location optional:file:./;optional:file:./config/;optional:file:./config/*/
2024-05-17T15:11:51.214+02:00 TRACE 4684 --- [clothlogix] [           main] o.s.b.context.config.ConfigDataLoaders   : Loading file [.] using loader org.springframework.boot.context.config.StandardConfigDataLoader
2024-05-17T15:11:51.214+02:00 TRACE 4684 --- [clothlogix] [           main] o.s.b.context.config.ConfigDataImporter  : Loaded resource file [.] from location optional:file:./;optional:file:./config/;optional:file:./config/*/
2024-05-17T15:11:51.214+02:00 TRACE 4684 --- [clothlogix] [           main] .b.c.c.ConfigDataEnvironmentContributors : Imported 1 resource [file [.]]
2024-05-17T15:11:51.214+02:00 TRACE 4684 --- [clothlogix] [           main] .b.c.c.ConfigDataEnvironmentContributors : Processing imports [optional:classpath:/;optional:classpath:/config/]
2024-05-17T15:11:51.214+02:00 TRACE 4684 --- [clothlogix] [           main] b.c.c.StandardConfigDataLocationResolver : Skipping missing resource classpath:/application.yaml
2024-05-17T15:11:51.214+02:00 TRACE 4684 --- [clothlogix] [           main] b.c.c.StandardConfigDataLocationResolver : Skipping missing resource classpath:/application.yml
2024-05-17T15:11:51.214+02:00 TRACE 4684 --- [clothlogix] [           main] b.c.c.StandardConfigDataLocationResolver : Skipping missing resource classpath:/application.xml
2024-05-17T15:11:51.214+02:00 TRACE 4684 --- [clothlogix] [           main] b.c.c.StandardConfigDataLocationResolver : Skipping missing resource classpath:/config/application.yaml
2024-05-17T15:11:51.214+02:00 TRACE 4684 --- [clothlogix] [           main] b.c.c.StandardConfigDataLocationResolver : Skipping missing resource classpath:/config/application.yml
2024-05-17T15:11:51.214+02:00 TRACE 4684 --- [clothlogix] [           main] b.c.c.StandardConfigDataLocationResolver : Skipping missing resource classpath:/config/application.xml
2024-05-17T15:11:51.214+02:00 TRACE 4684 --- [clothlogix] [           main] b.c.c.StandardConfigDataLocationResolver : Skipping missing resource classpath:/config/application.properties
2024-05-17T15:11:51.214+02:00 TRACE 4684 --- [clothlogix] [           main] o.s.b.context.config.ConfigDataImporter  : Considering resource class path resource [application.properties] from location optional:classpath:/;optional:classpath:/config/
2024-05-17T15:11:51.214+02:00 TRACE 4684 --- [clothlogix] [           main] o.s.b.context.config.ConfigDataLoaders   : Loading class path resource [application.properties] using loader org.springframework.boot.context.config.StandardConfigDataLoader
2024-05-17T15:11:51.214+02:00 TRACE 4684 --- [clothlogix] [           main] o.s.b.context.config.ConfigDataImporter  : Loaded resource class path resource [application.properties] from location optional:classpath:/;optional:classpath:/config/
2024-05-17T15:11:51.214+02:00 TRACE 4684 --- [clothlogix] [           main] .b.c.c.ConfigDataEnvironmentContributors : Imported 1 resource [class path resource [application.properties]]
2024-05-17T15:11:51.214+02:00 TRACE 4684 --- [clothlogix] [           main] .b.c.c.ConfigDataEnvironmentContributors : Processed imports for of 2 contributors
2024-05-17T15:11:51.214+02:00 TRACE 4684 --- [clothlogix] [           main] o.s.b.c.config.ConfigDataEnvironment     : Creating config data activation context from initial contributions
2024-05-17T15:11:51.214+02:00 TRACE 4684 --- [clothlogix] [           main] o.s.b.c.config.ConfigDataEnvironment     : Processing config data environment contributors with initial activation context
2024-05-17T15:11:51.219+02:00 TRACE 4684 --- [clothlogix] [           main] .b.c.c.ConfigDataEnvironmentContributors : Processing imports for phase BEFORE_PROFILE_ACTIVATION. [ConfigDataActivationContext@55f45b92 cloudPlatform = [null], profiles = [null]]
2024-05-17T15:11:51.219+02:00 TRACE 4684 --- [clothlogix] [           main] .b.c.c.ConfigDataEnvironmentContributors : Processed imports for of 0 contributors
2024-05-17T15:11:51.219+02:00 TRACE 4684 --- [clothlogix] [           main] o.s.b.c.config.ConfigDataEnvironment     : Deducing profiles from current config data environment contributors
2024-05-17T15:11:51.219+02:00 TRACE 4684 --- [clothlogix] [           main] o.s.b.c.config.ConfigDataEnvironment     : Processing config data environment contributors with profile activation context
2024-05-17T15:11:51.219+02:00 TRACE 4684 --- [clothlogix] [           main] .b.c.c.ConfigDataEnvironmentContributors : Processing imports for phase AFTER_PROFILE_ACTIVATION. [ConfigDataActivationContext@109f5dd8 cloudPlatform = [null], profiles = [Profiles@67fe380b active = '[]', default = '[default]', accepted = '[default]']]
2024-05-17T15:11:51.219+02:00 TRACE 4684 --- [clothlogix] [           main] .b.c.c.ConfigDataEnvironmentContributors : Processing imports [optional:file:./;optional:file:./config/;optional:file:./config/*/]
2024-05-17T15:11:51.219+02:00 TRACE 4684 --- [clothlogix] [           main] b.c.c.StandardConfigDataLocationResolver : Skipping missing resource file:./application.yaml
2024-05-17T15:11:51.219+02:00 TRACE 4684 --- [clothlogix] [           main] b.c.c.StandardConfigDataLocationResolver : Skipping missing resource file:./application.yml
2024-05-17T15:11:51.219+02:00 TRACE 4684 --- [clothlogix] [           main] b.c.c.StandardConfigDataLocationResolver : Skipping missing resource file:./application.xml
2024-05-17T15:11:51.219+02:00 TRACE 4684 --- [clothlogix] [           main] b.c.c.StandardConfigDataLocationResolver : Skipping missing resource file:./application.properties
2024-05-17T15:11:51.219+02:00 TRACE 4684 --- [clothlogix] [           main] b.c.c.StandardConfigDataLocationResolver : Skipping missing resource file:./config/application.yaml
2024-05-17T15:11:51.219+02:00 TRACE 4684 --- [clothlogix] [           main] b.c.c.StandardConfigDataLocationResolver : Skipping missing resource file:./config/application.yml
2024-05-17T15:11:51.219+02:00 TRACE 4684 --- [clothlogix] [           main] b.c.c.StandardConfigDataLocationResolver : Skipping missing resource file:./config/application.xml
2024-05-17T15:11:51.219+02:00 TRACE 4684 --- [clothlogix] [           main] b.c.c.StandardConfigDataLocationResolver : Skipping missing resource file:./config/application.properties
2024-05-17T15:11:51.219+02:00 TRACE 4684 --- [clothlogix] [           main] b.c.c.StandardConfigDataLocationResolver : Skipping missing resource file:./application-default.yaml
2024-05-17T15:11:51.219+02:00 TRACE 4684 --- [clothlogix] [           main] b.c.c.StandardConfigDataLocationResolver : Skipping missing resource file:./application-default.yml
2024-05-17T15:11:51.219+02:00 TRACE 4684 --- [clothlogix] [           main] b.c.c.StandardConfigDataLocationResolver : Skipping missing resource file:./application-default.xml
2024-05-17T15:11:51.219+02:00 TRACE 4684 --- [clothlogix] [           main] b.c.c.StandardConfigDataLocationResolver : Skipping missing resource file:./application-default.properties
2024-05-17T15:11:51.219+02:00 TRACE 4684 --- [clothlogix] [           main] b.c.c.StandardConfigDataLocationResolver : Skipping missing resource file:./config/application-default.yaml
2024-05-17T15:11:51.219+02:00 TRACE 4684 --- [clothlogix] [           main] b.c.c.StandardConfigDataLocationResolver : Skipping missing resource file:./config/application-default.yml
2024-05-17T15:11:51.219+02:00 TRACE 4684 --- [clothlogix] [           main] b.c.c.StandardConfigDataLocationResolver : Skipping missing resource file:./config/application-default.xml
2024-05-17T15:11:51.219+02:00 TRACE 4684 --- [clothlogix] [           main] b.c.c.StandardConfigDataLocationResolver : Skipping missing resource file:./config/application-default.properties
2024-05-17T15:11:51.219+02:00 TRACE 4684 --- [clothlogix] [           main] o.s.b.context.config.ConfigDataImporter  : Considering resource file [.] from location optional:file:./;optional:file:./config/;optional:file:./config/*/
2024-05-17T15:11:51.219+02:00 TRACE 4684 --- [clothlogix] [           main] o.s.b.context.config.ConfigDataImporter  : Already loaded resource file [.] ignoring location optional:file:./;optional:file:./config/;optional:file:./config/*/
2024-05-17T15:11:51.219+02:00 TRACE 4684 --- [clothlogix] [           main] o.s.b.context.config.ConfigDataImporter  : Considering resource file [.] from location optional:file:./;optional:file:./config/;optional:file:./config/*/
2024-05-17T15:11:51.219+02:00 TRACE 4684 --- [clothlogix] [           main] o.s.b.context.config.ConfigDataImporter  : Already loaded resource file [.] ignoring location optional:file:./;optional:file:./config/;optional:file:./config/*/
2024-05-17T15:11:51.222+02:00 TRACE 4684 --- [clothlogix] [           main] .b.c.c.ConfigDataEnvironmentContributors : Nothing imported
2024-05-17T15:11:51.222+02:00 TRACE 4684 --- [clothlogix] [           main] .b.c.c.ConfigDataEnvironmentContributors : Processing imports [optional:classpath:/;optional:classpath:/config/]
2024-05-17T15:11:51.222+02:00 TRACE 4684 --- [clothlogix] [           main] b.c.c.StandardConfigDataLocationResolver : Skipping missing resource classpath:/application.yaml
2024-05-17T15:11:51.222+02:00 TRACE 4684 --- [clothlogix] [           main] b.c.c.StandardConfigDataLocationResolver : Skipping missing resource classpath:/application.yml
2024-05-17T15:11:51.222+02:00 TRACE 4684 --- [clothlogix] [           main] b.c.c.StandardConfigDataLocationResolver : Skipping missing resource classpath:/application.xml
2024-05-17T15:11:51.222+02:00 TRACE 4684 --- [clothlogix] [           main] b.c.c.StandardConfigDataLocationResolver : Skipping missing resource classpath:/config/application.yaml
2024-05-17T15:11:51.222+02:00 TRACE 4684 --- [clothlogix] [           main] b.c.c.StandardConfigDataLocationResolver : Skipping missing resource classpath:/config/application.yml
2024-05-17T15:11:51.222+02:00 TRACE 4684 --- [clothlogix] [           main] b.c.c.StandardConfigDataLocationResolver : Skipping missing resource classpath:/config/application.xml
2024-05-17T15:11:51.222+02:00 TRACE 4684 --- [clothlogix] [           main] b.c.c.StandardConfigDataLocationResolver : Skipping missing resource classpath:/config/application.properties
2024-05-17T15:11:51.222+02:00 TRACE 4684 --- [clothlogix] [           main] b.c.c.StandardConfigDataLocationResolver : Skipping missing resource classpath:/application-default.yaml
2024-05-17T15:11:51.222+02:00 TRACE 4684 --- [clothlogix] [           main] b.c.c.StandardConfigDataLocationResolver : Skipping missing resource classpath:/application-default.yml
2024-05-17T15:11:51.222+02:00 TRACE 4684 --- [clothlogix] [           main] b.c.c.StandardConfigDataLocationResolver : Skipping missing resource classpath:/application-default.xml
2024-05-17T15:11:51.222+02:00 TRACE 4684 --- [clothlogix] [           main] b.c.c.StandardConfigDataLocationResolver : Skipping missing resource classpath:/application-default.properties
2024-05-17T15:11:51.222+02:00 TRACE 4684 --- [clothlogix] [           main] b.c.c.StandardConfigDataLocationResolver : Skipping missing resource classpath:/config/application-default.yaml
2024-05-17T15:11:51.222+02:00 TRACE 4684 --- [clothlogix] [           main] b.c.c.StandardConfigDataLocationResolver : Skipping missing resource classpath:/config/application-default.yml
2024-05-17T15:11:51.222+02:00 TRACE 4684 --- [clothlogix] [           main] b.c.c.StandardConfigDataLocationResolver : Skipping missing resource classpath:/config/application-default.xml
2024-05-17T15:11:51.222+02:00 TRACE 4684 --- [clothlogix] [           main] b.c.c.StandardConfigDataLocationResolver : Skipping missing resource classpath:/config/application-default.properties
2024-05-17T15:11:51.222+02:00 TRACE 4684 --- [clothlogix] [           main] o.s.b.context.config.ConfigDataImporter  : Considering resource class path resource [application.properties] from location optional:classpath:/;optional:classpath:/config/
2024-05-17T15:11:51.222+02:00 TRACE 4684 --- [clothlogix] [           main] o.s.b.context.config.ConfigDataImporter  : Already loaded resource class path resource [application.properties] ignoring location optional:classpath:/;optional:classpath:/config/
2024-05-17T15:11:51.222+02:00 TRACE 4684 --- [clothlogix] [           main] .b.c.c.ConfigDataEnvironmentContributors : Nothing imported
2024-05-17T15:11:51.222+02:00 TRACE 4684 --- [clothlogix] [           main] .b.c.c.ConfigDataEnvironmentContributors : Processed imports for of 2 contributors
2024-05-17T15:11:51.222+02:00 TRACE 4684 --- [clothlogix] [           main] o.s.b.c.config.ConfigDataEnvironment     : Applying config data environment contributions
2024-05-17T15:11:51.222+02:00 TRACE 4684 --- [clothlogix] [           main] o.s.b.c.config.ConfigDataEnvironment     : Adding imported property source 'Config resource 'class path resource [application.properties]' via location 'optional:classpath:/''
2024-05-17T15:11:51.222+02:00 TRACE 4684 --- [clothlogix] [           main] o.s.b.c.config.ConfigDataEnvironment     : Setting default profiles: [default]
2024-05-17T15:11:51.222+02:00 TRACE 4684 --- [clothlogix] [           main] o.s.b.c.config.ConfigDataEnvironment     : Setting active profiles: []
2024-05-17T15:11:51.232+02:00 TRACE 4684 --- [clothlogix] [           main] o.s.w.c.s.GenericWebApplicationContext   : Refreshing org.springframework.web.context.support.GenericWebApplicationContext@3f2049b6, started on Fri May 17 15:11:51 CEST 2024
2024-05-17T15:11:51.244+02:00 TRACE 4684 --- [clothlogix] [           main] o.s.b.f.s.DefaultListableBeanFactory     : Registering scope 'request' with implementation [org.springframework.web.context.request.RequestScope@28782602]
2024-05-17T15:11:51.244+02:00 TRACE 4684 --- [clothlogix] [           main] o.s.b.f.s.DefaultListableBeanFactory     : Registering scope 'session' with implementation [org.springframework.web.context.request.SessionScope@38b972d7]
2024-05-17T15:11:51.244+02:00 TRACE 4684 --- [clothlogix] [           main] o.s.b.f.s.DefaultListableBeanFactory     : Registering scope 'application' with implementation [org.springframework.web.context.support.ServletContextScope@452c8a40]
2024-05-17T15:11:51.257+02:00 DEBUG 4684 --- [clothlogix] [           main] o.s.b.f.s.DefaultListableBeanFactory     : Creating shared instance of singleton bean 'org.springframework.context.annotation.internalConfigurationAnnotationProcessor'
2024-05-17T15:11:51.257+02:00 TRACE 4684 --- [clothlogix] [           main] o.s.b.f.s.DefaultListableBeanFactory     : Creating instance of bean 'org.springframework.context.annotation.internalConfigurationAnnotationProcessor'
2024-05-17T15:11:51.262+02:00 DEBUG 4684 --- [clothlogix] [           main] o.s.b.f.s.DefaultListableBeanFactory     : Creating shared instance of singleton bean 'org.springframework.boot.autoconfigure.internalCachingMetadataReaderFactory'
2024-05-17T15:11:51.262+02:00 TRACE 4684 --- [clothlogix] [           main] o.s.b.f.s.DefaultListableBeanFactory     : Creating instance of bean 'org.springframework.boot.autoconfigure.internalCachingMetadataReaderFactory'
2024-05-17T15:11:51.272+02:00 TRACE 4684 --- [clothlogix] [           main] o.s.b.f.s.DefaultListableBeanFactory     : Finished creating instance of bean 'org.springframework.boot.autoconfigure.internalCachingMetadataReaderFactory'
2024-05-17T15:11:51.276+02:00 TRACE 4684 --- [clothlogix] [           main] o.s.c.io.support.SpringFactoriesLoader   : Loaded [org.springframework.beans.BeanInfoFactory] names: [org.springframework.data.util.KotlinBeanInfoFactory]
2024-05-17T15:11:51.276+02:00 TRACE 4684 --- [clothlogix] [           main] o.s.beans.CachedIntrospectionResults     : Getting BeanInfo for class [org.springframework.context.annotation.ConfigurationClassPostProcessor]
2024-05-17T15:11:51.282+02:00 TRACE 4684 --- [clothlogix] [           main] o.s.beans.CachedIntrospectionResults     : Caching PropertyDescriptors for class [org.springframework.context.annotation.ConfigurationClassPostProcessor]
2024-05-17T15:11:51.282+02:00 TRACE 4684 --- [clothlogix] [           main] o.s.beans.CachedIntrospectionResults     : Found bean property 'applicationStartup' of type [org.springframework.core.metrics.ApplicationStartup]
2024-05-17T15:11:51.287+02:00 TRACE 4684 --- [clothlogix] [           main] o.s.beans.CachedIntrospectionResults     : Found bean property 'beanClassLoader' of type [java.lang.ClassLoader]
2024-05-17T15:11:51.287+02:00 TRACE 4684 --- [clothlogix] [           main] o.s.beans.CachedIntrospectionResults     : Found bean property 'beanExcludedFromAotProcessing' of type [boolean]
2024-05-17T15:11:51.287+02:00 TRACE 4684 --- [clothlogix] [           main] o.s.beans.CachedIntrospectionResults     : Found bean property 'beanNameGenerator' of type [org.springframework.beans.factory.support.BeanNameGenerator]
2024-05-17T15:11:51.287+02:00 TRACE 4684 --- [clothlogix] [           main] o.s.beans.CachedIntrospectionResults     : Found bean property 'class' of type [java.lang.Class]
2024-05-17T15:11:51.287+02:00 TRACE 4684 --- [clothlogix] [           main] o.s.beans.CachedIntrospectionResults     : Found bean property 'environment' of type [org.springframework.core.env.Environment]
2024-05-17T15:11:51.287+02:00 TRACE 4684 --- [clothlogix] [           main] o.s.beans.CachedIntrospectionResults     : Found bean property 'metadataReaderFactory' of type [org.springframework.core.type.classreading.MetadataReaderFactory]
2024-05-17T15:11:51.287+02:00 TRACE 4684 --- [clothlogix] [           main] o.s.beans.CachedIntrospectionResults     : Found bean property 'order' of type [int]
2024-05-17T15:11:51.287+02:00 TRACE 4684 --- [clothlogix] [           main] o.s.beans.CachedIntrospectionResults     : Found bean property 'problemReporter' of type [org.springframework.beans.factory.parsing.ProblemReporter]
2024-05-17T15:11:51.287+02:00 TRACE 4684 --- [clothlogix] [           main] o.s.beans.CachedIntrospectionResults     : Found bean property 'resourceLoader' of type [org.springframework.core.io.ResourceLoader]
2024-05-17T15:11:51.287+02:00 TRACE 4684 --- [clothlogix] [           main] o.s.beans.CachedIntrospectionResults     : Found bean property 'sourceExtractor' of type [org.springframework.beans.factory.parsing.SourceExtractor]
2024-05-17T15:11:51.292+02:00 TRACE 4684 --- [clothlogix] [           main] o.s.b.f.s.DefaultListableBeanFactory     : Finished creating instance of bean 'org.springframework.context.annotation.internalConfigurationAnnotationProcessor'
2024-05-17T15:11:51.292+02:00 DEBUG 4684 --- [clothlogix] [kground-preinit] .i.e.ValidatorFactoryConfigurationHelper : HV000252: Using org.hibernate.validator.internal.engine.DefaultPropertyNodeNameProvider as property node name provider.
2024-05-17T15:11:51.305+02:00 DEBUG 4684 --- [clothlogix] [kground-preinit] .i.e.ValidatorFactoryConfigurationHelper : HV000234: Using org.hibernate.validator.messageinterpolation.ResourceBundleMessageInterpolator as ValidatorFactory-scoped message interpolator.
2024-05-17T15:11:51.305+02:00 DEBUG 4684 --- [clothlogix] [kground-preinit] .i.e.ValidatorFactoryConfigurationHelper : HV000234: Using org.hibernate.validator.internal.engine.resolver.JPATraversableResolver as ValidatorFactory-scoped traversable resolver.
2024-05-17T15:11:51.305+02:00 DEBUG 4684 --- [clothlogix] [kground-preinit] .i.e.ValidatorFactoryConfigurationHelper : HV000234: Using org.hibernate.validator.internal.util.ExecutableParameterNameProvider as ValidatorFactory-scoped parameter name provider.
2024-05-17T15:11:51.305+02:00 DEBUG 4684 --- [clothlogix] [kground-preinit] .i.e.ValidatorFactoryConfigurationHelper : HV000234: Using org.hibernate.validator.internal.engine.DefaultClockProvider as ValidatorFactory-scoped clock provider.
2024-05-17T15:11:51.305+02:00 DEBUG 4684 --- [clothlogix] [kground-preinit] .i.e.ValidatorFactoryConfigurationHelper : HV000234: Using org.hibernate.validator.internal.engine.scripting.DefaultScriptEvaluatorFactory as ValidatorFactory-scoped script evaluator factory.
2024-05-17T15:11:51.312+02:00 TRACE 4684 --- [clothlogix] [           main] o.s.c.a.ClassPathBeanDefinitionScanner   : JSR-250 'jakarta.annotation.ManagedBean' found and supported for component scanning
2024-05-17T15:11:51.312+02:00 TRACE 4684 --- [clothlogix] [           main] o.s.c.a.ClassPathBeanDefinitionScanner   : JSR-330 'jakarta.inject.Named' annotation found and supported for component scanning
2024-05-17T15:11:51.312+02:00 TRACE 4684 --- [clothlogix] [           main] .i.s.PathMatchingResourcePatternResolver : Resolved module-path location pattern [com/fabless/clothlogix/**/*.class] to resources []
2024-05-17T15:11:51.312+02:00 TRACE 4684 --- [clothlogix] [           main] .i.s.PathMatchingResourcePatternResolver : Resolved module-path location pattern [com/fabless/clothlogix/] to resources []
2024-05-17T15:11:51.317+02:00 TRACE 4684 --- [clothlogix] [           main] .i.s.PathMatchingResourcePatternResolver : Resolved class path location [com/fabless/clothlogix/] to resources [file [C:\Sviluppo\workArea\clothlogix\target\test-classes\com\fabless\clothlogix], file [C:\Sviluppo\workArea\clothlogix\target\classes\com\fabless\clothlogix]]
2024-05-17T15:11:51.317+02:00 TRACE 4684 --- [clothlogix] [           main] .i.s.PathMatchingResourcePatternResolver : Searching directory [C:\Sviluppo\workArea\clothlogix\target\test-classes\com\fabless\clothlogix] for files matching pattern [**/*.class]
2024-05-17T15:11:51.317+02:00 TRACE 4684 --- [clothlogix] [           main] .i.s.PathMatchingResourcePatternResolver : Searching directory [C:\Sviluppo\workArea\clothlogix\target\classes\com\fabless\clothlogix] for files matching pattern [**/*.class]
2024-05-17T15:11:51.323+02:00 TRACE 4684 --- [clothlogix] [           main] .i.s.PathMatchingResourcePatternResolver : Resolved location pattern [classpath*:com/fabless/clothlogix/**/*.class] to resources [file [C:\Sviluppo\workArea\clothlogix\target\test-classes\com\fabless\clothlogix\ClothlogixApplicationTests.class], file [C:\Sviluppo\workArea\clothlogix\target\classes\com\fabless\clothlogix\ClothlogixApplication.class], file [C:\Sviluppo\workArea\clothlogix\target\classes\com\fabless\clothlogix\configuration\HibernateConf.class], file [C:\Sviluppo\workArea\clothlogix\target\classes\com\fabless\clothlogix\controller\ColoreController.class], file [C:\Sviluppo\workArea\clothlogix\target\classes\com\fabless\clothlogix\DAO\ColoreDAO.class], file [C:\Sviluppo\workArea\clothlogix\target\classes\com\fabless\clothlogix\DAO\impl\ColoreDAOImpl.class], file [C:\Sviluppo\workArea\clothlogix\target\classes\com\fabless\clothlogix\DAO\impl\LoginDAOImpl.class], file [C:\Sviluppo\workArea\clothlogix\target\classes\com\fabless\clothlogix\DAO\impl\MagazzinoDAOImpl.class], file [C:\Sviluppo\workArea\clothlogix\target\classes\com\fabless\clothlogix\DAO\impl\MaterialeDAOImpl.class], file [C:\Sviluppo\workArea\clothlogix\target\classes\com\fabless\clothlogix\DAO\impl\ProdottoDAOImpl.class], file [C:\Sviluppo\workArea\clothlogix\target\classes\com\fabless\clothlogix\DAO\impl\ProfiloDAOImpl.class], file [C:\Sviluppo\workArea\clothlogix\target\classes\com\fabless\clothlogix\DAO\impl\SezioneDAOImpl.class], file [C:\Sviluppo\workArea\clothlogix\target\classes\com\fabless\clothlogix\DAO\impl\TagliaDAOImpl.class], file [C:\Sviluppo\workArea\clothlogix\target\classes\com\fabless\clothlogix\DAO\impl\TipoDAOImpl.class], file [C:\Sviluppo\workArea\clothlogix\target\classes\com\fabless\clothlogix\DAO\impl\UtenteDAOImpl.class], file [C:\Sviluppo\workArea\clothlogix\target\classes\com\fabless\clothlogix\DAO\LoginDAO.class], file [C:\Sviluppo\workArea\clothlogix\target\classes\com\fabless\clothlogix\DAO\MagazzinoDAO.class], file [C:\Sviluppo\workArea\clothlogix\target\classes\com\fabless\clothlogix\DAO\MaterialeDAO.class], file [C:\Sviluppo\workArea\clothlogix\target\classes\com\fabless\clothlogix\DAO\ProdottoDAO.class], file [C:\Sviluppo\workArea\clothlogix\target\classes\com\fabless\clothlogix\DAO\ProfiloDAO.class], file [C:\Sviluppo\workArea\clothlogix\target\classes\com\fabless\clothlogix\DAO\SezioneDAO.class], file [C:\Sviluppo\workArea\clothlogix\target\classes\com\fabless\clothlogix\DAO\TagliaDAO.class], file [C:\Sviluppo\workArea\clothlogix\target\classes\com\fabless\clothlogix\DAO\TipoDAO.class], file [C:\Sviluppo\workArea\clothlogix\target\classes\com\fabless\clothlogix\DAO\UtenteDAO.class], file [C:\Sviluppo\workArea\clothlogix\target\classes\com\fabless\clothlogix\DTO\ColoreDTO.class], file [C:\Sviluppo\workArea\clothlogix\target\classes\com\fabless\clothlogix\mapper\SuperClassMapper.class], file [C:\Sviluppo\workArea\clothlogix\target\classes\com\fabless\clothlogix\mapper\SuperClassMapperImpl.class], file [C:\Sviluppo\workArea\clothlogix\target\classes\com\fabless\clothlogix\model\entities\ColoreEntity.class], file [C:\Sviluppo\workArea\clothlogix\target\classes\com\fabless\clothlogix\model\entities\LoginEntity.class], file [C:\Sviluppo\workArea\clothlogix\target\classes\com\fabless\clothlogix\model\entities\MagazzinoEntity.class], file [C:\Sviluppo\workArea\clothlogix\target\classes\com\fabless\clothlogix\model\entities\MaterialeEntity.class], file [C:\Sviluppo\workArea\clothlogix\target\classes\com\fabless\clothlogix\model\entities\ProdottoEntity.class], file [C:\Sviluppo\workArea\clothlogix\target\classes\com\fabless\clothlogix\model\entities\ProfiloEntity.class], file [C:\Sviluppo\workArea\clothlogix\target\classes\com\fabless\clothlogix\model\entities\SezioneEntity.class], file [C:\Sviluppo\workArea\clothlogix\target\classes\com\fabless\clothlogix\model\entities\TagliaEntity.class], file [C:\Sviluppo\workArea\clothlogix\target\classes\com\fabless\clothlogix\model\entities\TipoEntity.class], file [C:\Sviluppo\workArea\clothlogix\target\classes\com\fabless\clothlogix\model\entities\UtenteEntity.class], file [C:\Sviluppo\workArea\clothlogix\target\classes\com\fabless\clothlogix\Service\AbstractColoreService.class], file [C:\Sviluppo\workArea\clothlogix\target\classes\com\fabless\clothlogix\Service\AbstractLoginService.class], file [C:\Sviluppo\workArea\clothlogix\target\classes\com\fabless\clothlogix\Service\AbstractMagazzinoService.class], file [C:\Sviluppo\workArea\clothlogix\target\classes\com\fabless\clothlogix\Service\AbstractMaterialeService.class], file [C:\Sviluppo\workArea\clothlogix\target\classes\com\fabless\clothlogix\Service\AbstractProdottoService.class], file [C:\Sviluppo\workArea\clothlogix\target\classes\com\fabless\clothlogix\Service\AbstractProfiloService.class], file [C:\Sviluppo\workArea\clothlogix\target\classes\com\fabless\clothlogix\Service\AbstractSezioneService.class], file [C:\Sviluppo\workArea\clothlogix\target\classes\com\fabless\clothlogix\Service\AbstractTagliaService.class], file [C:\Sviluppo\workArea\clothlogix\target\classes\com\fabless\clothlogix\Service\AbstractTipoService.class], file [C:\Sviluppo\workArea\clothlogix\target\classes\com\fabless\clothlogix\Service\AbstractUtenteService.class], file [C:\Sviluppo\workArea\clothlogix\target\classes\com\fabless\clothlogix\Service\Impl\ColoreService.class], file [C:\Sviluppo\workArea\clothlogix\target\classes\com\fabless\clothlogix\Service\Impl\LoginService.class], file [C:\Sviluppo\workArea\clothlogix\target\classes\com\fabless\clothlogix\Service\Impl\MagazzinoService.class], file [C:\Sviluppo\workArea\clothlogix\target\classes\com\fabless\clothlogix\Service\Impl\MaterialeService.class], file [C:\Sviluppo\workArea\clothlogix\target\classes\com\fabless\clothlogix\Service\Impl\ProdottoService.class], file [C:\Sviluppo\workArea\clothlogix\target\classes\com\fabless\clothlogix\Service\Impl\ProfiloService.class], file [C:\Sviluppo\workArea\clothlogix\target\classes\com\fabless\clothlogix\Service\Impl\SezioneService.class], file [C:\Sviluppo\workArea\clothlogix\target\classes\com\fabless\clothlogix\Service\Impl\TagliaService.class], file [C:\Sviluppo\workArea\clothlogix\target\classes\com\fabless\clothlogix\Service\Impl\TipoService.class], file [C:\Sviluppo\workArea\clothlogix\target\classes\com\fabless\clothlogix\Service\Impl\UtenteService.class], file [C:\Sviluppo\workArea\clothlogix\target\classes\com\fabless\clothlogix\ServletInitializer.class]]
2024-05-17T15:11:51.323+02:00 TRACE 4684 --- [clothlogix] [           main] o.s.c.a.ClassPathBeanDefinitionScanner   : Scanning file [C:\Sviluppo\workArea\clothlogix\target\test-classes\com\fabless\clothlogix\ClothlogixApplicationTests.class]
2024-05-17T15:11:51.327+02:00 TRACE 4684 --- [clothlogix] [           main] o.s.b.f.s.DefaultListableBeanFactory     : Returning cached instance of singleton bean 'org.springframework.boot.test.context.filter.TestTypeExcludeFilter'
2024-05-17T15:11:51.327+02:00 TRACE 4684 --- [clothlogix] [           main] o.s.c.a.ClassPathBeanDefinitionScanner   : Ignored because not matching any filter: file [C:\Sviluppo\workArea\clothlogix\target\test-classes\com\fabless\clothlogix\ClothlogixApplicationTests.class]
2024-05-17T15:11:51.327+02:00 TRACE 4684 --- [clothlogix] [           main] o.s.c.a.ClassPathBeanDefinitionScanner   : Scanning file [C:\Sviluppo\workArea\clothlogix\target\classes\com\fabless\clothlogix\ClothlogixApplication.class]
2024-05-17T15:11:51.327+02:00 TRACE 4684 --- [clothlogix] [           main] o.s.c.a.ClassPathBeanDefinitionScanner   : Ignored because not matching any filter: file [C:\Sviluppo\workArea\clothlogix\target\classes\com\fabless\clothlogix\ClothlogixApplication.class]
2024-05-17T15:11:51.327+02:00 TRACE 4684 --- [clothlogix] [           main] o.s.c.a.ClassPathBeanDefinitionScanner   : Scanning file [C:\Sviluppo\workArea\clothlogix\target\classes\com\fabless\clothlogix\configuration\HibernateConf.class]
2024-05-17T15:11:51.342+02:00 DEBUG 4684 --- [clothlogix] [           main] o.s.c.a.ClassPathBeanDefinitionScanner   : Identified candidate component class: file [C:\Sviluppo\workArea\clothlogix\target\classes\com\fabless\clothlogix\configuration\HibernateConf.class]
2024-05-17T15:11:51.342+02:00 TRACE 4684 --- [clothlogix] [           main] o.s.c.a.ClassPathBeanDefinitionScanner   : Scanning file [C:\Sviluppo\workArea\clothlogix\target\classes\com\fabless\clothlogix\controller\ColoreController.class]
2024-05-17T15:11:51.372+02:00 DEBUG 4684 --- [clothlogix] [           main] o.s.c.a.ClassPathBeanDefinitionScanner   : Identified candidate component class: file [C:\Sviluppo\workArea\clothlogix\target\classes\com\fabless\clothlogix\controller\ColoreController.class]
2024-05-17T15:11:51.372+02:00 TRACE 4684 --- [clothlogix] [           main] o.s.c.a.ClassPathBeanDefinitionScanner   : Scanning file [C:\Sviluppo\workArea\clothlogix\target\classes\com\fabless\clothlogix\DAO\ColoreDAO.class]
2024-05-17T15:11:51.382+02:00 TRACE 4684 --- [clothlogix] [           main] o.s.c.a.ClassPathBeanDefinitionScanner   : Ignored because not matching any filter: file [C:\Sviluppo\workArea\clothlogix\target\classes\com\fabless\clothlogix\DAO\ColoreDAO.class]
2024-05-17T15:11:51.382+02:00 TRACE 4684 --- [clothlogix] [           main] o.s.c.a.ClassPathBeanDefinitionScanner   : Scanning file [C:\Sviluppo\workArea\clothlogix\target\classes\com\fabless\clothlogix\DAO\impl\ColoreDAOImpl.class]
2024-05-17T15:11:51.393+02:00 DEBUG 4684 --- [clothlogix] [           main] o.s.c.a.ClassPathBeanDefinitionScanner   : Identified candidate component class: file [C:\Sviluppo\workArea\clothlogix\target\classes\com\fabless\clothlogix\DAO\impl\ColoreDAOImpl.class]
2024-05-17T15:11:51.393+02:00 TRACE 4684 --- [clothlogix] [           main] o.s.c.a.ClassPathBeanDefinitionScanner   : Scanning file [C:\Sviluppo\workArea\clothlogix\target\classes\com\fabless\clothlogix\DAO\impl\LoginDAOImpl.class]
2024-05-17T15:11:51.402+02:00 DEBUG 4684 --- [clothlogix] [           main] o.s.c.a.ClassPathBeanDefinitionScanner   : Identified candidate component class: file [C:\Sviluppo\workArea\clothlogix\target\classes\com\fabless\clothlogix\DAO\impl\LoginDAOImpl.class]
2024-05-17T15:11:51.402+02:00 TRACE 4684 --- [clothlogix] [           main] o.s.c.a.ClassPathBeanDefinitionScanner   : Scanning file [C:\Sviluppo\workArea\clothlogix\target\classes\com\fabless\clothlogix\DAO\impl\MagazzinoDAOImpl.class]
2024-05-17T15:11:51.402+02:00 DEBUG 4684 --- [clothlogix] [           main] o.s.c.a.ClassPathBeanDefinitionScanner   : Identified candidate component class: file [C:\Sviluppo\workArea\clothlogix\target\classes\com\fabless\clothlogix\DAO\impl\MagazzinoDAOImpl.class]
2024-05-17T15:11:51.402+02:00 TRACE 4684 --- [clothlogix] [           main] o.s.c.a.ClassPathBeanDefinitionScanner   : Scanning file [C:\Sviluppo\workArea\clothlogix\target\classes\com\fabless\clothlogix\DAO\impl\MaterialeDAOImpl.class]
2024-05-17T15:11:51.416+02:00 DEBUG 4684 --- [clothlogix] [           main] o.s.c.a.ClassPathBeanDefinitionScanner   : Identified candidate component class: file [C:\Sviluppo\workArea\clothlogix\target\classes\com\fabless\clothlogix\DAO\impl\MaterialeDAOImpl.class]
2024-05-17T15:11:51.416+02:00 TRACE 4684 --- [clothlogix] [           main] o.s.c.a.ClassPathBeanDefinitionScanner   : Scanning file [C:\Sviluppo\workArea\clothlogix\target\classes\com\fabless\clothlogix\DAO\impl\ProdottoDAOImpl.class]
2024-05-17T15:11:51.423+02:00 DEBUG 4684 --- [clothlogix] [           main] o.s.c.a.ClassPathBeanDefinitionScanner   : Identified candidate component class: file [C:\Sviluppo\workArea\clothlogix\target\classes\com\fabless\clothlogix\DAO\impl\ProdottoDAOImpl.class]
2024-05-17T15:11:51.423+02:00 TRACE 4684 --- [clothlogix] [           main] o.s.c.a.ClassPathBeanDefinitionScanner   : Scanning file [C:\Sviluppo\workArea\clothlogix\target\classes\com\fabless\clothlogix\DAO\impl\ProfiloDAOImpl.class]
2024-05-17T15:11:51.442+02:00 DEBUG 4684 --- [clothlogix] [           main] o.s.c.a.ClassPathBeanDefinitionScanner   : Identified candidate component class: file [C:\Sviluppo\workArea\clothlogix\target\classes\com\fabless\clothlogix\DAO\impl\ProfiloDAOImpl.class]
2024-05-17T15:11:51.442+02:00 TRACE 4684 --- [clothlogix] [           main] o.s.c.a.ClassPathBeanDefinitionScanner   : Scanning file [C:\Sviluppo\workArea\clothlogix\target\classes\com\fabless\clothlogix\DAO\impl\SezioneDAOImpl.class]
2024-05-17T15:11:51.452+02:00 DEBUG 4684 --- [clothlogix] [           main] o.s.c.a.ClassPathBeanDefinitionScanner   : Identified candidate component class: file [C:\Sviluppo\workArea\clothlogix\target\classes\com\fabless\clothlogix\DAO\impl\SezioneDAOImpl.class]
2024-05-17T15:11:51.452+02:00 TRACE 4684 --- [clothlogix] [           main] o.s.c.a.ClassPathBeanDefinitionScanner   : Scanning file [C:\Sviluppo\workArea\clothlogix\target\classes\com\fabless\clothlogix\DAO\impl\TagliaDAOImpl.class]
2024-05-17T15:11:51.463+02:00 DEBUG 4684 --- [clothlogix] [           main] o.s.c.a.ClassPathBeanDefinitionScanner   : Identified candidate component class: file [C:\Sviluppo\workArea\clothlogix\target\classes\com\fabless\clothlogix\DAO\impl\TagliaDAOImpl.class]
2024-05-17T15:11:51.463+02:00 TRACE 4684 --- [clothlogix] [           main] o.s.c.a.ClassPathBeanDefinitionScanner   : Scanning file [C:\Sviluppo\workArea\clothlogix\target\classes\com\fabless\clothlogix\DAO\impl\TipoDAOImpl.class]
2024-05-17T15:11:51.472+02:00 DEBUG 4684 --- [clothlogix] [           main] o.s.c.a.ClassPathBeanDefinitionScanner   : Identified candidate component class: file [C:\Sviluppo\workArea\clothlogix\target\classes\com\fabless\clothlogix\DAO\impl\TipoDAOImpl.class]
2024-05-17T15:11:51.472+02:00 TRACE 4684 --- [clothlogix] [           main] o.s.c.a.ClassPathBeanDefinitionScanner   : Scanning file [C:\Sviluppo\workArea\clothlogix\target\classes\com\fabless\clothlogix\DAO\impl\UtenteDAOImpl.class]
2024-05-17T15:11:51.495+02:00 DEBUG 4684 --- [clothlogix] [           main] o.s.c.a.ClassPathBeanDefinitionScanner   : Identified candidate component class: file [C:\Sviluppo\workArea\clothlogix\target\classes\com\fabless\clothlogix\DAO\impl\UtenteDAOImpl.class]
2024-05-17T15:11:51.495+02:00 TRACE 4684 --- [clothlogix] [           main] o.s.c.a.ClassPathBeanDefinitionScanner   : Scanning file [C:\Sviluppo\workArea\clothlogix\target\classes\com\fabless\clothlogix\DAO\LoginDAO.class]
2024-05-17T15:11:51.502+02:00 TRACE 4684 --- [clothlogix] [           main] o.s.c.a.ClassPathBeanDefinitionScanner   : Ignored because not matching any filter: file [C:\Sviluppo\workArea\clothlogix\target\classes\com\fabless\clothlogix\DAO\LoginDAO.class]
2024-05-17T15:11:51.502+02:00 TRACE 4684 --- [clothlogix] [           main] o.s.c.a.ClassPathBeanDefinitionScanner   : Scanning file [C:\Sviluppo\workArea\clothlogix\target\classes\com\fabless\clothlogix\DAO\MagazzinoDAO.class]
2024-05-17T15:11:51.522+02:00 TRACE 4684 --- [clothlogix] [           main] o.s.c.a.ClassPathBeanDefinitionScanner   : Ignored because not matching any filter: file [C:\Sviluppo\workArea\clothlogix\target\classes\com\fabless\clothlogix\DAO\MagazzinoDAO.class]
2024-05-17T15:11:51.523+02:00 TRACE 4684 --- [clothlogix] [           main] o.s.c.a.ClassPathBeanDefinitionScanner   : Scanning file [C:\Sviluppo\workArea\clothlogix\target\classes\com\fabless\clothlogix\DAO\MaterialeDAO.class]
2024-05-17T15:11:51.523+02:00 TRACE 4684 --- [clothlogix] [           main] o.s.c.a.ClassPathBeanDefinitionScanner   : Ignored because not matching any filter: file [C:\Sviluppo\workArea\clothlogix\target\classes\com\fabless\clothlogix\DAO\MaterialeDAO.class]
2024-05-17T15:11:51.523+02:00 TRACE 4684 --- [clothlogix] [           main] o.s.c.a.ClassPathBeanDefinitionScanner   : Scanning file [C:\Sviluppo\workArea\clothlogix\target\classes\com\fabless\clothlogix\DAO\ProdottoDAO.class]
2024-05-17T15:11:51.523+02:00 TRACE 4684 --- [clothlogix] [           main] o.s.c.a.ClassPathBeanDefinitionScanner   : Ignored because not matching any filter: file [C:\Sviluppo\workArea\clothlogix\target\classes\com\fabless\clothlogix\DAO\ProdottoDAO.class]
2024-05-17T15:11:51.523+02:00 TRACE 4684 --- [clothlogix] [           main] o.s.c.a.ClassPathBeanDefinitionScanner   : Scanning file [C:\Sviluppo\workArea\clothlogix\target\classes\com\fabless\clothlogix\DAO\ProfiloDAO.class]
2024-05-17T15:11:51.532+02:00 TRACE 4684 --- [clothlogix] [           main] o.s.c.a.ClassPathBeanDefinitionScanner   : Ignored because not matching any filter: file [C:\Sviluppo\workArea\clothlogix\target\classes\com\fabless\clothlogix\DAO\ProfiloDAO.class]
2024-05-17T15:11:51.532+02:00 TRACE 4684 --- [clothlogix] [           main] o.s.c.a.ClassPathBeanDefinitionScanner   : Scanning file [C:\Sviluppo\workArea\clothlogix\target\classes\com\fabless\clothlogix\DAO\SezioneDAO.class]
2024-05-17T15:11:51.544+02:00 TRACE 4684 --- [clothlogix] [           main] o.s.c.a.ClassPathBeanDefinitionScanner   : Ignored because not matching any filter: file [C:\Sviluppo\workArea\clothlogix\target\classes\com\fabless\clothlogix\DAO\SezioneDAO.class]
2024-05-17T15:11:51.544+02:00 TRACE 4684 --- [clothlogix] [           main] o.s.c.a.ClassPathBeanDefinitionScanner   : Scanning file [C:\Sviluppo\workArea\clothlogix\target\classes\com\fabless\clothlogix\DAO\TagliaDAO.class]
2024-05-17T15:11:51.552+02:00 TRACE 4684 --- [clothlogix] [           main] o.s.c.a.ClassPathBeanDefinitionScanner   : Ignored because not matching any filter: file [C:\Sviluppo\workArea\clothlogix\target\classes\com\fabless\clothlogix\DAO\TagliaDAO.class]
2024-05-17T15:11:51.552+02:00 TRACE 4684 --- [clothlogix] [           main] o.s.c.a.ClassPathBeanDefinitionScanner   : Scanning file [C:\Sviluppo\workArea\clothlogix\target\classes\com\fabless\clothlogix\DAO\TipoDAO.class]
2024-05-17T15:11:51.562+02:00 TRACE 4684 --- [clothlogix] [           main] o.s.c.a.ClassPathBeanDefinitionScanner   : Ignored because not matching any filter: file [C:\Sviluppo\workArea\clothlogix\target\classes\com\fabless\clothlogix\DAO\TipoDAO.class]
2024-05-17T15:11:51.562+02:00 TRACE 4684 --- [clothlogix] [           main] o.s.c.a.ClassPathBeanDefinitionScanner   : Scanning file [C:\Sviluppo\workArea\clothlogix\target\classes\com\fabless\clothlogix\DAO\UtenteDAO.class]
2024-05-17T15:11:51.575+02:00 TRACE 4684 --- [clothlogix] [           main] o.s.c.a.ClassPathBeanDefinitionScanner   : Ignored because not matching any filter: file [C:\Sviluppo\workArea\clothlogix\target\classes\com\fabless\clothlogix\DAO\UtenteDAO.class]
2024-05-17T15:11:51.575+02:00 TRACE 4684 --- [clothlogix] [           main] o.s.c.a.ClassPathBeanDefinitionScanner   : Scanning file [C:\Sviluppo\workArea\clothlogix\target\classes\com\fabless\clothlogix\DTO\ColoreDTO.class]
2024-05-17T15:11:51.587+02:00 TRACE 4684 --- [clothlogix] [           main] o.s.c.a.ClassPathBeanDefinitionScanner   : Ignored because not matching any filter: file [C:\Sviluppo\workArea\clothlogix\target\classes\com\fabless\clothlogix\DTO\ColoreDTO.class]
2024-05-17T15:11:51.591+02:00 TRACE 4684 --- [clothlogix] [           main] o.s.c.a.ClassPathBeanDefinitionScanner   : Scanning file [C:\Sviluppo\workArea\clothlogix\target\classes\com\fabless\clothlogix\mapper\SuperClassMapper.class]
2024-05-17T15:11:51.602+02:00 TRACE 4684 --- [clothlogix] [           main] o.s.c.a.ClassPathBeanDefinitionScanner   : Ignored because not matching any filter: file [C:\Sviluppo\workArea\clothlogix\target\classes\com\fabless\clothlogix\mapper\SuperClassMapper.class]
2024-05-17T15:11:51.602+02:00 TRACE 4684 --- [clothlogix] [           main] o.s.c.a.ClassPathBeanDefinitionScanner   : Scanning file [C:\Sviluppo\workArea\clothlogix\target\classes\com\fabless\clothlogix\mapper\SuperClassMapperImpl.class]
2024-05-17T15:11:51.617+02:00 DEBUG 4684 --- [clothlogix] [           main] o.s.c.a.ClassPathBeanDefinitionScanner   : Identified candidate component class: file [C:\Sviluppo\workArea\clothlogix\target\classes\com\fabless\clothlogix\mapper\SuperClassMapperImpl.class]
2024-05-17T15:11:51.617+02:00 TRACE 4684 --- [clothlogix] [           main] o.s.c.a.ClassPathBeanDefinitionScanner   : Scanning file [C:\Sviluppo\workArea\clothlogix\target\classes\com\fabless\clothlogix\model\entities\ColoreEntity.class]
2024-05-17T15:11:51.632+02:00 TRACE 4684 --- [clothlogix] [           main] o.s.c.a.ClassPathBeanDefinitionScanner   : Ignored because not matching any filter: file [C:\Sviluppo\workArea\clothlogix\target\classes\com\fabless\clothlogix\model\entities\ColoreEntity.class]
2024-05-17T15:11:51.632+02:00 TRACE 4684 --- [clothlogix] [           main] o.s.c.a.ClassPathBeanDefinitionScanner   : Scanning file [C:\Sviluppo\workArea\clothlogix\target\classes\com\fabless\clothlogix\model\entities\LoginEntity.class]
2024-05-17T15:11:51.642+02:00 TRACE 4684 --- [clothlogix] [           main] o.s.c.a.ClassPathBeanDefinitionScanner   : Ignored because not matching any filter: file [C:\Sviluppo\workArea\clothlogix\target\classes\com\fabless\clothlogix\model\entities\LoginEntity.class]
2024-05-17T15:11:51.642+02:00 TRACE 4684 --- [clothlogix] [           main] o.s.c.a.ClassPathBeanDefinitionScanner   : Scanning file [C:\Sviluppo\workArea\clothlogix\target\classes\com\fabless\clothlogix\model\entities\MagazzinoEntity.class]
2024-05-17T15:11:51.655+02:00 TRACE 4684 --- [clothlogix] [           main] o.s.c.a.ClassPathBeanDefinitionScanner   : Ignored because not matching any filter: file [C:\Sviluppo\workArea\clothlogix\target\classes\com\fabless\clothlogix\model\entities\MagazzinoEntity.class]
2024-05-17T15:11:51.655+02:00 TRACE 4684 --- [clothlogix] [           main] o.s.c.a.ClassPathBeanDefinitionScanner   : Scanning file [C:\Sviluppo\workArea\clothlogix\target\classes\com\fabless\clothlogix\model\entities\MaterialeEntity.class]
2024-05-17T15:11:51.662+02:00 TRACE 4684 --- [clothlogix] [           main] o.s.c.a.ClassPathBeanDefinitionScanner   : Ignored because not matching any filter: file [C:\Sviluppo\workArea\clothlogix\target\classes\com\fabless\clothlogix\model\entities\MaterialeEntity.class]
2024-05-17T15:11:51.662+02:00 TRACE 4684 --- [clothlogix] [           main] o.s.c.a.ClassPathBeanDefinitionScanner   : Scanning file [C:\Sviluppo\workArea\clothlogix\target\classes\com\fabless\clothlogix\model\entities\ProdottoEntity.class]
2024-05-17T15:11:51.672+02:00 TRACE 4684 --- [clothlogix] [           main] o.s.c.a.ClassPathBeanDefinitionScanner   : Ignored because not matching any filter: file [C:\Sviluppo\workArea\clothlogix\target\classes\com\fabless\clothlogix\model\entities\ProdottoEntity.class]
2024-05-17T15:11:51.672+02:00 TRACE 4684 --- [clothlogix] [           main] o.s.c.a.ClassPathBeanDefinitionScanner   : Scanning file [C:\Sviluppo\workArea\clothlogix\target\classes\com\fabless\clothlogix\model\entities\ProfiloEntity.class]
2024-05-17T15:11:51.686+02:00 TRACE 4684 --- [clothlogix] [           main] o.s.c.a.ClassPathBeanDefinitionScanner   : Ignored because not matching any filter: file [C:\Sviluppo\workArea\clothlogix\target\classes\com\fabless\clothlogix\model\entities\ProfiloEntity.class]
2024-05-17T15:11:51.686+02:00 TRACE 4684 --- [clothlogix] [           main] o.s.c.a.ClassPathBeanDefinitionScanner   : Scanning file [C:\Sviluppo\workArea\clothlogix\target\classes\com\fabless\clothlogix\model\entities\SezioneEntity.class]
2024-05-17T15:11:51.692+02:00 TRACE 4684 --- [clothlogix] [           main] o.s.c.a.ClassPathBeanDefinitionScanner   : Ignored because not matching any filter: file [C:\Sviluppo\workArea\clothlogix\target\classes\com\fabless\clothlogix\model\entities\SezioneEntity.class]
2024-05-17T15:11:51.692+02:00 TRACE 4684 --- [clothlogix] [           main] o.s.c.a.ClassPathBeanDefinitionScanner   : Scanning file [C:\Sviluppo\workArea\clothlogix\target\classes\com\fabless\clothlogix\model\entities\TagliaEntity.class]
2024-05-17T15:11:51.702+02:00 TRACE 4684 --- [clothlogix] [           main] o.s.c.a.ClassPathBeanDefinitionScanner   : Ignored because not matching any filter: file [C:\Sviluppo\workArea\clothlogix\target\classes\com\fabless\clothlogix\model\entities\TagliaEntity.class]
2024-05-17T15:11:51.702+02:00 TRACE 4684 --- [clothlogix] [           main] o.s.c.a.ClassPathBeanDefinitionScanner   : Scanning file [C:\Sviluppo\workArea\clothlogix\target\classes\com\fabless\clothlogix\model\entities\TipoEntity.class]
2024-05-17T15:11:51.712+02:00 TRACE 4684 --- [clothlogix] [           main] o.s.c.a.ClassPathBeanDefinitionScanner   : Ignored because not matching any filter: file [C:\Sviluppo\workArea\clothlogix\target\classes\com\fabless\clothlogix\model\entities\TipoEntity.class]
2024-05-17T15:11:51.712+02:00 TRACE 4684 --- [clothlogix] [           main] o.s.c.a.ClassPathBeanDefinitionScanner   : Scanning file [C:\Sviluppo\workArea\clothlogix\target\classes\com\fabless\clothlogix\model\entities\UtenteEntity.class]
2024-05-17T15:11:51.723+02:00 TRACE 4684 --- [clothlogix] [           main] o.s.c.a.ClassPathBeanDefinitionScanner   : Ignored because not matching any filter: file [C:\Sviluppo\workArea\clothlogix\target\classes\com\fabless\clothlogix\model\entities\UtenteEntity.class]
2024-05-17T15:11:51.723+02:00 TRACE 4684 --- [clothlogix] [           main] o.s.c.a.ClassPathBeanDefinitionScanner   : Scanning file [C:\Sviluppo\workArea\clothlogix\target\classes\com\fabless\clothlogix\Service\AbstractColoreService.class]
2024-05-17T15:11:51.742+02:00 TRACE 4684 --- [clothlogix] [           main] o.s.c.a.ClassPathBeanDefinitionScanner   : Ignored because not matching any filter: file [C:\Sviluppo\workArea\clothlogix\target\classes\com\fabless\clothlogix\Service\AbstractColoreService.class]
2024-05-17T15:11:51.742+02:00 TRACE 4684 --- [clothlogix] [           main] o.s.c.a.ClassPathBeanDefinitionScanner   : Scanning file [C:\Sviluppo\workArea\clothlogix\target\classes\com\fabless\clothlogix\Service\AbstractLoginService.class]
2024-05-17T15:11:51.752+02:00 TRACE 4684 --- [clothlogix] [           main] o.s.c.a.ClassPathBeanDefinitionScanner   : Ignored because not matching any filter: file [C:\Sviluppo\workArea\clothlogix\target\classes\com\fabless\clothlogix\Service\AbstractLoginService.class]
2024-05-17T15:11:51.752+02:00 TRACE 4684 --- [clothlogix] [           main] o.s.c.a.ClassPathBeanDefinitionScanner   : Scanning file [C:\Sviluppo\workArea\clothlogix\target\classes\com\fabless\clothlogix\Service\AbstractMagazzinoService.class]
2024-05-17T15:11:51.766+02:00 TRACE 4684 --- [clothlogix] [           main] o.s.c.a.ClassPathBeanDefinitionScanner   : Ignored because not matching any filter: file [C:\Sviluppo\workArea\clothlogix\target\classes\com\fabless\clothlogix\Service\AbstractMagazzinoService.class]
2024-05-17T15:11:51.766+02:00 TRACE 4684 --- [clothlogix] [           main] o.s.c.a.ClassPathBeanDefinitionScanner   : Scanning file [C:\Sviluppo\workArea\clothlogix\target\classes\com\fabless\clothlogix\Service\AbstractMaterialeService.class]
2024-05-17T15:11:51.782+02:00 TRACE 4684 --- [clothlogix] [           main] o.s.c.a.ClassPathBeanDefinitionScanner   : Ignored because not matching any filter: file [C:\Sviluppo\workArea\clothlogix\target\classes\com\fabless\clothlogix\Service\AbstractMaterialeService.class]
2024-05-17T15:11:51.782+02:00 TRACE 4684 --- [clothlogix] [           main] o.s.c.a.ClassPathBeanDefinitionScanner   : Scanning file [C:\Sviluppo\workArea\clothlogix\target\classes\com\fabless\clothlogix\Service\AbstractProdottoService.class]
2024-05-17T15:11:51.792+02:00 TRACE 4684 --- [clothlogix] [           main] o.s.c.a.ClassPathBeanDefinitionScanner   : Ignored because not matching any filter: file [C:\Sviluppo\workArea\clothlogix\target\classes\com\fabless\clothlogix\Service\AbstractProdottoService.class]
2024-05-17T15:11:51.797+02:00 TRACE 4684 --- [clothlogix] [           main] o.s.c.a.ClassPathBeanDefinitionScanner   : Scanning file [C:\Sviluppo\workArea\clothlogix\target\classes\com\fabless\clothlogix\Service\AbstractProfiloService.class]
2024-05-17T15:11:51.802+02:00 TRACE 4684 --- [clothlogix] [           main] o.s.c.a.ClassPathBeanDefinitionScanner   : Ignored because not matching any filter: file [C:\Sviluppo\workArea\clothlogix\target\classes\com\fabless\clothlogix\Service\AbstractProfiloService.class]
2024-05-17T15:11:51.802+02:00 TRACE 4684 --- [clothlogix] [           main] o.s.c.a.ClassPathBeanDefinitionScanner   : Scanning file [C:\Sviluppo\workArea\clothlogix\target\classes\com\fabless\clothlogix\Service\AbstractSezioneService.class]
2024-05-17T15:11:51.812+02:00 TRACE 4684 --- [clothlogix] [           main] o.s.c.a.ClassPathBeanDefinitionScanner   : Ignored because not matching any filter: file [C:\Sviluppo\workArea\clothlogix\target\classes\com\fabless\clothlogix\Service\AbstractSezioneService.class]
2024-05-17T15:11:51.812+02:00 TRACE 4684 --- [clothlogix] [           main] o.s.c.a.ClassPathBeanDefinitionScanner   : Scanning file [C:\Sviluppo\workArea\clothlogix\target\classes\com\fabless\clothlogix\Service\AbstractTagliaService.class]
2024-05-17T15:11:51.823+02:00 TRACE 4684 --- [clothlogix] [           main] o.s.c.a.ClassPathBeanDefinitionScanner   : Ignored because not matching any filter: file [C:\Sviluppo\workArea\clothlogix\target\classes\com\fabless\clothlogix\Service\AbstractTagliaService.class]
2024-05-17T15:11:51.823+02:00 TRACE 4684 --- [clothlogix] [           main] o.s.c.a.ClassPathBeanDefinitionScanner   : Scanning file [C:\Sviluppo\workArea\clothlogix\target\classes\com\fabless\clothlogix\Service\AbstractTipoService.class]
2024-05-17T15:11:51.823+02:00 TRACE 4684 --- [clothlogix] [           main] o.s.c.a.ClassPathBeanDefinitionScanner   : Ignored because not matching any filter: file [C:\Sviluppo\workArea\clothlogix\target\classes\com\fabless\clothlogix\Service\AbstractTipoService.class]
2024-05-17T15:11:51.823+02:00 TRACE 4684 --- [clothlogix] [           main] o.s.c.a.ClassPathBeanDefinitionScanner   : Scanning file [C:\Sviluppo\workArea\clothlogix\target\classes\com\fabless\clothlogix\Service\AbstractUtenteService.class]
2024-05-17T15:11:51.837+02:00 TRACE 4684 --- [clothlogix] [           main] o.s.c.a.ClassPathBeanDefinitionScanner   : Ignored because not matching any filter: file [C:\Sviluppo\workArea\clothlogix\target\classes\com\fabless\clothlogix\Service\AbstractUtenteService.class]
2024-05-17T15:11:51.837+02:00 TRACE 4684 --- [clothlogix] [           main] o.s.c.a.ClassPathBeanDefinitionScanner   : Scanning file [C:\Sviluppo\workArea\clothlogix\target\classes\com\fabless\clothlogix\Service\Impl\ColoreService.class]
2024-05-17T15:11:51.861+02:00 DEBUG 4684 --- [clothlogix] [           main] o.s.c.a.ClassPathBeanDefinitionScanner   : Identified candidate component class: file [C:\Sviluppo\workArea\clothlogix\target\classes\com\fabless\clothlogix\Service\Impl\ColoreService.class]
2024-05-17T15:11:51.861+02:00 TRACE 4684 --- [clothlogix] [           main] o.s.c.a.ClassPathBeanDefinitionScanner   : Scanning file [C:\Sviluppo\workArea\clothlogix\target\classes\com\fabless\clothlogix\Service\Impl\LoginService.class]
2024-05-17T15:11:51.872+02:00 DEBUG 4684 --- [clothlogix] [           main] o.s.c.a.ClassPathBeanDefinitionScanner   : Identified candidate component class: file [C:\Sviluppo\workArea\clothlogix\target\classes\com\fabless\clothlogix\Service\Impl\LoginService.class]
2024-05-17T15:11:51.872+02:00 TRACE 4684 --- [clothlogix] [           main] o.s.c.a.ClassPathBeanDefinitionScanner   : Scanning file [C:\Sviluppo\workArea\clothlogix\target\classes\com\fabless\clothlogix\Service\Impl\MagazzinoService.class]
2024-05-17T15:11:51.892+02:00 DEBUG 4684 --- [clothlogix] [           main] o.s.c.a.ClassPathBeanDefinitionScanner   : Identified candidate component class: file [C:\Sviluppo\workArea\clothlogix\target\classes\com\fabless\clothlogix\Service\Impl\MagazzinoService.class]
2024-05-17T15:11:51.892+02:00 TRACE 4684 --- [clothlogix] [           main] o.s.c.a.ClassPathBeanDefinitionScanner   : Scanning file [C:\Sviluppo\workArea\clothlogix\target\classes\com\fabless\clothlogix\Service\Impl\MaterialeService.class]
2024-05-17T15:11:51.897+02:00 DEBUG 4684 --- [clothlogix] [           main] o.s.c.a.ClassPathBeanDefinitionScanner   : Identified candidate component class: file [C:\Sviluppo\workArea\clothlogix\target\classes\com\fabless\clothlogix\Service\Impl\MaterialeService.class]
2024-05-17T15:11:51.897+02:00 TRACE 4684 --- [clothlogix] [           main] o.s.c.a.ClassPathBeanDefinitionScanner   : Scanning file [C:\Sviluppo\workArea\clothlogix\target\classes\com\fabless\clothlogix\Service\Impl\ProdottoService.class]
2024-05-17T15:11:51.912+02:00 DEBUG 4684 --- [clothlogix] [           main] o.s.c.a.ClassPathBeanDefinitionScanner   : Identified candidate component class: file [C:\Sviluppo\workArea\clothlogix\target\classes\com\fabless\clothlogix\Service\Impl\ProdottoService.class]
2024-05-17T15:11:51.912+02:00 TRACE 4684 --- [clothlogix] [           main] o.s.c.a.ClassPathBeanDefinitionScanner   : Scanning file [C:\Sviluppo\workArea\clothlogix\target\classes\com\fabless\clothlogix\Service\Impl\ProfiloService.class]
2024-05-17T15:11:51.928+02:00 DEBUG 4684 --- [clothlogix] [           main] o.s.c.a.ClassPathBeanDefinitionScanner   : Identified candidate component class: file [C:\Sviluppo\workArea\clothlogix\target\classes\com\fabless\clothlogix\Service\Impl\ProfiloService.class]
2024-05-17T15:11:51.932+02:00 TRACE 4684 --- [clothlogix] [           main] o.s.c.a.ClassPathBeanDefinitionScanner   : Scanning file [C:\Sviluppo\workArea\clothlogix\target\classes\com\fabless\clothlogix\Service\Impl\SezioneService.class]
2024-05-17T15:11:51.942+02:00 DEBUG 4684 --- [clothlogix] [           main] o.s.c.a.ClassPathBeanDefinitionScanner   : Identified candidate component class: file [C:\Sviluppo\workArea\clothlogix\target\classes\com\fabless\clothlogix\Service\Impl\SezioneService.class]
2024-05-17T15:11:51.942+02:00 TRACE 4684 --- [clothlogix] [           main] o.s.c.a.ClassPathBeanDefinitionScanner   : Scanning file [C:\Sviluppo\workArea\clothlogix\target\classes\com\fabless\clothlogix\Service\Impl\TagliaService.class]
2024-05-17T15:11:51.955+02:00 DEBUG 4684 --- [clothlogix] [           main] o.s.c.a.ClassPathBeanDefinitionScanner   : Identified candidate component class: file [C:\Sviluppo\workArea\clothlogix\target\classes\com\fabless\clothlogix\Service\Impl\TagliaService.class]
2024-05-17T15:11:51.955+02:00 TRACE 4684 --- [clothlogix] [           main] o.s.c.a.ClassPathBeanDefinitionScanner   : Scanning file [C:\Sviluppo\workArea\clothlogix\target\classes\com\fabless\clothlogix\Service\Impl\TipoService.class]
2024-05-17T15:11:51.972+02:00 DEBUG 4684 --- [clothlogix] [           main] o.s.c.a.ClassPathBeanDefinitionScanner   : Identified candidate component class: file [C:\Sviluppo\workArea\clothlogix\target\classes\com\fabless\clothlogix\Service\Impl\TipoService.class]
2024-05-17T15:11:51.972+02:00 TRACE 4684 --- [clothlogix] [           main] o.s.c.a.ClassPathBeanDefinitionScanner   : Scanning file [C:\Sviluppo\workArea\clothlogix\target\classes\com\fabless\clothlogix\Service\Impl\UtenteService.class]
2024-05-17T15:11:51.982+02:00 DEBUG 4684 --- [clothlogix] [           main] o.s.c.a.ClassPathBeanDefinitionScanner   : Identified candidate component class: file [C:\Sviluppo\workArea\clothlogix\target\classes\com\fabless\clothlogix\Service\Impl\UtenteService.class]
2024-05-17T15:11:51.982+02:00 TRACE 4684 --- [clothlogix] [           main] o.s.c.a.ClassPathBeanDefinitionScanner   : Scanning file [C:\Sviluppo\workArea\clothlogix\target\classes\com\fabless\clothlogix\ServletInitializer.class]
2024-05-17T15:11:51.987+02:00 TRACE 4684 --- [clothlogix] [           main] o.s.c.a.ClassPathBeanDefinitionScanner   : Ignored because not matching any filter: file [C:\Sviluppo\workArea\clothlogix\target\classes\com\fabless\clothlogix\ServletInitializer.class]
2024-05-17T15:11:52.035+02:00 TRACE 4684 --- [clothlogix] [           main] o.s.c.io.support.SpringFactoriesLoader   : Loaded [org.springframework.boot.autoconfigure.AutoConfigurationImportFilter] names: [org.springframework.boot.autoconfigure.condition.OnBeanCondition, org.springframework.boot.autoconfigure.condition.OnClassCondition, org.springframework.boot.autoconfigure.condition.OnWebApplicationCondition]
2024-05-17T15:11:52.052+02:00 TRACE 4684 --- [clothlogix] [           main] o.s.b.f.s.DefaultListableBeanFactory     : Returning cached instance of singleton bean 'autoConfigurationReport'
2024-05-17T15:11:52.102+02:00 TRACE 4684 --- [clothlogix] [           main] o.s.b.a.condition.OnClassCondition       : Condition OnClassCondition on org.springframework.boot.autoconfigure.amqp.RabbitAutoConfiguration did not match due to @ConditionalOnClass did not find required class 'com.rabbitmq.client.Channel'
2024-05-17T15:11:52.102+02:00 TRACE 4684 --- [clothlogix] [           main] o.s.b.a.condition.OnClassCondition       : Condition OnClassCondition on org.springframework.boot.autoconfigure.batch.BatchAutoConfiguration did not match due to @ConditionalOnClass did not find required class 'org.springframework.batch.core.launch.JobLauncher'
2024-05-17T15:11:52.102+02:00 TRACE 4684 --- [clothlogix] [           main] o.s.b.a.condition.OnClassCondition       : Condition OnClassCondition on org.springframework.boot.autoconfigure.cassandra.CassandraAutoConfiguration did not match due to @ConditionalOnClass did not find required class 'com.datastax.oss.driver.api.core.CqlSession'
2024-05-17T15:11:52.102+02:00 TRACE 4684 --- [clothlogix] [           main] o.s.b.a.condition.OnClassCondition       : Condition OnClassCondition on org.springframework.boot.autoconfigure.couchbase.CouchbaseAutoConfiguration did not match due to @ConditionalOnClass did not find required class 'com.couchbase.client.java.Cluster'
2024-05-17T15:11:52.102+02:00 TRACE 4684 --- [clothlogix] [           main] o.s.b.a.condition.OnClassCondition       : Condition OnClassCondition on org.springframework.boot.autoconfigure.data.cassandra.CassandraDataAutoConfiguration did not match due to @ConditionalOnClass did not find required class 'com.datastax.oss.driver.api.core.CqlSession'
2024-05-17T15:11:52.102+02:00 TRACE 4684 --- [clothlogix] [           main] o.s.b.a.condition.OnClassCondition       : Condition OnClassCondition on org.springframework.boot.autoconfigure.data.cassandra.CassandraReactiveDataAutoConfiguration did not match due to @ConditionalOnClass did not find required class 'com.datastax.oss.driver.api.core.CqlSession'
2024-05-17T15:11:52.102+02:00 TRACE 4684 --- [clothlogix] [           main] o.s.b.a.condition.OnClassCondition       : Condition OnClassCondition on org.springframework.boot.autoconfigure.data.cassandra.CassandraReactiveRepositoriesAutoConfiguration did not match due to @ConditionalOnClass did not find required class 'org.springframework.data.cassandra.ReactiveSession'
2024-05-17T15:11:52.102+02:00 TRACE 4684 --- [clothlogix] [           main] o.s.b.a.condition.OnClassCondition       : Condition OnClassCondition on org.springframework.boot.autoconfigure.data.cassandra.CassandraRepositoriesAutoConfiguration did not match due to @ConditionalOnClass did not find required class 'com.datastax.oss.driver.api.core.CqlSession'
2024-05-17T15:11:52.102+02:00 TRACE 4684 --- [clothlogix] [           main] o.s.b.a.condition.OnClassCondition       : Condition OnClassCondition on org.springframework.boot.autoconfigure.data.couchbase.CouchbaseDataAutoConfiguration did not match due to @ConditionalOnClass did not find required class 'com.couchbase.client.java.Bucket'
2024-05-17T15:11:52.102+02:00 TRACE 4684 --- [clothlogix] [           main] o.s.b.a.condition.OnClassCondition       : Condition OnClassCondition on org.springframework.boot.autoconfigure.data.couchbase.CouchbaseReactiveDataAutoConfiguration did not match due to @ConditionalOnClass did not find required class 'com.couchbase.client.java.Cluster'
2024-05-17T15:11:52.102+02:00 TRACE 4684 --- [clothlogix] [           main] o.s.b.a.condition.OnClassCondition       : Condition OnClassCondition on org.springframework.boot.autoconfigure.data.couchbase.CouchbaseReactiveRepositoriesAutoConfiguration did not match due to @ConditionalOnClass did not find required class 'com.couchbase.client.java.Cluster'
2024-05-17T15:11:52.102+02:00 TRACE 4684 --- [clothlogix] [           main] o.s.b.a.condition.OnClassCondition       : Condition OnClassCondition on org.springframework.boot.autoconfigure.data.couchbase.CouchbaseRepositoriesAutoConfiguration did not match due to @ConditionalOnClass did not find required class 'com.couchbase.client.java.Bucket'
2024-05-17T15:11:52.102+02:00 TRACE 4684 --- [clothlogix] [           main] o.s.b.a.condition.OnClassCondition       : Condition OnClassCondition on org.springframework.boot.autoconfigure.data.elasticsearch.ElasticsearchDataAutoConfiguration did not match due to @ConditionalOnClass did not find required class 'org.springframework.data.elasticsearch.client.elc.ElasticsearchTemplate'
2024-05-17T15:11:52.102+02:00 TRACE 4684 --- [clothlogix] [           main] o.s.b.a.condition.OnClassCondition       : Condition OnClassCondition on org.springframework.boot.autoconfigure.data.elasticsearch.ElasticsearchRepositoriesAutoConfiguration did not match due to @ConditionalOnClass did not find required class 'org.springframework.data.elasticsearch.repository.ElasticsearchRepository'
2024-05-17T15:11:52.102+02:00 TRACE 4684 --- [clothlogix] [           main] o.s.b.a.condition.OnClassCondition       : Condition OnClassCondition on org.springframework.boot.autoconfigure.data.elasticsearch.ReactiveElasticsearchRepositoriesAutoConfiguration did not match due to @ConditionalOnClass did not find required class 'org.springframework.data.elasticsearch.client.elc.ReactiveElasticsearchClient'
2024-05-17T15:11:52.102+02:00 TRACE 4684 --- [clothlogix] [           main] o.s.b.a.condition.OnClassCondition       : Condition OnClassCondition on org.springframework.boot.autoconfigure.data.jdbc.JdbcRepositoriesAutoConfiguration did not match due to @ConditionalOnClass did not find required class 'org.springframework.data.jdbc.repository.config.AbstractJdbcConfiguration'
2024-05-17T15:11:52.102+02:00 TRACE 4684 --- [clothlogix] [           main] o.s.b.a.condition.OnClassCondition       : Condition OnClassCondition on org.springframework.boot.autoconfigure.data.ldap.LdapRepositoriesAutoConfiguration did not match due to @ConditionalOnClass did not find required class 'org.springframework.data.ldap.repository.LdapRepository'
2024-05-17T15:11:52.102+02:00 TRACE 4684 --- [clothlogix] [           main] o.s.b.a.condition.OnClassCondition       : Condition OnClassCondition on org.springframework.boot.autoconfigure.data.mongo.MongoDataAutoConfiguration did not match due to @ConditionalOnClass did not find required class 'com.mongodb.client.MongoClient'
2024-05-17T15:11:52.102+02:00 TRACE 4684 --- [clothlogix] [           main] o.s.b.a.condition.OnClassCondition       : Condition OnClassCondition on org.springframework.boot.autoconfigure.data.mongo.MongoReactiveDataAutoConfiguration did not match due to @ConditionalOnClass did not find required class 'com.mongodb.reactivestreams.client.MongoClient'
2024-05-17T15:11:52.102+02:00 TRACE 4684 --- [clothlogix] [           main] o.s.b.a.condition.OnClassCondition       : Condition OnClassCondition on org.springframework.boot.autoconfigure.data.mongo.MongoReactiveRepositoriesAutoConfiguration did not match due to @ConditionalOnClass did not find required class 'com.mongodb.reactivestreams.client.MongoClient'
2024-05-17T15:11:52.102+02:00 TRACE 4684 --- [clothlogix] [           main] o.s.b.a.condition.OnClassCondition       : Condition OnClassCondition on org.springframework.boot.autoconfigure.data.mongo.MongoRepositoriesAutoConfiguration did not match due to @ConditionalOnClass did not find required class 'com.mongodb.client.MongoClient'
2024-05-17T15:11:52.102+02:00 TRACE 4684 --- [clothlogix] [           main] o.s.b.a.condition.OnClassCondition       : Condition OnClassCondition on org.springframework.boot.autoconfigure.data.neo4j.Neo4jDataAutoConfiguration did not match due to @ConditionalOnClass did not find required class 'org.neo4j.driver.Driver'
2024-05-17T15:11:52.102+02:00 TRACE 4684 --- [clothlogix] [           main] o.s.b.a.condition.OnClassCondition       : Condition OnClassCondition on org.springframework.boot.autoconfigure.data.neo4j.Neo4jReactiveDataAutoConfiguration did not match due to @ConditionalOnClass did not find required class 'org.neo4j.driver.Driver'
2024-05-17T15:11:52.102+02:00 TRACE 4684 --- [clothlogix] [           main] o.s.b.a.condition.OnClassCondition       : Condition OnClassCondition on org.springframework.boot.autoconfigure.data.neo4j.Neo4jReactiveRepositoriesAutoConfiguration did not match due to @ConditionalOnClass did not find required class 'org.neo4j.driver.Driver'
2024-05-17T15:11:52.102+02:00 TRACE 4684 --- [clothlogix] [           main] o.s.b.a.condition.OnClassCondition       : Condition OnClassCondition on org.springframework.boot.autoconfigure.data.neo4j.Neo4jRepositoriesAutoConfiguration did not match due to @ConditionalOnClass did not find required class 'org.neo4j.driver.Driver'
2024-05-17T15:11:52.102+02:00 TRACE 4684 --- [clothlogix] [           main] o.s.b.a.condition.OnClassCondition       : Condition OnClassCondition on org.springframework.boot.autoconfigure.data.r2dbc.R2dbcDataAutoConfiguration did not match due to @ConditionalOnClass did not find required class 'org.springframework.data.r2dbc.core.R2dbcEntityTemplate'
2024-05-17T15:11:52.102+02:00 TRACE 4684 --- [clothlogix] [           main] o.s.b.a.condition.OnClassCondition       : Condition OnClassCondition on org.springframework.boot.autoconfigure.data.r2dbc.R2dbcRepositoriesAutoConfiguration did not match due to @ConditionalOnClass did not find required class 'io.r2dbc.spi.ConnectionFactory'
2024-05-17T15:11:52.102+02:00 TRACE 4684 --- [clothlogix] [           main] o.s.b.a.condition.OnClassCondition       : Condition OnClassCondition on org.springframework.boot.autoconfigure.data.redis.RedisAutoConfiguration did not match due to @ConditionalOnClass did not find required class 'org.springframework.data.redis.core.RedisOperations'
2024-05-17T15:11:52.102+02:00 TRACE 4684 --- [clothlogix] [           main] o.s.b.a.condition.OnClassCondition       : Condition OnClassCondition on org.springframework.boot.autoconfigure.data.redis.RedisReactiveAutoConfiguration did not match due to @ConditionalOnClass did not find required class 'reactor.core.publisher.Flux'
2024-05-17T15:11:52.102+02:00 TRACE 4684 --- [clothlogix] [           main] o.s.b.a.condition.OnClassCondition       : Condition OnClassCondition on org.springframework.boot.autoconfigure.data.redis.RedisRepositoriesAutoConfiguration did not match due to @ConditionalOnClass did not find required class 'org.springframework.data.redis.repository.configuration.EnableRedisRepositories'
2024-05-17T15:11:52.102+02:00 TRACE 4684 --- [clothlogix] [           main] o.s.b.a.condition.OnClassCondition       : Condition OnClassCondition on org.springframework.boot.autoconfigure.elasticsearch.ElasticsearchClientAutoConfiguration did not match due to @ConditionalOnClass did not find required class 'co.elastic.clients.elasticsearch.ElasticsearchClient'
2024-05-17T15:11:52.102+02:00 TRACE 4684 --- [clothlogix] [           main] o.s.b.a.condition.OnClassCondition       : Condition OnClassCondition on org.springframework.boot.autoconfigure.elasticsearch.ElasticsearchRestClientAutoConfiguration did not match due to @ConditionalOnClass did not find required class 'org.elasticsearch.client.RestClientBuilder'
2024-05-17T15:11:52.102+02:00 TRACE 4684 --- [clothlogix] [           main] o.s.b.a.condition.OnClassCondition       : Condition OnClassCondition on org.springframework.boot.autoconfigure.elasticsearch.ReactiveElasticsearchClientAutoConfiguration did not match due to @ConditionalOnClass did not find required class 'co.elastic.clients.transport.ElasticsearchTransport'
2024-05-17T15:11:52.102+02:00 TRACE 4684 --- [clothlogix] [           main] o.s.b.a.condition.OnClassCondition       : Condition OnClassCondition on org.springframework.boot.autoconfigure.flyway.FlywayAutoConfiguration did not match due to @ConditionalOnClass did not find required class 'org.flywaydb.core.Flyway'
2024-05-17T15:11:52.102+02:00 TRACE 4684 --- [clothlogix] [           main] o.s.b.a.condition.OnClassCondition       : Condition OnClassCondition on org.springframework.boot.autoconfigure.freemarker.FreeMarkerAutoConfiguration did not match due to @ConditionalOnClass did not find required class 'freemarker.template.Configuration'
2024-05-17T15:11:52.102+02:00 TRACE 4684 --- [clothlogix] [           main] o.s.b.a.condition.OnClassCondition       : Condition OnClassCondition on org.springframework.boot.autoconfigure.graphql.GraphQlAutoConfiguration did not match due to @ConditionalOnClass did not find required class 'graphql.GraphQL'
2024-05-17T15:11:52.102+02:00 TRACE 4684 --- [clothlogix] [           main] o.s.b.a.condition.OnClassCondition       : Condition OnClassCondition on org.springframework.boot.autoconfigure.graphql.data.GraphQlReactiveQueryByExampleAutoConfiguration did not match due to @ConditionalOnClass did not find required class 'graphql.GraphQL'
2024-05-17T15:11:52.102+02:00 TRACE 4684 --- [clothlogix] [           main] o.s.b.a.condition.OnClassCondition       : Condition OnClassCondition on org.springframework.boot.autoconfigure.graphql.data.GraphQlReactiveQuerydslAutoConfiguration did not match due to @ConditionalOnClass did not find required class 'com.querydsl.core.Query'
2024-05-17T15:11:52.102+02:00 TRACE 4684 --- [clothlogix] [           main] o.s.b.a.condition.OnClassCondition       : Condition OnClassCondition on org.springframework.boot.autoconfigure.graphql.data.GraphQlQueryByExampleAutoConfiguration did not match due to @ConditionalOnClass did not find required class 'graphql.GraphQL'
2024-05-17T15:11:52.102+02:00 TRACE 4684 --- [clothlogix] [           main] o.s.b.a.condition.OnClassCondition       : Condition OnClassCondition on org.springframework.boot.autoconfigure.graphql.data.GraphQlQuerydslAutoConfiguration did not match due to @ConditionalOnClass did not find required class 'com.querydsl.core.Query'
2024-05-17T15:11:52.102+02:00 TRACE 4684 --- [clothlogix] [           main] o.s.b.a.condition.OnClassCondition       : Condition OnClassCondition on org.springframework.boot.autoconfigure.graphql.reactive.GraphQlWebFluxAutoConfiguration did not match due to @ConditionalOnClass did not find required class 'graphql.GraphQL'
2024-05-17T15:11:52.102+02:00 TRACE 4684 --- [clothlogix] [           main] o.s.b.a.condition.OnClassCondition       : Condition OnClassCondition on org.springframework.boot.autoconfigure.graphql.rsocket.GraphQlRSocketAutoConfiguration did not match due to @ConditionalOnClass did not find required class 'graphql.GraphQL'
2024-05-17T15:11:52.102+02:00 TRACE 4684 --- [clothlogix] [           main] o.s.b.a.condition.OnClassCondition       : Condition OnClassCondition on org.springframework.boot.autoconfigure.graphql.rsocket.RSocketGraphQlClientAutoConfiguration did not match due to @ConditionalOnClass did not find required class 'graphql.GraphQL'
2024-05-17T15:11:52.102+02:00 TRACE 4684 --- [clothlogix] [           main] o.s.b.a.condition.OnClassCondition       : Condition OnClassCondition on org.springframework.boot.autoconfigure.graphql.security.GraphQlWebFluxSecurityAutoConfiguration did not match due to @ConditionalOnClass did not find required class 'graphql.GraphQL'
2024-05-17T15:11:52.102+02:00 TRACE 4684 --- [clothlogix] [           main] o.s.b.a.condition.OnClassCondition       : Condition OnClassCondition on org.springframework.boot.autoconfigure.graphql.security.GraphQlWebMvcSecurityAutoConfiguration did not match due to @ConditionalOnClass did not find required class 'graphql.GraphQL'
2024-05-17T15:11:52.102+02:00 TRACE 4684 --- [clothlogix] [           main] o.s.b.a.condition.OnClassCondition       : Condition OnClassCondition on org.springframework.boot.autoconfigure.graphql.servlet.GraphQlWebMvcAutoConfiguration did not match due to @ConditionalOnClass did not find required class 'graphql.GraphQL'
2024-05-17T15:11:52.102+02:00 TRACE 4684 --- [clothlogix] [           main] o.s.b.a.condition.OnClassCondition       : Condition OnClassCondition on org.springframework.boot.autoconfigure.groovy.template.GroovyTemplateAutoConfiguration did not match due to @ConditionalOnClass did not find required class 'groovy.text.markup.MarkupTemplateEngine'
2024-05-17T15:11:52.102+02:00 TRACE 4684 --- [clothlogix] [           main] o.s.b.a.condition.OnClassCondition       : Condition OnClassCondition on org.springframework.boot.autoconfigure.gson.GsonAutoConfiguration did not match due to @ConditionalOnClass did not find required class 'com.google.gson.Gson'
2024-05-17T15:11:52.102+02:00 TRACE 4684 --- [clothlogix] [           main] o.s.b.a.condition.OnClassCondition       : Condition OnClassCondition on org.springframework.boot.autoconfigure.h2.H2ConsoleAutoConfiguration did not match due to @ConditionalOnClass did not find required class 'org.h2.server.web.JakartaWebServlet'
2024-05-17T15:11:52.102+02:00 TRACE 4684 --- [clothlogix] [           main] o.s.b.a.condition.OnClassCondition       : Condition OnClassCondition on org.springframework.boot.autoconfigure.hazelcast.HazelcastAutoConfiguration did not match due to @ConditionalOnClass did not find required class 'com.hazelcast.core.HazelcastInstance'
2024-05-17T15:11:52.102+02:00 TRACE 4684 --- [clothlogix] [           main] o.s.b.a.condition.OnClassCondition       : Condition OnClassCondition on org.springframework.boot.autoconfigure.hazelcast.HazelcastJpaDependencyAutoConfiguration did not match due to @ConditionalOnClass did not find required class 'com.hazelcast.core.HazelcastInstance'
2024-05-17T15:11:52.102+02:00 TRACE 4684 --- [clothlogix] [           main] o.s.b.a.condition.OnClassCondition       : Condition OnClassCondition on org.springframework.boot.autoconfigure.http.codec.CodecsAutoConfiguration did not match due to @ConditionalOnClass did not find required class 'org.springframework.web.reactive.function.client.WebClient'
2024-05-17T15:11:52.102+02:00 TRACE 4684 --- [clothlogix] [           main] o.s.b.a.condition.OnClassCondition       : Condition OnClassCondition on org.springframework.boot.autoconfigure.influx.InfluxDbAutoConfiguration did not match due to @ConditionalOnClass did not find required class 'org.influxdb.InfluxDB'
2024-05-17T15:11:52.102+02:00 TRACE 4684 --- [clothlogix] [           main] o.s.b.a.condition.OnClassCondition       : Condition OnClassCondition on org.springframework.boot.autoconfigure.integration.IntegrationAutoConfiguration did not match due to @ConditionalOnClass did not find required class 'org.springframework.integration.config.EnableIntegration'
2024-05-17T15:11:52.102+02:00 TRACE 4684 --- [clothlogix] [           main] o.s.b.a.condition.OnClassCondition       : Condition OnClassCondition on org.springframework.boot.autoconfigure.jersey.JerseyAutoConfiguration did not match due to @ConditionalOnClass did not find required class 'org.glassfish.jersey.server.spring.SpringComponentProvider'
2024-05-17T15:11:52.102+02:00 TRACE 4684 --- [clothlogix] [           main] o.s.b.a.condition.OnClassCondition       : Condition OnClassCondition on org.springframework.boot.autoconfigure.jms.JmsAutoConfiguration did not match due to @ConditionalOnClass did not find required class 'jakarta.jms.Message'
2024-05-17T15:11:52.102+02:00 TRACE 4684 --- [clothlogix] [           main] o.s.b.a.condition.OnClassCondition       : Condition OnClassCondition on org.springframework.boot.autoconfigure.jms.JndiConnectionFactoryAutoConfiguration did not match due to @ConditionalOnClass did not find required class 'org.springframework.jms.core.JmsTemplate'
2024-05-17T15:11:52.102+02:00 TRACE 4684 --- [clothlogix] [           main] o.s.b.a.condition.OnClassCondition       : Condition OnClassCondition on org.springframework.boot.autoconfigure.jms.activemq.ActiveMQAutoConfiguration did not match due to @ConditionalOnClass did not find required class 'jakarta.jms.ConnectionFactory'
2024-05-17T15:11:52.102+02:00 TRACE 4684 --- [clothlogix] [           main] o.s.b.a.condition.OnClassCondition       : Condition OnClassCondition on org.springframework.boot.autoconfigure.jms.artemis.ArtemisAutoConfiguration did not match due to @ConditionalOnClass did not find required class 'jakarta.jms.ConnectionFactory'
2024-05-17T15:11:52.102+02:00 TRACE 4684 --- [clothlogix] [           main] o.s.b.a.condition.OnClassCondition       : Condition OnClassCondition on org.springframework.boot.autoconfigure.jooq.JooqAutoConfiguration did not match due to @ConditionalOnClass did not find required class 'org.jooq.DSLContext'
2024-05-17T15:11:52.102+02:00 TRACE 4684 --- [clothlogix] [           main] o.s.b.a.condition.OnClassCondition       : Condition OnClassCondition on org.springframework.boot.autoconfigure.jsonb.JsonbAutoConfiguration did not match due to @ConditionalOnClass did not find required class 'jakarta.json.bind.Jsonb'
2024-05-17T15:11:52.102+02:00 TRACE 4684 --- [clothlogix] [           main] o.s.b.a.condition.OnClassCondition       : Condition OnClassCondition on org.springframework.boot.autoconfigure.kafka.KafkaAutoConfiguration did not match due to @ConditionalOnClass did not find required class 'org.springframework.kafka.core.KafkaTemplate'
2024-05-17T15:11:52.102+02:00 TRACE 4684 --- [clothlogix] [           main] o.s.b.a.condition.OnClassCondition       : Condition OnClassCondition on org.springframework.boot.autoconfigure.ldap.embedded.EmbeddedLdapAutoConfiguration did not match due to @ConditionalOnClass did not find required class 'com.unboundid.ldap.listener.InMemoryDirectoryServer'
2024-05-17T15:11:52.102+02:00 TRACE 4684 --- [clothlogix] [           main] o.s.b.a.condition.OnClassCondition       : Condition OnClassCondition on org.springframework.boot.autoconfigure.ldap.LdapAutoConfiguration did not match due to @ConditionalOnClass did not find required class 'org.springframework.ldap.core.ContextSource'
2024-05-17T15:11:52.102+02:00 TRACE 4684 --- [clothlogix] [           main] o.s.b.a.condition.OnClassCondition       : Condition OnClassCondition on org.springframework.boot.autoconfigure.liquibase.LiquibaseAutoConfiguration did not match due to @ConditionalOnClass did not find required class 'liquibase.change.DatabaseChange'
2024-05-17T15:11:52.102+02:00 TRACE 4684 --- [clothlogix] [           main] o.s.b.a.condition.OnClassCondition       : Condition OnClassCondition on org.springframework.boot.autoconfigure.mail.MailSenderAutoConfiguration did not match due to @ConditionalOnClass did not find required class 'jakarta.mail.internet.MimeMessage'
2024-05-17T15:11:52.102+02:00 TRACE 4684 --- [clothlogix] [           main] o.s.b.a.condition.OnClassCondition       : Condition OnClassCondition on org.springframework.boot.autoconfigure.mongo.MongoAutoConfiguration did not match due to @ConditionalOnClass did not find required class 'com.mongodb.client.MongoClient'
2024-05-17T15:11:52.102+02:00 TRACE 4684 --- [clothlogix] [           main] o.s.b.a.condition.OnClassCondition       : Condition OnClassCondition on org.springframework.boot.autoconfigure.mongo.MongoReactiveAutoConfiguration did not match due to @ConditionalOnClass did not find required class 'com.mongodb.reactivestreams.client.MongoClient'
2024-05-17T15:11:52.102+02:00 TRACE 4684 --- [clothlogix] [           main] o.s.b.a.condition.OnClassCondition       : Condition OnClassCondition on org.springframework.boot.autoconfigure.mustache.MustacheAutoConfiguration did not match due to @ConditionalOnClass did not find required class 'com.samskivert.mustache.Mustache'
2024-05-17T15:11:52.102+02:00 TRACE 4684 --- [clothlogix] [           main] o.s.b.a.condition.OnClassCondition       : Condition OnClassCondition on org.springframework.boot.autoconfigure.neo4j.Neo4jAutoConfiguration did not match due to @ConditionalOnClass did not find required class 'org.neo4j.driver.Driver'
2024-05-17T15:11:52.102+02:00 TRACE 4684 --- [clothlogix] [           main] o.s.b.a.condition.OnClassCondition       : Condition OnClassCondition on org.springframework.boot.autoconfigure.netty.NettyAutoConfiguration did not match due to @ConditionalOnClass did not find required class 'io.netty.util.NettyRuntime'
2024-05-17T15:11:52.102+02:00 TRACE 4684 --- [clothlogix] [           main] o.s.b.a.condition.OnClassCondition       : Condition OnClassCondition on org.springframework.boot.autoconfigure.pulsar.PulsarAutoConfiguration did not match due to @ConditionalOnClass did not find required class 'org.apache.pulsar.client.api.PulsarClient'
2024-05-17T15:11:52.102+02:00 TRACE 4684 --- [clothlogix] [           main] o.s.b.a.condition.OnClassCondition       : Condition OnClassCondition on org.springframework.boot.autoconfigure.pulsar.PulsarReactiveAutoConfiguration did not match due to @ConditionalOnClass did not find required class 'org.apache.pulsar.client.api.PulsarClient'
2024-05-17T15:11:52.102+02:00 TRACE 4684 --- [clothlogix] [           main] o.s.b.a.condition.OnClassCondition       : Condition OnClassCondition on org.springframework.boot.autoconfigure.quartz.QuartzAutoConfiguration did not match due to @ConditionalOnClass did not find required class 'org.quartz.Scheduler'
2024-05-17T15:11:52.102+02:00 TRACE 4684 --- [clothlogix] [           main] o.s.b.a.condition.OnClassCondition       : Condition OnClassCondition on org.springframework.boot.autoconfigure.r2dbc.R2dbcAutoConfiguration did not match due to @ConditionalOnClass did not find required class 'io.r2dbc.spi.ConnectionFactory'
2024-05-17T15:11:52.102+02:00 TRACE 4684 --- [clothlogix] [           main] o.s.b.a.condition.OnClassCondition       : Condition OnClassCondition on org.springframework.boot.autoconfigure.r2dbc.R2dbcTransactionManagerAutoConfiguration did not match due to @ConditionalOnClass did not find required class 'org.springframework.r2dbc.connection.R2dbcTransactionManager'
2024-05-17T15:11:52.102+02:00 TRACE 4684 --- [clothlogix] [           main] o.s.b.a.condition.OnClassCondition       : Condition OnClassCondition on org.springframework.boot.autoconfigure.reactor.ReactorAutoConfiguration did not match due to @ConditionalOnClass did not find required class 'reactor.core.publisher.Hooks'
2024-05-17T15:11:52.102+02:00 TRACE 4684 --- [clothlogix] [           main] o.s.b.a.condition.OnClassCondition       : Condition OnClassCondition on org.springframework.boot.autoconfigure.rsocket.RSocketMessagingAutoConfiguration did not match due to @ConditionalOnClass did not find required class 'io.rsocket.RSocket'
2024-05-17T15:11:52.102+02:00 TRACE 4684 --- [clothlogix] [           main] o.s.b.a.condition.OnClassCondition       : Condition OnClassCondition on org.springframework.boot.autoconfigure.rsocket.RSocketRequesterAutoConfiguration did not match due to @ConditionalOnClass did not find required class 'io.rsocket.RSocket'
2024-05-17T15:11:52.102+02:00 TRACE 4684 --- [clothlogix] [           main] o.s.b.a.condition.OnClassCondition       : Condition OnClassCondition on org.springframework.boot.autoconfigure.rsocket.RSocketServerAutoConfiguration did not match due to @ConditionalOnClass did not find required class 'io.rsocket.core.RSocketServer'
2024-05-17T15:11:52.102+02:00 TRACE 4684 --- [clothlogix] [           main] o.s.b.a.condition.OnClassCondition       : Condition OnClassCondition on org.springframework.boot.autoconfigure.rsocket.RSocketStrategiesAutoConfiguration did not match due to @ConditionalOnClass did not find required class 'io.netty.buffer.PooledByteBufAllocator'
2024-05-17T15:11:52.102+02:00 TRACE 4684 --- [clothlogix] [           main] o.s.b.a.condition.OnClassCondition       : Condition OnClassCondition on org.springframework.boot.autoconfigure.security.reactive.ReactiveSecurityAutoConfiguration did not match due to @ConditionalOnClass did not find required class 'reactor.core.publisher.Flux'
2024-05-17T15:11:52.102+02:00 TRACE 4684 --- [clothlogix] [           main] o.s.b.a.condition.OnClassCondition       : Condition OnClassCondition on org.springframework.boot.autoconfigure.security.rsocket.RSocketSecurityAutoConfiguration did not match due to @ConditionalOnClass did not find required class 'org.springframework.security.rsocket.core.SecuritySocketAcceptorInterceptor'
2024-05-17T15:11:52.102+02:00 TRACE 4684 --- [clothlogix] [           main] o.s.b.a.condition.OnClassCondition       : Condition OnClassCondition on org.springframework.boot.autoconfigure.security.saml2.Saml2RelyingPartyAutoConfiguration did not match due to @ConditionalOnClass did not find required class 'org.springframework.security.saml2.provider.service.registration.RelyingPartyRegistrationRepository'
2024-05-17T15:11:52.102+02:00 TRACE 4684 --- [clothlogix] [           main] o.s.b.a.condition.OnClassCondition       : Condition OnClassCondition on org.springframework.boot.autoconfigure.sendgrid.SendGridAutoConfiguration did not match due to @ConditionalOnClass did not find required class 'com.sendgrid.SendGrid'
2024-05-17T15:11:52.102+02:00 TRACE 4684 --- [clothlogix] [           main] o.s.b.a.condition.OnClassCondition       : Condition OnClassCondition on org.springframework.boot.autoconfigure.session.SessionAutoConfiguration did not match due to @ConditionalOnClass did not find required class 'org.springframework.session.Session'
2024-05-17T15:11:52.102+02:00 TRACE 4684 --- [clothlogix] [           main] o.s.b.a.condition.OnClassCondition       : Condition OnClassCondition on org.springframework.boot.autoconfigure.security.oauth2.client.servlet.OAuth2ClientAutoConfiguration did not match due to @ConditionalOnClass did not find required class 'org.springframework.security.oauth2.client.registration.ClientRegistration'
2024-05-17T15:11:52.102+02:00 TRACE 4684 --- [clothlogix] [           main] o.s.b.a.condition.OnClassCondition       : Condition OnClassCondition on org.springframework.boot.autoconfigure.security.oauth2.client.reactive.ReactiveOAuth2ClientAutoConfiguration did not match due to @ConditionalOnClass did not find required class 'reactor.core.publisher.Flux'
2024-05-17T15:11:52.102+02:00 TRACE 4684 --- [clothlogix] [           main] o.s.b.a.condition.OnClassCondition       : Condition OnClassCondition on org.springframework.boot.autoconfigure.security.oauth2.resource.servlet.OAuth2ResourceServerAutoConfiguration did not match due to @ConditionalOnClass did not find required class 'org.springframework.security.oauth2.server.resource.authentication.BearerTokenAuthenticationToken'
2024-05-17T15:11:52.102+02:00 TRACE 4684 --- [clothlogix] [           main] o.s.b.a.condition.OnClassCondition       : Condition OnClassCondition on org.springframework.boot.autoconfigure.security.oauth2.server.servlet.OAuth2AuthorizationServerAutoConfiguration did not match due to @ConditionalOnClass did not find required class 'org.springframework.security.oauth2.server.authorization.OAuth2Authorization'
2024-05-17T15:11:52.102+02:00 TRACE 4684 --- [clothlogix] [           main] o.s.b.a.condition.OnClassCondition       : Condition OnClassCondition on org.springframework.boot.autoconfigure.security.oauth2.server.servlet.OAuth2AuthorizationServerJwtAutoConfiguration did not match due to @ConditionalOnClass did not find required class 'org.springframework.security.oauth2.server.authorization.OAuth2Authorization'
2024-05-17T15:11:52.102+02:00 TRACE 4684 --- [clothlogix] [           main] o.s.b.a.condition.OnClassCondition       : Condition OnClassCondition on org.springframework.boot.autoconfigure.thymeleaf.ThymeleafAutoConfiguration did not match due to @ConditionalOnClass did not find required class 'org.thymeleaf.spring6.SpringTemplateEngine'
2024-05-17T15:11:52.102+02:00 TRACE 4684 --- [clothlogix] [           main] o.s.b.a.condition.OnClassCondition       : Condition OnClassCondition on org.springframework.boot.autoconfigure.web.reactive.HttpHandlerAutoConfiguration did not match due to @ConditionalOnClass did not find required class 'org.springframework.web.reactive.DispatcherHandler'
2024-05-17T15:11:52.102+02:00 TRACE 4684 --- [clothlogix] [           main] o.s.b.a.condition.OnClassCondition       : Condition OnClassCondition on org.springframework.boot.autoconfigure.web.reactive.ReactiveMultipartAutoConfiguration did not match due to @ConditionalOnClass did not find required class 'org.springframework.web.reactive.config.WebFluxConfigurer'
2024-05-17T15:11:52.102+02:00 TRACE 4684 --- [clothlogix] [           main] o.s.b.a.condition.OnClassCondition       : Condition OnClassCondition on org.springframework.boot.autoconfigure.web.reactive.WebFluxAutoConfiguration did not match due to @ConditionalOnClass did not find required class 'org.springframework.web.reactive.config.WebFluxConfigurer'
2024-05-17T15:11:52.102+02:00 TRACE 4684 --- [clothlogix] [           main] o.s.b.a.condition.OnClassCondition       : Condition OnClassCondition on org.springframework.boot.autoconfigure.web.reactive.WebSessionIdResolverAutoConfiguration did not match due to @ConditionalOnClass did not find required class 'reactor.core.publisher.Mono'
2024-05-17T15:11:52.102+02:00 TRACE 4684 --- [clothlogix] [           main] o.s.b.a.condition.OnClassCondition       : Condition OnClassCondition on org.springframework.boot.autoconfigure.web.reactive.error.ErrorWebFluxAutoConfiguration did not match due to @ConditionalOnClass did not find required class 'org.springframework.web.reactive.config.WebFluxConfigurer'
2024-05-17T15:11:52.102+02:00 TRACE 4684 --- [clothlogix] [           main] o.s.b.a.condition.OnClassCondition       : Condition OnClassCondition on org.springframework.boot.autoconfigure.web.reactive.function.client.ClientHttpConnectorAutoConfiguration did not match due to @ConditionalOnClass did not find required class 'org.springframework.web.reactive.function.client.WebClient'
2024-05-17T15:11:52.102+02:00 TRACE 4684 --- [clothlogix] [           main] o.s.b.a.condition.OnClassCondition       : Condition OnClassCondition on org.springframework.boot.autoconfigure.web.reactive.function.client.WebClientAutoConfiguration did not match due to @ConditionalOnClass did not find required class 'org.springframework.web.reactive.function.client.WebClient'
2024-05-17T15:11:52.102+02:00 TRACE 4684 --- [clothlogix] [           main] o.s.b.a.condition.OnClassCondition       : Condition OnClassCondition on org.springframework.boot.autoconfigure.websocket.servlet.WebSocketMessagingAutoConfiguration did not match due to @ConditionalOnClass did not find required class 'org.springframework.web.socket.config.annotation.WebSocketMessageBrokerConfigurer'
2024-05-17T15:11:52.102+02:00 TRACE 4684 --- [clothlogix] [           main] o.s.b.a.condition.OnClassCondition       : Condition OnClassCondition on org.springframework.boot.autoconfigure.webservices.WebServicesAutoConfiguration did not match due to @ConditionalOnClass did not find required class 'org.springframework.ws.transport.http.MessageDispatcherServlet'
2024-05-17T15:11:52.102+02:00 TRACE 4684 --- [clothlogix] [           main] o.s.b.a.condition.OnClassCondition       : Condition OnClassCondition on org.springframework.boot.autoconfigure.webservices.client.WebServiceTemplateAutoConfiguration did not match due to @ConditionalOnClass did not find required class 'org.springframework.oxm.Marshaller'
2024-05-17T15:11:52.102+02:00 TRACE 4684 --- [clothlogix] [           main] o.s.b.f.s.DefaultListableBeanFactory     : Returning cached instance of singleton bean 'autoConfigurationReport'
2024-05-17T15:11:52.112+02:00 TRACE 4684 --- [clothlogix] [           main] o.s.b.a.c.OnWebApplicationCondition      : Condition OnWebApplicationCondition on org.springframework.boot.autoconfigure.security.oauth2.resource.reactive.ReactiveOAuth2ResourceServerAutoConfiguration did not match due to @ConditionalOnWebApplication did not find reactive web application classes
2024-05-17T15:11:52.112+02:00 TRACE 4684 --- [clothlogix] [           main] o.s.b.a.c.OnWebApplicationCondition      : Condition OnWebApplicationCondition on org.springframework.boot.autoconfigure.web.reactive.ReactiveWebServerFactoryAutoConfiguration did not match due to @ConditionalOnWebApplication did not find reactive web application classes
2024-05-17T15:11:52.112+02:00 TRACE 4684 --- [clothlogix] [           main] o.s.b.a.c.OnWebApplicationCondition      : Condition OnWebApplicationCondition on org.springframework.boot.autoconfigure.websocket.reactive.WebSocketReactiveAutoConfiguration did not match due to @ConditionalOnWebApplication did not find reactive web application classes
2024-05-17T15:11:52.112+02:00 TRACE 4684 --- [clothlogix] [           main] o.s.b.f.s.DefaultListableBeanFactory     : Returning cached instance of singleton bean 'autoConfigurationReport'
2024-05-17T15:11:52.115+02:00 TRACE 4684 --- [clothlogix] [           main] o.s.b.a.condition.OnBeanCondition        : Condition OnBeanCondition on org.springframework.boot.autoconfigure.mail.MailSenderValidatorAutoConfiguration did not match due to @ConditionalOnSingleCandidate did not find required type 'org.springframework.mail.javamail.JavaMailSenderImpl'
2024-05-17T15:11:52.122+02:00 TRACE 4684 --- [clothlogix] [           main] o.s.b.a.AutoConfigurationImportSelector  : Filtered 106 auto configuration class in 67 ms
2024-05-17T15:11:52.122+02:00 TRACE 4684 --- [clothlogix] [           main] o.s.c.io.support.SpringFactoriesLoader   : Loaded [org.springframework.boot.autoconfigure.AutoConfigurationImportListener] names: [org.springframework.boot.autoconfigure.condition.ConditionEvaluationReportAutoConfigurationImportListener]
2024-05-17T15:11:52.124+02:00 TRACE 4684 --- [clothlogix] [           main] o.s.b.f.s.DefaultListableBeanFactory     : Returning cached instance of singleton bean 'autoConfigurationReport'
2024-05-17T15:11:52.124+02:00 TRACE 4684 --- [clothlogix] [           main] o.s.b.f.s.DefaultListableBeanFactory     : Returning cached instance of singleton bean 'org.springframework.boot.autoconfigure.internalCachingMetadataReaderFactory'
2024-05-17T15:11:52.132+02:00 TRACE 4684 --- [clothlogix] [           main] o.s.b.f.s.DefaultListableBeanFactory     : Returning cached instance of singleton bean 'autoConfigurationReport'
2024-05-17T15:11:52.138+02:00 TRACE 4684 --- [clothlogix] [           main] o.s.b.f.s.DefaultListableBeanFactory     : Returning cached instance of singleton bean 'autoConfigurationReport'
2024-05-17T15:11:52.138+02:00 TRACE 4684 --- [clothlogix] [           main] o.s.b.f.s.DefaultListableBeanFactory     : Returning cached instance of singleton bean 'autoConfigurationReport'
2024-05-17T15:11:52.138+02:00 TRACE 4684 --- [clothlogix] [           main] o.s.b.f.s.DefaultListableBeanFactory     : Returning cached instance of singleton bean 'autoConfigurationReport'
2024-05-17T15:11:52.138+02:00 TRACE 4684 --- [clothlogix] [           main] o.s.b.f.s.DefaultListableBeanFactory     : Returning cached instance of singleton bean 'autoConfigurationReport'
2024-05-17T15:11:52.138+02:00 TRACE 4684 --- [clothlogix] [           main] o.s.b.f.s.DefaultListableBeanFactory     : Returning cached instance of singleton bean 'autoConfigurationReport'
2024-05-17T15:11:52.147+02:00 TRACE 4684 --- [clothlogix] [           main] .i.s.PathMatchingResourcePatternResolver : Resolved module-path location pattern [messages.properties] to resources []
2024-05-17T15:11:52.147+02:00 TRACE 4684 --- [clothlogix] [           main] .i.s.PathMatchingResourcePatternResolver : Resolved class path location [messages.properties] to resources []
2024-05-17T15:11:52.147+02:00 TRACE 4684 --- [clothlogix] [           main] utoConfiguration$ResourceBundleCondition : Condition MessageSourceAutoConfiguration.ResourceBundleCondition on org.springframework.boot.autoconfigure.context.MessageSourceAutoConfiguration did not match due to ResourceBundle did not find bundle with basename messages
2024-05-17T15:11:52.147+02:00 TRACE 4684 --- [clothlogix] [           main] o.s.b.f.s.DefaultListableBeanFactory     : Returning cached instance of singleton bean 'autoConfigurationReport'
2024-05-17T15:11:52.147+02:00 TRACE 4684 --- [clothlogix] [           main] o.s.b.f.s.DefaultListableBeanFactory     : Returning cached instance of singleton bean 'autoConfigurationReport'
2024-05-17T15:11:52.147+02:00 TRACE 4684 --- [clothlogix] [           main] o.s.b.f.s.DefaultListableBeanFactory     : Returning cached instance of singleton bean 'autoConfigurationReport'
2024-05-17T15:11:52.147+02:00 TRACE 4684 --- [clothlogix] [           main] o.s.b.f.s.DefaultListableBeanFactory     : Returning cached instance of singleton bean 'autoConfigurationReport'
2024-05-17T15:11:52.147+02:00 TRACE 4684 --- [clothlogix] [           main] o.s.b.f.s.DefaultListableBeanFactory     : Returning cached instance of singleton bean 'autoConfigurationReport'
2024-05-17T15:11:52.147+02:00 TRACE 4684 --- [clothlogix] [           main] o.s.b.f.s.DefaultListableBeanFactory     : Returning cached instance of singleton bean 'autoConfigurationReport'
2024-05-17T15:11:52.147+02:00 TRACE 4684 --- [clothlogix] [           main] o.s.b.f.s.DefaultListableBeanFactory     : Returning cached instance of singleton bean 'autoConfigurationReport'
2024-05-17T15:11:52.147+02:00 TRACE 4684 --- [clothlogix] [           main] o.s.b.f.s.DefaultListableBeanFactory     : Returning cached instance of singleton bean 'autoConfigurationReport'
2024-05-17T15:11:52.147+02:00 TRACE 4684 --- [clothlogix] [           main] o.s.b.f.s.DefaultListableBeanFactory     : Returning cached instance of singleton bean 'autoConfigurationReport'
2024-05-17T15:11:52.147+02:00 TRACE 4684 --- [clothlogix] [           main] o.s.b.f.s.DefaultListableBeanFactory     : Returning cached instance of singleton bean 'autoConfigurationReport'
2024-05-17T15:11:52.152+02:00 TRACE 4684 --- [clothlogix] [           main] o.s.b.f.s.DefaultListableBeanFactory     : Returning cached instance of singleton bean 'autoConfigurationReport'
2024-05-17T15:11:52.152+02:00 TRACE 4684 --- [clothlogix] [           main] o.s.b.f.s.DefaultListableBeanFactory     : Returning cached instance of singleton bean 'autoConfigurationReport'
2024-05-17T15:11:52.152+02:00 TRACE 4684 --- [clothlogix] [           main] o.s.b.f.s.DefaultListableBeanFactory     : Returning cached instance of singleton bean 'autoConfigurationReport'
2024-05-17T15:11:52.152+02:00 TRACE 4684 --- [clothlogix] [           main] o.s.b.f.s.DefaultListableBeanFactory     : Returning cached instance of singleton bean 'autoConfigurationReport'
2024-05-17T15:11:52.152+02:00 TRACE 4684 --- [clothlogix] [           main] o.s.b.f.s.DefaultListableBeanFactory     : Returning cached instance of singleton bean 'autoConfigurationReport'
2024-05-17T15:11:52.152+02:00 TRACE 4684 --- [clothlogix] [           main] o.s.b.f.s.DefaultListableBeanFactory     : Returning cached instance of singleton bean 'autoConfigurationReport'
2024-05-17T15:11:52.152+02:00 TRACE 4684 --- [clothlogix] [           main] o.s.b.f.s.DefaultListableBeanFactory     : Returning cached instance of singleton bean 'autoConfigurationReport'
2024-05-17T15:11:52.152+02:00 TRACE 4684 --- [clothlogix] [           main] o.s.b.f.s.DefaultListableBeanFactory     : Returning cached instance of singleton bean 'autoConfigurationReport'
2024-05-17T15:11:52.152+02:00 TRACE 4684 --- [clothlogix] [           main] o.s.b.f.s.DefaultListableBeanFactory     : Returning cached instance of singleton bean 'autoConfigurationReport'
2024-05-17T15:11:52.152+02:00 TRACE 4684 --- [clothlogix] [           main] o.s.b.f.s.DefaultListableBeanFactory     : Returning cached instance of singleton bean 'autoConfigurationReport'
2024-05-17T15:11:52.152+02:00 TRACE 4684 --- [clothlogix] [           main] o.s.b.f.s.DefaultListableBeanFactory     : Returning cached instance of singleton bean 'autoConfigurationReport'
2024-05-17T15:11:52.152+02:00 TRACE 4684 --- [clothlogix] [           main] o.s.b.f.s.DefaultListableBeanFactory     : Returning cached instance of singleton bean 'autoConfigurationReport'
2024-05-17T15:11:52.152+02:00 TRACE 4684 --- [clothlogix] [           main] o.s.b.f.s.DefaultListableBeanFactory     : Returning cached instance of singleton bean 'autoConfigurationReport'
2024-05-17T15:11:52.152+02:00 TRACE 4684 --- [clothlogix] [           main] o.s.b.f.s.DefaultListableBeanFactory     : Returning cached instance of singleton bean 'autoConfigurationReport'
2024-05-17T15:11:52.152+02:00 TRACE 4684 --- [clothlogix] [           main] o.s.b.f.s.DefaultListableBeanFactory     : Returning cached instance of singleton bean 'autoConfigurationReport'
2024-05-17T15:11:52.152+02:00 TRACE 4684 --- [clothlogix] [           main] o.s.b.a.condition.OnClassCondition       : Condition OnClassCondition on org.springframework.boot.autoconfigure.websocket.servlet.WebSocketServletAutoConfiguration matched due to @ConditionalOnClass found required classes 'jakarta.servlet.Servlet', 'jakarta.websocket.server.ServerContainer'
2024-05-17T15:11:52.152+02:00 TRACE 4684 --- [clothlogix] [           main] o.s.b.f.s.DefaultListableBeanFactory     : Returning cached instance of singleton bean 'autoConfigurationReport'
2024-05-17T15:11:52.152+02:00 TRACE 4684 --- [clothlogix] [           main] o.s.b.a.c.OnWebApplicationCondition      : Condition OnWebApplicationCondition on org.springframework.boot.autoconfigure.websocket.servlet.WebSocketServletAutoConfiguration matched due to found 'session' scope
2024-05-17T15:11:52.152+02:00 TRACE 4684 --- [clothlogix] [           main] o.s.b.f.s.DefaultListableBeanFactory     : Returning cached instance of singleton bean 'autoConfigurationReport'
2024-05-17T15:11:52.152+02:00 TRACE 4684 --- [clothlogix] [           main] o.s.b.f.s.DefaultListableBeanFactory     : Returning cached instance of singleton bean 'autoConfigurationReport'
2024-05-17T15:11:52.152+02:00 TRACE 4684 --- [clothlogix] [           main] o.s.b.f.s.DefaultListableBeanFactory     : Returning cached instance of singleton bean 'autoConfigurationReport'
2024-05-17T15:11:52.152+02:00 TRACE 4684 --- [clothlogix] [           main] o.s.b.f.s.DefaultListableBeanFactory     : Returning cached instance of singleton bean 'autoConfigurationReport'
2024-05-17T15:11:52.152+02:00 TRACE 4684 --- [clothlogix] [           main] o.s.b.a.condition.OnClassCondition       : Condition OnClassCondition on org.springframework.boot.autoconfigure.websocket.servlet.WebSocketServletAutoConfiguration$UndertowWebSocketConfiguration did not match due to @ConditionalOnClass did not find required class 'io.undertow.websockets.jsr.Bootstrap'
2024-05-17T15:11:52.152+02:00 TRACE 4684 --- [clothlogix] [           main] o.s.b.f.s.DefaultListableBeanFactory     : Returning cached instance of singleton bean 'autoConfigurationReport'
2024-05-17T15:11:52.152+02:00 TRACE 4684 --- [clothlogix] [           main] o.s.b.a.condition.OnClassCondition       : Condition OnClassCondition on org.springframework.boot.autoconfigure.websocket.servlet.WebSocketServletAutoConfiguration$JettyWebSocketConfiguration did not match due to @ConditionalOnClass did not find required class 'org.eclipse.jetty.ee10.websocket.jakarta.server.config.JakartaWebSocketServletContainerInitializer'
2024-05-17T15:11:52.152+02:00 TRACE 4684 --- [clothlogix] [           main] o.s.b.f.s.DefaultListableBeanFactory     : Returning cached instance of singleton bean 'autoConfigurationReport'
2024-05-17T15:11:52.152+02:00 TRACE 4684 --- [clothlogix] [           main] o.s.b.a.condition.OnClassCondition       : Condition OnClassCondition on org.springframework.boot.autoconfigure.websocket.servlet.WebSocketServletAutoConfiguration$TomcatWebSocketConfiguration matched due to @ConditionalOnClass found required classes 'org.apache.catalina.startup.Tomcat', 'org.apache.tomcat.websocket.server.WsSci'
2024-05-17T15:11:52.152+02:00 TRACE 4684 --- [clothlogix] [           main] o.s.b.f.s.DefaultListableBeanFactory     : Returning cached instance of singleton bean 'autoConfigurationReport'
2024-05-17T15:11:52.152+02:00 TRACE 4684 --- [clothlogix] [           main] o.s.b.f.s.DefaultListableBeanFactory     : Returning cached instance of singleton bean 'autoConfigurationReport'
2024-05-17T15:11:52.152+02:00 TRACE 4684 --- [clothlogix] [           main] o.s.b.f.s.DefaultListableBeanFactory     : Returning cached instance of singleton bean 'autoConfigurationReport'
2024-05-17T15:11:52.152+02:00 TRACE 4684 --- [clothlogix] [           main] o.s.b.f.s.DefaultListableBeanFactory     : Returning cached instance of singleton bean 'autoConfigurationReport'
2024-05-17T15:11:52.162+02:00 TRACE 4684 --- [clothlogix] [           main] o.s.b.f.s.DefaultListableBeanFactory     : Returning cached instance of singleton bean 'autoConfigurationReport'
2024-05-17T15:11:52.162+02:00 TRACE 4684 --- [clothlogix] [           main] o.s.b.f.s.DefaultListableBeanFactory     : Returning cached instance of singleton bean 'autoConfigurationReport'
2024-05-17T15:11:52.162+02:00 TRACE 4684 --- [clothlogix] [           main] o.s.b.f.s.DefaultListableBeanFactory     : Returning cached instance of singleton bean 'autoConfigurationReport'
2024-05-17T15:11:52.162+02:00 TRACE 4684 --- [clothlogix] [           main] o.s.b.f.s.DefaultListableBeanFactory     : Returning cached instance of singleton bean 'autoConfigurationReport'
2024-05-17T15:11:52.162+02:00 TRACE 4684 --- [clothlogix] [           main] o.s.b.f.s.DefaultListableBeanFactory     : Returning cached instance of singleton bean 'autoConfigurationReport'
2024-05-17T15:11:52.162+02:00 TRACE 4684 --- [clothlogix] [           main] o.s.b.f.s.DefaultListableBeanFactory     : Returning cached instance of singleton bean 'autoConfigurationReport'
2024-05-17T15:11:52.164+02:00 TRACE 4684 --- [clothlogix] [           main] o.s.b.a.condition.OnClassCondition       : Condition OnClassCondition on org.springframework.boot.autoconfigure.web.servlet.ServletWebServerFactoryAutoConfiguration matched due to @ConditionalOnClass found required class 'jakarta.servlet.ServletRequest'
2024-05-17T15:11:52.164+02:00 TRACE 4684 --- [clothlogix] [           main] o.s.b.f.s.DefaultListableBeanFactory     : Returning cached instance of singleton bean 'autoConfigurationReport'
2024-05-17T15:11:52.164+02:00 TRACE 4684 --- [clothlogix] [           main] o.s.b.a.c.OnWebApplicationCondition      : Condition OnWebApplicationCondition on org.springframework.boot.autoconfigure.web.servlet.ServletWebServerFactoryAutoConfiguration matched due to found 'session' scope
2024-05-17T15:11:52.164+02:00 TRACE 4684 --- [clothlogix] [           main] o.s.b.f.s.DefaultListableBeanFactory     : Returning cached instance of singleton bean 'autoConfigurationReport'
2024-05-17T15:11:52.164+02:00 TRACE 4684 --- [clothlogix] [           main] o.s.b.f.s.DefaultListableBeanFactory     : Returning cached instance of singleton bean 'autoConfigurationReport'
2024-05-17T15:11:52.164+02:00 TRACE 4684 --- [clothlogix] [           main] o.s.b.f.s.DefaultListableBeanFactory     : Returning cached instance of singleton bean 'autoConfigurationReport'
2024-05-17T15:11:52.164+02:00 TRACE 4684 --- [clothlogix] [           main] o.s.b.f.s.DefaultListableBeanFactory     : Returning cached instance of singleton bean 'autoConfigurationReport'
2024-05-17T15:11:52.164+02:00 TRACE 4684 --- [clothlogix] [           main] o.s.b.a.condition.OnPropertyCondition    : Condition OnPropertyCondition on org.springframework.boot.autoconfigure.web.servlet.ServletWebServerFactoryAutoConfiguration$ForwardedHeaderFilterConfiguration did not match due to @ConditionalOnProperty (server.forward-headers-strategy=framework) did not find property 'server.forward-headers-strategy'
2024-05-17T15:11:52.164+02:00 TRACE 4684 --- [clothlogix] [           main] o.s.b.f.s.DefaultListableBeanFactory     : Returning cached instance of singleton bean 'autoConfigurationReport'
2024-05-17T15:11:52.172+02:00 TRACE 4684 --- [clothlogix] [           main] o.s.b.a.condition.OnClassCondition       : Condition OnClassCondition on org.springframework.boot.autoconfigure.web.servlet.ServletWebServerFactoryConfiguration$EmbeddedTomcat matched due to @ConditionalOnClass found required classes 'jakarta.servlet.Servlet', 'org.apache.catalina.startup.Tomcat', 'org.apache.coyote.UpgradeProtocol'
2024-05-17T15:11:52.172+02:00 TRACE 4684 --- [clothlogix] [           main] o.s.b.f.s.DefaultListableBeanFactory     : Returning cached instance of singleton bean 'autoConfigurationReport'
2024-05-17T15:11:52.172+02:00 TRACE 4684 --- [clothlogix] [           main] o.s.b.f.s.DefaultListableBeanFactory     : Returning cached instance of singleton bean 'autoConfigurationReport'
2024-05-17T15:11:52.172+02:00 TRACE 4684 --- [clothlogix] [           main] o.s.b.f.s.DefaultListableBeanFactory     : Returning cached instance of singleton bean 'autoConfigurationReport'
2024-05-17T15:11:52.172+02:00 TRACE 4684 --- [clothlogix] [           main] o.s.b.f.s.DefaultListableBeanFactory     : Returning cached instance of singleton bean 'autoConfigurationReport'
2024-05-17T15:11:52.172+02:00 TRACE 4684 --- [clothlogix] [           main] o.s.b.a.condition.OnClassCondition       : Condition OnClassCondition on org.springframework.boot.autoconfigure.web.servlet.ServletWebServerFactoryConfiguration$EmbeddedJetty did not match due to @ConditionalOnClass did not find required classes 'org.eclipse.jetty.server.Server', 'org.eclipse.jetty.util.Loader', 'org.eclipse.jetty.ee10.webapp.WebAppContext'
2024-05-17T15:11:52.172+02:00 TRACE 4684 --- [clothlogix] [           main] o.s.b.f.s.DefaultListableBeanFactory     : Returning cached instance of singleton bean 'autoConfigurationReport'
2024-05-17T15:11:52.172+02:00 TRACE 4684 --- [clothlogix] [           main] o.s.b.a.condition.OnClassCondition       : Condition OnClassCondition on org.springframework.boot.autoconfigure.web.servlet.ServletWebServerFactoryConfiguration$EmbeddedUndertow did not match due to @ConditionalOnClass did not find required classes 'io.undertow.Undertow', 'org.xnio.SslClientAuthMode'
2024-05-17T15:11:52.172+02:00 TRACE 4684 --- [clothlogix] [           main] o.s.b.f.s.DefaultListableBeanFactory     : Returning cached instance of singleton bean 'autoConfigurationReport'
2024-05-17T15:11:52.172+02:00 TRACE 4684 --- [clothlogix] [           main] o.s.b.f.s.DefaultListableBeanFactory     : Returning cached instance of singleton bean 'autoConfigurationReport'
2024-05-17T15:11:52.172+02:00 TRACE 4684 --- [clothlogix] [           main] o.s.b.f.s.DefaultListableBeanFactory     : Returning cached instance of singleton bean 'autoConfigurationReport'
2024-05-17T15:11:52.172+02:00 TRACE 4684 --- [clothlogix] [           main] o.s.b.f.s.DefaultListableBeanFactory     : Returning cached instance of singleton bean 'autoConfigurationReport'
2024-05-17T15:11:52.172+02:00 TRACE 4684 --- [clothlogix] [           main] o.s.b.f.s.DefaultListableBeanFactory     : Returning cached instance of singleton bean 'autoConfigurationReport'
2024-05-17T15:11:52.172+02:00 TRACE 4684 --- [clothlogix] [           main] o.s.b.f.s.DefaultListableBeanFactory     : Returning cached instance of singleton bean 'autoConfigurationReport'
2024-05-17T15:11:52.172+02:00 TRACE 4684 --- [clothlogix] [           main] o.s.b.f.s.DefaultListableBeanFactory     : Returning cached instance of singleton bean 'autoConfigurationReport'
2024-05-17T15:11:52.178+02:00 TRACE 4684 --- [clothlogix] [           main] o.s.b.a.condition.OnClassCondition       : Condition OnClassCondition on org.springframework.boot.autoconfigure.web.servlet.DispatcherServletAutoConfiguration matched due to @ConditionalOnClass found required class 'org.springframework.web.servlet.DispatcherServlet'
2024-05-17T15:11:52.179+02:00 TRACE 4684 --- [clothlogix] [           main] o.s.b.f.s.DefaultListableBeanFactory     : Returning cached instance of singleton bean 'autoConfigurationReport'
2024-05-17T15:11:52.179+02:00 TRACE 4684 --- [clothlogix] [           main] o.s.b.a.c.OnWebApplicationCondition      : Condition OnWebApplicationCondition on org.springframework.boot.autoconfigure.web.servlet.DispatcherServletAutoConfiguration matched due to found 'session' scope
2024-05-17T15:11:52.179+02:00 TRACE 4684 --- [clothlogix] [           main] o.s.b.f.s.DefaultListableBeanFactory     : Returning cached instance of singleton bean 'autoConfigurationReport'
2024-05-17T15:11:52.179+02:00 TRACE 4684 --- [clothlogix] [           main] o.s.b.f.s.DefaultListableBeanFactory     : Returning cached instance of singleton bean 'autoConfigurationReport'
2024-05-17T15:11:52.179+02:00 TRACE 4684 --- [clothlogix] [           main] o.s.b.f.s.DefaultListableBeanFactory     : Returning cached instance of singleton bean 'autoConfigurationReport'
2024-05-17T15:11:52.179+02:00 TRACE 4684 --- [clothlogix] [           main] o.s.b.f.s.DefaultListableBeanFactory     : Returning cached instance of singleton bean 'autoConfigurationReport'
2024-05-17T15:11:52.182+02:00 TRACE 4684 --- [clothlogix] [           main] o.s.b.a.condition.OnClassCondition       : Condition OnClassCondition on org.springframework.boot.autoconfigure.web.servlet.DispatcherServletAutoConfiguration$DispatcherServletRegistrationConfiguration matched due to @ConditionalOnClass found required class 'jakarta.servlet.ServletRegistration'
2024-05-17T15:11:52.182+02:00 TRACE 4684 --- [clothlogix] [           main] o.s.b.f.s.DefaultListableBeanFactory     : Returning cached instance of singleton bean 'autoConfigurationReport'
2024-05-17T15:11:52.193+02:00 TRACE 4684 --- [clothlogix] [           main] n$DispatcherServletRegistrationCondition : Condition DispatcherServletAutoConfiguration.DispatcherServletRegistrationCondition on org.springframework.boot.autoconfigure.web.servlet.DispatcherServletAutoConfiguration$DispatcherServletRegistrationConfiguration matched due to DispatcherServlet Registration did not find servlet registration bean
2024-05-17T15:11:52.193+02:00 TRACE 4684 --- [clothlogix] [           main] o.s.b.f.s.DefaultListableBeanFactory     : Returning cached instance of singleton bean 'autoConfigurationReport'
2024-05-17T15:11:52.193+02:00 TRACE 4684 --- [clothlogix] [           main] o.s.b.f.s.DefaultListableBeanFactory     : Returning cached instance of singleton bean 'autoConfigurationReport'
2024-05-17T15:11:52.193+02:00 TRACE 4684 --- [clothlogix] [           main] o.s.b.f.s.DefaultListableBeanFactory     : Returning cached instance of singleton bean 'autoConfigurationReport'
2024-05-17T15:11:52.193+02:00 TRACE 4684 --- [clothlogix] [           main] o.s.b.f.s.DefaultListableBeanFactory     : Returning cached instance of singleton bean 'autoConfigurationReport'
2024-05-17T15:11:52.194+02:00 TRACE 4684 --- [clothlogix] [           main] o.s.b.a.condition.OnClassCondition       : Condition OnClassCondition on org.springframework.boot.autoconfigure.web.servlet.DispatcherServletAutoConfiguration$DispatcherServletConfiguration matched due to @ConditionalOnClass found required class 'jakarta.servlet.ServletRegistration'
2024-05-17T15:11:52.194+02:00 TRACE 4684 --- [clothlogix] [           main] o.s.b.f.s.DefaultListableBeanFactory     : Returning cached instance of singleton bean 'autoConfigurationReport'
2024-05-17T15:11:52.194+02:00 TRACE 4684 --- [clothlogix] [           main] ration$DefaultDispatcherServletCondition : Condition DispatcherServletAutoConfiguration.DefaultDispatcherServletCondition on org.springframework.boot.autoconfigure.web.servlet.DispatcherServletAutoConfiguration$DispatcherServletConfiguration matched due to Default DispatcherServlet did not find dispatcher servlet beans
2024-05-17T15:11:52.194+02:00 TRACE 4684 --- [clothlogix] [           main] o.s.b.f.s.DefaultListableBeanFactory     : Returning cached instance of singleton bean 'autoConfigurationReport'
2024-05-17T15:11:52.194+02:00 TRACE 4684 --- [clothlogix] [           main] o.s.b.f.s.DefaultListableBeanFactory     : Returning cached instance of singleton bean 'autoConfigurationReport'
2024-05-17T15:11:52.194+02:00 TRACE 4684 --- [clothlogix] [           main] o.s.b.f.s.DefaultListableBeanFactory     : Returning cached instance of singleton bean 'autoConfigurationReport'
2024-05-17T15:11:52.194+02:00 TRACE 4684 --- [clothlogix] [           main] o.s.b.f.s.DefaultListableBeanFactory     : Returning cached instance of singleton bean 'autoConfigurationReport'
2024-05-17T15:11:52.194+02:00 TRACE 4684 --- [clothlogix] [           main] o.s.b.a.condition.OnClassCondition       : Condition OnClassCondition on org.springframework.boot.autoconfigure.web.servlet.DispatcherServletAutoConfiguration$DispatcherServletConfiguration matched due to @ConditionalOnClass found required class 'jakarta.servlet.ServletRegistration'
2024-05-17T15:11:52.194+02:00 TRACE 4684 --- [clothlogix] [           main] o.s.b.f.s.DefaultListableBeanFactory     : Returning cached instance of singleton bean 'autoConfigurationReport'
2024-05-17T15:11:52.194+02:00 TRACE 4684 --- [clothlogix] [           main] ration$DefaultDispatcherServletCondition : Condition DispatcherServletAutoConfiguration.DefaultDispatcherServletCondition on org.springframework.boot.autoconfigure.web.servlet.DispatcherServletAutoConfiguration$DispatcherServletConfiguration matched due to Default DispatcherServlet did not find dispatcher servlet beans
2024-05-17T15:11:52.194+02:00 TRACE 4684 --- [clothlogix] [           main] o.s.b.f.s.DefaultListableBeanFactory     : Returning cached instance of singleton bean 'autoConfigurationReport'
2024-05-17T15:11:52.194+02:00 TRACE 4684 --- [clothlogix] [           main] o.s.b.f.s.DefaultListableBeanFactory     : Returning cached instance of singleton bean 'autoConfigurationReport'
2024-05-17T15:11:52.194+02:00 TRACE 4684 --- [clothlogix] [           main] o.s.b.f.s.DefaultListableBeanFactory     : Returning cached instance of singleton bean 'autoConfigurationReport'
2024-05-17T15:11:52.194+02:00 TRACE 4684 --- [clothlogix] [           main] o.s.b.f.s.DefaultListableBeanFactory     : Returning cached instance of singleton bean 'autoConfigurationReport'
2024-05-17T15:11:52.194+02:00 TRACE 4684 --- [clothlogix] [           main] o.s.b.f.s.DefaultListableBeanFactory     : Returning cached instance of singleton bean 'autoConfigurationReport'
2024-05-17T15:11:52.194+02:00 TRACE 4684 --- [clothlogix] [           main] o.s.b.f.s.DefaultListableBeanFactory     : Returning cached instance of singleton bean 'autoConfigurationReport'
2024-05-17T15:11:52.194+02:00 TRACE 4684 --- [clothlogix] [           main] o.s.b.f.s.DefaultListableBeanFactory     : Returning cached instance of singleton bean 'autoConfigurationReport'
2024-05-17T15:11:52.194+02:00 TRACE 4684 --- [clothlogix] [           main] o.s.b.a.condition.OnClassCondition       : Condition OnClassCondition on org.springframework.boot.autoconfigure.task.TaskExecutionAutoConfiguration matched due to @ConditionalOnClass found required class 'org.springframework.scheduling.concurrent.ThreadPoolTaskExecutor'
2024-05-17T15:11:52.194+02:00 TRACE 4684 --- [clothlogix] [           main] o.s.b.f.s.DefaultListableBeanFactory     : Returning cached instance of singleton bean 'autoConfigurationReport'
2024-05-17T15:11:52.194+02:00 TRACE 4684 --- [clothlogix] [           main] o.s.b.f.s.DefaultListableBeanFactory     : Returning cached instance of singleton bean 'autoConfigurationReport'
2024-05-17T15:11:52.194+02:00 TRACE 4684 --- [clothlogix] [           main] o.s.b.f.s.DefaultListableBeanFactory     : Returning cached instance of singleton bean 'autoConfigurationReport'
2024-05-17T15:11:52.194+02:00 TRACE 4684 --- [clothlogix] [           main] o.s.b.f.s.DefaultListableBeanFactory     : Returning cached instance of singleton bean 'autoConfigurationReport'
2024-05-17T15:11:52.194+02:00 TRACE 4684 --- [clothlogix] [           main] o.s.b.f.s.DefaultListableBeanFactory     : Returning cached instance of singleton bean 'autoConfigurationReport'
2024-05-17T15:11:52.194+02:00 TRACE 4684 --- [clothlogix] [           main] o.s.b.f.s.DefaultListableBeanFactory     : Returning cached instance of singleton bean 'autoConfigurationReport'
2024-05-17T15:11:52.194+02:00 TRACE 4684 --- [clothlogix] [           main] o.s.b.f.s.DefaultListableBeanFactory     : Returning cached instance of singleton bean 'autoConfigurationReport'
2024-05-17T15:11:52.194+02:00 TRACE 4684 --- [clothlogix] [           main] o.s.b.f.s.DefaultListableBeanFactory     : Returning cached instance of singleton bean 'autoConfigurationReport'
2024-05-17T15:11:52.194+02:00 TRACE 4684 --- [clothlogix] [           main] o.s.b.f.s.DefaultListableBeanFactory     : Returning cached instance of singleton bean 'autoConfigurationReport'
2024-05-17T15:11:52.202+02:00 TRACE 4684 --- [clothlogix] [           main] o.s.b.f.s.DefaultListableBeanFactory     : Returning cached instance of singleton bean 'autoConfigurationReport'
2024-05-17T15:11:52.202+02:00 TRACE 4684 --- [clothlogix] [           main] o.s.b.f.s.DefaultListableBeanFactory     : Returning cached instance of singleton bean 'autoConfigurationReport'
2024-05-17T15:11:52.202+02:00 TRACE 4684 --- [clothlogix] [           main] o.s.b.f.s.DefaultListableBeanFactory     : Returning cached instance of singleton bean 'autoConfigurationReport'
2024-05-17T15:11:52.202+02:00 TRACE 4684 --- [clothlogix] [           main] o.s.b.f.s.DefaultListableBeanFactory     : Returning cached instance of singleton bean 'autoConfigurationReport'
2024-05-17T15:11:52.202+02:00 TRACE 4684 --- [clothlogix] [           main] o.s.b.f.s.DefaultListableBeanFactory     : Returning cached instance of singleton bean 'autoConfigurationReport'
2024-05-17T15:11:52.202+02:00 TRACE 4684 --- [clothlogix] [           main] o.s.b.f.s.DefaultListableBeanFactory     : Returning cached instance of singleton bean 'autoConfigurationReport'
2024-05-17T15:11:52.202+02:00 TRACE 4684 --- [clothlogix] [           main] o.s.b.f.s.DefaultListableBeanFactory     : Returning cached instance of singleton bean 'autoConfigurationReport'
2024-05-17T15:11:52.202+02:00 TRACE 4684 --- [clothlogix] [           main] o.s.b.f.s.DefaultListableBeanFactory     : Returning cached instance of singleton bean 'autoConfigurationReport'
2024-05-17T15:11:52.202+02:00 TRACE 4684 --- [clothlogix] [           main] o.s.b.f.s.DefaultListableBeanFactory     : Returning cached instance of singleton bean 'autoConfigurationReport'
2024-05-17T15:11:52.202+02:00 TRACE 4684 --- [clothlogix] [           main] o.s.b.f.s.DefaultListableBeanFactory     : Returning cached instance of singleton bean 'autoConfigurationReport'
2024-05-17T15:11:52.202+02:00 TRACE 4684 --- [clothlogix] [           main] o.s.b.f.s.DefaultListableBeanFactory     : Returning cached instance of singleton bean 'autoConfigurationReport'
2024-05-17T15:11:52.202+02:00 TRACE 4684 --- [clothlogix] [           main] o.s.b.f.s.DefaultListableBeanFactory     : Returning cached instance of singleton bean 'autoConfigurationReport'
2024-05-17T15:11:52.202+02:00 TRACE 4684 --- [clothlogix] [           main] o.s.b.f.s.DefaultListableBeanFactory     : Returning cached instance of singleton bean 'autoConfigurationReport'
2024-05-17T15:11:52.202+02:00 TRACE 4684 --- [clothlogix] [           main] o.s.b.a.condition.OnClassCondition       : Condition OnClassCondition on org.springframework.boot.autoconfigure.validation.ValidationAutoConfiguration matched due to @ConditionalOnClass found required class 'jakarta.validation.executable.ExecutableValidator'
2024-05-17T15:11:52.202+02:00 TRACE 4684 --- [clothlogix] [           main] o.s.b.f.s.DefaultListableBeanFactory     : Returning cached instance of singleton bean 'autoConfigurationReport'
2024-05-17T15:11:52.202+02:00 TRACE 4684 --- [clothlogix] [           main] o.s.b.a.condition.OnResourceCondition    : Condition OnResourceCondition on org.springframework.boot.autoconfigure.validation.ValidationAutoConfiguration matched due to @ConditionalOnResource found location classpath:META-INF/services/jakarta.validation.spi.ValidationProvider
2024-05-17T15:11:52.202+02:00 TRACE 4684 --- [clothlogix] [           main] o.s.b.f.s.DefaultListableBeanFactory     : Returning cached instance of singleton bean 'autoConfigurationReport'
2024-05-17T15:11:52.202+02:00 TRACE 4684 --- [clothlogix] [           main] o.s.b.f.s.DefaultListableBeanFactory     : Returning cached instance of singleton bean 'autoConfigurationReport'
2024-05-17T15:11:52.202+02:00 TRACE 4684 --- [clothlogix] [           main] o.s.b.f.s.DefaultListableBeanFactory     : Returning cached instance of singleton bean 'autoConfigurationReport'
2024-05-17T15:11:52.202+02:00 TRACE 4684 --- [clothlogix] [           main] o.s.b.f.s.DefaultListableBeanFactory     : Returning cached instance of singleton bean 'autoConfigurationReport'
2024-05-17T15:11:52.202+02:00 TRACE 4684 --- [clothlogix] [           main] o.s.b.f.s.DefaultListableBeanFactory     : Returning cached instance of singleton bean 'autoConfigurationReport'
2024-05-17T15:11:52.202+02:00 TRACE 4684 --- [clothlogix] [           main] o.s.b.f.s.DefaultListableBeanFactory     : Returning cached instance of singleton bean 'autoConfigurationReport'
2024-05-17T15:11:52.202+02:00 TRACE 4684 --- [clothlogix] [           main] o.s.b.f.s.DefaultListableBeanFactory     : Returning cached instance of singleton bean 'autoConfigurationReport'
2024-05-17T15:11:52.202+02:00 TRACE 4684 --- [clothlogix] [           main] o.s.b.f.s.DefaultListableBeanFactory     : Returning cached instance of singleton bean 'autoConfigurationReport'
2024-05-17T15:11:52.202+02:00 TRACE 4684 --- [clothlogix] [           main] o.s.b.f.s.DefaultListableBeanFactory     : Returning cached instance of singleton bean 'autoConfigurationReport'
2024-05-17T15:11:52.202+02:00 TRACE 4684 --- [clothlogix] [           main] o.s.b.f.s.DefaultListableBeanFactory     : Returning cached instance of singleton bean 'autoConfigurationReport'
2024-05-17T15:11:52.202+02:00 TRACE 4684 --- [clothlogix] [           main] o.s.b.a.condition.OnClassCondition       : Condition OnClassCondition on org.springframework.boot.autoconfigure.web.servlet.error.ErrorMvcAutoConfiguration matched due to @ConditionalOnClass found required classes 'jakarta.servlet.Servlet', 'org.springframework.web.servlet.DispatcherServlet'
2024-05-17T15:11:52.202+02:00 TRACE 4684 --- [clothlogix] [           main] o.s.b.f.s.DefaultListableBeanFactory     : Returning cached instance of singleton bean 'autoConfigurationReport'
2024-05-17T15:11:52.202+02:00 TRACE 4684 --- [clothlogix] [           main] o.s.b.a.c.OnWebApplicationCondition      : Condition OnWebApplicationCondition on org.springframework.boot.autoconfigure.web.servlet.error.ErrorMvcAutoConfiguration matched due to found 'session' scope
2024-05-17T15:11:52.202+02:00 TRACE 4684 --- [clothlogix] [           main] o.s.b.f.s.DefaultListableBeanFactory     : Returning cached instance of singleton bean 'autoConfigurationReport'
2024-05-17T15:11:52.202+02:00 TRACE 4684 --- [clothlogix] [           main] o.s.b.f.s.DefaultListableBeanFactory     : Returning cached instance of singleton bean 'autoConfigurationReport'
2024-05-17T15:11:52.202+02:00 TRACE 4684 --- [clothlogix] [           main] o.s.b.f.s.DefaultListableBeanFactory     : Returning cached instance of singleton bean 'autoConfigurationReport'
2024-05-17T15:11:52.202+02:00 TRACE 4684 --- [clothlogix] [           main] o.s.b.f.s.DefaultListableBeanFactory     : Returning cached instance of singleton bean 'autoConfigurationReport'
2024-05-17T15:11:52.212+02:00 TRACE 4684 --- [clothlogix] [           main] o.s.b.a.condition.OnPropertyCondition    : Condition OnPropertyCondition on org.springframework.boot.autoconfigure.web.servlet.error.ErrorMvcAutoConfiguration$WhitelabelErrorViewConfiguration matched due to @ConditionalOnProperty (server.error.whitelabel.enabled) matched
2024-05-17T15:11:52.212+02:00 TRACE 4684 --- [clothlogix] [           main] o.s.b.f.s.DefaultListableBeanFactory     : Returning cached instance of singleton bean 'autoConfigurationReport'
2024-05-17T15:11:52.212+02:00 TRACE 4684 --- [clothlogix] [           main] o.s.c.io.support.SpringFactoriesLoader   : Loaded [org.springframework.boot.autoconfigure.template.TemplateAvailabilityProvider] names: [org.springframework.boot.autoconfigure.freemarker.FreeMarkerTemplateAvailabilityProvider, org.springframework.boot.autoconfigure.mustache.MustacheTemplateAvailabilityProvider, org.springframework.boot.autoconfigure.groovy.template.GroovyTemplateAvailabilityProvider, org.springframework.boot.autoconfigure.thymeleaf.ThymeleafTemplateAvailabilityProvider, org.springframework.boot.autoconfigure.web.servlet.JspTemplateAvailabilityProvider]
2024-05-17T15:11:52.212+02:00 TRACE 4684 --- [clothlogix] [           main] figuration$ErrorTemplateMissingCondition : Condition ErrorMvcAutoConfiguration.ErrorTemplateMissingCondition on org.springframework.boot.autoconfigure.web.servlet.error.ErrorMvcAutoConfiguration$WhitelabelErrorViewConfiguration matched due to ErrorTemplate Missing did not find error template view
2024-05-17T15:11:52.212+02:00 TRACE 4684 --- [clothlogix] [           main] o.s.b.f.s.DefaultListableBeanFactory     : Returning cached instance of singleton bean 'autoConfigurationReport'
2024-05-17T15:11:52.212+02:00 TRACE 4684 --- [clothlogix] [           main] o.s.b.f.s.DefaultListableBeanFactory     : Returning cached instance of singleton bean 'autoConfigurationReport'
2024-05-17T15:11:52.212+02:00 TRACE 4684 --- [clothlogix] [           main] o.s.b.f.s.DefaultListableBeanFactory     : Returning cached instance of singleton bean 'autoConfigurationReport'
2024-05-17T15:11:52.212+02:00 TRACE 4684 --- [clothlogix] [           main] o.s.b.f.s.DefaultListableBeanFactory     : Returning cached instance of singleton bean 'autoConfigurationReport'
2024-05-17T15:11:52.212+02:00 TRACE 4684 --- [clothlogix] [           main] o.s.b.f.s.DefaultListableBeanFactory     : Returning cached instance of singleton bean 'autoConfigurationReport'
2024-05-17T15:11:52.212+02:00 TRACE 4684 --- [clothlogix] [           main] o.s.b.f.s.DefaultListableBeanFactory     : Returning cached instance of singleton bean 'autoConfigurationReport'
2024-05-17T15:11:52.212+02:00 TRACE 4684 --- [clothlogix] [           main] o.s.b.f.s.DefaultListableBeanFactory     : Returning cached instance of singleton bean 'autoConfigurationReport'
2024-05-17T15:11:52.212+02:00 TRACE 4684 --- [clothlogix] [           main] o.s.b.f.s.DefaultListableBeanFactory     : Returning cached instance of singleton bean 'autoConfigurationReport'
2024-05-17T15:11:52.212+02:00 TRACE 4684 --- [clothlogix] [           main] o.s.b.f.s.DefaultListableBeanFactory     : Returning cached instance of singleton bean 'autoConfigurationReport'
2024-05-17T15:11:52.212+02:00 TRACE 4684 --- [clothlogix] [           main] o.s.b.f.s.DefaultListableBeanFactory     : Returning cached instance of singleton bean 'autoConfigurationReport'
2024-05-17T15:11:52.212+02:00 TRACE 4684 --- [clothlogix] [           main] o.s.b.f.s.DefaultListableBeanFactory     : Returning cached instance of singleton bean 'autoConfigurationReport'
2024-05-17T15:11:52.212+02:00 TRACE 4684 --- [clothlogix] [           main] o.s.b.f.s.DefaultListableBeanFactory     : Returning cached instance of singleton bean 'autoConfigurationReport'
2024-05-17T15:11:52.212+02:00 TRACE 4684 --- [clothlogix] [           main] o.s.b.f.s.DefaultListableBeanFactory     : Returning cached instance of singleton bean 'autoConfigurationReport'
2024-05-17T15:11:52.212+02:00 TRACE 4684 --- [clothlogix] [           main] o.s.b.a.condition.OnClassCondition       : Condition OnClassCondition on org.springframework.boot.autoconfigure.web.servlet.WebMvcAutoConfiguration matched due to @ConditionalOnClass found required classes 'jakarta.servlet.Servlet', 'org.springframework.web.servlet.DispatcherServlet', 'org.springframework.web.servlet.config.annotation.WebMvcConfigurer'
2024-05-17T15:11:52.212+02:00 TRACE 4684 --- [clothlogix] [           main] o.s.b.f.s.DefaultListableBeanFactory     : Returning cached instance of singleton bean 'autoConfigurationReport'
2024-05-17T15:11:52.212+02:00 TRACE 4684 --- [clothlogix] [           main] o.s.b.a.c.OnWebApplicationCondition      : Condition OnWebApplicationCondition on org.springframework.boot.autoconfigure.web.servlet.WebMvcAutoConfiguration matched due to found 'session' scope
2024-05-17T15:11:52.212+02:00 TRACE 4684 --- [clothlogix] [           main] o.s.b.f.s.DefaultListableBeanFactory     : Returning cached instance of singleton bean 'autoConfigurationReport'
2024-05-17T15:11:52.212+02:00 TRACE 4684 --- [clothlogix] [           main] o.s.b.f.s.DefaultListableBeanFactory     : Returning cached instance of singleton bean 'autoConfigurationReport'
2024-05-17T15:11:52.212+02:00 TRACE 4684 --- [clothlogix] [           main] o.s.b.f.s.DefaultListableBeanFactory     : Returning cached instance of singleton bean 'autoConfigurationReport'
2024-05-17T15:11:52.222+02:00 TRACE 4684 --- [clothlogix] [           main] o.s.b.f.s.DefaultListableBeanFactory     : Returning cached instance of singleton bean 'autoConfigurationReport'
2024-05-17T15:11:52.226+02:00 TRACE 4684 --- [clothlogix] [           main] o.s.b.f.s.DefaultListableBeanFactory     : Returning cached instance of singleton bean 'autoConfigurationReport'
2024-05-17T15:11:52.226+02:00 TRACE 4684 --- [clothlogix] [           main] o.s.b.f.s.DefaultListableBeanFactory     : Returning cached instance of singleton bean 'autoConfigurationReport'
2024-05-17T15:11:52.226+02:00 TRACE 4684 --- [clothlogix] [           main] o.s.b.f.s.DefaultListableBeanFactory     : Returning cached instance of singleton bean 'autoConfigurationReport'
2024-05-17T15:11:52.226+02:00 TRACE 4684 --- [clothlogix] [           main] o.s.b.f.s.DefaultListableBeanFactory     : Returning cached instance of singleton bean 'autoConfigurationReport'
2024-05-17T15:11:52.226+02:00 TRACE 4684 --- [clothlogix] [           main] o.s.b.f.s.DefaultListableBeanFactory     : Returning cached instance of singleton bean 'autoConfigurationReport'
2024-05-17T15:11:52.226+02:00 TRACE 4684 --- [clothlogix] [           main] o.s.b.f.s.DefaultListableBeanFactory     : Returning cached instance of singleton bean 'autoConfigurationReport'
2024-05-17T15:11:52.232+02:00 TRACE 4684 --- [clothlogix] [           main] o.s.b.a.condition.OnPropertyCondition    : Condition OnPropertyCondition on org.springframework.boot.autoconfigure.web.servlet.WebMvcAutoConfiguration$ProblemDetailsErrorHandlingConfiguration did not match due to @ConditionalOnProperty (spring.mvc.problemdetails.enabled=true) did not find property 'enabled'
2024-05-17T15:11:52.232+02:00 TRACE 4684 --- [clothlogix] [           main] o.s.b.f.s.DefaultListableBeanFactory     : Returning cached instance of singleton bean 'autoConfigurationReport'
2024-05-17T15:11:52.232+02:00 TRACE 4684 --- [clothlogix] [           main] .s.b.a.w.OnEnabledResourceChainCondition : Condition OnEnabledResourceChainCondition on org.springframework.boot.autoconfigure.web.servlet.WebMvcAutoConfiguration$ResourceChainCustomizerConfiguration did not match due to @ConditionalOnEnabledResourceChain did not find class org.webjars.WebJarAssetLocator
2024-05-17T15:11:52.232+02:00 TRACE 4684 --- [clothlogix] [           main] o.s.b.f.s.DefaultListableBeanFactory     : Returning cached instance of singleton bean 'autoConfigurationReport'
2024-05-17T15:11:52.232+02:00 TRACE 4684 --- [clothlogix] [           main] o.s.b.f.s.DefaultListableBeanFactory     : Returning cached instance of singleton bean 'autoConfigurationReport'
2024-05-17T15:11:52.232+02:00 TRACE 4684 --- [clothlogix] [           main] o.s.b.f.s.DefaultListableBeanFactory     : Returning cached instance of singleton bean 'autoConfigurationReport'
2024-05-17T15:11:52.232+02:00 TRACE 4684 --- [clothlogix] [           main] o.s.b.f.s.DefaultListableBeanFactory     : Returning cached instance of singleton bean 'autoConfigurationReport'
2024-05-17T15:11:52.232+02:00 TRACE 4684 --- [clothlogix] [           main] o.s.b.f.s.DefaultListableBeanFactory     : Returning cached instance of singleton bean 'autoConfigurationReport'
2024-05-17T15:11:52.232+02:00 TRACE 4684 --- [clothlogix] [           main] o.s.b.f.s.DefaultListableBeanFactory     : Returning cached instance of singleton bean 'autoConfigurationReport'
2024-05-17T15:11:52.232+02:00 TRACE 4684 --- [clothlogix] [           main] o.s.b.f.s.DefaultListableBeanFactory     : Returning cached instance of singleton bean 'autoConfigurationReport'
2024-05-17T15:11:52.232+02:00 TRACE 4684 --- [clothlogix] [           main] o.s.b.a.condition.OnClassCondition       : Condition OnClassCondition on org.springframework.boot.autoconfigure.jmx.JmxAutoConfiguration matched due to @ConditionalOnClass found required class 'org.springframework.jmx.export.MBeanExporter'
2024-05-17T15:11:52.232+02:00 TRACE 4684 --- [clothlogix] [           main] o.s.b.f.s.DefaultListableBeanFactory     : Returning cached instance of singleton bean 'autoConfigurationReport'
2024-05-17T15:11:52.232+02:00 TRACE 4684 --- [clothlogix] [           main] o.s.b.a.condition.OnPropertyCondition    : Condition OnPropertyCondition on org.springframework.boot.autoconfigure.jmx.JmxAutoConfiguration did not match due to @ConditionalOnProperty (spring.jmx.enabled=true) found different value in property 'enabled'
2024-05-17T15:11:52.232+02:00 TRACE 4684 --- [clothlogix] [           main] o.s.b.f.s.DefaultListableBeanFactory     : Returning cached instance of singleton bean 'autoConfigurationReport'
2024-05-17T15:11:52.232+02:00 TRACE 4684 --- [clothlogix] [           main] o.s.b.f.s.DefaultListableBeanFactory     : Returning cached instance of singleton bean 'autoConfigurationReport'
2024-05-17T15:11:52.232+02:00 TRACE 4684 --- [clothlogix] [           main] o.s.b.f.s.DefaultListableBeanFactory     : Returning cached instance of singleton bean 'autoConfigurationReport'
2024-05-17T15:11:52.232+02:00 TRACE 4684 --- [clothlogix] [           main] o.s.b.f.s.DefaultListableBeanFactory     : Returning cached instance of singleton bean 'autoConfigurationReport'
2024-05-17T15:11:52.232+02:00 TRACE 4684 --- [clothlogix] [           main] o.s.b.f.s.DefaultListableBeanFactory     : Returning cached instance of singleton bean 'autoConfigurationReport'
2024-05-17T15:11:52.232+02:00 TRACE 4684 --- [clothlogix] [           main] o.s.b.f.s.DefaultListableBeanFactory     : Returning cached instance of singleton bean 'autoConfigurationReport'
2024-05-17T15:11:52.232+02:00 TRACE 4684 --- [clothlogix] [           main] o.s.b.f.s.DefaultListableBeanFactory     : Returning cached instance of singleton bean 'autoConfigurationReport'
2024-05-17T15:11:52.232+02:00 TRACE 4684 --- [clothlogix] [           main] o.s.b.a.condition.OnPropertyCondition    : Condition OnPropertyCondition on org.springframework.boot.autoconfigure.admin.SpringApplicationAdminJmxAutoConfiguration did not match due to @ConditionalOnProperty (spring.application.admin.enabled=true) did not find property 'enabled'
2024-05-17T15:11:52.232+02:00 TRACE 4684 --- [clothlogix] [           main] o.s.b.f.s.DefaultListableBeanFactory     : Returning cached instance of singleton bean 'autoConfigurationReport'
2024-05-17T15:11:52.232+02:00 TRACE 4684 --- [clothlogix] [           main] o.s.b.f.s.DefaultListableBeanFactory     : Returning cached instance of singleton bean 'autoConfigurationReport'
2024-05-17T15:11:52.232+02:00 TRACE 4684 --- [clothlogix] [           main] o.s.b.f.s.DefaultListableBeanFactory     : Returning cached instance of singleton bean 'autoConfigurationReport'
2024-05-17T15:11:52.232+02:00 TRACE 4684 --- [clothlogix] [           main] o.s.b.f.s.DefaultListableBeanFactory     : Returning cached instance of singleton bean 'autoConfigurationReport'
2024-05-17T15:11:52.232+02:00 TRACE 4684 --- [clothlogix] [           main] o.s.b.f.s.DefaultListableBeanFactory     : Returning cached instance of singleton bean 'autoConfigurationReport'
2024-05-17T15:11:52.232+02:00 TRACE 4684 --- [clothlogix] [           main] o.s.b.f.s.DefaultListableBeanFactory     : Returning cached instance of singleton bean 'autoConfigurationReport'
2024-05-17T15:11:52.232+02:00 TRACE 4684 --- [clothlogix] [           main] o.s.b.f.s.DefaultListableBeanFactory     : Returning cached instance of singleton bean 'autoConfigurationReport'
2024-05-17T15:11:52.232+02:00 TRACE 4684 --- [clothlogix] [           main] o.s.b.a.condition.OnPropertyCondition    : Condition OnPropertyCondition on org.springframework.boot.autoconfigure.aop.AopAutoConfiguration matched due to @ConditionalOnProperty (spring.aop.auto=true) matched
2024-05-17T15:11:52.232+02:00 TRACE 4684 --- [clothlogix] [           main] o.s.b.f.s.DefaultListableBeanFactory     : Returning cached instance of singleton bean 'autoConfigurationReport'
2024-05-17T15:11:52.232+02:00 TRACE 4684 --- [clothlogix] [           main] o.s.b.f.s.DefaultListableBeanFactory     : Returning cached instance of singleton bean 'autoConfigurationReport'
2024-05-17T15:11:52.232+02:00 TRACE 4684 --- [clothlogix] [           main] o.s.b.f.s.DefaultListableBeanFactory     : Returning cached instance of singleton bean 'autoConfigurationReport'
2024-05-17T15:11:52.232+02:00 TRACE 4684 --- [clothlogix] [           main] o.s.b.f.s.DefaultListableBeanFactory     : Returning cached instance of singleton bean 'autoConfigurationReport'
2024-05-17T15:11:52.242+02:00 TRACE 4684 --- [clothlogix] [           main] o.s.b.a.condition.OnClassCondition       : Condition OnClassCondition on org.springframework.boot.autoconfigure.aop.AopAutoConfiguration$ClassProxyingConfiguration did not match due to @ConditionalOnMissingClass found unwanted class 'org.aspectj.weaver.Advice'
2024-05-17T15:11:52.242+02:00 TRACE 4684 --- [clothlogix] [           main] o.s.b.f.s.DefaultListableBeanFactory     : Returning cached instance of singleton bean 'autoConfigurationReport'
2024-05-17T15:11:52.242+02:00 TRACE 4684 --- [clothlogix] [           main] o.s.b.a.condition.OnClassCondition       : Condition OnClassCondition on org.springframework.boot.autoconfigure.aop.AopAutoConfiguration$AspectJAutoProxyingConfiguration matched due to @ConditionalOnClass found required class 'org.aspectj.weaver.Advice'
2024-05-17T15:11:52.242+02:00 TRACE 4684 --- [clothlogix] [           main] o.s.b.f.s.DefaultListableBeanFactory     : Returning cached instance of singleton bean 'autoConfigurationReport'
2024-05-17T15:11:52.242+02:00 TRACE 4684 --- [clothlogix] [           main] o.s.b.f.s.DefaultListableBeanFactory     : Returning cached instance of singleton bean 'autoConfigurationReport'
2024-05-17T15:11:52.242+02:00 TRACE 4684 --- [clothlogix] [           main] o.s.b.f.s.DefaultListableBeanFactory     : Returning cached instance of singleton bean 'autoConfigurationReport'
2024-05-17T15:11:52.242+02:00 TRACE 4684 --- [clothlogix] [           main] o.s.b.f.s.DefaultListableBeanFactory     : Returning cached instance of singleton bean 'autoConfigurationReport'
2024-05-17T15:11:52.247+02:00 TRACE 4684 --- [clothlogix] [           main] o.s.b.a.condition.OnPropertyCondition    : Condition OnPropertyCondition on org.springframework.boot.autoconfigure.aop.AopAutoConfiguration$AspectJAutoProxyingConfiguration$CglibAutoProxyConfiguration matched due to @ConditionalOnProperty (spring.aop.proxy-target-class=true) matched
2024-05-17T15:11:52.247+02:00 TRACE 4684 --- [clothlogix] [           main] o.s.b.f.s.DefaultListableBeanFactory     : Returning cached instance of singleton bean 'autoConfigurationReport'
2024-05-17T15:11:52.247+02:00 TRACE 4684 --- [clothlogix] [           main] o.s.b.f.s.DefaultListableBeanFactory     : Returning cached instance of singleton bean 'autoConfigurationReport'
2024-05-17T15:11:52.247+02:00 TRACE 4684 --- [clothlogix] [           main] o.s.b.f.s.DefaultListableBeanFactory     : Returning cached instance of singleton bean 'autoConfigurationReport'
2024-05-17T15:11:52.247+02:00 TRACE 4684 --- [clothlogix] [           main] o.s.b.f.s.DefaultListableBeanFactory     : Returning cached instance of singleton bean 'autoConfigurationReport'
2024-05-17T15:11:52.247+02:00 TRACE 4684 --- [clothlogix] [           main] o.s.b.a.condition.OnPropertyCondition    : Condition OnPropertyCondition on org.springframework.boot.autoconfigure.aop.AopAutoConfiguration$AspectJAutoProxyingConfiguration$JdkDynamicAutoProxyConfiguration did not match due to @ConditionalOnProperty (spring.aop.proxy-target-class=false) did not find property 'proxy-target-class'
2024-05-17T15:11:52.247+02:00 TRACE 4684 --- [clothlogix] [           main] o.s.b.f.s.DefaultListableBeanFactory     : Returning cached instance of singleton bean 'autoConfigurationReport'
2024-05-17T15:11:52.247+02:00 TRACE 4684 --- [clothlogix] [           main] o.s.b.f.s.DefaultListableBeanFactory     : Returning cached instance of singleton bean 'autoConfigurationReport'
2024-05-17T15:11:52.247+02:00 TRACE 4684 --- [clothlogix] [           main] o.s.b.f.s.DefaultListableBeanFactory     : Returning cached instance of singleton bean 'autoConfigurationReport'
2024-05-17T15:11:52.247+02:00 TRACE 4684 --- [clothlogix] [           main] o.s.b.f.s.DefaultListableBeanFactory     : Returning cached instance of singleton bean 'autoConfigurationReport'
2024-05-17T15:11:52.247+02:00 TRACE 4684 --- [clothlogix] [           main] o.s.b.f.s.DefaultListableBeanFactory     : Returning cached instance of singleton bean 'autoConfigurationReport'
2024-05-17T15:11:52.247+02:00 TRACE 4684 --- [clothlogix] [           main] o.s.b.f.s.DefaultListableBeanFactory     : Returning cached instance of singleton bean 'autoConfigurationReport'
2024-05-17T15:11:52.247+02:00 TRACE 4684 --- [clothlogix] [           main] o.s.b.f.s.DefaultListableBeanFactory     : Returning cached instance of singleton bean 'autoConfigurationReport'
2024-05-17T15:11:52.247+02:00 TRACE 4684 --- [clothlogix] [           main] o.s.b.f.s.DefaultListableBeanFactory     : Returning cached instance of singleton bean 'autoConfigurationReport'
2024-05-17T15:11:52.247+02:00 TRACE 4684 --- [clothlogix] [           main] o.s.b.f.s.DefaultListableBeanFactory     : Returning cached instance of singleton bean 'autoConfigurationReport'
2024-05-17T15:11:52.247+02:00 TRACE 4684 --- [clothlogix] [           main] o.s.b.f.s.DefaultListableBeanFactory     : Returning cached instance of singleton bean 'autoConfigurationReport'
2024-05-17T15:11:52.247+02:00 TRACE 4684 --- [clothlogix] [           main] o.s.b.f.s.DefaultListableBeanFactory     : Returning cached instance of singleton bean 'autoConfigurationReport'
2024-05-17T15:11:52.247+02:00 TRACE 4684 --- [clothlogix] [           main] o.s.b.f.s.DefaultListableBeanFactory     : Returning cached instance of singleton bean 'autoConfigurationReport'
2024-05-17T15:11:52.247+02:00 TRACE 4684 --- [clothlogix] [           main] o.s.b.f.s.DefaultListableBeanFactory     : Returning cached instance of singleton bean 'autoConfigurationReport'
2024-05-17T15:11:52.247+02:00 TRACE 4684 --- [clothlogix] [           main] o.s.b.f.s.DefaultListableBeanFactory     : Returning cached instance of singleton bean 'autoConfigurationReport'
2024-05-17T15:11:52.247+02:00 TRACE 4684 --- [clothlogix] [           main] o.s.b.f.s.DefaultListableBeanFactory     : Returning cached instance of singleton bean 'autoConfigurationReport'
2024-05-17T15:11:52.247+02:00 TRACE 4684 --- [clothlogix] [           main] o.s.b.f.s.DefaultListableBeanFactory     : Returning cached instance of singleton bean 'autoConfigurationReport'
2024-05-17T15:11:52.247+02:00 TRACE 4684 --- [clothlogix] [           main] o.s.b.a.condition.OnClassCondition       : Condition OnClassCondition on org.springframework.boot.autoconfigure.jdbc.JndiDataSourceAutoConfiguration matched due to @ConditionalOnClass found required classes 'javax.sql.DataSource', 'org.springframework.jdbc.datasource.embedded.EmbeddedDatabaseType'
2024-05-17T15:11:52.247+02:00 TRACE 4684 --- [clothlogix] [           main] o.s.b.f.s.DefaultListableBeanFactory     : Returning cached instance of singleton bean 'autoConfigurationReport'
2024-05-17T15:11:52.247+02:00 TRACE 4684 --- [clothlogix] [           main] o.s.b.a.condition.OnPropertyCondition    : Condition OnPropertyCondition on org.springframework.boot.autoconfigure.jdbc.JndiDataSourceAutoConfiguration did not match due to @ConditionalOnProperty (spring.datasource.jndi-name) did not find property 'jndi-name'
2024-05-17T15:11:52.247+02:00 TRACE 4684 --- [clothlogix] [           main] o.s.b.f.s.DefaultListableBeanFactory     : Returning cached instance of singleton bean 'autoConfigurationReport'
2024-05-17T15:11:52.247+02:00 TRACE 4684 --- [clothlogix] [           main] o.s.b.f.s.DefaultListableBeanFactory     : Returning cached instance of singleton bean 'autoConfigurationReport'
2024-05-17T15:11:52.247+02:00 TRACE 4684 --- [clothlogix] [           main] o.s.b.f.s.DefaultListableBeanFactory     : Returning cached instance of singleton bean 'autoConfigurationReport'
2024-05-17T15:11:52.247+02:00 TRACE 4684 --- [clothlogix] [           main] o.s.b.f.s.DefaultListableBeanFactory     : Returning cached instance of singleton bean 'autoConfigurationReport'
2024-05-17T15:11:52.247+02:00 TRACE 4684 --- [clothlogix] [           main] o.s.b.f.s.DefaultListableBeanFactory     : Returning cached instance of singleton bean 'autoConfigurationReport'
2024-05-17T15:11:52.247+02:00 TRACE 4684 --- [clothlogix] [           main] o.s.b.f.s.DefaultListableBeanFactory     : Returning cached instance of singleton bean 'autoConfigurationReport'
2024-05-17T15:11:52.247+02:00 TRACE 4684 --- [clothlogix] [           main] o.s.b.f.s.DefaultListableBeanFactory     : Returning cached instance of singleton bean 'autoConfigurationReport'
2024-05-17T15:11:52.252+02:00 TRACE 4684 --- [clothlogix] [           main] o.s.b.a.condition.OnClassCondition       : Condition OnClassCondition on org.springframework.boot.autoconfigure.transaction.jta.JtaAutoConfiguration matched due to @ConditionalOnClass found required class 'jakarta.transaction.Transaction'
2024-05-17T15:11:52.252+02:00 TRACE 4684 --- [clothlogix] [           main] o.s.b.f.s.DefaultListableBeanFactory     : Returning cached instance of singleton bean 'autoConfigurationReport'
2024-05-17T15:11:52.252+02:00 TRACE 4684 --- [clothlogix] [           main] o.s.b.a.condition.OnPropertyCondition    : Condition OnPropertyCondition on org.springframework.boot.autoconfigure.transaction.jta.JtaAutoConfiguration matched due to @ConditionalOnProperty (spring.jta.enabled) matched
2024-05-17T15:11:52.252+02:00 TRACE 4684 --- [clothlogix] [           main] o.s.b.f.s.DefaultListableBeanFactory     : Returning cached instance of singleton bean 'autoConfigurationReport'
2024-05-17T15:11:52.252+02:00 TRACE 4684 --- [clothlogix] [           main] o.s.b.f.s.DefaultListableBeanFactory     : Returning cached instance of singleton bean 'autoConfigurationReport'
2024-05-17T15:11:52.252+02:00 TRACE 4684 --- [clothlogix] [           main] o.s.b.f.s.DefaultListableBeanFactory     : Returning cached instance of singleton bean 'autoConfigurationReport'
2024-05-17T15:11:52.252+02:00 TRACE 4684 --- [clothlogix] [           main] o.s.b.f.s.DefaultListableBeanFactory     : Returning cached instance of singleton bean 'autoConfigurationReport'
2024-05-17T15:11:52.258+02:00 TRACE 4684 --- [clothlogix] [           main] o.s.b.a.condition.OnClassCondition       : Condition OnClassCondition on org.springframework.boot.autoconfigure.transaction.jta.JndiJtaConfiguration matched due to @ConditionalOnClass found required class 'org.springframework.transaction.jta.JtaTransactionManager'
2024-05-17T15:11:52.258+02:00 TRACE 4684 --- [clothlogix] [           main] o.s.b.f.s.DefaultListableBeanFactory     : Returning cached instance of singleton bean 'autoConfigurationReport'
2024-05-17T15:11:52.258+02:00 TRACE 4684 --- [clothlogix] [           main] o.s.b.a.condition.OnJndiCondition        : Condition OnJndiCondition on org.springframework.boot.autoconfigure.transaction.jta.JndiJtaConfiguration did not match due to @ConditionalOnJndi JNDI environment is not available
2024-05-17T15:11:52.258+02:00 TRACE 4684 --- [clothlogix] [           main] o.s.b.f.s.DefaultListableBeanFactory     : Returning cached instance of singleton bean 'autoConfigurationReport'
2024-05-17T15:11:52.258+02:00 TRACE 4684 --- [clothlogix] [           main] o.s.b.f.s.DefaultListableBeanFactory     : Returning cached instance of singleton bean 'autoConfigurationReport'
2024-05-17T15:11:52.258+02:00 TRACE 4684 --- [clothlogix] [           main] o.s.b.f.s.DefaultListableBeanFactory     : Returning cached instance of singleton bean 'autoConfigurationReport'
2024-05-17T15:11:52.258+02:00 TRACE 4684 --- [clothlogix] [           main] o.s.b.f.s.DefaultListableBeanFactory     : Returning cached instance of singleton bean 'autoConfigurationReport'
2024-05-17T15:11:52.258+02:00 TRACE 4684 --- [clothlogix] [           main] o.s.b.f.s.DefaultListableBeanFactory     : Returning cached instance of singleton bean 'autoConfigurationReport'
2024-05-17T15:11:52.258+02:00 TRACE 4684 --- [clothlogix] [           main] o.s.b.f.s.DefaultListableBeanFactory     : Returning cached instance of singleton bean 'autoConfigurationReport'
2024-05-17T15:11:52.258+02:00 TRACE 4684 --- [clothlogix] [           main] o.s.b.f.s.DefaultListableBeanFactory     : Returning cached instance of singleton bean 'autoConfigurationReport'
2024-05-17T15:11:52.258+02:00 TRACE 4684 --- [clothlogix] [           main] o.s.b.a.condition.OnClassCondition       : Condition OnClassCondition on org.springframework.boot.autoconfigure.jdbc.XADataSourceAutoConfiguration matched due to @ConditionalOnClass found required classes 'javax.sql.DataSource', 'jakarta.transaction.TransactionManager', 'org.springframework.jdbc.datasource.embedded.EmbeddedDatabaseType'
2024-05-17T15:11:52.258+02:00 TRACE 4684 --- [clothlogix] [           main] o.s.b.f.s.DefaultListableBeanFactory     : Returning cached instance of singleton bean 'autoConfigurationReport'
2024-05-17T15:11:52.258+02:00 TRACE 4684 --- [clothlogix] [           main] o.s.b.f.s.DefaultListableBeanFactory     : Returning cached instance of singleton bean 'autoConfigurationReport'
2024-05-17T15:11:52.258+02:00 TRACE 4684 --- [clothlogix] [           main] o.s.b.f.s.DefaultListableBeanFactory     : Returning cached instance of singleton bean 'autoConfigurationReport'
2024-05-17T15:11:52.258+02:00 TRACE 4684 --- [clothlogix] [           main] o.s.b.f.s.DefaultListableBeanFactory     : Returning cached instance of singleton bean 'autoConfigurationReport'
2024-05-17T15:11:52.262+02:00 TRACE 4684 --- [clothlogix] [           main] o.s.b.f.s.DefaultListableBeanFactory     : Returning cached instance of singleton bean 'autoConfigurationReport'
2024-05-17T15:11:52.262+02:00 TRACE 4684 --- [clothlogix] [           main] o.s.b.f.s.DefaultListableBeanFactory     : Returning cached instance of singleton bean 'autoConfigurationReport'
2024-05-17T15:11:52.262+02:00 TRACE 4684 --- [clothlogix] [           main] o.s.b.f.s.DefaultListableBeanFactory     : Returning cached instance of singleton bean 'autoConfigurationReport'
2024-05-17T15:11:52.262+02:00 TRACE 4684 --- [clothlogix] [           main] o.s.b.f.s.DefaultListableBeanFactory     : Returning cached instance of singleton bean 'autoConfigurationReport'
2024-05-17T15:11:52.262+02:00 TRACE 4684 --- [clothlogix] [           main] o.s.b.f.s.DefaultListableBeanFactory     : Returning cached instance of singleton bean 'autoConfigurationReport'
2024-05-17T15:11:52.262+02:00 TRACE 4684 --- [clothlogix] [           main] o.s.b.f.s.DefaultListableBeanFactory     : Returning cached instance of singleton bean 'autoConfigurationReport'
2024-05-17T15:11:52.262+02:00 TRACE 4684 --- [clothlogix] [           main] o.s.b.a.condition.OnClassCondition       : Condition OnClassCondition on org.springframework.boot.autoconfigure.jdbc.DataSourceAutoConfiguration matched due to @ConditionalOnClass found required classes 'javax.sql.DataSource', 'org.springframework.jdbc.datasource.embedded.EmbeddedDatabaseType'
2024-05-17T15:11:52.262+02:00 TRACE 4684 --- [clothlogix] [           main] o.s.b.f.s.DefaultListableBeanFactory     : Returning cached instance of singleton bean 'autoConfigurationReport'
2024-05-17T15:11:52.262+02:00 TRACE 4684 --- [clothlogix] [           main] o.s.b.f.s.DefaultListableBeanFactory     : Returning cached instance of singleton bean 'autoConfigurationReport'
2024-05-17T15:11:52.262+02:00 TRACE 4684 --- [clothlogix] [           main] o.s.b.f.s.DefaultListableBeanFactory     : Returning cached instance of singleton bean 'autoConfigurationReport'
2024-05-17T15:11:52.262+02:00 TRACE 4684 --- [clothlogix] [           main] o.s.b.f.s.DefaultListableBeanFactory     : Returning cached instance of singleton bean 'autoConfigurationReport'
2024-05-17T15:11:52.282+02:00 TRACE 4684 --- [clothlogix] [           main] oConfiguration$PooledDataSourceCondition : Condition DataSourceAutoConfiguration.PooledDataSourceCondition on org.springframework.boot.autoconfigure.jdbc.DataSourceAutoConfiguration$PooledDataSourceConfiguration matched due to AnyNestedCondition 1 matched 1 did not; NestedCondition on DataSourceAutoConfiguration.PooledDataSourceCondition.PooledDataSourceAvailable PooledDataSource found supported DataSource; NestedCondition on DataSourceAutoConfiguration.PooledDataSourceCondition.ExplicitType @ConditionalOnProperty (spring.datasource.type) did not find property 'type'
2024-05-17T15:11:52.282+02:00 TRACE 4684 --- [clothlogix] [           main] o.s.b.f.s.DefaultListableBeanFactory     : Returning cached instance of singleton bean 'autoConfigurationReport'
2024-05-17T15:11:52.282+02:00 TRACE 4684 --- [clothlogix] [           main] o.s.b.f.s.DefaultListableBeanFactory     : Returning cached instance of singleton bean 'autoConfigurationReport'
2024-05-17T15:11:52.282+02:00 TRACE 4684 --- [clothlogix] [           main] o.s.b.f.s.DefaultListableBeanFactory     : Returning cached instance of singleton bean 'autoConfigurationReport'
2024-05-17T15:11:52.282+02:00 TRACE 4684 --- [clothlogix] [           main] o.s.b.f.s.DefaultListableBeanFactory     : Returning cached instance of singleton bean 'autoConfigurationReport'
2024-05-17T15:11:52.290+02:00 TRACE 4684 --- [clothlogix] [           main] o.s.b.a.condition.OnClassCondition       : Condition OnClassCondition on org.springframework.boot.autoconfigure.jdbc.DataSourceConfiguration$Hikari matched due to @ConditionalOnClass found required class 'com.zaxxer.hikari.HikariDataSource'
2024-05-17T15:11:52.290+02:00 TRACE 4684 --- [clothlogix] [           main] o.s.b.f.s.DefaultListableBeanFactory     : Returning cached instance of singleton bean 'autoConfigurationReport'
2024-05-17T15:11:52.290+02:00 TRACE 4684 --- [clothlogix] [           main] o.s.b.a.condition.OnPropertyCondition    : Condition OnPropertyCondition on org.springframework.boot.autoconfigure.jdbc.DataSourceConfiguration$Hikari matched due to @ConditionalOnProperty (spring.datasource.type=com.zaxxer.hikari.HikariDataSource) matched
2024-05-17T15:11:52.290+02:00 TRACE 4684 --- [clothlogix] [           main] o.s.b.f.s.DefaultListableBeanFactory     : Returning cached instance of singleton bean 'autoConfigurationReport'
2024-05-17T15:11:52.290+02:00 TRACE 4684 --- [clothlogix] [           main] o.s.b.f.s.DefaultListableBeanFactory     : Returning cached instance of singleton bean 'autoConfigurationReport'
2024-05-17T15:11:52.290+02:00 TRACE 4684 --- [clothlogix] [           main] o.s.b.f.s.DefaultListableBeanFactory     : Returning cached instance of singleton bean 'autoConfigurationReport'
2024-05-17T15:11:52.290+02:00 TRACE 4684 --- [clothlogix] [           main] o.s.b.f.s.DefaultListableBeanFactory     : Returning cached instance of singleton bean 'autoConfigurationReport'
2024-05-17T15:11:52.292+02:00 TRACE 4684 --- [clothlogix] [           main] o.s.b.a.condition.OnClassCondition       : Condition OnClassCondition on org.springframework.boot.autoconfigure.jdbc.DataSourceConfiguration$Tomcat did not match due to @ConditionalOnClass did not find required class 'org.apache.tomcat.jdbc.pool.DataSource'
2024-05-17T15:11:52.292+02:00 TRACE 4684 --- [clothlogix] [           main] o.s.b.f.s.DefaultListableBeanFactory     : Returning cached instance of singleton bean 'autoConfigurationReport'
2024-05-17T15:11:52.297+02:00 TRACE 4684 --- [clothlogix] [           main] o.s.b.a.condition.OnClassCondition       : Condition OnClassCondition on org.springframework.boot.autoconfigure.jdbc.DataSourceConfiguration$Dbcp2 matched due to @ConditionalOnClass found required class 'org.apache.commons.dbcp2.BasicDataSource'
2024-05-17T15:11:52.297+02:00 TRACE 4684 --- [clothlogix] [           main] o.s.b.f.s.DefaultListableBeanFactory     : Returning cached instance of singleton bean 'autoConfigurationReport'
2024-05-17T15:11:52.297+02:00 TRACE 4684 --- [clothlogix] [           main] o.s.b.a.condition.OnPropertyCondition    : Condition OnPropertyCondition on org.springframework.boot.autoconfigure.jdbc.DataSourceConfiguration$Dbcp2 matched due to @ConditionalOnProperty (spring.datasource.type=org.apache.commons.dbcp2.BasicDataSource) matched
2024-05-17T15:11:52.297+02:00 TRACE 4684 --- [clothlogix] [           main] o.s.b.f.s.DefaultListableBeanFactory     : Returning cached instance of singleton bean 'autoConfigurationReport'
2024-05-17T15:11:52.297+02:00 TRACE 4684 --- [clothlogix] [           main] o.s.b.f.s.DefaultListableBeanFactory     : Returning cached instance of singleton bean 'autoConfigurationReport'
2024-05-17T15:11:52.297+02:00 TRACE 4684 --- [clothlogix] [           main] o.s.b.f.s.DefaultListableBeanFactory     : Returning cached instance of singleton bean 'autoConfigurationReport'
2024-05-17T15:11:52.297+02:00 TRACE 4684 --- [clothlogix] [           main] o.s.b.f.s.DefaultListableBeanFactory     : Returning cached instance of singleton bean 'autoConfigurationReport'
2024-05-17T15:11:52.297+02:00 TRACE 4684 --- [clothlogix] [           main] o.s.b.a.condition.OnClassCondition       : Condition OnClassCondition on org.springframework.boot.autoconfigure.jdbc.DataSourceConfiguration$OracleUcp did not match due to @ConditionalOnClass did not find required classes 'oracle.ucp.jdbc.PoolDataSourceImpl', 'oracle.jdbc.OracleConnection'
2024-05-17T15:11:52.297+02:00 TRACE 4684 --- [clothlogix] [           main] o.s.b.f.s.DefaultListableBeanFactory     : Returning cached instance of singleton bean 'autoConfigurationReport'
2024-05-17T15:11:52.297+02:00 TRACE 4684 --- [clothlogix] [           main] o.s.b.a.condition.OnPropertyCondition    : Condition OnPropertyCondition on org.springframework.boot.autoconfigure.jdbc.DataSourceConfiguration$Generic did not match due to @ConditionalOnProperty (spring.datasource.type) did not find property 'spring.datasource.type'
2024-05-17T15:11:52.297+02:00 TRACE 4684 --- [clothlogix] [           main] o.s.b.f.s.DefaultListableBeanFactory     : Returning cached instance of singleton bean 'autoConfigurationReport'
2024-05-17T15:11:52.297+02:00 TRACE 4684 --- [clothlogix] [           main] o.s.b.a.condition.OnPropertyCondition    : Condition OnPropertyCondition on org.springframework.boot.autoconfigure.jdbc.DataSourceJmxConfiguration did not match due to @ConditionalOnProperty (spring.jmx.enabled=true) found different value in property 'enabled'
2024-05-17T15:11:52.297+02:00 TRACE 4684 --- [clothlogix] [           main] o.s.b.f.s.DefaultListableBeanFactory     : Returning cached instance of singleton bean 'autoConfigurationReport'
2024-05-17T15:11:52.297+02:00 TRACE 4684 --- [clothlogix] [           main] oConfiguration$EmbeddedDatabaseCondition : Condition DataSourceAutoConfiguration.EmbeddedDatabaseCondition on org.springframework.boot.autoconfigure.jdbc.DataSourceAutoConfiguration$EmbeddedDatabaseConfiguration did not match due to EmbeddedDataSource spring.datasource.url is set
2024-05-17T15:11:52.297+02:00 TRACE 4684 --- [clothlogix] [           main] o.s.b.f.s.DefaultListableBeanFactory     : Returning cached instance of singleton bean 'autoConfigurationReport'
2024-05-17T15:11:52.302+02:00 TRACE 4684 --- [clothlogix] [           main] o.s.b.f.s.DefaultListableBeanFactory     : Returning cached instance of singleton bean 'autoConfigurationReport'
2024-05-17T15:11:52.302+02:00 TRACE 4684 --- [clothlogix] [           main] o.s.b.f.s.DefaultListableBeanFactory     : Returning cached instance of singleton bean 'autoConfigurationReport'
2024-05-17T15:11:52.302+02:00 TRACE 4684 --- [clothlogix] [           main] o.s.b.f.s.DefaultListableBeanFactory     : Returning cached instance of singleton bean 'autoConfigurationReport'
2024-05-17T15:11:52.302+02:00 TRACE 4684 --- [clothlogix] [           main] o.s.b.a.condition.OnClassCondition       : Condition OnClassCondition on org.springframework.boot.autoconfigure.jdbc.metadata.DataSourcePoolMetadataProvidersConfiguration$OracleUcpPoolDataSourceMetadataProviderConfiguration did not match due to @ConditionalOnClass did not find required classes 'oracle.ucp.jdbc.PoolDataSource', 'oracle.jdbc.OracleConnection'
2024-05-17T15:11:52.302+02:00 TRACE 4684 --- [clothlogix] [           main] o.s.b.f.s.DefaultListableBeanFactory     : Returning cached instance of singleton bean 'autoConfigurationReport'
2024-05-17T15:11:52.302+02:00 TRACE 4684 --- [clothlogix] [           main] o.s.b.a.condition.OnClassCondition       : Condition OnClassCondition on org.springframework.boot.autoconfigure.jdbc.metadata.DataSourcePoolMetadataProvidersConfiguration$CommonsDbcp2PoolDataSourceMetadataProviderConfiguration matched due to @ConditionalOnClass found required class 'org.apache.commons.dbcp2.BasicDataSource'
2024-05-17T15:11:52.302+02:00 TRACE 4684 --- [clothlogix] [           main] o.s.b.f.s.DefaultListableBeanFactory     : Returning cached instance of singleton bean 'autoConfigurationReport'
2024-05-17T15:11:52.302+02:00 TRACE 4684 --- [clothlogix] [           main] o.s.b.f.s.DefaultListableBeanFactory     : Returning cached instance of singleton bean 'autoConfigurationReport'
2024-05-17T15:11:52.302+02:00 TRACE 4684 --- [clothlogix] [           main] o.s.b.f.s.DefaultListableBeanFactory     : Returning cached instance of singleton bean 'autoConfigurationReport'
2024-05-17T15:11:52.302+02:00 TRACE 4684 --- [clothlogix] [           main] o.s.b.f.s.DefaultListableBeanFactory     : Returning cached instance of singleton bean 'autoConfigurationReport'
2024-05-17T15:11:52.302+02:00 TRACE 4684 --- [clothlogix] [           main] o.s.b.a.condition.OnClassCondition       : Condition OnClassCondition on org.springframework.boot.autoconfigure.jdbc.metadata.DataSourcePoolMetadataProvidersConfiguration$HikariPoolDataSourceMetadataProviderConfiguration matched due to @ConditionalOnClass found required class 'com.zaxxer.hikari.HikariDataSource'
2024-05-17T15:11:52.302+02:00 TRACE 4684 --- [clothlogix] [           main] o.s.b.f.s.DefaultListableBeanFactory     : Returning cached instance of singleton bean 'autoConfigurationReport'
2024-05-17T15:11:52.302+02:00 TRACE 4684 --- [clothlogix] [           main] o.s.b.f.s.DefaultListableBeanFactory     : Returning cached instance of singleton bean 'autoConfigurationReport'
2024-05-17T15:11:52.302+02:00 TRACE 4684 --- [clothlogix] [           main] o.s.b.f.s.DefaultListableBeanFactory     : Returning cached instance of singleton bean 'autoConfigurationReport'
2024-05-17T15:11:52.302+02:00 TRACE 4684 --- [clothlogix] [           main] o.s.b.f.s.DefaultListableBeanFactory     : Returning cached instance of singleton bean 'autoConfigurationReport'
2024-05-17T15:11:52.302+02:00 TRACE 4684 --- [clothlogix] [           main] o.s.b.a.condition.OnClassCondition       : Condition OnClassCondition on org.springframework.boot.autoconfigure.jdbc.metadata.DataSourcePoolMetadataProvidersConfiguration$TomcatDataSourcePoolMetadataProviderConfiguration did not match due to @ConditionalOnClass did not find required class 'org.apache.tomcat.jdbc.pool.DataSource'
2024-05-17T15:11:52.302+02:00 TRACE 4684 --- [clothlogix] [           main] o.s.b.f.s.DefaultListableBeanFactory     : Returning cached instance of singleton bean 'autoConfigurationReport'
2024-05-17T15:11:52.306+02:00 TRACE 4684 --- [clothlogix] [           main] o.s.b.a.condition.OnClassCondition       : Condition OnClassCondition on org.springframework.boot.autoconfigure.jdbc.DataSourceCheckpointRestoreConfiguration did not match due to @ConditionalOnClass did not find required class 'org.crac.Resource'
2024-05-17T15:11:52.306+02:00 TRACE 4684 --- [clothlogix] [           main] o.s.b.f.s.DefaultListableBeanFactory     : Returning cached instance of singleton bean 'autoConfigurationReport'
2024-05-17T15:11:52.306+02:00 TRACE 4684 --- [clothlogix] [           main] o.s.b.f.s.DefaultListableBeanFactory     : Returning cached instance of singleton bean 'autoConfigurationReport'
2024-05-17T15:11:52.306+02:00 TRACE 4684 --- [clothlogix] [           main] o.s.b.f.s.DefaultListableBeanFactory     : Returning cached instance of singleton bean 'autoConfigurationReport'
2024-05-17T15:11:52.306+02:00 TRACE 4684 --- [clothlogix] [           main] o.s.b.f.s.DefaultListableBeanFactory     : Returning cached instance of singleton bean 'autoConfigurationReport'
2024-05-17T15:11:52.306+02:00 TRACE 4684 --- [clothlogix] [           main] o.s.b.f.s.DefaultListableBeanFactory     : Returning cached instance of singleton bean 'autoConfigurationReport'
2024-05-17T15:11:52.306+02:00 TRACE 4684 --- [clothlogix] [           main] o.s.b.f.s.DefaultListableBeanFactory     : Returning cached instance of singleton bean 'autoConfigurationReport'
2024-05-17T15:11:52.306+02:00 TRACE 4684 --- [clothlogix] [           main] o.s.b.f.s.DefaultListableBeanFactory     : Returning cached instance of singleton bean 'autoConfigurationReport'
2024-05-17T15:11:52.306+02:00 TRACE 4684 --- [clothlogix] [           main] o.s.b.a.condition.OnClassCondition       : Condition OnClassCondition on org.springframework.boot.autoconfigure.transaction.TransactionManagerCustomizationAutoConfiguration matched due to @ConditionalOnClass found required class 'org.springframework.transaction.PlatformTransactionManager'
2024-05-17T15:11:52.306+02:00 TRACE 4684 --- [clothlogix] [           main] o.s.b.f.s.DefaultListableBeanFactory     : Returning cached instance of singleton bean 'autoConfigurationReport'
2024-05-17T15:11:52.306+02:00 TRACE 4684 --- [clothlogix] [           main] o.s.b.f.s.DefaultListableBeanFactory     : Returning cached instance of singleton bean 'autoConfigurationReport'
2024-05-17T15:11:52.306+02:00 TRACE 4684 --- [clothlogix] [           main] o.s.b.f.s.DefaultListableBeanFactory     : Returning cached instance of singleton bean 'autoConfigurationReport'
2024-05-17T15:11:52.306+02:00 TRACE 4684 --- [clothlogix] [           main] o.s.b.f.s.DefaultListableBeanFactory     : Returning cached instance of singleton bean 'autoConfigurationReport'
2024-05-17T15:11:52.306+02:00 TRACE 4684 --- [clothlogix] [           main] o.s.b.f.s.DefaultListableBeanFactory     : Returning cached instance of singleton bean 'autoConfigurationReport'
2024-05-17T15:11:52.306+02:00 TRACE 4684 --- [clothlogix] [           main] o.s.b.f.s.DefaultListableBeanFactory     : Returning cached instance of singleton bean 'autoConfigurationReport'
2024-05-17T15:11:52.306+02:00 TRACE 4684 --- [clothlogix] [           main] o.s.b.f.s.DefaultListableBeanFactory     : Returning cached instance of singleton bean 'autoConfigurationReport'
2024-05-17T15:11:52.306+02:00 TRACE 4684 --- [clothlogix] [           main] o.s.b.f.s.DefaultListableBeanFactory     : Returning cached instance of singleton bean 'autoConfigurationReport'
2024-05-17T15:11:52.306+02:00 TRACE 4684 --- [clothlogix] [           main] o.s.b.f.s.DefaultListableBeanFactory     : Returning cached instance of singleton bean 'autoConfigurationReport'
2024-05-17T15:11:52.306+02:00 TRACE 4684 --- [clothlogix] [           main] o.s.b.f.s.DefaultListableBeanFactory     : Returning cached instance of singleton bean 'autoConfigurationReport'
2024-05-17T15:11:52.306+02:00 TRACE 4684 --- [clothlogix] [           main] o.s.b.a.condition.OnClassCondition       : Condition OnClassCondition on org.springframework.boot.autoconfigure.orm.jpa.HibernateJpaAutoConfiguration matched due to @ConditionalOnClass found required classes 'org.springframework.orm.jpa.LocalContainerEntityManagerFactoryBean', 'jakarta.persistence.EntityManager', 'org.hibernate.engine.spi.SessionImplementor'
2024-05-17T15:11:52.306+02:00 TRACE 4684 --- [clothlogix] [           main] o.s.b.f.s.DefaultListableBeanFactory     : Returning cached instance of singleton bean 'autoConfigurationReport'
2024-05-17T15:11:52.306+02:00 TRACE 4684 --- [clothlogix] [           main] o.s.b.f.s.DefaultListableBeanFactory     : Returning cached instance of singleton bean 'autoConfigurationReport'
2024-05-17T15:11:52.306+02:00 TRACE 4684 --- [clothlogix] [           main] o.s.b.f.s.DefaultListableBeanFactory     : Returning cached instance of singleton bean 'autoConfigurationReport'
2024-05-17T15:11:52.306+02:00 TRACE 4684 --- [clothlogix] [           main] o.s.b.f.s.DefaultListableBeanFactory     : Returning cached instance of singleton bean 'autoConfigurationReport'
2024-05-17T15:11:52.306+02:00 TRACE 4684 --- [clothlogix] [           main] o.s.b.f.s.DefaultListableBeanFactory     : Returning cached instance of singleton bean 'autoConfigurationReport'
2024-05-17T15:11:52.306+02:00 TRACE 4684 --- [clothlogix] [           main] o.s.b.f.s.DefaultListableBeanFactory     : Returning cached instance of singleton bean 'autoConfigurationReport'
2024-05-17T15:11:52.306+02:00 TRACE 4684 --- [clothlogix] [           main] o.s.b.f.s.DefaultListableBeanFactory     : Returning cached instance of singleton bean 'autoConfigurationReport'
2024-05-17T15:11:52.312+02:00 TRACE 4684 --- [clothlogix] [           main] o.s.b.a.condition.OnClassCondition       : Condition OnClassCondition on org.springframework.boot.autoconfigure.orm.jpa.JpaBaseConfiguration$JpaWebConfiguration matched due to @ConditionalOnClass found required class 'org.springframework.web.servlet.config.annotation.WebMvcConfigurer'
2024-05-17T15:11:52.312+02:00 TRACE 4684 --- [clothlogix] [           main] o.s.b.f.s.DefaultListableBeanFactory     : Returning cached instance of singleton bean 'autoConfigurationReport'
2024-05-17T15:11:52.312+02:00 TRACE 4684 --- [clothlogix] [           main] o.s.b.a.c.OnWebApplicationCondition      : Condition OnWebApplicationCondition on org.springframework.boot.autoconfigure.orm.jpa.JpaBaseConfiguration$JpaWebConfiguration matched due to found 'session' scope
2024-05-17T15:11:52.312+02:00 TRACE 4684 --- [clothlogix] [           main] o.s.b.f.s.DefaultListableBeanFactory     : Returning cached instance of singleton bean 'autoConfigurationReport'
2024-05-17T15:11:52.312+02:00 TRACE 4684 --- [clothlogix] [           main] o.s.b.a.condition.OnPropertyCondition    : Condition OnPropertyCondition on org.springframework.boot.autoconfigure.orm.jpa.JpaBaseConfiguration$JpaWebConfiguration matched due to @ConditionalOnProperty (spring.jpa.open-in-view=true) matched
2024-05-17T15:11:52.312+02:00 TRACE 4684 --- [clothlogix] [           main] o.s.b.f.s.DefaultListableBeanFactory     : Returning cached instance of singleton bean 'autoConfigurationReport'
2024-05-17T15:11:52.312+02:00 TRACE 4684 --- [clothlogix] [           main] o.s.b.f.s.DefaultListableBeanFactory     : Returning cached instance of singleton bean 'autoConfigurationReport'
2024-05-17T15:11:52.312+02:00 TRACE 4684 --- [clothlogix] [           main] o.s.b.f.s.DefaultListableBeanFactory     : Returning cached instance of singleton bean 'autoConfigurationReport'
2024-05-17T15:11:52.312+02:00 TRACE 4684 --- [clothlogix] [           main] o.s.b.f.s.DefaultListableBeanFactory     : Returning cached instance of singleton bean 'autoConfigurationReport'
2024-05-17T15:11:52.312+02:00 TRACE 4684 --- [clothlogix] [           main] o.s.b.f.s.DefaultListableBeanFactory     : Returning cached instance of singleton bean 'autoConfigurationReport'
2024-05-17T15:11:52.312+02:00 TRACE 4684 --- [clothlogix] [           main] o.s.b.f.s.DefaultListableBeanFactory     : Returning cached instance of singleton bean 'autoConfigurationReport'
2024-05-17T15:11:52.312+02:00 TRACE 4684 --- [clothlogix] [           main] o.s.b.f.s.DefaultListableBeanFactory     : Returning cached instance of singleton bean 'autoConfigurationReport'
2024-05-17T15:11:52.312+02:00 TRACE 4684 --- [clothlogix] [           main] o.s.b.f.s.DefaultListableBeanFactory     : Returning cached instance of singleton bean 'autoConfigurationReport'
2024-05-17T15:11:52.312+02:00 TRACE 4684 --- [clothlogix] [           main] o.s.b.f.s.DefaultListableBeanFactory     : Returning cached instance of singleton bean 'autoConfigurationReport'
2024-05-17T15:11:52.312+02:00 TRACE 4684 --- [clothlogix] [           main] o.s.b.f.s.DefaultListableBeanFactory     : Returning cached instance of singleton bean 'autoConfigurationReport'
2024-05-17T15:11:52.312+02:00 TRACE 4684 --- [clothlogix] [           main] o.s.b.f.s.DefaultListableBeanFactory     : Returning cached instance of singleton bean 'autoConfigurationReport'
2024-05-17T15:11:52.312+02:00 TRACE 4684 --- [clothlogix] [           main] o.s.b.f.s.DefaultListableBeanFactory     : Returning cached instance of singleton bean 'autoConfigurationReport'
2024-05-17T15:11:52.312+02:00 TRACE 4684 --- [clothlogix] [           main] o.s.b.f.s.DefaultListableBeanFactory     : Returning cached instance of singleton bean 'autoConfigurationReport'
2024-05-17T15:11:52.312+02:00 TRACE 4684 --- [clothlogix] [           main] o.s.b.a.condition.OnClassCondition       : Condition OnClassCondition on org.springframework.boot.autoconfigure.jackson.JacksonAutoConfiguration matched due to @ConditionalOnClass found required class 'com.fasterxml.jackson.databind.ObjectMapper'
2024-05-17T15:11:52.312+02:00 TRACE 4684 --- [clothlogix] [           main] o.s.b.f.s.DefaultListableBeanFactory     : Returning cached instance of singleton bean 'autoConfigurationReport'
2024-05-17T15:11:52.312+02:00 TRACE 4684 --- [clothlogix] [           main] o.s.b.f.s.DefaultListableBeanFactory     : Returning cached instance of singleton bean 'autoConfigurationReport'
2024-05-17T15:11:52.312+02:00 TRACE 4684 --- [clothlogix] [           main] o.s.b.f.s.DefaultListableBeanFactory     : Returning cached instance of singleton bean 'autoConfigurationReport'
2024-05-17T15:11:52.312+02:00 TRACE 4684 --- [clothlogix] [           main] o.s.b.f.s.DefaultListableBeanFactory     : Returning cached instance of singleton bean 'autoConfigurationReport'
2024-05-17T15:11:52.312+02:00 TRACE 4684 --- [clothlogix] [           main] o.s.b.a.condition.OnClassCondition       : Condition OnClassCondition on org.springframework.boot.autoconfigure.jackson.JacksonAutoConfiguration$Jackson2ObjectMapperBuilderCustomizerConfiguration matched due to @ConditionalOnClass found required class 'org.springframework.http.converter.json.Jackson2ObjectMapperBuilder'
2024-05-17T15:11:52.312+02:00 TRACE 4684 --- [clothlogix] [           main] o.s.b.f.s.DefaultListableBeanFactory     : Returning cached instance of singleton bean 'autoConfigurationReport'
2024-05-17T15:11:52.312+02:00 TRACE 4684 --- [clothlogix] [           main] o.s.b.f.s.DefaultListableBeanFactory     : Returning cached instance of singleton bean 'autoConfigurationReport'
2024-05-17T15:11:52.312+02:00 TRACE 4684 --- [clothlogix] [           main] o.s.b.f.s.DefaultListableBeanFactory     : Returning cached instance of singleton bean 'autoConfigurationReport'
2024-05-17T15:11:52.312+02:00 TRACE 4684 --- [clothlogix] [           main] o.s.b.f.s.DefaultListableBeanFactory     : Returning cached instance of singleton bean 'autoConfigurationReport'
2024-05-17T15:11:52.312+02:00 TRACE 4684 --- [clothlogix] [           main] o.s.b.a.condition.OnClassCondition       : Condition OnClassCondition on org.springframework.boot.autoconfigure.jackson.JacksonAutoConfiguration$JacksonObjectMapperBuilderConfiguration matched due to @ConditionalOnClass found required class 'org.springframework.http.converter.json.Jackson2ObjectMapperBuilder'
2024-05-17T15:11:52.312+02:00 TRACE 4684 --- [clothlogix] [           main] o.s.b.f.s.DefaultListableBeanFactory     : Returning cached instance of singleton bean 'autoConfigurationReport'
2024-05-17T15:11:52.312+02:00 TRACE 4684 --- [clothlogix] [           main] o.s.b.f.s.DefaultListableBeanFactory     : Returning cached instance of singleton bean 'autoConfigurationReport'
2024-05-17T15:11:52.312+02:00 TRACE 4684 --- [clothlogix] [           main] o.s.b.f.s.DefaultListableBeanFactory     : Returning cached instance of singleton bean 'autoConfigurationReport'
2024-05-17T15:11:52.312+02:00 TRACE 4684 --- [clothlogix] [           main] o.s.b.f.s.DefaultListableBeanFactory     : Returning cached instance of singleton bean 'autoConfigurationReport'
2024-05-17T15:11:52.312+02:00 TRACE 4684 --- [clothlogix] [           main] o.s.b.a.condition.OnClassCondition       : Condition OnClassCondition on org.springframework.boot.autoconfigure.jackson.JacksonAutoConfiguration$ParameterNamesModuleConfiguration matched due to @ConditionalOnClass found required class 'com.fasterxml.jackson.module.paramnames.ParameterNamesModule'
2024-05-17T15:11:52.312+02:00 TRACE 4684 --- [clothlogix] [           main] o.s.b.f.s.DefaultListableBeanFactory     : Returning cached instance of singleton bean 'autoConfigurationReport'
2024-05-17T15:11:52.312+02:00 TRACE 4684 --- [clothlogix] [           main] o.s.b.f.s.DefaultListableBeanFactory     : Returning cached instance of singleton bean 'autoConfigurationReport'
2024-05-17T15:11:52.312+02:00 TRACE 4684 --- [clothlogix] [           main] o.s.b.f.s.DefaultListableBeanFactory     : Returning cached instance of singleton bean 'autoConfigurationReport'
2024-05-17T15:11:52.312+02:00 TRACE 4684 --- [clothlogix] [           main] o.s.b.f.s.DefaultListableBeanFactory     : Returning cached instance of singleton bean 'autoConfigurationReport'
2024-05-17T15:11:52.312+02:00 TRACE 4684 --- [clothlogix] [           main] o.s.b.a.condition.OnClassCondition       : Condition OnClassCondition on org.springframework.boot.autoconfigure.jackson.JacksonAutoConfiguration$JacksonObjectMapperConfiguration matched due to @ConditionalOnClass found required class 'org.springframework.http.converter.json.Jackson2ObjectMapperBuilder'
2024-05-17T15:11:52.312+02:00 TRACE 4684 --- [clothlogix] [           main] o.s.b.f.s.DefaultListableBeanFactory     : Returning cached instance of singleton bean 'autoConfigurationReport'
2024-05-17T15:11:52.312+02:00 TRACE 4684 --- [clothlogix] [           main] o.s.b.f.s.DefaultListableBeanFactory     : Returning cached instance of singleton bean 'autoConfigurationReport'
2024-05-17T15:11:52.312+02:00 TRACE 4684 --- [clothlogix] [           main] o.s.b.f.s.DefaultListableBeanFactory     : Returning cached instance of singleton bean 'autoConfigurationReport'
2024-05-17T15:11:52.312+02:00 TRACE 4684 --- [clothlogix] [           main] o.s.b.f.s.DefaultListableBeanFactory     : Returning cached instance of singleton bean 'autoConfigurationReport'
2024-05-17T15:11:52.312+02:00 TRACE 4684 --- [clothlogix] [           main] o.s.b.f.s.DefaultListableBeanFactory     : Returning cached instance of singleton bean 'autoConfigurationReport'
2024-05-17T15:11:52.312+02:00 TRACE 4684 --- [clothlogix] [           main] o.s.b.f.s.DefaultListableBeanFactory     : Returning cached instance of singleton bean 'autoConfigurationReport'
2024-05-17T15:11:52.312+02:00 TRACE 4684 --- [clothlogix] [           main] o.s.b.f.s.DefaultListableBeanFactory     : Returning cached instance of singleton bean 'autoConfigurationReport'
2024-05-17T15:11:52.312+02:00 TRACE 4684 --- [clothlogix] [           main] o.s.b.f.s.DefaultListableBeanFactory     : Returning cached instance of singleton bean 'autoConfigurationReport'
2024-05-17T15:11:52.312+02:00 TRACE 4684 --- [clothlogix] [           main] o.s.b.f.s.DefaultListableBeanFactory     : Returning cached instance of singleton bean 'autoConfigurationReport'
2024-05-17T15:11:52.312+02:00 TRACE 4684 --- [clothlogix] [           main] o.s.b.f.s.DefaultListableBeanFactory     : Returning cached instance of singleton bean 'autoConfigurationReport'
2024-05-17T15:11:52.312+02:00 TRACE 4684 --- [clothlogix] [           main] o.s.b.f.s.DefaultListableBeanFactory     : Returning cached instance of singleton bean 'autoConfigurationReport'
2024-05-17T15:11:52.312+02:00 TRACE 4684 --- [clothlogix] [           main] o.s.b.f.s.DefaultListableBeanFactory     : Returning cached instance of singleton bean 'autoConfigurationReport'
2024-05-17T15:11:52.312+02:00 TRACE 4684 --- [clothlogix] [           main] o.s.b.f.s.DefaultListableBeanFactory     : Returning cached instance of singleton bean 'autoConfigurationReport'
2024-05-17T15:11:52.312+02:00 TRACE 4684 --- [clothlogix] [           main] o.s.b.a.condition.OnClassCondition       : Condition OnClassCondition on org.springframework.boot.autoconfigure.cache.CacheAutoConfiguration matched due to @ConditionalOnClass found required class 'org.springframework.cache.CacheManager'
2024-05-17T15:11:52.312+02:00 TRACE 4684 --- [clothlogix] [           main] o.s.b.f.s.DefaultListableBeanFactory     : Returning cached instance of singleton bean 'autoConfigurationReport'
2024-05-17T15:11:52.312+02:00 TRACE 4684 --- [clothlogix] [           main] o.s.b.f.s.DefaultListableBeanFactory     : Returning cached instance of singleton bean 'autoConfigurationReport'
2024-05-17T15:11:52.312+02:00 TRACE 4684 --- [clothlogix] [           main] o.s.b.f.s.DefaultListableBeanFactory     : Returning cached instance of singleton bean 'autoConfigurationReport'
2024-05-17T15:11:52.312+02:00 TRACE 4684 --- [clothlogix] [           main] o.s.b.f.s.DefaultListableBeanFactory     : Returning cached instance of singleton bean 'autoConfigurationReport'
2024-05-17T15:11:52.324+02:00 TRACE 4684 --- [clothlogix] [           main] o.s.b.f.s.DefaultListableBeanFactory     : Returning cached instance of singleton bean 'autoConfigurationReport'
2024-05-17T15:11:52.324+02:00 TRACE 4684 --- [clothlogix] [           main] o.s.b.f.s.DefaultListableBeanFactory     : Returning cached instance of singleton bean 'autoConfigurationReport'
2024-05-17T15:11:52.324+02:00 TRACE 4684 --- [clothlogix] [           main] o.s.b.f.s.DefaultListableBeanFactory     : Returning cached instance of singleton bean 'autoConfigurationReport'
2024-05-17T15:11:52.324+02:00 TRACE 4684 --- [clothlogix] [           main] o.s.b.f.s.DefaultListableBeanFactory     : Returning cached instance of singleton bean 'autoConfigurationReport'
2024-05-17T15:11:52.324+02:00 TRACE 4684 --- [clothlogix] [           main] o.s.b.a.condition.OnClassCondition       : Condition OnClassCondition on org.springframework.boot.autoconfigure.cache.JCacheCacheConfiguration did not match due to @ConditionalOnClass did not find required class 'javax.cache.Caching'
2024-05-17T15:11:52.324+02:00 TRACE 4684 --- [clothlogix] [           main] o.s.b.f.s.DefaultListableBeanFactory     : Returning cached instance of singleton bean 'autoConfigurationReport'
2024-05-17T15:11:52.324+02:00 TRACE 4684 --- [clothlogix] [           main] o.s.b.f.s.DefaultListableBeanFactory     : Returning cached instance of singleton bean 'autoConfigurationReport'
2024-05-17T15:11:52.324+02:00 TRACE 4684 --- [clothlogix] [           main] o.s.b.a.AutoConfigurationImportSelector  : Filtered 1 auto configuration class in 0 ms
2024-05-17T15:11:52.324+02:00 TRACE 4684 --- [clothlogix] [           main] o.s.b.f.s.DefaultListableBeanFactory     : Returning cached instance of singleton bean 'autoConfigurationReport'
2024-05-17T15:11:52.324+02:00 TRACE 4684 --- [clothlogix] [           main] o.s.b.a.condition.OnClassCondition       : Condition OnClassCondition on org.springframework.boot.autoconfigure.cache.HazelcastCacheConfiguration did not match due to @ConditionalOnClass did not find required class 'com.hazelcast.core.HazelcastInstance'
2024-05-17T15:11:52.324+02:00 TRACE 4684 --- [clothlogix] [           main] o.s.b.f.s.DefaultListableBeanFactory     : Returning cached instance of singleton bean 'autoConfigurationReport'
2024-05-17T15:11:52.324+02:00 TRACE 4684 --- [clothlogix] [           main] o.s.b.f.s.DefaultListableBeanFactory     : Returning cached instance of singleton bean 'autoConfigurationReport'
2024-05-17T15:11:52.324+02:00 TRACE 4684 --- [clothlogix] [           main] o.s.b.a.AutoConfigurationImportSelector  : Filtered 1 auto configuration class in 0 ms
2024-05-17T15:11:52.324+02:00 TRACE 4684 --- [clothlogix] [           main] o.s.b.f.s.DefaultListableBeanFactory     : Returning cached instance of singleton bean 'autoConfigurationReport'
2024-05-17T15:11:52.324+02:00 TRACE 4684 --- [clothlogix] [           main] o.s.b.a.condition.OnClassCondition       : Condition OnClassCondition on org.springframework.boot.autoconfigure.cache.CouchbaseCacheConfiguration did not match due to @ConditionalOnClass did not find required class 'com.couchbase.client.java.Cluster'
2024-05-17T15:11:52.324+02:00 TRACE 4684 --- [clothlogix] [           main] o.s.b.f.s.DefaultListableBeanFactory     : Returning cached instance of singleton bean 'autoConfigurationReport'
2024-05-17T15:11:52.324+02:00 TRACE 4684 --- [clothlogix] [           main] o.s.b.f.s.DefaultListableBeanFactory     : Returning cached instance of singleton bean 'autoConfigurationReport'
2024-05-17T15:11:52.324+02:00 TRACE 4684 --- [clothlogix] [           main] o.s.b.a.AutoConfigurationImportSelector  : Filtered 1 auto configuration class in 0 ms
2024-05-17T15:11:52.324+02:00 TRACE 4684 --- [clothlogix] [           main] o.s.b.f.s.DefaultListableBeanFactory     : Returning cached instance of singleton bean 'autoConfigurationReport'
2024-05-17T15:11:52.324+02:00 TRACE 4684 --- [clothlogix] [           main] o.s.b.a.condition.OnClassCondition       : Condition OnClassCondition on org.springframework.boot.autoconfigure.cache.InfinispanCacheConfiguration did not match due to @ConditionalOnClass did not find required class 'org.infinispan.spring.embedded.provider.SpringEmbeddedCacheManager'
2024-05-17T15:11:52.324+02:00 TRACE 4684 --- [clothlogix] [           main] o.s.b.f.s.DefaultListableBeanFactory     : Returning cached instance of singleton bean 'autoConfigurationReport'
2024-05-17T15:11:52.324+02:00 TRACE 4684 --- [clothlogix] [           main] o.s.b.f.s.DefaultListableBeanFactory     : Returning cached instance of singleton bean 'autoConfigurationReport'
2024-05-17T15:11:52.324+02:00 TRACE 4684 --- [clothlogix] [           main] o.s.b.a.AutoConfigurationImportSelector  : Filtered 1 auto configuration class in 0 ms
2024-05-17T15:11:52.324+02:00 TRACE 4684 --- [clothlogix] [           main] o.s.b.f.s.DefaultListableBeanFactory     : Returning cached instance of singleton bean 'autoConfigurationReport'
2024-05-17T15:11:52.324+02:00 TRACE 4684 --- [clothlogix] [           main] o.s.b.a.condition.OnClassCondition       : Condition OnClassCondition on org.springframework.boot.autoconfigure.cache.RedisCacheConfiguration did not match due to @ConditionalOnClass did not find required class 'org.springframework.data.redis.connection.RedisConnectionFactory'
2024-05-17T15:11:52.324+02:00 TRACE 4684 --- [clothlogix] [           main] o.s.b.f.s.DefaultListableBeanFactory     : Returning cached instance of singleton bean 'autoConfigurationReport'
2024-05-17T15:11:52.324+02:00 TRACE 4684 --- [clothlogix] [           main] o.s.b.f.s.DefaultListableBeanFactory     : Returning cached instance of singleton bean 'autoConfigurationReport'
2024-05-17T15:11:52.324+02:00 TRACE 4684 --- [clothlogix] [           main] o.s.b.a.AutoConfigurationImportSelector  : Filtered 1 auto configuration class in 0 ms
2024-05-17T15:11:52.324+02:00 TRACE 4684 --- [clothlogix] [           main] o.s.b.f.s.DefaultListableBeanFactory     : Returning cached instance of singleton bean 'autoConfigurationReport'
2024-05-17T15:11:52.324+02:00 TRACE 4684 --- [clothlogix] [           main] o.s.b.a.condition.OnClassCondition       : Condition OnClassCondition on org.springframework.boot.autoconfigure.cache.Cache2kCacheConfiguration did not match due to @ConditionalOnClass did not find required class 'org.cache2k.Cache2kBuilder'
2024-05-17T15:11:52.324+02:00 TRACE 4684 --- [clothlogix] [           main] o.s.b.f.s.DefaultListableBeanFactory     : Returning cached instance of singleton bean 'autoConfigurationReport'
2024-05-17T15:11:52.324+02:00 TRACE 4684 --- [clothlogix] [           main] o.s.b.f.s.DefaultListableBeanFactory     : Returning cached instance of singleton bean 'autoConfigurationReport'
2024-05-17T15:11:52.324+02:00 TRACE 4684 --- [clothlogix] [           main] o.s.b.a.AutoConfigurationImportSelector  : Filtered 1 auto configuration class in 0 ms
2024-05-17T15:11:52.324+02:00 TRACE 4684 --- [clothlogix] [           main] o.s.b.f.s.DefaultListableBeanFactory     : Returning cached instance of singleton bean 'autoConfigurationReport'
2024-05-17T15:11:52.324+02:00 TRACE 4684 --- [clothlogix] [           main] o.s.b.a.condition.OnClassCondition       : Condition OnClassCondition on org.springframework.boot.autoconfigure.cache.CaffeineCacheConfiguration did not match due to @ConditionalOnClass did not find required class 'com.github.benmanes.caffeine.cache.Caffeine'
2024-05-17T15:11:52.324+02:00 TRACE 4684 --- [clothlogix] [           main] o.s.b.f.s.DefaultListableBeanFactory     : Returning cached instance of singleton bean 'autoConfigurationReport'
2024-05-17T15:11:52.324+02:00 TRACE 4684 --- [clothlogix] [           main] o.s.b.f.s.DefaultListableBeanFactory     : Returning cached instance of singleton bean 'autoConfigurationReport'
2024-05-17T15:11:52.324+02:00 TRACE 4684 --- [clothlogix] [           main] o.s.b.a.AutoConfigurationImportSelector  : Filtered 1 auto configuration class in 0 ms
2024-05-17T15:11:52.324+02:00 TRACE 4684 --- [clothlogix] [           main] o.s.b.f.s.DefaultListableBeanFactory     : Returning cached instance of singleton bean 'autoConfigurationReport'
2024-05-17T15:11:52.324+02:00 TRACE 4684 --- [clothlogix] [           main] o.s.b.f.s.DefaultListableBeanFactory     : Returning cached instance of singleton bean 'autoConfigurationReport'
2024-05-17T15:11:52.324+02:00 TRACE 4684 --- [clothlogix] [           main] o.s.b.f.s.DefaultListableBeanFactory     : Returning cached instance of singleton bean 'autoConfigurationReport'
2024-05-17T15:11:52.324+02:00 TRACE 4684 --- [clothlogix] [           main] o.s.b.f.s.DefaultListableBeanFactory     : Returning cached instance of singleton bean 'autoConfigurationReport'
2024-05-17T15:11:52.324+02:00 TRACE 4684 --- [clothlogix] [           main] o.s.b.f.s.DefaultListableBeanFactory     : Returning cached instance of singleton bean 'autoConfigurationReport'
2024-05-17T15:11:52.324+02:00 TRACE 4684 --- [clothlogix] [           main] o.s.b.f.s.DefaultListableBeanFactory     : Returning cached instance of singleton bean 'autoConfigurationReport'
2024-05-17T15:11:52.324+02:00 TRACE 4684 --- [clothlogix] [           main] o.s.b.a.cache.CacheCondition             : Condition CacheCondition on org.springframework.boot.autoconfigure.cache.GenericCacheConfiguration matched due to Cache org.springframework.boot.autoconfigure.cache.GenericCacheConfiguration automatic cache type
2024-05-17T15:11:52.324+02:00 TRACE 4684 --- [clothlogix] [           main] o.s.b.f.s.DefaultListableBeanFactory     : Returning cached instance of singleton bean 'autoConfigurationReport'
2024-05-17T15:11:52.324+02:00 TRACE 4684 --- [clothlogix] [           main] o.s.b.f.s.DefaultListableBeanFactory     : Returning cached instance of singleton bean 'autoConfigurationReport'
2024-05-17T15:11:52.332+02:00 TRACE 4684 --- [clothlogix] [           main] o.s.b.f.s.DefaultListableBeanFactory     : Returning cached instance of singleton bean 'autoConfigurationReport'
2024-05-17T15:11:52.332+02:00 TRACE 4684 --- [clothlogix] [           main] o.s.b.f.s.DefaultListableBeanFactory     : Returning cached instance of singleton bean 'autoConfigurationReport'
2024-05-17T15:11:52.332+02:00 TRACE 4684 --- [clothlogix] [           main] o.s.b.f.s.DefaultListableBeanFactory     : Returning cached instance of singleton bean 'autoConfigurationReport'
2024-05-17T15:11:52.332+02:00 TRACE 4684 --- [clothlogix] [           main] o.s.b.f.s.DefaultListableBeanFactory     : Returning cached instance of singleton bean 'autoConfigurationReport'
2024-05-17T15:11:52.332+02:00 TRACE 4684 --- [clothlogix] [           main] o.s.b.f.s.DefaultListableBeanFactory     : Returning cached instance of singleton bean 'autoConfigurationReport'
2024-05-17T15:11:52.332+02:00 TRACE 4684 --- [clothlogix] [           main] o.s.b.a.cache.CacheCondition             : Condition CacheCondition on org.springframework.boot.autoconfigure.cache.SimpleCacheConfiguration matched due to Cache org.springframework.boot.autoconfigure.cache.SimpleCacheConfiguration automatic cache type
2024-05-17T15:11:52.332+02:00 TRACE 4684 --- [clothlogix] [           main] o.s.b.f.s.DefaultListableBeanFactory     : Returning cached instance of singleton bean 'autoConfigurationReport'
2024-05-17T15:11:52.332+02:00 TRACE 4684 --- [clothlogix] [           main] o.s.b.f.s.DefaultListableBeanFactory     : Returning cached instance of singleton bean 'autoConfigurationReport'
2024-05-17T15:11:52.332+02:00 TRACE 4684 --- [clothlogix] [           main] o.s.b.f.s.DefaultListableBeanFactory     : Returning cached instance of singleton bean 'autoConfigurationReport'
2024-05-17T15:11:52.332+02:00 TRACE 4684 --- [clothlogix] [           main] o.s.b.f.s.DefaultListableBeanFactory     : Returning cached instance of singleton bean 'autoConfigurationReport'
2024-05-17T15:11:52.332+02:00 TRACE 4684 --- [clothlogix] [           main] o.s.b.a.cache.CacheCondition             : Condition CacheCondition on org.springframework.boot.autoconfigure.cache.NoOpCacheConfiguration matched due to Cache org.springframework.boot.autoconfigure.cache.NoOpCacheConfiguration automatic cache type
2024-05-17T15:11:52.332+02:00 TRACE 4684 --- [clothlogix] [           main] o.s.b.f.s.DefaultListableBeanFactory     : Returning cached instance of singleton bean 'autoConfigurationReport'
2024-05-17T15:11:52.332+02:00 TRACE 4684 --- [clothlogix] [           main] o.s.b.f.s.DefaultListableBeanFactory     : Returning cached instance of singleton bean 'autoConfigurationReport'
2024-05-17T15:11:52.332+02:00 TRACE 4684 --- [clothlogix] [           main] o.s.b.f.s.DefaultListableBeanFactory     : Returning cached instance of singleton bean 'autoConfigurationReport'
2024-05-17T15:11:52.332+02:00 TRACE 4684 --- [clothlogix] [           main] o.s.b.f.s.DefaultListableBeanFactory     : Returning cached instance of singleton bean 'autoConfigurationReport'
2024-05-17T15:11:52.332+02:00 TRACE 4684 --- [clothlogix] [           main] o.s.b.a.condition.OnClassCondition       : Condition OnClassCondition on org.springframework.boot.autoconfigure.cache.CacheAutoConfiguration$CacheManagerEntityManagerFactoryDependsOnPostProcessor matched due to @ConditionalOnClass found required class 'org.springframework.orm.jpa.LocalContainerEntityManagerFactoryBean'
2024-05-17T15:11:52.332+02:00 TRACE 4684 --- [clothlogix] [           main] o.s.b.f.s.DefaultListableBeanFactory     : Returning cached instance of singleton bean 'autoConfigurationReport'
2024-05-17T15:11:52.332+02:00 TRACE 4684 --- [clothlogix] [           main] o.s.b.f.s.DefaultListableBeanFactory     : Returning cached instance of singleton bean 'autoConfigurationReport'
2024-05-17T15:11:52.332+02:00 TRACE 4684 --- [clothlogix] [           main] o.s.b.f.s.DefaultListableBeanFactory     : Returning cached instance of singleton bean 'autoConfigurationReport'
2024-05-17T15:11:52.332+02:00 TRACE 4684 --- [clothlogix] [           main] o.s.b.f.s.DefaultListableBeanFactory     : Returning cached instance of singleton bean 'autoConfigurationReport'
2024-05-17T15:11:52.332+02:00 TRACE 4684 --- [clothlogix] [           main] o.s.b.f.s.DefaultListableBeanFactory     : Returning cached instance of singleton bean 'autoConfigurationReport'
2024-05-17T15:11:52.332+02:00 TRACE 4684 --- [clothlogix] [           main] o.s.b.f.s.DefaultListableBeanFactory     : Returning cached instance of singleton bean 'autoConfigurationReport'
2024-05-17T15:11:52.332+02:00 TRACE 4684 --- [clothlogix] [           main] o.s.b.f.s.DefaultListableBeanFactory     : Returning cached instance of singleton bean 'autoConfigurationReport'
2024-05-17T15:11:52.332+02:00 TRACE 4684 --- [clothlogix] [           main] o.s.b.f.s.DefaultListableBeanFactory     : Returning cached instance of singleton bean 'autoConfigurationReport'
2024-05-17T15:11:52.332+02:00 TRACE 4684 --- [clothlogix] [           main] o.s.b.f.s.DefaultListableBeanFactory     : Returning cached instance of singleton bean 'autoConfigurationReport'
2024-05-17T15:11:52.332+02:00 TRACE 4684 --- [clothlogix] [           main] o.s.b.f.s.DefaultListableBeanFactory     : Returning cached instance of singleton bean 'autoConfigurationReport'
2024-05-17T15:11:52.332+02:00 TRACE 4684 --- [clothlogix] [           main] o.s.b.f.s.DefaultListableBeanFactory     : Returning cached instance of singleton bean 'autoConfigurationReport'
2024-05-17T15:11:52.332+02:00 TRACE 4684 --- [clothlogix] [           main] o.s.b.f.s.DefaultListableBeanFactory     : Returning cached instance of singleton bean 'autoConfigurationReport'
2024-05-17T15:11:52.332+02:00 TRACE 4684 --- [clothlogix] [           main] o.s.b.f.s.DefaultListableBeanFactory     : Returning cached instance of singleton bean 'autoConfigurationReport'
2024-05-17T15:11:52.332+02:00 TRACE 4684 --- [clothlogix] [           main] o.s.b.f.s.DefaultListableBeanFactory     : Returning cached instance of singleton bean 'autoConfigurationReport'
2024-05-17T15:11:52.332+02:00 TRACE 4684 --- [clothlogix] [           main] o.s.b.f.s.DefaultListableBeanFactory     : Returning cached instance of singleton bean 'autoConfigurationReport'
2024-05-17T15:11:52.332+02:00 TRACE 4684 --- [clothlogix] [           main] o.s.b.f.s.DefaultListableBeanFactory     : Returning cached instance of singleton bean 'autoConfigurationReport'
2024-05-17T15:11:52.332+02:00 TRACE 4684 --- [clothlogix] [           main] o.s.b.f.s.DefaultListableBeanFactory     : Returning cached instance of singleton bean 'autoConfigurationReport'
2024-05-17T15:11:52.332+02:00 TRACE 4684 --- [clothlogix] [           main] o.s.b.f.s.DefaultListableBeanFactory     : Returning cached instance of singleton bean 'autoConfigurationReport'
2024-05-17T15:11:52.332+02:00 TRACE 4684 --- [clothlogix] [           main] o.s.b.f.s.DefaultListableBeanFactory     : Returning cached instance of singleton bean 'autoConfigurationReport'
2024-05-17T15:11:52.332+02:00 TRACE 4684 --- [clothlogix] [           main] o.s.b.f.s.DefaultListableBeanFactory     : Returning cached instance of singleton bean 'autoConfigurationReport'
2024-05-17T15:11:52.332+02:00 TRACE 4684 --- [clothlogix] [           main] o.s.b.f.s.DefaultListableBeanFactory     : Returning cached instance of singleton bean 'autoConfigurationReport'
2024-05-17T15:11:52.332+02:00 TRACE 4684 --- [clothlogix] [           main] o.s.b.f.s.DefaultListableBeanFactory     : Returning cached instance of singleton bean 'autoConfigurationReport'
2024-05-17T15:11:52.332+02:00 TRACE 4684 --- [clothlogix] [           main] o.s.b.f.s.DefaultListableBeanFactory     : Returning cached instance of singleton bean 'autoConfigurationReport'
2024-05-17T15:11:52.332+02:00 TRACE 4684 --- [clothlogix] [           main] o.s.b.f.s.DefaultListableBeanFactory     : Returning cached instance of singleton bean 'autoConfigurationReport'
2024-05-17T15:11:52.332+02:00 TRACE 4684 --- [clothlogix] [           main] o.s.b.f.s.DefaultListableBeanFactory     : Returning cached instance of singleton bean 'autoConfigurationReport'
2024-05-17T15:11:52.332+02:00 TRACE 4684 --- [clothlogix] [           main] o.s.b.f.s.DefaultListableBeanFactory     : Returning cached instance of singleton bean 'autoConfigurationReport'
2024-05-17T15:11:52.332+02:00 TRACE 4684 --- [clothlogix] [           main] o.s.b.f.s.DefaultListableBeanFactory     : Returning cached instance of singleton bean 'autoConfigurationReport'
2024-05-17T15:11:52.332+02:00 TRACE 4684 --- [clothlogix] [           main] o.s.b.f.s.DefaultListableBeanFactory     : Returning cached instance of singleton bean 'autoConfigurationReport'
2024-05-17T15:11:52.332+02:00 TRACE 4684 --- [clothlogix] [           main] o.s.b.a.condition.OnClassCondition       : Condition OnClassCondition on org.springframework.boot.autoconfigure.dao.PersistenceExceptionTranslationAutoConfiguration matched due to @ConditionalOnClass found required class 'org.springframework.dao.annotation.PersistenceExceptionTranslationPostProcessor'
2024-05-17T15:11:52.332+02:00 TRACE 4684 --- [clothlogix] [           main] o.s.b.f.s.DefaultListableBeanFactory     : Returning cached instance of singleton bean 'autoConfigurationReport'
2024-05-17T15:11:52.332+02:00 TRACE 4684 --- [clothlogix] [           main] o.s.b.f.s.DefaultListableBeanFactory     : Returning cached instance of singleton bean 'autoConfigurationReport'
2024-05-17T15:11:52.332+02:00 TRACE 4684 --- [clothlogix] [           main] o.s.b.f.s.DefaultListableBeanFactory     : Returning cached instance of singleton bean 'autoConfigurationReport'
2024-05-17T15:11:52.332+02:00 TRACE 4684 --- [clothlogix] [           main] o.s.b.f.s.DefaultListableBeanFactory     : Returning cached instance of singleton bean 'autoConfigurationReport'
2024-05-17T15:11:52.332+02:00 TRACE 4684 --- [clothlogix] [           main] o.s.b.f.s.DefaultListableBeanFactory     : Returning cached instance of singleton bean 'autoConfigurationReport'
2024-05-17T15:11:52.332+02:00 TRACE 4684 --- [clothlogix] [           main] o.s.b.f.s.DefaultListableBeanFactory     : Returning cached instance of singleton bean 'autoConfigurationReport'
2024-05-17T15:11:52.332+02:00 TRACE 4684 --- [clothlogix] [           main] o.s.b.f.s.DefaultListableBeanFactory     : Returning cached instance of singleton bean 'autoConfigurationReport'
2024-05-17T15:11:52.332+02:00 TRACE 4684 --- [clothlogix] [           main] o.s.b.f.s.DefaultListableBeanFactory     : Returning cached instance of singleton bean 'autoConfigurationReport'
2024-05-17T15:11:52.337+02:00 TRACE 4684 --- [clothlogix] [           main] o.s.b.f.s.DefaultListableBeanFactory     : Returning cached instance of singleton bean 'autoConfigurationReport'
2024-05-17T15:11:52.337+02:00 TRACE 4684 --- [clothlogix] [           main] o.s.b.f.s.DefaultListableBeanFactory     : Returning cached instance of singleton bean 'autoConfigurationReport'
2024-05-17T15:11:52.339+02:00 TRACE 4684 --- [clothlogix] [           main] o.s.b.a.condition.OnClassCondition       : Condition OnClassCondition on org.springframework.boot.autoconfigure.data.jpa.JpaRepositoriesAutoConfiguration matched due to @ConditionalOnClass found required class 'org.springframework.data.jpa.repository.JpaRepository'
2024-05-17T15:11:52.339+02:00 TRACE 4684 --- [clothlogix] [           main] o.s.b.f.s.DefaultListableBeanFactory     : Returning cached instance of singleton bean 'autoConfigurationReport'
2024-05-17T15:11:52.339+02:00 TRACE 4684 --- [clothlogix] [           main] o.s.b.a.condition.OnPropertyCondition    : Condition OnPropertyCondition on org.springframework.boot.autoconfigure.data.jpa.JpaRepositoriesAutoConfiguration matched due to @ConditionalOnProperty (spring.data.jpa.repositories.enabled=true) matched
2024-05-17T15:11:52.339+02:00 TRACE 4684 --- [clothlogix] [           main] o.s.b.f.s.DefaultListableBeanFactory     : Returning cached instance of singleton bean 'autoConfigurationReport'
2024-05-17T15:11:52.339+02:00 TRACE 4684 --- [clothlogix] [           main] o.s.b.f.s.DefaultListableBeanFactory     : Returning cached instance of singleton bean 'autoConfigurationReport'
2024-05-17T15:11:52.339+02:00 TRACE 4684 --- [clothlogix] [           main] o.s.b.f.s.DefaultListableBeanFactory     : Returning cached instance of singleton bean 'autoConfigurationReport'
2024-05-17T15:11:52.339+02:00 TRACE 4684 --- [clothlogix] [           main] o.s.b.f.s.DefaultListableBeanFactory     : Returning cached instance of singleton bean 'autoConfigurationReport'
2024-05-17T15:11:52.345+02:00 TRACE 4684 --- [clothlogix] [           main] o.s.b.f.s.DefaultListableBeanFactory     : Returning cached instance of singleton bean 'autoConfigurationReport'
2024-05-17T15:11:52.345+02:00 TRACE 4684 --- [clothlogix] [           main] o.s.b.f.s.DefaultListableBeanFactory     : Returning cached instance of singleton bean 'autoConfigurationReport'
2024-05-17T15:11:52.345+02:00 TRACE 4684 --- [clothlogix] [           main] o.s.b.f.s.DefaultListableBeanFactory     : Returning cached instance of singleton bean 'autoConfigurationReport'
2024-05-17T15:11:52.352+02:00 TRACE 4684 --- [clothlogix] [           main] o.s.b.f.s.DefaultListableBeanFactory     : Returning cached instance of singleton bean 'autoConfigurationReport'
2024-05-17T15:11:52.352+02:00 TRACE 4684 --- [clothlogix] [           main] o.s.b.f.s.DefaultListableBeanFactory     : Returning cached instance of singleton bean 'autoConfigurationReport'
2024-05-17T15:11:52.352+02:00 TRACE 4684 --- [clothlogix] [           main] o.s.b.f.s.DefaultListableBeanFactory     : Returning cached instance of singleton bean 'autoConfigurationReport'
2024-05-17T15:11:52.352+02:00 TRACE 4684 --- [clothlogix] [           main] o.s.b.f.s.DefaultListableBeanFactory     : Returning cached instance of singleton bean 'autoConfigurationReport'
2024-05-17T15:11:52.352+02:00 TRACE 4684 --- [clothlogix] [           main] o.s.b.f.s.DefaultListableBeanFactory     : Returning cached instance of singleton bean 'autoConfigurationReport'
2024-05-17T15:11:52.352+02:00 TRACE 4684 --- [clothlogix] [           main] o.s.b.f.s.DefaultListableBeanFactory     : Returning cached instance of singleton bean 'autoConfigurationReport'
2024-05-17T15:11:52.354+02:00 TRACE 4684 --- [clothlogix] [           main] o.s.b.a.condition.OnClassCondition       : Condition OnClassCondition on org.springframework.boot.autoconfigure.http.HttpMessageConvertersAutoConfiguration matched due to @ConditionalOnClass found required class 'org.springframework.http.converter.HttpMessageConverter'
2024-05-17T15:11:52.354+02:00 TRACE 4684 --- [clothlogix] [           main] o.s.b.f.s.DefaultListableBeanFactory     : Returning cached instance of singleton bean 'autoConfigurationReport'
2024-05-17T15:11:52.354+02:00 TRACE 4684 --- [clothlogix] [           main] ation$NotReactiveWebApplicationCondition : Condition HttpMessageConvertersAutoConfiguration.NotReactiveWebApplicationCondition on org.springframework.boot.autoconfigure.http.HttpMessageConvertersAutoConfiguration matched due to NoneNestedConditions 0 matched 1 did not; NestedCondition on HttpMessageConvertersAutoConfiguration.NotReactiveWebApplicationCondition.ReactiveWebApplication did not find reactive web application classes
2024-05-17T15:11:52.354+02:00 TRACE 4684 --- [clothlogix] [           main] o.s.b.f.s.DefaultListableBeanFactory     : Returning cached instance of singleton bean 'autoConfigurationReport'
2024-05-17T15:11:52.354+02:00 TRACE 4684 --- [clothlogix] [           main] o.s.b.f.s.DefaultListableBeanFactory     : Returning cached instance of singleton bean 'autoConfigurationReport'
2024-05-17T15:11:52.354+02:00 TRACE 4684 --- [clothlogix] [           main] o.s.b.f.s.DefaultListableBeanFactory     : Returning cached instance of singleton bean 'autoConfigurationReport'
2024-05-17T15:11:52.354+02:00 TRACE 4684 --- [clothlogix] [           main] o.s.b.f.s.DefaultListableBeanFactory     : Returning cached instance of singleton bean 'autoConfigurationReport'
2024-05-17T15:11:52.354+02:00 TRACE 4684 --- [clothlogix] [           main] o.s.b.a.condition.OnClassCondition       : Condition OnClassCondition on org.springframework.boot.autoconfigure.http.HttpMessageConvertersAutoConfiguration$StringHttpMessageConverterConfiguration matched due to @ConditionalOnClass found required class 'org.springframework.http.converter.StringHttpMessageConverter'
2024-05-17T15:11:52.354+02:00 TRACE 4684 --- [clothlogix] [           main] o.s.b.f.s.DefaultListableBeanFactory     : Returning cached instance of singleton bean 'autoConfigurationReport'
2024-05-17T15:11:52.354+02:00 TRACE 4684 --- [clothlogix] [           main] o.s.b.f.s.DefaultListableBeanFactory     : Returning cached instance of singleton bean 'autoConfigurationReport'
2024-05-17T15:11:52.354+02:00 TRACE 4684 --- [clothlogix] [           main] o.s.b.f.s.DefaultListableBeanFactory     : Returning cached instance of singleton bean 'autoConfigurationReport'
2024-05-17T15:11:52.354+02:00 TRACE 4684 --- [clothlogix] [           main] o.s.b.f.s.DefaultListableBeanFactory     : Returning cached instance of singleton bean 'autoConfigurationReport'
2024-05-17T15:11:52.354+02:00 TRACE 4684 --- [clothlogix] [           main] o.s.b.f.s.DefaultListableBeanFactory     : Returning cached instance of singleton bean 'autoConfigurationReport'
2024-05-17T15:11:52.354+02:00 TRACE 4684 --- [clothlogix] [           main] o.s.b.f.s.DefaultListableBeanFactory     : Returning cached instance of singleton bean 'autoConfigurationReport'
2024-05-17T15:11:52.354+02:00 TRACE 4684 --- [clothlogix] [           main] o.s.b.f.s.DefaultListableBeanFactory     : Returning cached instance of singleton bean 'autoConfigurationReport'
2024-05-17T15:11:52.354+02:00 TRACE 4684 --- [clothlogix] [           main] o.s.b.a.condition.OnClassCondition       : Condition OnClassCondition on org.springframework.boot.autoconfigure.http.JacksonHttpMessageConvertersConfiguration$MappingJackson2XmlHttpMessageConverterConfiguration did not match due to @ConditionalOnClass did not find required class 'com.fasterxml.jackson.dataformat.xml.XmlMapper'
2024-05-17T15:11:52.354+02:00 TRACE 4684 --- [clothlogix] [           main] o.s.b.f.s.DefaultListableBeanFactory     : Returning cached instance of singleton bean 'autoConfigurationReport'
2024-05-17T15:11:52.354+02:00 TRACE 4684 --- [clothlogix] [           main] o.s.b.a.condition.OnClassCondition       : Condition OnClassCondition on org.springframework.boot.autoconfigure.http.JacksonHttpMessageConvertersConfiguration$MappingJackson2HttpMessageConverterConfiguration matched due to @ConditionalOnClass found required class 'com.fasterxml.jackson.databind.ObjectMapper'
2024-05-17T15:11:52.354+02:00 TRACE 4684 --- [clothlogix] [           main] o.s.b.f.s.DefaultListableBeanFactory     : Returning cached instance of singleton bean 'autoConfigurationReport'
2024-05-17T15:11:52.354+02:00 TRACE 4684 --- [clothlogix] [           main] o.s.b.a.condition.OnPropertyCondition    : Condition OnPropertyCondition on org.springframework.boot.autoconfigure.http.JacksonHttpMessageConvertersConfiguration$MappingJackson2HttpMessageConverterConfiguration matched due to @ConditionalOnProperty (spring.mvc.converters.preferred-json-mapper=jackson) matched
2024-05-17T15:11:52.354+02:00 TRACE 4684 --- [clothlogix] [           main] o.s.b.f.s.DefaultListableBeanFactory     : Returning cached instance of singleton bean 'autoConfigurationReport'
2024-05-17T15:11:52.354+02:00 TRACE 4684 --- [clothlogix] [           main] o.s.b.f.s.DefaultListableBeanFactory     : Returning cached instance of singleton bean 'autoConfigurationReport'
2024-05-17T15:11:52.354+02:00 TRACE 4684 --- [clothlogix] [           main] o.s.b.f.s.DefaultListableBeanFactory     : Returning cached instance of singleton bean 'autoConfigurationReport'
2024-05-17T15:11:52.354+02:00 TRACE 4684 --- [clothlogix] [           main] o.s.b.f.s.DefaultListableBeanFactory     : Returning cached instance of singleton bean 'autoConfigurationReport'
2024-05-17T15:11:52.354+02:00 TRACE 4684 --- [clothlogix] [           main] o.s.b.a.condition.OnClassCondition       : Condition OnClassCondition on org.springframework.boot.autoconfigure.http.GsonHttpMessageConvertersConfiguration did not match due to @ConditionalOnClass did not find required class 'com.google.gson.Gson'
2024-05-17T15:11:52.354+02:00 TRACE 4684 --- [clothlogix] [           main] o.s.b.f.s.DefaultListableBeanFactory     : Returning cached instance of singleton bean 'autoConfigurationReport'
2024-05-17T15:11:52.354+02:00 TRACE 4684 --- [clothlogix] [           main] o.s.b.a.condition.OnClassCondition       : Condition OnClassCondition on org.springframework.boot.autoconfigure.http.JsonbHttpMessageConvertersConfiguration did not match due to @ConditionalOnClass did not find required class 'jakarta.json.bind.Jsonb'
2024-05-17T15:11:52.354+02:00 TRACE 4684 --- [clothlogix] [           main] o.s.b.f.s.DefaultListableBeanFactory     : Returning cached instance of singleton bean 'autoConfigurationReport'
2024-05-17T15:11:52.354+02:00 TRACE 4684 --- [clothlogix] [           main] o.s.b.f.s.DefaultListableBeanFactory     : Returning cached instance of singleton bean 'autoConfigurationReport'
2024-05-17T15:11:52.354+02:00 TRACE 4684 --- [clothlogix] [           main] o.s.b.f.s.DefaultListableBeanFactory     : Returning cached instance of singleton bean 'autoConfigurationReport'
2024-05-17T15:11:52.354+02:00 TRACE 4684 --- [clothlogix] [           main] o.s.b.f.s.DefaultListableBeanFactory     : Returning cached instance of singleton bean 'autoConfigurationReport'
2024-05-17T15:11:52.354+02:00 TRACE 4684 --- [clothlogix] [           main] o.s.b.f.s.DefaultListableBeanFactory     : Returning cached instance of singleton bean 'autoConfigurationReport'
2024-05-17T15:11:52.354+02:00 TRACE 4684 --- [clothlogix] [           main] o.s.b.f.s.DefaultListableBeanFactory     : Returning cached instance of singleton bean 'autoConfigurationReport'
2024-05-17T15:11:52.354+02:00 TRACE 4684 --- [clothlogix] [           main] o.s.b.f.s.DefaultListableBeanFactory     : Returning cached instance of singleton bean 'autoConfigurationReport'
2024-05-17T15:11:52.354+02:00 TRACE 4684 --- [clothlogix] [           main] o.s.b.a.condition.OnClassCondition       : Condition OnClassCondition on org.springframework.boot.autoconfigure.data.rest.RepositoryRestMvcAutoConfiguration matched due to @ConditionalOnClass found required class 'org.springframework.data.rest.webmvc.config.RepositoryRestMvcConfiguration'
2024-05-17T15:11:52.362+02:00 TRACE 4684 --- [clothlogix] [           main] o.s.b.f.s.DefaultListableBeanFactory     : Returning cached instance of singleton bean 'autoConfigurationReport'
2024-05-17T15:11:52.362+02:00 TRACE 4684 --- [clothlogix] [           main] o.s.b.a.c.OnWebApplicationCondition      : Condition OnWebApplicationCondition on org.springframework.boot.autoconfigure.data.rest.RepositoryRestMvcAutoConfiguration matched due to found 'session' scope
2024-05-17T15:11:52.362+02:00 TRACE 4684 --- [clothlogix] [           main] o.s.b.f.s.DefaultListableBeanFactory     : Returning cached instance of singleton bean 'autoConfigurationReport'
2024-05-17T15:11:52.362+02:00 TRACE 4684 --- [clothlogix] [           main] o.s.b.f.s.DefaultListableBeanFactory     : Returning cached instance of singleton bean 'autoConfigurationReport'
2024-05-17T15:11:52.362+02:00 TRACE 4684 --- [clothlogix] [           main] o.s.b.f.s.DefaultListableBeanFactory     : Returning cached instance of singleton bean 'autoConfigurationReport'
2024-05-17T15:11:52.362+02:00 TRACE 4684 --- [clothlogix] [           main] o.s.b.f.s.DefaultListableBeanFactory     : Returning cached instance of singleton bean 'autoConfigurationReport'
2024-05-17T15:11:52.377+02:00 TRACE 4684 --- [clothlogix] [           main] o.s.b.f.s.DefaultListableBeanFactory     : Returning cached instance of singleton bean 'autoConfigurationReport'
2024-05-17T15:11:52.377+02:00 TRACE 4684 --- [clothlogix] [           main] o.s.b.f.s.DefaultListableBeanFactory     : Returning cached instance of singleton bean 'autoConfigurationReport'
2024-05-17T15:11:52.377+02:00 TRACE 4684 --- [clothlogix] [           main] o.s.b.f.s.DefaultListableBeanFactory     : Returning cached instance of singleton bean 'autoConfigurationReport'
2024-05-17T15:11:52.382+02:00 TRACE 4684 --- [clothlogix] [           main] o.s.c.io.support.SpringFactoriesLoader   : Loaded [org.springframework.hateoas.config.MediaTypeConfigurationProvider] names: [org.springframework.hateoas.mediatype.collectionjson.CollectionJsonMediaTypeConfigurationProvider, org.springframework.hateoas.mediatype.hal.HalMediaTypeConfigurationProvider, org.springframework.hateoas.mediatype.hal.forms.HalFormsMediaTypeConfigurationProvider, org.springframework.hateoas.mediatype.uber.UberMediaTypeConfigurationProvider, org.springframework.hateoas.mediatype.problem.HttpProblemDetailsConfigurationProvider]
2024-05-17T15:11:52.385+02:00 TRACE 4684 --- [clothlogix] [           main] o.s.b.f.s.DefaultListableBeanFactory     : Returning cached instance of singleton bean 'autoConfigurationReport'
2024-05-17T15:11:52.385+02:00 TRACE 4684 --- [clothlogix] [           main] o.s.b.f.s.DefaultListableBeanFactory     : Returning cached instance of singleton bean 'autoConfigurationReport'
2024-05-17T15:11:52.385+02:00 TRACE 4684 --- [clothlogix] [           main] o.s.b.f.s.DefaultListableBeanFactory     : Returning cached instance of singleton bean 'autoConfigurationReport'
2024-05-17T15:11:52.385+02:00 TRACE 4684 --- [clothlogix] [           main] o.s.b.f.s.DefaultListableBeanFactory     : Returning cached instance of singleton bean 'autoConfigurationReport'
2024-05-17T15:11:52.385+02:00 TRACE 4684 --- [clothlogix] [           main] o.s.b.f.s.DefaultListableBeanFactory     : Returning cached instance of singleton bean 'autoConfigurationReport'
2024-05-17T15:11:52.385+02:00 TRACE 4684 --- [clothlogix] [           main] o.s.b.f.s.DefaultListableBeanFactory     : Returning cached instance of singleton bean 'autoConfigurationReport'
2024-05-17T15:11:52.385+02:00 TRACE 4684 --- [clothlogix] [           main] o.s.b.f.s.DefaultListableBeanFactory     : Returning cached instance of singleton bean 'autoConfigurationReport'
2024-05-17T15:11:52.385+02:00 TRACE 4684 --- [clothlogix] [           main] o.s.b.f.s.DefaultListableBeanFactory     : Returning cached instance of singleton bean 'autoConfigurationReport'
2024-05-17T15:11:52.385+02:00 TRACE 4684 --- [clothlogix] [           main] o.s.b.f.s.DefaultListableBeanFactory     : Returning cached instance of singleton bean 'autoConfigurationReport'
2024-05-17T15:11:52.385+02:00 TRACE 4684 --- [clothlogix] [           main] o.s.b.f.s.DefaultListableBeanFactory     : Returning cached instance of singleton bean 'autoConfigurationReport'
2024-05-17T15:11:52.385+02:00 TRACE 4684 --- [clothlogix] [           main] o.s.b.f.s.DefaultListableBeanFactory     : Returning cached instance of singleton bean 'autoConfigurationReport'
2024-05-17T15:11:52.385+02:00 TRACE 4684 --- [clothlogix] [           main] o.s.b.f.s.DefaultListableBeanFactory     : Returning cached instance of singleton bean 'autoConfigurationReport'
2024-05-17T15:11:52.385+02:00 TRACE 4684 --- [clothlogix] [           main] o.s.b.f.s.DefaultListableBeanFactory     : Returning cached instance of singleton bean 'autoConfigurationReport'
2024-05-17T15:11:52.385+02:00 TRACE 4684 --- [clothlogix] [           main] o.s.b.f.s.DefaultListableBeanFactory     : Returning cached instance of singleton bean 'autoConfigurationReport'
2024-05-17T15:11:52.385+02:00 TRACE 4684 --- [clothlogix] [           main] o.s.b.f.s.DefaultListableBeanFactory     : Returning cached instance of singleton bean 'autoConfigurationReport'
2024-05-17T15:11:52.385+02:00 TRACE 4684 --- [clothlogix] [           main] o.s.b.f.s.DefaultListableBeanFactory     : Returning cached instance of singleton bean 'autoConfigurationReport'
2024-05-17T15:11:52.385+02:00 TRACE 4684 --- [clothlogix] [           main] o.s.b.f.s.DefaultListableBeanFactory     : Returning cached instance of singleton bean 'autoConfigurationReport'
2024-05-17T15:11:52.385+02:00 TRACE 4684 --- [clothlogix] [           main] o.s.b.f.s.DefaultListableBeanFactory     : Returning cached instance of singleton bean 'autoConfigurationReport'
2024-05-17T15:11:52.385+02:00 TRACE 4684 --- [clothlogix] [           main] o.s.b.f.s.DefaultListableBeanFactory     : Returning cached instance of singleton bean 'autoConfigurationReport'
2024-05-17T15:11:52.385+02:00 TRACE 4684 --- [clothlogix] [           main] o.s.b.f.s.DefaultListableBeanFactory     : Returning cached instance of singleton bean 'autoConfigurationReport'
2024-05-17T15:11:52.385+02:00 TRACE 4684 --- [clothlogix] [           main] o.s.b.f.s.DefaultListableBeanFactory     : Returning cached instance of singleton bean 'autoConfigurationReport'
2024-05-17T15:11:52.385+02:00 TRACE 4684 --- [clothlogix] [           main] o.s.b.f.s.DefaultListableBeanFactory     : Returning cached instance of singleton bean 'autoConfigurationReport'
2024-05-17T15:11:52.385+02:00 TRACE 4684 --- [clothlogix] [           main] o.s.b.f.s.DefaultListableBeanFactory     : Returning cached instance of singleton bean 'autoConfigurationReport'
2024-05-17T15:11:52.385+02:00 TRACE 4684 --- [clothlogix] [           main] o.s.b.f.s.DefaultListableBeanFactory     : Returning cached instance of singleton bean 'autoConfigurationReport'
2024-05-17T15:11:52.385+02:00 TRACE 4684 --- [clothlogix] [           main] o.s.b.f.s.DefaultListableBeanFactory     : Returning cached instance of singleton bean 'autoConfigurationReport'
2024-05-17T15:11:52.385+02:00 TRACE 4684 --- [clothlogix] [           main] o.s.b.f.s.DefaultListableBeanFactory     : Returning cached instance of singleton bean 'autoConfigurationReport'
2024-05-17T15:11:52.385+02:00 TRACE 4684 --- [clothlogix] [           main] o.s.b.f.s.DefaultListableBeanFactory     : Returning cached instance of singleton bean 'autoConfigurationReport'
2024-05-17T15:11:52.385+02:00 TRACE 4684 --- [clothlogix] [           main] o.s.b.f.s.DefaultListableBeanFactory     : Returning cached instance of singleton bean 'autoConfigurationReport'
2024-05-17T15:11:52.385+02:00 TRACE 4684 --- [clothlogix] [           main] o.s.b.f.s.DefaultListableBeanFactory     : Returning cached instance of singleton bean 'autoConfigurationReport'
2024-05-17T15:11:52.385+02:00 TRACE 4684 --- [clothlogix] [           main] o.s.b.f.s.DefaultListableBeanFactory     : Returning cached instance of singleton bean 'autoConfigurationReport'
2024-05-17T15:11:52.392+02:00 TRACE 4684 --- [clothlogix] [           main] o.s.b.f.s.DefaultListableBeanFactory     : Returning cached instance of singleton bean 'autoConfigurationReport'
2024-05-17T15:11:52.392+02:00 TRACE 4684 --- [clothlogix] [           main] o.s.b.f.s.DefaultListableBeanFactory     : Returning cached instance of singleton bean 'autoConfigurationReport'
2024-05-17T15:11:52.392+02:00 TRACE 4684 --- [clothlogix] [           main] o.s.b.f.s.DefaultListableBeanFactory     : Returning cached instance of singleton bean 'autoConfigurationReport'
2024-05-17T15:11:52.392+02:00 TRACE 4684 --- [clothlogix] [           main] o.s.b.f.s.DefaultListableBeanFactory     : Returning cached instance of singleton bean 'autoConfigurationReport'
2024-05-17T15:11:52.392+02:00 TRACE 4684 --- [clothlogix] [           main] o.s.b.f.s.DefaultListableBeanFactory     : Returning cached instance of singleton bean 'autoConfigurationReport'
2024-05-17T15:11:52.392+02:00 TRACE 4684 --- [clothlogix] [           main] o.s.b.f.s.DefaultListableBeanFactory     : Returning cached instance of singleton bean 'autoConfigurationReport'
2024-05-17T15:11:52.392+02:00 TRACE 4684 --- [clothlogix] [           main] o.s.b.f.s.DefaultListableBeanFactory     : Returning cached instance of singleton bean 'autoConfigurationReport'
2024-05-17T15:11:52.392+02:00 TRACE 4684 --- [clothlogix] [           main] o.s.b.f.s.DefaultListableBeanFactory     : Returning cached instance of singleton bean 'autoConfigurationReport'
2024-05-17T15:11:52.392+02:00 TRACE 4684 --- [clothlogix] [           main] o.s.b.f.s.DefaultListableBeanFactory     : Returning cached instance of singleton bean 'autoConfigurationReport'
2024-05-17T15:11:52.392+02:00 TRACE 4684 --- [clothlogix] [           main] o.s.b.f.s.DefaultListableBeanFactory     : Returning cached instance of singleton bean 'autoConfigurationReport'
2024-05-17T15:11:52.392+02:00 TRACE 4684 --- [clothlogix] [           main] o.s.b.f.s.DefaultListableBeanFactory     : Returning cached instance of singleton bean 'autoConfigurationReport'
2024-05-17T15:11:52.392+02:00 TRACE 4684 --- [clothlogix] [           main] o.s.b.f.s.DefaultListableBeanFactory     : Returning cached instance of singleton bean 'autoConfigurationReport'
2024-05-17T15:11:52.392+02:00 TRACE 4684 --- [clothlogix] [           main] o.s.b.f.s.DefaultListableBeanFactory     : Returning cached instance of singleton bean 'autoConfigurationReport'
2024-05-17T15:11:52.392+02:00 TRACE 4684 --- [clothlogix] [           main] o.s.b.f.s.DefaultListableBeanFactory     : Returning cached instance of singleton bean 'autoConfigurationReport'
2024-05-17T15:11:52.392+02:00 TRACE 4684 --- [clothlogix] [           main] o.s.b.f.s.DefaultListableBeanFactory     : Returning cached instance of singleton bean 'autoConfigurationReport'
2024-05-17T15:11:52.392+02:00 TRACE 4684 --- [clothlogix] [           main] o.s.b.f.s.DefaultListableBeanFactory     : Returning cached instance of singleton bean 'autoConfigurationReport'
2024-05-17T15:11:52.392+02:00 TRACE 4684 --- [clothlogix] [           main] o.s.b.f.s.DefaultListableBeanFactory     : Returning cached instance of singleton bean 'autoConfigurationReport'
2024-05-17T15:11:52.392+02:00 TRACE 4684 --- [clothlogix] [           main] o.s.b.f.s.DefaultListableBeanFactory     : Returning cached instance of singleton bean 'autoConfigurationReport'
2024-05-17T15:11:52.392+02:00 TRACE 4684 --- [clothlogix] [           main] o.s.b.f.s.DefaultListableBeanFactory     : Returning cached instance of singleton bean 'autoConfigurationReport'
2024-05-17T15:11:52.392+02:00 TRACE 4684 --- [clothlogix] [           main] o.s.b.f.s.DefaultListableBeanFactory     : Returning cached instance of singleton bean 'autoConfigurationReport'
2024-05-17T15:11:52.392+02:00 TRACE 4684 --- [clothlogix] [           main] o.s.b.f.s.DefaultListableBeanFactory     : Returning cached instance of singleton bean 'autoConfigurationReport'
2024-05-17T15:11:52.392+02:00 TRACE 4684 --- [clothlogix] [           main] o.s.b.a.condition.OnClassCondition       : Condition OnClassCondition on org.springframework.boot.autoconfigure.data.web.SpringDataWebAutoConfiguration matched due to @ConditionalOnClass found required classes 'org.springframework.data.web.PageableHandlerMethodArgumentResolver', 'org.springframework.web.servlet.config.annotation.WebMvcConfigurer'
2024-05-17T15:11:52.392+02:00 TRACE 4684 --- [clothlogix] [           main] o.s.b.f.s.DefaultListableBeanFactory     : Returning cached instance of singleton bean 'autoConfigurationReport'
2024-05-17T15:11:52.392+02:00 TRACE 4684 --- [clothlogix] [           main] o.s.b.a.c.OnWebApplicationCondition      : Condition OnWebApplicationCondition on org.springframework.boot.autoconfigure.data.web.SpringDataWebAutoConfiguration matched due to found 'session' scope
2024-05-17T15:11:52.392+02:00 TRACE 4684 --- [clothlogix] [           main] o.s.b.f.s.DefaultListableBeanFactory     : Returning cached instance of singleton bean 'autoConfigurationReport'
2024-05-17T15:11:52.392+02:00 TRACE 4684 --- [clothlogix] [           main] o.s.b.f.s.DefaultListableBeanFactory     : Returning cached instance of singleton bean 'autoConfigurationReport'
2024-05-17T15:11:52.392+02:00 TRACE 4684 --- [clothlogix] [           main] o.s.b.f.s.DefaultListableBeanFactory     : Returning cached instance of singleton bean 'autoConfigurationReport'
2024-05-17T15:11:52.392+02:00 TRACE 4684 --- [clothlogix] [           main] o.s.b.f.s.DefaultListableBeanFactory     : Returning cached instance of singleton bean 'autoConfigurationReport'
2024-05-17T15:11:52.392+02:00 TRACE 4684 --- [clothlogix] [           main] o.s.b.f.s.DefaultListableBeanFactory     : Returning cached instance of singleton bean 'autoConfigurationReport'
2024-05-17T15:11:52.392+02:00 TRACE 4684 --- [clothlogix] [           main] o.s.b.f.s.DefaultListableBeanFactory     : Returning cached instance of singleton bean 'autoConfigurationReport'
2024-05-17T15:11:52.392+02:00 TRACE 4684 --- [clothlogix] [           main] o.s.b.f.s.DefaultListableBeanFactory     : Returning cached instance of singleton bean 'autoConfigurationReport'
2024-05-17T15:11:52.392+02:00 TRACE 4684 --- [clothlogix] [           main] o.s.b.f.s.DefaultListableBeanFactory     : Returning cached instance of singleton bean 'autoConfigurationReport'
2024-05-17T15:11:52.392+02:00 TRACE 4684 --- [clothlogix] [           main] o.s.b.f.s.DefaultListableBeanFactory     : Returning cached instance of singleton bean 'autoConfigurationReport'
2024-05-17T15:11:52.392+02:00 TRACE 4684 --- [clothlogix] [           main] o.s.b.f.s.DefaultListableBeanFactory     : Returning cached instance of singleton bean 'autoConfigurationReport'
2024-05-17T15:11:52.392+02:00 TRACE 4684 --- [clothlogix] [           main] o.s.b.f.s.DefaultListableBeanFactory     : Returning cached instance of singleton bean 'autoConfigurationReport'
2024-05-17T15:11:52.392+02:00 TRACE 4684 --- [clothlogix] [           main] o.s.b.f.s.DefaultListableBeanFactory     : Returning cached instance of singleton bean 'autoConfigurationReport'
2024-05-17T15:11:52.392+02:00 TRACE 4684 --- [clothlogix] [           main] o.s.b.f.s.DefaultListableBeanFactory     : Returning cached instance of singleton bean 'autoConfigurationReport'
2024-05-17T15:11:52.392+02:00 TRACE 4684 --- [clothlogix] [           main] o.s.b.f.s.DefaultListableBeanFactory     : Returning cached instance of singleton bean 'autoConfigurationReport'
2024-05-17T15:11:52.392+02:00 TRACE 4684 --- [clothlogix] [           main] o.s.b.f.s.DefaultListableBeanFactory     : Returning cached instance of singleton bean 'autoConfigurationReport'
2024-05-17T15:11:52.392+02:00 TRACE 4684 --- [clothlogix] [           main] o.s.b.f.s.DefaultListableBeanFactory     : Returning cached instance of singleton bean 'autoConfigurationReport'
2024-05-17T15:11:52.402+02:00 TRACE 4684 --- [clothlogix] [           main] o.s.b.f.s.DefaultListableBeanFactory     : Returning cached instance of singleton bean 'autoConfigurationReport'
2024-05-17T15:11:52.402+02:00 TRACE 4684 --- [clothlogix] [           main] o.s.b.f.s.DefaultListableBeanFactory     : Returning cached instance of singleton bean 'autoConfigurationReport'
2024-05-17T15:11:52.402+02:00 TRACE 4684 --- [clothlogix] [           main] o.s.b.f.s.DefaultListableBeanFactory     : Returning cached instance of singleton bean 'autoConfigurationReport'
2024-05-17T15:11:52.402+02:00 TRACE 4684 --- [clothlogix] [           main] o.s.b.f.s.DefaultListableBeanFactory     : Returning cached instance of singleton bean 'autoConfigurationReport'
2024-05-17T15:11:52.402+02:00 TRACE 4684 --- [clothlogix] [           main] o.s.b.f.s.DefaultListableBeanFactory     : Returning cached instance of singleton bean 'autoConfigurationReport'
2024-05-17T15:11:52.402+02:00 TRACE 4684 --- [clothlogix] [           main] o.s.b.f.s.DefaultListableBeanFactory     : Returning cached instance of singleton bean 'autoConfigurationReport'
2024-05-17T15:11:52.402+02:00 TRACE 4684 --- [clothlogix] [           main] o.s.b.f.s.DefaultListableBeanFactory     : Returning cached instance of singleton bean 'autoConfigurationReport'
2024-05-17T15:11:52.402+02:00 TRACE 4684 --- [clothlogix] [           main] o.s.b.f.s.DefaultListableBeanFactory     : Returning cached instance of singleton bean 'autoConfigurationReport'
2024-05-17T15:11:52.402+02:00 TRACE 4684 --- [clothlogix] [           main] o.s.b.f.s.DefaultListableBeanFactory     : Returning cached instance of singleton bean 'autoConfigurationReport'
2024-05-17T15:11:52.402+02:00 TRACE 4684 --- [clothlogix] [           main] o.s.b.a.condition.OnClassCondition       : Condition OnClassCondition on org.springframework.boot.autoconfigure.hateoas.HypermediaAutoConfiguration matched due to @ConditionalOnClass found required classes 'org.springframework.hateoas.EntityModel', 'org.springframework.web.bind.annotation.RequestMapping', 'org.springframework.web.servlet.mvc.method.annotation.RequestMappingHandlerAdapter', 'org.springframework.plugin.core.Plugin'
2024-05-17T15:11:52.402+02:00 TRACE 4684 --- [clothlogix] [           main] o.s.b.f.s.DefaultListableBeanFactory     : Returning cached instance of singleton bean 'autoConfigurationReport'
2024-05-17T15:11:52.402+02:00 TRACE 4684 --- [clothlogix] [           main] o.s.b.a.c.OnWebApplicationCondition      : Condition OnWebApplicationCondition on org.springframework.boot.autoconfigure.hateoas.HypermediaAutoConfiguration matched due to @ConditionalOnWebApplication (required) found 'session' scope
2024-05-17T15:11:52.402+02:00 TRACE 4684 --- [clothlogix] [           main] o.s.b.f.s.DefaultListableBeanFactory     : Returning cached instance of singleton bean 'autoConfigurationReport'
2024-05-17T15:11:52.402+02:00 TRACE 4684 --- [clothlogix] [           main] o.s.b.f.s.DefaultListableBeanFactory     : Returning cached instance of singleton bean 'autoConfigurationReport'
2024-05-17T15:11:52.402+02:00 TRACE 4684 --- [clothlogix] [           main] o.s.b.f.s.DefaultListableBeanFactory     : Returning cached instance of singleton bean 'autoConfigurationReport'
2024-05-17T15:11:52.402+02:00 TRACE 4684 --- [clothlogix] [           main] o.s.b.f.s.DefaultListableBeanFactory     : Returning cached instance of singleton bean 'autoConfigurationReport'
2024-05-17T15:11:52.402+02:00 TRACE 4684 --- [clothlogix] [           main] o.s.b.a.condition.OnClassCondition       : Condition OnClassCondition on org.springframework.boot.autoconfigure.hateoas.HypermediaAutoConfiguration$HypermediaConfiguration matched due to @ConditionalOnClass found required class 'com.fasterxml.jackson.databind.ObjectMapper'
2024-05-17T15:11:52.402+02:00 TRACE 4684 --- [clothlogix] [           main] o.s.b.f.s.DefaultListableBeanFactory     : Returning cached instance of singleton bean 'autoConfigurationReport'
2024-05-17T15:11:52.402+02:00 TRACE 4684 --- [clothlogix] [           main] o.s.b.f.s.DefaultListableBeanFactory     : Returning cached instance of singleton bean 'autoConfigurationReport'
2024-05-17T15:11:52.402+02:00 TRACE 4684 --- [clothlogix] [           main] o.s.b.f.s.DefaultListableBeanFactory     : Returning cached instance of singleton bean 'autoConfigurationReport'
2024-05-17T15:11:52.402+02:00 TRACE 4684 --- [clothlogix] [           main] o.s.b.f.s.DefaultListableBeanFactory     : Returning cached instance of singleton bean 'autoConfigurationReport'
2024-05-17T15:11:52.402+02:00 TRACE 4684 --- [clothlogix] [           main] o.s.c.io.support.SpringFactoriesLoader   : Loaded [org.springframework.hateoas.config.MediaTypeConfigurationProvider] names: [org.springframework.hateoas.mediatype.collectionjson.CollectionJsonMediaTypeConfigurationProvider, org.springframework.hateoas.mediatype.hal.HalMediaTypeConfigurationProvider, org.springframework.hateoas.mediatype.hal.forms.HalFormsMediaTypeConfigurationProvider, org.springframework.hateoas.mediatype.uber.UberMediaTypeConfigurationProvider, org.springframework.hateoas.mediatype.problem.HttpProblemDetailsConfigurationProvider]
2024-05-17T15:11:52.402+02:00 TRACE 4684 --- [clothlogix] [           main] o.s.b.f.s.DefaultListableBeanFactory     : Returning cached instance of singleton bean 'autoConfigurationReport'
2024-05-17T15:11:52.402+02:00 TRACE 4684 --- [clothlogix] [           main] o.s.b.f.s.DefaultListableBeanFactory     : Returning cached instance of singleton bean 'autoConfigurationReport'
2024-05-17T15:11:52.402+02:00 TRACE 4684 --- [clothlogix] [           main] o.s.b.f.s.DefaultListableBeanFactory     : Returning cached instance of singleton bean 'autoConfigurationReport'
2024-05-17T15:11:52.402+02:00 TRACE 4684 --- [clothlogix] [           main] o.s.b.f.s.DefaultListableBeanFactory     : Returning cached instance of singleton bean 'autoConfigurationReport'
2024-05-17T15:11:52.402+02:00 TRACE 4684 --- [clothlogix] [           main] o.s.b.f.s.DefaultListableBeanFactory     : Returning cached instance of singleton bean 'autoConfigurationReport'
2024-05-17T15:11:52.402+02:00 TRACE 4684 --- [clothlogix] [           main] o.s.b.f.s.DefaultListableBeanFactory     : Returning cached instance of singleton bean 'autoConfigurationReport'
2024-05-17T15:11:52.402+02:00 TRACE 4684 --- [clothlogix] [           main] o.s.b.f.s.DefaultListableBeanFactory     : Returning cached instance of singleton bean 'autoConfigurationReport'
2024-05-17T15:11:52.402+02:00 TRACE 4684 --- [clothlogix] [           main] o.s.b.f.s.DefaultListableBeanFactory     : Returning cached instance of singleton bean 'autoConfigurationReport'
2024-05-17T15:11:52.402+02:00 TRACE 4684 --- [clothlogix] [           main] o.s.b.f.s.DefaultListableBeanFactory     : Returning cached instance of singleton bean 'autoConfigurationReport'
2024-05-17T15:11:52.402+02:00 TRACE 4684 --- [clothlogix] [           main] o.s.b.f.s.DefaultListableBeanFactory     : Returning cached instance of singleton bean 'autoConfigurationReport'
2024-05-17T15:11:52.402+02:00 TRACE 4684 --- [clothlogix] [           main] o.s.b.f.s.DefaultListableBeanFactory     : Returning cached instance of singleton bean 'autoConfigurationReport'
2024-05-17T15:11:52.402+02:00 TRACE 4684 --- [clothlogix] [           main] o.s.b.f.s.DefaultListableBeanFactory     : Returning cached instance of singleton bean 'autoConfigurationReport'
2024-05-17T15:11:52.402+02:00 TRACE 4684 --- [clothlogix] [           main] o.s.b.f.s.DefaultListableBeanFactory     : Returning cached instance of singleton bean 'autoConfigurationReport'
2024-05-17T15:11:52.402+02:00 TRACE 4684 --- [clothlogix] [           main] o.s.b.f.s.DefaultListableBeanFactory     : Returning cached instance of singleton bean 'autoConfigurationReport'
2024-05-17T15:11:52.402+02:00 TRACE 4684 --- [clothlogix] [           main] o.s.b.f.s.DefaultListableBeanFactory     : Returning cached instance of singleton bean 'autoConfigurationReport'
2024-05-17T15:11:52.402+02:00 TRACE 4684 --- [clothlogix] [           main] o.s.b.f.s.DefaultListableBeanFactory     : Returning cached instance of singleton bean 'autoConfigurationReport'
2024-05-17T15:11:52.402+02:00 TRACE 4684 --- [clothlogix] [           main] o.s.b.f.s.DefaultListableBeanFactory     : Returning cached instance of singleton bean 'autoConfigurationReport'
2024-05-17T15:11:52.402+02:00 TRACE 4684 --- [clothlogix] [           main] o.s.b.f.s.DefaultListableBeanFactory     : Returning cached instance of singleton bean 'autoConfigurationReport'
2024-05-17T15:11:52.402+02:00 TRACE 4684 --- [clothlogix] [           main] o.s.b.f.s.DefaultListableBeanFactory     : Returning cached instance of singleton bean 'autoConfigurationReport'
2024-05-17T15:11:52.402+02:00 TRACE 4684 --- [clothlogix] [           main] o.s.b.f.s.DefaultListableBeanFactory     : Returning cached instance of singleton bean 'autoConfigurationReport'
2024-05-17T15:11:52.402+02:00 TRACE 4684 --- [clothlogix] [           main] o.s.b.f.s.DefaultListableBeanFactory     : Returning cached instance of singleton bean 'autoConfigurationReport'
2024-05-17T15:11:52.402+02:00 TRACE 4684 --- [clothlogix] [           main] o.s.b.f.s.DefaultListableBeanFactory     : Returning cached instance of singleton bean 'autoConfigurationReport'
2024-05-17T15:11:52.402+02:00 TRACE 4684 --- [clothlogix] [           main] o.s.b.f.s.DefaultListableBeanFactory     : Returning cached instance of singleton bean 'autoConfigurationReport'
2024-05-17T15:11:52.402+02:00 TRACE 4684 --- [clothlogix] [           main] o.s.b.f.s.DefaultListableBeanFactory     : Returning cached instance of singleton bean 'autoConfigurationReport'
2024-05-17T15:11:52.402+02:00 TRACE 4684 --- [clothlogix] [           main] o.s.b.f.s.DefaultListableBeanFactory     : Returning cached instance of singleton bean 'autoConfigurationReport'
2024-05-17T15:11:52.402+02:00 TRACE 4684 --- [clothlogix] [           main] o.s.b.f.s.DefaultListableBeanFactory     : Returning cached instance of singleton bean 'autoConfigurationReport'
2024-05-17T15:11:52.402+02:00 TRACE 4684 --- [clothlogix] [           main] o.s.b.f.s.DefaultListableBeanFactory     : Returning cached instance of singleton bean 'autoConfigurationReport'
2024-05-17T15:11:52.402+02:00 TRACE 4684 --- [clothlogix] [           main] o.s.b.a.condition.OnClassCondition       : Condition OnClassCondition on org.springframework.boot.autoconfigure.jdbc.JdbcTemplateAutoConfiguration matched due to @ConditionalOnClass found required classes 'javax.sql.DataSource', 'org.springframework.jdbc.core.JdbcTemplate'
2024-05-17T15:11:52.402+02:00 TRACE 4684 --- [clothlogix] [           main] o.s.b.f.s.DefaultListableBeanFactory     : Returning cached instance of singleton bean 'autoConfigurationReport'
2024-05-17T15:11:52.402+02:00 TRACE 4684 --- [clothlogix] [           main] o.s.b.f.s.DefaultListableBeanFactory     : Returning cached instance of singleton bean 'autoConfigurationReport'
2024-05-17T15:11:52.402+02:00 TRACE 4684 --- [clothlogix] [           main] o.s.b.f.s.DefaultListableBeanFactory     : Returning cached instance of singleton bean 'autoConfigurationReport'
2024-05-17T15:11:52.402+02:00 TRACE 4684 --- [clothlogix] [           main] o.s.b.f.s.DefaultListableBeanFactory     : Returning cached instance of singleton bean 'autoConfigurationReport'
2024-05-17T15:11:52.402+02:00 TRACE 4684 --- [clothlogix] [           main] o.s.b.f.s.DefaultListableBeanFactory     : Returning cached instance of singleton bean 'autoConfigurationReport'
2024-05-17T15:11:52.402+02:00 TRACE 4684 --- [clothlogix] [           main] o.s.b.f.s.DefaultListableBeanFactory     : Returning cached instance of singleton bean 'autoConfigurationReport'
2024-05-17T15:11:52.402+02:00 TRACE 4684 --- [clothlogix] [           main] o.s.b.f.s.DefaultListableBeanFactory     : Returning cached instance of singleton bean 'autoConfigurationReport'
2024-05-17T15:11:52.402+02:00 TRACE 4684 --- [clothlogix] [           main] o.s.b.f.s.DefaultListableBeanFactory     : Returning cached instance of singleton bean 'autoConfigurationReport'
2024-05-17T15:11:52.402+02:00 TRACE 4684 --- [clothlogix] [           main] o.s.b.f.s.DefaultListableBeanFactory     : Returning cached instance of singleton bean 'autoConfigurationReport'
2024-05-17T15:11:52.402+02:00 TRACE 4684 --- [clothlogix] [           main] o.s.b.f.s.DefaultListableBeanFactory     : Returning cached instance of singleton bean 'autoConfigurationReport'
2024-05-17T15:11:52.402+02:00 TRACE 4684 --- [clothlogix] [           main] o.s.b.f.s.DefaultListableBeanFactory     : Returning cached instance of singleton bean 'autoConfigurationReport'
2024-05-17T15:11:52.402+02:00 TRACE 4684 --- [clothlogix] [           main] o.s.b.f.s.DefaultListableBeanFactory     : Returning cached instance of singleton bean 'autoConfigurationReport'
2024-05-17T15:11:52.402+02:00 TRACE 4684 --- [clothlogix] [           main] o.s.b.f.s.DefaultListableBeanFactory     : Returning cached instance of singleton bean 'autoConfigurationReport'
2024-05-17T15:11:52.402+02:00 TRACE 4684 --- [clothlogix] [           main] o.s.b.f.s.DefaultListableBeanFactory     : Returning cached instance of singleton bean 'autoConfigurationReport'
2024-05-17T15:11:52.402+02:00 TRACE 4684 --- [clothlogix] [           main] o.s.b.f.s.DefaultListableBeanFactory     : Returning cached instance of singleton bean 'autoConfigurationReport'
2024-05-17T15:11:52.402+02:00 TRACE 4684 --- [clothlogix] [           main] o.s.b.f.s.DefaultListableBeanFactory     : Returning cached instance of singleton bean 'autoConfigurationReport'
2024-05-17T15:11:52.402+02:00 TRACE 4684 --- [clothlogix] [           main] o.s.b.f.s.DefaultListableBeanFactory     : Returning cached instance of singleton bean 'autoConfigurationReport'
2024-05-17T15:11:52.402+02:00 TRACE 4684 --- [clothlogix] [           main] o.s.b.f.s.DefaultListableBeanFactory     : Returning cached instance of singleton bean 'autoConfigurationReport'
2024-05-17T15:11:52.402+02:00 TRACE 4684 --- [clothlogix] [           main] o.s.b.f.s.DefaultListableBeanFactory     : Returning cached instance of singleton bean 'autoConfigurationReport'
2024-05-17T15:11:52.402+02:00 TRACE 4684 --- [clothlogix] [           main] o.s.b.f.s.DefaultListableBeanFactory     : Returning cached instance of singleton bean 'autoConfigurationReport'
2024-05-17T15:11:52.402+02:00 TRACE 4684 --- [clothlogix] [           main] o.s.b.f.s.DefaultListableBeanFactory     : Returning cached instance of singleton bean 'autoConfigurationReport'
2024-05-17T15:11:52.402+02:00 TRACE 4684 --- [clothlogix] [           main] o.s.b.f.s.DefaultListableBeanFactory     : Returning cached instance of singleton bean 'autoConfigurationReport'
2024-05-17T15:11:52.402+02:00 TRACE 4684 --- [clothlogix] [           main] o.s.b.f.s.DefaultListableBeanFactory     : Returning cached instance of singleton bean 'autoConfigurationReport'
2024-05-17T15:11:52.402+02:00 TRACE 4684 --- [clothlogix] [           main] o.s.b.f.s.DefaultListableBeanFactory     : Returning cached instance of singleton bean 'autoConfigurationReport'
2024-05-17T15:11:52.402+02:00 TRACE 4684 --- [clothlogix] [           main] o.s.b.f.s.DefaultListableBeanFactory     : Returning cached instance of singleton bean 'autoConfigurationReport'
2024-05-17T15:11:52.402+02:00 TRACE 4684 --- [clothlogix] [           main] o.s.b.a.condition.OnClassCondition       : Condition OnClassCondition on org.springframework.boot.autoconfigure.security.reactive.ReactiveUserDetailsServiceAutoConfiguration matched due to @ConditionalOnClass found required class 'org.springframework.security.authentication.ReactiveAuthenticationManager'
2024-05-17T15:11:52.402+02:00 TRACE 4684 --- [clothlogix] [           main] o.s.b.f.s.DefaultListableBeanFactory     : Returning cached instance of singleton bean 'autoConfigurationReport'
2024-05-17T15:11:52.412+02:00 TRACE 4684 --- [clothlogix] [           main] ingAlternativeOrUserPropertiesConfigured : Condition ReactiveUserDetailsServiceAutoConfiguration.MissingAlternativeOrUserPropertiesConfigured on org.springframework.boot.autoconfigure.security.reactive.ReactiveUserDetailsServiceAutoConfiguration matched due to AnyNestedCondition 1 matched 2 did not; NestedCondition on ReactiveUserDetailsServiceAutoConfiguration.MissingAlternativeOrUserPropertiesConfigured.PasswordConfigured @ConditionalOnProperty (spring.security.user.password) did not find property 'password'; NestedCondition on ReactiveUserDetailsServiceAutoConfiguration.MissingAlternativeOrUserPropertiesConfigured.NameConfigured @ConditionalOnProperty (spring.security.user.name) did not find property 'name'; NestedCondition on ReactiveUserDetailsServiceAutoConfiguration.MissingAlternativeOrUserPropertiesConfigured.MissingAlternative @ConditionalOnMissingClass did not find unwanted classes 'org.springframework.security.oauth2.client.registration.ClientRegistrationRepository', 'org.springframework.security.oauth2.server.resource.introspection.ReactiveOpaqueTokenIntrospector'
2024-05-17T15:11:52.412+02:00 TRACE 4684 --- [clothlogix] [           main] o.s.b.f.s.DefaultListableBeanFactory     : Returning cached instance of singleton bean 'autoConfigurationReport'
2024-05-17T15:11:52.412+02:00 TRACE 4684 --- [clothlogix] [           main] o.s.b.f.s.DefaultListableBeanFactory     : Returning cached instance of singleton bean 'autoConfigurationReport'
2024-05-17T15:11:52.412+02:00 TRACE 4684 --- [clothlogix] [           main] o.s.b.f.s.DefaultListableBeanFactory     : Returning cached instance of singleton bean 'autoConfigurationReport'
2024-05-17T15:11:52.412+02:00 TRACE 4684 --- [clothlogix] [           main] o.s.b.f.s.DefaultListableBeanFactory     : Returning cached instance of singleton bean 'autoConfigurationReport'
2024-05-17T15:11:52.412+02:00 TRACE 4684 --- [clothlogix] [           main] o.s.b.f.s.DefaultListableBeanFactory     : Returning cached instance of singleton bean 'autoConfigurationReport'
2024-05-17T15:11:52.412+02:00 TRACE 4684 --- [clothlogix] [           main] o.s.b.f.s.DefaultListableBeanFactory     : Returning cached instance of singleton bean 'autoConfigurationReport'
2024-05-17T15:11:52.412+02:00 TRACE 4684 --- [clothlogix] [           main] o.s.b.f.s.DefaultListableBeanFactory     : Returning cached instance of singleton bean 'autoConfigurationReport'
2024-05-17T15:11:52.412+02:00 TRACE 4684 --- [clothlogix] [           main] o.s.b.f.s.DefaultListableBeanFactory     : Returning cached instance of singleton bean 'autoConfigurationReport'
2024-05-17T15:11:52.412+02:00 TRACE 4684 --- [clothlogix] [           main] o.s.b.f.s.DefaultListableBeanFactory     : Returning cached instance of singleton bean 'autoConfigurationReport'
2024-05-17T15:11:52.412+02:00 TRACE 4684 --- [clothlogix] [           main] o.s.b.f.s.DefaultListableBeanFactory     : Returning cached instance of singleton bean 'autoConfigurationReport'
2024-05-17T15:11:52.412+02:00 TRACE 4684 --- [clothlogix] [           main] o.s.b.a.condition.OnClassCondition       : Condition OnClassCondition on org.springframework.boot.autoconfigure.security.servlet.SecurityAutoConfiguration matched due to @ConditionalOnClass found required class 'org.springframework.security.authentication.DefaultAuthenticationEventPublisher'
2024-05-17T15:11:52.412+02:00 TRACE 4684 --- [clothlogix] [           main] o.s.b.f.s.DefaultListableBeanFactory     : Returning cached instance of singleton bean 'autoConfigurationReport'
2024-05-17T15:11:52.412+02:00 TRACE 4684 --- [clothlogix] [           main] o.s.b.f.s.DefaultListableBeanFactory     : Returning cached instance of singleton bean 'autoConfigurationReport'
2024-05-17T15:11:52.412+02:00 TRACE 4684 --- [clothlogix] [           main] o.s.b.f.s.DefaultListableBeanFactory     : Returning cached instance of singleton bean 'autoConfigurationReport'
2024-05-17T15:11:52.412+02:00 TRACE 4684 --- [clothlogix] [           main] o.s.b.f.s.DefaultListableBeanFactory     : Returning cached instance of singleton bean 'autoConfigurationReport'
2024-05-17T15:11:52.412+02:00 TRACE 4684 --- [clothlogix] [           main] o.s.b.a.c.OnWebApplicationCondition      : Condition OnWebApplicationCondition on org.springframework.boot.autoconfigure.security.servlet.SpringBootWebSecurityConfiguration matched due to found 'session' scope
2024-05-17T15:11:52.412+02:00 TRACE 4684 --- [clothlogix] [           main] o.s.b.f.s.DefaultListableBeanFactory     : Returning cached instance of singleton bean 'autoConfigurationReport'
2024-05-17T15:11:52.412+02:00 TRACE 4684 --- [clothlogix] [           main] o.s.b.f.s.DefaultListableBeanFactory     : Returning cached instance of singleton bean 'autoConfigurationReport'
2024-05-17T15:11:52.412+02:00 TRACE 4684 --- [clothlogix] [           main] o.s.b.f.s.DefaultListableBeanFactory     : Returning cached instance of singleton bean 'autoConfigurationReport'
2024-05-17T15:11:52.412+02:00 TRACE 4684 --- [clothlogix] [           main] o.s.b.f.s.DefaultListableBeanFactory     : Returning cached instance of singleton bean 'autoConfigurationReport'
2024-05-17T15:11:52.434+02:00 TRACE 4684 --- [clothlogix] [           main] o.s.b.a.condition.OnClassCondition       : Condition OnClassCondition on org.springframework.boot.autoconfigure.security.servlet.SpringBootWebSecurityConfiguration$WebSecurityEnablerConfiguration matched due to @ConditionalOnClass found required class 'org.springframework.security.config.annotation.web.configuration.EnableWebSecurity'
2024-05-17T15:11:52.434+02:00 TRACE 4684 --- [clothlogix] [           main] o.s.b.f.s.DefaultListableBeanFactory     : Returning cached instance of singleton bean 'autoConfigurationReport'
2024-05-17T15:11:52.434+02:00 TRACE 4684 --- [clothlogix] [           main] o.s.b.f.s.DefaultListableBeanFactory     : Returning cached instance of singleton bean 'autoConfigurationReport'
2024-05-17T15:11:52.434+02:00 TRACE 4684 --- [clothlogix] [           main] o.s.b.f.s.DefaultListableBeanFactory     : Returning cached instance of singleton bean 'autoConfigurationReport'
2024-05-17T15:11:52.434+02:00 TRACE 4684 --- [clothlogix] [           main] o.s.b.f.s.DefaultListableBeanFactory     : Returning cached instance of singleton bean 'autoConfigurationReport'
2024-05-17T15:11:52.434+02:00 TRACE 4684 --- [clothlogix] [           main] o.s.b.f.s.DefaultListableBeanFactory     : Returning cached instance of singleton bean 'autoConfigurationReport'
2024-05-17T15:11:52.434+02:00 TRACE 4684 --- [clothlogix] [           main] o.s.b.f.s.DefaultListableBeanFactory     : Returning cached instance of singleton bean 'autoConfigurationReport'
2024-05-17T15:11:52.434+02:00 TRACE 4684 --- [clothlogix] [           main] o.s.b.f.s.DefaultListableBeanFactory     : Returning cached instance of singleton bean 'autoConfigurationReport'
2024-05-17T15:11:52.434+02:00 TRACE 4684 --- [clothlogix] [           main] o.s.b.f.s.DefaultListableBeanFactory     : Returning cached instance of singleton bean 'autoConfigurationReport'
2024-05-17T15:11:52.434+02:00 TRACE 4684 --- [clothlogix] [           main] o.s.b.f.s.DefaultListableBeanFactory     : Returning cached instance of singleton bean 'autoConfigurationReport'
2024-05-17T15:11:52.434+02:00 TRACE 4684 --- [clothlogix] [           main] o.s.b.f.s.DefaultListableBeanFactory     : Returning cached instance of singleton bean 'autoConfigurationReport'
2024-05-17T15:11:52.434+02:00 TRACE 4684 --- [clothlogix] [           main] o.s.b.f.s.DefaultListableBeanFactory     : Returning cached instance of singleton bean 'autoConfigurationReport'
2024-05-17T15:11:52.434+02:00 TRACE 4684 --- [clothlogix] [           main] o.s.b.f.s.DefaultListableBeanFactory     : Returning cached instance of singleton bean 'autoConfigurationReport'
2024-05-17T15:11:52.434+02:00 TRACE 4684 --- [clothlogix] [           main] o.s.b.f.s.DefaultListableBeanFactory     : Returning cached instance of singleton bean 'autoConfigurationReport'
2024-05-17T15:11:52.442+02:00 TRACE 4684 --- [clothlogix] [           main] o.s.b.f.s.DefaultListableBeanFactory     : Returning cached instance of singleton bean 'autoConfigurationReport'
2024-05-17T15:11:52.442+02:00 TRACE 4684 --- [clothlogix] [           main] o.s.b.f.s.DefaultListableBeanFactory     : Returning cached instance of singleton bean 'autoConfigurationReport'
2024-05-17T15:11:52.442+02:00 TRACE 4684 --- [clothlogix] [           main] o.s.b.f.s.DefaultListableBeanFactory     : Returning cached instance of singleton bean 'autoConfigurationReport'
2024-05-17T15:11:52.442+02:00 TRACE 4684 --- [clothlogix] [           main] o.s.b.f.s.DefaultListableBeanFactory     : Returning cached instance of singleton bean 'autoConfigurationReport'
2024-05-17T15:11:52.442+02:00 TRACE 4684 --- [clothlogix] [           main] o.s.b.f.s.DefaultListableBeanFactory     : Returning cached instance of singleton bean 'autoConfigurationReport'
2024-05-17T15:11:52.442+02:00 TRACE 4684 --- [clothlogix] [           main] o.s.b.f.s.DefaultListableBeanFactory     : Returning cached instance of singleton bean 'autoConfigurationReport'
2024-05-17T15:11:52.442+02:00 TRACE 4684 --- [clothlogix] [           main] o.s.b.f.s.DefaultListableBeanFactory     : Returning cached instance of singleton bean 'autoConfigurationReport'
2024-05-17T15:11:52.442+02:00 TRACE 4684 --- [clothlogix] [           main] o.s.b.f.s.DefaultListableBeanFactory     : Returning cached instance of singleton bean 'autoConfigurationReport'
2024-05-17T15:11:52.442+02:00 TRACE 4684 --- [clothlogix] [           main] o.s.b.f.s.DefaultListableBeanFactory     : Returning cached instance of singleton bean 'autoConfigurationReport'
2024-05-17T15:11:52.442+02:00 TRACE 4684 --- [clothlogix] [           main] o.s.b.f.s.DefaultListableBeanFactory     : Returning cached instance of singleton bean 'autoConfigurationReport'
2024-05-17T15:11:52.442+02:00 TRACE 4684 --- [clothlogix] [           main] o.s.b.f.s.DefaultListableBeanFactory     : Returning cached instance of singleton bean 'autoConfigurationReport'
2024-05-17T15:11:52.442+02:00 TRACE 4684 --- [clothlogix] [           main] o.s.b.f.s.DefaultListableBeanFactory     : Returning cached instance of singleton bean 'autoConfigurationReport'
2024-05-17T15:11:52.442+02:00 TRACE 4684 --- [clothlogix] [           main] o.s.b.a.condition.OnClassCondition       : Condition OnClassCondition on org.springframework.boot.autoconfigure.security.SecurityDataConfiguration did not match due to @ConditionalOnClass did not find required class 'org.springframework.security.data.repository.query.SecurityEvaluationContextExtension'
2024-05-17T15:11:52.442+02:00 TRACE 4684 --- [clothlogix] [           main] o.s.b.f.s.DefaultListableBeanFactory     : Returning cached instance of singleton bean 'autoConfigurationReport'
2024-05-17T15:11:52.442+02:00 TRACE 4684 --- [clothlogix] [           main] o.s.b.f.s.DefaultListableBeanFactory     : Returning cached instance of singleton bean 'autoConfigurationReport'
2024-05-17T15:11:52.442+02:00 TRACE 4684 --- [clothlogix] [           main] o.s.b.f.s.DefaultListableBeanFactory     : Returning cached instance of singleton bean 'autoConfigurationReport'
2024-05-17T15:11:52.442+02:00 TRACE 4684 --- [clothlogix] [           main] o.s.b.f.s.DefaultListableBeanFactory     : Returning cached instance of singleton bean 'autoConfigurationReport'
2024-05-17T15:11:52.442+02:00 TRACE 4684 --- [clothlogix] [           main] o.s.b.f.s.DefaultListableBeanFactory     : Returning cached instance of singleton bean 'autoConfigurationReport'
2024-05-17T15:11:52.442+02:00 TRACE 4684 --- [clothlogix] [           main] o.s.b.f.s.DefaultListableBeanFactory     : Returning cached instance of singleton bean 'autoConfigurationReport'
2024-05-17T15:11:52.442+02:00 TRACE 4684 --- [clothlogix] [           main] o.s.b.f.s.DefaultListableBeanFactory     : Returning cached instance of singleton bean 'autoConfigurationReport'
2024-05-17T15:11:52.442+02:00 TRACE 4684 --- [clothlogix] [           main] o.s.b.a.condition.OnClassCondition       : Condition OnClassCondition on org.springframework.boot.autoconfigure.security.servlet.SecurityFilterAutoConfiguration matched due to @ConditionalOnClass found required classes 'org.springframework.security.web.context.AbstractSecurityWebApplicationInitializer', 'org.springframework.security.config.http.SessionCreationPolicy'
2024-05-17T15:11:52.442+02:00 TRACE 4684 --- [clothlogix] [           main] o.s.b.f.s.DefaultListableBeanFactory     : Returning cached instance of singleton bean 'autoConfigurationReport'
2024-05-17T15:11:52.442+02:00 TRACE 4684 --- [clothlogix] [           main] o.s.b.a.c.OnWebApplicationCondition      : Condition OnWebApplicationCondition on org.springframework.boot.autoconfigure.security.servlet.SecurityFilterAutoConfiguration matched due to found 'session' scope
2024-05-17T15:11:52.442+02:00 TRACE 4684 --- [clothlogix] [           main] o.s.b.f.s.DefaultListableBeanFactory     : Returning cached instance of singleton bean 'autoConfigurationReport'
2024-05-17T15:11:52.442+02:00 TRACE 4684 --- [clothlogix] [           main] o.s.b.f.s.DefaultListableBeanFactory     : Returning cached instance of singleton bean 'autoConfigurationReport'
2024-05-17T15:11:52.442+02:00 TRACE 4684 --- [clothlogix] [           main] o.s.b.f.s.DefaultListableBeanFactory     : Returning cached instance of singleton bean 'autoConfigurationReport'
2024-05-17T15:11:52.442+02:00 TRACE 4684 --- [clothlogix] [           main] o.s.b.f.s.DefaultListableBeanFactory     : Returning cached instance of singleton bean 'autoConfigurationReport'
2024-05-17T15:11:52.442+02:00 TRACE 4684 --- [clothlogix] [           main] o.s.b.f.s.DefaultListableBeanFactory     : Returning cached instance of singleton bean 'autoConfigurationReport'
2024-05-17T15:11:52.442+02:00 TRACE 4684 --- [clothlogix] [           main] o.s.b.f.s.DefaultListableBeanFactory     : Returning cached instance of singleton bean 'autoConfigurationReport'
2024-05-17T15:11:52.442+02:00 TRACE 4684 --- [clothlogix] [           main] o.s.b.f.s.DefaultListableBeanFactory     : Returning cached instance of singleton bean 'autoConfigurationReport'
2024-05-17T15:11:52.442+02:00 TRACE 4684 --- [clothlogix] [           main] o.s.b.f.s.DefaultListableBeanFactory     : Returning cached instance of singleton bean 'autoConfigurationReport'
2024-05-17T15:11:52.442+02:00 TRACE 4684 --- [clothlogix] [           main] o.s.b.f.s.DefaultListableBeanFactory     : Returning cached instance of singleton bean 'autoConfigurationReport'
2024-05-17T15:11:52.442+02:00 TRACE 4684 --- [clothlogix] [           main] o.s.b.f.s.DefaultListableBeanFactory     : Returning cached instance of singleton bean 'autoConfigurationReport'
2024-05-17T15:11:52.442+02:00 TRACE 4684 --- [clothlogix] [           main] o.s.b.a.condition.OnClassCondition       : Condition OnClassCondition on org.springframework.boot.autoconfigure.security.servlet.UserDetailsServiceAutoConfiguration matched due to @ConditionalOnClass found required class 'org.springframework.security.authentication.AuthenticationManager'
2024-05-17T15:11:52.442+02:00 TRACE 4684 --- [clothlogix] [           main] o.s.b.f.s.DefaultListableBeanFactory     : Returning cached instance of singleton bean 'autoConfigurationReport'
2024-05-17T15:11:52.442+02:00 TRACE 4684 --- [clothlogix] [           main] ingAlternativeOrUserPropertiesConfigured : Condition UserDetailsServiceAutoConfiguration.MissingAlternativeOrUserPropertiesConfigured on org.springframework.boot.autoconfigure.security.servlet.UserDetailsServiceAutoConfiguration matched due to AnyNestedCondition 1 matched 2 did not; NestedCondition on UserDetailsServiceAutoConfiguration.MissingAlternativeOrUserPropertiesConfigured.PasswordConfigured @ConditionalOnProperty (spring.security.user.password) did not find property 'password'; NestedCondition on UserDetailsServiceAutoConfiguration.MissingAlternativeOrUserPropertiesConfigured.NameConfigured @ConditionalOnProperty (spring.security.user.name) did not find property 'name'; NestedCondition on UserDetailsServiceAutoConfiguration.MissingAlternativeOrUserPropertiesConfigured.MissingAlternative @ConditionalOnMissingClass did not find unwanted classes 'org.springframework.security.oauth2.client.registration.ClientRegistrationRepository', 'org.springframework.security.oauth2.server.resource.introspection.OpaqueTokenIntrospector', 'org.springframework.security.saml2.provider.service.registration.RelyingPartyRegistrationRepository'
2024-05-17T15:11:52.442+02:00 TRACE 4684 --- [clothlogix] [           main] o.s.b.f.s.DefaultListableBeanFactory     : Returning cached instance of singleton bean 'autoConfigurationReport'
2024-05-17T15:11:52.442+02:00 TRACE 4684 --- [clothlogix] [           main] o.s.b.f.s.DefaultListableBeanFactory     : Returning cached instance of singleton bean 'autoConfigurationReport'
2024-05-17T15:11:52.442+02:00 TRACE 4684 --- [clothlogix] [           main] o.s.b.f.s.DefaultListableBeanFactory     : Returning cached instance of singleton bean 'autoConfigurationReport'
2024-05-17T15:11:52.442+02:00 TRACE 4684 --- [clothlogix] [           main] o.s.b.f.s.DefaultListableBeanFactory     : Returning cached instance of singleton bean 'autoConfigurationReport'
2024-05-17T15:11:52.442+02:00 TRACE 4684 --- [clothlogix] [           main] o.s.b.f.s.DefaultListableBeanFactory     : Returning cached instance of singleton bean 'autoConfigurationReport'
2024-05-17T15:11:52.442+02:00 TRACE 4684 --- [clothlogix] [           main] o.s.b.f.s.DefaultListableBeanFactory     : Returning cached instance of singleton bean 'autoConfigurationReport'
2024-05-17T15:11:52.442+02:00 TRACE 4684 --- [clothlogix] [           main] o.s.b.f.s.DefaultListableBeanFactory     : Returning cached instance of singleton bean 'autoConfigurationReport'
2024-05-17T15:11:52.442+02:00 TRACE 4684 --- [clothlogix] [           main] o.s.b.f.s.DefaultListableBeanFactory     : Returning cached instance of singleton bean 'autoConfigurationReport'
2024-05-17T15:11:52.442+02:00 TRACE 4684 --- [clothlogix] [           main] o.s.b.f.s.DefaultListableBeanFactory     : Returning cached instance of singleton bean 'autoConfigurationReport'
2024-05-17T15:11:52.442+02:00 TRACE 4684 --- [clothlogix] [           main] o.s.b.f.s.DefaultListableBeanFactory     : Returning cached instance of singleton bean 'autoConfigurationReport'
2024-05-17T15:11:52.450+02:00 TRACE 4684 --- [clothlogix] [           main] o.s.b.a.condition.OnPropertyCondition    : Condition OnPropertyCondition on org.springframework.boot.autoconfigure.sql.init.SqlInitializationAutoConfiguration matched due to @ConditionalOnProperty (spring.sql.init.enabled) matched
2024-05-17T15:11:52.450+02:00 TRACE 4684 --- [clothlogix] [           main] o.s.b.f.s.DefaultListableBeanFactory     : Returning cached instance of singleton bean 'autoConfigurationReport'
2024-05-17T15:11:52.450+02:00 TRACE 4684 --- [clothlogix] [           main] iguration$SqlInitializationModeCondition : Condition SqlInitializationAutoConfiguration.SqlInitializationModeCondition on org.springframework.boot.autoconfigure.sql.init.SqlInitializationAutoConfiguration matched due to NoneNestedConditions 0 matched 1 did not; NestedCondition on SqlInitializationAutoConfiguration.SqlInitializationModeCondition.ModeIsNever @ConditionalOnProperty (spring.sql.init.mode=never) did not find property 'mode'
2024-05-17T15:11:52.450+02:00 TRACE 4684 --- [clothlogix] [           main] o.s.b.f.s.DefaultListableBeanFactory     : Returning cached instance of singleton bean 'autoConfigurationReport'
2024-05-17T15:11:52.450+02:00 TRACE 4684 --- [clothlogix] [           main] o.s.b.f.s.DefaultListableBeanFactory     : Returning cached instance of singleton bean 'autoConfigurationReport'
2024-05-17T15:11:52.450+02:00 TRACE 4684 --- [clothlogix] [           main] o.s.b.f.s.DefaultListableBeanFactory     : Returning cached instance of singleton bean 'autoConfigurationReport'
2024-05-17T15:11:52.450+02:00 TRACE 4684 --- [clothlogix] [           main] o.s.b.f.s.DefaultListableBeanFactory     : Returning cached instance of singleton bean 'autoConfigurationReport'
2024-05-17T15:11:52.452+02:00 TRACE 4684 --- [clothlogix] [           main] o.s.b.a.condition.OnClassCondition       : Condition OnClassCondition on org.springframework.boot.autoconfigure.sql.init.R2dbcInitializationConfiguration did not match due to @ConditionalOnClass did not find required classes 'io.r2dbc.spi.ConnectionFactory', 'org.springframework.r2dbc.connection.init.DatabasePopulator'
2024-05-17T15:11:52.452+02:00 TRACE 4684 --- [clothlogix] [           main] o.s.b.f.s.DefaultListableBeanFactory     : Returning cached instance of singleton bean 'autoConfigurationReport'
2024-05-17T15:11:52.452+02:00 TRACE 4684 --- [clothlogix] [           main] o.s.b.a.condition.OnClassCondition       : Condition OnClassCondition on org.springframework.boot.autoconfigure.sql.init.DataSourceInitializationConfiguration matched due to @ConditionalOnClass found required class 'org.springframework.jdbc.datasource.init.DatabasePopulator'
2024-05-17T15:11:52.452+02:00 TRACE 4684 --- [clothlogix] [           main] o.s.b.f.s.DefaultListableBeanFactory     : Returning cached instance of singleton bean 'autoConfigurationReport'
2024-05-17T15:11:52.452+02:00 TRACE 4684 --- [clothlogix] [           main] o.s.b.f.s.DefaultListableBeanFactory     : Returning cached instance of singleton bean 'autoConfigurationReport'
2024-05-17T15:11:52.452+02:00 TRACE 4684 --- [clothlogix] [           main] o.s.b.f.s.DefaultListableBeanFactory     : Returning cached instance of singleton bean 'autoConfigurationReport'
2024-05-17T15:11:52.452+02:00 TRACE 4684 --- [clothlogix] [           main] o.s.b.f.s.DefaultListableBeanFactory     : Returning cached instance of singleton bean 'autoConfigurationReport'
2024-05-17T15:11:52.452+02:00 TRACE 4684 --- [clothlogix] [           main] o.s.b.f.s.DefaultListableBeanFactory     : Returning cached instance of singleton bean 'autoConfigurationReport'
2024-05-17T15:11:52.452+02:00 TRACE 4684 --- [clothlogix] [           main] o.s.b.f.s.DefaultListableBeanFactory     : Returning cached instance of singleton bean 'autoConfigurationReport'
2024-05-17T15:11:52.452+02:00 TRACE 4684 --- [clothlogix] [           main] o.s.b.f.s.DefaultListableBeanFactory     : Returning cached instance of singleton bean 'autoConfigurationReport'
2024-05-17T15:11:52.452+02:00 TRACE 4684 --- [clothlogix] [           main] o.s.b.f.s.DefaultListableBeanFactory     : Returning cached instance of singleton bean 'autoConfigurationReport'
2024-05-17T15:11:52.452+02:00 TRACE 4684 --- [clothlogix] [           main] o.s.b.f.s.DefaultListableBeanFactory     : Returning cached instance of singleton bean 'autoConfigurationReport'
2024-05-17T15:11:52.452+02:00 TRACE 4684 --- [clothlogix] [           main] o.s.b.f.s.DefaultListableBeanFactory     : Returning cached instance of singleton bean 'autoConfigurationReport'
2024-05-17T15:11:52.452+02:00 TRACE 4684 --- [clothlogix] [           main] o.s.b.a.condition.OnClassCondition       : Condition OnClassCondition on org.springframework.boot.autoconfigure.task.TaskSchedulingAutoConfiguration matched due to @ConditionalOnClass found required class 'org.springframework.scheduling.concurrent.ThreadPoolTaskScheduler'
2024-05-17T15:11:52.452+02:00 TRACE 4684 --- [clothlogix] [           main] o.s.b.f.s.DefaultListableBeanFactory     : Returning cached instance of singleton bean 'autoConfigurationReport'
2024-05-17T15:11:52.452+02:00 TRACE 4684 --- [clothlogix] [           main] o.s.b.f.s.DefaultListableBeanFactory     : Returning cached instance of singleton bean 'autoConfigurationReport'
2024-05-17T15:11:52.452+02:00 TRACE 4684 --- [clothlogix] [           main] o.s.b.f.s.DefaultListableBeanFactory     : Returning cached instance of singleton bean 'autoConfigurationReport'
2024-05-17T15:11:52.452+02:00 TRACE 4684 --- [clothlogix] [           main] o.s.b.f.s.DefaultListableBeanFactory     : Returning cached instance of singleton bean 'autoConfigurationReport'
2024-05-17T15:11:52.452+02:00 TRACE 4684 --- [clothlogix] [           main] o.s.b.f.s.DefaultListableBeanFactory     : Returning cached instance of singleton bean 'autoConfigurationReport'
2024-05-17T15:11:52.452+02:00 TRACE 4684 --- [clothlogix] [           main] o.s.b.f.s.DefaultListableBeanFactory     : Returning cached instance of singleton bean 'autoConfigurationReport'
2024-05-17T15:11:52.452+02:00 TRACE 4684 --- [clothlogix] [           main] o.s.b.f.s.DefaultListableBeanFactory     : Returning cached instance of singleton bean 'autoConfigurationReport'
2024-05-17T15:11:52.452+02:00 TRACE 4684 --- [clothlogix] [           main] o.s.b.f.s.DefaultListableBeanFactory     : Returning cached instance of singleton bean 'autoConfigurationReport'
2024-05-17T15:11:52.452+02:00 TRACE 4684 --- [clothlogix] [           main] o.s.b.f.s.DefaultListableBeanFactory     : Returning cached instance of singleton bean 'autoConfigurationReport'
2024-05-17T15:11:52.452+02:00 TRACE 4684 --- [clothlogix] [           main] o.s.b.f.s.DefaultListableBeanFactory     : Returning cached instance of singleton bean 'autoConfigurationReport'
2024-05-17T15:11:52.452+02:00 TRACE 4684 --- [clothlogix] [           main] o.s.b.f.s.DefaultListableBeanFactory     : Returning cached instance of singleton bean 'autoConfigurationReport'
2024-05-17T15:11:52.452+02:00 TRACE 4684 --- [clothlogix] [           main] o.s.b.f.s.DefaultListableBeanFactory     : Returning cached instance of singleton bean 'autoConfigurationReport'
2024-05-17T15:11:52.452+02:00 TRACE 4684 --- [clothlogix] [           main] o.s.b.f.s.DefaultListableBeanFactory     : Returning cached instance of singleton bean 'autoConfigurationReport'
2024-05-17T15:11:52.452+02:00 TRACE 4684 --- [clothlogix] [           main] o.s.b.f.s.DefaultListableBeanFactory     : Returning cached instance of singleton bean 'autoConfigurationReport'
2024-05-17T15:11:52.452+02:00 TRACE 4684 --- [clothlogix] [           main] o.s.b.f.s.DefaultListableBeanFactory     : Returning cached instance of singleton bean 'autoConfigurationReport'
2024-05-17T15:11:52.452+02:00 TRACE 4684 --- [clothlogix] [           main] o.s.b.f.s.DefaultListableBeanFactory     : Returning cached instance of singleton bean 'autoConfigurationReport'
2024-05-17T15:11:52.456+02:00 TRACE 4684 --- [clothlogix] [           main] o.s.b.f.s.DefaultListableBeanFactory     : Returning cached instance of singleton bean 'autoConfigurationReport'
2024-05-17T15:11:52.456+02:00 TRACE 4684 --- [clothlogix] [           main] o.s.b.f.s.DefaultListableBeanFactory     : Returning cached instance of singleton bean 'autoConfigurationReport'
2024-05-17T15:11:52.456+02:00 TRACE 4684 --- [clothlogix] [           main] o.s.b.f.s.DefaultListableBeanFactory     : Returning cached instance of singleton bean 'autoConfigurationReport'
2024-05-17T15:11:52.456+02:00 TRACE 4684 --- [clothlogix] [           main] o.s.b.f.s.DefaultListableBeanFactory     : Returning cached instance of singleton bean 'autoConfigurationReport'
2024-05-17T15:11:52.456+02:00 TRACE 4684 --- [clothlogix] [           main] o.s.b.f.s.DefaultListableBeanFactory     : Returning cached instance of singleton bean 'autoConfigurationReport'
2024-05-17T15:11:52.456+02:00 TRACE 4684 --- [clothlogix] [           main] o.s.b.f.s.DefaultListableBeanFactory     : Returning cached instance of singleton bean 'autoConfigurationReport'
2024-05-17T15:11:52.456+02:00 TRACE 4684 --- [clothlogix] [           main] o.s.b.a.condition.OnClassCondition       : Condition OnClassCondition on org.springframework.boot.autoconfigure.jdbc.DataSourceTransactionManagerAutoConfiguration matched due to @ConditionalOnClass found required classes 'org.springframework.jdbc.core.JdbcTemplate', 'org.springframework.transaction.TransactionManager'
2024-05-17T15:11:52.456+02:00 TRACE 4684 --- [clothlogix] [           main] o.s.b.f.s.DefaultListableBeanFactory     : Returning cached instance of singleton bean 'autoConfigurationReport'
2024-05-17T15:11:52.456+02:00 TRACE 4684 --- [clothlogix] [           main] o.s.b.f.s.DefaultListableBeanFactory     : Returning cached instance of singleton bean 'autoConfigurationReport'
2024-05-17T15:11:52.456+02:00 TRACE 4684 --- [clothlogix] [           main] o.s.b.f.s.DefaultListableBeanFactory     : Returning cached instance of singleton bean 'autoConfigurationReport'
2024-05-17T15:11:52.456+02:00 TRACE 4684 --- [clothlogix] [           main] o.s.b.f.s.DefaultListableBeanFactory     : Returning cached instance of singleton bean 'autoConfigurationReport'
2024-05-17T15:11:52.456+02:00 TRACE 4684 --- [clothlogix] [           main] o.s.b.f.s.DefaultListableBeanFactory     : Returning cached instance of singleton bean 'autoConfigurationReport'
2024-05-17T15:11:52.456+02:00 TRACE 4684 --- [clothlogix] [           main] o.s.b.f.s.DefaultListableBeanFactory     : Returning cached instance of singleton bean 'autoConfigurationReport'
2024-05-17T15:11:52.456+02:00 TRACE 4684 --- [clothlogix] [           main] o.s.b.f.s.DefaultListableBeanFactory     : Returning cached instance of singleton bean 'autoConfigurationReport'
2024-05-17T15:11:52.456+02:00 TRACE 4684 --- [clothlogix] [           main] o.s.b.f.s.DefaultListableBeanFactory     : Returning cached instance of singleton bean 'autoConfigurationReport'
2024-05-17T15:11:52.456+02:00 TRACE 4684 --- [clothlogix] [           main] o.s.b.f.s.DefaultListableBeanFactory     : Returning cached instance of singleton bean 'autoConfigurationReport'
2024-05-17T15:11:52.456+02:00 TRACE 4684 --- [clothlogix] [           main] o.s.b.f.s.DefaultListableBeanFactory     : Returning cached instance of singleton bean 'autoConfigurationReport'
2024-05-17T15:11:52.456+02:00 TRACE 4684 --- [clothlogix] [           main] o.s.b.f.s.DefaultListableBeanFactory     : Returning cached instance of singleton bean 'autoConfigurationReport'
2024-05-17T15:11:52.456+02:00 TRACE 4684 --- [clothlogix] [           main] o.s.b.f.s.DefaultListableBeanFactory     : Returning cached instance of singleton bean 'autoConfigurationReport'
2024-05-17T15:11:52.456+02:00 TRACE 4684 --- [clothlogix] [           main] o.s.b.f.s.DefaultListableBeanFactory     : Returning cached instance of singleton bean 'autoConfigurationReport'
2024-05-17T15:11:52.456+02:00 TRACE 4684 --- [clothlogix] [           main] o.s.b.a.condition.OnClassCondition       : Condition OnClassCondition on org.springframework.boot.autoconfigure.transaction.TransactionAutoConfiguration matched due to @ConditionalOnClass found required class 'org.springframework.transaction.PlatformTransactionManager'
2024-05-17T15:11:52.456+02:00 TRACE 4684 --- [clothlogix] [           main] o.s.b.f.s.DefaultListableBeanFactory     : Returning cached instance of singleton bean 'autoConfigurationReport'
2024-05-17T15:11:52.456+02:00 TRACE 4684 --- [clothlogix] [           main] o.s.b.f.s.DefaultListableBeanFactory     : Returning cached instance of singleton bean 'autoConfigurationReport'
2024-05-17T15:11:52.456+02:00 TRACE 4684 --- [clothlogix] [           main] o.s.b.f.s.DefaultListableBeanFactory     : Returning cached instance of singleton bean 'autoConfigurationReport'
2024-05-17T15:11:52.456+02:00 TRACE 4684 --- [clothlogix] [           main] o.s.b.f.s.DefaultListableBeanFactory     : Returning cached instance of singleton bean 'autoConfigurationReport'
2024-05-17T15:11:52.456+02:00 TRACE 4684 --- [clothlogix] [           main] o.s.b.f.s.DefaultListableBeanFactory     : Returning cached instance of singleton bean 'autoConfigurationReport'
2024-05-17T15:11:52.456+02:00 TRACE 4684 --- [clothlogix] [           main] o.s.b.f.s.DefaultListableBeanFactory     : Returning cached instance of singleton bean 'autoConfigurationReport'
2024-05-17T15:11:52.456+02:00 TRACE 4684 --- [clothlogix] [           main] o.s.b.f.s.DefaultListableBeanFactory     : Returning cached instance of singleton bean 'autoConfigurationReport'
2024-05-17T15:11:52.456+02:00 TRACE 4684 --- [clothlogix] [           main] o.s.b.f.s.DefaultListableBeanFactory     : Returning cached instance of singleton bean 'autoConfigurationReport'
2024-05-17T15:11:52.456+02:00 TRACE 4684 --- [clothlogix] [           main] o.s.b.f.s.DefaultListableBeanFactory     : Returning cached instance of singleton bean 'autoConfigurationReport'
2024-05-17T15:11:52.456+02:00 TRACE 4684 --- [clothlogix] [           main] o.s.b.f.s.DefaultListableBeanFactory     : Returning cached instance of singleton bean 'autoConfigurationReport'
2024-05-17T15:11:52.456+02:00 TRACE 4684 --- [clothlogix] [           main] o.s.b.a.condition.OnPropertyCondition    : Condition OnPropertyCondition on org.springframework.boot.autoconfigure.transaction.TransactionAutoConfiguration$EnableTransactionManagementConfiguration$CglibAutoProxyConfiguration matched due to @ConditionalOnProperty (spring.aop.proxy-target-class=true) matched
2024-05-17T15:11:52.456+02:00 TRACE 4684 --- [clothlogix] [           main] o.s.b.f.s.DefaultListableBeanFactory     : Returning cached instance of singleton bean 'autoConfigurationReport'
2024-05-17T15:11:52.456+02:00 TRACE 4684 --- [clothlogix] [           main] o.s.b.f.s.DefaultListableBeanFactory     : Returning cached instance of singleton bean 'autoConfigurationReport'
2024-05-17T15:11:52.456+02:00 TRACE 4684 --- [clothlogix] [           main] o.s.b.f.s.DefaultListableBeanFactory     : Returning cached instance of singleton bean 'autoConfigurationReport'
2024-05-17T15:11:52.456+02:00 TRACE 4684 --- [clothlogix] [           main] o.s.b.f.s.DefaultListableBeanFactory     : Returning cached instance of singleton bean 'autoConfigurationReport'
2024-05-17T15:11:52.456+02:00 TRACE 4684 --- [clothlogix] [           main] o.s.b.f.s.DefaultListableBeanFactory     : Returning cached instance of singleton bean 'autoConfigurationReport'
2024-05-17T15:11:52.456+02:00 TRACE 4684 --- [clothlogix] [           main] o.s.b.f.s.DefaultListableBeanFactory     : Returning cached instance of singleton bean 'autoConfigurationReport'
2024-05-17T15:11:52.456+02:00 TRACE 4684 --- [clothlogix] [           main] o.s.b.f.s.DefaultListableBeanFactory     : Returning cached instance of singleton bean 'autoConfigurationReport'
2024-05-17T15:11:52.456+02:00 TRACE 4684 --- [clothlogix] [           main] o.s.b.f.s.DefaultListableBeanFactory     : Returning cached instance of singleton bean 'autoConfigurationReport'
2024-05-17T15:11:52.456+02:00 TRACE 4684 --- [clothlogix] [           main] o.s.b.f.s.DefaultListableBeanFactory     : Returning cached instance of singleton bean 'autoConfigurationReport'
2024-05-17T15:11:52.456+02:00 TRACE 4684 --- [clothlogix] [           main] o.s.b.f.s.DefaultListableBeanFactory     : Returning cached instance of singleton bean 'autoConfigurationReport'
2024-05-17T15:11:52.456+02:00 TRACE 4684 --- [clothlogix] [           main] o.s.b.a.condition.OnPropertyCondition    : Condition OnPropertyCondition on org.springframework.boot.autoconfigure.transaction.TransactionAutoConfiguration$EnableTransactionManagementConfiguration$JdkDynamicAutoProxyConfiguration did not match due to @ConditionalOnProperty (spring.aop.proxy-target-class=false) did not find property 'proxy-target-class'
2024-05-17T15:11:52.456+02:00 TRACE 4684 --- [clothlogix] [           main] o.s.b.f.s.DefaultListableBeanFactory     : Returning cached instance of singleton bean 'autoConfigurationReport'
2024-05-17T15:11:52.456+02:00 TRACE 4684 --- [clothlogix] [           main] o.s.b.f.s.DefaultListableBeanFactory     : Returning cached instance of singleton bean 'autoConfigurationReport'
2024-05-17T15:11:52.456+02:00 TRACE 4684 --- [clothlogix] [           main] o.s.b.f.s.DefaultListableBeanFactory     : Returning cached instance of singleton bean 'autoConfigurationReport'
2024-05-17T15:11:52.456+02:00 TRACE 4684 --- [clothlogix] [           main] o.s.b.f.s.DefaultListableBeanFactory     : Returning cached instance of singleton bean 'autoConfigurationReport'
2024-05-17T15:11:52.456+02:00 TRACE 4684 --- [clothlogix] [           main] o.s.b.f.s.DefaultListableBeanFactory     : Returning cached instance of singleton bean 'autoConfigurationReport'
2024-05-17T15:11:52.456+02:00 TRACE 4684 --- [clothlogix] [           main] o.s.b.f.s.DefaultListableBeanFactory     : Returning cached instance of singleton bean 'autoConfigurationReport'
2024-05-17T15:11:52.456+02:00 TRACE 4684 --- [clothlogix] [           main] o.s.b.f.s.DefaultListableBeanFactory     : Returning cached instance of singleton bean 'autoConfigurationReport'
2024-05-17T15:11:52.456+02:00 TRACE 4684 --- [clothlogix] [           main] o.s.b.f.s.DefaultListableBeanFactory     : Returning cached instance of singleton bean 'autoConfigurationReport'
2024-05-17T15:11:52.456+02:00 TRACE 4684 --- [clothlogix] [           main] o.s.b.f.s.DefaultListableBeanFactory     : Returning cached instance of singleton bean 'autoConfigurationReport'
2024-05-17T15:11:52.456+02:00 TRACE 4684 --- [clothlogix] [           main] o.s.b.f.s.DefaultListableBeanFactory     : Returning cached instance of singleton bean 'autoConfigurationReport'
2024-05-17T15:11:52.456+02:00 TRACE 4684 --- [clothlogix] [           main] o.s.b.a.condition.OnClassCondition       : Condition OnClassCondition on org.springframework.boot.autoconfigure.web.client.RestClientAutoConfiguration matched due to @ConditionalOnClass found required class 'org.springframework.web.client.RestClient'
2024-05-17T15:11:52.456+02:00 TRACE 4684 --- [clothlogix] [           main] o.s.b.f.s.DefaultListableBeanFactory     : Returning cached instance of singleton bean 'autoConfigurationReport'
2024-05-17T15:11:52.462+02:00 TRACE 4684 --- [clothlogix] [           main] a.w.c.NotReactiveWebApplicationCondition : Condition NotReactiveWebApplicationCondition on org.springframework.boot.autoconfigure.web.client.RestClientAutoConfiguration matched due to NoneNestedConditions 0 matched 1 did not; NestedCondition on NotReactiveWebApplicationCondition.ReactiveWebApplication did not find reactive web application classes
2024-05-17T15:11:52.462+02:00 TRACE 4684 --- [clothlogix] [           main] o.s.b.f.s.DefaultListableBeanFactory     : Returning cached instance of singleton bean 'autoConfigurationReport'
2024-05-17T15:11:52.462+02:00 TRACE 4684 --- [clothlogix] [           main] o.s.b.f.s.DefaultListableBeanFactory     : Returning cached instance of singleton bean 'autoConfigurationReport'
2024-05-17T15:11:52.462+02:00 TRACE 4684 --- [clothlogix] [           main] o.s.b.f.s.DefaultListableBeanFactory     : Returning cached instance of singleton bean 'autoConfigurationReport'
2024-05-17T15:11:52.462+02:00 TRACE 4684 --- [clothlogix] [           main] o.s.b.f.s.DefaultListableBeanFactory     : Returning cached instance of singleton bean 'autoConfigurationReport'
2024-05-17T15:11:52.462+02:00 TRACE 4684 --- [clothlogix] [           main] o.s.b.f.s.DefaultListableBeanFactory     : Returning cached instance of singleton bean 'autoConfigurationReport'
2024-05-17T15:11:52.462+02:00 TRACE 4684 --- [clothlogix] [           main] o.s.b.f.s.DefaultListableBeanFactory     : Returning cached instance of singleton bean 'autoConfigurationReport'
2024-05-17T15:11:52.462+02:00 TRACE 4684 --- [clothlogix] [           main] o.s.b.f.s.DefaultListableBeanFactory     : Returning cached instance of singleton bean 'autoConfigurationReport'
2024-05-17T15:11:52.462+02:00 TRACE 4684 --- [clothlogix] [           main] o.s.b.f.s.DefaultListableBeanFactory     : Returning cached instance of singleton bean 'autoConfigurationReport'
2024-05-17T15:11:52.462+02:00 TRACE 4684 --- [clothlogix] [           main] o.s.b.f.s.DefaultListableBeanFactory     : Returning cached instance of singleton bean 'autoConfigurationReport'
2024-05-17T15:11:52.462+02:00 TRACE 4684 --- [clothlogix] [           main] o.s.b.f.s.DefaultListableBeanFactory     : Returning cached instance of singleton bean 'autoConfigurationReport'
2024-05-17T15:11:52.462+02:00 TRACE 4684 --- [clothlogix] [           main] o.s.b.a.condition.OnClassCondition       : Condition OnClassCondition on org.springframework.boot.autoconfigure.web.client.RestTemplateAutoConfiguration matched due to @ConditionalOnClass found required class 'org.springframework.web.client.RestTemplate'
2024-05-17T15:11:52.462+02:00 TRACE 4684 --- [clothlogix] [           main] o.s.b.f.s.DefaultListableBeanFactory     : Returning cached instance of singleton bean 'autoConfigurationReport'
2024-05-17T15:11:52.462+02:00 TRACE 4684 --- [clothlogix] [           main] a.w.c.NotReactiveWebApplicationCondition : Condition NotReactiveWebApplicationCondition on org.springframework.boot.autoconfigure.web.client.RestTemplateAutoConfiguration matched due to NoneNestedConditions 0 matched 1 did not; NestedCondition on NotReactiveWebApplicationCondition.ReactiveWebApplication did not find reactive web application classes
2024-05-17T15:11:52.462+02:00 TRACE 4684 --- [clothlogix] [           main] o.s.b.f.s.DefaultListableBeanFactory     : Returning cached instance of singleton bean 'autoConfigurationReport'
2024-05-17T15:11:52.462+02:00 TRACE 4684 --- [clothlogix] [           main] o.s.b.f.s.DefaultListableBeanFactory     : Returning cached instance of singleton bean 'autoConfigurationReport'
2024-05-17T15:11:52.462+02:00 TRACE 4684 --- [clothlogix] [           main] o.s.b.f.s.DefaultListableBeanFactory     : Returning cached instance of singleton bean 'autoConfigurationReport'
2024-05-17T15:11:52.462+02:00 TRACE 4684 --- [clothlogix] [           main] o.s.b.f.s.DefaultListableBeanFactory     : Returning cached instance of singleton bean 'autoConfigurationReport'
2024-05-17T15:11:52.462+02:00 TRACE 4684 --- [clothlogix] [           main] o.s.b.f.s.DefaultListableBeanFactory     : Returning cached instance of singleton bean 'autoConfigurationReport'
2024-05-17T15:11:52.462+02:00 TRACE 4684 --- [clothlogix] [           main] o.s.b.f.s.DefaultListableBeanFactory     : Returning cached instance of singleton bean 'autoConfigurationReport'
2024-05-17T15:11:52.462+02:00 TRACE 4684 --- [clothlogix] [           main] o.s.b.f.s.DefaultListableBeanFactory     : Returning cached instance of singleton bean 'autoConfigurationReport'
2024-05-17T15:11:52.462+02:00 TRACE 4684 --- [clothlogix] [           main] o.s.b.f.s.DefaultListableBeanFactory     : Returning cached instance of singleton bean 'autoConfigurationReport'
2024-05-17T15:11:52.462+02:00 TRACE 4684 --- [clothlogix] [           main] o.s.b.f.s.DefaultListableBeanFactory     : Returning cached instance of singleton bean 'autoConfigurationReport'
2024-05-17T15:11:52.462+02:00 TRACE 4684 --- [clothlogix] [           main] o.s.b.f.s.DefaultListableBeanFactory     : Returning cached instance of singleton bean 'autoConfigurationReport'
2024-05-17T15:11:52.462+02:00 TRACE 4684 --- [clothlogix] [           main] o.s.b.a.c.OnWebApplicationCondition      : Condition OnWebApplicationCondition on org.springframework.boot.autoconfigure.web.embedded.EmbeddedWebServerFactoryCustomizerAutoConfiguration matched due to @ConditionalOnWebApplication (required) found 'session' scope
2024-05-17T15:11:52.462+02:00 TRACE 4684 --- [clothlogix] [           main] o.s.b.f.s.DefaultListableBeanFactory     : Returning cached instance of singleton bean 'autoConfigurationReport'
2024-05-17T15:11:52.462+02:00 TRACE 4684 --- [clothlogix] [           main] o.s.b.a.c.OnWarDeploymentCondition       : Condition OnWarDeploymentCondition on org.springframework.boot.autoconfigure.web.embedded.EmbeddedWebServerFactoryCustomizerAutoConfiguration did not match due to Application is deployed as a WAR file.
2024-05-17T15:11:52.462+02:00 TRACE 4684 --- [clothlogix] [           main] o.s.b.f.s.DefaultListableBeanFactory     : Returning cached instance of singleton bean 'autoConfigurationReport'
2024-05-17T15:11:52.462+02:00 TRACE 4684 --- [clothlogix] [           main] o.s.b.f.s.DefaultListableBeanFactory     : Returning cached instance of singleton bean 'autoConfigurationReport'
2024-05-17T15:11:52.462+02:00 TRACE 4684 --- [clothlogix] [           main] o.s.b.f.s.DefaultListableBeanFactory     : Returning cached instance of singleton bean 'autoConfigurationReport'
2024-05-17T15:11:52.462+02:00 TRACE 4684 --- [clothlogix] [           main] o.s.b.f.s.DefaultListableBeanFactory     : Returning cached instance of singleton bean 'autoConfigurationReport'
2024-05-17T15:11:52.462+02:00 TRACE 4684 --- [clothlogix] [           main] o.s.b.f.s.DefaultListableBeanFactory     : Returning cached instance of singleton bean 'autoConfigurationReport'
2024-05-17T15:11:52.462+02:00 TRACE 4684 --- [clothlogix] [           main] o.s.b.f.s.DefaultListableBeanFactory     : Returning cached instance of singleton bean 'autoConfigurationReport'
2024-05-17T15:11:52.462+02:00 TRACE 4684 --- [clothlogix] [           main] o.s.b.f.s.DefaultListableBeanFactory     : Returning cached instance of singleton bean 'autoConfigurationReport'
2024-05-17T15:11:52.462+02:00 TRACE 4684 --- [clothlogix] [           main] o.s.b.a.condition.OnClassCondition       : Condition OnClassCondition on org.springframework.boot.autoconfigure.web.servlet.HttpEncodingAutoConfiguration matched due to @ConditionalOnClass found required class 'org.springframework.web.filter.CharacterEncodingFilter'
2024-05-17T15:11:52.462+02:00 TRACE 4684 --- [clothlogix] [           main] o.s.b.f.s.DefaultListableBeanFactory     : Returning cached instance of singleton bean 'autoConfigurationReport'
2024-05-17T15:11:52.462+02:00 TRACE 4684 --- [clothlogix] [           main] o.s.b.a.c.OnWebApplicationCondition      : Condition OnWebApplicationCondition on org.springframework.boot.autoconfigure.web.servlet.HttpEncodingAutoConfiguration matched due to found 'session' scope
2024-05-17T15:11:52.462+02:00 TRACE 4684 --- [clothlogix] [           main] o.s.b.f.s.DefaultListableBeanFactory     : Returning cached instance of singleton bean 'autoConfigurationReport'
2024-05-17T15:11:52.462+02:00 TRACE 4684 --- [clothlogix] [           main] o.s.b.a.condition.OnPropertyCondition    : Condition OnPropertyCondition on org.springframework.boot.autoconfigure.web.servlet.HttpEncodingAutoConfiguration matched due to @ConditionalOnProperty (server.servlet.encoding.enabled) matched
2024-05-17T15:11:52.462+02:00 TRACE 4684 --- [clothlogix] [           main] o.s.b.f.s.DefaultListableBeanFactory     : Returning cached instance of singleton bean 'autoConfigurationReport'
2024-05-17T15:11:52.462+02:00 TRACE 4684 --- [clothlogix] [           main] o.s.b.f.s.DefaultListableBeanFactory     : Returning cached instance of singleton bean 'autoConfigurationReport'
2024-05-17T15:11:52.462+02:00 TRACE 4684 --- [clothlogix] [           main] o.s.b.f.s.DefaultListableBeanFactory     : Returning cached instance of singleton bean 'autoConfigurationReport'
2024-05-17T15:11:52.462+02:00 TRACE 4684 --- [clothlogix] [           main] o.s.b.f.s.DefaultListableBeanFactory     : Returning cached instance of singleton bean 'autoConfigurationReport'
2024-05-17T15:11:52.462+02:00 TRACE 4684 --- [clothlogix] [           main] o.s.b.f.s.DefaultListableBeanFactory     : Returning cached instance of singleton bean 'autoConfigurationReport'
2024-05-17T15:11:52.462+02:00 TRACE 4684 --- [clothlogix] [           main] o.s.b.f.s.DefaultListableBeanFactory     : Returning cached instance of singleton bean 'autoConfigurationReport'
2024-05-17T15:11:52.462+02:00 TRACE 4684 --- [clothlogix] [           main] o.s.b.f.s.DefaultListableBeanFactory     : Returning cached instance of singleton bean 'autoConfigurationReport'
2024-05-17T15:11:52.462+02:00 TRACE 4684 --- [clothlogix] [           main] o.s.b.f.s.DefaultListableBeanFactory     : Returning cached instance of singleton bean 'autoConfigurationReport'
2024-05-17T15:11:52.462+02:00 TRACE 4684 --- [clothlogix] [           main] o.s.b.f.s.DefaultListableBeanFactory     : Returning cached instance of singleton bean 'autoConfigurationReport'
2024-05-17T15:11:52.462+02:00 TRACE 4684 --- [clothlogix] [           main] o.s.b.f.s.DefaultListableBeanFactory     : Returning cached instance of singleton bean 'autoConfigurationReport'
2024-05-17T15:11:52.466+02:00 TRACE 4684 --- [clothlogix] [           main] o.s.b.a.condition.OnClassCondition       : Condition OnClassCondition on org.springframework.boot.autoconfigure.web.servlet.MultipartAutoConfiguration matched due to @ConditionalOnClass found required classes 'jakarta.servlet.Servlet', 'org.springframework.web.multipart.support.StandardServletMultipartResolver', 'jakarta.servlet.MultipartConfigElement'
2024-05-17T15:11:52.466+02:00 TRACE 4684 --- [clothlogix] [           main] o.s.b.f.s.DefaultListableBeanFactory     : Returning cached instance of singleton bean 'autoConfigurationReport'
2024-05-17T15:11:52.466+02:00 TRACE 4684 --- [clothlogix] [           main] o.s.b.a.c.OnWebApplicationCondition      : Condition OnWebApplicationCondition on org.springframework.boot.autoconfigure.web.servlet.MultipartAutoConfiguration matched due to found 'session' scope
2024-05-17T15:11:52.466+02:00 TRACE 4684 --- [clothlogix] [           main] o.s.b.f.s.DefaultListableBeanFactory     : Returning cached instance of singleton bean 'autoConfigurationReport'
2024-05-17T15:11:52.466+02:00 TRACE 4684 --- [clothlogix] [           main] o.s.b.a.condition.OnPropertyCondition    : Condition OnPropertyCondition on org.springframework.boot.autoconfigure.web.servlet.MultipartAutoConfiguration matched due to @ConditionalOnProperty (spring.servlet.multipart.enabled) matched
2024-05-17T15:11:52.466+02:00 TRACE 4684 --- [clothlogix] [           main] o.s.b.f.s.DefaultListableBeanFactory     : Returning cached instance of singleton bean 'autoConfigurationReport'
2024-05-17T15:11:52.466+02:00 TRACE 4684 --- [clothlogix] [           main] o.s.b.f.s.DefaultListableBeanFactory     : Returning cached instance of singleton bean 'autoConfigurationReport'
2024-05-17T15:11:52.466+02:00 TRACE 4684 --- [clothlogix] [           main] o.s.b.f.s.DefaultListableBeanFactory     : Returning cached instance of singleton bean 'autoConfigurationReport'
2024-05-17T15:11:52.466+02:00 TRACE 4684 --- [clothlogix] [           main] o.s.b.f.s.DefaultListableBeanFactory     : Returning cached instance of singleton bean 'autoConfigurationReport'
2024-05-17T15:11:52.466+02:00 TRACE 4684 --- [clothlogix] [           main] a.ConfigurationClassBeanDefinitionReader : Registered bean definition for imported class 'org.springframework.transaction.annotation.ProxyTransactionManagementConfiguration'
2024-05-17T15:11:52.472+02:00 TRACE 4684 --- [clothlogix] [           main] a.ConfigurationClassBeanDefinitionReader : Registering bean definition for @Bean method org.springframework.transaction.annotation.ProxyTransactionManagementConfiguration.org.springframework.transaction.config.internalTransactionAdvisor()
2024-05-17T15:11:52.472+02:00 TRACE 4684 --- [clothlogix] [           main] a.ConfigurationClassBeanDefinitionReader : Registering bean definition for @Bean method org.springframework.transaction.annotation.ProxyTransactionManagementConfiguration.transactionAttributeSource()
2024-05-17T15:11:52.472+02:00 TRACE 4684 --- [clothlogix] [           main] a.ConfigurationClassBeanDefinitionReader : Registering bean definition for @Bean method org.springframework.transaction.annotation.ProxyTransactionManagementConfiguration.transactionInterceptor()
2024-05-17T15:11:52.472+02:00 TRACE 4684 --- [clothlogix] [           main] a.ConfigurationClassBeanDefinitionReader : Registering bean definition for @Bean method org.springframework.transaction.annotation.ProxyTransactionManagementConfiguration.org.springframework.transaction.config.internalTransactionalEventListenerFactory()
2024-05-17T15:11:52.472+02:00 TRACE 4684 --- [clothlogix] [           main] a.ConfigurationClassBeanDefinitionReader : Registering bean definition for @Bean method com.fabless.clothlogix.configuration.HibernateConf.dataSource()
2024-05-17T15:11:52.472+02:00 TRACE 4684 --- [clothlogix] [           main] a.ConfigurationClassBeanDefinitionReader : Registering bean definition for @Bean method com.fabless.clothlogix.configuration.HibernateConf.hibernateTransactionManager()
2024-05-17T15:11:52.472+02:00 TRACE 4684 --- [clothlogix] [           main] a.ConfigurationClassBeanDefinitionReader : Registering bean definition for @Bean method com.fabless.clothlogix.configuration.HibernateConf.entityManagerFactory()
2024-05-17T15:11:52.477+02:00 TRACE 4684 --- [clothlogix] [           main] a.ConfigurationClassBeanDefinitionReader : Registered bean definition for imported class 'org.springframework.boot.autoconfigure.context.PropertyPlaceholderAutoConfiguration'
2024-05-17T15:11:52.492+02:00 TRACE 4684 --- [clothlogix] [           main] o.s.b.a.condition.OnBeanCondition        : Condition OnBeanCondition on org.springframework.boot.autoconfigure.context.PropertyPlaceholderAutoConfiguration#propertySourcesPlaceholderConfigurer matched due to @ConditionalOnMissingBean (types: org.springframework.context.support.PropertySourcesPlaceholderConfigurer; SearchStrategy: current) did not find any beans
2024-05-17T15:11:52.492+02:00 TRACE 4684 --- [clothlogix] [           main] o.s.b.f.s.DefaultListableBeanFactory     : Returning cached instance of singleton bean 'autoConfigurationReport'
2024-05-17T15:11:52.492+02:00 TRACE 4684 --- [clothlogix] [           main] a.ConfigurationClassBeanDefinitionReader : Registering bean definition for @Bean method org.springframework.boot.autoconfigure.context.PropertyPlaceholderAutoConfiguration.propertySourcesPlaceholderConfigurer()
2024-05-17T15:11:52.497+02:00 TRACE 4684 --- [clothlogix] [           main] a.ConfigurationClassBeanDefinitionReader : Registered bean definition for imported class 'org.springframework.boot.autoconfigure.ssl.SslAutoConfiguration'
2024-05-17T15:11:52.497+02:00 TRACE 4684 --- [clothlogix] [           main] a.ConfigurationClassBeanDefinitionReader : Registering bean definition for @Bean method org.springframework.boot.autoconfigure.ssl.SslAutoConfiguration.fileWatcher()
2024-05-17T15:11:52.497+02:00 TRACE 4684 --- [clothlogix] [           main] a.ConfigurationClassBeanDefinitionReader : Registering bean definition for @Bean method org.springframework.boot.autoconfigure.ssl.SslAutoConfiguration.sslPropertiesSslBundleRegistrar()
2024-05-17T15:11:52.502+02:00 TRACE 4684 --- [clothlogix] [           main] o.s.b.a.condition.OnBeanCondition        : Condition OnBeanCondition on org.springframework.boot.autoconfigure.ssl.SslAutoConfiguration#sslBundleRegistry matched due to @ConditionalOnMissingBean (types: org.springframework.boot.ssl.SslBundleRegistry,org.springframework.boot.ssl.SslBundles; SearchStrategy: all) did not find any beans
2024-05-17T15:11:52.502+02:00 TRACE 4684 --- [clothlogix] [           main] o.s.b.f.s.DefaultListableBeanFactory     : Returning cached instance of singleton bean 'autoConfigurationReport'
2024-05-17T15:11:52.502+02:00 TRACE 4684 --- [clothlogix] [           main] a.ConfigurationClassBeanDefinitionReader : Registering bean definition for @Bean method org.springframework.boot.autoconfigure.ssl.SslAutoConfiguration.sslBundleRegistry()
2024-05-17T15:11:52.517+02:00 TRACE 4684 --- [clothlogix] [           main] o.s.b.a.condition.OnClassCondition       : Condition OnClassCondition on org.springframework.boot.autoconfigure.websocket.servlet.WebSocketServletAutoConfiguration matched due to @ConditionalOnClass found required classes 'jakarta.servlet.Servlet', 'jakarta.websocket.server.ServerContainer'
2024-05-17T15:11:52.517+02:00 TRACE 4684 --- [clothlogix] [           main] o.s.b.f.s.DefaultListableBeanFactory     : Returning cached instance of singleton bean 'autoConfigurationReport'
2024-05-17T15:11:52.517+02:00 TRACE 4684 --- [clothlogix] [           main] o.s.b.a.c.OnWebApplicationCondition      : Condition OnWebApplicationCondition on org.springframework.boot.autoconfigure.websocket.servlet.WebSocketServletAutoConfiguration matched due to found 'session' scope
2024-05-17T15:11:52.517+02:00 TRACE 4684 --- [clothlogix] [           main] o.s.b.f.s.DefaultListableBeanFactory     : Returning cached instance of singleton bean 'autoConfigurationReport'
2024-05-17T15:11:52.517+02:00 TRACE 4684 --- [clothlogix] [           main] o.s.b.a.condition.OnClassCondition       : Condition OnClassCondition on org.springframework.boot.autoconfigure.websocket.servlet.WebSocketServletAutoConfiguration$TomcatWebSocketConfiguration matched due to @ConditionalOnClass found required classes 'org.apache.catalina.startup.Tomcat', 'org.apache.tomcat.websocket.server.WsSci'
2024-05-17T15:11:52.517+02:00 TRACE 4684 --- [clothlogix] [           main] o.s.b.f.s.DefaultListableBeanFactory     : Returning cached instance of singleton bean 'autoConfigurationReport'
2024-05-17T15:11:52.517+02:00 TRACE 4684 --- [clothlogix] [           main] a.ConfigurationClassBeanDefinitionReader : Registered bean definition for imported class 'org.springframework.boot.autoconfigure.websocket.servlet.WebSocketServletAutoConfiguration$TomcatWebSocketConfiguration'
2024-05-17T15:11:52.517+02:00 TRACE 4684 --- [clothlogix] [           main] o.s.b.a.condition.OnBeanCondition        : Condition OnBeanCondition on org.springframework.boot.autoconfigure.websocket.servlet.WebSocketServletAutoConfiguration$TomcatWebSocketConfiguration#websocketServletWebServerCustomizer matched due to @ConditionalOnMissingBean (names: websocketServletWebServerCustomizer; SearchStrategy: all) did not find any beans
2024-05-17T15:11:52.517+02:00 TRACE 4684 --- [clothlogix] [           main] o.s.b.f.s.DefaultListableBeanFactory     : Returning cached instance of singleton bean 'autoConfigurationReport'
2024-05-17T15:11:52.517+02:00 TRACE 4684 --- [clothlogix] [           main] a.ConfigurationClassBeanDefinitionReader : Registering bean definition for @Bean method org.springframework.boot.autoconfigure.websocket.servlet.WebSocketServletAutoConfiguration$TomcatWebSocketConfiguration.websocketServletWebServerCustomizer()
2024-05-17T15:11:52.517+02:00 TRACE 4684 --- [clothlogix] [           main] a.ConfigurationClassBeanDefinitionReader : Registered bean definition for imported class 'org.springframework.boot.autoconfigure.websocket.servlet.WebSocketServletAutoConfiguration'
2024-05-17T15:11:52.517+02:00 TRACE 4684 --- [clothlogix] [           main] o.s.b.a.condition.OnClassCondition       : Condition OnClassCondition on org.springframework.boot.autoconfigure.web.servlet.ServletWebServerFactoryAutoConfiguration matched due to @ConditionalOnClass found required class 'jakarta.servlet.ServletRequest'
2024-05-17T15:11:52.517+02:00 TRACE 4684 --- [clothlogix] [           main] o.s.b.f.s.DefaultListableBeanFactory     : Returning cached instance of singleton bean 'autoConfigurationReport'
2024-05-17T15:11:52.517+02:00 TRACE 4684 --- [clothlogix] [           main] o.s.b.a.c.OnWebApplicationCondition      : Condition OnWebApplicationCondition on org.springframework.boot.autoconfigure.web.servlet.ServletWebServerFactoryAutoConfiguration matched due to found 'session' scope
2024-05-17T15:11:52.517+02:00 TRACE 4684 --- [clothlogix] [           main] o.s.b.f.s.DefaultListableBeanFactory     : Returning cached instance of singleton bean 'autoConfigurationReport'
2024-05-17T15:11:52.517+02:00 TRACE 4684 --- [clothlogix] [           main] o.s.b.a.condition.OnClassCondition       : Condition OnClassCondition on org.springframework.boot.autoconfigure.web.servlet.ServletWebServerFactoryConfiguration$EmbeddedTomcat matched due to @ConditionalOnClass found required classes 'jakarta.servlet.Servlet', 'org.apache.catalina.startup.Tomcat', 'org.apache.coyote.UpgradeProtocol'
2024-05-17T15:11:52.517+02:00 TRACE 4684 --- [clothlogix] [           main] o.s.b.f.s.DefaultListableBeanFactory     : Returning cached instance of singleton bean 'autoConfigurationReport'
2024-05-17T15:11:52.522+02:00 TRACE 4684 --- [clothlogix] [           main] o.s.b.a.condition.OnBeanCondition        : Condition OnBeanCondition on org.springframework.boot.autoconfigure.web.servlet.ServletWebServerFactoryConfiguration$EmbeddedTomcat matched due to @ConditionalOnMissingBean (types: org.springframework.boot.web.servlet.server.ServletWebServerFactory; SearchStrategy: current) did not find any beans
2024-05-17T15:11:52.522+02:00 TRACE 4684 --- [clothlogix] [           main] o.s.b.f.s.DefaultListableBeanFactory     : Returning cached instance of singleton bean 'autoConfigurationReport'
2024-05-17T15:11:52.524+02:00 TRACE 4684 --- [clothlogix] [           main] a.ConfigurationClassBeanDefinitionReader : Registered bean definition for imported class 'org.springframework.boot.autoconfigure.web.servlet.ServletWebServerFactoryConfiguration$EmbeddedTomcat'
2024-05-17T15:11:52.524+02:00 TRACE 4684 --- [clothlogix] [           main] a.ConfigurationClassBeanDefinitionReader : Registering bean definition for @Bean method org.springframework.boot.autoconfigure.web.servlet.ServletWebServerFactoryConfiguration$EmbeddedTomcat.tomcatServletWebServerFactory()
2024-05-17T15:11:52.524+02:00 TRACE 4684 --- [clothlogix] [           main] a.ConfigurationClassBeanDefinitionReader : Registered bean definition for imported class 'org.springframework.boot.autoconfigure.web.servlet.ServletWebServerFactoryAutoConfiguration'
2024-05-17T15:11:52.524+02:00 TRACE 4684 --- [clothlogix] [           main] a.ConfigurationClassBeanDefinitionReader : Registering bean definition for @Bean method org.springframework.boot.autoconfigure.web.servlet.ServletWebServerFactoryAutoConfiguration.servletWebServerFactoryCustomizer()
2024-05-17T15:11:52.524+02:00 TRACE 4684 --- [clothlogix] [           main] o.s.b.a.condition.OnClassCondition       : Condition OnClassCondition on org.springframework.boot.autoconfigure.web.servlet.ServletWebServerFactoryAutoConfiguration#tomcatServletWebServerFactoryCustomizer matched due to @ConditionalOnClass found required class 'org.apache.catalina.startup.Tomcat'
2024-05-17T15:11:52.524+02:00 TRACE 4684 --- [clothlogix] [           main] o.s.b.f.s.DefaultListableBeanFactory     : Returning cached instance of singleton bean 'autoConfigurationReport'
2024-05-17T15:11:52.524+02:00 TRACE 4684 --- [clothlogix] [           main] a.ConfigurationClassBeanDefinitionReader : Registering bean definition for @Bean method org.springframework.boot.autoconfigure.web.servlet.ServletWebServerFactoryAutoConfiguration.tomcatServletWebServerFactoryCustomizer()
2024-05-17T15:11:52.532+02:00 TRACE 4684 --- [clothlogix] [           main] o.s.b.a.condition.OnClassCondition       : Condition OnClassCondition on org.springframework.boot.autoconfigure.web.servlet.DispatcherServletAutoConfiguration matched due to @ConditionalOnClass found required class 'org.springframework.web.servlet.DispatcherServlet'
2024-05-17T15:11:52.532+02:00 TRACE 4684 --- [clothlogix] [           main] o.s.b.f.s.DefaultListableBeanFactory     : Returning cached instance of singleton bean 'autoConfigurationReport'
2024-05-17T15:11:52.532+02:00 TRACE 4684 --- [clothlogix] [           main] o.s.b.a.c.OnWebApplicationCondition      : Condition OnWebApplicationCondition on org.springframework.boot.autoconfigure.web.servlet.DispatcherServletAutoConfiguration matched due to found 'session' scope
2024-05-17T15:11:52.532+02:00 TRACE 4684 --- [clothlogix] [           main] o.s.b.f.s.DefaultListableBeanFactory     : Returning cached instance of singleton bean 'autoConfigurationReport'
2024-05-17T15:11:52.537+02:00 TRACE 4684 --- [clothlogix] [           main] o.s.b.a.condition.OnClassCondition       : Condition OnClassCondition on org.springframework.boot.autoconfigure.web.servlet.DispatcherServletAutoConfiguration$DispatcherServletRegistrationConfiguration matched due to @ConditionalOnClass found required class 'jakarta.servlet.ServletRegistration'
2024-05-17T15:11:52.537+02:00 TRACE 4684 --- [clothlogix] [           main] o.s.b.f.s.DefaultListableBeanFactory     : Returning cached instance of singleton bean 'autoConfigurationReport'
2024-05-17T15:11:52.537+02:00 TRACE 4684 --- [clothlogix] [           main] n$DispatcherServletRegistrationCondition : Condition DispatcherServletAutoConfiguration.DispatcherServletRegistrationCondition on org.springframework.boot.autoconfigure.web.servlet.DispatcherServletAutoConfiguration$DispatcherServletRegistrationConfiguration matched due to DispatcherServlet Registration did not find servlet registration bean
2024-05-17T15:11:52.537+02:00 TRACE 4684 --- [clothlogix] [           main] o.s.b.f.s.DefaultListableBeanFactory     : Returning cached instance of singleton bean 'autoConfigurationReport'
2024-05-17T15:11:52.537+02:00 TRACE 4684 --- [clothlogix] [           main] o.s.b.a.condition.OnClassCondition       : Condition OnClassCondition on org.springframework.boot.autoconfigure.web.servlet.DispatcherServletAutoConfiguration$DispatcherServletConfiguration matched due to @ConditionalOnClass found required class 'jakarta.servlet.ServletRegistration'
2024-05-17T15:11:52.537+02:00 TRACE 4684 --- [clothlogix] [           main] o.s.b.f.s.DefaultListableBeanFactory     : Returning cached instance of singleton bean 'autoConfigurationReport'
2024-05-17T15:11:52.537+02:00 TRACE 4684 --- [clothlogix] [           main] ration$DefaultDispatcherServletCondition : Condition DispatcherServletAutoConfiguration.DefaultDispatcherServletCondition on org.springframework.boot.autoconfigure.web.servlet.DispatcherServletAutoConfiguration$DispatcherServletConfiguration matched due to Default DispatcherServlet did not find dispatcher servlet beans
2024-05-17T15:11:52.537+02:00 TRACE 4684 --- [clothlogix] [           main] o.s.b.f.s.DefaultListableBeanFactory     : Returning cached instance of singleton bean 'autoConfigurationReport'
2024-05-17T15:11:52.537+02:00 TRACE 4684 --- [clothlogix] [           main] a.ConfigurationClassBeanDefinitionReader : Registered bean definition for imported class 'org.springframework.boot.autoconfigure.web.servlet.DispatcherServletAutoConfiguration$DispatcherServletConfiguration'
2024-05-17T15:11:52.537+02:00 TRACE 4684 --- [clothlogix] [           main] a.ConfigurationClassBeanDefinitionReader : Registering bean definition for @Bean method org.springframework.boot.autoconfigure.web.servlet.DispatcherServletAutoConfiguration$DispatcherServletConfiguration.dispatcherServlet()
2024-05-17T15:11:52.537+02:00 TRACE 4684 --- [clothlogix] [           main] o.s.b.a.condition.OnBeanCondition        : Condition OnBeanCondition on org.springframework.boot.autoconfigure.web.servlet.DispatcherServletAutoConfiguration$DispatcherServletConfiguration#multipartResolver did not match due to @ConditionalOnBean (types: org.springframework.web.multipart.MultipartResolver; SearchStrategy: all) did not find any beans of type org.springframework.web.multipart.MultipartResolver
2024-05-17T15:11:52.537+02:00 TRACE 4684 --- [clothlogix] [           main] o.s.b.f.s.DefaultListableBeanFactory     : Returning cached instance of singleton bean 'autoConfigurationReport'
2024-05-17T15:11:52.540+02:00 TRACE 4684 --- [clothlogix] [           main] a.ConfigurationClassBeanDefinitionReader : Registered bean definition for imported class 'org.springframework.boot.autoconfigure.web.servlet.DispatcherServletAutoConfiguration$DispatcherServletRegistrationConfiguration'
2024-05-17T15:11:52.542+02:00 TRACE 4684 --- [clothlogix] [           main] o.s.b.a.condition.OnBeanCondition        : Condition OnBeanCondition on org.springframework.boot.autoconfigure.web.servlet.DispatcherServletAutoConfiguration$DispatcherServletRegistrationConfiguration#dispatcherServletRegistration matched due to @ConditionalOnBean (names: dispatcherServlet types: org.springframework.web.servlet.DispatcherServlet; SearchStrategy: all) found bean 'dispatcherServlet'
2024-05-17T15:11:52.542+02:00 TRACE 4684 --- [clothlogix] [           main] o.s.b.f.s.DefaultListableBeanFactory     : Returning cached instance of singleton bean 'autoConfigurationReport'
2024-05-17T15:11:52.542+02:00 TRACE 4684 --- [clothlogix] [           main] a.ConfigurationClassBeanDefinitionReader : Registering bean definition for @Bean method org.springframework.boot.autoconfigure.web.servlet.DispatcherServletAutoConfiguration$DispatcherServletRegistrationConfiguration.dispatcherServletRegistration()
2024-05-17T15:11:52.542+02:00 TRACE 4684 --- [clothlogix] [           main] a.ConfigurationClassBeanDefinitionReader : Registered bean definition for imported class 'org.springframework.boot.autoconfigure.web.servlet.DispatcherServletAutoConfiguration'
2024-05-17T15:11:52.542+02:00 TRACE 4684 --- [clothlogix] [           main] o.s.b.a.condition.OnClassCondition       : Condition OnClassCondition on org.springframework.boot.autoconfigure.task.TaskExecutionAutoConfiguration matched due to @ConditionalOnClass found required class 'org.springframework.scheduling.concurrent.ThreadPoolTaskExecutor'
2024-05-17T15:11:52.542+02:00 TRACE 4684 --- [clothlogix] [           main] o.s.b.f.s.DefaultListableBeanFactory     : Returning cached instance of singleton bean 'autoConfigurationReport'
2024-05-17T15:11:52.542+02:00 TRACE 4684 --- [clothlogix] [           main] a.ConfigurationClassBeanDefinitionReader : Registered bean definition for imported class 'org.springframework.boot.autoconfigure.task.TaskExecutorConfigurations$ThreadPoolTaskExecutorBuilderConfiguration'
2024-05-17T15:11:52.547+02:00 TRACE 4684 --- [clothlogix] [           main] o.s.b.a.condition.OnBeanCondition        : Condition OnBeanCondition on org.springframework.boot.autoconfigure.task.TaskExecutorConfigurations$ThreadPoolTaskExecutorBuilderConfiguration#threadPoolTaskExecutorBuilder matched due to @ConditionalOnMissingBean (types: org.springframework.boot.task.TaskExecutorBuilder,org.springframework.boot.task.ThreadPoolTaskExecutorBuilder; SearchStrategy: all) did not find any beans
2024-05-17T15:11:52.547+02:00 TRACE 4684 --- [clothlogix] [           main] o.s.b.f.s.DefaultListableBeanFactory     : Returning cached instance of singleton bean 'autoConfigurationReport'
2024-05-17T15:11:52.547+02:00 TRACE 4684 --- [clothlogix] [           main] a.ConfigurationClassBeanDefinitionReader : Registering bean definition for @Bean method org.springframework.boot.autoconfigure.task.TaskExecutorConfigurations$ThreadPoolTaskExecutorBuilderConfiguration.threadPoolTaskExecutorBuilder()
2024-05-17T15:11:52.547+02:00 TRACE 4684 --- [clothlogix] [           main] a.ConfigurationClassBeanDefinitionReader : Registered bean definition for imported class 'org.springframework.boot.autoconfigure.task.TaskExecutorConfigurations$TaskExecutorBuilderConfiguration'
2024-05-17T15:11:52.547+02:00 TRACE 4684 --- [clothlogix] [           main] o.s.b.a.condition.OnBeanCondition        : Condition OnBeanCondition on org.springframework.boot.autoconfigure.task.TaskExecutorConfigurations$TaskExecutorBuilderConfiguration#taskExecutorBuilder matched due to @ConditionalOnMissingBean (types: org.springframework.boot.task.TaskExecutorBuilder; SearchStrategy: all) did not find any beans
2024-05-17T15:11:52.547+02:00 TRACE 4684 --- [clothlogix] [           main] o.s.b.f.s.DefaultListableBeanFactory     : Returning cached instance of singleton bean 'autoConfigurationReport'
2024-05-17T15:11:52.552+02:00 TRACE 4684 --- [clothlogix] [           main] a.ConfigurationClassBeanDefinitionReader : Registering bean definition for @Bean method org.springframework.boot.autoconfigure.task.TaskExecutorConfigurations$TaskExecutorBuilderConfiguration.taskExecutorBuilder()
2024-05-17T15:11:52.552+02:00 TRACE 4684 --- [clothlogix] [           main] a.ConfigurationClassBeanDefinitionReader : Registered bean definition for imported class 'org.springframework.boot.autoconfigure.task.TaskExecutorConfigurations$SimpleAsyncTaskExecutorBuilderConfiguration'
2024-05-17T15:11:52.552+02:00 TRACE 4684 --- [clothlogix] [           main] o.s.b.a.condition.OnBeanCondition        : Condition OnBeanCondition on org.springframework.boot.autoconfigure.task.TaskExecutorConfigurations$SimpleAsyncTaskExecutorBuilderConfiguration#simpleAsyncTaskExecutorBuilder matched due to @ConditionalOnMissingBean (types: org.springframework.boot.task.SimpleAsyncTaskExecutorBuilder; SearchStrategy: all) did not find any beans
2024-05-17T15:11:52.552+02:00 TRACE 4684 --- [clothlogix] [           main] o.s.b.f.s.DefaultListableBeanFactory     : Returning cached instance of singleton bean 'autoConfigurationReport'
2024-05-17T15:11:52.552+02:00 TRACE 4684 --- [clothlogix] [           main] o.s.b.a.condition.OnThreadingCondition   : Condition OnThreadingCondition on org.springframework.boot.autoconfigure.task.TaskExecutorConfigurations$SimpleAsyncTaskExecutorBuilderConfiguration#simpleAsyncTaskExecutorBuilder matched due to @ConditionalOnThreading found PLATFORM
2024-05-17T15:11:52.552+02:00 TRACE 4684 --- [clothlogix] [           main] o.s.b.f.s.DefaultListableBeanFactory     : Returning cached instance of singleton bean 'autoConfigurationReport'
2024-05-17T15:11:52.552+02:00 TRACE 4684 --- [clothlogix] [           main] a.ConfigurationClassBeanDefinitionReader : Registering bean definition for @Bean method org.springframework.boot.autoconfigure.task.TaskExecutorConfigurations$SimpleAsyncTaskExecutorBuilderConfiguration.simpleAsyncTaskExecutorBuilder()
2024-05-17T15:11:52.552+02:00 TRACE 4684 --- [clothlogix] [           main] o.s.b.a.condition.OnBeanCondition        : Condition OnBeanCondition on org.springframework.boot.autoconfigure.task.TaskExecutorConfigurations$SimpleAsyncTaskExecutorBuilderConfiguration#simpleAsyncTaskExecutorBuilderVirtualThreads did not match due to @ConditionalOnMissingBean (types: org.springframework.boot.task.SimpleAsyncTaskExecutorBuilder; SearchStrategy: all) found beans of type 'org.springframework.boot.task.SimpleAsyncTaskExecutorBuilder' simpleAsyncTaskExecutorBuilder
2024-05-17T15:11:52.552+02:00 TRACE 4684 --- [clothlogix] [           main] o.s.b.f.s.DefaultListableBeanFactory     : Returning cached instance of singleton bean 'autoConfigurationReport'
2024-05-17T15:11:52.552+02:00 TRACE 4684 --- [clothlogix] [           main] o.s.b.a.condition.OnBeanCondition        : Condition OnBeanCondition on org.springframework.boot.autoconfigure.task.TaskExecutorConfigurations$TaskExecutorConfiguration matched due to @ConditionalOnMissingBean (types: java.util.concurrent.Executor; SearchStrategy: all) did not find any beans
2024-05-17T15:11:52.552+02:00 TRACE 4684 --- [clothlogix] [           main] o.s.b.f.s.DefaultListableBeanFactory     : Returning cached instance of singleton bean 'autoConfigurationReport'
2024-05-17T15:11:52.552+02:00 TRACE 4684 --- [clothlogix] [           main] a.ConfigurationClassBeanDefinitionReader : Registered bean definition for imported class 'org.springframework.boot.autoconfigure.task.TaskExecutorConfigurations$TaskExecutorConfiguration'
2024-05-17T15:11:52.552+02:00 TRACE 4684 --- [clothlogix] [           main] o.s.b.a.condition.OnThreadingCondition   : Condition OnThreadingCondition on org.springframework.boot.autoconfigure.task.TaskExecutorConfigurations$TaskExecutorConfiguration#applicationTaskExecutorVirtualThreads did not match due to @ConditionalOnThreading did not find VIRTUAL
2024-05-17T15:11:52.552+02:00 TRACE 4684 --- [clothlogix] [           main] o.s.b.f.s.DefaultListableBeanFactory     : Returning cached instance of singleton bean 'autoConfigurationReport'
2024-05-17T15:11:52.552+02:00 TRACE 4684 --- [clothlogix] [           main] o.s.b.a.condition.OnThreadingCondition   : Condition OnThreadingCondition on org.springframework.boot.autoconfigure.task.TaskExecutorConfigurations$TaskExecutorConfiguration#applicationTaskExecutor matched due to @ConditionalOnThreading found PLATFORM
2024-05-17T15:11:52.552+02:00 TRACE 4684 --- [clothlogix] [           main] o.s.b.f.s.DefaultListableBeanFactory     : Returning cached instance of singleton bean 'autoConfigurationReport'
2024-05-17T15:11:52.552+02:00 TRACE 4684 --- [clothlogix] [           main] o.s.b.f.s.DefaultListableBeanFactory     : Alias definition 'taskExecutor' registered for name 'applicationTaskExecutor'
2024-05-17T15:11:52.552+02:00 TRACE 4684 --- [clothlogix] [           main] a.ConfigurationClassBeanDefinitionReader : Registering bean definition for @Bean method org.springframework.boot.autoconfigure.task.TaskExecutorConfigurations$TaskExecutorConfiguration.applicationTaskExecutor()
2024-05-17T15:11:52.552+02:00 TRACE 4684 --- [clothlogix] [           main] a.ConfigurationClassBeanDefinitionReader : Registered bean definition for imported class 'org.springframework.boot.autoconfigure.task.TaskExecutionAutoConfiguration'
2024-05-17T15:11:52.552+02:00 TRACE 4684 --- [clothlogix] [           main] o.s.b.a.condition.OnClassCondition       : Condition OnClassCondition on org.springframework.boot.autoconfigure.validation.ValidationAutoConfiguration matched due to @ConditionalOnClass found required class 'jakarta.validation.executable.ExecutableValidator'
2024-05-17T15:11:52.552+02:00 TRACE 4684 --- [clothlogix] [           main] o.s.b.f.s.DefaultListableBeanFactory     : Returning cached instance of singleton bean 'autoConfigurationReport'
2024-05-17T15:11:52.552+02:00 TRACE 4684 --- [clothlogix] [           main] o.s.b.a.condition.OnResourceCondition    : Condition OnResourceCondition on org.springframework.boot.autoconfigure.validation.ValidationAutoConfiguration matched due to @ConditionalOnResource found location classpath:META-INF/services/jakarta.validation.spi.ValidationProvider
2024-05-17T15:11:52.552+02:00 TRACE 4684 --- [clothlogix] [           main] o.s.b.f.s.DefaultListableBeanFactory     : Returning cached instance of singleton bean 'autoConfigurationReport'
2024-05-17T15:11:52.552+02:00 TRACE 4684 --- [clothlogix] [           main] a.ConfigurationClassBeanDefinitionReader : Registered bean definition for imported class 'org.springframework.boot.autoconfigure.validation.ValidationAutoConfiguration'
2024-05-17T15:11:52.552+02:00 TRACE 4684 --- [clothlogix] [           main] o.s.b.a.condition.OnBeanCondition        : Condition OnBeanCondition on org.springframework.boot.autoconfigure.validation.ValidationAutoConfiguration#defaultValidator matched due to @ConditionalOnMissingBean (types: jakarta.validation.Validator; SearchStrategy: all) did not find any beans
2024-05-17T15:11:52.552+02:00 TRACE 4684 --- [clothlogix] [           main] o.s.b.f.s.DefaultListableBeanFactory     : Returning cached instance of singleton bean 'autoConfigurationReport'
2024-05-17T15:11:52.552+02:00 TRACE 4684 --- [clothlogix] [           main] a.ConfigurationClassBeanDefinitionReader : Registering bean definition for @Bean method org.springframework.boot.autoconfigure.validation.ValidationAutoConfiguration.defaultValidator()
2024-05-17T15:11:52.561+02:00 TRACE 4684 --- [clothlogix] [           main] o.s.b.a.condition.OnBeanCondition        : Condition OnBeanCondition on org.springframework.boot.autoconfigure.validation.ValidationAutoConfiguration#methodValidationPostProcessor matched due to @ConditionalOnMissingBean (types: org.springframework.validation.beanvalidation.MethodValidationPostProcessor; SearchStrategy: current) did not find any beans
2024-05-17T15:11:52.561+02:00 TRACE 4684 --- [clothlogix] [           main] o.s.b.f.s.DefaultListableBeanFactory     : Returning cached instance of singleton bean 'autoConfigurationReport'
2024-05-17T15:11:52.561+02:00 TRACE 4684 --- [clothlogix] [           main] a.ConfigurationClassBeanDefinitionReader : Registering bean definition for @Bean method org.springframework.boot.autoconfigure.validation.ValidationAutoConfiguration.methodValidationPostProcessor()
2024-05-17T15:11:52.562+02:00 TRACE 4684 --- [clothlogix] [           main] o.s.b.a.condition.OnClassCondition       : Condition OnClassCondition on org.springframework.boot.autoconfigure.web.servlet.error.ErrorMvcAutoConfiguration matched due to @ConditionalOnClass found required classes 'jakarta.servlet.Servlet', 'org.springframework.web.servlet.DispatcherServlet'
2024-05-17T15:11:52.562+02:00 TRACE 4684 --- [clothlogix] [           main] o.s.b.f.s.DefaultListableBeanFactory     : Returning cached instance of singleton bean 'autoConfigurationReport'
2024-05-17T15:11:52.562+02:00 TRACE 4684 --- [clothlogix] [           main] o.s.b.a.c.OnWebApplicationCondition      : Condition OnWebApplicationCondition on org.springframework.boot.autoconfigure.web.servlet.error.ErrorMvcAutoConfiguration matched due to found 'session' scope
2024-05-17T15:11:52.562+02:00 TRACE 4684 --- [clothlogix] [           main] o.s.b.f.s.DefaultListableBeanFactory     : Returning cached instance of singleton bean 'autoConfigurationReport'
2024-05-17T15:11:52.562+02:00 TRACE 4684 --- [clothlogix] [           main] o.s.b.a.condition.OnPropertyCondition    : Condition OnPropertyCondition on org.springframework.boot.autoconfigure.web.servlet.error.ErrorMvcAutoConfiguration$WhitelabelErrorViewConfiguration matched due to @ConditionalOnProperty (server.error.whitelabel.enabled) matched
2024-05-17T15:11:52.562+02:00 TRACE 4684 --- [clothlogix] [           main] o.s.b.f.s.DefaultListableBeanFactory     : Returning cached instance of singleton bean 'autoConfigurationReport'
2024-05-17T15:11:52.562+02:00 TRACE 4684 --- [clothlogix] [           main] o.s.c.io.support.SpringFactoriesLoader   : Loaded [org.springframework.boot.autoconfigure.template.TemplateAvailabilityProvider] names: [org.springframework.boot.autoconfigure.freemarker.FreeMarkerTemplateAvailabilityProvider, org.springframework.boot.autoconfigure.mustache.MustacheTemplateAvailabilityProvider, org.springframework.boot.autoconfigure.groovy.template.GroovyTemplateAvailabilityProvider, org.springframework.boot.autoconfigure.thymeleaf.ThymeleafTemplateAvailabilityProvider, org.springframework.boot.autoconfigure.web.servlet.JspTemplateAvailabilityProvider]
2024-05-17T15:11:52.562+02:00 TRACE 4684 --- [clothlogix] [           main] figuration$ErrorTemplateMissingCondition : Condition ErrorMvcAutoConfiguration.ErrorTemplateMissingCondition on org.springframework.boot.autoconfigure.web.servlet.error.ErrorMvcAutoConfiguration$WhitelabelErrorViewConfiguration matched due to ErrorTemplate Missing did not find error template view
2024-05-17T15:11:52.562+02:00 TRACE 4684 --- [clothlogix] [           main] o.s.b.f.s.DefaultListableBeanFactory     : Returning cached instance of singleton bean 'autoConfigurationReport'
2024-05-17T15:11:52.562+02:00 TRACE 4684 --- [clothlogix] [           main] a.ConfigurationClassBeanDefinitionReader : Registered bean definition for imported class 'org.springframework.boot.autoconfigure.web.servlet.error.ErrorMvcAutoConfiguration$WhitelabelErrorViewConfiguration'
2024-05-17T15:11:52.562+02:00 TRACE 4684 --- [clothlogix] [           main] o.s.b.a.condition.OnBeanCondition        : Condition OnBeanCondition on org.springframework.boot.autoconfigure.web.servlet.error.ErrorMvcAutoConfiguration$WhitelabelErrorViewConfiguration#defaultErrorView matched due to @ConditionalOnMissingBean (names: error; SearchStrategy: all) did not find any beans
2024-05-17T15:11:52.562+02:00 TRACE 4684 --- [clothlogix] [           main] o.s.b.f.s.DefaultListableBeanFactory     : Returning cached instance of singleton bean 'autoConfigurationReport'
2024-05-17T15:11:52.562+02:00 TRACE 4684 --- [clothlogix] [           main] a.ConfigurationClassBeanDefinitionReader : Registering bean definition for @Bean method org.springframework.boot.autoconfigure.web.servlet.error.ErrorMvcAutoConfiguration$WhitelabelErrorViewConfiguration.error()
2024-05-17T15:11:52.562+02:00 TRACE 4684 --- [clothlogix] [           main] o.s.b.a.condition.OnBeanCondition        : Condition OnBeanCondition on org.springframework.boot.autoconfigure.web.servlet.error.ErrorMvcAutoConfiguration$WhitelabelErrorViewConfiguration#beanNameViewResolver matched due to @ConditionalOnMissingBean (types: org.springframework.web.servlet.view.BeanNameViewResolver; SearchStrategy: all) did not find any beans
2024-05-17T15:11:52.562+02:00 TRACE 4684 --- [clothlogix] [           main] o.s.b.f.s.DefaultListableBeanFactory     : Returning cached instance of singleton bean 'autoConfigurationReport'
2024-05-17T15:11:52.562+02:00 TRACE 4684 --- [clothlogix] [           main] a.ConfigurationClassBeanDefinitionReader : Registering bean definition for @Bean method org.springframework.boot.autoconfigure.web.servlet.error.ErrorMvcAutoConfiguration$WhitelabelErrorViewConfiguration.beanNameViewResolver()
2024-05-17T15:11:52.562+02:00 TRACE 4684 --- [clothlogix] [           main] a.ConfigurationClassBeanDefinitionReader : Registered bean definition for imported class 'org.springframework.boot.autoconfigure.web.servlet.error.ErrorMvcAutoConfiguration$DefaultErrorViewResolverConfiguration'
2024-05-17T15:11:52.562+02:00 TRACE 4684 --- [clothlogix] [           main] o.s.b.a.condition.OnBeanCondition        : Condition OnBeanCondition on org.springframework.boot.autoconfigure.web.servlet.error.ErrorMvcAutoConfiguration$DefaultErrorViewResolverConfiguration#conventionErrorViewResolver matched due to @ConditionalOnBean (types: org.springframework.web.servlet.DispatcherServlet; SearchStrategy: all) found bean 'dispatcherServlet'; @ConditionalOnMissingBean (types: org.springframework.boot.autoconfigure.web.servlet.error.ErrorViewResolver; SearchStrategy: all) did not find any beans
2024-05-17T15:11:52.562+02:00 TRACE 4684 --- [clothlogix] [           main] o.s.b.f.s.DefaultListableBeanFactory     : Returning cached instance of singleton bean 'autoConfigurationReport'
2024-05-17T15:11:52.562+02:00 TRACE 4684 --- [clothlogix] [           main] o.s.b.a.condition.OnBeanCondition        : Condition OnBeanCondition on org.springframework.boot.autoconfigure.web.servlet.error.ErrorMvcAutoConfiguration$DefaultErrorViewResolverConfiguration#conventionErrorViewResolver matched due to @ConditionalOnBean (types: org.springframework.web.servlet.DispatcherServlet; SearchStrategy: all) found bean 'dispatcherServlet'; @ConditionalOnMissingBean (types: org.springframework.boot.autoconfigure.web.servlet.error.ErrorViewResolver; SearchStrategy: all) did not find any beans
2024-05-17T15:11:52.562+02:00 TRACE 4684 --- [clothlogix] [           main] o.s.b.f.s.DefaultListableBeanFactory     : Returning cached instance of singleton bean 'autoConfigurationReport'
2024-05-17T15:11:52.562+02:00 TRACE 4684 --- [clothlogix] [           main] a.ConfigurationClassBeanDefinitionReader : Registering bean definition for @Bean method org.springframework.boot.autoconfigure.web.servlet.error.ErrorMvcAutoConfiguration$DefaultErrorViewResolverConfiguration.conventionErrorViewResolver()
2024-05-17T15:11:52.562+02:00 TRACE 4684 --- [clothlogix] [           main] a.ConfigurationClassBeanDefinitionReader : Registered bean definition for imported class 'org.springframework.boot.autoconfigure.web.servlet.error.ErrorMvcAutoConfiguration'
2024-05-17T15:11:52.562+02:00 TRACE 4684 --- [clothlogix] [           main] o.s.b.a.condition.OnBeanCondition        : Condition OnBeanCondition on org.springframework.boot.autoconfigure.web.servlet.error.ErrorMvcAutoConfiguration#errorAttributes matched due to @ConditionalOnMissingBean (types: org.springframework.boot.web.servlet.error.ErrorAttributes; SearchStrategy: current) did not find any beans
2024-05-17T15:11:52.562+02:00 TRACE 4684 --- [clothlogix] [           main] o.s.b.f.s.DefaultListableBeanFactory     : Returning cached instance of singleton bean 'autoConfigurationReport'
2024-05-17T15:11:52.562+02:00 TRACE 4684 --- [clothlogix] [           main] a.ConfigurationClassBeanDefinitionReader : Registering bean definition for @Bean method org.springframework.boot.autoconfigure.web.servlet.error.ErrorMvcAutoConfiguration.errorAttributes()
2024-05-17T15:11:52.562+02:00 TRACE 4684 --- [clothlogix] [           main] o.s.b.a.condition.OnBeanCondition        : Condition OnBeanCondition on org.springframework.boot.autoconfigure.web.servlet.error.ErrorMvcAutoConfiguration#basicErrorController matched due to @ConditionalOnMissingBean (types: org.springframework.boot.web.servlet.error.ErrorController; SearchStrategy: current) did not find any beans
2024-05-17T15:11:52.562+02:00 TRACE 4684 --- [clothlogix] [           main] o.s.b.f.s.DefaultListableBeanFactory     : Returning cached instance of singleton bean 'autoConfigurationReport'
2024-05-17T15:11:52.562+02:00 TRACE 4684 --- [clothlogix] [           main] a.ConfigurationClassBeanDefinitionReader : Registering bean definition for @Bean method org.springframework.boot.autoconfigure.web.servlet.error.ErrorMvcAutoConfiguration.basicErrorController()
2024-05-17T15:11:52.562+02:00 TRACE 4684 --- [clothlogix] [           main] a.ConfigurationClassBeanDefinitionReader : Registering bean definition for @Bean method org.springframework.boot.autoconfigure.web.servlet.error.ErrorMvcAutoConfiguration.errorPageCustomizer()
2024-05-17T15:11:52.572+02:00 TRACE 4684 --- [clothlogix] [           main] a.ConfigurationClassBeanDefinitionReader : Registering bean definition for @Bean method org.springframework.boot.autoconfigure.web.servlet.error.ErrorMvcAutoConfiguration.preserveErrorControllerTargetClassPostProcessor()
2024-05-17T15:11:52.572+02:00 TRACE 4684 --- [clothlogix] [           main] o.s.b.a.condition.OnClassCondition       : Condition OnClassCondition on org.springframework.boot.autoconfigure.web.servlet.WebMvcAutoConfiguration matched due to @ConditionalOnClass found required classes 'jakarta.servlet.Servlet', 'org.springframework.web.servlet.DispatcherServlet', 'org.springframework.web.servlet.config.annotation.WebMvcConfigurer'
2024-05-17T15:11:52.572+02:00 TRACE 4684 --- [clothlogix] [           main] o.s.b.f.s.DefaultListableBeanFactory     : Returning cached instance of singleton bean 'autoConfigurationReport'
2024-05-17T15:11:52.572+02:00 TRACE 4684 --- [clothlogix] [           main] o.s.b.a.c.OnWebApplicationCondition      : Condition OnWebApplicationCondition on org.springframework.boot.autoconfigure.web.servlet.WebMvcAutoConfiguration matched due to found 'session' scope
2024-05-17T15:11:52.572+02:00 TRACE 4684 --- [clothlogix] [           main] o.s.b.f.s.DefaultListableBeanFactory     : Returning cached instance of singleton bean 'autoConfigurationReport'
2024-05-17T15:11:52.572+02:00 TRACE 4684 --- [clothlogix] [           main] o.s.b.a.condition.OnBeanCondition        : Condition OnBeanCondition on org.springframework.boot.autoconfigure.web.servlet.WebMvcAutoConfiguration matched due to @ConditionalOnMissingBean (types: org.springframework.web.servlet.config.annotation.WebMvcConfigurationSupport; SearchStrategy: all) did not find any beans
2024-05-17T15:11:52.572+02:00 TRACE 4684 --- [clothlogix] [           main] o.s.b.f.s.DefaultListableBeanFactory     : Returning cached instance of singleton bean 'autoConfigurationReport'
2024-05-17T15:11:52.572+02:00 TRACE 4684 --- [clothlogix] [           main] a.ConfigurationClassBeanDefinitionReader : Registered bean definition for imported class 'org.springframework.boot.autoconfigure.web.servlet.WebMvcAutoConfiguration$EnableWebMvcConfiguration'
2024-05-17T15:11:52.572+02:00 TRACE 4684 --- [clothlogix] [           main] a.ConfigurationClassBeanDefinitionReader : Registering bean definition for @Bean method org.springframework.boot.autoconfigure.web.servlet.WebMvcAutoConfiguration$EnableWebMvcConfiguration.welcomePageHandlerMapping()
2024-05-17T15:11:52.572+02:00 TRACE 4684 --- [clothlogix] [           main] a.ConfigurationClassBeanDefinitionReader : Registering bean definition for @Bean method org.springframework.boot.autoconfigure.web.servlet.WebMvcAutoConfiguration$EnableWebMvcConfiguration.welcomePageNotAcceptableHandlerMapping()
2024-05-17T15:11:52.572+02:00 TRACE 4684 --- [clothlogix] [           main] o.s.b.a.condition.OnBeanCondition        : Condition OnBeanCondition on org.springframework.boot.autoconfigure.web.servlet.WebMvcAutoConfiguration$EnableWebMvcConfiguration#localeResolver matched due to @ConditionalOnMissingBean (names: localeResolver; SearchStrategy: all) did not find any beans
2024-05-17T15:11:52.572+02:00 TRACE 4684 --- [clothlogix] [           main] o.s.b.f.s.DefaultListableBeanFactory     : Returning cached instance of singleton bean 'autoConfigurationReport'
2024-05-17T15:11:52.572+02:00 TRACE 4684 --- [clothlogix] [           main] a.ConfigurationClassBeanDefinitionReader : Registering bean definition for @Bean method org.springframework.boot.autoconfigure.web.servlet.WebMvcAutoConfiguration$EnableWebMvcConfiguration.localeResolver()
2024-05-17T15:11:52.572+02:00 TRACE 4684 --- [clothlogix] [           main] o.s.b.a.condition.OnBeanCondition        : Condition OnBeanCondition on org.springframework.boot.autoconfigure.web.servlet.WebMvcAutoConfiguration$EnableWebMvcConfiguration#themeResolver matched due to @ConditionalOnMissingBean (names: themeResolver; SearchStrategy: all) did not find any beans
2024-05-17T15:11:52.572+02:00 TRACE 4684 --- [clothlogix] [           main] o.s.b.f.s.DefaultListableBeanFactory     : Returning cached instance of singleton bean 'autoConfigurationReport'
2024-05-17T15:11:52.572+02:00 TRACE 4684 --- [clothlogix] [           main] a.ConfigurationClassBeanDefinitionReader : Registering bean definition for @Bean method org.springframework.boot.autoconfigure.web.servlet.WebMvcAutoConfiguration$EnableWebMvcConfiguration.themeResolver()
2024-05-17T15:11:52.572+02:00 TRACE 4684 --- [clothlogix] [           main] o.s.b.a.condition.OnBeanCondition        : Condition OnBeanCondition on org.springframework.boot.autoconfigure.web.servlet.WebMvcAutoConfiguration$EnableWebMvcConfiguration#flashMapManager matched due to @ConditionalOnMissingBean (names: flashMapManager; SearchStrategy: all) did not find any beans
2024-05-17T15:11:52.572+02:00 TRACE 4684 --- [clothlogix] [           main] o.s.b.f.s.DefaultListableBeanFactory     : Returning cached instance of singleton bean 'autoConfigurationReport'
2024-05-17T15:11:52.572+02:00 TRACE 4684 --- [clothlogix] [           main] a.ConfigurationClassBeanDefinitionReader : Registering bean definition for @Bean method org.springframework.boot.autoconfigure.web.servlet.WebMvcAutoConfiguration$EnableWebMvcConfiguration.flashMapManager()
2024-05-17T15:11:52.572+02:00 TRACE 4684 --- [clothlogix] [           main] a.ConfigurationClassBeanDefinitionReader : Registering bean definition for @Bean method org.springframework.boot.autoconfigure.web.servlet.WebMvcAutoConfiguration$EnableWebMvcConfiguration.mvcConversionService()
2024-05-17T15:11:52.572+02:00 TRACE 4684 --- [clothlogix] [           main] a.ConfigurationClassBeanDefinitionReader : Registering bean definition for @Bean method org.springframework.boot.autoconfigure.web.servlet.WebMvcAutoConfiguration$EnableWebMvcConfiguration.mvcValidator()
2024-05-17T15:11:52.572+02:00 TRACE 4684 --- [clothlogix] [           main] a.ConfigurationClassBeanDefinitionReader : Registering bean definition for @Bean method org.springframework.boot.autoconfigure.web.servlet.WebMvcAutoConfiguration$EnableWebMvcConfiguration.mvcContentNegotiationManager()
2024-05-17T15:11:52.572+02:00 TRACE 4684 --- [clothlogix] [           main] a.ConfigurationClassBeanDefinitionReader : Registering bean definition for @Bean method org.springframework.boot.autoconfigure.web.servlet.WebMvcAutoConfiguration$EnableWebMvcConfiguration.requestMappingHandlerMapping()
2024-05-17T15:11:52.572+02:00 TRACE 4684 --- [clothlogix] [           main] a.ConfigurationClassBeanDefinitionReader : Registering bean definition for @Bean method org.springframework.boot.autoconfigure.web.servlet.WebMvcAutoConfiguration$EnableWebMvcConfiguration.mvcPatternParser()
2024-05-17T15:11:52.572+02:00 TRACE 4684 --- [clothlogix] [           main] a.ConfigurationClassBeanDefinitionReader : Registering bean definition for @Bean method org.springframework.boot.autoconfigure.web.servlet.WebMvcAutoConfiguration$EnableWebMvcConfiguration.mvcUrlPathHelper()
2024-05-17T15:11:52.572+02:00 TRACE 4684 --- [clothlogix] [           main] a.ConfigurationClassBeanDefinitionReader : Registering bean definition for @Bean method org.springframework.boot.autoconfigure.web.servlet.WebMvcAutoConfiguration$EnableWebMvcConfiguration.mvcPathMatcher()
2024-05-17T15:11:52.572+02:00 TRACE 4684 --- [clothlogix] [           main] a.ConfigurationClassBeanDefinitionReader : Registering bean definition for @Bean method org.springframework.boot.autoconfigure.web.servlet.WebMvcAutoConfiguration$EnableWebMvcConfiguration.viewControllerHandlerMapping()
2024-05-17T15:11:52.572+02:00 TRACE 4684 --- [clothlogix] [           main] a.ConfigurationClassBeanDefinitionReader : Registering bean definition for @Bean method org.springframework.boot.autoconfigure.web.servlet.WebMvcAutoConfiguration$EnableWebMvcConfiguration.beanNameHandlerMapping()
2024-05-17T15:11:52.572+02:00 TRACE 4684 --- [clothlogix] [           main] a.ConfigurationClassBeanDefinitionReader : Registering bean definition for @Bean method org.springframework.boot.autoconfigure.web.servlet.WebMvcAutoConfiguration$EnableWebMvcConfiguration.routerFunctionMapping()
2024-05-17T15:11:52.572+02:00 TRACE 4684 --- [clothlogix] [           main] a.ConfigurationClassBeanDefinitionReader : Registering bean definition for @Bean method org.springframework.boot.autoconfigure.web.servlet.WebMvcAutoConfiguration$EnableWebMvcConfiguration.resourceHandlerMapping()
2024-05-17T15:11:52.572+02:00 TRACE 4684 --- [clothlogix] [           main] a.ConfigurationClassBeanDefinitionReader : Registering bean definition for @Bean method org.springframework.boot.autoconfigure.web.servlet.WebMvcAutoConfiguration$EnableWebMvcConfiguration.mvcResourceUrlProvider()
2024-05-17T15:11:52.572+02:00 TRACE 4684 --- [clothlogix] [           main] a.ConfigurationClassBeanDefinitionReader : Registering bean definition for @Bean method org.springframework.boot.autoconfigure.web.servlet.WebMvcAutoConfiguration$EnableWebMvcConfiguration.defaultServletHandlerMapping()
2024-05-17T15:11:52.577+02:00 TRACE 4684 --- [clothlogix] [           main] a.ConfigurationClassBeanDefinitionReader : Registering bean definition for @Bean method org.springframework.boot.autoconfigure.web.servlet.WebMvcAutoConfiguration$EnableWebMvcConfiguration.requestMappingHandlerAdapter()
2024-05-17T15:11:52.577+02:00 TRACE 4684 --- [clothlogix] [           main] a.ConfigurationClassBeanDefinitionReader : Registering bean definition for @Bean method org.springframework.boot.autoconfigure.web.servlet.WebMvcAutoConfiguration$EnableWebMvcConfiguration.handlerFunctionAdapter()
2024-05-17T15:11:52.577+02:00 TRACE 4684 --- [clothlogix] [           main] a.ConfigurationClassBeanDefinitionReader : Registering bean definition for @Bean method org.springframework.boot.autoconfigure.web.servlet.WebMvcAutoConfiguration$EnableWebMvcConfiguration.mvcUriComponentsContributor()
2024-05-17T15:11:52.577+02:00 TRACE 4684 --- [clothlogix] [           main] a.ConfigurationClassBeanDefinitionReader : Registering bean definition for @Bean method org.springframework.boot.autoconfigure.web.servlet.WebMvcAutoConfiguration$EnableWebMvcConfiguration.httpRequestHandlerAdapter()
2024-05-17T15:11:52.577+02:00 TRACE 4684 --- [clothlogix] [           main] a.ConfigurationClassBeanDefinitionReader : Registering bean definition for @Bean method org.springframework.boot.autoconfigure.web.servlet.WebMvcAutoConfiguration$EnableWebMvcConfiguration.simpleControllerHandlerAdapter()
2024-05-17T15:11:52.577+02:00 TRACE 4684 --- [clothlogix] [           main] a.ConfigurationClassBeanDefinitionReader : Registering bean definition for @Bean method org.springframework.boot.autoconfigure.web.servlet.WebMvcAutoConfiguration$EnableWebMvcConfiguration.handlerExceptionResolver()
2024-05-17T15:11:52.577+02:00 TRACE 4684 --- [clothlogix] [           main] a.ConfigurationClassBeanDefinitionReader : Registering bean definition for @Bean method org.springframework.boot.autoconfigure.web.servlet.WebMvcAutoConfiguration$EnableWebMvcConfiguration.mvcViewResolver()
2024-05-17T15:11:52.577+02:00 TRACE 4684 --- [clothlogix] [           main] a.ConfigurationClassBeanDefinitionReader : Registering bean definition for @Bean method org.springframework.boot.autoconfigure.web.servlet.WebMvcAutoConfiguration$EnableWebMvcConfiguration.mvcHandlerMappingIntrospector()
2024-05-17T15:11:52.577+02:00 TRACE 4684 --- [clothlogix] [           main] a.ConfigurationClassBeanDefinitionReader : Registering bean definition for @Bean method org.springframework.boot.autoconfigure.web.servlet.WebMvcAutoConfiguration$EnableWebMvcConfiguration.viewNameTranslator()
2024-05-17T15:11:52.577+02:00 TRACE 4684 --- [clothlogix] [           main] a.ConfigurationClassBeanDefinitionReader : Registered bean definition for imported class 'org.springframework.boot.autoconfigure.web.servlet.WebMvcAutoConfiguration$WebMvcAutoConfigurationAdapter'
2024-05-17T15:11:52.602+02:00 TRACE 4684 --- [clothlogix] [           main] o.s.b.a.condition.OnBeanCondition        : Condition OnBeanCondition on org.springframework.boot.autoconfigure.web.servlet.WebMvcAutoConfiguration$WebMvcAutoConfigurationAdapter#defaultViewResolver matched due to @ConditionalOnMissingBean (types: org.springframework.web.servlet.view.InternalResourceViewResolver; SearchStrategy: all) did not find any beans
2024-05-17T15:11:52.602+02:00 TRACE 4684 --- [clothlogix] [           main] o.s.b.f.s.DefaultListableBeanFactory     : Returning cached instance of singleton bean 'autoConfigurationReport'
2024-05-17T15:11:52.602+02:00 TRACE 4684 --- [clothlogix] [           main] a.ConfigurationClassBeanDefinitionReader : Registering bean definition for @Bean method org.springframework.boot.autoconfigure.web.servlet.WebMvcAutoConfiguration$WebMvcAutoConfigurationAdapter.defaultViewResolver()
2024-05-17T15:11:52.602+02:00 TRACE 4684 --- [clothlogix] [           main] o.s.b.a.condition.OnBeanCondition        : Condition OnBeanCondition on org.springframework.boot.autoconfigure.web.servlet.WebMvcAutoConfiguration$WebMvcAutoConfigurationAdapter#beanNameViewResolver did not match due to @ConditionalOnMissingBean (types: org.springframework.web.servlet.view.BeanNameViewResolver; SearchStrategy: all) found beans of type 'org.springframework.web.servlet.view.BeanNameViewResolver' beanNameViewResolver
2024-05-17T15:11:52.602+02:00 TRACE 4684 --- [clothlogix] [           main] o.s.b.f.s.DefaultListableBeanFactory     : Returning cached instance of singleton bean 'autoConfigurationReport'
2024-05-17T15:11:52.609+02:00 TRACE 4684 --- [clothlogix] [           main] o.s.b.a.condition.OnBeanCondition        : Condition OnBeanCondition on org.springframework.boot.autoconfigure.web.servlet.WebMvcAutoConfiguration$WebMvcAutoConfigurationAdapter#viewResolver matched due to @ConditionalOnBean (types: org.springframework.web.servlet.ViewResolver; SearchStrategy: all) found beans 'defaultViewResolver', 'beanNameViewResolver', 'mvcViewResolver'; @ConditionalOnMissingBean (names: viewResolver types: org.springframework.web.servlet.view.ContentNegotiatingViewResolver; SearchStrategy: all) did not find any beans
2024-05-17T15:11:52.609+02:00 TRACE 4684 --- [clothlogix] [           main] o.s.b.f.s.DefaultListableBeanFactory     : Returning cached instance of singleton bean 'autoConfigurationReport'
2024-05-17T15:11:52.609+02:00 TRACE 4684 --- [clothlogix] [           main] o.s.b.a.condition.OnBeanCondition        : Condition OnBeanCondition on org.springframework.boot.autoconfigure.web.servlet.WebMvcAutoConfiguration$WebMvcAutoConfigurationAdapter#viewResolver matched due to @ConditionalOnBean (types: org.springframework.web.servlet.ViewResolver; SearchStrategy: all) found beans 'defaultViewResolver', 'beanNameViewResolver', 'mvcViewResolver'; @ConditionalOnMissingBean (names: viewResolver types: org.springframework.web.servlet.view.ContentNegotiatingViewResolver; SearchStrategy: all) did not find any beans
2024-05-17T15:11:52.609+02:00 TRACE 4684 --- [clothlogix] [           main] o.s.b.f.s.DefaultListableBeanFactory     : Returning cached instance of singleton bean 'autoConfigurationReport'
2024-05-17T15:11:52.609+02:00 TRACE 4684 --- [clothlogix] [           main] a.ConfigurationClassBeanDefinitionReader : Registering bean definition for @Bean method org.springframework.boot.autoconfigure.web.servlet.WebMvcAutoConfiguration$WebMvcAutoConfigurationAdapter.viewResolver()
2024-05-17T15:11:52.612+02:00 TRACE 4684 --- [clothlogix] [           main] o.s.b.a.condition.OnBeanCondition        : Condition OnBeanCondition on org.springframework.boot.autoconfigure.web.servlet.WebMvcAutoConfiguration$WebMvcAutoConfigurationAdapter#requestContextFilter matched due to @ConditionalOnMissingBean (types: org.springframework.web.context.request.RequestContextListener,org.springframework.web.filter.RequestContextFilter; SearchStrategy: all) did not find any beans
2024-05-17T15:11:52.612+02:00 TRACE 4684 --- [clothlogix] [           main] o.s.b.f.s.DefaultListableBeanFactory     : Returning cached instance of singleton bean 'autoConfigurationReport'
2024-05-17T15:11:52.612+02:00 TRACE 4684 --- [clothlogix] [           main] o.s.b.a.condition.OnBeanCondition        : Condition OnBeanCondition on org.springframework.boot.autoconfigure.web.servlet.WebMvcAutoConfiguration$WebMvcAutoConfigurationAdapter#requestContextFilter matched due to @ConditionalOnMissingBean (types: org.springframework.web.context.request.RequestContextListener,org.springframework.web.filter.RequestContextFilter; SearchStrategy: all) did not find any beans
2024-05-17T15:11:52.612+02:00 TRACE 4684 --- [clothlogix] [           main] o.s.b.f.s.DefaultListableBeanFactory     : Returning cached instance of singleton bean 'autoConfigurationReport'
2024-05-17T15:11:52.612+02:00 TRACE 4684 --- [clothlogix] [           main] a.ConfigurationClassBeanDefinitionReader : Registering bean definition for @Bean method org.springframework.boot.autoconfigure.web.servlet.WebMvcAutoConfiguration$WebMvcAutoConfigurationAdapter.requestContextFilter()
2024-05-17T15:11:52.612+02:00 TRACE 4684 --- [clothlogix] [           main] a.ConfigurationClassBeanDefinitionReader : Registered bean definition for imported class 'org.springframework.boot.autoconfigure.web.servlet.WebMvcAutoConfiguration'
2024-05-17T15:11:52.612+02:00 TRACE 4684 --- [clothlogix] [           main] o.s.b.a.condition.OnPropertyCondition    : Condition OnPropertyCondition on org.springframework.boot.autoconfigure.web.servlet.WebMvcAutoConfiguration#hiddenHttpMethodFilter did not match due to @ConditionalOnProperty (spring.mvc.hiddenmethod.filter.enabled) did not find property 'enabled'
2024-05-17T15:11:52.612+02:00 TRACE 4684 --- [clothlogix] [           main] o.s.b.f.s.DefaultListableBeanFactory     : Returning cached instance of singleton bean 'autoConfigurationReport'
2024-05-17T15:11:52.612+02:00 TRACE 4684 --- [clothlogix] [           main] o.s.b.a.condition.OnPropertyCondition    : Condition OnPropertyCondition on org.springframework.boot.autoconfigure.web.servlet.WebMvcAutoConfiguration#formContentFilter matched due to @ConditionalOnProperty (spring.mvc.formcontent.filter.enabled) matched
2024-05-17T15:11:52.612+02:00 TRACE 4684 --- [clothlogix] [           main] o.s.b.f.s.DefaultListableBeanFactory     : Returning cached instance of singleton bean 'autoConfigurationReport'
2024-05-17T15:11:52.622+02:00 TRACE 4684 --- [clothlogix] [           main] o.s.b.a.condition.OnBeanCondition        : Condition OnBeanCondition on org.springframework.boot.autoconfigure.web.servlet.WebMvcAutoConfiguration#formContentFilter matched due to @ConditionalOnMissingBean (types: org.springframework.web.filter.FormContentFilter; SearchStrategy: all) did not find any beans
2024-05-17T15:11:52.622+02:00 TRACE 4684 --- [clothlogix] [           main] o.s.b.f.s.DefaultListableBeanFactory     : Returning cached instance of singleton bean 'autoConfigurationReport'
2024-05-17T15:11:52.622+02:00 TRACE 4684 --- [clothlogix] [           main] a.ConfigurationClassBeanDefinitionReader : Registering bean definition for @Bean method org.springframework.boot.autoconfigure.web.servlet.WebMvcAutoConfiguration.formContentFilter()
2024-05-17T15:11:52.622+02:00 TRACE 4684 --- [clothlogix] [           main] o.s.b.a.condition.OnPropertyCondition    : Condition OnPropertyCondition on org.springframework.boot.autoconfigure.aop.AopAutoConfiguration matched due to @ConditionalOnProperty (spring.aop.auto=true) matched
2024-05-17T15:11:52.622+02:00 TRACE 4684 --- [clothlogix] [           main] o.s.b.f.s.DefaultListableBeanFactory     : Returning cached instance of singleton bean 'autoConfigurationReport'
2024-05-17T15:11:52.622+02:00 TRACE 4684 --- [clothlogix] [           main] o.s.b.a.condition.OnClassCondition       : Condition OnClassCondition on org.springframework.boot.autoconfigure.aop.AopAutoConfiguration$AspectJAutoProxyingConfiguration matched due to @ConditionalOnClass found required class 'org.aspectj.weaver.Advice'
2024-05-17T15:11:52.622+02:00 TRACE 4684 --- [clothlogix] [           main] o.s.b.f.s.DefaultListableBeanFactory     : Returning cached instance of singleton bean 'autoConfigurationReport'
2024-05-17T15:11:52.622+02:00 TRACE 4684 --- [clothlogix] [           main] o.s.b.a.condition.OnPropertyCondition    : Condition OnPropertyCondition on org.springframework.boot.autoconfigure.aop.AopAutoConfiguration$AspectJAutoProxyingConfiguration$CglibAutoProxyConfiguration matched due to @ConditionalOnProperty (spring.aop.proxy-target-class=true) matched
2024-05-17T15:11:52.622+02:00 TRACE 4684 --- [clothlogix] [           main] o.s.b.f.s.DefaultListableBeanFactory     : Returning cached instance of singleton bean 'autoConfigurationReport'
2024-05-17T15:11:52.622+02:00 TRACE 4684 --- [clothlogix] [           main] a.ConfigurationClassBeanDefinitionReader : Registered bean definition for imported class 'org.springframework.boot.autoconfigure.aop.AopAutoConfiguration$AspectJAutoProxyingConfiguration$CglibAutoProxyConfiguration'
2024-05-17T15:11:52.622+02:00 TRACE 4684 --- [clothlogix] [           main] a.ConfigurationClassBeanDefinitionReader : Registered bean definition for imported class 'org.springframework.boot.autoconfigure.aop.AopAutoConfiguration$AspectJAutoProxyingConfiguration'
2024-05-17T15:11:52.622+02:00 TRACE 4684 --- [clothlogix] [           main] a.ConfigurationClassBeanDefinitionReader : Registered bean definition for imported class 'org.springframework.boot.autoconfigure.aop.AopAutoConfiguration'
2024-05-17T15:11:52.624+02:00 TRACE 4684 --- [clothlogix] [           main] a.ConfigurationClassBeanDefinitionReader : Registered bean definition for imported class 'org.springframework.boot.autoconfigure.availability.ApplicationAvailabilityAutoConfiguration'
2024-05-17T15:11:52.624+02:00 TRACE 4684 --- [clothlogix] [           main] o.s.b.a.condition.OnBeanCondition        : Condition OnBeanCondition on org.springframework.boot.autoconfigure.availability.ApplicationAvailabilityAutoConfiguration#applicationAvailability matched due to @ConditionalOnMissingBean (types: org.springframework.boot.availability.ApplicationAvailability; SearchStrategy: all) did not find any beans
2024-05-17T15:11:52.624+02:00 TRACE 4684 --- [clothlogix] [           main] o.s.b.f.s.DefaultListableBeanFactory     : Returning cached instance of singleton bean 'autoConfigurationReport'
2024-05-17T15:11:52.624+02:00 TRACE 4684 --- [clothlogix] [           main] a.ConfigurationClassBeanDefinitionReader : Registering bean definition for @Bean method org.springframework.boot.autoconfigure.availability.ApplicationAvailabilityAutoConfiguration.applicationAvailability()
2024-05-17T15:11:52.624+02:00 TRACE 4684 --- [clothlogix] [           main] o.s.b.a.condition.OnClassCondition       : Condition OnClassCondition on org.springframework.boot.autoconfigure.transaction.jta.JtaAutoConfiguration matched due to @ConditionalOnClass found required class 'jakarta.transaction.Transaction'
2024-05-17T15:11:52.624+02:00 TRACE 4684 --- [clothlogix] [           main] o.s.b.f.s.DefaultListableBeanFactory     : Returning cached instance of singleton bean 'autoConfigurationReport'
2024-05-17T15:11:52.624+02:00 TRACE 4684 --- [clothlogix] [           main] o.s.b.a.condition.OnPropertyCondition    : Condition OnPropertyCondition on org.springframework.boot.autoconfigure.transaction.jta.JtaAutoConfiguration matched due to @ConditionalOnProperty (spring.jta.enabled) matched
2024-05-17T15:11:52.624+02:00 TRACE 4684 --- [clothlogix] [           main] o.s.b.f.s.DefaultListableBeanFactory     : Returning cached instance of singleton bean 'autoConfigurationReport'
2024-05-17T15:11:52.624+02:00 TRACE 4684 --- [clothlogix] [           main] a.ConfigurationClassBeanDefinitionReader : Registered bean definition for imported class 'org.springframework.boot.autoconfigure.transaction.jta.JtaAutoConfiguration'
2024-05-17T15:11:52.624+02:00 TRACE 4684 --- [clothlogix] [           main] o.s.b.a.condition.OnClassCondition       : Condition OnClassCondition on org.springframework.boot.autoconfigure.jdbc.XADataSourceAutoConfiguration matched due to @ConditionalOnClass found required classes 'javax.sql.DataSource', 'jakarta.transaction.TransactionManager', 'org.springframework.jdbc.datasource.embedded.EmbeddedDatabaseType'
2024-05-17T15:11:52.624+02:00 TRACE 4684 --- [clothlogix] [           main] o.s.b.f.s.DefaultListableBeanFactory     : Returning cached instance of singleton bean 'autoConfigurationReport'
2024-05-17T15:11:52.632+02:00 TRACE 4684 --- [clothlogix] [           main] o.s.b.a.condition.OnBeanCondition        : Condition OnBeanCondition on org.springframework.boot.autoconfigure.jdbc.XADataSourceAutoConfiguration did not match due to @ConditionalOnBean (types: org.springframework.boot.jdbc.XADataSourceWrapper; SearchStrategy: all) did not find any beans of type org.springframework.boot.jdbc.XADataSourceWrapper
2024-05-17T15:11:52.632+02:00 TRACE 4684 --- [clothlogix] [           main] o.s.b.f.s.DefaultListableBeanFactory     : Returning cached instance of singleton bean 'autoConfigurationReport'
2024-05-17T15:11:52.632+02:00 TRACE 4684 --- [clothlogix] [           main] o.s.b.a.condition.OnClassCondition       : Condition OnClassCondition on org.springframework.boot.autoconfigure.jdbc.DataSourceAutoConfiguration matched due to @ConditionalOnClass found required classes 'javax.sql.DataSource', 'org.springframework.jdbc.datasource.embedded.EmbeddedDatabaseType'
2024-05-17T15:11:52.632+02:00 TRACE 4684 --- [clothlogix] [           main] o.s.b.f.s.DefaultListableBeanFactory     : Returning cached instance of singleton bean 'autoConfigurationReport'
2024-05-17T15:11:52.632+02:00 TRACE 4684 --- [clothlogix] [           main] o.s.b.a.condition.OnBeanCondition        : Condition OnBeanCondition on org.springframework.boot.autoconfigure.jdbc.DataSourceAutoConfiguration matched due to @ConditionalOnMissingBean (types: io.r2dbc.spi.ConnectionFactory; SearchStrategy: all) did not find any beans
2024-05-17T15:11:52.632+02:00 TRACE 4684 --- [clothlogix] [           main] o.s.b.f.s.DefaultListableBeanFactory     : Returning cached instance of singleton bean 'autoConfigurationReport'
2024-05-17T15:11:52.632+02:00 TRACE 4684 --- [clothlogix] [           main] o.s.b.a.condition.OnBeanCondition        : Condition OnBeanCondition on org.springframework.boot.autoconfigure.jdbc.DataSourceAutoConfiguration$PooledDataSourceConfiguration did not match due to @ConditionalOnMissingBean (types: javax.sql.DataSource,javax.sql.XADataSource; SearchStrategy: all) found beans of type 'javax.sql.DataSource' dataSource
2024-05-17T15:11:52.632+02:00 TRACE 4684 --- [clothlogix] [           main] o.s.b.f.s.DefaultListableBeanFactory     : Returning cached instance of singleton bean 'autoConfigurationReport'
2024-05-17T15:11:52.632+02:00 TRACE 4684 --- [clothlogix] [           main] o.s.b.a.condition.OnClassCondition       : Condition OnClassCondition on org.springframework.boot.autoconfigure.jdbc.metadata.DataSourcePoolMetadataProvidersConfiguration$CommonsDbcp2PoolDataSourceMetadataProviderConfiguration matched due to @ConditionalOnClass found required class 'org.apache.commons.dbcp2.BasicDataSource'
2024-05-17T15:11:52.632+02:00 TRACE 4684 --- [clothlogix] [           main] o.s.b.f.s.DefaultListableBeanFactory     : Returning cached instance of singleton bean 'autoConfigurationReport'
2024-05-17T15:11:52.632+02:00 TRACE 4684 --- [clothlogix] [           main] a.ConfigurationClassBeanDefinitionReader : Registered bean definition for imported class 'org.springframework.boot.autoconfigure.jdbc.metadata.DataSourcePoolMetadataProvidersConfiguration$CommonsDbcp2PoolDataSourceMetadataProviderConfiguration'
2024-05-17T15:11:52.632+02:00 TRACE 4684 --- [clothlogix] [           main] a.ConfigurationClassBeanDefinitionReader : Registering bean definition for @Bean method org.springframework.boot.autoconfigure.jdbc.metadata.DataSourcePoolMetadataProvidersConfiguration$CommonsDbcp2PoolDataSourceMetadataProviderConfiguration.commonsDbcp2PoolDataSourceMetadataProvider()
2024-05-17T15:11:52.632+02:00 TRACE 4684 --- [clothlogix] [           main] o.s.b.a.condition.OnClassCondition       : Condition OnClassCondition on org.springframework.boot.autoconfigure.jdbc.metadata.DataSourcePoolMetadataProvidersConfiguration$HikariPoolDataSourceMetadataProviderConfiguration matched due to @ConditionalOnClass found required class 'com.zaxxer.hikari.HikariDataSource'
2024-05-17T15:11:52.632+02:00 TRACE 4684 --- [clothlogix] [           main] o.s.b.f.s.DefaultListableBeanFactory     : Returning cached instance of singleton bean 'autoConfigurationReport'
2024-05-17T15:11:52.632+02:00 TRACE 4684 --- [clothlogix] [           main] a.ConfigurationClassBeanDefinitionReader : Registered bean definition for imported class 'org.springframework.boot.autoconfigure.jdbc.metadata.DataSourcePoolMetadataProvidersConfiguration$HikariPoolDataSourceMetadataProviderConfiguration'
2024-05-17T15:11:52.632+02:00 TRACE 4684 --- [clothlogix] [           main] a.ConfigurationClassBeanDefinitionReader : Registering bean definition for @Bean method org.springframework.boot.autoconfigure.jdbc.metadata.DataSourcePoolMetadataProvidersConfiguration$HikariPoolDataSourceMetadataProviderConfiguration.hikariPoolDataSourceMetadataProvider()
2024-05-17T15:11:52.632+02:00 TRACE 4684 --- [clothlogix] [           main] a.ConfigurationClassBeanDefinitionReader : Registered bean definition for imported class 'org.springframework.boot.autoconfigure.jdbc.metadata.DataSourcePoolMetadataProvidersConfiguration'
2024-05-17T15:11:52.632+02:00 TRACE 4684 --- [clothlogix] [           main] a.ConfigurationClassBeanDefinitionReader : Registered bean definition for imported class 'org.springframework.boot.autoconfigure.jdbc.DataSourceAutoConfiguration'
2024-05-17T15:11:52.632+02:00 TRACE 4684 --- [clothlogix] [           main] o.s.b.a.condition.OnClassCondition       : Condition OnClassCondition on org.springframework.boot.autoconfigure.transaction.TransactionManagerCustomizationAutoConfiguration matched due to @ConditionalOnClass found required class 'org.springframework.transaction.PlatformTransactionManager'
2024-05-17T15:11:52.632+02:00 TRACE 4684 --- [clothlogix] [           main] o.s.b.f.s.DefaultListableBeanFactory     : Returning cached instance of singleton bean 'autoConfigurationReport'
2024-05-17T15:11:52.632+02:00 TRACE 4684 --- [clothlogix] [           main] a.ConfigurationClassBeanDefinitionReader : Registered bean definition for imported class 'org.springframework.boot.autoconfigure.transaction.TransactionManagerCustomizationAutoConfiguration'
2024-05-17T15:11:52.640+02:00 TRACE 4684 --- [clothlogix] [           main] o.s.b.a.condition.OnBeanCondition        : Condition OnBeanCondition on org.springframework.boot.autoconfigure.transaction.TransactionManagerCustomizationAutoConfiguration#platformTransactionManagerCustomizers matched due to @ConditionalOnMissingBean (types: org.springframework.boot.autoconfigure.transaction.TransactionManagerCustomizers; SearchStrategy: all) did not find any beans
2024-05-17T15:11:52.640+02:00 TRACE 4684 --- [clothlogix] [           main] o.s.b.f.s.DefaultListableBeanFactory     : Returning cached instance of singleton bean 'autoConfigurationReport'
2024-05-17T15:11:52.640+02:00 TRACE 4684 --- [clothlogix] [           main] a.ConfigurationClassBeanDefinitionReader : Registering bean definition for @Bean method org.springframework.boot.autoconfigure.transaction.TransactionManagerCustomizationAutoConfiguration.platformTransactionManagerCustomizers()
2024-05-17T15:11:52.640+02:00 TRACE 4684 --- [clothlogix] [           main] a.ConfigurationClassBeanDefinitionReader : Registering bean definition for @Bean method org.springframework.boot.autoconfigure.transaction.TransactionManagerCustomizationAutoConfiguration.transactionExecutionListeners()
2024-05-17T15:11:52.640+02:00 TRACE 4684 --- [clothlogix] [           main] o.s.b.a.condition.OnClassCondition       : Condition OnClassCondition on org.springframework.boot.autoconfigure.orm.jpa.HibernateJpaAutoConfiguration matched due to @ConditionalOnClass found required classes 'org.springframework.orm.jpa.LocalContainerEntityManagerFactoryBean', 'jakarta.persistence.EntityManager', 'org.hibernate.engine.spi.SessionImplementor'
2024-05-17T15:11:52.642+02:00 TRACE 4684 --- [clothlogix] [           main] o.s.b.f.s.DefaultListableBeanFactory     : Returning cached instance of singleton bean 'autoConfigurationReport'
2024-05-17T15:11:52.642+02:00 TRACE 4684 --- [clothlogix] [           main] o.s.b.a.condition.OnBeanCondition        : Condition OnBeanCondition on org.springframework.boot.autoconfigure.orm.jpa.HibernateJpaConfiguration matched due to @ConditionalOnSingleCandidate (types: javax.sql.DataSource; SearchStrategy: all) found a single bean 'dataSource'
2024-05-17T15:11:52.642+02:00 TRACE 4684 --- [clothlogix] [           main] o.s.b.f.s.DefaultListableBeanFactory     : Returning cached instance of singleton bean 'autoConfigurationReport'
2024-05-17T15:11:52.642+02:00 TRACE 4684 --- [clothlogix] [           main] o.s.b.a.condition.OnClassCondition       : Condition OnClassCondition on org.springframework.boot.autoconfigure.orm.jpa.JpaBaseConfiguration$JpaWebConfiguration matched due to @ConditionalOnClass found required class 'org.springframework.web.servlet.config.annotation.WebMvcConfigurer'
2024-05-17T15:11:52.642+02:00 TRACE 4684 --- [clothlogix] [           main] o.s.b.f.s.DefaultListableBeanFactory     : Returning cached instance of singleton bean 'autoConfigurationReport'
2024-05-17T15:11:52.642+02:00 TRACE 4684 --- [clothlogix] [           main] o.s.b.a.c.OnWebApplicationCondition      : Condition OnWebApplicationCondition on org.springframework.boot.autoconfigure.orm.jpa.JpaBaseConfiguration$JpaWebConfiguration matched due to found 'session' scope
2024-05-17T15:11:52.642+02:00 TRACE 4684 --- [clothlogix] [           main] o.s.b.f.s.DefaultListableBeanFactory     : Returning cached instance of singleton bean 'autoConfigurationReport'
2024-05-17T15:11:52.642+02:00 TRACE 4684 --- [clothlogix] [           main] o.s.b.a.condition.OnPropertyCondition    : Condition OnPropertyCondition on org.springframework.boot.autoconfigure.orm.jpa.JpaBaseConfiguration$JpaWebConfiguration matched due to @ConditionalOnProperty (spring.jpa.open-in-view=true) matched
2024-05-17T15:11:52.642+02:00 TRACE 4684 --- [clothlogix] [           main] o.s.b.f.s.DefaultListableBeanFactory     : Returning cached instance of singleton bean 'autoConfigurationReport'
2024-05-17T15:11:52.642+02:00 TRACE 4684 --- [clothlogix] [           main] o.s.b.a.condition.OnBeanCondition        : Condition OnBeanCondition on org.springframework.boot.autoconfigure.orm.jpa.JpaBaseConfiguration$JpaWebConfiguration matched due to @ConditionalOnMissingBean (types: org.springframework.orm.jpa.support.OpenEntityManagerInViewInterceptor,org.springframework.orm.jpa.support.OpenEntityManagerInViewFilter; SearchStrategy: all) did not find any beans
2024-05-17T15:11:52.642+02:00 TRACE 4684 --- [clothlogix] [           main] o.s.b.f.s.DefaultListableBeanFactory     : Returning cached instance of singleton bean 'autoConfigurationReport'
2024-05-17T15:11:52.642+02:00 TRACE 4684 --- [clothlogix] [           main] o.s.b.a.condition.OnBeanCondition        : Condition OnBeanCondition on org.springframework.boot.autoconfigure.orm.jpa.JpaBaseConfiguration$JpaWebConfiguration matched due to @ConditionalOnMissingBean (types: org.springframework.orm.jpa.support.OpenEntityManagerInViewInterceptor,org.springframework.orm.jpa.support.OpenEntityManagerInViewFilter; SearchStrategy: all) did not find any beans
2024-05-17T15:11:52.642+02:00 TRACE 4684 --- [clothlogix] [           main] o.s.b.f.s.DefaultListableBeanFactory     : Returning cached instance of singleton bean 'autoConfigurationReport'
2024-05-17T15:11:52.642+02:00 TRACE 4684 --- [clothlogix] [           main] a.ConfigurationClassBeanDefinitionReader : Registered bean definition for imported class 'org.springframework.boot.autoconfigure.orm.jpa.JpaBaseConfiguration$JpaWebConfiguration'
2024-05-17T15:11:52.642+02:00 TRACE 4684 --- [clothlogix] [           main] a.ConfigurationClassBeanDefinitionReader : Registering bean definition for @Bean method org.springframework.boot.autoconfigure.orm.jpa.JpaBaseConfiguration$JpaWebConfiguration.openEntityManagerInViewInterceptor()
2024-05-17T15:11:52.642+02:00 TRACE 4684 --- [clothlogix] [           main] a.ConfigurationClassBeanDefinitionReader : Registering bean definition for @Bean method org.springframework.boot.autoconfigure.orm.jpa.JpaBaseConfiguration$JpaWebConfiguration.openEntityManagerInViewInterceptorConfigurer()
2024-05-17T15:11:52.642+02:00 TRACE 4684 --- [clothlogix] [           main] o.s.b.a.condition.OnBeanCondition        : Condition OnBeanCondition on org.springframework.boot.autoconfigure.orm.jpa.JpaBaseConfiguration$PersistenceManagedTypesConfiguration did not match due to @ConditionalOnMissingBean (types: org.springframework.orm.jpa.LocalContainerEntityManagerFactoryBean,jakarta.persistence.EntityManagerFactory; SearchStrategy: all) found beans of type 'jakarta.persistence.EntityManagerFactory' entityManagerFactory and found beans of type 'org.springframework.orm.jpa.LocalContainerEntityManagerFactoryBean' &entityManagerFactory
2024-05-17T15:11:52.642+02:00 TRACE 4684 --- [clothlogix] [           main] o.s.b.f.s.DefaultListableBeanFactory     : Returning cached instance of singleton bean 'autoConfigurationReport'
2024-05-17T15:11:52.652+02:00 TRACE 4684 --- [clothlogix] [           main] a.ConfigurationClassBeanDefinitionReader : Registered bean definition for imported class 'org.springframework.boot.autoconfigure.orm.jpa.HibernateJpaConfiguration'
2024-05-17T15:11:52.652+02:00 TRACE 4684 --- [clothlogix] [           main] o.s.b.a.condition.OnBeanCondition        : Condition OnBeanCondition on org.springframework.boot.autoconfigure.orm.jpa.JpaBaseConfiguration#transactionManager did not match due to @ConditionalOnMissingBean (types: org.springframework.transaction.TransactionManager; SearchStrategy: all) found beans of type 'org.springframework.transaction.TransactionManager' hibernateTransactionManager
2024-05-17T15:11:52.652+02:00 TRACE 4684 --- [clothlogix] [           main] o.s.b.f.s.DefaultListableBeanFactory     : Returning cached instance of singleton bean 'autoConfigurationReport'
2024-05-17T15:11:52.652+02:00 TRACE 4684 --- [clothlogix] [           main] o.s.b.a.condition.OnBeanCondition        : Condition OnBeanCondition on org.springframework.boot.autoconfigure.orm.jpa.JpaBaseConfiguration#jpaVendorAdapter matched due to @ConditionalOnMissingBean (types: org.springframework.orm.jpa.JpaVendorAdapter; SearchStrategy: all) did not find any beans
2024-05-17T15:11:52.652+02:00 TRACE 4684 --- [clothlogix] [           main] o.s.b.f.s.DefaultListableBeanFactory     : Returning cached instance of singleton bean 'autoConfigurationReport'
2024-05-17T15:11:52.652+02:00 TRACE 4684 --- [clothlogix] [           main] a.ConfigurationClassBeanDefinitionReader : Registering bean definition for @Bean method org.springframework.boot.autoconfigure.orm.jpa.HibernateJpaConfiguration.jpaVendorAdapter()
2024-05-17T15:11:52.656+02:00 TRACE 4684 --- [clothlogix] [           main] o.s.b.a.condition.OnBeanCondition        : Condition OnBeanCondition on org.springframework.boot.autoconfigure.orm.jpa.JpaBaseConfiguration#entityManagerFactoryBuilder matched due to @ConditionalOnMissingBean (types: org.springframework.boot.orm.jpa.EntityManagerFactoryBuilder; SearchStrategy: all) did not find any beans
2024-05-17T15:11:52.656+02:00 TRACE 4684 --- [clothlogix] [           main] o.s.b.f.s.DefaultListableBeanFactory     : Returning cached instance of singleton bean 'autoConfigurationReport'
2024-05-17T15:11:52.656+02:00 TRACE 4684 --- [clothlogix] [           main] a.ConfigurationClassBeanDefinitionReader : Registering bean definition for @Bean method org.springframework.boot.autoconfigure.orm.jpa.HibernateJpaConfiguration.entityManagerFactoryBuilder()
2024-05-17T15:11:52.656+02:00 TRACE 4684 --- [clothlogix] [           main] o.s.b.a.condition.OnBeanCondition        : Condition OnBeanCondition on org.springframework.boot.autoconfigure.orm.jpa.JpaBaseConfiguration#entityManagerFactory did not match due to @ConditionalOnMissingBean (types: org.springframework.orm.jpa.LocalContainerEntityManagerFactoryBean,jakarta.persistence.EntityManagerFactory; SearchStrategy: all) found beans of type 'jakarta.persistence.EntityManagerFactory' entityManagerFactory and found beans of type 'org.springframework.orm.jpa.LocalContainerEntityManagerFactoryBean' &entityManagerFactory
2024-05-17T15:11:52.656+02:00 TRACE 4684 --- [clothlogix] [           main] o.s.b.f.s.DefaultListableBeanFactory     : Returning cached instance of singleton bean 'autoConfigurationReport'
2024-05-17T15:11:52.656+02:00 TRACE 4684 --- [clothlogix] [           main] a.ConfigurationClassBeanDefinitionReader : Registered bean definition for imported class 'org.springframework.boot.autoconfigure.orm.jpa.HibernateJpaAutoConfiguration'
2024-05-17T15:11:52.656+02:00 TRACE 4684 --- [clothlogix] [           main] o.s.b.a.condition.OnClassCondition       : Condition OnClassCondition on org.springframework.boot.autoconfigure.jackson.JacksonAutoConfiguration matched due to @ConditionalOnClass found required class 'com.fasterxml.jackson.databind.ObjectMapper'
2024-05-17T15:11:52.656+02:00 TRACE 4684 --- [clothlogix] [           main] o.s.b.f.s.DefaultListableBeanFactory     : Returning cached instance of singleton bean 'autoConfigurationReport'
2024-05-17T15:11:52.656+02:00 TRACE 4684 --- [clothlogix] [           main] o.s.b.a.condition.OnClassCondition       : Condition OnClassCondition on org.springframework.boot.autoconfigure.jackson.JacksonAutoConfiguration$Jackson2ObjectMapperBuilderCustomizerConfiguration matched due to @ConditionalOnClass found required class 'org.springframework.http.converter.json.Jackson2ObjectMapperBuilder'
2024-05-17T15:11:52.656+02:00 TRACE 4684 --- [clothlogix] [           main] o.s.b.f.s.DefaultListableBeanFactory     : Returning cached instance of singleton bean 'autoConfigurationReport'
2024-05-17T15:11:52.662+02:00 TRACE 4684 --- [clothlogix] [           main] a.ConfigurationClassBeanDefinitionReader : Registered bean definition for imported class 'org.springframework.boot.autoconfigure.jackson.JacksonAutoConfiguration$Jackson2ObjectMapperBuilderCustomizerConfiguration'
2024-05-17T15:11:52.662+02:00 TRACE 4684 --- [clothlogix] [           main] a.ConfigurationClassBeanDefinitionReader : Registering bean definition for @Bean method org.springframework.boot.autoconfigure.jackson.JacksonAutoConfiguration$Jackson2ObjectMapperBuilderCustomizerConfiguration.standardJacksonObjectMapperBuilderCustomizer()
2024-05-17T15:11:52.662+02:00 TRACE 4684 --- [clothlogix] [           main] o.s.b.a.condition.OnClassCondition       : Condition OnClassCondition on org.springframework.boot.autoconfigure.jackson.JacksonAutoConfiguration$JacksonObjectMapperBuilderConfiguration matched due to @ConditionalOnClass found required class 'org.springframework.http.converter.json.Jackson2ObjectMapperBuilder'
2024-05-17T15:11:52.662+02:00 TRACE 4684 --- [clothlogix] [           main] o.s.b.f.s.DefaultListableBeanFactory     : Returning cached instance of singleton bean 'autoConfigurationReport'
2024-05-17T15:11:52.662+02:00 TRACE 4684 --- [clothlogix] [           main] a.ConfigurationClassBeanDefinitionReader : Registered bean definition for imported class 'org.springframework.boot.autoconfigure.jackson.JacksonAutoConfiguration$JacksonObjectMapperBuilderConfiguration'
2024-05-17T15:11:52.662+02:00 TRACE 4684 --- [clothlogix] [           main] o.s.b.a.condition.OnBeanCondition        : Condition OnBeanCondition on org.springframework.boot.autoconfigure.jackson.JacksonAutoConfiguration$JacksonObjectMapperBuilderConfiguration#jacksonObjectMapperBuilder matched due to @ConditionalOnMissingBean (types: org.springframework.http.converter.json.Jackson2ObjectMapperBuilder; SearchStrategy: all) did not find any beans
2024-05-17T15:11:52.662+02:00 TRACE 4684 --- [clothlogix] [           main] o.s.b.f.s.DefaultListableBeanFactory     : Returning cached instance of singleton bean 'autoConfigurationReport'
2024-05-17T15:11:52.662+02:00 TRACE 4684 --- [clothlogix] [           main] a.ConfigurationClassBeanDefinitionReader : Registering bean definition for @Bean method org.springframework.boot.autoconfigure.jackson.JacksonAutoConfiguration$JacksonObjectMapperBuilderConfiguration.jacksonObjectMapperBuilder()
2024-05-17T15:11:52.662+02:00 TRACE 4684 --- [clothlogix] [           main] o.s.b.a.condition.OnClassCondition       : Condition OnClassCondition on org.springframework.boot.autoconfigure.jackson.JacksonAutoConfiguration$ParameterNamesModuleConfiguration matched due to @ConditionalOnClass found required class 'com.fasterxml.jackson.module.paramnames.ParameterNamesModule'
2024-05-17T15:11:52.662+02:00 TRACE 4684 --- [clothlogix] [           main] o.s.b.f.s.DefaultListableBeanFactory     : Returning cached instance of singleton bean 'autoConfigurationReport'
2024-05-17T15:11:52.662+02:00 TRACE 4684 --- [clothlogix] [           main] a.ConfigurationClassBeanDefinitionReader : Registered bean definition for imported class 'org.springframework.boot.autoconfigure.jackson.JacksonAutoConfiguration$ParameterNamesModuleConfiguration'
2024-05-17T15:11:52.662+02:00 TRACE 4684 --- [clothlogix] [           main] o.s.b.a.condition.OnBeanCondition        : Condition OnBeanCondition on org.springframework.boot.autoconfigure.jackson.JacksonAutoConfiguration$ParameterNamesModuleConfiguration#parameterNamesModule matched due to @ConditionalOnMissingBean (types: com.fasterxml.jackson.module.paramnames.ParameterNamesModule; SearchStrategy: all) did not find any beans
2024-05-17T15:11:52.662+02:00 TRACE 4684 --- [clothlogix] [           main] o.s.b.f.s.DefaultListableBeanFactory     : Returning cached instance of singleton bean 'autoConfigurationReport'
2024-05-17T15:11:52.662+02:00 TRACE 4684 --- [clothlogix] [           main] a.ConfigurationClassBeanDefinitionReader : Registering bean definition for @Bean method org.springframework.boot.autoconfigure.jackson.JacksonAutoConfiguration$ParameterNamesModuleConfiguration.parameterNamesModule()
2024-05-17T15:11:52.662+02:00 TRACE 4684 --- [clothlogix] [           main] o.s.b.a.condition.OnClassCondition       : Condition OnClassCondition on org.springframework.boot.autoconfigure.jackson.JacksonAutoConfiguration$JacksonObjectMapperConfiguration matched due to @ConditionalOnClass found required class 'org.springframework.http.converter.json.Jackson2ObjectMapperBuilder'
2024-05-17T15:11:52.662+02:00 TRACE 4684 --- [clothlogix] [           main] o.s.b.f.s.DefaultListableBeanFactory     : Returning cached instance of singleton bean 'autoConfigurationReport'
2024-05-17T15:11:52.662+02:00 TRACE 4684 --- [clothlogix] [           main] a.ConfigurationClassBeanDefinitionReader : Registered bean definition for imported class 'org.springframework.boot.autoconfigure.jackson.JacksonAutoConfiguration$JacksonObjectMapperConfiguration'
2024-05-17T15:11:52.672+02:00 TRACE 4684 --- [clothlogix] [           main] o.s.b.a.condition.OnBeanCondition        : Condition OnBeanCondition on org.springframework.boot.autoconfigure.jackson.JacksonAutoConfiguration$JacksonObjectMapperConfiguration#jacksonObjectMapper matched due to @ConditionalOnMissingBean (types: com.fasterxml.jackson.databind.ObjectMapper; SearchStrategy: all) did not find any beans
2024-05-17T15:11:52.672+02:00 TRACE 4684 --- [clothlogix] [           main] o.s.b.f.s.DefaultListableBeanFactory     : Returning cached instance of singleton bean 'autoConfigurationReport'
2024-05-17T15:11:52.672+02:00 TRACE 4684 --- [clothlogix] [           main] a.ConfigurationClassBeanDefinitionReader : Registering bean definition for @Bean method org.springframework.boot.autoconfigure.jackson.JacksonAutoConfiguration$JacksonObjectMapperConfiguration.jacksonObjectMapper()
2024-05-17T15:11:52.672+02:00 TRACE 4684 --- [clothlogix] [           main] a.ConfigurationClassBeanDefinitionReader : Registered bean definition for imported class 'org.springframework.boot.autoconfigure.jackson.JacksonAutoConfiguration$JacksonMixinConfiguration'
2024-05-17T15:11:52.672+02:00 TRACE 4684 --- [clothlogix] [           main] a.ConfigurationClassBeanDefinitionReader : Registering bean definition for @Bean method org.springframework.boot.autoconfigure.jackson.JacksonAutoConfiguration$JacksonMixinConfiguration.jsonMixinModuleEntries()
2024-05-17T15:11:52.672+02:00 TRACE 4684 --- [clothlogix] [           main] a.ConfigurationClassBeanDefinitionReader : Registering bean definition for @Bean method org.springframework.boot.autoconfigure.jackson.JacksonAutoConfiguration$JacksonMixinConfiguration.jsonMixinModule()
2024-05-17T15:11:52.672+02:00 TRACE 4684 --- [clothlogix] [           main] a.ConfigurationClassBeanDefinitionReader : Registered bean definition for imported class 'org.springframework.boot.autoconfigure.jackson.JacksonAutoConfiguration'
2024-05-17T15:11:52.672+02:00 TRACE 4684 --- [clothlogix] [           main] a.ConfigurationClassBeanDefinitionReader : Registering bean definition for @Bean method org.springframework.boot.autoconfigure.jackson.JacksonAutoConfiguration.jsonComponentModule()
2024-05-17T15:11:52.672+02:00 TRACE 4684 --- [clothlogix] [           main] o.s.b.a.condition.OnClassCondition       : Condition OnClassCondition on org.springframework.boot.autoconfigure.cache.CacheAutoConfiguration matched due to @ConditionalOnClass found required class 'org.springframework.cache.CacheManager'
2024-05-17T15:11:52.672+02:00 TRACE 4684 --- [clothlogix] [           main] o.s.b.f.s.DefaultListableBeanFactory     : Returning cached instance of singleton bean 'autoConfigurationReport'
2024-05-17T15:11:52.677+02:00 TRACE 4684 --- [clothlogix] [           main] o.s.b.a.condition.OnBeanCondition        : Condition OnBeanCondition on org.springframework.boot.autoconfigure.cache.CacheAutoConfiguration did not match due to @ConditionalOnBean (types: org.springframework.cache.interceptor.CacheAspectSupport; SearchStrategy: all) did not find any beans of type org.springframework.cache.interceptor.CacheAspectSupport
2024-05-17T15:11:52.677+02:00 TRACE 4684 --- [clothlogix] [           main] o.s.b.f.s.DefaultListableBeanFactory     : Returning cached instance of singleton bean 'autoConfigurationReport'
2024-05-17T15:11:52.677+02:00 TRACE 4684 --- [clothlogix] [           main] a.ConfigurationClassBeanDefinitionReader : Registered bean definition for imported class 'org.springframework.boot.autoconfigure.context.ConfigurationPropertiesAutoConfiguration'
2024-05-17T15:11:52.677+02:00 TRACE 4684 --- [clothlogix] [           main] a.ConfigurationClassBeanDefinitionReader : Registered bean definition for imported class 'org.springframework.boot.autoconfigure.context.LifecycleAutoConfiguration'
2024-05-17T15:11:52.677+02:00 TRACE 4684 --- [clothlogix] [           main] o.s.b.a.condition.OnBeanCondition        : Condition OnBeanCondition on org.springframework.boot.autoconfigure.context.LifecycleAutoConfiguration#defaultLifecycleProcessor matched due to @ConditionalOnMissingBean (names: lifecycleProcessor; SearchStrategy: current) did not find any beans
2024-05-17T15:11:52.677+02:00 TRACE 4684 --- [clothlogix] [           main] o.s.b.f.s.DefaultListableBeanFactory     : Returning cached instance of singleton bean 'autoConfigurationReport'
2024-05-17T15:11:52.677+02:00 TRACE 4684 --- [clothlogix] [           main] a.ConfigurationClassBeanDefinitionReader : Registering bean definition for @Bean method org.springframework.boot.autoconfigure.context.LifecycleAutoConfiguration.lifecycleProcessor()
2024-05-17T15:11:52.677+02:00 TRACE 4684 --- [clothlogix] [           main] o.s.b.a.condition.OnClassCondition       : Condition OnClassCondition on org.springframework.boot.autoconfigure.dao.PersistenceExceptionTranslationAutoConfiguration matched due to @ConditionalOnClass found required class 'org.springframework.dao.annotation.PersistenceExceptionTranslationPostProcessor'
2024-05-17T15:11:52.677+02:00 TRACE 4684 --- [clothlogix] [           main] o.s.b.f.s.DefaultListableBeanFactory     : Returning cached instance of singleton bean 'autoConfigurationReport'
2024-05-17T15:11:52.677+02:00 TRACE 4684 --- [clothlogix] [           main] a.ConfigurationClassBeanDefinitionReader : Registered bean definition for imported class 'org.springframework.boot.autoconfigure.dao.PersistenceExceptionTranslationAutoConfiguration'
2024-05-17T15:11:52.677+02:00 TRACE 4684 --- [clothlogix] [           main] o.s.b.a.condition.OnPropertyCondition    : Condition OnPropertyCondition on org.springframework.boot.autoconfigure.dao.PersistenceExceptionTranslationAutoConfiguration#persistenceExceptionTranslationPostProcessor matched due to @ConditionalOnProperty (spring.dao.exceptiontranslation.enabled) matched
2024-05-17T15:11:52.677+02:00 TRACE 4684 --- [clothlogix] [           main] o.s.b.f.s.DefaultListableBeanFactory     : Returning cached instance of singleton bean 'autoConfigurationReport'
2024-05-17T15:11:52.682+02:00 TRACE 4684 --- [clothlogix] [           main] o.s.b.a.condition.OnBeanCondition        : Condition OnBeanCondition on org.springframework.boot.autoconfigure.dao.PersistenceExceptionTranslationAutoConfiguration#persistenceExceptionTranslationPostProcessor matched due to @ConditionalOnMissingBean (types: org.springframework.dao.annotation.PersistenceExceptionTranslationPostProcessor; SearchStrategy: all) did not find any beans
2024-05-17T15:11:52.682+02:00 TRACE 4684 --- [clothlogix] [           main] o.s.b.f.s.DefaultListableBeanFactory     : Returning cached instance of singleton bean 'autoConfigurationReport'
2024-05-17T15:11:52.682+02:00 TRACE 4684 --- [clothlogix] [           main] a.ConfigurationClassBeanDefinitionReader : Registering bean definition for @Bean method org.springframework.boot.autoconfigure.dao.PersistenceExceptionTranslationAutoConfiguration.persistenceExceptionTranslationPostProcessor()
2024-05-17T15:11:52.682+02:00 TRACE 4684 --- [clothlogix] [           main] o.s.b.a.condition.OnClassCondition       : Condition OnClassCondition on org.springframework.boot.autoconfigure.data.jpa.JpaRepositoriesAutoConfiguration matched due to @ConditionalOnClass found required class 'org.springframework.data.jpa.repository.JpaRepository'
2024-05-17T15:11:52.682+02:00 TRACE 4684 --- [clothlogix] [           main] o.s.b.f.s.DefaultListableBeanFactory     : Returning cached instance of singleton bean 'autoConfigurationReport'
2024-05-17T15:11:52.682+02:00 TRACE 4684 --- [clothlogix] [           main] o.s.b.a.condition.OnPropertyCondition    : Condition OnPropertyCondition on org.springframework.boot.autoconfigure.data.jpa.JpaRepositoriesAutoConfiguration matched due to @ConditionalOnProperty (spring.data.jpa.repositories.enabled=true) matched
2024-05-17T15:11:52.682+02:00 TRACE 4684 --- [clothlogix] [           main] o.s.b.f.s.DefaultListableBeanFactory     : Returning cached instance of singleton bean 'autoConfigurationReport'
2024-05-17T15:11:52.687+02:00 TRACE 4684 --- [clothlogix] [           main] o.s.b.a.condition.OnBeanCondition        : Condition OnBeanCondition on org.springframework.boot.autoconfigure.data.jpa.JpaRepositoriesAutoConfiguration matched due to @ConditionalOnBean (types: javax.sql.DataSource; SearchStrategy: all) found bean 'dataSource'; @ConditionalOnMissingBean (types: org.springframework.data.jpa.repository.support.JpaRepositoryFactoryBean,org.springframework.data.jpa.repository.config.JpaRepositoryConfigExtension; SearchStrategy: all) did not find any beans
2024-05-17T15:11:52.687+02:00 TRACE 4684 --- [clothlogix] [           main] o.s.b.f.s.DefaultListableBeanFactory     : Returning cached instance of singleton bean 'autoConfigurationReport'
2024-05-17T15:11:52.687+02:00 TRACE 4684 --- [clothlogix] [           main] o.s.b.a.condition.OnBeanCondition        : Condition OnBeanCondition on org.springframework.boot.autoconfigure.data.jpa.JpaRepositoriesAutoConfiguration matched due to @ConditionalOnBean (types: javax.sql.DataSource; SearchStrategy: all) found bean 'dataSource'; @ConditionalOnMissingBean (types: org.springframework.data.jpa.repository.support.JpaRepositoryFactoryBean,org.springframework.data.jpa.repository.config.JpaRepositoryConfigExtension; SearchStrategy: all) did not find any beans
2024-05-17T15:11:52.687+02:00 TRACE 4684 --- [clothlogix] [           main] o.s.b.f.s.DefaultListableBeanFactory     : Returning cached instance of singleton bean 'autoConfigurationReport'
2024-05-17T15:11:52.687+02:00 TRACE 4684 --- [clothlogix] [           main] a.ConfigurationClassBeanDefinitionReader : Registered bean definition for imported class 'org.springframework.boot.autoconfigure.data.jpa.JpaRepositoriesAutoConfiguration'
2024-05-17T15:11:52.687+02:00 TRACE 4684 --- [clothlogix] [           main] Configuration$BootstrapExecutorCondition : Condition JpaRepositoriesAutoConfiguration.BootstrapExecutorCondition on org.springframework.boot.autoconfigure.data.jpa.JpaRepositoriesAutoConfiguration#entityManagerFactoryBootstrapExecutorCustomizer did not match due to AnyNestedCondition 0 matched 2 did not; NestedCondition on JpaRepositoriesAutoConfiguration.BootstrapExecutorCondition.LazyBootstrapMode @ConditionalOnProperty (spring.data.jpa.repositories.bootstrap-mode=lazy) did not find property 'bootstrap-mode'; NestedCondition on JpaRepositoriesAutoConfiguration.BootstrapExecutorCondition.DeferredBootstrapMode @ConditionalOnProperty (spring.data.jpa.repositories.bootstrap-mode=deferred) did not find property 'bootstrap-mode'
2024-05-17T15:11:52.687+02:00 TRACE 4684 --- [clothlogix] [           main] o.s.b.f.s.DefaultListableBeanFactory     : Returning cached instance of singleton bean 'autoConfigurationReport'
2024-05-17T15:11:52.703+02:00  INFO 4684 --- [clothlogix] [           main] .s.d.r.c.RepositoryConfigurationDelegate : Bootstrapping Spring Data JPA repositories in DEFAULT mode.
2024-05-17T15:11:52.712+02:00 DEBUG 4684 --- [clothlogix] [           main] o.s.b.f.s.DefaultListableBeanFactory     : Creating shared instance of singleton bean 'org.springframework.boot.autoconfigure.AutoConfigurationPackages'
2024-05-17T15:11:52.712+02:00 TRACE 4684 --- [clothlogix] [           main] o.s.b.f.s.DefaultListableBeanFactory     : Creating instance of bean 'org.springframework.boot.autoconfigure.AutoConfigurationPackages'
2024-05-17T15:11:52.719+02:00 TRACE 4684 --- [clothlogix] [           main] o.s.b.f.s.DefaultListableBeanFactory     : Finished creating instance of bean 'org.springframework.boot.autoconfigure.AutoConfigurationPackages'
2024-05-17T15:11:52.719+02:00 DEBUG 4684 --- [clothlogix] [           main] o.s.b.a.AutoConfigurationPackages        : @EnableAutoConfiguration was declared on a class in the package 'com.fabless.clothlogix'. Automatic @Repository and @Entity scanning is enabled.
2024-05-17T15:11:52.722+02:00 DEBUG 4684 --- [clothlogix] [           main] .s.d.r.c.RepositoryConfigurationDelegate : Scanning for JPA repositories in packages com.fabless.clothlogix.
2024-05-17T15:11:52.725+02:00 TRACE 4684 --- [clothlogix] [           main] o.s.b.f.s.DefaultListableBeanFactory     : Returning cached instance of singleton bean 'org.springframework.boot.autoconfigure.AutoConfigurationPackages'
2024-05-17T15:11:52.725+02:00 TRACE 4684 --- [clothlogix] [           main] .i.s.PathMatchingResourcePatternResolver : Resolved module-path location pattern [com/fabless/clothlogix/**/*.class] to resources []
2024-05-17T15:11:52.725+02:00 TRACE 4684 --- [clothlogix] [           main] .i.s.PathMatchingResourcePatternResolver : Resolved module-path location pattern [com/fabless/clothlogix/] to resources []
2024-05-17T15:11:52.725+02:00 TRACE 4684 --- [clothlogix] [           main] .i.s.PathMatchingResourcePatternResolver : Resolved class path location [com/fabless/clothlogix/] to resources [file [C:\Sviluppo\workArea\clothlogix\target\test-classes\com\fabless\clothlogix], file [C:\Sviluppo\workArea\clothlogix\target\classes\com\fabless\clothlogix]]
2024-05-17T15:11:52.725+02:00 TRACE 4684 --- [clothlogix] [           main] .i.s.PathMatchingResourcePatternResolver : Searching directory [C:\Sviluppo\workArea\clothlogix\target\test-classes\com\fabless\clothlogix] for files matching pattern [**/*.class]
2024-05-17T15:11:52.725+02:00 TRACE 4684 --- [clothlogix] [           main] .i.s.PathMatchingResourcePatternResolver : Searching directory [C:\Sviluppo\workArea\clothlogix\target\classes\com\fabless\clothlogix] for files matching pattern [**/*.class]
2024-05-17T15:11:52.735+02:00 TRACE 4684 --- [clothlogix] [           main] .i.s.PathMatchingResourcePatternResolver : Resolved location pattern [classpath*:com/fabless/clothlogix/**/*.class] to resources [file [C:\Sviluppo\workArea\clothlogix\target\test-classes\com\fabless\clothlogix\ClothlogixApplicationTests.class], file [C:\Sviluppo\workArea\clothlogix\target\classes\com\fabless\clothlogix\ClothlogixApplication.class], file [C:\Sviluppo\workArea\clothlogix\target\classes\com\fabless\clothlogix\configuration\HibernateConf.class], file [C:\Sviluppo\workArea\clothlogix\target\classes\com\fabless\clothlogix\controller\ColoreController.class], file [C:\Sviluppo\workArea\clothlogix\target\classes\com\fabless\clothlogix\DAO\ColoreDAO.class], file [C:\Sviluppo\workArea\clothlogix\target\classes\com\fabless\clothlogix\DAO\impl\ColoreDAOImpl.class], file [C:\Sviluppo\workArea\clothlogix\target\classes\com\fabless\clothlogix\DAO\impl\LoginDAOImpl.class], file [C:\Sviluppo\workArea\clothlogix\target\classes\com\fabless\clothlogix\DAO\impl\MagazzinoDAOImpl.class], file [C:\Sviluppo\workArea\clothlogix\target\classes\com\fabless\clothlogix\DAO\impl\MaterialeDAOImpl.class], file [C:\Sviluppo\workArea\clothlogix\target\classes\com\fabless\clothlogix\DAO\impl\ProdottoDAOImpl.class], file [C:\Sviluppo\workArea\clothlogix\target\classes\com\fabless\clothlogix\DAO\impl\ProfiloDAOImpl.class], file [C:\Sviluppo\workArea\clothlogix\target\classes\com\fabless\clothlogix\DAO\impl\SezioneDAOImpl.class], file [C:\Sviluppo\workArea\clothlogix\target\classes\com\fabless\clothlogix\DAO\impl\TagliaDAOImpl.class], file [C:\Sviluppo\workArea\clothlogix\target\classes\com\fabless\clothlogix\DAO\impl\TipoDAOImpl.class], file [C:\Sviluppo\workArea\clothlogix\target\classes\com\fabless\clothlogix\DAO\impl\UtenteDAOImpl.class], file [C:\Sviluppo\workArea\clothlogix\target\classes\com\fabless\clothlogix\DAO\LoginDAO.class], file [C:\Sviluppo\workArea\clothlogix\target\classes\com\fabless\clothlogix\DAO\MagazzinoDAO.class], file [C:\Sviluppo\workArea\clothlogix\target\classes\com\fabless\clothlogix\DAO\MaterialeDAO.class], file [C:\Sviluppo\workArea\clothlogix\target\classes\com\fabless\clothlogix\DAO\ProdottoDAO.class], file [C:\Sviluppo\workArea\clothlogix\target\classes\com\fabless\clothlogix\DAO\ProfiloDAO.class], file [C:\Sviluppo\workArea\clothlogix\target\classes\com\fabless\clothlogix\DAO\SezioneDAO.class], file [C:\Sviluppo\workArea\clothlogix\target\classes\com\fabless\clothlogix\DAO\TagliaDAO.class], file [C:\Sviluppo\workArea\clothlogix\target\classes\com\fabless\clothlogix\DAO\TipoDAO.class], file [C:\Sviluppo\workArea\clothlogix\target\classes\com\fabless\clothlogix\DAO\UtenteDAO.class], file [C:\Sviluppo\workArea\clothlogix\target\classes\com\fabless\clothlogix\DTO\ColoreDTO.class], file [C:\Sviluppo\workArea\clothlogix\target\classes\com\fabless\clothlogix\mapper\SuperClassMapper.class], file [C:\Sviluppo\workArea\clothlogix\target\classes\com\fabless\clothlogix\mapper\SuperClassMapperImpl.class], file [C:\Sviluppo\workArea\clothlogix\target\classes\com\fabless\clothlogix\model\entities\ColoreEntity.class], file [C:\Sviluppo\workArea\clothlogix\target\classes\com\fabless\clothlogix\model\entities\LoginEntity.class], file [C:\Sviluppo\workArea\clothlogix\target\classes\com\fabless\clothlogix\model\entities\MagazzinoEntity.class], file [C:\Sviluppo\workArea\clothlogix\target\classes\com\fabless\clothlogix\model\entities\MaterialeEntity.class], file [C:\Sviluppo\workArea\clothlogix\target\classes\com\fabless\clothlogix\model\entities\ProdottoEntity.class], file [C:\Sviluppo\workArea\clothlogix\target\classes\com\fabless\clothlogix\model\entities\ProfiloEntity.class], file [C:\Sviluppo\workArea\clothlogix\target\classes\com\fabless\clothlogix\model\entities\SezioneEntity.class], file [C:\Sviluppo\workArea\clothlogix\target\classes\com\fabless\clothlogix\model\entities\TagliaEntity.class], file [C:\Sviluppo\workArea\clothlogix\target\classes\com\fabless\clothlogix\model\entities\TipoEntity.class], file [C:\Sviluppo\workArea\clothlogix\target\classes\com\fabless\clothlogix\model\entities\UtenteEntity.class], file [C:\Sviluppo\workArea\clothlogix\target\classes\com\fabless\clothlogix\Service\AbstractColoreService.class], file [C:\Sviluppo\workArea\clothlogix\target\classes\com\fabless\clothlogix\Service\AbstractLoginService.class], file [C:\Sviluppo\workArea\clothlogix\target\classes\com\fabless\clothlogix\Service\AbstractMagazzinoService.class], file [C:\Sviluppo\workArea\clothlogix\target\classes\com\fabless\clothlogix\Service\AbstractMaterialeService.class], file [C:\Sviluppo\workArea\clothlogix\target\classes\com\fabless\clothlogix\Service\AbstractProdottoService.class], file [C:\Sviluppo\workArea\clothlogix\target\classes\com\fabless\clothlogix\Service\AbstractProfiloService.class], file [C:\Sviluppo\workArea\clothlogix\target\classes\com\fabless\clothlogix\Service\AbstractSezioneService.class], file [C:\Sviluppo\workArea\clothlogix\target\classes\com\fabless\clothlogix\Service\AbstractTagliaService.class], file [C:\Sviluppo\workArea\clothlogix\target\classes\com\fabless\clothlogix\Service\AbstractTipoService.class], file [C:\Sviluppo\workArea\clothlogix\target\classes\com\fabless\clothlogix\Service\AbstractUtenteService.class], file [C:\Sviluppo\workArea\clothlogix\target\classes\com\fabless\clothlogix\Service\Impl\ColoreService.class], file [C:\Sviluppo\workArea\clothlogix\target\classes\com\fabless\clothlogix\Service\Impl\LoginService.class], file [C:\Sviluppo\workArea\clothlogix\target\classes\com\fabless\clothlogix\Service\Impl\MagazzinoService.class], file [C:\Sviluppo\workArea\clothlogix\target\classes\com\fabless\clothlogix\Service\Impl\MaterialeService.class], file [C:\Sviluppo\workArea\clothlogix\target\classes\com\fabless\clothlogix\Service\Impl\ProdottoService.class], file [C:\Sviluppo\workArea\clothlogix\target\classes\com\fabless\clothlogix\Service\Impl\ProfiloService.class], file [C:\Sviluppo\workArea\clothlogix\target\classes\com\fabless\clothlogix\Service\Impl\SezioneService.class], file [C:\Sviluppo\workArea\clothlogix\target\classes\com\fabless\clothlogix\Service\Impl\TagliaService.class], file [C:\Sviluppo\workArea\clothlogix\target\classes\com\fabless\clothlogix\Service\Impl\TipoService.class], file [C:\Sviluppo\workArea\clothlogix\target\classes\com\fabless\clothlogix\Service\Impl\UtenteService.class], file [C:\Sviluppo\workArea\clothlogix\target\classes\com\fabless\clothlogix\ServletInitializer.class]]
2024-05-17T15:11:52.735+02:00 TRACE 4684 --- [clothlogix] [           main] o.s.d.r.c.RepositoryComponentProvider    : Scanning file [C:\Sviluppo\workArea\clothlogix\target\test-classes\com\fabless\clothlogix\ClothlogixApplicationTests.class]
2024-05-17T15:11:52.735+02:00 TRACE 4684 --- [clothlogix] [           main] o.s.d.r.c.RepositoryComponentProvider    : Ignored because not matching any filter: file [C:\Sviluppo\workArea\clothlogix\target\test-classes\com\fabless\clothlogix\ClothlogixApplicationTests.class]
2024-05-17T15:11:52.735+02:00 TRACE 4684 --- [clothlogix] [           main] o.s.d.r.c.RepositoryComponentProvider    : Scanning file [C:\Sviluppo\workArea\clothlogix\target\classes\com\fabless\clothlogix\ClothlogixApplication.class]
2024-05-17T15:11:52.735+02:00 TRACE 4684 --- [clothlogix] [           main] o.s.d.r.c.RepositoryComponentProvider    : Ignored because not matching any filter: file [C:\Sviluppo\workArea\clothlogix\target\classes\com\fabless\clothlogix\ClothlogixApplication.class]
2024-05-17T15:11:52.735+02:00 TRACE 4684 --- [clothlogix] [           main] o.s.d.r.c.RepositoryComponentProvider    : Scanning file [C:\Sviluppo\workArea\clothlogix\target\classes\com\fabless\clothlogix\configuration\HibernateConf.class]
2024-05-17T15:11:52.735+02:00 TRACE 4684 --- [clothlogix] [           main] o.s.d.r.c.RepositoryComponentProvider    : Ignored because not matching any filter: file [C:\Sviluppo\workArea\clothlogix\target\classes\com\fabless\clothlogix\configuration\HibernateConf.class]
2024-05-17T15:11:52.735+02:00 TRACE 4684 --- [clothlogix] [           main] o.s.d.r.c.RepositoryComponentProvider    : Scanning file [C:\Sviluppo\workArea\clothlogix\target\classes\com\fabless\clothlogix\controller\ColoreController.class]
2024-05-17T15:11:52.735+02:00 TRACE 4684 --- [clothlogix] [           main] o.s.d.r.c.RepositoryComponentProvider    : Ignored because not matching any filter: file [C:\Sviluppo\workArea\clothlogix\target\classes\com\fabless\clothlogix\controller\ColoreController.class]
2024-05-17T15:11:52.735+02:00 TRACE 4684 --- [clothlogix] [           main] o.s.d.r.c.RepositoryComponentProvider    : Scanning file [C:\Sviluppo\workArea\clothlogix\target\classes\com\fabless\clothlogix\DAO\ColoreDAO.class]
2024-05-17T15:11:52.735+02:00 TRACE 4684 --- [clothlogix] [           main] o.s.d.r.c.RepositoryComponentProvider    : Ignored because not matching any filter: file [C:\Sviluppo\workArea\clothlogix\target\classes\com\fabless\clothlogix\DAO\ColoreDAO.class]
2024-05-17T15:11:52.735+02:00 TRACE 4684 --- [clothlogix] [           main] o.s.d.r.c.RepositoryComponentProvider    : Scanning file [C:\Sviluppo\workArea\clothlogix\target\classes\com\fabless\clothlogix\DAO\impl\ColoreDAOImpl.class]
2024-05-17T15:11:52.735+02:00 TRACE 4684 --- [clothlogix] [           main] o.s.d.r.c.RepositoryComponentProvider    : Ignored because not matching any filter: file [C:\Sviluppo\workArea\clothlogix\target\classes\com\fabless\clothlogix\DAO\impl\ColoreDAOImpl.class]
2024-05-17T15:11:52.735+02:00 TRACE 4684 --- [clothlogix] [           main] o.s.d.r.c.RepositoryComponentProvider    : Scanning file [C:\Sviluppo\workArea\clothlogix\target\classes\com\fabless\clothlogix\DAO\impl\LoginDAOImpl.class]
2024-05-17T15:11:52.735+02:00 TRACE 4684 --- [clothlogix] [           main] o.s.d.r.c.RepositoryComponentProvider    : Ignored because not matching any filter: file [C:\Sviluppo\workArea\clothlogix\target\classes\com\fabless\clothlogix\DAO\impl\LoginDAOImpl.class]
2024-05-17T15:11:52.735+02:00 TRACE 4684 --- [clothlogix] [           main] o.s.d.r.c.RepositoryComponentProvider    : Scanning file [C:\Sviluppo\workArea\clothlogix\target\classes\com\fabless\clothlogix\DAO\impl\MagazzinoDAOImpl.class]
2024-05-17T15:11:52.735+02:00 TRACE 4684 --- [clothlogix] [           main] o.s.d.r.c.RepositoryComponentProvider    : Ignored because not matching any filter: file [C:\Sviluppo\workArea\clothlogix\target\classes\com\fabless\clothlogix\DAO\impl\MagazzinoDAOImpl.class]
2024-05-17T15:11:52.735+02:00 TRACE 4684 --- [clothlogix] [           main] o.s.d.r.c.RepositoryComponentProvider    : Scanning file [C:\Sviluppo\workArea\clothlogix\target\classes\com\fabless\clothlogix\DAO\impl\MaterialeDAOImpl.class]
2024-05-17T15:11:52.735+02:00 TRACE 4684 --- [clothlogix] [           main] o.s.d.r.c.RepositoryComponentProvider    : Ignored because not matching any filter: file [C:\Sviluppo\workArea\clothlogix\target\classes\com\fabless\clothlogix\DAO\impl\MaterialeDAOImpl.class]
2024-05-17T15:11:52.735+02:00 TRACE 4684 --- [clothlogix] [           main] o.s.d.r.c.RepositoryComponentProvider    : Scanning file [C:\Sviluppo\workArea\clothlogix\target\classes\com\fabless\clothlogix\DAO\impl\ProdottoDAOImpl.class]
2024-05-17T15:11:52.735+02:00 TRACE 4684 --- [clothlogix] [           main] o.s.d.r.c.RepositoryComponentProvider    : Ignored because not matching any filter: file [C:\Sviluppo\workArea\clothlogix\target\classes\com\fabless\clothlogix\DAO\impl\ProdottoDAOImpl.class]
2024-05-17T15:11:52.735+02:00 TRACE 4684 --- [clothlogix] [           main] o.s.d.r.c.RepositoryComponentProvider    : Scanning file [C:\Sviluppo\workArea\clothlogix\target\classes\com\fabless\clothlogix\DAO\impl\ProfiloDAOImpl.class]
2024-05-17T15:11:52.735+02:00 TRACE 4684 --- [clothlogix] [           main] o.s.d.r.c.RepositoryComponentProvider    : Ignored because not matching any filter: file [C:\Sviluppo\workArea\clothlogix\target\classes\com\fabless\clothlogix\DAO\impl\ProfiloDAOImpl.class]
2024-05-17T15:11:52.735+02:00 TRACE 4684 --- [clothlogix] [           main] o.s.d.r.c.RepositoryComponentProvider    : Scanning file [C:\Sviluppo\workArea\clothlogix\target\classes\com\fabless\clothlogix\DAO\impl\SezioneDAOImpl.class]
2024-05-17T15:11:52.735+02:00 TRACE 4684 --- [clothlogix] [           main] o.s.d.r.c.RepositoryComponentProvider    : Ignored because not matching any filter: file [C:\Sviluppo\workArea\clothlogix\target\classes\com\fabless\clothlogix\DAO\impl\SezioneDAOImpl.class]
2024-05-17T15:11:52.735+02:00 TRACE 4684 --- [clothlogix] [           main] o.s.d.r.c.RepositoryComponentProvider    : Scanning file [C:\Sviluppo\workArea\clothlogix\target\classes\com\fabless\clothlogix\DAO\impl\TagliaDAOImpl.class]
2024-05-17T15:11:52.735+02:00 TRACE 4684 --- [clothlogix] [           main] o.s.d.r.c.RepositoryComponentProvider    : Ignored because not matching any filter: file [C:\Sviluppo\workArea\clothlogix\target\classes\com\fabless\clothlogix\DAO\impl\TagliaDAOImpl.class]
2024-05-17T15:11:52.735+02:00 TRACE 4684 --- [clothlogix] [           main] o.s.d.r.c.RepositoryComponentProvider    : Scanning file [C:\Sviluppo\workArea\clothlogix\target\classes\com\fabless\clothlogix\DAO\impl\TipoDAOImpl.class]
2024-05-17T15:11:52.735+02:00 TRACE 4684 --- [clothlogix] [           main] o.s.d.r.c.RepositoryComponentProvider    : Ignored because not matching any filter: file [C:\Sviluppo\workArea\clothlogix\target\classes\com\fabless\clothlogix\DAO\impl\TipoDAOImpl.class]
2024-05-17T15:11:52.735+02:00 TRACE 4684 --- [clothlogix] [           main] o.s.d.r.c.RepositoryComponentProvider    : Scanning file [C:\Sviluppo\workArea\clothlogix\target\classes\com\fabless\clothlogix\DAO\impl\UtenteDAOImpl.class]
2024-05-17T15:11:52.735+02:00 TRACE 4684 --- [clothlogix] [           main] o.s.d.r.c.RepositoryComponentProvider    : Ignored because not matching any filter: file [C:\Sviluppo\workArea\clothlogix\target\classes\com\fabless\clothlogix\DAO\impl\UtenteDAOImpl.class]
2024-05-17T15:11:52.735+02:00 TRACE 4684 --- [clothlogix] [           main] o.s.d.r.c.RepositoryComponentProvider    : Scanning file [C:\Sviluppo\workArea\clothlogix\target\classes\com\fabless\clothlogix\DAO\LoginDAO.class]
2024-05-17T15:11:52.735+02:00 TRACE 4684 --- [clothlogix] [           main] o.s.d.r.c.RepositoryComponentProvider    : Ignored because not matching any filter: file [C:\Sviluppo\workArea\clothlogix\target\classes\com\fabless\clothlogix\DAO\LoginDAO.class]
2024-05-17T15:11:52.735+02:00 TRACE 4684 --- [clothlogix] [           main] o.s.d.r.c.RepositoryComponentProvider    : Scanning file [C:\Sviluppo\workArea\clothlogix\target\classes\com\fabless\clothlogix\DAO\MagazzinoDAO.class]
2024-05-17T15:11:52.735+02:00 TRACE 4684 --- [clothlogix] [           main] o.s.d.r.c.RepositoryComponentProvider    : Ignored because not matching any filter: file [C:\Sviluppo\workArea\clothlogix\target\classes\com\fabless\clothlogix\DAO\MagazzinoDAO.class]
2024-05-17T15:11:52.735+02:00 TRACE 4684 --- [clothlogix] [           main] o.s.d.r.c.RepositoryComponentProvider    : Scanning file [C:\Sviluppo\workArea\clothlogix\target\classes\com\fabless\clothlogix\DAO\MaterialeDAO.class]
2024-05-17T15:11:52.735+02:00 TRACE 4684 --- [clothlogix] [           main] o.s.d.r.c.RepositoryComponentProvider    : Ignored because not matching any filter: file [C:\Sviluppo\workArea\clothlogix\target\classes\com\fabless\clothlogix\DAO\MaterialeDAO.class]
2024-05-17T15:11:52.735+02:00 TRACE 4684 --- [clothlogix] [           main] o.s.d.r.c.RepositoryComponentProvider    : Scanning file [C:\Sviluppo\workArea\clothlogix\target\classes\com\fabless\clothlogix\DAO\ProdottoDAO.class]
2024-05-17T15:11:52.735+02:00 TRACE 4684 --- [clothlogix] [           main] o.s.d.r.c.RepositoryComponentProvider    : Ignored because not matching any filter: file [C:\Sviluppo\workArea\clothlogix\target\classes\com\fabless\clothlogix\DAO\ProdottoDAO.class]
2024-05-17T15:11:52.735+02:00 TRACE 4684 --- [clothlogix] [           main] o.s.d.r.c.RepositoryComponentProvider    : Scanning file [C:\Sviluppo\workArea\clothlogix\target\classes\com\fabless\clothlogix\DAO\ProfiloDAO.class]
2024-05-17T15:11:52.735+02:00 TRACE 4684 --- [clothlogix] [           main] o.s.d.r.c.RepositoryComponentProvider    : Ignored because not matching any filter: file [C:\Sviluppo\workArea\clothlogix\target\classes\com\fabless\clothlogix\DAO\ProfiloDAO.class]
2024-05-17T15:11:52.735+02:00 TRACE 4684 --- [clothlogix] [           main] o.s.d.r.c.RepositoryComponentProvider    : Scanning file [C:\Sviluppo\workArea\clothlogix\target\classes\com\fabless\clothlogix\DAO\SezioneDAO.class]
2024-05-17T15:11:52.735+02:00 TRACE 4684 --- [clothlogix] [           main] o.s.d.r.c.RepositoryComponentProvider    : Ignored because not matching any filter: file [C:\Sviluppo\workArea\clothlogix\target\classes\com\fabless\clothlogix\DAO\SezioneDAO.class]
2024-05-17T15:11:52.735+02:00 TRACE 4684 --- [clothlogix] [           main] o.s.d.r.c.RepositoryComponentProvider    : Scanning file [C:\Sviluppo\workArea\clothlogix\target\classes\com\fabless\clothlogix\DAO\TagliaDAO.class]
2024-05-17T15:11:52.735+02:00 TRACE 4684 --- [clothlogix] [           main] o.s.d.r.c.RepositoryComponentProvider    : Ignored because not matching any filter: file [C:\Sviluppo\workArea\clothlogix\target\classes\com\fabless\clothlogix\DAO\TagliaDAO.class]
2024-05-17T15:11:52.735+02:00 TRACE 4684 --- [clothlogix] [           main] o.s.d.r.c.RepositoryComponentProvider    : Scanning file [C:\Sviluppo\workArea\clothlogix\target\classes\com\fabless\clothlogix\DAO\TipoDAO.class]
2024-05-17T15:11:52.735+02:00 TRACE 4684 --- [clothlogix] [           main] o.s.d.r.c.RepositoryComponentProvider    : Ignored because not matching any filter: file [C:\Sviluppo\workArea\clothlogix\target\classes\com\fabless\clothlogix\DAO\TipoDAO.class]
2024-05-17T15:11:52.735+02:00 TRACE 4684 --- [clothlogix] [           main] o.s.d.r.c.RepositoryComponentProvider    : Scanning file [C:\Sviluppo\workArea\clothlogix\target\classes\com\fabless\clothlogix\DAO\UtenteDAO.class]
2024-05-17T15:11:52.735+02:00 TRACE 4684 --- [clothlogix] [           main] o.s.d.r.c.RepositoryComponentProvider    : Ignored because not matching any filter: file [C:\Sviluppo\workArea\clothlogix\target\classes\com\fabless\clothlogix\DAO\UtenteDAO.class]
2024-05-17T15:11:52.735+02:00 TRACE 4684 --- [clothlogix] [           main] o.s.d.r.c.RepositoryComponentProvider    : Scanning file [C:\Sviluppo\workArea\clothlogix\target\classes\com\fabless\clothlogix\DTO\ColoreDTO.class]
2024-05-17T15:11:52.735+02:00 TRACE 4684 --- [clothlogix] [           main] o.s.d.r.c.RepositoryComponentProvider    : Ignored because not matching any filter: file [C:\Sviluppo\workArea\clothlogix\target\classes\com\fabless\clothlogix\DTO\ColoreDTO.class]
2024-05-17T15:11:52.735+02:00 TRACE 4684 --- [clothlogix] [           main] o.s.d.r.c.RepositoryComponentProvider    : Scanning file [C:\Sviluppo\workArea\clothlogix\target\classes\com\fabless\clothlogix\mapper\SuperClassMapper.class]
2024-05-17T15:11:52.735+02:00 TRACE 4684 --- [clothlogix] [           main] o.s.d.r.c.RepositoryComponentProvider    : Ignored because not matching any filter: file [C:\Sviluppo\workArea\clothlogix\target\classes\com\fabless\clothlogix\mapper\SuperClassMapper.class]
2024-05-17T15:11:52.735+02:00 TRACE 4684 --- [clothlogix] [           main] o.s.d.r.c.RepositoryComponentProvider    : Scanning file [C:\Sviluppo\workArea\clothlogix\target\classes\com\fabless\clothlogix\mapper\SuperClassMapperImpl.class]
2024-05-17T15:11:52.735+02:00 TRACE 4684 --- [clothlogix] [           main] o.s.d.r.c.RepositoryComponentProvider    : Ignored because not matching any filter: file [C:\Sviluppo\workArea\clothlogix\target\classes\com\fabless\clothlogix\mapper\SuperClassMapperImpl.class]
2024-05-17T15:11:52.735+02:00 TRACE 4684 --- [clothlogix] [           main] o.s.d.r.c.RepositoryComponentProvider    : Scanning file [C:\Sviluppo\workArea\clothlogix\target\classes\com\fabless\clothlogix\model\entities\ColoreEntity.class]
2024-05-17T15:11:52.735+02:00 TRACE 4684 --- [clothlogix] [           main] o.s.d.r.c.RepositoryComponentProvider    : Ignored because not matching any filter: file [C:\Sviluppo\workArea\clothlogix\target\classes\com\fabless\clothlogix\model\entities\ColoreEntity.class]
2024-05-17T15:11:52.735+02:00 TRACE 4684 --- [clothlogix] [           main] o.s.d.r.c.RepositoryComponentProvider    : Scanning file [C:\Sviluppo\workArea\clothlogix\target\classes\com\fabless\clothlogix\model\entities\LoginEntity.class]
2024-05-17T15:11:52.735+02:00 TRACE 4684 --- [clothlogix] [           main] o.s.d.r.c.RepositoryComponentProvider    : Ignored because not matching any filter: file [C:\Sviluppo\workArea\clothlogix\target\classes\com\fabless\clothlogix\model\entities\LoginEntity.class]
2024-05-17T15:11:52.735+02:00 TRACE 4684 --- [clothlogix] [           main] o.s.d.r.c.RepositoryComponentProvider    : Scanning file [C:\Sviluppo\workArea\clothlogix\target\classes\com\fabless\clothlogix\model\entities\MagazzinoEntity.class]
2024-05-17T15:11:52.735+02:00 TRACE 4684 --- [clothlogix] [           main] o.s.d.r.c.RepositoryComponentProvider    : Ignored because not matching any filter: file [C:\Sviluppo\workArea\clothlogix\target\classes\com\fabless\clothlogix\model\entities\MagazzinoEntity.class]
2024-05-17T15:11:52.735+02:00 TRACE 4684 --- [clothlogix] [           main] o.s.d.r.c.RepositoryComponentProvider    : Scanning file [C:\Sviluppo\workArea\clothlogix\target\classes\com\fabless\clothlogix\model\entities\MaterialeEntity.class]
2024-05-17T15:11:52.735+02:00 TRACE 4684 --- [clothlogix] [           main] o.s.d.r.c.RepositoryComponentProvider    : Ignored because not matching any filter: file [C:\Sviluppo\workArea\clothlogix\target\classes\com\fabless\clothlogix\model\entities\MaterialeEntity.class]
2024-05-17T15:11:52.735+02:00 TRACE 4684 --- [clothlogix] [           main] o.s.d.r.c.RepositoryComponentProvider    : Scanning file [C:\Sviluppo\workArea\clothlogix\target\classes\com\fabless\clothlogix\model\entities\ProdottoEntity.class]
2024-05-17T15:11:52.735+02:00 TRACE 4684 --- [clothlogix] [           main] o.s.d.r.c.RepositoryComponentProvider    : Ignored because not matching any filter: file [C:\Sviluppo\workArea\clothlogix\target\classes\com\fabless\clothlogix\model\entities\ProdottoEntity.class]
2024-05-17T15:11:52.735+02:00 TRACE 4684 --- [clothlogix] [           main] o.s.d.r.c.RepositoryComponentProvider    : Scanning file [C:\Sviluppo\workArea\clothlogix\target\classes\com\fabless\clothlogix\model\entities\ProfiloEntity.class]
2024-05-17T15:11:52.735+02:00 TRACE 4684 --- [clothlogix] [           main] o.s.d.r.c.RepositoryComponentProvider    : Ignored because not matching any filter: file [C:\Sviluppo\workArea\clothlogix\target\classes\com\fabless\clothlogix\model\entities\ProfiloEntity.class]
2024-05-17T15:11:52.735+02:00 TRACE 4684 --- [clothlogix] [           main] o.s.d.r.c.RepositoryComponentProvider    : Scanning file [C:\Sviluppo\workArea\clothlogix\target\classes\com\fabless\clothlogix\model\entities\SezioneEntity.class]
2024-05-17T15:11:52.735+02:00 TRACE 4684 --- [clothlogix] [           main] o.s.d.r.c.RepositoryComponentProvider    : Ignored because not matching any filter: file [C:\Sviluppo\workArea\clothlogix\target\classes\com\fabless\clothlogix\model\entities\SezioneEntity.class]
2024-05-17T15:11:52.735+02:00 TRACE 4684 --- [clothlogix] [           main] o.s.d.r.c.RepositoryComponentProvider    : Scanning file [C:\Sviluppo\workArea\clothlogix\target\classes\com\fabless\clothlogix\model\entities\TagliaEntity.class]
2024-05-17T15:11:52.735+02:00 TRACE 4684 --- [clothlogix] [           main] o.s.d.r.c.RepositoryComponentProvider    : Ignored because not matching any filter: file [C:\Sviluppo\workArea\clothlogix\target\classes\com\fabless\clothlogix\model\entities\TagliaEntity.class]
2024-05-17T15:11:52.735+02:00 TRACE 4684 --- [clothlogix] [           main] o.s.d.r.c.RepositoryComponentProvider    : Scanning file [C:\Sviluppo\workArea\clothlogix\target\classes\com\fabless\clothlogix\model\entities\TipoEntity.class]
2024-05-17T15:11:52.735+02:00 TRACE 4684 --- [clothlogix] [           main] o.s.d.r.c.RepositoryComponentProvider    : Ignored because not matching any filter: file [C:\Sviluppo\workArea\clothlogix\target\classes\com\fabless\clothlogix\model\entities\TipoEntity.class]
2024-05-17T15:11:52.735+02:00 TRACE 4684 --- [clothlogix] [           main] o.s.d.r.c.RepositoryComponentProvider    : Scanning file [C:\Sviluppo\workArea\clothlogix\target\classes\com\fabless\clothlogix\model\entities\UtenteEntity.class]
2024-05-17T15:11:52.735+02:00 TRACE 4684 --- [clothlogix] [           main] o.s.d.r.c.RepositoryComponentProvider    : Ignored because not matching any filter: file [C:\Sviluppo\workArea\clothlogix\target\classes\com\fabless\clothlogix\model\entities\UtenteEntity.class]
2024-05-17T15:11:52.735+02:00 TRACE 4684 --- [clothlogix] [           main] o.s.d.r.c.RepositoryComponentProvider    : Scanning file [C:\Sviluppo\workArea\clothlogix\target\classes\com\fabless\clothlogix\Service\AbstractColoreService.class]
2024-05-17T15:11:52.735+02:00 TRACE 4684 --- [clothlogix] [           main] o.s.d.r.c.RepositoryComponentProvider    : Ignored because not matching any filter: file [C:\Sviluppo\workArea\clothlogix\target\classes\com\fabless\clothlogix\Service\AbstractColoreService.class]
2024-05-17T15:11:52.735+02:00 TRACE 4684 --- [clothlogix] [           main] o.s.d.r.c.RepositoryComponentProvider    : Scanning file [C:\Sviluppo\workArea\clothlogix\target\classes\com\fabless\clothlogix\Service\AbstractLoginService.class]
2024-05-17T15:11:52.735+02:00 TRACE 4684 --- [clothlogix] [           main] o.s.d.r.c.RepositoryComponentProvider    : Ignored because not matching any filter: file [C:\Sviluppo\workArea\clothlogix\target\classes\com\fabless\clothlogix\Service\AbstractLoginService.class]
2024-05-17T15:11:52.735+02:00 TRACE 4684 --- [clothlogix] [           main] o.s.d.r.c.RepositoryComponentProvider    : Scanning file [C:\Sviluppo\workArea\clothlogix\target\classes\com\fabless\clothlogix\Service\AbstractMagazzinoService.class]
2024-05-17T15:11:52.735+02:00 TRACE 4684 --- [clothlogix] [           main] o.s.d.r.c.RepositoryComponentProvider    : Ignored because not matching any filter: file [C:\Sviluppo\workArea\clothlogix\target\classes\com\fabless\clothlogix\Service\AbstractMagazzinoService.class]
2024-05-17T15:11:52.735+02:00 TRACE 4684 --- [clothlogix] [           main] o.s.d.r.c.RepositoryComponentProvider    : Scanning file [C:\Sviluppo\workArea\clothlogix\target\classes\com\fabless\clothlogix\Service\AbstractMaterialeService.class]
2024-05-17T15:11:52.735+02:00 TRACE 4684 --- [clothlogix] [           main] o.s.d.r.c.RepositoryComponentProvider    : Ignored because not matching any filter: file [C:\Sviluppo\workArea\clothlogix\target\classes\com\fabless\clothlogix\Service\AbstractMaterialeService.class]
2024-05-17T15:11:52.735+02:00 TRACE 4684 --- [clothlogix] [           main] o.s.d.r.c.RepositoryComponentProvider    : Scanning file [C:\Sviluppo\workArea\clothlogix\target\classes\com\fabless\clothlogix\Service\AbstractProdottoService.class]
2024-05-17T15:11:52.735+02:00 TRACE 4684 --- [clothlogix] [           main] o.s.d.r.c.RepositoryComponentProvider    : Ignored because not matching any filter: file [C:\Sviluppo\workArea\clothlogix\target\classes\com\fabless\clothlogix\Service\AbstractProdottoService.class]
2024-05-17T15:11:52.735+02:00 TRACE 4684 --- [clothlogix] [           main] o.s.d.r.c.RepositoryComponentProvider    : Scanning file [C:\Sviluppo\workArea\clothlogix\target\classes\com\fabless\clothlogix\Service\AbstractProfiloService.class]
2024-05-17T15:11:52.735+02:00 TRACE 4684 --- [clothlogix] [           main] o.s.d.r.c.RepositoryComponentProvider    : Ignored because not matching any filter: file [C:\Sviluppo\workArea\clothlogix\target\classes\com\fabless\clothlogix\Service\AbstractProfiloService.class]
2024-05-17T15:11:52.735+02:00 TRACE 4684 --- [clothlogix] [           main] o.s.d.r.c.RepositoryComponentProvider    : Scanning file [C:\Sviluppo\workArea\clothlogix\target\classes\com\fabless\clothlogix\Service\AbstractSezioneService.class]
2024-05-17T15:11:52.735+02:00 TRACE 4684 --- [clothlogix] [           main] o.s.d.r.c.RepositoryComponentProvider    : Ignored because not matching any filter: file [C:\Sviluppo\workArea\clothlogix\target\classes\com\fabless\clothlogix\Service\AbstractSezioneService.class]
2024-05-17T15:11:52.735+02:00 TRACE 4684 --- [clothlogix] [           main] o.s.d.r.c.RepositoryComponentProvider    : Scanning file [C:\Sviluppo\workArea\clothlogix\target\classes\com\fabless\clothlogix\Service\AbstractTagliaService.class]
2024-05-17T15:11:52.735+02:00 TRACE 4684 --- [clothlogix] [           main] o.s.d.r.c.RepositoryComponentProvider    : Ignored because not matching any filter: file [C:\Sviluppo\workArea\clothlogix\target\classes\com\fabless\clothlogix\Service\AbstractTagliaService.class]
2024-05-17T15:11:52.735+02:00 TRACE 4684 --- [clothlogix] [           main] o.s.d.r.c.RepositoryComponentProvider    : Scanning file [C:\Sviluppo\workArea\clothlogix\target\classes\com\fabless\clothlogix\Service\AbstractTipoService.class]
2024-05-17T15:11:52.735+02:00 TRACE 4684 --- [clothlogix] [           main] o.s.d.r.c.RepositoryComponentProvider    : Ignored because not matching any filter: file [C:\Sviluppo\workArea\clothlogix\target\classes\com\fabless\clothlogix\Service\AbstractTipoService.class]
2024-05-17T15:11:52.735+02:00 TRACE 4684 --- [clothlogix] [           main] o.s.d.r.c.RepositoryComponentProvider    : Scanning file [C:\Sviluppo\workArea\clothlogix\target\classes\com\fabless\clothlogix\Service\AbstractUtenteService.class]
2024-05-17T15:11:52.735+02:00 TRACE 4684 --- [clothlogix] [           main] o.s.d.r.c.RepositoryComponentProvider    : Ignored because not matching any filter: file [C:\Sviluppo\workArea\clothlogix\target\classes\com\fabless\clothlogix\Service\AbstractUtenteService.class]
2024-05-17T15:11:52.735+02:00 TRACE 4684 --- [clothlogix] [           main] o.s.d.r.c.RepositoryComponentProvider    : Scanning file [C:\Sviluppo\workArea\clothlogix\target\classes\com\fabless\clothlogix\Service\Impl\ColoreService.class]
2024-05-17T15:11:52.735+02:00 TRACE 4684 --- [clothlogix] [           main] o.s.d.r.c.RepositoryComponentProvider    : Ignored because not matching any filter: file [C:\Sviluppo\workArea\clothlogix\target\classes\com\fabless\clothlogix\Service\Impl\ColoreService.class]
2024-05-17T15:11:52.735+02:00 TRACE 4684 --- [clothlogix] [           main] o.s.d.r.c.RepositoryComponentProvider    : Scanning file [C:\Sviluppo\workArea\clothlogix\target\classes\com\fabless\clothlogix\Service\Impl\LoginService.class]
2024-05-17T15:11:52.735+02:00 TRACE 4684 --- [clothlogix] [           main] o.s.d.r.c.RepositoryComponentProvider    : Ignored because not matching any filter: file [C:\Sviluppo\workArea\clothlogix\target\classes\com\fabless\clothlogix\Service\Impl\LoginService.class]
2024-05-17T15:11:52.735+02:00 TRACE 4684 --- [clothlogix] [           main] o.s.d.r.c.RepositoryComponentProvider    : Scanning file [C:\Sviluppo\workArea\clothlogix\target\classes\com\fabless\clothlogix\Service\Impl\MagazzinoService.class]
2024-05-17T15:11:52.735+02:00 TRACE 4684 --- [clothlogix] [           main] o.s.d.r.c.RepositoryComponentProvider    : Ignored because not matching any filter: file [C:\Sviluppo\workArea\clothlogix\target\classes\com\fabless\clothlogix\Service\Impl\MagazzinoService.class]
2024-05-17T15:11:52.735+02:00 TRACE 4684 --- [clothlogix] [           main] o.s.d.r.c.RepositoryComponentProvider    : Scanning file [C:\Sviluppo\workArea\clothlogix\target\classes\com\fabless\clothlogix\Service\Impl\MaterialeService.class]
2024-05-17T15:11:52.735+02:00 TRACE 4684 --- [clothlogix] [           main] o.s.d.r.c.RepositoryComponentProvider    : Ignored because not matching any filter: file [C:\Sviluppo\workArea\clothlogix\target\classes\com\fabless\clothlogix\Service\Impl\MaterialeService.class]
2024-05-17T15:11:52.735+02:00 TRACE 4684 --- [clothlogix] [           main] o.s.d.r.c.RepositoryComponentProvider    : Scanning file [C:\Sviluppo\workArea\clothlogix\target\classes\com\fabless\clothlogix\Service\Impl\ProdottoService.class]
2024-05-17T15:11:52.735+02:00 TRACE 4684 --- [clothlogix] [           main] o.s.d.r.c.RepositoryComponentProvider    : Ignored because not matching any filter: file [C:\Sviluppo\workArea\clothlogix\target\classes\com\fabless\clothlogix\Service\Impl\ProdottoService.class]
2024-05-17T15:11:52.735+02:00 TRACE 4684 --- [clothlogix] [           main] o.s.d.r.c.RepositoryComponentProvider    : Scanning file [C:\Sviluppo\workArea\clothlogix\target\classes\com\fabless\clothlogix\Service\Impl\ProfiloService.class]
2024-05-17T15:11:52.735+02:00 TRACE 4684 --- [clothlogix] [           main] o.s.d.r.c.RepositoryComponentProvider    : Ignored because not matching any filter: file [C:\Sviluppo\workArea\clothlogix\target\classes\com\fabless\clothlogix\Service\Impl\ProfiloService.class]
2024-05-17T15:11:52.735+02:00 TRACE 4684 --- [clothlogix] [           main] o.s.d.r.c.RepositoryComponentProvider    : Scanning file [C:\Sviluppo\workArea\clothlogix\target\classes\com\fabless\clothlogix\Service\Impl\SezioneService.class]
2024-05-17T15:11:52.735+02:00 TRACE 4684 --- [clothlogix] [           main] o.s.d.r.c.RepositoryComponentProvider    : Ignored because not matching any filter: file [C:\Sviluppo\workArea\clothlogix\target\classes\com\fabless\clothlogix\Service\Impl\SezioneService.class]
2024-05-17T15:11:52.735+02:00 TRACE 4684 --- [clothlogix] [           main] o.s.d.r.c.RepositoryComponentProvider    : Scanning file [C:\Sviluppo\workArea\clothlogix\target\classes\com\fabless\clothlogix\Service\Impl\TagliaService.class]
2024-05-17T15:11:52.735+02:00 TRACE 4684 --- [clothlogix] [           main] o.s.d.r.c.RepositoryComponentProvider    : Ignored because not matching any filter: file [C:\Sviluppo\workArea\clothlogix\target\classes\com\fabless\clothlogix\Service\Impl\TagliaService.class]
2024-05-17T15:11:52.735+02:00 TRACE 4684 --- [clothlogix] [           main] o.s.d.r.c.RepositoryComponentProvider    : Scanning file [C:\Sviluppo\workArea\clothlogix\target\classes\com\fabless\clothlogix\Service\Impl\TipoService.class]
2024-05-17T15:11:52.735+02:00 TRACE 4684 --- [clothlogix] [           main] o.s.d.r.c.RepositoryComponentProvider    : Ignored because not matching any filter: file [C:\Sviluppo\workArea\clothlogix\target\classes\com\fabless\clothlogix\Service\Impl\TipoService.class]
2024-05-17T15:11:52.735+02:00 TRACE 4684 --- [clothlogix] [           main] o.s.d.r.c.RepositoryComponentProvider    : Scanning file [C:\Sviluppo\workArea\clothlogix\target\classes\com\fabless\clothlogix\Service\Impl\UtenteService.class]
2024-05-17T15:11:52.735+02:00 TRACE 4684 --- [clothlogix] [           main] o.s.d.r.c.RepositoryComponentProvider    : Ignored because not matching any filter: file [C:\Sviluppo\workArea\clothlogix\target\classes\com\fabless\clothlogix\Service\Impl\UtenteService.class]
2024-05-17T15:11:52.735+02:00 TRACE 4684 --- [clothlogix] [           main] o.s.d.r.c.RepositoryComponentProvider    : Scanning file [C:\Sviluppo\workArea\clothlogix\target\classes\com\fabless\clothlogix\ServletInitializer.class]
2024-05-17T15:11:52.735+02:00 TRACE 4684 --- [clothlogix] [           main] o.s.d.r.c.RepositoryComponentProvider    : Ignored because not matching any filter: file [C:\Sviluppo\workArea\clothlogix\target\classes\com\fabless\clothlogix\ServletInitializer.class]
2024-05-17T15:11:52.742+02:00  INFO 4684 --- [clothlogix] [           main] .s.d.r.c.RepositoryConfigurationDelegate : Finished Spring Data repository scanning in 16 ms. Found 0 JPA repository interfaces.
2024-05-17T15:11:52.742+02:00 TRACE 4684 --- [clothlogix] [           main] o.s.b.a.condition.OnClassCondition       : Condition OnClassCondition on org.springframework.boot.autoconfigure.http.HttpMessageConvertersAutoConfiguration matched due to @ConditionalOnClass found required class 'org.springframework.http.converter.HttpMessageConverter'
2024-05-17T15:11:52.742+02:00 TRACE 4684 --- [clothlogix] [           main] o.s.b.f.s.DefaultListableBeanFactory     : Returning cached instance of singleton bean 'autoConfigurationReport'
2024-05-17T15:11:52.742+02:00 TRACE 4684 --- [clothlogix] [           main] o.s.b.a.condition.OnClassCondition       : Condition OnClassCondition on org.springframework.boot.autoconfigure.http.HttpMessageConvertersAutoConfiguration$StringHttpMessageConverterConfiguration matched due to @ConditionalOnClass found required class 'org.springframework.http.converter.StringHttpMessageConverter'
2024-05-17T15:11:52.742+02:00 TRACE 4684 --- [clothlogix] [           main] o.s.b.f.s.DefaultListableBeanFactory     : Returning cached instance of singleton bean 'autoConfigurationReport'
2024-05-17T15:11:52.742+02:00 TRACE 4684 --- [clothlogix] [           main] a.ConfigurationClassBeanDefinitionReader : Registered bean definition for imported class 'org.springframework.boot.autoconfigure.http.HttpMessageConvertersAutoConfiguration$StringHttpMessageConverterConfiguration'
2024-05-17T15:11:52.742+02:00 TRACE 4684 --- [clothlogix] [           main] o.s.b.a.condition.OnBeanCondition        : Condition OnBeanCondition on org.springframework.boot.autoconfigure.http.HttpMessageConvertersAutoConfiguration$StringHttpMessageConverterConfiguration#stringHttpMessageConverter matched due to @ConditionalOnMissingBean (types: org.springframework.http.converter.StringHttpMessageConverter; SearchStrategy: all) did not find any beans
2024-05-17T15:11:52.742+02:00 TRACE 4684 --- [clothlogix] [           main] o.s.b.f.s.DefaultListableBeanFactory     : Returning cached instance of singleton bean 'autoConfigurationReport'
2024-05-17T15:11:52.742+02:00 TRACE 4684 --- [clothlogix] [           main] a.ConfigurationClassBeanDefinitionReader : Registering bean definition for @Bean method org.springframework.boot.autoconfigure.http.HttpMessageConvertersAutoConfiguration$StringHttpMessageConverterConfiguration.stringHttpMessageConverter()
2024-05-17T15:11:52.742+02:00 TRACE 4684 --- [clothlogix] [           main] o.s.b.a.condition.OnClassCondition       : Condition OnClassCondition on org.springframework.boot.autoconfigure.http.JacksonHttpMessageConvertersConfiguration$MappingJackson2HttpMessageConverterConfiguration matched due to @ConditionalOnClass found required class 'com.fasterxml.jackson.databind.ObjectMapper'
2024-05-17T15:11:52.742+02:00 TRACE 4684 --- [clothlogix] [           main] o.s.b.f.s.DefaultListableBeanFactory     : Returning cached instance of singleton bean 'autoConfigurationReport'
2024-05-17T15:11:52.742+02:00 TRACE 4684 --- [clothlogix] [           main] o.s.b.a.condition.OnPropertyCondition    : Condition OnPropertyCondition on org.springframework.boot.autoconfigure.http.JacksonHttpMessageConvertersConfiguration$MappingJackson2HttpMessageConverterConfiguration matched due to @ConditionalOnProperty (spring.mvc.converters.preferred-json-mapper=jackson) matched
2024-05-17T15:11:52.742+02:00 TRACE 4684 --- [clothlogix] [           main] o.s.b.f.s.DefaultListableBeanFactory     : Returning cached instance of singleton bean 'autoConfigurationReport'
2024-05-17T15:11:52.742+02:00 TRACE 4684 --- [clothlogix] [           main] o.s.b.a.condition.OnBeanCondition        : Condition OnBeanCondition on org.springframework.boot.autoconfigure.http.JacksonHttpMessageConvertersConfiguration$MappingJackson2HttpMessageConverterConfiguration matched due to @ConditionalOnBean (types: com.fasterxml.jackson.databind.ObjectMapper; SearchStrategy: all) found bean 'jacksonObjectMapper'
2024-05-17T15:11:52.742+02:00 TRACE 4684 --- [clothlogix] [           main] o.s.b.f.s.DefaultListableBeanFactory     : Returning cached instance of singleton bean 'autoConfigurationReport'
2024-05-17T15:11:52.742+02:00 TRACE 4684 --- [clothlogix] [           main] a.ConfigurationClassBeanDefinitionReader : Registered bean definition for imported class 'org.springframework.boot.autoconfigure.http.JacksonHttpMessageConvertersConfiguration$MappingJackson2HttpMessageConverterConfiguration'
2024-05-17T15:11:52.752+02:00 TRACE 4684 --- [clothlogix] [           main] o.s.b.a.condition.OnBeanCondition        : Condition OnBeanCondition on org.springframework.boot.autoconfigure.http.JacksonHttpMessageConvertersConfiguration$MappingJackson2HttpMessageConverterConfiguration#mappingJackson2HttpMessageConverter matched due to @ConditionalOnMissingBean (types: org.springframework.http.converter.json.MappingJackson2HttpMessageConverter ignored: org.springframework.hateoas.server.mvc.TypeConstrainedMappingJackson2HttpMessageConverter,org.springframework.data.rest.webmvc.alps.AlpsJsonHttpMessageConverter; SearchStrategy: all) did not find any beans
2024-05-17T15:11:52.752+02:00 TRACE 4684 --- [clothlogix] [           main] o.s.b.f.s.DefaultListableBeanFactory     : Returning cached instance of singleton bean 'autoConfigurationReport'
2024-05-17T15:11:52.752+02:00 TRACE 4684 --- [clothlogix] [           main] a.ConfigurationClassBeanDefinitionReader : Registering bean definition for @Bean method org.springframework.boot.autoconfigure.http.JacksonHttpMessageConvertersConfiguration$MappingJackson2HttpMessageConverterConfiguration.mappingJackson2HttpMessageConverter()
2024-05-17T15:11:52.752+02:00 TRACE 4684 --- [clothlogix] [           main] a.ConfigurationClassBeanDefinitionReader : Registered bean definition for imported class 'org.springframework.boot.autoconfigure.http.JacksonHttpMessageConvertersConfiguration'
2024-05-17T15:11:52.752+02:00 TRACE 4684 --- [clothlogix] [           main] a.ConfigurationClassBeanDefinitionReader : Registered bean definition for imported class 'org.springframework.boot.autoconfigure.http.HttpMessageConvertersAutoConfiguration'
2024-05-17T15:11:52.752+02:00 TRACE 4684 --- [clothlogix] [           main] o.s.b.a.condition.OnBeanCondition        : Condition OnBeanCondition on org.springframework.boot.autoconfigure.http.HttpMessageConvertersAutoConfiguration#messageConverters matched due to @ConditionalOnMissingBean (types: org.springframework.boot.autoconfigure.http.HttpMessageConverters; SearchStrategy: all) did not find any beans
2024-05-17T15:11:52.752+02:00 TRACE 4684 --- [clothlogix] [           main] o.s.b.f.s.DefaultListableBeanFactory     : Returning cached instance of singleton bean 'autoConfigurationReport'
2024-05-17T15:11:52.752+02:00 TRACE 4684 --- [clothlogix] [           main] a.ConfigurationClassBeanDefinitionReader : Registering bean definition for @Bean method org.springframework.boot.autoconfigure.http.HttpMessageConvertersAutoConfiguration.messageConverters()
2024-05-17T15:11:52.752+02:00 TRACE 4684 --- [clothlogix] [           main] o.s.b.a.condition.OnClassCondition       : Condition OnClassCondition on org.springframework.boot.autoconfigure.data.rest.RepositoryRestMvcAutoConfiguration matched due to @ConditionalOnClass found required class 'org.springframework.data.rest.webmvc.config.RepositoryRestMvcConfiguration'
2024-05-17T15:11:52.752+02:00 TRACE 4684 --- [clothlogix] [           main] o.s.b.f.s.DefaultListableBeanFactory     : Returning cached instance of singleton bean 'autoConfigurationReport'
2024-05-17T15:11:52.752+02:00 TRACE 4684 --- [clothlogix] [           main] o.s.b.a.c.OnWebApplicationCondition      : Condition OnWebApplicationCondition on org.springframework.boot.autoconfigure.data.rest.RepositoryRestMvcAutoConfiguration matched due to found 'session' scope
2024-05-17T15:11:52.752+02:00 TRACE 4684 --- [clothlogix] [           main] o.s.b.f.s.DefaultListableBeanFactory     : Returning cached instance of singleton bean 'autoConfigurationReport'
2024-05-17T15:11:52.752+02:00 TRACE 4684 --- [clothlogix] [           main] o.s.b.a.condition.OnBeanCondition        : Condition OnBeanCondition on org.springframework.boot.autoconfigure.data.rest.RepositoryRestMvcAutoConfiguration matched due to @ConditionalOnMissingBean (types: org.springframework.data.rest.webmvc.config.RepositoryRestMvcConfiguration; SearchStrategy: all) did not find any beans
2024-05-17T15:11:52.752+02:00 TRACE 4684 --- [clothlogix] [           main] o.s.b.f.s.DefaultListableBeanFactory     : Returning cached instance of singleton bean 'autoConfigurationReport'
2024-05-17T15:11:52.752+02:00 TRACE 4684 --- [clothlogix] [           main] a.ConfigurationClassBeanDefinitionReader : Registered bean definition for imported class 'org.springframework.hateoas.mediatype.hal.HalMediaTypeConfiguration'
2024-05-17T15:11:52.752+02:00 TRACE 4684 --- [clothlogix] [           main] a.ConfigurationClassBeanDefinitionReader : Registering bean definition for @Bean method org.springframework.hateoas.mediatype.hal.HalMediaTypeConfiguration.halLinkDisocoverer()
2024-05-17T15:11:52.752+02:00 TRACE 4684 --- [clothlogix] [           main] a.ConfigurationClassBeanDefinitionReader : Registered bean definition for imported class 'org.springframework.hateoas.mediatype.hal.forms.HalFormsMediaTypeConfiguration'
2024-05-17T15:11:52.752+02:00 TRACE 4684 --- [clothlogix] [           main] a.ConfigurationClassBeanDefinitionReader : Registering bean definition for @Bean method org.springframework.hateoas.mediatype.hal.forms.HalFormsMediaTypeConfiguration.halFormsLinkDiscoverer()
2024-05-17T15:11:52.752+02:00 TRACE 4684 --- [clothlogix] [           main] a.ConfigurationClassBeanDefinitionReader : Registering bean definition for @Bean method org.springframework.hateoas.mediatype.hal.forms.HalFormsMediaTypeConfiguration.halFormsTemplatePropertyWriter()
2024-05-17T15:11:52.752+02:00 TRACE 4684 --- [clothlogix] [           main] a.ConfigurationClassBeanDefinitionReader : Registered bean definition for imported class 'org.springframework.hateoas.config.WebTestHateoasConfiguration'
2024-05-17T15:11:52.752+02:00 TRACE 4684 --- [clothlogix] [           main] a.ConfigurationClassBeanDefinitionReader : Registering bean definition for @Bean method org.springframework.hateoas.config.WebTestHateoasConfiguration.webTestClientConfigurer()
2024-05-17T15:11:52.762+02:00 TRACE 4684 --- [clothlogix] [           main] a.ConfigurationClassBeanDefinitionReader : Registered bean definition for imported class 'org.springframework.hateoas.config.HateoasConfiguration'
2024-05-17T15:11:52.762+02:00 TRACE 4684 --- [clothlogix] [           main] a.ConfigurationClassBeanDefinitionReader : Registering bean definition for @Bean method org.springframework.hateoas.config.HateoasConfiguration.messageResolver()
2024-05-17T15:11:52.762+02:00 TRACE 4684 --- [clothlogix] [           main] a.ConfigurationClassBeanDefinitionReader : Registering bean definition for @Bean method org.springframework.hateoas.config.HateoasConfiguration.hypermediaWebMvcConverters()
2024-05-17T15:11:52.762+02:00 TRACE 4684 --- [clothlogix] [           main] a.ConfigurationClassBeanDefinitionReader : Registering bean definition for @Bean method org.springframework.hateoas.config.HateoasConfiguration.defaultRelProvider()
2024-05-17T15:11:52.762+02:00 TRACE 4684 --- [clothlogix] [           main] a.ConfigurationClassBeanDefinitionReader : Registering bean definition for @Bean method org.springframework.hateoas.config.HateoasConfiguration.annotationRelProvider()
2024-05-17T15:11:52.762+02:00 TRACE 4684 --- [clothlogix] [           main] a.ConfigurationClassBeanDefinitionReader : Registering bean definition for @Bean method org.springframework.hateoas.config.HateoasConfiguration._relProvider()
2024-05-17T15:11:52.762+02:00 TRACE 4684 --- [clothlogix] [           main] a.ConfigurationClassBeanDefinitionReader : Registering bean definition for @Bean method org.springframework.hateoas.config.HateoasConfiguration.relProviderPluginRegistry()
2024-05-17T15:11:52.762+02:00 TRACE 4684 --- [clothlogix] [           main] a.ConfigurationClassBeanDefinitionReader : Registering bean definition for @Bean method org.springframework.hateoas.config.HateoasConfiguration.linkDiscoverers()
2024-05-17T15:11:52.762+02:00 TRACE 4684 --- [clothlogix] [           main] a.ConfigurationClassBeanDefinitionReader : Registered bean definition for imported class 'org.springframework.hateoas.config.WebMvcEntityLinksConfiguration'
2024-05-17T15:11:52.762+02:00 TRACE 4684 --- [clothlogix] [           main] a.ConfigurationClassBeanDefinitionReader : Registering bean definition for @Bean method org.springframework.hateoas.config.WebMvcEntityLinksConfiguration.webMvcEntityLinks()
2024-05-17T15:11:52.762+02:00 TRACE 4684 --- [clothlogix] [           main] a.ConfigurationClassBeanDefinitionReader : Registering bean definition for @Bean method org.springframework.hateoas.config.WebMvcEntityLinksConfiguration.entityLinksPluginRegistry()
2024-05-17T15:11:52.762+02:00 TRACE 4684 --- [clothlogix] [           main] a.ConfigurationClassBeanDefinitionReader : Registering bean definition for @Bean method org.springframework.hateoas.config.WebMvcEntityLinksConfiguration.delegatingEntityLinks()
2024-05-17T15:11:52.762+02:00 TRACE 4684 --- [clothlogix] [           main] a.ConfigurationClassBeanDefinitionReader : Registered bean definition for imported class 'org.springframework.hateoas.config.WebMvcHateoasConfiguration'
2024-05-17T15:11:52.762+02:00 TRACE 4684 --- [clothlogix] [           main] a.ConfigurationClassBeanDefinitionReader : Registering bean definition for @Bean method org.springframework.hateoas.config.WebMvcHateoasConfiguration.hypermediaWebMvcConfigurer()
2024-05-17T15:11:52.762+02:00 TRACE 4684 --- [clothlogix] [           main] a.ConfigurationClassBeanDefinitionReader : Registering bean definition for @Bean method org.springframework.hateoas.config.WebMvcHateoasConfiguration.representationModelProcessorInvoker()
2024-05-17T15:11:52.762+02:00 TRACE 4684 --- [clothlogix] [           main] a.ConfigurationClassBeanDefinitionReader : Registering bean definition for @Bean method org.springframework.hateoas.config.WebMvcHateoasConfiguration.hypermediaRepresentionModelProcessorConfigurator()
2024-05-17T15:11:52.762+02:00 TRACE 4684 --- [clothlogix] [           main] a.ConfigurationClassBeanDefinitionReader : Registering bean definition for @Bean method org.springframework.hateoas.config.WebMvcHateoasConfiguration.webMvcLinkBuilderFactory()
2024-05-17T15:11:52.762+02:00 TRACE 4684 --- [clothlogix] [           main] a.ConfigurationClassBeanDefinitionReader : Registered bean definition for imported class 'org.springframework.hateoas.config.RestTemplateHateoasConfiguration'
2024-05-17T15:11:52.762+02:00 TRACE 4684 --- [clothlogix] [           main] a.ConfigurationClassBeanDefinitionReader : Registering bean definition for @Bean method org.springframework.hateoas.config.RestTemplateHateoasConfiguration.hypermediaRestTemplateBeanPostProcessor()
2024-05-17T15:11:52.762+02:00 TRACE 4684 --- [clothlogix] [           main] a.ConfigurationClassBeanDefinitionReader : Registering bean definition for @Bean method org.springframework.hateoas.config.RestTemplateHateoasConfiguration.hypermediaRestTemplateConfigurer()
2024-05-17T15:11:52.762+02:00 TRACE 4684 --- [clothlogix] [           main] a.ConfigurationClassBeanDefinitionReader : Registered bean definition for imported class 'org.springframework.data.rest.webmvc.RestControllerConfiguration'
2024-05-17T15:11:52.762+02:00 TRACE 4684 --- [clothlogix] [           main] a.ConfigurationClassBeanDefinitionReader : Registering bean definition for @Bean method org.springframework.data.rest.webmvc.RestControllerConfiguration.repositoryController()
2024-05-17T15:11:52.762+02:00 TRACE 4684 --- [clothlogix] [           main] a.ConfigurationClassBeanDefinitionReader : Registering bean definition for @Bean method org.springframework.data.rest.webmvc.RestControllerConfiguration.repositoryEntityController()
2024-05-17T15:11:52.767+02:00 TRACE 4684 --- [clothlogix] [           main] a.ConfigurationClassBeanDefinitionReader : Registering bean definition for @Bean method org.springframework.data.rest.webmvc.RestControllerConfiguration.repositoryPropertyReferenceController()
2024-05-17T15:11:52.767+02:00 TRACE 4684 --- [clothlogix] [           main] a.ConfigurationClassBeanDefinitionReader : Registering bean definition for @Bean method org.springframework.data.rest.webmvc.RestControllerConfiguration.repositorySearchController()
2024-05-17T15:11:52.767+02:00 TRACE 4684 --- [clothlogix] [           main] a.ConfigurationClassBeanDefinitionReader : Registering bean definition for @Bean method org.springframework.data.rest.webmvc.RestControllerConfiguration.repositorySchemaController()
2024-05-17T15:11:52.767+02:00 TRACE 4684 --- [clothlogix] [           main] a.ConfigurationClassBeanDefinitionReader : Registering bean definition for @Bean method org.springframework.data.rest.webmvc.RestControllerConfiguration.alpsController()
2024-05-17T15:11:52.767+02:00 TRACE 4684 --- [clothlogix] [           main] a.ConfigurationClassBeanDefinitionReader : Registering bean definition for @Bean method org.springframework.data.rest.webmvc.RestControllerConfiguration.profileController()
2024-05-17T15:11:52.767+02:00 TRACE 4684 --- [clothlogix] [           main] a.ConfigurationClassBeanDefinitionReader : Registered bean definition for imported class 'org.springframework.data.web.config.SpringDataJacksonConfiguration'
2024-05-17T15:11:52.767+02:00 TRACE 4684 --- [clothlogix] [           main] a.ConfigurationClassBeanDefinitionReader : Registering bean definition for @Bean method org.springframework.data.web.config.SpringDataJacksonConfiguration.jacksonGeoModule()
2024-05-17T15:11:52.767+02:00 TRACE 4684 --- [clothlogix] [           main] a.ConfigurationClassBeanDefinitionReader : Registering bean definition for @Bean method org.springframework.data.web.config.SpringDataJacksonConfiguration.pageModule()
2024-05-17T15:11:52.767+02:00 TRACE 4684 --- [clothlogix] [           main] a.ConfigurationClassBeanDefinitionReader : Registered bean definition for imported class 'org.springframework.data.rest.webmvc.config.RepositoryRestMvcConfiguration'
2024-05-17T15:11:52.767+02:00 TRACE 4684 --- [clothlogix] [           main] a.ConfigurationClassBeanDefinitionReader : Registering bean definition for @Bean method org.springframework.data.rest.webmvc.config.RepositoryRestMvcConfiguration.repositories()
2024-05-17T15:11:52.767+02:00 TRACE 4684 --- [clothlogix] [           main] a.ConfigurationClassBeanDefinitionReader : Registering bean definition for @Bean method org.springframework.data.rest.webmvc.config.RepositoryRestMvcConfiguration.repositoryRelProvider()
2024-05-17T15:11:52.767+02:00 TRACE 4684 --- [clothlogix] [           main] a.ConfigurationClassBeanDefinitionReader : Registering bean definition for @Bean method org.springframework.data.rest.webmvc.config.RepositoryRestMvcConfiguration.persistentEntities()
2024-05-17T15:11:52.767+02:00 TRACE 4684 --- [clothlogix] [           main] a.ConfigurationClassBeanDefinitionReader : Registering bean definition for @Bean method org.springframework.data.rest.webmvc.config.RepositoryRestMvcConfiguration.defaultConversionService()
2024-05-17T15:11:52.767+02:00 TRACE 4684 --- [clothlogix] [           main] a.ConfigurationClassBeanDefinitionReader : Registering bean definition for @Bean method org.springframework.data.rest.webmvc.config.RepositoryRestMvcConfiguration.validatingRepositoryEventListener()
2024-05-17T15:11:52.767+02:00 TRACE 4684 --- [clothlogix] [           main] a.ConfigurationClassBeanDefinitionReader : Registering bean definition for @Bean method org.springframework.data.rest.webmvc.config.RepositoryRestMvcConfiguration.jpaHelper()
2024-05-17T15:11:52.767+02:00 TRACE 4684 --- [clothlogix] [           main] a.ConfigurationClassBeanDefinitionReader : Registering bean definition for @Bean method org.springframework.data.rest.webmvc.config.RepositoryRestMvcConfiguration.repositoryRestConfiguration()
2024-05-17T15:11:52.767+02:00 TRACE 4684 --- [clothlogix] [           main] a.ConfigurationClassBeanDefinitionReader : Registering bean definition for @Bean method org.springframework.data.rest.webmvc.config.RepositoryRestMvcConfiguration.projectionDefinitionRegistrar()
2024-05-17T15:11:52.767+02:00 TRACE 4684 --- [clothlogix] [           main] a.ConfigurationClassBeanDefinitionReader : Registering bean definition for @Bean method org.springframework.data.rest.webmvc.config.RepositoryRestMvcConfiguration.metadataConfiguration()
2024-05-17T15:11:52.767+02:00 TRACE 4684 --- [clothlogix] [           main] a.ConfigurationClassBeanDefinitionReader : Registering bean definition for @Bean method org.springframework.data.rest.webmvc.config.RepositoryRestMvcConfiguration.baseUri()
2024-05-17T15:11:52.767+02:00 TRACE 4684 --- [clothlogix] [           main] a.ConfigurationClassBeanDefinitionReader : Registering bean definition for @Bean method org.springframework.data.rest.webmvc.config.RepositoryRestMvcConfiguration.annotatedEventHandlerInvoker()
2024-05-17T15:11:52.767+02:00 TRACE 4684 --- [clothlogix] [           main] a.ConfigurationClassBeanDefinitionReader : Registering bean definition for @Bean method org.springframework.data.rest.webmvc.config.RepositoryRestMvcConfiguration.repoRequestArgumentResolver()
2024-05-17T15:11:52.767+02:00 TRACE 4684 --- [clothlogix] [           main] a.ConfigurationClassBeanDefinitionReader : Registering bean definition for @Bean method org.springframework.data.rest.webmvc.config.RepositoryRestMvcConfiguration.resourceMetadataHandlerMethodArgumentResolver()
2024-05-17T15:11:52.767+02:00 TRACE 4684 --- [clothlogix] [           main] a.ConfigurationClassBeanDefinitionReader : Registering bean definition for @Bean method org.springframework.data.rest.webmvc.config.RepositoryRestMvcConfiguration.backendIdHandlerMethodArgumentResolver()
2024-05-17T15:11:52.767+02:00 TRACE 4684 --- [clothlogix] [           main] a.ConfigurationClassBeanDefinitionReader : Registering bean definition for @Bean method org.springframework.data.rest.webmvc.config.RepositoryRestMvcConfiguration.eTagArgumentResolver()
2024-05-17T15:11:52.767+02:00 TRACE 4684 --- [clothlogix] [           main] a.ConfigurationClassBeanDefinitionReader : Registering bean definition for @Bean method org.springframework.data.rest.webmvc.config.RepositoryRestMvcConfiguration.entityLinks()
2024-05-17T15:11:52.767+02:00 TRACE 4684 --- [clothlogix] [           main] a.ConfigurationClassBeanDefinitionReader : Registering bean definition for @Bean method org.springframework.data.rest.webmvc.config.RepositoryRestMvcConfiguration.persistentEntityArgumentResolver()
2024-05-17T15:11:52.767+02:00 TRACE 4684 --- [clothlogix] [           main] a.ConfigurationClassBeanDefinitionReader : Registering bean definition for @Bean method org.springframework.data.rest.webmvc.config.RepositoryRestMvcConfiguration.jsonSchemaConverter()
2024-05-17T15:11:52.767+02:00 TRACE 4684 --- [clothlogix] [           main] a.ConfigurationClassBeanDefinitionReader : Registering bean definition for @Bean method org.springframework.data.rest.webmvc.config.RepositoryRestMvcConfiguration.jacksonHttpMessageConverter()
2024-05-17T15:11:52.767+02:00 TRACE 4684 --- [clothlogix] [           main] a.ConfigurationClassBeanDefinitionReader : Registering bean definition for @Bean method org.springframework.data.rest.webmvc.config.RepositoryRestMvcConfiguration.halJacksonHttpMessageConverter()
2024-05-17T15:11:52.767+02:00 TRACE 4684 --- [clothlogix] [           main] a.ConfigurationClassBeanDefinitionReader : Registering bean definition for @Bean method org.springframework.data.rest.webmvc.config.RepositoryRestMvcConfiguration.halFormsJacksonHttpMessageConverter()
2024-05-17T15:11:52.767+02:00 TRACE 4684 --- [clothlogix] [           main] a.ConfigurationClassBeanDefinitionReader : Registering bean definition for @Bean method org.springframework.data.rest.webmvc.config.RepositoryRestMvcConfiguration.uriListHttpMessageConverter()
2024-05-17T15:11:52.767+02:00 TRACE 4684 --- [clothlogix] [           main] a.ConfigurationClassBeanDefinitionReader : Registering bean definition for @Bean method org.springframework.data.rest.webmvc.config.RepositoryRestMvcConfiguration.repositoryExporterHandlerAdapter()
2024-05-17T15:11:52.767+02:00 TRACE 4684 --- [clothlogix] [           main] a.ConfigurationClassBeanDefinitionReader : Registering bean definition for @Bean method org.springframework.data.rest.webmvc.config.RepositoryRestMvcConfiguration.restHandlerMapping()
2024-05-17T15:11:52.772+02:00 TRACE 4684 --- [clothlogix] [           main] a.ConfigurationClassBeanDefinitionReader : Registering bean definition for @Bean method org.springframework.data.rest.webmvc.config.RepositoryRestMvcConfiguration.resourceMappings()
2024-05-17T15:11:52.772+02:00 TRACE 4684 --- [clothlogix] [           main] a.ConfigurationClassBeanDefinitionReader : Registering bean definition for @Bean method org.springframework.data.rest.webmvc.config.RepositoryRestMvcConfiguration.linkCollector()
2024-05-17T15:11:52.772+02:00 TRACE 4684 --- [clothlogix] [           main] a.ConfigurationClassBeanDefinitionReader : Registering bean definition for @Bean method org.springframework.data.rest.webmvc.config.RepositoryRestMvcConfiguration.excerptProjector()
2024-05-17T15:11:52.772+02:00 TRACE 4684 --- [clothlogix] [           main] a.ConfigurationClassBeanDefinitionReader : Registering bean definition for @Bean method org.springframework.data.rest.webmvc.config.RepositoryRestMvcConfiguration.repositoryRestExceptionHandler()
2024-05-17T15:11:52.772+02:00 TRACE 4684 --- [clothlogix] [           main] a.ConfigurationClassBeanDefinitionReader : Registering bean definition for @Bean method org.springframework.data.rest.webmvc.config.RepositoryRestMvcConfiguration.repositoryInvokerFactory()
2024-05-17T15:11:52.772+02:00 TRACE 4684 --- [clothlogix] [           main] a.ConfigurationClassBeanDefinitionReader : Registering bean definition for @Bean method org.springframework.data.rest.webmvc.config.RepositoryRestMvcConfiguration.defaultMessageConverters()
2024-05-17T15:11:52.772+02:00 TRACE 4684 --- [clothlogix] [           main] a.ConfigurationClassBeanDefinitionReader : Registering bean definition for @Bean method org.springframework.data.rest.webmvc.config.RepositoryRestMvcConfiguration.alpsJsonHttpMessageConverter()
2024-05-17T15:11:52.772+02:00 TRACE 4684 --- [clothlogix] [           main] a.ConfigurationClassBeanDefinitionReader : Registering bean definition for @Bean method org.springframework.data.rest.webmvc.config.RepositoryRestMvcConfiguration.pageableResolver()
2024-05-17T15:11:52.772+02:00 TRACE 4684 --- [clothlogix] [           main] a.ConfigurationClassBeanDefinitionReader : Registering bean definition for @Bean method org.springframework.data.rest.webmvc.config.RepositoryRestMvcConfiguration.sortResolver()
2024-05-17T15:11:52.772+02:00 TRACE 4684 --- [clothlogix] [           main] a.ConfigurationClassBeanDefinitionReader : Registering bean definition for @Bean method org.springframework.data.rest.webmvc.config.RepositoryRestMvcConfiguration.backendIdConverterRegistry()
2024-05-17T15:11:52.772+02:00 TRACE 4684 --- [clothlogix] [           main] a.ConfigurationClassBeanDefinitionReader : Registering bean definition for @Bean method org.springframework.data.rest.webmvc.config.RepositoryRestMvcConfiguration.auditableBeanWrapperFactory()
2024-05-17T15:11:52.772+02:00 TRACE 4684 --- [clothlogix] [           main] a.ConfigurationClassBeanDefinitionReader : Registering bean definition for @Bean method org.springframework.data.rest.webmvc.config.RepositoryRestMvcConfiguration.httpHeadersPreparer()
2024-05-17T15:11:52.772+02:00 TRACE 4684 --- [clothlogix] [           main] a.ConfigurationClassBeanDefinitionReader : Registering bean definition for @Bean method org.springframework.data.rest.webmvc.config.RepositoryRestMvcConfiguration.selfLinkProvider()
2024-05-17T15:11:52.772+02:00 TRACE 4684 --- [clothlogix] [           main] a.ConfigurationClassBeanDefinitionReader : Registering bean definition for @Bean method org.springframework.data.rest.webmvc.config.RepositoryRestMvcConfiguration.associationLinks()
2024-05-17T15:11:52.772+02:00 TRACE 4684 --- [clothlogix] [           main] a.ConfigurationClassBeanDefinitionReader : Registering bean definition for @Bean method org.springframework.data.rest.webmvc.config.RepositoryRestMvcConfiguration.representationModelAssemblersArgumentResolver()
2024-05-17T15:11:52.772+02:00 TRACE 4684 --- [clothlogix] [           main] a.ConfigurationClassBeanDefinitionReader : Registering bean definition for @Bean method org.springframework.data.rest.webmvc.config.RepositoryRestMvcConfiguration.persistentEntityResourceAssemblerArgumentResolver()
2024-05-17T15:11:52.772+02:00 TRACE 4684 --- [clothlogix] [           main] a.ConfigurationClassBeanDefinitionReader : Registering bean definition for @Bean method org.springframework.data.rest.webmvc.config.RepositoryRestMvcConfiguration.enumTranslator()
2024-05-17T15:11:52.772+02:00 TRACE 4684 --- [clothlogix] [           main] a.ConfigurationClassBeanDefinitionReader : Registering bean definition for @Bean method org.springframework.data.rest.webmvc.config.RepositoryRestMvcConfiguration.alpsConverter()
2024-05-17T15:11:52.772+02:00 TRACE 4684 --- [clothlogix] [           main] a.ConfigurationClassBeanDefinitionReader : Registering bean definition for @Bean method org.springframework.data.rest.webmvc.config.RepositoryRestMvcConfiguration.profileResourceProcessor()
2024-05-17T15:11:52.772+02:00 TRACE 4684 --- [clothlogix] [           main] a.ConfigurationClassBeanDefinitionReader : Registering bean definition for @Bean method org.springframework.data.rest.webmvc.config.RepositoryRestMvcConfiguration.pagedResourcesAssembler()
2024-05-17T15:11:52.772+02:00 TRACE 4684 --- [clothlogix] [           main] a.ConfigurationClassBeanDefinitionReader : Registering bean definition for @Bean method org.springframework.data.rest.webmvc.config.RepositoryRestMvcConfiguration.pagedResourcesAssemblerArgumentResolver()
2024-05-17T15:11:52.772+02:00 TRACE 4684 --- [clothlogix] [           main] a.ConfigurationClassBeanDefinitionReader : Registering bean definition for @Bean method org.springframework.data.rest.webmvc.config.RepositoryRestMvcConfiguration.slicedResourcesAssembler()
2024-05-17T15:11:52.772+02:00 TRACE 4684 --- [clothlogix] [           main] a.ConfigurationClassBeanDefinitionReader : Registering bean definition for @Bean method org.springframework.data.rest.webmvc.config.RepositoryRestMvcConfiguration.slicedResourcesAssemblerArgumentResolver()
2024-05-17T15:11:52.772+02:00 TRACE 4684 --- [clothlogix] [           main] a.ConfigurationClassBeanDefinitionReader : Registering bean definition for @Bean method org.springframework.data.rest.webmvc.config.RepositoryRestMvcConfiguration.offsetResolver()
2024-05-17T15:11:52.772+02:00 TRACE 4684 --- [clothlogix] [           main] a.ConfigurationClassBeanDefinitionReader : Registered bean definition for imported class 'org.springframework.boot.autoconfigure.data.rest.RepositoryRestMvcAutoConfiguration'
2024-05-17T15:11:52.775+02:00 TRACE 4684 --- [clothlogix] [           main] a.ConfigurationClassBeanDefinitionReader : Registering bean definition for @Bean method org.springframework.boot.autoconfigure.data.rest.RepositoryRestMvcAutoConfiguration.springBootRepositoryRestConfigurer()
2024-05-17T15:11:52.777+02:00 TRACE 4684 --- [clothlogix] [           main] o.s.b.a.condition.OnClassCondition       : Condition OnClassCondition on org.springframework.boot.autoconfigure.data.web.SpringDataWebAutoConfiguration matched due to @ConditionalOnClass found required classes 'org.springframework.data.web.PageableHandlerMethodArgumentResolver', 'org.springframework.web.servlet.config.annotation.WebMvcConfigurer'
2024-05-17T15:11:52.777+02:00 TRACE 4684 --- [clothlogix] [           main] o.s.b.f.s.DefaultListableBeanFactory     : Returning cached instance of singleton bean 'autoConfigurationReport'
2024-05-17T15:11:52.777+02:00 TRACE 4684 --- [clothlogix] [           main] o.s.b.a.c.OnWebApplicationCondition      : Condition OnWebApplicationCondition on org.springframework.boot.autoconfigure.data.web.SpringDataWebAutoConfiguration matched due to found 'session' scope
2024-05-17T15:11:52.777+02:00 TRACE 4684 --- [clothlogix] [           main] o.s.b.f.s.DefaultListableBeanFactory     : Returning cached instance of singleton bean 'autoConfigurationReport'
2024-05-17T15:11:52.832+02:00 TRACE 4684 --- [clothlogix] [           main] o.s.b.a.condition.OnBeanCondition        : Condition OnBeanCondition on org.springframework.boot.autoconfigure.data.web.SpringDataWebAutoConfiguration did not match due to @ConditionalOnMissingBean (types: org.springframework.data.web.PageableHandlerMethodArgumentResolver; SearchStrategy: all) found beans of type 'org.springframework.data.web.PageableHandlerMethodArgumentResolver' pageableResolver
2024-05-17T15:11:52.832+02:00 TRACE 4684 --- [clothlogix] [           main] o.s.b.f.s.DefaultListableBeanFactory     : Returning cached instance of singleton bean 'autoConfigurationReport'
2024-05-17T15:11:52.832+02:00 TRACE 4684 --- [clothlogix] [           main] o.s.b.a.condition.OnClassCondition       : Condition OnClassCondition on org.springframework.boot.autoconfigure.hateoas.HypermediaAutoConfiguration matched due to @ConditionalOnClass found required classes 'org.springframework.hateoas.EntityModel', 'org.springframework.web.bind.annotation.RequestMapping', 'org.springframework.web.servlet.mvc.method.annotation.RequestMappingHandlerAdapter', 'org.springframework.plugin.core.Plugin'
2024-05-17T15:11:52.832+02:00 TRACE 4684 --- [clothlogix] [           main] o.s.b.f.s.DefaultListableBeanFactory     : Returning cached instance of singleton bean 'autoConfigurationReport'
2024-05-17T15:11:52.832+02:00 TRACE 4684 --- [clothlogix] [           main] o.s.b.a.c.OnWebApplicationCondition      : Condition OnWebApplicationCondition on org.springframework.boot.autoconfigure.hateoas.HypermediaAutoConfiguration matched due to @ConditionalOnWebApplication (required) found 'session' scope
2024-05-17T15:11:52.832+02:00 TRACE 4684 --- [clothlogix] [           main] o.s.b.f.s.DefaultListableBeanFactory     : Returning cached instance of singleton bean 'autoConfigurationReport'
2024-05-17T15:11:52.832+02:00 TRACE 4684 --- [clothlogix] [           main] o.s.b.a.condition.OnClassCondition       : Condition OnClassCondition on org.springframework.boot.autoconfigure.hateoas.HypermediaAutoConfiguration$HypermediaConfiguration matched due to @ConditionalOnClass found required class 'com.fasterxml.jackson.databind.ObjectMapper'
2024-05-17T15:11:52.832+02:00 TRACE 4684 --- [clothlogix] [           main] o.s.b.f.s.DefaultListableBeanFactory     : Returning cached instance of singleton bean 'autoConfigurationReport'
2024-05-17T15:11:52.832+02:00 TRACE 4684 --- [clothlogix] [           main] o.s.b.a.condition.OnBeanCondition        : Condition OnBeanCondition on org.springframework.boot.autoconfigure.hateoas.HypermediaAutoConfiguration$HypermediaConfiguration did not match due to @ConditionalOnMissingBean (types: org.springframework.hateoas.client.LinkDiscoverers; SearchStrategy: all) found beans of type 'org.springframework.hateoas.client.LinkDiscoverers' linkDiscoverers
2024-05-17T15:11:52.832+02:00 TRACE 4684 --- [clothlogix] [           main] o.s.b.f.s.DefaultListableBeanFactory     : Returning cached instance of singleton bean 'autoConfigurationReport'
2024-05-17T15:11:52.832+02:00 TRACE 4684 --- [clothlogix] [           main] a.ConfigurationClassBeanDefinitionReader : Registered bean definition for imported class 'org.springframework.boot.autoconfigure.hateoas.HypermediaAutoConfiguration'
2024-05-17T15:11:52.832+02:00 TRACE 4684 --- [clothlogix] [           main] o.s.b.a.condition.OnClassCondition       : Condition OnClassCondition on org.springframework.boot.autoconfigure.hateoas.HypermediaAutoConfiguration#applicationJsonHalConfiguration matched due to @ConditionalOnClass found required class 'com.fasterxml.jackson.databind.ObjectMapper'
2024-05-17T15:11:52.832+02:00 TRACE 4684 --- [clothlogix] [           main] o.s.b.f.s.DefaultListableBeanFactory     : Returning cached instance of singleton bean 'autoConfigurationReport'
2024-05-17T15:11:52.832+02:00 TRACE 4684 --- [clothlogix] [           main] o.s.b.a.condition.OnPropertyCondition    : Condition OnPropertyCondition on org.springframework.boot.autoconfigure.hateoas.HypermediaAutoConfiguration#applicationJsonHalConfiguration matched due to @ConditionalOnProperty (spring.hateoas.use-hal-as-default-json-media-type) matched
2024-05-17T15:11:52.832+02:00 TRACE 4684 --- [clothlogix] [           main] o.s.b.f.s.DefaultListableBeanFactory     : Returning cached instance of singleton bean 'autoConfigurationReport'
2024-05-17T15:11:52.832+02:00 TRACE 4684 --- [clothlogix] [           main] o.s.b.a.condition.OnBeanCondition        : Condition OnBeanCondition on org.springframework.boot.autoconfigure.hateoas.HypermediaAutoConfiguration#applicationJsonHalConfiguration matched due to @ConditionalOnMissingBean (types: org.springframework.hateoas.mediatype.hal.HalConfiguration; SearchStrategy: all) did not find any beans
2024-05-17T15:11:52.832+02:00 TRACE 4684 --- [clothlogix] [           main] o.s.b.f.s.DefaultListableBeanFactory     : Returning cached instance of singleton bean 'autoConfigurationReport'
2024-05-17T15:11:52.832+02:00 TRACE 4684 --- [clothlogix] [           main] a.ConfigurationClassBeanDefinitionReader : Registering bean definition for @Bean method org.springframework.boot.autoconfigure.hateoas.HypermediaAutoConfiguration.applicationJsonHalConfiguration()
2024-05-17T15:11:52.832+02:00 TRACE 4684 --- [clothlogix] [           main] a.ConfigurationClassBeanDefinitionReader : Registered bean definition for imported class 'org.springframework.boot.autoconfigure.info.ProjectInfoAutoConfiguration'
2024-05-17T15:11:52.832+02:00 TRACE 4684 --- [clothlogix] [           main] figuration$GitResourceAvailableCondition : Condition ProjectInfoAutoConfiguration.GitResourceAvailableCondition on org.springframework.boot.autoconfigure.info.ProjectInfoAutoConfiguration#gitProperties did not match due to GitResource did not find git info at classpath:git.properties
2024-05-17T15:11:52.832+02:00 TRACE 4684 --- [clothlogix] [           main] o.s.b.f.s.DefaultListableBeanFactory     : Returning cached instance of singleton bean 'autoConfigurationReport'
2024-05-17T15:11:52.832+02:00 TRACE 4684 --- [clothlogix] [           main] ySourcesPropertyResolver$DefaultResolver : Searching for key 'spring.info.build.location:classpath:META-INF/build-info.properties' in PropertySource 'configurationProperties'
2024-05-17T15:11:52.832+02:00 TRACE 4684 --- [clothlogix] [           main] ySourcesPropertyResolver$DefaultResolver : Searching for key 'spring.info.build.location:classpath:META-INF/build-info.properties' in PropertySource 'test'
2024-05-17T15:11:52.832+02:00 TRACE 4684 --- [clothlogix] [           main] ySourcesPropertyResolver$DefaultResolver : Searching for key 'spring.info.build.location:classpath:META-INF/build-info.properties' in PropertySource 'Inlined Test Properties'
2024-05-17T15:11:52.832+02:00 TRACE 4684 --- [clothlogix] [           main] ySourcesPropertyResolver$DefaultResolver : Searching for key 'spring.info.build.location:classpath:META-INF/build-info.properties' in PropertySource 'servletConfigInitParams'
2024-05-17T15:11:52.832+02:00 TRACE 4684 --- [clothlogix] [           main] ySourcesPropertyResolver$DefaultResolver : Searching for key 'spring.info.build.location:classpath:META-INF/build-info.properties' in PropertySource 'servletContextInitParams'
2024-05-17T15:11:52.832+02:00 TRACE 4684 --- [clothlogix] [           main] ySourcesPropertyResolver$DefaultResolver : Searching for key 'spring.info.build.location:classpath:META-INF/build-info.properties' in PropertySource 'systemProperties'
2024-05-17T15:11:52.832+02:00 TRACE 4684 --- [clothlogix] [           main] ySourcesPropertyResolver$DefaultResolver : Searching for key 'spring.info.build.location:classpath:META-INF/build-info.properties' in PropertySource 'systemEnvironment'
2024-05-17T15:11:52.832+02:00 TRACE 4684 --- [clothlogix] [           main] ySourcesPropertyResolver$DefaultResolver : Searching for key 'spring.info.build.location:classpath:META-INF/build-info.properties' in PropertySource 'random'
2024-05-17T15:11:52.832+02:00 TRACE 4684 --- [clothlogix] [           main] ySourcesPropertyResolver$DefaultResolver : Searching for key 'spring.info.build.location:classpath:META-INF/build-info.properties' in PropertySource 'Config resource 'class path resource [application.properties]' via location 'optional:classpath:/''
2024-05-17T15:11:52.832+02:00 TRACE 4684 --- [clothlogix] [           main] ySourcesPropertyResolver$DefaultResolver : Could not find key 'spring.info.build.location:classpath:META-INF/build-info.properties' in any property source
2024-05-17T15:11:52.832+02:00 TRACE 4684 --- [clothlogix] [           main] o.s.util.PropertyPlaceholderHelper       : Resolved placeholder 'spring.info.build.location:classpath:META-INF/build-info.properties'
2024-05-17T15:11:52.832+02:00 TRACE 4684 --- [clothlogix] [           main] o.s.b.a.condition.OnResourceCondition    : Condition OnResourceCondition on org.springframework.boot.autoconfigure.info.ProjectInfoAutoConfiguration#buildProperties did not match due to @ConditionalOnResource did not find resource '${spring.info.build.location:classpath:META-INF/build-info.properties}'
2024-05-17T15:11:52.832+02:00 TRACE 4684 --- [clothlogix] [           main] o.s.b.f.s.DefaultListableBeanFactory     : Returning cached instance of singleton bean 'autoConfigurationReport'
2024-05-17T15:11:52.832+02:00 TRACE 4684 --- [clothlogix] [           main] o.s.b.a.condition.OnClassCondition       : Condition OnClassCondition on org.springframework.boot.autoconfigure.jdbc.JdbcTemplateAutoConfiguration matched due to @ConditionalOnClass found required classes 'javax.sql.DataSource', 'org.springframework.jdbc.core.JdbcTemplate'
2024-05-17T15:11:52.832+02:00 TRACE 4684 --- [clothlogix] [           main] o.s.b.f.s.DefaultListableBeanFactory     : Returning cached instance of singleton bean 'autoConfigurationReport'
2024-05-17T15:11:52.842+02:00 TRACE 4684 --- [clothlogix] [           main] o.s.b.a.condition.OnBeanCondition        : Condition OnBeanCondition on org.springframework.boot.autoconfigure.jdbc.JdbcTemplateAutoConfiguration matched due to @ConditionalOnSingleCandidate (types: javax.sql.DataSource; SearchStrategy: all) found a single bean 'dataSource'
2024-05-17T15:11:52.842+02:00 TRACE 4684 --- [clothlogix] [           main] o.s.b.f.s.DefaultListableBeanFactory     : Returning cached instance of singleton bean 'autoConfigurationReport'
2024-05-17T15:11:52.842+02:00 TRACE 4684 --- [clothlogix] [           main] o.s.b.a.condition.OnBeanCondition        : Condition OnBeanCondition on org.springframework.boot.autoconfigure.jdbc.JdbcTemplateConfiguration matched due to @ConditionalOnMissingBean (types: org.springframework.jdbc.core.JdbcOperations; SearchStrategy: all) did not find any beans
2024-05-17T15:11:52.842+02:00 TRACE 4684 --- [clothlogix] [           main] o.s.b.f.s.DefaultListableBeanFactory     : Returning cached instance of singleton bean 'autoConfigurationReport'
2024-05-17T15:11:52.842+02:00 TRACE 4684 --- [clothlogix] [           main] a.ConfigurationClassBeanDefinitionReader : Registered bean definition for imported class 'org.springframework.boot.autoconfigure.jdbc.JdbcTemplateConfiguration'
2024-05-17T15:11:52.842+02:00 TRACE 4684 --- [clothlogix] [           main] a.ConfigurationClassBeanDefinitionReader : Registering bean definition for @Bean method org.springframework.boot.autoconfigure.jdbc.JdbcTemplateConfiguration.jdbcTemplate()
2024-05-17T15:11:52.842+02:00 TRACE 4684 --- [clothlogix] [           main] o.s.b.a.condition.OnBeanCondition        : Condition OnBeanCondition on org.springframework.boot.autoconfigure.jdbc.NamedParameterJdbcTemplateConfiguration matched due to @ConditionalOnSingleCandidate (types: org.springframework.jdbc.core.JdbcTemplate; SearchStrategy: all) found a single bean 'jdbcTemplate'; @ConditionalOnMissingBean (types: org.springframework.jdbc.core.namedparam.NamedParameterJdbcOperations; SearchStrategy: all) did not find any beans
2024-05-17T15:11:52.842+02:00 TRACE 4684 --- [clothlogix] [           main] o.s.b.f.s.DefaultListableBeanFactory     : Returning cached instance of singleton bean 'autoConfigurationReport'
2024-05-17T15:11:52.842+02:00 TRACE 4684 --- [clothlogix] [           main] o.s.b.a.condition.OnBeanCondition        : Condition OnBeanCondition on org.springframework.boot.autoconfigure.jdbc.NamedParameterJdbcTemplateConfiguration matched due to @ConditionalOnSingleCandidate (types: org.springframework.jdbc.core.JdbcTemplate; SearchStrategy: all) found a single bean 'jdbcTemplate'; @ConditionalOnMissingBean (types: org.springframework.jdbc.core.namedparam.NamedParameterJdbcOperations; SearchStrategy: all) did not find any beans
2024-05-17T15:11:52.842+02:00 TRACE 4684 --- [clothlogix] [           main] o.s.b.f.s.DefaultListableBeanFactory     : Returning cached instance of singleton bean 'autoConfigurationReport'
2024-05-17T15:11:52.842+02:00 TRACE 4684 --- [clothlogix] [           main] a.ConfigurationClassBeanDefinitionReader : Registered bean definition for imported class 'org.springframework.boot.autoconfigure.jdbc.NamedParameterJdbcTemplateConfiguration'
2024-05-17T15:11:52.846+02:00 TRACE 4684 --- [clothlogix] [           main] a.ConfigurationClassBeanDefinitionReader : Registering bean definition for @Bean method org.springframework.boot.autoconfigure.jdbc.NamedParameterJdbcTemplateConfiguration.namedParameterJdbcTemplate()
2024-05-17T15:11:52.846+02:00 TRACE 4684 --- [clothlogix] [           main] a.ConfigurationClassBeanDefinitionReader : Registered bean definition for imported class 'org.springframework.boot.autoconfigure.jdbc.JdbcTemplateAutoConfiguration'
2024-05-17T15:11:52.846+02:00 TRACE 4684 --- [clothlogix] [           main] o.s.b.a.condition.OnBeanCondition        : Condition OnBeanCondition on org.springframework.boot.autoconfigure.jdbc.JdbcClientAutoConfiguration matched due to @ConditionalOnSingleCandidate (types: org.springframework.jdbc.core.namedparam.NamedParameterJdbcTemplate; SearchStrategy: all) found a single bean 'namedParameterJdbcTemplate'; @ConditionalOnMissingBean (types: org.springframework.jdbc.core.simple.JdbcClient; SearchStrategy: all) did not find any beans
2024-05-17T15:11:52.846+02:00 TRACE 4684 --- [clothlogix] [           main] o.s.b.f.s.DefaultListableBeanFactory     : Returning cached instance of singleton bean 'autoConfigurationReport'
2024-05-17T15:11:52.846+02:00 TRACE 4684 --- [clothlogix] [           main] o.s.b.a.condition.OnBeanCondition        : Condition OnBeanCondition on org.springframework.boot.autoconfigure.jdbc.JdbcClientAutoConfiguration matched due to @ConditionalOnSingleCandidate (types: org.springframework.jdbc.core.namedparam.NamedParameterJdbcTemplate; SearchStrategy: all) found a single bean 'namedParameterJdbcTemplate'; @ConditionalOnMissingBean (types: org.springframework.jdbc.core.simple.JdbcClient; SearchStrategy: all) did not find any beans
2024-05-17T15:11:52.852+02:00 TRACE 4684 --- [clothlogix] [           main] o.s.b.f.s.DefaultListableBeanFactory     : Returning cached instance of singleton bean 'autoConfigurationReport'
2024-05-17T15:11:52.852+02:00 TRACE 4684 --- [clothlogix] [           main] a.ConfigurationClassBeanDefinitionReader : Registered bean definition for imported class 'org.springframework.boot.autoconfigure.jdbc.JdbcClientAutoConfiguration'
2024-05-17T15:11:52.852+02:00 TRACE 4684 --- [clothlogix] [           main] a.ConfigurationClassBeanDefinitionReader : Registering bean definition for @Bean method org.springframework.boot.autoconfigure.jdbc.JdbcClientAutoConfiguration.jdbcClient()
2024-05-17T15:11:52.853+02:00 TRACE 4684 --- [clothlogix] [           main] o.s.b.a.condition.OnClassCondition       : Condition OnClassCondition on org.springframework.boot.autoconfigure.security.reactive.ReactiveUserDetailsServiceAutoConfiguration matched due to @ConditionalOnClass found required class 'org.springframework.security.authentication.ReactiveAuthenticationManager'
2024-05-17T15:11:52.853+02:00 TRACE 4684 --- [clothlogix] [           main] o.s.b.f.s.DefaultListableBeanFactory     : Returning cached instance of singleton bean 'autoConfigurationReport'
2024-05-17T15:11:52.854+02:00 TRACE 4684 --- [clothlogix] [           main] n$RSocketEnabledOrReactiveWebApplication : Condition ReactiveUserDetailsServiceAutoConfiguration.RSocketEnabledOrReactiveWebApplication on org.springframework.boot.autoconfigure.security.reactive.ReactiveUserDetailsServiceAutoConfiguration did not match due to AnyNestedCondition 0 matched 2 did not; NestedCondition on ReactiveUserDetailsServiceAutoConfiguration.RSocketEnabledOrReactiveWebApplication.ReactiveWebApplicationCondition did not find reactive web application classes; NestedCondition on ReactiveUserDetailsServiceAutoConfiguration.RSocketEnabledOrReactiveWebApplication.RSocketSecurityEnabledCondition @ConditionalOnBean (types: org.springframework.messaging.rsocket.annotation.support.RSocketMessageHandler; SearchStrategy: all) did not find any beans of type org.springframework.messaging.rsocket.annotation.support.RSocketMessageHandler
2024-05-17T15:11:52.854+02:00 TRACE 4684 --- [clothlogix] [           main] o.s.b.f.s.DefaultListableBeanFactory     : Returning cached instance of singleton bean 'autoConfigurationReport'
2024-05-17T15:11:52.854+02:00 TRACE 4684 --- [clothlogix] [           main] o.s.b.a.condition.OnClassCondition       : Condition OnClassCondition on org.springframework.boot.autoconfigure.security.servlet.SecurityAutoConfiguration matched due to @ConditionalOnClass found required class 'org.springframework.security.authentication.DefaultAuthenticationEventPublisher'
2024-05-17T15:11:52.854+02:00 TRACE 4684 --- [clothlogix] [           main] o.s.b.f.s.DefaultListableBeanFactory     : Returning cached instance of singleton bean 'autoConfigurationReport'
2024-05-17T15:11:52.854+02:00 TRACE 4684 --- [clothlogix] [           main] o.s.b.a.c.OnWebApplicationCondition      : Condition OnWebApplicationCondition on org.springframework.boot.autoconfigure.security.servlet.SpringBootWebSecurityConfiguration matched due to found 'session' scope
2024-05-17T15:11:52.854+02:00 TRACE 4684 --- [clothlogix] [           main] o.s.b.f.s.DefaultListableBeanFactory     : Returning cached instance of singleton bean 'autoConfigurationReport'
2024-05-17T15:11:52.854+02:00 TRACE 4684 --- [clothlogix] [           main] o.s.b.a.condition.OnClassCondition       : Condition OnClassCondition on org.springframework.boot.autoconfigure.security.servlet.SpringBootWebSecurityConfiguration$WebSecurityEnablerConfiguration matched due to @ConditionalOnClass found required class 'org.springframework.security.config.annotation.web.configuration.EnableWebSecurity'
2024-05-17T15:11:52.854+02:00 TRACE 4684 --- [clothlogix] [           main] o.s.b.f.s.DefaultListableBeanFactory     : Returning cached instance of singleton bean 'autoConfigurationReport'
2024-05-17T15:11:52.854+02:00 TRACE 4684 --- [clothlogix] [           main] o.s.b.a.condition.OnBeanCondition        : Condition OnBeanCondition on org.springframework.boot.autoconfigure.security.servlet.SpringBootWebSecurityConfiguration$WebSecurityEnablerConfiguration matched due to @ConditionalOnMissingBean (names: springSecurityFilterChain; SearchStrategy: all) did not find any beans
2024-05-17T15:11:52.854+02:00 TRACE 4684 --- [clothlogix] [           main] o.s.b.f.s.DefaultListableBeanFactory     : Returning cached instance of singleton bean 'autoConfigurationReport'
2024-05-17T15:11:52.854+02:00 TRACE 4684 --- [clothlogix] [           main] a.ConfigurationClassBeanDefinitionReader : Registered bean definition for imported class 'org.springframework.security.config.annotation.configuration.ObjectPostProcessorConfiguration'
2024-05-17T15:11:52.854+02:00 TRACE 4684 --- [clothlogix] [           main] a.ConfigurationClassBeanDefinitionReader : Registering bean definition for @Bean method org.springframework.security.config.annotation.configuration.ObjectPostProcessorConfiguration.objectPostProcessor()
2024-05-17T15:11:52.854+02:00 TRACE 4684 --- [clothlogix] [           main] a.ConfigurationClassBeanDefinitionReader : Registered bean definition for imported class 'org.springframework.security.config.annotation.authentication.configuration.AuthenticationConfiguration'
2024-05-17T15:11:52.854+02:00 TRACE 4684 --- [clothlogix] [           main] a.ConfigurationClassBeanDefinitionReader : Registering bean definition for @Bean method org.springframework.security.config.annotation.authentication.configuration.AuthenticationConfiguration.authenticationManagerBuilder()
2024-05-17T15:11:52.854+02:00 TRACE 4684 --- [clothlogix] [           main] a.ConfigurationClassBeanDefinitionReader : Registering bean definition for @Bean method org.springframework.security.config.annotation.authentication.configuration.AuthenticationConfiguration.enableGlobalAuthenticationAutowiredConfigurer()
2024-05-17T15:11:52.854+02:00 TRACE 4684 --- [clothlogix] [           main] a.ConfigurationClassBeanDefinitionReader : Registering bean definition for @Bean method org.springframework.security.config.annotation.authentication.configuration.AuthenticationConfiguration.initializeUserDetailsBeanManagerConfigurer()
2024-05-17T15:11:52.854+02:00 TRACE 4684 --- [clothlogix] [           main] a.ConfigurationClassBeanDefinitionReader : Registering bean definition for @Bean method org.springframework.security.config.annotation.authentication.configuration.AuthenticationConfiguration.initializeAuthenticationProviderBeanManagerConfigurer()
2024-05-17T15:11:52.854+02:00 TRACE 4684 --- [clothlogix] [           main] a.ConfigurationClassBeanDefinitionReader : Registered bean definition for imported class 'org.springframework.security.config.annotation.web.configuration.WebSecurityConfiguration'
2024-05-17T15:11:52.854+02:00 TRACE 4684 --- [clothlogix] [           main] a.ConfigurationClassBeanDefinitionReader : Registering bean definition for @Bean method org.springframework.security.config.annotation.web.configuration.WebSecurityConfiguration.delegatingApplicationListener()
2024-05-17T15:11:52.854+02:00 TRACE 4684 --- [clothlogix] [           main] a.ConfigurationClassBeanDefinitionReader : Registering bean definition for @Bean method org.springframework.security.config.annotation.web.configuration.WebSecurityConfiguration.webSecurityExpressionHandler()
2024-05-17T15:11:52.854+02:00 TRACE 4684 --- [clothlogix] [           main] a.ConfigurationClassBeanDefinitionReader : Registering bean definition for @Bean method org.springframework.security.config.annotation.web.configuration.WebSecurityConfiguration.springSecurityFilterChain()
2024-05-17T15:11:52.854+02:00 TRACE 4684 --- [clothlogix] [           main] a.ConfigurationClassBeanDefinitionReader : Registering bean definition for @Bean method org.springframework.security.config.annotation.web.configuration.WebSecurityConfiguration.privilegeEvaluator()
2024-05-17T15:11:52.854+02:00 TRACE 4684 --- [clothlogix] [           main] a.ConfigurationClassBeanDefinitionReader : Registering bean definition for @Bean method org.springframework.security.config.annotation.web.configuration.WebSecurityConfiguration.conversionServicePostProcessor()
2024-05-17T15:11:52.854+02:00 TRACE 4684 --- [clothlogix] [           main] a.ConfigurationClassBeanDefinitionReader : Registered bean definition for imported class 'org.springframework.security.config.annotation.web.configuration.WebMvcSecurityConfiguration'
2024-05-17T15:11:52.854+02:00 TRACE 4684 --- [clothlogix] [           main] a.ConfigurationClassBeanDefinitionReader : Registering bean definition for @Bean method org.springframework.security.config.annotation.web.configuration.WebMvcSecurityConfiguration.requestDataValueProcessor()
2024-05-17T15:11:52.854+02:00 TRACE 4684 --- [clothlogix] [           main] a.ConfigurationClassBeanDefinitionReader : Registering bean definition for @Bean method org.springframework.security.config.annotation.web.configuration.WebMvcSecurityConfiguration.springSecurityHandlerMappingIntrospectorBeanDefinitionRegistryPostProcessor()
2024-05-17T15:11:52.854+02:00 TRACE 4684 --- [clothlogix] [           main] a.ConfigurationClassBeanDefinitionReader : Registered bean definition for imported class 'org.springframework.security.config.annotation.web.configuration.HttpSecurityConfiguration'
2024-05-17T15:11:52.854+02:00 TRACE 4684 --- [clothlogix] [           main] a.ConfigurationClassBeanDefinitionReader : Registering bean definition for @Bean method org.springframework.security.config.annotation.web.configuration.HttpSecurityConfiguration.org.springframework.security.config.annotation.web.configuration.HttpSecurityConfiguration.httpSecurity()
2024-05-17T15:11:52.854+02:00 TRACE 4684 --- [clothlogix] [           main] a.ConfigurationClassBeanDefinitionReader : Registered bean definition for imported class 'org.springframework.boot.autoconfigure.security.servlet.SpringBootWebSecurityConfiguration$WebSecurityEnablerConfiguration'
2024-05-17T15:11:52.862+02:00 TRACE 4684 --- [clothlogix] [           main] o.s.b.a.s.DefaultWebSecurityCondition    : Condition DefaultWebSecurityCondition on org.springframework.boot.autoconfigure.security.servlet.SpringBootWebSecurityConfiguration$SecurityFilterChainConfiguration matched due to AllNestedConditions 2 matched 0 did not; NestedCondition on DefaultWebSecurityCondition.Beans @ConditionalOnMissingBean (types: org.springframework.security.web.SecurityFilterChain; SearchStrategy: all) did not find any beans; NestedCondition on DefaultWebSecurityCondition.Classes @ConditionalOnClass found required classes 'org.springframework.security.web.SecurityFilterChain', 'org.springframework.security.config.annotation.web.builders.HttpSecurity'
2024-05-17T15:11:52.862+02:00 TRACE 4684 --- [clothlogix] [           main] o.s.b.f.s.DefaultListableBeanFactory     : Returning cached instance of singleton bean 'autoConfigurationReport'
2024-05-17T15:11:52.862+02:00 TRACE 4684 --- [clothlogix] [           main] a.ConfigurationClassBeanDefinitionReader : Registered bean definition for imported class 'org.springframework.boot.autoconfigure.security.servlet.SpringBootWebSecurityConfiguration$SecurityFilterChainConfiguration'
2024-05-17T15:11:52.862+02:00 TRACE 4684 --- [clothlogix] [           main] a.ConfigurationClassBeanDefinitionReader : Registering bean definition for @Bean method org.springframework.boot.autoconfigure.security.servlet.SpringBootWebSecurityConfiguration$SecurityFilterChainConfiguration.defaultSecurityFilterChain()
2024-05-17T15:11:52.862+02:00 TRACE 4684 --- [clothlogix] [           main] a.ConfigurationClassBeanDefinitionReader : Registered bean definition for imported class 'org.springframework.boot.autoconfigure.security.servlet.SpringBootWebSecurityConfiguration'
2024-05-17T15:11:52.862+02:00 TRACE 4684 --- [clothlogix] [           main] a.ConfigurationClassBeanDefinitionReader : Registered bean definition for imported class 'org.springframework.boot.autoconfigure.security.servlet.SecurityAutoConfiguration'
2024-05-17T15:11:52.862+02:00 TRACE 4684 --- [clothlogix] [           main] o.s.b.a.condition.OnBeanCondition        : Condition OnBeanCondition on org.springframework.boot.autoconfigure.security.servlet.SecurityAutoConfiguration#authenticationEventPublisher matched due to @ConditionalOnMissingBean (types: org.springframework.security.authentication.AuthenticationEventPublisher; SearchStrategy: all) did not find any beans
2024-05-17T15:11:52.862+02:00 TRACE 4684 --- [clothlogix] [           main] o.s.b.f.s.DefaultListableBeanFactory     : Returning cached instance of singleton bean 'autoConfigurationReport'
2024-05-17T15:11:52.862+02:00 TRACE 4684 --- [clothlogix] [           main] a.ConfigurationClassBeanDefinitionReader : Registering bean definition for @Bean method org.springframework.boot.autoconfigure.security.servlet.SecurityAutoConfiguration.authenticationEventPublisher()
2024-05-17T15:11:52.862+02:00 TRACE 4684 --- [clothlogix] [           main] o.s.b.a.condition.OnClassCondition       : Condition OnClassCondition on org.springframework.boot.autoconfigure.security.servlet.SecurityFilterAutoConfiguration matched due to @ConditionalOnClass found required classes 'org.springframework.security.web.context.AbstractSecurityWebApplicationInitializer', 'org.springframework.security.config.http.SessionCreationPolicy'
2024-05-17T15:11:52.862+02:00 TRACE 4684 --- [clothlogix] [           main] o.s.b.f.s.DefaultListableBeanFactory     : Returning cached instance of singleton bean 'autoConfigurationReport'
2024-05-17T15:11:52.862+02:00 TRACE 4684 --- [clothlogix] [           main] o.s.b.a.c.OnWebApplicationCondition      : Condition OnWebApplicationCondition on org.springframework.boot.autoconfigure.security.servlet.SecurityFilterAutoConfiguration matched due to found 'session' scope
2024-05-17T15:11:52.862+02:00 TRACE 4684 --- [clothlogix] [           main] o.s.b.f.s.DefaultListableBeanFactory     : Returning cached instance of singleton bean 'autoConfigurationReport'
2024-05-17T15:11:52.862+02:00 TRACE 4684 --- [clothlogix] [           main] a.ConfigurationClassBeanDefinitionReader : Registered bean definition for imported class 'org.springframework.boot.autoconfigure.security.servlet.SecurityFilterAutoConfiguration'
2024-05-17T15:11:52.862+02:00 TRACE 4684 --- [clothlogix] [           main] o.s.b.a.condition.OnBeanCondition        : Condition OnBeanCondition on org.springframework.boot.autoconfigure.security.servlet.SecurityFilterAutoConfiguration#securityFilterChainRegistration matched due to @ConditionalOnBean (names: springSecurityFilterChain; SearchStrategy: all) found bean 'springSecurityFilterChain'
2024-05-17T15:11:52.862+02:00 TRACE 4684 --- [clothlogix] [           main] o.s.b.f.s.DefaultListableBeanFactory     : Returning cached instance of singleton bean 'autoConfigurationReport'
2024-05-17T15:11:52.862+02:00 TRACE 4684 --- [clothlogix] [           main] a.ConfigurationClassBeanDefinitionReader : Registering bean definition for @Bean method org.springframework.boot.autoconfigure.security.servlet.SecurityFilterAutoConfiguration.securityFilterChainRegistration()
2024-05-17T15:11:52.862+02:00 TRACE 4684 --- [clothlogix] [           main] o.s.b.a.condition.OnClassCondition       : Condition OnClassCondition on org.springframework.boot.autoconfigure.security.servlet.UserDetailsServiceAutoConfiguration matched due to @ConditionalOnClass found required class 'org.springframework.security.authentication.AuthenticationManager'
2024-05-17T15:11:52.862+02:00 TRACE 4684 --- [clothlogix] [           main] o.s.b.f.s.DefaultListableBeanFactory     : Returning cached instance of singleton bean 'autoConfigurationReport'
2024-05-17T15:11:52.872+02:00 TRACE 4684 --- [clothlogix] [           main] o.s.b.a.condition.OnBeanCondition        : Condition OnBeanCondition on org.springframework.boot.autoconfigure.security.servlet.UserDetailsServiceAutoConfiguration matched due to @ConditionalOnBean (types: org.springframework.security.config.annotation.ObjectPostProcessor; SearchStrategy: all) found bean 'objectPostProcessor'; @ConditionalOnMissingBean (types: org.springframework.security.authentication.AuthenticationManager,org.springframework.security.authentication.AuthenticationProvider,org.springframework.security.core.userdetails.UserDetailsService,org.springframework.security.authentication.AuthenticationManagerResolver,org.springframework.security.oauth2.jwt.JwtDecoder; SearchStrategy: all) did not find any beans
2024-05-17T15:11:52.872+02:00 TRACE 4684 --- [clothlogix] [           main] o.s.b.f.s.DefaultListableBeanFactory     : Returning cached instance of singleton bean 'autoConfigurationReport'
2024-05-17T15:11:52.872+02:00 TRACE 4684 --- [clothlogix] [           main] o.s.b.a.condition.OnBeanCondition        : Condition OnBeanCondition on org.springframework.boot.autoconfigure.security.servlet.UserDetailsServiceAutoConfiguration matched due to @ConditionalOnBean (types: org.springframework.security.config.annotation.ObjectPostProcessor; SearchStrategy: all) found bean 'objectPostProcessor'; @ConditionalOnMissingBean (types: org.springframework.security.authentication.AuthenticationManager,org.springframework.security.authentication.AuthenticationProvider,org.springframework.security.core.userdetails.UserDetailsService,org.springframework.security.authentication.AuthenticationManagerResolver,org.springframework.security.oauth2.jwt.JwtDecoder; SearchStrategy: all) did not find any beans
2024-05-17T15:11:52.872+02:00 TRACE 4684 --- [clothlogix] [           main] o.s.b.f.s.DefaultListableBeanFactory     : Returning cached instance of singleton bean 'autoConfigurationReport'
2024-05-17T15:11:52.872+02:00 TRACE 4684 --- [clothlogix] [           main] a.ConfigurationClassBeanDefinitionReader : Registered bean definition for imported class 'org.springframework.boot.autoconfigure.security.servlet.UserDetailsServiceAutoConfiguration'
2024-05-17T15:11:52.872+02:00 TRACE 4684 --- [clothlogix] [           main] a.ConfigurationClassBeanDefinitionReader : Registering bean definition for @Bean method org.springframework.boot.autoconfigure.security.servlet.UserDetailsServiceAutoConfiguration.inMemoryUserDetailsManager()
2024-05-17T15:11:52.872+02:00 TRACE 4684 --- [clothlogix] [           main] o.s.b.a.condition.OnPropertyCondition    : Condition OnPropertyCondition on org.springframework.boot.autoconfigure.sql.init.SqlInitializationAutoConfiguration matched due to @ConditionalOnProperty (spring.sql.init.enabled) matched
2024-05-17T15:11:52.872+02:00 TRACE 4684 --- [clothlogix] [           main] o.s.b.f.s.DefaultListableBeanFactory     : Returning cached instance of singleton bean 'autoConfigurationReport'
2024-05-17T15:11:52.872+02:00 TRACE 4684 --- [clothlogix] [           main] o.s.b.a.condition.OnClassCondition       : Condition OnClassCondition on org.springframework.boot.autoconfigure.sql.init.DataSourceInitializationConfiguration matched due to @ConditionalOnClass found required class 'org.springframework.jdbc.datasource.init.DatabasePopulator'
2024-05-17T15:11:52.872+02:00 TRACE 4684 --- [clothlogix] [           main] o.s.b.f.s.DefaultListableBeanFactory     : Returning cached instance of singleton bean 'autoConfigurationReport'
2024-05-17T15:11:52.878+02:00 TRACE 4684 --- [clothlogix] [           main] o.s.b.a.condition.OnBeanCondition        : Condition OnBeanCondition on org.springframework.boot.autoconfigure.sql.init.DataSourceInitializationConfiguration matched due to @ConditionalOnSingleCandidate (types: javax.sql.DataSource; SearchStrategy: all) found a single bean 'dataSource'; @ConditionalOnMissingBean (types: org.springframework.boot.autoconfigure.sql.init.SqlDataSourceScriptDatabaseInitializer,org.springframework.boot.autoconfigure.sql.init.SqlR2dbcScriptDatabaseInitializer; SearchStrategy: all) did not find any beans
2024-05-17T15:11:52.878+02:00 TRACE 4684 --- [clothlogix] [           main] o.s.b.f.s.DefaultListableBeanFactory     : Returning cached instance of singleton bean 'autoConfigurationReport'
2024-05-17T15:11:52.882+02:00 TRACE 4684 --- [clothlogix] [           main] o.s.b.a.condition.OnBeanCondition        : Condition OnBeanCondition on org.springframework.boot.autoconfigure.sql.init.DataSourceInitializationConfiguration matched due to @ConditionalOnSingleCandidate (types: javax.sql.DataSource; SearchStrategy: all) found a single bean 'dataSource'; @ConditionalOnMissingBean (types: org.springframework.boot.autoconfigure.sql.init.SqlDataSourceScriptDatabaseInitializer,org.springframework.boot.autoconfigure.sql.init.SqlR2dbcScriptDatabaseInitializer; SearchStrategy: all) did not find any beans
2024-05-17T15:11:52.882+02:00 TRACE 4684 --- [clothlogix] [           main] o.s.b.f.s.DefaultListableBeanFactory     : Returning cached instance of singleton bean 'autoConfigurationReport'
2024-05-17T15:11:52.882+02:00 TRACE 4684 --- [clothlogix] [           main] a.ConfigurationClassBeanDefinitionReader : Registered bean definition for imported class 'org.springframework.boot.autoconfigure.sql.init.DataSourceInitializationConfiguration'
2024-05-17T15:11:52.882+02:00 TRACE 4684 --- [clothlogix] [           main] a.ConfigurationClassBeanDefinitionReader : Registering bean definition for @Bean method org.springframework.boot.autoconfigure.sql.init.DataSourceInitializationConfiguration.dataSourceScriptDatabaseInitializer()
2024-05-17T15:11:52.882+02:00 TRACE 4684 --- [clothlogix] [           main] a.ConfigurationClassBeanDefinitionReader : Registered bean definition for imported class 'org.springframework.boot.autoconfigure.sql.init.SqlInitializationAutoConfiguration'
2024-05-17T15:11:52.882+02:00 TRACE 4684 --- [clothlogix] [           main] o.s.b.a.condition.OnClassCondition       : Condition OnClassCondition on org.springframework.boot.autoconfigure.task.TaskSchedulingAutoConfiguration matched due to @ConditionalOnClass found required class 'org.springframework.scheduling.concurrent.ThreadPoolTaskScheduler'
2024-05-17T15:11:52.882+02:00 TRACE 4684 --- [clothlogix] [           main] o.s.b.f.s.DefaultListableBeanFactory     : Returning cached instance of singleton bean 'autoConfigurationReport'
2024-05-17T15:11:52.882+02:00 TRACE 4684 --- [clothlogix] [           main] a.ConfigurationClassBeanDefinitionReader : Registered bean definition for imported class 'org.springframework.boot.autoconfigure.task.TaskSchedulingConfigurations$ThreadPoolTaskSchedulerBuilderConfiguration'
2024-05-17T15:11:52.882+02:00 TRACE 4684 --- [clothlogix] [           main] o.s.b.a.condition.OnBeanCondition        : Condition OnBeanCondition on org.springframework.boot.autoconfigure.task.TaskSchedulingConfigurations$ThreadPoolTaskSchedulerBuilderConfiguration#threadPoolTaskSchedulerBuilder matched due to @ConditionalOnMissingBean (types: org.springframework.boot.task.TaskSchedulerBuilder,org.springframework.boot.task.ThreadPoolTaskSchedulerBuilder; SearchStrategy: all) did not find any beans
2024-05-17T15:11:52.882+02:00 TRACE 4684 --- [clothlogix] [           main] o.s.b.f.s.DefaultListableBeanFactory     : Returning cached instance of singleton bean 'autoConfigurationReport'
2024-05-17T15:11:52.882+02:00 TRACE 4684 --- [clothlogix] [           main] a.ConfigurationClassBeanDefinitionReader : Registering bean definition for @Bean method org.springframework.boot.autoconfigure.task.TaskSchedulingConfigurations$ThreadPoolTaskSchedulerBuilderConfiguration.threadPoolTaskSchedulerBuilder()
2024-05-17T15:11:52.882+02:00 TRACE 4684 --- [clothlogix] [           main] a.ConfigurationClassBeanDefinitionReader : Registered bean definition for imported class 'org.springframework.boot.autoconfigure.task.TaskSchedulingConfigurations$TaskSchedulerBuilderConfiguration'
2024-05-17T15:11:52.882+02:00 TRACE 4684 --- [clothlogix] [           main] o.s.b.a.condition.OnBeanCondition        : Condition OnBeanCondition on org.springframework.boot.autoconfigure.task.TaskSchedulingConfigurations$TaskSchedulerBuilderConfiguration#taskSchedulerBuilder matched due to @ConditionalOnMissingBean (types: org.springframework.boot.task.TaskSchedulerBuilder; SearchStrategy: all) did not find any beans
2024-05-17T15:11:52.882+02:00 TRACE 4684 --- [clothlogix] [           main] o.s.b.f.s.DefaultListableBeanFactory     : Returning cached instance of singleton bean 'autoConfigurationReport'
2024-05-17T15:11:52.882+02:00 TRACE 4684 --- [clothlogix] [           main] a.ConfigurationClassBeanDefinitionReader : Registering bean definition for @Bean method org.springframework.boot.autoconfigure.task.TaskSchedulingConfigurations$TaskSchedulerBuilderConfiguration.taskSchedulerBuilder()
2024-05-17T15:11:52.882+02:00 TRACE 4684 --- [clothlogix] [           main] a.ConfigurationClassBeanDefinitionReader : Registered bean definition for imported class 'org.springframework.boot.autoconfigure.task.TaskSchedulingConfigurations$SimpleAsyncTaskSchedulerBuilderConfiguration'
2024-05-17T15:11:52.892+02:00 TRACE 4684 --- [clothlogix] [           main] o.s.b.a.condition.OnBeanCondition        : Condition OnBeanCondition on org.springframework.boot.autoconfigure.task.TaskSchedulingConfigurations$SimpleAsyncTaskSchedulerBuilderConfiguration#simpleAsyncTaskSchedulerBuilder matched due to @ConditionalOnMissingBean (types: org.springframework.boot.task.SimpleAsyncTaskSchedulerBuilder; SearchStrategy: all) did not find any beans
2024-05-17T15:11:52.892+02:00 TRACE 4684 --- [clothlogix] [           main] o.s.b.f.s.DefaultListableBeanFactory     : Returning cached instance of singleton bean 'autoConfigurationReport'
2024-05-17T15:11:52.892+02:00 TRACE 4684 --- [clothlogix] [           main] o.s.b.a.condition.OnThreadingCondition   : Condition OnThreadingCondition on org.springframework.boot.autoconfigure.task.TaskSchedulingConfigurations$SimpleAsyncTaskSchedulerBuilderConfiguration#simpleAsyncTaskSchedulerBuilder matched due to @ConditionalOnThreading found PLATFORM
2024-05-17T15:11:52.892+02:00 TRACE 4684 --- [clothlogix] [           main] o.s.b.f.s.DefaultListableBeanFactory     : Returning cached instance of singleton bean 'autoConfigurationReport'
2024-05-17T15:11:52.892+02:00 TRACE 4684 --- [clothlogix] [           main] a.ConfigurationClassBeanDefinitionReader : Registering bean definition for @Bean method org.springframework.boot.autoconfigure.task.TaskSchedulingConfigurations$SimpleAsyncTaskSchedulerBuilderConfiguration.simpleAsyncTaskSchedulerBuilder()
2024-05-17T15:11:52.894+02:00 TRACE 4684 --- [clothlogix] [           main] o.s.b.a.condition.OnBeanCondition        : Condition OnBeanCondition on org.springframework.boot.autoconfigure.task.TaskSchedulingConfigurations$SimpleAsyncTaskSchedulerBuilderConfiguration#simpleAsyncTaskSchedulerBuilderVirtualThreads did not match due to @ConditionalOnMissingBean (types: org.springframework.boot.task.SimpleAsyncTaskSchedulerBuilder; SearchStrategy: all) found beans of type 'org.springframework.boot.task.SimpleAsyncTaskSchedulerBuilder' simpleAsyncTaskSchedulerBuilder
2024-05-17T15:11:52.894+02:00 TRACE 4684 --- [clothlogix] [           main] o.s.b.f.s.DefaultListableBeanFactory     : Returning cached instance of singleton bean 'autoConfigurationReport'
2024-05-17T15:11:52.894+02:00 TRACE 4684 --- [clothlogix] [           main] o.s.b.a.condition.OnBeanCondition        : Condition OnBeanCondition on org.springframework.boot.autoconfigure.task.TaskSchedulingConfigurations$TaskSchedulerConfiguration did not match due to @ConditionalOnBean (names: org.springframework.context.annotation.internalScheduledAnnotationProcessor; SearchStrategy: all) did not find any beans named org.springframework.context.annotation.internalScheduledAnnotationProcessor
2024-05-17T15:11:52.894+02:00 TRACE 4684 --- [clothlogix] [           main] o.s.b.f.s.DefaultListableBeanFactory     : Returning cached instance of singleton bean 'autoConfigurationReport'
2024-05-17T15:11:52.894+02:00 TRACE 4684 --- [clothlogix] [           main] a.ConfigurationClassBeanDefinitionReader : Registered bean definition for imported class 'org.springframework.boot.autoconfigure.task.TaskSchedulingAutoConfiguration'
2024-05-17T15:11:52.894+02:00 TRACE 4684 --- [clothlogix] [           main] o.s.b.a.condition.OnBeanCondition        : Condition OnBeanCondition on org.springframework.boot.autoconfigure.task.TaskSchedulingAutoConfiguration#scheduledBeanLazyInitializationExcludeFilter did not match due to @ConditionalOnBean (names: org.springframework.context.annotation.internalScheduledAnnotationProcessor; SearchStrategy: all) did not find any beans named org.springframework.context.annotation.internalScheduledAnnotationProcessor
2024-05-17T15:11:52.894+02:00 TRACE 4684 --- [clothlogix] [           main] o.s.b.f.s.DefaultListableBeanFactory     : Returning cached instance of singleton bean 'autoConfigurationReport'
2024-05-17T15:11:52.894+02:00 TRACE 4684 --- [clothlogix] [           main] o.s.b.a.condition.OnClassCondition       : Condition OnClassCondition on org.springframework.boot.autoconfigure.jdbc.DataSourceTransactionManagerAutoConfiguration matched due to @ConditionalOnClass found required classes 'org.springframework.jdbc.core.JdbcTemplate', 'org.springframework.transaction.TransactionManager'
2024-05-17T15:11:52.894+02:00 TRACE 4684 --- [clothlogix] [           main] o.s.b.f.s.DefaultListableBeanFactory     : Returning cached instance of singleton bean 'autoConfigurationReport'
2024-05-17T15:11:52.894+02:00 TRACE 4684 --- [clothlogix] [           main] o.s.b.a.condition.OnBeanCondition        : Condition OnBeanCondition on org.springframework.boot.autoconfigure.jdbc.DataSourceTransactionManagerAutoConfiguration$JdbcTransactionManagerConfiguration matched due to @ConditionalOnSingleCandidate (types: javax.sql.DataSource; SearchStrategy: all) found a single bean 'dataSource'
2024-05-17T15:11:52.894+02:00 TRACE 4684 --- [clothlogix] [           main] o.s.b.f.s.DefaultListableBeanFactory     : Returning cached instance of singleton bean 'autoConfigurationReport'
2024-05-17T15:11:52.894+02:00 TRACE 4684 --- [clothlogix] [           main] a.ConfigurationClassBeanDefinitionReader : Registered bean definition for imported class 'org.springframework.boot.autoconfigure.jdbc.DataSourceTransactionManagerAutoConfiguration$JdbcTransactionManagerConfiguration'
2024-05-17T15:11:52.894+02:00 TRACE 4684 --- [clothlogix] [           main] o.s.b.a.condition.OnBeanCondition        : Condition OnBeanCondition on org.springframework.boot.autoconfigure.jdbc.DataSourceTransactionManagerAutoConfiguration$JdbcTransactionManagerConfiguration#transactionManager did not match due to @ConditionalOnMissingBean (types: org.springframework.transaction.TransactionManager; SearchStrategy: all) found beans of type 'org.springframework.transaction.TransactionManager' hibernateTransactionManager
2024-05-17T15:11:52.894+02:00 TRACE 4684 --- [clothlogix] [           main] o.s.b.f.s.DefaultListableBeanFactory     : Returning cached instance of singleton bean 'autoConfigurationReport'
2024-05-17T15:11:52.894+02:00 TRACE 4684 --- [clothlogix] [           main] a.ConfigurationClassBeanDefinitionReader : Registered bean definition for imported class 'org.springframework.boot.autoconfigure.jdbc.DataSourceTransactionManagerAutoConfiguration'
2024-05-17T15:11:52.894+02:00 TRACE 4684 --- [clothlogix] [           main] o.s.b.a.condition.OnClassCondition       : Condition OnClassCondition on org.springframework.boot.autoconfigure.transaction.TransactionAutoConfiguration matched due to @ConditionalOnClass found required class 'org.springframework.transaction.PlatformTransactionManager'
2024-05-17T15:11:52.894+02:00 TRACE 4684 --- [clothlogix] [           main] o.s.b.f.s.DefaultListableBeanFactory     : Returning cached instance of singleton bean 'autoConfigurationReport'
2024-05-17T15:11:52.894+02:00 TRACE 4684 --- [clothlogix] [           main] o.s.b.a.condition.OnBeanCondition        : Condition OnBeanCondition on org.springframework.boot.autoconfigure.transaction.TransactionAutoConfiguration$AspectJTransactionManagementConfiguration did not match due to @ConditionalOnBean (types: org.springframework.transaction.aspectj.AbstractTransactionAspect; SearchStrategy: all) did not find any beans of type org.springframework.transaction.aspectj.AbstractTransactionAspect
2024-05-17T15:11:52.894+02:00 TRACE 4684 --- [clothlogix] [           main] o.s.b.f.s.DefaultListableBeanFactory     : Returning cached instance of singleton bean 'autoConfigurationReport'
2024-05-17T15:11:52.894+02:00 TRACE 4684 --- [clothlogix] [           main] o.s.b.a.condition.OnBeanCondition        : Condition OnBeanCondition on org.springframework.boot.autoconfigure.transaction.TransactionAutoConfiguration$EnableTransactionManagementConfiguration did not match due to @ConditionalOnMissingBean (types: org.springframework.transaction.annotation.AbstractTransactionManagementConfiguration; SearchStrategy: all) found beans of type 'org.springframework.transaction.annotation.AbstractTransactionManagementConfiguration' org.springframework.transaction.annotation.ProxyTransactionManagementConfiguration
2024-05-17T15:11:52.894+02:00 TRACE 4684 --- [clothlogix] [           main] o.s.b.f.s.DefaultListableBeanFactory     : Returning cached instance of singleton bean 'autoConfigurationReport'
2024-05-17T15:11:52.894+02:00 TRACE 4684 --- [clothlogix] [           main] o.s.b.a.condition.OnBeanCondition        : Condition OnBeanCondition on org.springframework.boot.autoconfigure.transaction.TransactionAutoConfiguration$TransactionTemplateConfiguration matched due to @ConditionalOnSingleCandidate (types: org.springframework.transaction.PlatformTransactionManager; SearchStrategy: all) found a single bean 'hibernateTransactionManager'
2024-05-17T15:11:52.894+02:00 TRACE 4684 --- [clothlogix] [           main] o.s.b.f.s.DefaultListableBeanFactory     : Returning cached instance of singleton bean 'autoConfigurationReport'
2024-05-17T15:11:52.894+02:00 TRACE 4684 --- [clothlogix] [           main] a.ConfigurationClassBeanDefinitionReader : Registered bean definition for imported class 'org.springframework.boot.autoconfigure.transaction.TransactionAutoConfiguration$TransactionTemplateConfiguration'
2024-05-17T15:11:52.894+02:00 TRACE 4684 --- [clothlogix] [           main] o.s.b.a.condition.OnBeanCondition        : Condition OnBeanCondition on org.springframework.boot.autoconfigure.transaction.TransactionAutoConfiguration$TransactionTemplateConfiguration#transactionTemplate matched due to @ConditionalOnMissingBean (types: org.springframework.transaction.support.TransactionOperations; SearchStrategy: all) did not find any beans
2024-05-17T15:11:52.902+02:00 TRACE 4684 --- [clothlogix] [           main] o.s.b.f.s.DefaultListableBeanFactory     : Returning cached instance of singleton bean 'autoConfigurationReport'
2024-05-17T15:11:52.902+02:00 TRACE 4684 --- [clothlogix] [           main] a.ConfigurationClassBeanDefinitionReader : Registering bean definition for @Bean method org.springframework.boot.autoconfigure.transaction.TransactionAutoConfiguration$TransactionTemplateConfiguration.transactionTemplate()
2024-05-17T15:11:52.902+02:00 TRACE 4684 --- [clothlogix] [           main] a.ConfigurationClassBeanDefinitionReader : Registered bean definition for imported class 'org.springframework.boot.autoconfigure.transaction.TransactionAutoConfiguration'
2024-05-17T15:11:52.902+02:00 TRACE 4684 --- [clothlogix] [           main] o.s.b.a.condition.OnBeanCondition        : Condition OnBeanCondition on org.springframework.boot.autoconfigure.transaction.TransactionAutoConfiguration#transactionalOperator did not match due to @ConditionalOnSingleCandidate (types: org.springframework.transaction.ReactiveTransactionManager; SearchStrategy: all) did not find any beans
2024-05-17T15:11:52.902+02:00 TRACE 4684 --- [clothlogix] [           main] o.s.b.f.s.DefaultListableBeanFactory     : Returning cached instance of singleton bean 'autoConfigurationReport'
2024-05-17T15:11:52.902+02:00 TRACE 4684 --- [clothlogix] [           main] o.s.b.a.condition.OnClassCondition       : Condition OnClassCondition on org.springframework.boot.autoconfigure.web.client.RestClientAutoConfiguration matched due to @ConditionalOnClass found required class 'org.springframework.web.client.RestClient'
2024-05-17T15:11:52.902+02:00 TRACE 4684 --- [clothlogix] [           main] o.s.b.f.s.DefaultListableBeanFactory     : Returning cached instance of singleton bean 'autoConfigurationReport'
2024-05-17T15:11:52.902+02:00 TRACE 4684 --- [clothlogix] [           main] a.ConfigurationClassBeanDefinitionReader : Registered bean definition for imported class 'org.springframework.boot.autoconfigure.web.client.RestClientAutoConfiguration'
2024-05-17T15:11:52.902+02:00 TRACE 4684 --- [clothlogix] [           main] o.s.b.a.condition.OnBeanCondition        : Condition OnBeanCondition on org.springframework.boot.autoconfigure.web.client.RestClientAutoConfiguration#httpMessageConvertersRestClientCustomizer matched due to @ConditionalOnMissingBean (types: org.springframework.boot.autoconfigure.web.client.HttpMessageConvertersRestClientCustomizer; SearchStrategy: all) did not find any beans
2024-05-17T15:11:52.902+02:00 TRACE 4684 --- [clothlogix] [           main] o.s.b.f.s.DefaultListableBeanFactory     : Returning cached instance of singleton bean 'autoConfigurationReport'
2024-05-17T15:11:52.902+02:00 TRACE 4684 --- [clothlogix] [           main] a.ConfigurationClassBeanDefinitionReader : Registering bean definition for @Bean method org.springframework.boot.autoconfigure.web.client.RestClientAutoConfiguration.httpMessageConvertersRestClientCustomizer()
2024-05-17T15:11:52.902+02:00 TRACE 4684 --- [clothlogix] [           main] o.s.b.a.condition.OnBeanCondition        : Condition OnBeanCondition on org.springframework.boot.autoconfigure.web.client.RestClientAutoConfiguration#restClientSsl matched due to @ConditionalOnBean (types: org.springframework.boot.ssl.SslBundles; SearchStrategy: all) found bean 'sslBundleRegistry'; @ConditionalOnMissingBean (types: org.springframework.boot.autoconfigure.web.client.RestClientSsl; SearchStrategy: all) did not find any beans
2024-05-17T15:11:52.902+02:00 TRACE 4684 --- [clothlogix] [           main] o.s.b.f.s.DefaultListableBeanFactory     : Returning cached instance of singleton bean 'autoConfigurationReport'
2024-05-17T15:11:52.902+02:00 TRACE 4684 --- [clothlogix] [           main] o.s.b.a.condition.OnBeanCondition        : Condition OnBeanCondition on org.springframework.boot.autoconfigure.web.client.RestClientAutoConfiguration#restClientSsl matched due to @ConditionalOnBean (types: org.springframework.boot.ssl.SslBundles; SearchStrategy: all) found bean 'sslBundleRegistry'; @ConditionalOnMissingBean (types: org.springframework.boot.autoconfigure.web.client.RestClientSsl; SearchStrategy: all) did not find any beans
2024-05-17T15:11:52.902+02:00 TRACE 4684 --- [clothlogix] [           main] o.s.b.f.s.DefaultListableBeanFactory     : Returning cached instance of singleton bean 'autoConfigurationReport'
2024-05-17T15:11:52.902+02:00 TRACE 4684 --- [clothlogix] [           main] a.ConfigurationClassBeanDefinitionReader : Registering bean definition for @Bean method org.springframework.boot.autoconfigure.web.client.RestClientAutoConfiguration.restClientSsl()
2024-05-17T15:11:52.902+02:00 TRACE 4684 --- [clothlogix] [           main] o.s.b.a.condition.OnBeanCondition        : Condition OnBeanCondition on org.springframework.boot.autoconfigure.web.client.RestClientAutoConfiguration#restClientBuilderConfigurer matched due to @ConditionalOnMissingBean (types: org.springframework.boot.autoconfigure.web.client.RestClientBuilderConfigurer; SearchStrategy: all) did not find any beans
2024-05-17T15:11:52.902+02:00 TRACE 4684 --- [clothlogix] [           main] o.s.b.f.s.DefaultListableBeanFactory     : Returning cached instance of singleton bean 'autoConfigurationReport'
2024-05-17T15:11:52.902+02:00 TRACE 4684 --- [clothlogix] [           main] a.ConfigurationClassBeanDefinitionReader : Registering bean definition for @Bean method org.springframework.boot.autoconfigure.web.client.RestClientAutoConfiguration.restClientBuilderConfigurer()
2024-05-17T15:11:52.902+02:00 TRACE 4684 --- [clothlogix] [           main] o.s.b.a.condition.OnBeanCondition        : Condition OnBeanCondition on org.springframework.boot.autoconfigure.web.client.RestClientAutoConfiguration#restClientBuilder matched due to @ConditionalOnMissingBean (types: org.springframework.web.client.RestClient$Builder; SearchStrategy: all) did not find any beans
2024-05-17T15:11:52.902+02:00 TRACE 4684 --- [clothlogix] [           main] o.s.b.f.s.DefaultListableBeanFactory     : Returning cached instance of singleton bean 'autoConfigurationReport'
2024-05-17T15:11:52.902+02:00 TRACE 4684 --- [clothlogix] [           main] a.ConfigurationClassBeanDefinitionReader : Registering bean definition for @Bean method org.springframework.boot.autoconfigure.web.client.RestClientAutoConfiguration.restClientBuilder()
2024-05-17T15:11:52.902+02:00 TRACE 4684 --- [clothlogix] [           main] o.s.b.a.condition.OnClassCondition       : Condition OnClassCondition on org.springframework.boot.autoconfigure.web.client.RestTemplateAutoConfiguration matched due to @ConditionalOnClass found required class 'org.springframework.web.client.RestTemplate'
2024-05-17T15:11:52.902+02:00 TRACE 4684 --- [clothlogix] [           main] o.s.b.f.s.DefaultListableBeanFactory     : Returning cached instance of singleton bean 'autoConfigurationReport'
2024-05-17T15:11:52.902+02:00 TRACE 4684 --- [clothlogix] [           main] a.ConfigurationClassBeanDefinitionReader : Registered bean definition for imported class 'org.springframework.boot.autoconfigure.web.client.RestTemplateAutoConfiguration'
2024-05-17T15:11:52.902+02:00 TRACE 4684 --- [clothlogix] [           main] a.ConfigurationClassBeanDefinitionReader : Registering bean definition for @Bean method org.springframework.boot.autoconfigure.web.client.RestTemplateAutoConfiguration.restTemplateBuilderConfigurer()
2024-05-17T15:11:52.912+02:00 TRACE 4684 --- [clothlogix] [           main] o.s.b.a.condition.OnBeanCondition        : Condition OnBeanCondition on org.springframework.boot.autoconfigure.web.client.RestTemplateAutoConfiguration#restTemplateBuilder matched due to @ConditionalOnMissingBean (types: org.springframework.boot.web.client.RestTemplateBuilder; SearchStrategy: all) did not find any beans
2024-05-17T15:11:52.912+02:00 TRACE 4684 --- [clothlogix] [           main] o.s.b.f.s.DefaultListableBeanFactory     : Returning cached instance of singleton bean 'autoConfigurationReport'
2024-05-17T15:11:52.912+02:00 TRACE 4684 --- [clothlogix] [           main] a.ConfigurationClassBeanDefinitionReader : Registering bean definition for @Bean method org.springframework.boot.autoconfigure.web.client.RestTemplateAutoConfiguration.restTemplateBuilder()
2024-05-17T15:11:52.912+02:00 TRACE 4684 --- [clothlogix] [           main] o.s.b.a.condition.OnClassCondition       : Condition OnClassCondition on org.springframework.boot.autoconfigure.web.servlet.HttpEncodingAutoConfiguration matched due to @ConditionalOnClass found required class 'org.springframework.web.filter.CharacterEncodingFilter'
2024-05-17T15:11:52.912+02:00 TRACE 4684 --- [clothlogix] [           main] o.s.b.f.s.DefaultListableBeanFactory     : Returning cached instance of singleton bean 'autoConfigurationReport'
2024-05-17T15:11:52.912+02:00 TRACE 4684 --- [clothlogix] [           main] o.s.b.a.c.OnWebApplicationCondition      : Condition OnWebApplicationCondition on org.springframework.boot.autoconfigure.web.servlet.HttpEncodingAutoConfiguration matched due to found 'session' scope
2024-05-17T15:11:52.912+02:00 TRACE 4684 --- [clothlogix] [           main] o.s.b.f.s.DefaultListableBeanFactory     : Returning cached instance of singleton bean 'autoConfigurationReport'
2024-05-17T15:11:52.912+02:00 TRACE 4684 --- [clothlogix] [           main] o.s.b.a.condition.OnPropertyCondition    : Condition OnPropertyCondition on org.springframework.boot.autoconfigure.web.servlet.HttpEncodingAutoConfiguration matched due to @ConditionalOnProperty (server.servlet.encoding.enabled) matched
2024-05-17T15:11:52.912+02:00 TRACE 4684 --- [clothlogix] [           main] o.s.b.f.s.DefaultListableBeanFactory     : Returning cached instance of singleton bean 'autoConfigurationReport'
2024-05-17T15:11:52.912+02:00 TRACE 4684 --- [clothlogix] [           main] a.ConfigurationClassBeanDefinitionReader : Registered bean definition for imported class 'org.springframework.boot.autoconfigure.web.servlet.HttpEncodingAutoConfiguration'
2024-05-17T15:11:52.912+02:00 TRACE 4684 --- [clothlogix] [           main] o.s.b.a.condition.OnBeanCondition        : Condition OnBeanCondition on org.springframework.boot.autoconfigure.web.servlet.HttpEncodingAutoConfiguration#characterEncodingFilter matched due to @ConditionalOnMissingBean (types: org.springframework.web.filter.CharacterEncodingFilter; SearchStrategy: all) did not find any beans
2024-05-17T15:11:52.912+02:00 TRACE 4684 --- [clothlogix] [           main] o.s.b.f.s.DefaultListableBeanFactory     : Returning cached instance of singleton bean 'autoConfigurationReport'
2024-05-17T15:11:52.912+02:00 TRACE 4684 --- [clothlogix] [           main] a.ConfigurationClassBeanDefinitionReader : Registering bean definition for @Bean method org.springframework.boot.autoconfigure.web.servlet.HttpEncodingAutoConfiguration.characterEncodingFilter()
2024-05-17T15:11:52.912+02:00 TRACE 4684 --- [clothlogix] [           main] a.ConfigurationClassBeanDefinitionReader : Registering bean definition for @Bean method org.springframework.boot.autoconfigure.web.servlet.HttpEncodingAutoConfiguration.localeCharsetMappingsCustomizer()
2024-05-17T15:11:52.912+02:00 TRACE 4684 --- [clothlogix] [           main] o.s.b.a.condition.OnClassCondition       : Condition OnClassCondition on org.springframework.boot.autoconfigure.web.servlet.MultipartAutoConfiguration matched due to @ConditionalOnClass found required classes 'jakarta.servlet.Servlet', 'org.springframework.web.multipart.support.StandardServletMultipartResolver', 'jakarta.servlet.MultipartConfigElement'
2024-05-17T15:11:52.912+02:00 TRACE 4684 --- [clothlogix] [           main] o.s.b.f.s.DefaultListableBeanFactory     : Returning cached instance of singleton bean 'autoConfigurationReport'
2024-05-17T15:11:52.912+02:00 TRACE 4684 --- [clothlogix] [           main] o.s.b.a.c.OnWebApplicationCondition      : Condition OnWebApplicationCondition on org.springframework.boot.autoconfigure.web.servlet.MultipartAutoConfiguration matched due to found 'session' scope
2024-05-17T15:11:52.912+02:00 TRACE 4684 --- [clothlogix] [           main] o.s.b.f.s.DefaultListableBeanFactory     : Returning cached instance of singleton bean 'autoConfigurationReport'
2024-05-17T15:11:52.912+02:00 TRACE 4684 --- [clothlogix] [           main] o.s.b.a.condition.OnPropertyCondition    : Condition OnPropertyCondition on org.springframework.boot.autoconfigure.web.servlet.MultipartAutoConfiguration matched due to @ConditionalOnProperty (spring.servlet.multipart.enabled) matched
2024-05-17T15:11:52.912+02:00 TRACE 4684 --- [clothlogix] [           main] o.s.b.f.s.DefaultListableBeanFactory     : Returning cached instance of singleton bean 'autoConfigurationReport'
2024-05-17T15:11:52.912+02:00 TRACE 4684 --- [clothlogix] [           main] a.ConfigurationClassBeanDefinitionReader : Registered bean definition for imported class 'org.springframework.boot.autoconfigure.web.servlet.MultipartAutoConfiguration'
2024-05-17T15:11:52.912+02:00 TRACE 4684 --- [clothlogix] [           main] o.s.b.a.condition.OnBeanCondition        : Condition OnBeanCondition on org.springframework.boot.autoconfigure.web.servlet.MultipartAutoConfiguration#multipartConfigElement matched due to @ConditionalOnMissingBean (types: jakarta.servlet.MultipartConfigElement; SearchStrategy: all) did not find any beans
2024-05-17T15:11:52.912+02:00 TRACE 4684 --- [clothlogix] [           main] o.s.b.f.s.DefaultListableBeanFactory     : Returning cached instance of singleton bean 'autoConfigurationReport'
2024-05-17T15:11:52.912+02:00 TRACE 4684 --- [clothlogix] [           main] a.ConfigurationClassBeanDefinitionReader : Registering bean definition for @Bean method org.springframework.boot.autoconfigure.web.servlet.MultipartAutoConfiguration.multipartConfigElement()
2024-05-17T15:11:52.912+02:00 TRACE 4684 --- [clothlogix] [           main] o.s.b.a.condition.OnBeanCondition        : Condition OnBeanCondition on org.springframework.boot.autoconfigure.web.servlet.MultipartAutoConfiguration#multipartResolver matched due to @ConditionalOnMissingBean (types: org.springframework.web.multipart.MultipartResolver; SearchStrategy: all) did not find any beans
2024-05-17T15:11:52.912+02:00 TRACE 4684 --- [clothlogix] [           main] o.s.b.f.s.DefaultListableBeanFactory     : Returning cached instance of singleton bean 'autoConfigurationReport'
2024-05-17T15:11:52.912+02:00 TRACE 4684 --- [clothlogix] [           main] a.ConfigurationClassBeanDefinitionReader : Registering bean definition for @Bean method org.springframework.boot.autoconfigure.web.servlet.MultipartAutoConfiguration.multipartResolver()
2024-05-17T15:11:52.925+02:00 DEBUG 4684 --- [clothlogix] [           main] o.s.b.f.s.DefaultListableBeanFactory     : Creating shared instance of singleton bean 'springSecurityHandlerMappingIntrospectorBeanDefinitionRegistryPostProcessor'
2024-05-17T15:11:52.925+02:00 TRACE 4684 --- [clothlogix] [           main] o.s.b.f.s.DefaultListableBeanFactory     : Creating instance of bean 'springSecurityHandlerMappingIntrospectorBeanDefinitionRegistryPostProcessor'
2024-05-17T15:11:52.925+02:00 TRACE 4684 --- [clothlogix] [           main] o.s.b.f.s.DefaultListableBeanFactory     : Finished creating instance of bean 'springSecurityHandlerMappingIntrospectorBeanDefinitionRegistryPostProcessor'
2024-05-17T15:11:53.014+02:00 TRACE 4684 --- [clothlogix] [           main] o.s.c.a.ConfigurationClassEnhancer       : Successfully enhanced com.fabless.clothlogix.ClothlogixApplication; enhanced class name is: com.fabless.clothlogix.ClothlogixApplication$$SpringCGLIB$$0
2024-05-17T15:11:53.014+02:00 TRACE 4684 --- [clothlogix] [           main] o.s.c.a.ConfigurationClassPostProcessor  : Replacing bean definition 'clothlogixApplication' existing class 'com.fabless.clothlogix.ClothlogixApplication' with enhanced class 'com.fabless.clothlogix.ClothlogixApplication$$SpringCGLIB$$0'
2024-05-17T15:11:53.025+02:00 TRACE 4684 --- [clothlogix] [           main] o.s.c.a.ConfigurationClassEnhancer       : Successfully enhanced com.fabless.clothlogix.configuration.HibernateConf; enhanced class name is: com.fabless.clothlogix.configuration.HibernateConf$$SpringCGLIB$$0
2024-05-17T15:11:53.025+02:00 TRACE 4684 --- [clothlogix] [           main] o.s.c.a.ConfigurationClassPostProcessor  : Replacing bean definition 'hibernateConf' existing class 'com.fabless.clothlogix.configuration.HibernateConf' with enhanced class 'com.fabless.clothlogix.configuration.HibernateConf$$SpringCGLIB$$0'
2024-05-17T15:11:53.032+02:00 DEBUG 4684 --- [clothlogix] [           main] o.s.b.f.s.DefaultListableBeanFactory     : Creating shared instance of singleton bean 'propertySourcesPlaceholderConfigurer'
2024-05-17T15:11:53.032+02:00 TRACE 4684 --- [clothlogix] [           main] o.s.b.f.s.DefaultListableBeanFactory     : Creating instance of bean 'propertySourcesPlaceholderConfigurer'
2024-05-17T15:11:53.032+02:00 TRACE 4684 --- [clothlogix] [           main] o.s.b.f.s.DefaultListableBeanFactory     : Finished creating instance of bean 'propertySourcesPlaceholderConfigurer'
2024-05-17T15:11:53.037+02:00 DEBUG 4684 --- [clothlogix] [           main] o.s.b.f.s.DefaultListableBeanFactory     : Creating shared instance of singleton bean 'org.springframework.boot.test.mock.mockito.MockitoPostProcessor'
2024-05-17T15:11:53.037+02:00 TRACE 4684 --- [clothlogix] [           main] o.s.b.f.s.DefaultListableBeanFactory     : Creating instance of bean 'org.springframework.boot.test.mock.mockito.MockitoPostProcessor'
2024-05-17T15:11:53.037+02:00 TRACE 4684 --- [clothlogix] [           main] o.s.b.f.s.DefaultListableBeanFactory     : Finished creating instance of bean 'org.springframework.boot.test.mock.mockito.MockitoPostProcessor'
2024-05-17T15:11:53.037+02:00 DEBUG 4684 --- [clothlogix] [           main] o.s.b.f.s.DefaultListableBeanFactory     : Creating shared instance of singleton bean 'emBeanDefinitionRegistrarPostProcessor'
2024-05-17T15:11:53.037+02:00 TRACE 4684 --- [clothlogix] [           main] o.s.b.f.s.DefaultListableBeanFactory     : Creating instance of bean 'emBeanDefinitionRegistrarPostProcessor'
2024-05-17T15:11:53.037+02:00 TRACE 4684 --- [clothlogix] [           main] o.s.b.f.s.DefaultListableBeanFactory     : Finished creating instance of bean 'emBeanDefinitionRegistrarPostProcessor'
2024-05-17T15:11:53.037+02:00 DEBUG 4684 --- [clothlogix] [           main] o.s.b.f.s.DefaultListableBeanFactory     : Creating shared instance of singleton bean 'org.springframework.boot.sql.init.dependency.DatabaseInitializationDependencyConfigurer$DependsOnDatabaseInitializationPostProcessor'
2024-05-17T15:11:53.037+02:00 TRACE 4684 --- [clothlogix] [           main] o.s.b.f.s.DefaultListableBeanFactory     : Creating instance of bean 'org.springframework.boot.sql.init.dependency.DatabaseInitializationDependencyConfigurer$DependsOnDatabaseInitializationPostProcessor'
2024-05-17T15:11:53.037+02:00 TRACE 4684 --- [clothlogix] [           main] o.s.b.f.s.DefaultListableBeanFactory     : Finished creating instance of bean 'org.springframework.boot.sql.init.dependency.DatabaseInitializationDependencyConfigurer$DependsOnDatabaseInitializationPostProcessor'
2024-05-17T15:11:53.042+02:00 TRACE 4684 --- [clothlogix] [           main] o.s.c.io.support.SpringFactoriesLoader   : Loaded [org.springframework.boot.sql.init.dependency.DatabaseInitializerDetector] names: [org.springframework.boot.flyway.FlywayDatabaseInitializerDetector, org.springframework.boot.jdbc.init.DataSourceScriptDatabaseInitializerDetector, org.springframework.boot.liquibase.LiquibaseDatabaseInitializerDetector, org.springframework.boot.orm.jpa.JpaDatabaseInitializerDetector, org.springframework.boot.r2dbc.init.R2dbcScriptDatabaseInitializerDetector, org.springframework.boot.autoconfigure.flyway.FlywayMigrationInitializerDatabaseInitializerDetector]
2024-05-17T15:11:53.042+02:00 TRACE 4684 --- [clothlogix] [           main] o.s.c.io.support.SpringFactoriesLoader   : Loaded [org.springframework.boot.sql.init.dependency.DependsOnDatabaseInitializationDetector] names: [org.springframework.boot.sql.init.dependency.AnnotationDependsOnDatabaseInitializationDetector, org.springframework.boot.jdbc.SpringJdbcDependsOnDatabaseInitializationDetector, org.springframework.boot.jooq.JooqDependsOnDatabaseInitializationDetector, org.springframework.boot.orm.jpa.JpaDependsOnDatabaseInitializationDetector, org.springframework.boot.autoconfigure.batch.JobRepositoryDependsOnDatabaseInitializationDetector, org.springframework.boot.autoconfigure.quartz.SchedulerDependsOnDatabaseInitializationDetector, org.springframework.boot.autoconfigure.session.JdbcIndexedSessionRepositoryDependsOnDatabaseInitializationDetector]
2024-05-17T15:11:53.102+02:00 DEBUG 4684 --- [clothlogix] [           main] o.s.b.f.s.DefaultListableBeanFactory     : Creating shared instance of singleton bean 'org.springframework.context.event.internalEventListenerProcessor'
2024-05-17T15:11:53.102+02:00 TRACE 4684 --- [clothlogix] [           main] o.s.b.f.s.DefaultListableBeanFactory     : Creating instance of bean 'org.springframework.context.event.internalEventListenerProcessor'
2024-05-17T15:11:53.102+02:00 TRACE 4684 --- [clothlogix] [           main] o.s.b.f.s.DefaultListableBeanFactory     : Finished creating instance of bean 'org.springframework.context.event.internalEventListenerProcessor'
2024-05-17T15:11:53.102+02:00 DEBUG 4684 --- [clothlogix] [           main] o.s.b.f.s.DefaultListableBeanFactory     : Creating shared instance of singleton bean 'preserveErrorControllerTargetClassPostProcessor'
2024-05-17T15:11:53.102+02:00 TRACE 4684 --- [clothlogix] [           main] o.s.b.f.s.DefaultListableBeanFactory     : Creating instance of bean 'preserveErrorControllerTargetClassPostProcessor'
2024-05-17T15:11:53.102+02:00 TRACE 4684 --- [clothlogix] [           main] o.s.b.f.s.DefaultListableBeanFactory     : Finished creating instance of bean 'preserveErrorControllerTargetClassPostProcessor'
2024-05-17T15:11:53.102+02:00 DEBUG 4684 --- [clothlogix] [           main] o.s.b.f.s.DefaultListableBeanFactory     : Creating shared instance of singleton bean 'conversionServicePostProcessor'
2024-05-17T15:11:53.102+02:00 TRACE 4684 --- [clothlogix] [           main] o.s.b.f.s.DefaultListableBeanFactory     : Creating instance of bean 'conversionServicePostProcessor'
2024-05-17T15:11:53.112+02:00 TRACE 4684 --- [clothlogix] [           main] o.s.b.f.s.DefaultListableBeanFactory     : Finished creating instance of bean 'conversionServicePostProcessor'
2024-05-17T15:11:53.112+02:00 DEBUG 4684 --- [clothlogix] [           main] o.s.b.f.s.DefaultListableBeanFactory     : Creating shared instance of singleton bean 'org.springframework.context.event.internalEventListenerFactory'
2024-05-17T15:11:53.112+02:00 TRACE 4684 --- [clothlogix] [           main] o.s.b.f.s.DefaultListableBeanFactory     : Creating instance of bean 'org.springframework.context.event.internalEventListenerFactory'
2024-05-17T15:11:53.112+02:00 TRACE 4684 --- [clothlogix] [           main] o.s.b.f.s.DefaultListableBeanFactory     : Finished creating instance of bean 'org.springframework.context.event.internalEventListenerFactory'
2024-05-17T15:11:53.112+02:00 DEBUG 4684 --- [clothlogix] [           main] o.s.b.f.s.DefaultListableBeanFactory     : Creating shared instance of singleton bean 'org.springframework.transaction.config.internalTransactionalEventListenerFactory'
2024-05-17T15:11:53.112+02:00 TRACE 4684 --- [clothlogix] [           main] o.s.b.f.s.DefaultListableBeanFactory     : Creating instance of bean 'org.springframework.transaction.config.internalTransactionalEventListenerFactory'
2024-05-17T15:11:53.112+02:00 TRACE 4684 --- [clothlogix] [           main] o.s.b.f.s.DefaultListableBeanFactory     : Finished creating instance of bean 'org.springframework.transaction.config.internalTransactionalEventListenerFactory'
2024-05-17T15:11:53.116+02:00 DEBUG 4684 --- [clothlogix] [           main] o.s.b.f.s.DefaultListableBeanFactory     : Creating shared instance of singleton bean 'org.springframework.boot.test.mock.mockito.MockitoPostProcessor$SpyPostProcessor'
2024-05-17T15:11:53.116+02:00 TRACE 4684 --- [clothlogix] [           main] o.s.b.f.s.DefaultListableBeanFactory     : Creating instance of bean 'org.springframework.boot.test.mock.mockito.MockitoPostProcessor$SpyPostProcessor'
2024-05-17T15:11:53.116+02:00 TRACE 4684 --- [clothlogix] [           main] o.s.b.f.s.DefaultListableBeanFactory     : Returning cached instance of singleton bean 'org.springframework.boot.test.mock.mockito.MockitoPostProcessor'
2024-05-17T15:11:53.116+02:00 TRACE 4684 --- [clothlogix] [           main] o.s.b.f.s.DefaultListableBeanFactory     : Finished creating instance of bean 'org.springframework.boot.test.mock.mockito.MockitoPostProcessor$SpyPostProcessor'
2024-05-17T15:11:53.116+02:00 DEBUG 4684 --- [clothlogix] [           main] o.s.b.f.s.DefaultListableBeanFactory     : Creating shared instance of singleton bean 'org.springframework.context.annotation.internalAutowiredAnnotationProcessor'
2024-05-17T15:11:53.116+02:00 TRACE 4684 --- [clothlogix] [           main] o.s.b.f.s.DefaultListableBeanFactory     : Creating instance of bean 'org.springframework.context.annotation.internalAutowiredAnnotationProcessor'
2024-05-17T15:11:53.116+02:00 TRACE 4684 --- [clothlogix] [           main] f.a.AutowiredAnnotationBeanPostProcessor : 'jakarta.inject.Inject' annotation found and supported for autowiring
2024-05-17T15:11:53.116+02:00 TRACE 4684 --- [clothlogix] [           main] o.s.b.f.s.DefaultListableBeanFactory     : Finished creating instance of bean 'org.springframework.context.annotation.internalAutowiredAnnotationProcessor'
2024-05-17T15:11:53.116+02:00 DEBUG 4684 --- [clothlogix] [           main] o.s.b.f.s.DefaultListableBeanFactory     : Creating shared instance of singleton bean 'org.springframework.context.annotation.internalCommonAnnotationProcessor'
2024-05-17T15:11:53.116+02:00 TRACE 4684 --- [clothlogix] [           main] o.s.b.f.s.DefaultListableBeanFactory     : Creating instance of bean 'org.springframework.context.annotation.internalCommonAnnotationProcessor'
2024-05-17T15:11:53.122+02:00 TRACE 4684 --- [clothlogix] [           main] o.s.b.f.s.DefaultListableBeanFactory     : Finished creating instance of bean 'org.springframework.context.annotation.internalCommonAnnotationProcessor'
2024-05-17T15:11:53.122+02:00 DEBUG 4684 --- [clothlogix] [           main] o.s.b.f.s.DefaultListableBeanFactory     : Creating shared instance of singleton bean 'org.springframework.context.annotation.internalPersistenceAnnotationProcessor'
2024-05-17T15:11:53.122+02:00 TRACE 4684 --- [clothlogix] [           main] o.s.b.f.s.DefaultListableBeanFactory     : Creating instance of bean 'org.springframework.context.annotation.internalPersistenceAnnotationProcessor'
2024-05-17T15:11:53.122+02:00 TRACE 4684 --- [clothlogix] [           main] o.s.b.f.s.DefaultListableBeanFactory     : Finished creating instance of bean 'org.springframework.context.annotation.internalPersistenceAnnotationProcessor'
2024-05-17T15:11:53.122+02:00 DEBUG 4684 --- [clothlogix] [           main] o.s.b.f.s.DefaultListableBeanFactory     : Creating shared instance of singleton bean 'org.springframework.boot.context.properties.ConfigurationPropertiesBindingPostProcessor'
2024-05-17T15:11:53.122+02:00 TRACE 4684 --- [clothlogix] [           main] o.s.b.f.s.DefaultListableBeanFactory     : Creating instance of bean 'org.springframework.boot.context.properties.ConfigurationPropertiesBindingPostProcessor'
2024-05-17T15:11:53.122+02:00 TRACE 4684 --- [clothlogix] [           main] o.s.b.f.s.DefaultListableBeanFactory     : Invoking afterPropertiesSet() on bean with name 'org.springframework.boot.context.properties.ConfigurationPropertiesBindingPostProcessor'
2024-05-17T15:11:53.122+02:00 DEBUG 4684 --- [clothlogix] [           main] o.s.b.f.s.DefaultListableBeanFactory     : Creating shared instance of singleton bean 'org.springframework.boot.context.internalConfigurationPropertiesBinder'
2024-05-17T15:11:53.122+02:00 TRACE 4684 --- [clothlogix] [           main] o.s.b.f.s.DefaultListableBeanFactory     : Creating instance of bean 'org.springframework.boot.context.internalConfigurationPropertiesBinder'
2024-05-17T15:11:53.122+02:00 TRACE 4684 --- [clothlogix] [           main] o.s.b.f.s.DefaultListableBeanFactory     : Returning cached instance of singleton bean 'propertySourcesPlaceholderConfigurer'
2024-05-17T15:11:53.122+02:00 TRACE 4684 --- [clothlogix] [           main] o.s.b.f.s.DefaultListableBeanFactory     : Finished creating instance of bean 'org.springframework.boot.context.internalConfigurationPropertiesBinder'
2024-05-17T15:11:53.122+02:00 TRACE 4684 --- [clothlogix] [           main] o.s.b.f.s.DefaultListableBeanFactory     : Finished creating instance of bean 'org.springframework.boot.context.properties.ConfigurationPropertiesBindingPostProcessor'
2024-05-17T15:11:53.122+02:00 TRACE 4684 --- [clothlogix] [           main] o.s.b.f.s.DefaultListableBeanFactory     : Returning cached instance of singleton bean 'org.springframework.boot.test.mock.mockito.MockitoPostProcessor'
2024-05-17T15:11:53.122+02:00 DEBUG 4684 --- [clothlogix] [           main] o.s.b.f.s.DefaultListableBeanFactory     : Creating shared instance of singleton bean 'org.springframework.aop.config.internalAutoProxyCreator'
2024-05-17T15:11:53.122+02:00 TRACE 4684 --- [clothlogix] [           main] o.s.b.f.s.DefaultListableBeanFactory     : Creating instance of bean 'org.springframework.aop.config.internalAutoProxyCreator'
2024-05-17T15:11:53.133+02:00 TRACE 4684 --- [clothlogix] [           main] o.s.beans.CachedIntrospectionResults     : Getting BeanInfo for class [org.springframework.aop.aspectj.annotation.AnnotationAwareAspectJAutoProxyCreator]
2024-05-17T15:11:53.142+02:00 TRACE 4684 --- [clothlogix] [           main] o.s.beans.CachedIntrospectionResults     : Caching PropertyDescriptors for class [org.springframework.aop.aspectj.annotation.AnnotationAwareAspectJAutoProxyCreator]
2024-05-17T15:11:53.142+02:00 TRACE 4684 --- [clothlogix] [           main] o.s.beans.CachedIntrospectionResults     : Found bean property 'advisorAdapterRegistry' of type [org.springframework.aop.framework.adapter.AdvisorAdapterRegistry]
2024-05-17T15:11:53.142+02:00 TRACE 4684 --- [clothlogix] [           main] o.s.beans.CachedIntrospectionResults     : Found bean property 'applyCommonInterceptorsFirst' of type [boolean]
2024-05-17T15:11:53.142+02:00 TRACE 4684 --- [clothlogix] [           main] o.s.beans.CachedIntrospectionResults     : Found bean property 'aspectJAdvisorFactory' of type [org.springframework.aop.aspectj.annotation.AspectJAdvisorFactory]
2024-05-17T15:11:53.142+02:00 TRACE 4684 --- [clothlogix] [           main] o.s.beans.CachedIntrospectionResults     : Found bean property 'beanClassLoader' of type [java.lang.ClassLoader]
2024-05-17T15:11:53.142+02:00 TRACE 4684 --- [clothlogix] [           main] o.s.beans.CachedIntrospectionResults     : Found bean property 'beanFactory' of type [org.springframework.beans.factory.BeanFactory]
2024-05-17T15:11:53.142+02:00 TRACE 4684 --- [clothlogix] [           main] o.s.beans.CachedIntrospectionResults     : Found bean property 'class' of type [java.lang.Class]
2024-05-17T15:11:53.142+02:00 TRACE 4684 --- [clothlogix] [           main] o.s.beans.CachedIntrospectionResults     : Found bean property 'customTargetSourceCreators' of type [[Lorg.springframework.aop.framework.autoproxy.TargetSourceCreator;]
2024-05-17T15:11:53.142+02:00 TRACE 4684 --- [clothlogix] [           main] o.s.beans.CachedIntrospectionResults     : Found bean property 'exposeProxy' of type [boolean]
2024-05-17T15:11:53.142+02:00 TRACE 4684 --- [clothlogix] [           main] o.s.beans.CachedIntrospectionResults     : Found bean property 'frozen' of type [boolean]
2024-05-17T15:11:53.142+02:00 TRACE 4684 --- [clothlogix] [           main] o.s.beans.CachedIntrospectionResults     : Found bean property 'includePatterns' of type [java.util.List]
2024-05-17T15:11:53.142+02:00 TRACE 4684 --- [clothlogix] [           main] o.s.beans.CachedIntrospectionResults     : Found bean property 'interceptorNames' of type [[Ljava.lang.String;]
2024-05-17T15:11:53.142+02:00 TRACE 4684 --- [clothlogix] [           main] o.s.beans.CachedIntrospectionResults     : Found bean property 'opaque' of type [boolean]
2024-05-17T15:11:53.142+02:00 TRACE 4684 --- [clothlogix] [           main] o.s.beans.CachedIntrospectionResults     : Found bean property 'optimize' of type [boolean]
2024-05-17T15:11:53.142+02:00 TRACE 4684 --- [clothlogix] [           main] o.s.beans.CachedIntrospectionResults     : Found bean property 'order' of type [int]
2024-05-17T15:11:53.142+02:00 TRACE 4684 --- [clothlogix] [           main] o.s.beans.CachedIntrospectionResults     : Found bean property 'proxyClassLoader' of type [java.lang.ClassLoader]
2024-05-17T15:11:53.142+02:00 TRACE 4684 --- [clothlogix] [           main] o.s.beans.CachedIntrospectionResults     : Found bean property 'proxyTargetClass' of type [boolean]
2024-05-17T15:11:53.152+02:00 TRACE 4684 --- [clothlogix] [           main] o.s.b.f.s.DefaultListableBeanFactory     : Finished creating instance of bean 'org.springframework.aop.config.internalAutoProxyCreator'
2024-05-17T15:11:53.152+02:00 DEBUG 4684 --- [clothlogix] [           main] o.s.b.f.s.DefaultListableBeanFactory     : Creating shared instance of singleton bean 'methodValidationPostProcessor'
2024-05-17T15:11:53.152+02:00 TRACE 4684 --- [clothlogix] [           main] o.s.b.f.s.DefaultListableBeanFactory     : Creating instance of bean 'methodValidationPostProcessor'
2024-05-17T15:11:53.152+02:00 TRACE 4684 --- [clothlogix] [           main] o.s.b.f.s.DefaultListableBeanFactory     : Returning cached instance of singleton bean 'environment'
2024-05-17T15:11:53.152+02:00 DEBUG 4684 --- [clothlogix] [           main] o.s.b.f.s.DefaultListableBeanFactory     : Autowiring by type from bean name 'methodValidationPostProcessor' via factory method to bean named 'environment'
2024-05-17T15:11:53.162+02:00 DEBUG 4684 --- [clothlogix] [           main] o.s.b.f.s.DefaultListableBeanFactory     : Creating shared instance of singleton bean 'org.springframework.boot.context.properties.EnableConfigurationPropertiesRegistrar.methodValidationExcludeFilter'
2024-05-17T15:11:53.162+02:00 TRACE 4684 --- [clothlogix] [           main] o.s.b.f.s.DefaultListableBeanFactory     : Creating instance of bean 'org.springframework.boot.context.properties.EnableConfigurationPropertiesRegistrar.methodValidationExcludeFilter'
2024-05-17T15:11:53.163+02:00 TRACE 4684 --- [clothlogix] [           main] o.s.b.f.s.DefaultListableBeanFactory     : Ignoring factory method [public static org.springframework.boot.validation.beanvalidation.MethodValidationExcludeFilter org.springframework.boot.validation.beanvalidation.MethodValidationExcludeFilter.byAnnotation(java.lang.Class,org.springframework.core.annotation.MergedAnnotations$SearchStrategy)] of bean 'org.springframework.boot.context.properties.EnableConfigurationPropertiesRegistrar.methodValidationExcludeFilter': org.springframework.beans.factory.UnsatisfiedDependencyException: Error creating bean with name 'org.springframework.boot.context.properties.EnableConfigurationPropertiesRegistrar.methodValidationExcludeFilter': Unsatisfied dependency expressed through method 'byAnnotation' parameter 1: Ambiguous argument values for parameter of type [org.springframework.core.annotation.MergedAnnotations$SearchStrategy] - did you specify the correct bean references as arguments?
2024-05-17T15:11:53.167+02:00 TRACE 4684 --- [clothlogix] [           main] o.s.b.f.s.DefaultListableBeanFactory     : Finished creating instance of bean 'org.springframework.boot.context.properties.EnableConfigurationPropertiesRegistrar.methodValidationExcludeFilter'
2024-05-17T15:11:53.170+02:00 TRACE 4684 --- [clothlogix] [           main] o.s.b.f.s.DefaultListableBeanFactory     : Returning cached instance of singleton bean 'org.springframework.boot.context.properties.EnableConfigurationPropertiesRegistrar.methodValidationExcludeFilter'
2024-05-17T15:11:53.172+02:00 TRACE 4684 --- [clothlogix] [           main] o.s.b.f.s.DefaultListableBeanFactory     : Invoking afterPropertiesSet() on bean with name 'methodValidationPostProcessor'
2024-05-17T15:11:53.179+02:00 TRACE 4684 --- [clothlogix] [           main] o.s.b.f.s.DefaultListableBeanFactory     : Finished creating instance of bean 'methodValidationPostProcessor'
2024-05-17T15:11:53.179+02:00 DEBUG 4684 --- [clothlogix] [           main] o.s.b.f.s.DefaultListableBeanFactory     : Creating shared instance of singleton bean 'persistenceExceptionTranslationPostProcessor'
2024-05-17T15:11:53.179+02:00 TRACE 4684 --- [clothlogix] [           main] o.s.b.f.s.DefaultListableBeanFactory     : Creating instance of bean 'persistenceExceptionTranslationPostProcessor'
2024-05-17T15:11:53.179+02:00 TRACE 4684 --- [clothlogix] [           main] o.s.b.f.s.DefaultListableBeanFactory     : Returning cached instance of singleton bean 'environment'
2024-05-17T15:11:53.179+02:00 DEBUG 4684 --- [clothlogix] [           main] o.s.b.f.s.DefaultListableBeanFactory     : Autowiring by type from bean name 'persistenceExceptionTranslationPostProcessor' via factory method to bean named 'environment'
2024-05-17T15:11:53.182+02:00 TRACE 4684 --- [clothlogix] [           main] o.s.b.f.s.DefaultListableBeanFactory     : Finished creating instance of bean 'persistenceExceptionTranslationPostProcessor'
2024-05-17T15:11:53.182+02:00 DEBUG 4684 --- [clothlogix] [           main] o.s.b.f.s.DefaultListableBeanFactory     : Creating shared instance of singleton bean 'webServerFactoryCustomizerBeanPostProcessor'
2024-05-17T15:11:53.182+02:00 TRACE 4684 --- [clothlogix] [           main] o.s.b.f.s.DefaultListableBeanFactory     : Creating instance of bean 'webServerFactoryCustomizerBeanPostProcessor'
2024-05-17T15:11:53.182+02:00 TRACE 4684 --- [clothlogix] [           main] o.s.b.f.s.DefaultListableBeanFactory     : Finished creating instance of bean 'webServerFactoryCustomizerBeanPostProcessor'
2024-05-17T15:11:53.182+02:00 DEBUG 4684 --- [clothlogix] [           main] o.s.b.f.s.DefaultListableBeanFactory     : Creating shared instance of singleton bean 'errorPageRegistrarBeanPostProcessor'
2024-05-17T15:11:53.182+02:00 TRACE 4684 --- [clothlogix] [           main] o.s.b.f.s.DefaultListableBeanFactory     : Creating instance of bean 'errorPageRegistrarBeanPostProcessor'
2024-05-17T15:11:53.182+02:00 TRACE 4684 --- [clothlogix] [           main] o.s.b.f.s.DefaultListableBeanFactory     : Finished creating instance of bean 'errorPageRegistrarBeanPostProcessor'
2024-05-17T15:11:53.182+02:00 DEBUG 4684 --- [clothlogix] [           main] o.s.b.f.s.DefaultListableBeanFactory     : Creating shared instance of singleton bean 'hypermediaRepresentionModelProcessorConfigurator'
2024-05-17T15:11:53.182+02:00 TRACE 4684 --- [clothlogix] [           main] o.s.b.f.s.DefaultListableBeanFactory     : Creating instance of bean 'hypermediaRepresentionModelProcessorConfigurator'
2024-05-17T15:11:53.182+02:00 DEBUG 4684 --- [clothlogix] [           main] o.s.b.f.s.DefaultListableBeanFactory     : Creating shared instance of singleton bean 'org.springframework.transaction.config.internalTransactionAdvisor'
2024-05-17T15:11:53.182+02:00 TRACE 4684 --- [clothlogix] [           main] o.s.b.f.s.DefaultListableBeanFactory     : Creating instance of bean 'org.springframework.transaction.config.internalTransactionAdvisor'
2024-05-17T15:11:53.182+02:00 TRACE 4684 --- [clothlogix] [           main] a.AnnotationAwareAspectJAutoProxyCreator : Did not attempt to auto-proxy infrastructure class [org.springframework.transaction.interceptor.BeanFactoryTransactionAttributeSourceAdvisor]
2024-05-17T15:11:53.182+02:00 DEBUG 4684 --- [clothlogix] [           main] o.s.b.f.s.DefaultListableBeanFactory     : Creating shared instance of singleton bean 'org.springframework.transaction.annotation.ProxyTransactionManagementConfiguration'
2024-05-17T15:11:53.182+02:00 TRACE 4684 --- [clothlogix] [           main] o.s.b.f.s.DefaultListableBeanFactory     : Creating instance of bean 'org.springframework.transaction.annotation.ProxyTransactionManagementConfiguration'
2024-05-17T15:11:53.182+02:00 TRACE 4684 --- [clothlogix] [           main] .a.f.a.BeanFactoryAdvisorRetrievalHelper : Skipping currently created advisor 'org.springframework.transaction.config.internalTransactionAdvisor'
2024-05-17T15:11:53.187+02:00 TRACE 4684 --- [clothlogix] [           main] o.s.beans.CachedIntrospectionResults     : Getting BeanInfo for class [org.springframework.transaction.annotation.ProxyTransactionManagementConfiguration]
2024-05-17T15:11:53.187+02:00 TRACE 4684 --- [clothlogix] [           main] o.s.beans.CachedIntrospectionResults     : Caching PropertyDescriptors for class [org.springframework.transaction.annotation.ProxyTransactionManagementConfiguration]
2024-05-17T15:11:53.187+02:00 TRACE 4684 --- [clothlogix] [           main] o.s.beans.CachedIntrospectionResults     : Found bean property 'class' of type [java.lang.Class]
2024-05-17T15:11:53.187+02:00 TRACE 4684 --- [clothlogix] [           main] o.s.beans.CachedIntrospectionResults     : Found bean property 'importMetadata' of type [org.springframework.core.type.AnnotationMetadata]
2024-05-17T15:11:53.193+02:00 TRACE 4684 --- [clothlogix] [           main] o.s.b.f.s.DefaultListableBeanFactory     : Returning cached instance of singleton bean 'org.springframework.context.annotation.ConfigurationClassPostProcessor.importRegistry'
2024-05-17T15:11:53.193+02:00 TRACE 4684 --- [clothlogix] [           main] .a.f.a.BeanFactoryAdvisorRetrievalHelper : Skipping currently created advisor 'org.springframework.transaction.config.internalTransactionAdvisor'
2024-05-17T15:11:53.193+02:00 TRACE 4684 --- [clothlogix] [           main] .a.f.a.BeanFactoryAdvisorRetrievalHelper : Skipping currently created advisor 'org.springframework.transaction.config.internalTransactionAdvisor'
2024-05-17T15:11:53.195+02:00 TRACE 4684 --- [clothlogix] [           main] o.s.b.f.s.DefaultListableBeanFactory     : Finished creating instance of bean 'org.springframework.transaction.annotation.ProxyTransactionManagementConfiguration'
2024-05-17T15:11:53.195+02:00 DEBUG 4684 --- [clothlogix] [           main] o.s.b.f.s.DefaultListableBeanFactory     : Creating shared instance of singleton bean 'transactionAttributeSource'
2024-05-17T15:11:53.195+02:00 TRACE 4684 --- [clothlogix] [           main] o.s.b.f.s.DefaultListableBeanFactory     : Creating instance of bean 'transactionAttributeSource'
2024-05-17T15:11:53.195+02:00 TRACE 4684 --- [clothlogix] [           main] .a.f.a.BeanFactoryAdvisorRetrievalHelper : Skipping currently created advisor 'org.springframework.transaction.config.internalTransactionAdvisor'
2024-05-17T15:11:53.195+02:00 TRACE 4684 --- [clothlogix] [           main] o.s.b.f.s.DefaultListableBeanFactory     : Returning cached instance of singleton bean 'org.springframework.transaction.annotation.ProxyTransactionManagementConfiguration'
2024-05-17T15:11:53.195+02:00 TRACE 4684 --- [clothlogix] [           main] .a.f.a.BeanFactoryAdvisorRetrievalHelper : Skipping currently created advisor 'org.springframework.transaction.config.internalTransactionAdvisor'
2024-05-17T15:11:53.195+02:00 TRACE 4684 --- [clothlogix] [           main] .a.f.a.BeanFactoryAdvisorRetrievalHelper : Skipping currently created advisor 'org.springframework.transaction.config.internalTransactionAdvisor'
2024-05-17T15:11:53.195+02:00 TRACE 4684 --- [clothlogix] [           main] o.s.b.f.s.DefaultListableBeanFactory     : Finished creating instance of bean 'transactionAttributeSource'
2024-05-17T15:11:53.195+02:00 DEBUG 4684 --- [clothlogix] [           main] o.s.b.f.s.DefaultListableBeanFactory     : Creating shared instance of singleton bean 'transactionInterceptor'
2024-05-17T15:11:53.195+02:00 TRACE 4684 --- [clothlogix] [           main] o.s.b.f.s.DefaultListableBeanFactory     : Creating instance of bean 'transactionInterceptor'
2024-05-17T15:11:53.195+02:00 TRACE 4684 --- [clothlogix] [           main] a.AnnotationAwareAspectJAutoProxyCreator : Did not attempt to auto-proxy infrastructure class [org.springframework.transaction.interceptor.TransactionInterceptor]
2024-05-17T15:11:53.195+02:00 TRACE 4684 --- [clothlogix] [           main] o.s.b.f.s.DefaultListableBeanFactory     : Returning cached instance of singleton bean 'org.springframework.transaction.annotation.ProxyTransactionManagementConfiguration'
2024-05-17T15:11:53.195+02:00 TRACE 4684 --- [clothlogix] [           main] o.s.b.f.s.DefaultListableBeanFactory     : Returning cached instance of singleton bean 'transactionAttributeSource'
2024-05-17T15:11:53.195+02:00 DEBUG 4684 --- [clothlogix] [           main] o.s.b.f.s.DefaultListableBeanFactory     : Autowiring by type from bean name 'transactionInterceptor' via factory method to bean named 'transactionAttributeSource'
2024-05-17T15:11:53.202+02:00 TRACE 4684 --- [clothlogix] [           main] o.s.b.f.s.DefaultListableBeanFactory     : Invoking afterPropertiesSet() on bean with name 'transactionInterceptor'
2024-05-17T15:11:53.202+02:00 TRACE 4684 --- [clothlogix] [           main] o.s.b.f.s.DefaultListableBeanFactory     : Finished creating instance of bean 'transactionInterceptor'
2024-05-17T15:11:53.202+02:00 DEBUG 4684 --- [clothlogix] [           main] o.s.b.f.s.DefaultListableBeanFactory     : Autowiring by type from bean name 'org.springframework.transaction.config.internalTransactionAdvisor' via factory method to bean named 'transactionAttributeSource'
2024-05-17T15:11:53.202+02:00 DEBUG 4684 --- [clothlogix] [           main] o.s.b.f.s.DefaultListableBeanFactory     : Autowiring by type from bean name 'org.springframework.transaction.config.internalTransactionAdvisor' via factory method to bean named 'transactionInterceptor'
2024-05-17T15:11:53.210+02:00 TRACE 4684 --- [clothlogix] [           main] o.s.b.f.s.DefaultListableBeanFactory     : Finished creating instance of bean 'org.springframework.transaction.config.internalTransactionAdvisor'
2024-05-17T15:11:53.212+02:00 TRACE 4684 --- [clothlogix] [           main] o.s.b.f.s.DefaultListableBeanFactory     : Returning cached instance of singleton bean 'org.springframework.transaction.config.internalTransactionAdvisor'
2024-05-17T15:11:53.212+02:00 TRACE 4684 --- [clothlogix] [           main] o.s.b.f.s.DefaultListableBeanFactory     : Returning cached instance of singleton bean 'org.springframework.transaction.config.internalTransactionAdvisor'
2024-05-17T15:11:53.212+02:00 TRACE 4684 --- [clothlogix] [           main] o.s.b.f.s.DefaultListableBeanFactory     : Finished creating instance of bean 'hypermediaRepresentionModelProcessorConfigurator'
2024-05-17T15:11:53.212+02:00 DEBUG 4684 --- [clothlogix] [           main] o.s.b.f.s.DefaultListableBeanFactory     : Creating shared instance of singleton bean 'hypermediaRestTemplateBeanPostProcessor'
2024-05-17T15:11:53.212+02:00 TRACE 4684 --- [clothlogix] [           main] o.s.b.f.s.DefaultListableBeanFactory     : Creating instance of bean 'hypermediaRestTemplateBeanPostProcessor'
2024-05-17T15:11:53.212+02:00 TRACE 4684 --- [clothlogix] [           main] o.s.b.f.s.DefaultListableBeanFactory     : Returning cached instance of singleton bean 'org.springframework.transaction.config.internalTransactionAdvisor'
2024-05-17T15:11:53.212+02:00 TRACE 4684 --- [clothlogix] [           main] o.s.b.f.s.DefaultListableBeanFactory     : Returning cached instance of singleton bean 'org.springframework.transaction.config.internalTransactionAdvisor'
2024-05-17T15:11:53.212+02:00 TRACE 4684 --- [clothlogix] [           main] o.s.b.f.s.DefaultListableBeanFactory     : Returning cached instance of singleton bean 'org.springframework.transaction.config.internalTransactionAdvisor'
2024-05-17T15:11:53.212+02:00 TRACE 4684 --- [clothlogix] [           main] o.s.b.f.s.DefaultListableBeanFactory     : Finished creating instance of bean 'hypermediaRestTemplateBeanPostProcessor'
2024-05-17T15:11:53.212+02:00 DEBUG 4684 --- [clothlogix] [           main] o.s.b.f.s.DefaultListableBeanFactory     : Creating shared instance of singleton bean 'projectionDefinitionRegistrar'
2024-05-17T15:11:53.212+02:00 TRACE 4684 --- [clothlogix] [           main] o.s.b.f.s.DefaultListableBeanFactory     : Creating instance of bean 'projectionDefinitionRegistrar'
2024-05-17T15:11:53.212+02:00 TRACE 4684 --- [clothlogix] [           main] o.s.b.f.s.DefaultListableBeanFactory     : Returning cached instance of singleton bean 'org.springframework.transaction.config.internalTransactionAdvisor'
2024-05-17T15:11:53.217+02:00 TRACE 4684 --- [clothlogix] [           main] o.s.b.f.s.DefaultListableBeanFactory     : Returning cached instance of singleton bean 'org.springframework.transaction.config.internalTransactionAdvisor'
2024-05-17T15:11:53.217+02:00 TRACE 4684 --- [clothlogix] [           main] o.s.b.f.s.DefaultListableBeanFactory     : Returning cached instance of singleton bean 'org.springframework.transaction.config.internalTransactionAdvisor'
2024-05-17T15:11:53.217+02:00 TRACE 4684 --- [clothlogix] [           main] o.s.b.f.s.DefaultListableBeanFactory     : Finished creating instance of bean 'projectionDefinitionRegistrar'
2024-05-17T15:11:53.217+02:00 DEBUG 4684 --- [clothlogix] [           main] o.s.b.f.s.DefaultListableBeanFactory     : Creating shared instance of singleton bean 'annotatedEventHandlerInvoker'
2024-05-17T15:11:53.217+02:00 TRACE 4684 --- [clothlogix] [           main] o.s.b.f.s.DefaultListableBeanFactory     : Creating instance of bean 'annotatedEventHandlerInvoker'
2024-05-17T15:11:53.217+02:00 TRACE 4684 --- [clothlogix] [           main] o.s.b.f.s.DefaultListableBeanFactory     : Returning cached instance of singleton bean 'org.springframework.transaction.config.internalTransactionAdvisor'
2024-05-17T15:11:53.217+02:00 TRACE 4684 --- [clothlogix] [           main] o.s.b.f.s.DefaultListableBeanFactory     : Returning cached instance of singleton bean 'org.springframework.transaction.config.internalTransactionAdvisor'
2024-05-17T15:11:53.217+02:00 TRACE 4684 --- [clothlogix] [           main] o.s.b.f.s.DefaultListableBeanFactory     : Returning cached instance of singleton bean 'org.springframework.transaction.config.internalTransactionAdvisor'
2024-05-17T15:11:53.217+02:00 TRACE 4684 --- [clothlogix] [           main] o.s.b.f.s.DefaultListableBeanFactory     : Finished creating instance of bean 'annotatedEventHandlerInvoker'
2024-05-17T15:11:53.217+02:00 TRACE 4684 --- [clothlogix] [           main] o.s.b.f.s.DefaultListableBeanFactory     : Returning cached instance of singleton bean 'org.springframework.boot.test.autoconfigure.properties.PropertyMappingContextCustomizer$PropertyMappingCheckBeanPostProcessor'
2024-05-17T15:11:53.217+02:00 TRACE 4684 --- [clothlogix] [           main] o.s.w.c.s.GenericWebApplicationContext   : No 'messageSource' bean, using [Empty MessageSource]
2024-05-17T15:11:53.217+02:00 TRACE 4684 --- [clothlogix] [           main] o.s.w.c.s.GenericWebApplicationContext   : No 'applicationEventMulticaster' bean, using [SimpleApplicationEventMulticaster]
2024-05-17T15:11:53.222+02:00 DEBUG 4684 --- [clothlogix] [           main] o.s.u.c.s.UiApplicationContextUtils      : Unable to locate ThemeSource with name 'themeSource': using default [org.springframework.ui.context.support.ResourceBundleThemeSource@161dd92a]
2024-05-17T15:11:53.222+02:00 DEBUG 4684 --- [clothlogix] [           main] o.s.b.f.s.DefaultListableBeanFactory     : Creating shared instance of singleton bean 'dataSourceScriptDatabaseInitializer'
2024-05-17T15:11:53.222+02:00 TRACE 4684 --- [clothlogix] [           main] o.s.b.f.s.DefaultListableBeanFactory     : Creating instance of bean 'dataSourceScriptDatabaseInitializer'
2024-05-17T15:11:53.222+02:00 TRACE 4684 --- [clothlogix] [           main] o.s.b.f.s.DefaultListableBeanFactory     : Returning cached instance of singleton bean 'org.springframework.transaction.config.internalTransactionAdvisor'
2024-05-17T15:11:53.222+02:00 DEBUG 4684 --- [clothlogix] [           main] o.s.b.f.s.DefaultListableBeanFactory     : Creating shared instance of singleton bean 'org.springframework.boot.autoconfigure.sql.init.DataSourceInitializationConfiguration'
2024-05-17T15:11:53.222+02:00 TRACE 4684 --- [clothlogix] [           main] o.s.b.f.s.DefaultListableBeanFactory     : Creating instance of bean 'org.springframework.boot.autoconfigure.sql.init.DataSourceInitializationConfiguration'
2024-05-17T15:11:53.222+02:00 TRACE 4684 --- [clothlogix] [           main] o.s.b.f.s.DefaultListableBeanFactory     : Returning cached instance of singleton bean 'org.springframework.transaction.config.internalTransactionAdvisor'
2024-05-17T15:11:53.226+02:00 TRACE 4684 --- [clothlogix] [           main] o.s.b.f.s.DefaultListableBeanFactory     : Returning cached instance of singleton bean 'org.springframework.transaction.config.internalTransactionAdvisor'
2024-05-17T15:11:53.226+02:00 TRACE 4684 --- [clothlogix] [           main] o.s.b.f.s.DefaultListableBeanFactory     : Returning cached instance of singleton bean 'org.springframework.transaction.config.internalTransactionAdvisor'
2024-05-17T15:11:53.227+02:00 TRACE 4684 --- [clothlogix] [           main] o.s.c.io.support.SpringFactoriesLoader   : Loaded [org.springframework.data.util.ProxyUtils$ProxyDetector] names: [org.springframework.data.jpa.util.HibernateProxyDetector]
2024-05-17T15:11:53.232+02:00 TRACE 4684 --- [clothlogix] [           main] o.s.b.f.s.DefaultListableBeanFactory     : Finished creating instance of bean 'org.springframework.boot.autoconfigure.sql.init.DataSourceInitializationConfiguration'
2024-05-17T15:11:53.232+02:00 DEBUG 4684 --- [clothlogix] [           main] o.s.b.f.s.DefaultListableBeanFactory     : Creating shared instance of singleton bean 'dataSource'
2024-05-17T15:11:53.232+02:00 TRACE 4684 --- [clothlogix] [           main] o.s.b.f.s.DefaultListableBeanFactory     : Creating instance of bean 'dataSource'
2024-05-17T15:11:53.232+02:00 TRACE 4684 --- [clothlogix] [           main] o.s.b.f.s.DefaultListableBeanFactory     : Returning cached instance of singleton bean 'org.springframework.transaction.config.internalTransactionAdvisor'
2024-05-17T15:11:53.232+02:00 DEBUG 4684 --- [clothlogix] [           main] o.s.b.f.s.DefaultListableBeanFactory     : Creating shared instance of singleton bean 'hibernateConf'
2024-05-17T15:11:53.232+02:00 TRACE 4684 --- [clothlogix] [           main] o.s.b.f.s.DefaultListableBeanFactory     : Creating instance of bean 'hibernateConf'
2024-05-17T15:11:53.232+02:00 TRACE 4684 --- [clothlogix] [           main] o.s.b.f.s.DefaultListableBeanFactory     : Returning cached instance of singleton bean 'org.springframework.transaction.config.internalTransactionAdvisor'
2024-05-17T15:11:53.232+02:00 TRACE 4684 --- [clothlogix] [           main] o.s.b.f.s.DefaultListableBeanFactory     : Returning cached instance of singleton bean 'org.springframework.transaction.config.internalTransactionAdvisor'
2024-05-17T15:11:53.232+02:00 TRACE 4684 --- [clothlogix] [           main] o.s.b.f.s.DefaultListableBeanFactory     : Returning cached instance of singleton bean 'org.springframework.transaction.config.internalTransactionAdvisor'
2024-05-17T15:11:53.232+02:00 TRACE 4684 --- [clothlogix] [           main] o.s.b.f.s.DefaultListableBeanFactory     : Finished creating instance of bean 'hibernateConf'
2024-05-17T15:11:53.267+02:00 TRACE 4684 --- [clothlogix] [           main] o.s.b.f.s.DefaultListableBeanFactory     : Returning cached instance of singleton bean 'org.springframework.transaction.config.internalTransactionAdvisor'
2024-05-17T15:11:53.267+02:00 TRACE 4684 --- [clothlogix] [           main] o.s.b.f.s.DefaultListableBeanFactory     : Returning cached instance of singleton bean 'org.springframework.transaction.config.internalTransactionAdvisor'
2024-05-17T15:11:53.267+02:00 TRACE 4684 --- [clothlogix] [           main] o.s.b.f.s.DefaultListableBeanFactory     : Finished creating instance of bean 'dataSource'
2024-05-17T15:11:53.267+02:00 DEBUG 4684 --- [clothlogix] [           main] o.s.b.f.s.DefaultListableBeanFactory     : Creating shared instance of singleton bean 'spring.sql.init-org.springframework.boot.autoconfigure.sql.init.SqlInitializationProperties'
2024-05-17T15:11:53.272+02:00 TRACE 4684 --- [clothlogix] [           main] o.s.b.f.s.DefaultListableBeanFactory     : Creating instance of bean 'spring.sql.init-org.springframework.boot.autoconfigure.sql.init.SqlInitializationProperties'
2024-05-17T15:11:53.272+02:00 TRACE 4684 --- [clothlogix] [           main] o.s.b.f.s.DefaultListableBeanFactory     : Returning cached instance of singleton bean 'org.springframework.transaction.config.internalTransactionAdvisor'
2024-05-17T15:11:53.274+02:00 DEBUG 4684 --- [clothlogix] [           main] o.s.b.f.s.DefaultListableBeanFactory     : Creating shared instance of singleton bean 'org.springframework.boot.context.properties.BoundConfigurationProperties'
2024-05-17T15:11:53.274+02:00 TRACE 4684 --- [clothlogix] [           main] o.s.b.f.s.DefaultListableBeanFactory     : Creating instance of bean 'org.springframework.boot.context.properties.BoundConfigurationProperties'
2024-05-17T15:11:53.274+02:00 TRACE 4684 --- [clothlogix] [           main] o.s.b.f.s.DefaultListableBeanFactory     : Returning cached instance of singleton bean 'org.springframework.transaction.config.internalTransactionAdvisor'
2024-05-17T15:11:53.274+02:00 TRACE 4684 --- [clothlogix] [           main] o.s.b.f.s.DefaultListableBeanFactory     : Returning cached instance of singleton bean 'org.springframework.transaction.config.internalTransactionAdvisor'
2024-05-17T15:11:53.274+02:00 TRACE 4684 --- [clothlogix] [           main] o.s.b.f.s.DefaultListableBeanFactory     : Returning cached instance of singleton bean 'org.springframework.transaction.config.internalTransactionAdvisor'
2024-05-17T15:11:53.274+02:00 TRACE 4684 --- [clothlogix] [           main] o.s.b.f.s.DefaultListableBeanFactory     : Finished creating instance of bean 'org.springframework.boot.context.properties.BoundConfigurationProperties'
2024-05-17T15:11:53.292+02:00 TRACE 4684 --- [clothlogix] [           main] o.s.b.f.s.DefaultListableBeanFactory     : Returning cached instance of singleton bean 'org.springframework.transaction.config.internalTransactionAdvisor'
2024-05-17T15:11:53.292+02:00 TRACE 4684 --- [clothlogix] [           main] o.s.b.f.s.DefaultListableBeanFactory     : Returning cached instance of singleton bean 'org.springframework.transaction.config.internalTransactionAdvisor'
2024-05-17T15:11:53.292+02:00 TRACE 4684 --- [clothlogix] [           main] o.s.b.f.s.DefaultListableBeanFactory     : Finished creating instance of bean 'spring.sql.init-org.springframework.boot.autoconfigure.sql.init.SqlInitializationProperties'
2024-05-17T15:11:53.292+02:00 DEBUG 4684 --- [clothlogix] [           main] o.s.b.f.s.DefaultListableBeanFactory     : Autowiring by type from bean name 'dataSourceScriptDatabaseInitializer' via factory method to bean named 'dataSource'
2024-05-17T15:11:53.292+02:00 DEBUG 4684 --- [clothlogix] [           main] o.s.b.f.s.DefaultListableBeanFactory     : Autowiring by type from bean name 'dataSourceScriptDatabaseInitializer' via factory method to bean named 'spring.sql.init-org.springframework.boot.autoconfigure.sql.init.SqlInitializationProperties'
2024-05-17T15:11:53.292+02:00 TRACE 4684 --- [clothlogix] [           main] o.s.b.f.s.DefaultListableBeanFactory     : Invoking afterPropertiesSet() on bean with name 'dataSourceScriptDatabaseInitializer'
2024-05-17T15:11:53.292+02:00 TRACE 4684 --- [clothlogix] [           main] .i.s.PathMatchingResourcePatternResolver : Resolved module-path location pattern [schema-all.sql] to resources []
2024-05-17T15:11:53.292+02:00 TRACE 4684 --- [clothlogix] [           main] .i.s.PathMatchingResourcePatternResolver : Resolved class path location [schema-all.sql] to resources []
2024-05-17T15:11:53.292+02:00 TRACE 4684 --- [clothlogix] [           main] .i.s.PathMatchingResourcePatternResolver : Resolved module-path location pattern [schema.sql] to resources []
2024-05-17T15:11:53.292+02:00 TRACE 4684 --- [clothlogix] [           main] .i.s.PathMatchingResourcePatternResolver : Resolved class path location [schema.sql] to resources []
2024-05-17T15:11:53.292+02:00 TRACE 4684 --- [clothlogix] [           main] .i.s.PathMatchingResourcePatternResolver : Resolved module-path location pattern [data-all.sql] to resources []
2024-05-17T15:11:53.292+02:00 TRACE 4684 --- [clothlogix] [           main] .i.s.PathMatchingResourcePatternResolver : Resolved class path location [data-all.sql] to resources []
2024-05-17T15:11:53.292+02:00 TRACE 4684 --- [clothlogix] [           main] .i.s.PathMatchingResourcePatternResolver : Resolved module-path location pattern [data.sql] to resources []
2024-05-17T15:11:53.292+02:00 TRACE 4684 --- [clothlogix] [           main] .i.s.PathMatchingResourcePatternResolver : Resolved class path location [data.sql] to resources []
2024-05-17T15:11:53.292+02:00 TRACE 4684 --- [clothlogix] [           main] o.s.b.f.s.DefaultListableBeanFactory     : Returning cached instance of singleton bean 'org.springframework.transaction.config.internalTransactionAdvisor'
2024-05-17T15:11:53.292+02:00 TRACE 4684 --- [clothlogix] [           main] o.s.b.f.s.DefaultListableBeanFactory     : Returning cached instance of singleton bean 'org.springframework.transaction.config.internalTransactionAdvisor'
2024-05-17T15:11:53.292+02:00 TRACE 4684 --- [clothlogix] [           main] o.s.b.f.s.DefaultListableBeanFactory     : Finished creating instance of bean 'dataSourceScriptDatabaseInitializer'
2024-05-17T15:11:53.292+02:00 DEBUG 4684 --- [clothlogix] [           main] o.s.b.f.s.DefaultListableBeanFactory     : Creating shared instance of singleton bean 'entityManagerFactory'
2024-05-17T15:11:53.292+02:00 TRACE 4684 --- [clothlogix] [           main] o.s.b.f.s.DefaultListableBeanFactory     : Creating instance of bean 'entityManagerFactory'
2024-05-17T15:11:53.292+02:00 TRACE 4684 --- [clothlogix] [           main] o.s.b.f.s.DefaultListableBeanFactory     : Returning cached instance of singleton bean 'org.springframework.transaction.config.internalTransactionAdvisor'
2024-05-17T15:11:53.292+02:00 TRACE 4684 --- [clothlogix] [           main] o.s.b.f.s.DefaultListableBeanFactory     : Returning cached instance of singleton bean 'hibernateConf'
2024-05-17T15:11:53.302+02:00 TRACE 4684 --- [clothlogix] [           main] o.s.b.f.s.DefaultListableBeanFactory     : Returning cached instance of singleton bean 'dataSource'
2024-05-17T15:11:53.312+02:00 TRACE 4684 --- [clothlogix] [           main] o.s.b.f.s.DefaultListableBeanFactory     : Invoking afterPropertiesSet() on bean with name 'entityManagerFactory'
2024-05-17T15:11:53.326+02:00 TRACE 4684 --- [clothlogix] [           main] .i.s.PathMatchingResourcePatternResolver : Resolved module-path location pattern [META-INF/persistence.xml] to resources []
2024-05-17T15:11:53.326+02:00 TRACE 4684 --- [clothlogix] [           main] .i.s.PathMatchingResourcePatternResolver : Resolved class path location [META-INF/persistence.xml] to resources []
2024-05-17T15:11:53.332+02:00 TRACE 4684 --- [clothlogix] [           main] .i.s.PathMatchingResourcePatternResolver : Resolved module-path location pattern [com/fabless/clothlogix/model/entities/**/*.class] to resources []
2024-05-17T15:11:53.332+02:00 TRACE 4684 --- [clothlogix] [           main] .i.s.PathMatchingResourcePatternResolver : Resolved module-path location pattern [com/fabless/clothlogix/model/entities/] to resources []
2024-05-17T15:11:53.332+02:00 TRACE 4684 --- [clothlogix] [           main] .i.s.PathMatchingResourcePatternResolver : Resolved class path location [com/fabless/clothlogix/model/entities/] to resources [file [C:\Sviluppo\workArea\clothlogix\target\classes\com\fabless\clothlogix\model\entities]]
2024-05-17T15:11:53.332+02:00 TRACE 4684 --- [clothlogix] [           main] .i.s.PathMatchingResourcePatternResolver : Searching directory [C:\Sviluppo\workArea\clothlogix\target\classes\com\fabless\clothlogix\model\entities] for files matching pattern [**/*.class]
2024-05-17T15:11:53.332+02:00 TRACE 4684 --- [clothlogix] [           main] .i.s.PathMatchingResourcePatternResolver : Resolved location pattern [classpath*:com/fabless/clothlogix/model/entities/**/*.class] to resources [file [C:\Sviluppo\workArea\clothlogix\target\classes\com\fabless\clothlogix\model\entities\ColoreEntity.class], file [C:\Sviluppo\workArea\clothlogix\target\classes\com\fabless\clothlogix\model\entities\LoginEntity.class], file [C:\Sviluppo\workArea\clothlogix\target\classes\com\fabless\clothlogix\model\entities\MagazzinoEntity.class], file [C:\Sviluppo\workArea\clothlogix\target\classes\com\fabless\clothlogix\model\entities\MaterialeEntity.class], file [C:\Sviluppo\workArea\clothlogix\target\classes\com\fabless\clothlogix\model\entities\ProdottoEntity.class], file [C:\Sviluppo\workArea\clothlogix\target\classes\com\fabless\clothlogix\model\entities\ProfiloEntity.class], file [C:\Sviluppo\workArea\clothlogix\target\classes\com\fabless\clothlogix\model\entities\SezioneEntity.class], file [C:\Sviluppo\workArea\clothlogix\target\classes\com\fabless\clothlogix\model\entities\TagliaEntity.class], file [C:\Sviluppo\workArea\clothlogix\target\classes\com\fabless\clothlogix\model\entities\TipoEntity.class], file [C:\Sviluppo\workArea\clothlogix\target\classes\com\fabless\clothlogix\model\entities\UtenteEntity.class]]
2024-05-17T15:11:53.338+02:00 DEBUG 4684 --- [clothlogix] [           main] j.LocalContainerEntityManagerFactoryBean : Building JPA container EntityManagerFactory for persistence unit 'default'
2024-05-17T15:11:53.342+02:00 DEBUG 4684 --- [clothlogix] [           main] o.hibernate.jpa.internal.util.LogHelper  : PersistenceUnitInfo [
	name: default
	persistence provider classname: null
	classloader: jdk.internal.loader.ClassLoaders$AppClassLoader@c387f44
	excludeUnlistedClasses: true
	JTA datasource: null
	Non JTA datasource: org.apache.commons.dbcp2.BasicDataSource@554188ac
	Transaction type: RESOURCE_LOCAL
	PU root URL: file:/C:/Sviluppo/workArea/clothlogix/target/test-classes/
	Shared Cache Mode: UNSPECIFIED
	Validation Mode: AUTO
	Jar files URLs []
	Managed classes names [
		com.fabless.clothlogix.model.entities.ColoreEntity
		com.fabless.clothlogix.model.entities.LoginEntity
		com.fabless.clothlogix.model.entities.MagazzinoEntity
		com.fabless.clothlogix.model.entities.MaterialeEntity
		com.fabless.clothlogix.model.entities.ProdottoEntity
		com.fabless.clothlogix.model.entities.ProfiloEntity
		com.fabless.clothlogix.model.entities.SezioneEntity
		com.fabless.clothlogix.model.entities.TagliaEntity
		com.fabless.clothlogix.model.entities.TipoEntity
		com.fabless.clothlogix.model.entities.UtenteEntity]
	Mapping files names []
	Properties []
2024-05-17T15:11:53.354+02:00 DEBUG 4684 --- [clothlogix] [           main] o.h.i.internal.IntegratorServiceImpl     : Adding Integrator [org.hibernate.boot.beanvalidation.BeanValidationIntegrator].
2024-05-17T15:11:53.354+02:00 DEBUG 4684 --- [clothlogix] [           main] o.h.i.internal.IntegratorServiceImpl     : Adding Integrator [org.hibernate.cache.internal.CollectionCacheInvalidator].
2024-05-17T15:11:53.362+02:00 TRACE 4684 --- [clothlogix] [           main] o.h.b.r.s.internal.StrategySelectorImpl  : Registering named strategy selector [org.hibernate.resource.transaction.spi.TransactionCoordinatorBuilder] : [jdbc] -> [org.hibernate.resource.transaction.backend.jdbc.internal.JdbcResourceLocalTransactionCoordinatorBuilderImpl]
2024-05-17T15:11:53.362+02:00 TRACE 4684 --- [clothlogix] [           main] o.h.b.r.s.internal.StrategySelectorImpl  : Registering named strategy selector [org.hibernate.resource.transaction.spi.TransactionCoordinatorBuilder] : [jta] -> [org.hibernate.resource.transaction.backend.jta.internal.JtaTransactionCoordinatorBuilderImpl]
2024-05-17T15:11:53.362+02:00 TRACE 4684 --- [clothlogix] [           main] o.h.b.r.s.internal.StrategySelectorImpl  : Registering named strategy selector [org.hibernate.resource.transaction.spi.TransactionCoordinatorBuilder] : [org.hibernate.transaction.JDBCTransactionFactory] -> [org.hibernate.resource.transaction.backend.jdbc.internal.JdbcResourceLocalTransactionCoordinatorBuilderImpl]
2024-05-17T15:11:53.362+02:00 TRACE 4684 --- [clothlogix] [           main] o.h.b.r.s.internal.StrategySelectorImpl  : Registering named strategy selector [org.hibernate.resource.transaction.spi.TransactionCoordinatorBuilder] : [org.hibernate.transaction.JTATransactionFactory] -> [org.hibernate.resource.transaction.backend.jta.internal.JtaTransactionCoordinatorBuilderImpl]
2024-05-17T15:11:53.362+02:00 TRACE 4684 --- [clothlogix] [           main] o.h.b.r.s.internal.StrategySelectorImpl  : Registering named strategy selector [org.hibernate.resource.transaction.spi.TransactionCoordinatorBuilder] : [org.hibernate.transaction.CMTTransactionFactory] -> [org.hibernate.resource.transaction.backend.jta.internal.JtaTransactionCoordinatorBuilderImpl]
2024-05-17T15:11:53.362+02:00 TRACE 4684 --- [clothlogix] [           main] o.h.b.r.s.internal.StrategySelectorImpl  : Registering named strategy selector [org.hibernate.query.sqm.mutation.spi.SqmMultiTableInsertStrategy] : [cte] -> [org.hibernate.query.sqm.mutation.internal.cte.CteInsertStrategy]
2024-05-17T15:11:53.370+02:00 TRACE 4684 --- [clothlogix] [           main] o.h.b.r.s.internal.StrategySelectorImpl  : Registering named strategy selector [org.hibernate.query.sqm.mutation.spi.SqmMultiTableInsertStrategy] : [global_temporary] -> [org.hibernate.query.sqm.mutation.internal.temptable.GlobalTemporaryTableInsertStrategy]
2024-05-17T15:11:53.370+02:00 TRACE 4684 --- [clothlogix] [           main] o.h.b.r.s.internal.StrategySelectorImpl  : Registering named strategy selector [org.hibernate.query.sqm.mutation.spi.SqmMultiTableInsertStrategy] : [local_temporary] -> [org.hibernate.query.sqm.mutation.internal.temptable.LocalTemporaryTableInsertStrategy]
2024-05-17T15:11:53.370+02:00 TRACE 4684 --- [clothlogix] [           main] o.h.b.r.s.internal.StrategySelectorImpl  : Registering named strategy selector [org.hibernate.query.sqm.mutation.spi.SqmMultiTableInsertStrategy] : [persistent] -> [org.hibernate.query.sqm.mutation.internal.temptable.PersistentTableInsertStrategy]
2024-05-17T15:11:53.370+02:00 TRACE 4684 --- [clothlogix] [           main] o.h.b.r.s.internal.StrategySelectorImpl  : Registering named strategy selector [org.hibernate.query.sqm.mutation.spi.SqmMultiTableMutationStrategy] : [cte] -> [org.hibernate.query.sqm.mutation.internal.cte.CteMutationStrategy]
2024-05-17T15:11:53.370+02:00 TRACE 4684 --- [clothlogix] [           main] o.h.b.r.s.internal.StrategySelectorImpl  : Registering named strategy selector [org.hibernate.query.sqm.mutation.spi.SqmMultiTableMutationStrategy] : [global_temporary] -> [org.hibernate.query.sqm.mutation.internal.temptable.GlobalTemporaryTableMutationStrategy]
2024-05-17T15:11:53.370+02:00 TRACE 4684 --- [clothlogix] [           main] o.h.b.r.s.internal.StrategySelectorImpl  : Registering named strategy selector [org.hibernate.query.sqm.mutation.spi.SqmMultiTableMutationStrategy] : [local_temporary] -> [org.hibernate.query.sqm.mutation.internal.temptable.LocalTemporaryTableMutationStrategy]
2024-05-17T15:11:53.370+02:00 TRACE 4684 --- [clothlogix] [           main] o.h.b.r.s.internal.StrategySelectorImpl  : Registering named strategy selector [org.hibernate.query.sqm.mutation.spi.SqmMultiTableMutationStrategy] : [persistent] -> [org.hibernate.query.sqm.mutation.internal.temptable.PersistentTableMutationStrategy]
2024-05-17T15:11:53.372+02:00 TRACE 4684 --- [clothlogix] [           main] o.h.b.r.s.internal.StrategySelectorImpl  : Registering named strategy selector [org.hibernate.boot.model.naming.ImplicitNamingStrategy] : [default] -> [org.hibernate.boot.model.naming.ImplicitNamingStrategyJpaCompliantImpl]
2024-05-17T15:11:53.372+02:00 TRACE 4684 --- [clothlogix] [           main] o.h.b.r.s.internal.StrategySelectorImpl  : Registering named strategy selector [org.hibernate.boot.model.naming.ImplicitNamingStrategy] : [jpa] -> [org.hibernate.boot.model.naming.ImplicitNamingStrategyJpaCompliantImpl]
2024-05-17T15:11:53.372+02:00 TRACE 4684 --- [clothlogix] [           main] o.h.b.r.s.internal.StrategySelectorImpl  : Registering named strategy selector [org.hibernate.boot.model.naming.ImplicitNamingStrategy] : [legacy-jpa] -> [org.hibernate.boot.model.naming.ImplicitNamingStrategyLegacyJpaImpl]
2024-05-17T15:11:53.372+02:00 TRACE 4684 --- [clothlogix] [           main] o.h.b.r.s.internal.StrategySelectorImpl  : Registering named strategy selector [org.hibernate.boot.model.naming.ImplicitNamingStrategy] : [legacy-hbm] -> [org.hibernate.boot.model.naming.ImplicitNamingStrategyLegacyHbmImpl]
2024-05-17T15:11:53.372+02:00 TRACE 4684 --- [clothlogix] [           main] o.h.b.r.s.internal.StrategySelectorImpl  : Registering named strategy selector [org.hibernate.boot.model.naming.ImplicitNamingStrategy] : [component-path] -> [org.hibernate.boot.model.naming.ImplicitNamingStrategyComponentPathImpl]
2024-05-17T15:11:53.372+02:00 TRACE 4684 --- [clothlogix] [           main] o.h.b.r.s.internal.StrategySelectorImpl  : Registering named strategy selector [org.hibernate.id.enhanced.ImplicitDatabaseObjectNamingStrategy] : [standard] -> [org.hibernate.id.enhanced.StandardNamingStrategy]
2024-05-17T15:11:53.372+02:00 TRACE 4684 --- [clothlogix] [           main] o.h.b.r.s.internal.StrategySelectorImpl  : Registering named strategy selector [org.hibernate.id.enhanced.ImplicitDatabaseObjectNamingStrategy] : [single] -> [org.hibernate.id.enhanced.SingleNamingStrategy]
2024-05-17T15:11:53.372+02:00 TRACE 4684 --- [clothlogix] [           main] o.h.b.r.s.internal.StrategySelectorImpl  : Registering named strategy selector [org.hibernate.id.enhanced.ImplicitDatabaseObjectNamingStrategy] : [legacy] -> [org.hibernate.id.enhanced.LegacyNamingStrategy]
2024-05-17T15:11:53.372+02:00 TRACE 4684 --- [clothlogix] [           main] o.h.b.r.s.internal.StrategySelectorImpl  : Registering named strategy selector [org.hibernate.boot.model.relational.ColumnOrderingStrategy] : [default] -> [org.hibernate.boot.model.relational.ColumnOrderingStrategyStandard]
2024-05-17T15:11:53.372+02:00 TRACE 4684 --- [clothlogix] [           main] o.h.b.r.s.internal.StrategySelectorImpl  : Registering named strategy selector [org.hibernate.boot.model.relational.ColumnOrderingStrategy] : [legacy] -> [org.hibernate.boot.model.relational.ColumnOrderingStrategyLegacy]
2024-05-17T15:11:53.372+02:00 TRACE 4684 --- [clothlogix] [           main] o.h.b.r.s.internal.StrategySelectorImpl  : Registering named strategy selector [org.hibernate.cache.spi.CacheKeysFactory] : [default] -> [org.hibernate.cache.internal.DefaultCacheKeysFactory]
2024-05-17T15:11:53.372+02:00 TRACE 4684 --- [clothlogix] [           main] o.h.b.r.s.internal.StrategySelectorImpl  : Registering named strategy selector [org.hibernate.cache.spi.CacheKeysFactory] : [simple] -> [org.hibernate.cache.internal.SimpleCacheKeysFactory]
2024-05-17T15:11:53.372+02:00 TRACE 4684 --- [clothlogix] [           main] o.h.b.r.s.internal.StrategySelectorImpl  : Registering named strategy selector [org.hibernate.type.format.FormatMapper] : [jackson] -> [org.hibernate.type.format.jackson.JacksonJsonFormatMapper]
2024-05-17T15:11:53.372+02:00 TRACE 4684 --- [clothlogix] [           main] o.h.b.r.s.internal.StrategySelectorImpl  : Registering named strategy selector [org.hibernate.type.format.FormatMapper] : [jsonb] -> [org.hibernate.type.format.jakartajson.JsonBJsonFormatMapper]
2024-05-17T15:11:53.372+02:00 TRACE 4684 --- [clothlogix] [           main] o.h.b.r.s.internal.StrategySelectorImpl  : Registering named strategy selector [org.hibernate.type.format.FormatMapper] : [jackson-xml] -> [org.hibernate.type.format.jackson.JacksonXmlFormatMapper]
2024-05-17T15:11:53.372+02:00 TRACE 4684 --- [clothlogix] [           main] o.h.b.r.s.internal.StrategySelectorImpl  : Registering named strategy selector [org.hibernate.type.format.FormatMapper] : [jaxb] -> [org.hibernate.type.format.jaxb.JaxbXmlFormatMapper]
2024-05-17T15:11:53.385+02:00  INFO 4684 --- [clothlogix] [           main] org.hibernate.Version                    : HHH000412: Hibernate ORM core version 6.4.4.Final
2024-05-17T15:11:53.393+02:00 DEBUG 4684 --- [clothlogix] [           main] org.hibernate.cfg.Environment            : HHH000206: 'hibernate.properties' not found
2024-05-17T15:11:53.417+02:00 TRACE 4684 --- [clothlogix] [           main] o.h.s.i.AbstractServiceRegistryImpl      : Initializing service [role=org.hibernate.id.factory.IdentifierGeneratorFactory]
2024-05-17T15:11:53.417+02:00 TRACE 4684 --- [clothlogix] [           main] o.h.s.i.AbstractServiceRegistryImpl      : Initializing service [role=org.hibernate.engine.config.spi.ConfigurationService]
2024-05-17T15:11:53.417+02:00 TRACE 4684 --- [clothlogix] [           main] o.h.s.i.AbstractServiceRegistryImpl      : Initializing service [role=org.hibernate.resource.beans.spi.ManagedBeanRegistry]
2024-05-17T15:11:53.422+02:00 DEBUG 4684 --- [clothlogix] [           main] org.hibernate.orm.idgen.factory          : Resolving IdentifierGenerator instances will not use CDI as it was not configured
2024-05-17T15:11:53.426+02:00 DEBUG 4684 --- [clothlogix] [           main] org.hibernate.orm.idgen.factory          : Registering IdentifierGenerator strategy [uuid2] -> [org.hibernate.id.UUIDGenerator]
2024-05-17T15:11:53.426+02:00 DEBUG 4684 --- [clothlogix] [           main] org.hibernate.orm.idgen.factory          : Registering IdentifierGenerator strategy [guid] -> [org.hibernate.id.GUIDGenerator]
2024-05-17T15:11:53.426+02:00 DEBUG 4684 --- [clothlogix] [           main] org.hibernate.orm.idgen.factory          : Registering IdentifierGenerator strategy [uuid] -> [org.hibernate.id.UUIDHexGenerator]
2024-05-17T15:11:53.426+02:00 DEBUG 4684 --- [clothlogix] [           main] org.hibernate.orm.idgen.factory          : Registering IdentifierGenerator strategy [uuid.hex] -> [org.hibernate.id.UUIDHexGenerator]
2024-05-17T15:11:53.426+02:00 DEBUG 4684 --- [clothlogix] [           main] org.hibernate.orm.idgen.factory          : Registering IdentifierGenerator strategy [assigned] -> [org.hibernate.id.Assigned]
2024-05-17T15:11:53.426+02:00 DEBUG 4684 --- [clothlogix] [           main] org.hibernate.orm.idgen.factory          : Registering IdentifierGenerator strategy [identity] -> [org.hibernate.id.IdentityGenerator]
2024-05-17T15:11:53.426+02:00 DEBUG 4684 --- [clothlogix] [           main] org.hibernate.orm.idgen.factory          : Registering IdentifierGenerator strategy [select] -> [org.hibernate.id.SelectGenerator]
2024-05-17T15:11:53.426+02:00 DEBUG 4684 --- [clothlogix] [           main] org.hibernate.orm.idgen.factory          : Registering IdentifierGenerator strategy [sequence] -> [org.hibernate.id.enhanced.SequenceStyleGenerator]
2024-05-17T15:11:53.426+02:00 DEBUG 4684 --- [clothlogix] [           main] org.hibernate.orm.idgen.factory          : Registering IdentifierGenerator strategy [increment] -> [org.hibernate.id.IncrementGenerator]
2024-05-17T15:11:53.432+02:00 DEBUG 4684 --- [clothlogix] [           main] org.hibernate.orm.idgen.factory          : Registering IdentifierGenerator strategy [foreign] -> [org.hibernate.id.ForeignGenerator]
2024-05-17T15:11:53.432+02:00 DEBUG 4684 --- [clothlogix] [           main] org.hibernate.orm.idgen.factory          : Registering IdentifierGenerator strategy [enhanced-sequence] -> [org.hibernate.id.enhanced.SequenceStyleGenerator]
2024-05-17T15:11:53.432+02:00 DEBUG 4684 --- [clothlogix] [           main] org.hibernate.orm.idgen.factory          : Registering IdentifierGenerator strategy [enhanced-table] -> [org.hibernate.id.enhanced.TableGenerator]
2024-05-17T15:11:53.433+02:00 TRACE 4684 --- [clothlogix] [           main] o.h.s.i.AbstractServiceRegistryImpl      : Initializing service [role=org.hibernate.engine.jdbc.connections.spi.MultiTenantConnectionProvider]
2024-05-17T15:11:53.433+02:00 TRACE 4684 --- [clothlogix] [           main] o.h.s.i.AbstractServiceRegistryImpl      : Initializing service [role=org.hibernate.cache.spi.RegionFactory]
2024-05-17T15:11:53.433+02:00 DEBUG 4684 --- [clothlogix] [           main] o.h.c.internal.RegionFactoryInitiator    : Cannot default RegionFactory based on registered strategies as `[]` RegionFactory strategies were registered
2024-05-17T15:11:53.433+02:00  INFO 4684 --- [clothlogix] [           main] o.h.c.internal.RegionFactoryInitiator    : HHH000026: Second-level cache disabled
2024-05-17T15:11:53.642+02:00 DEBUG 4684 --- [clothlogix] [           main] org.hibernate.type.BasicTypeRegistry     : Adding type registration boolean -> org.hibernate.type.BasicTypeReference@4fb64e14
2024-05-17T15:11:53.642+02:00 DEBUG 4684 --- [clothlogix] [           main] org.hibernate.type.BasicTypeRegistry     : Adding type registration boolean -> org.hibernate.type.BasicTypeReference@4fb64e14
2024-05-17T15:11:53.642+02:00 DEBUG 4684 --- [clothlogix] [           main] org.hibernate.type.BasicTypeRegistry     : Adding type registration java.lang.Boolean -> org.hibernate.type.BasicTypeReference@4fb64e14
2024-05-17T15:11:53.642+02:00 DEBUG 4684 --- [clothlogix] [           main] org.hibernate.type.BasicTypeRegistry     : Adding type registration numeric_boolean -> org.hibernate.type.BasicTypeReference@118041c7
2024-05-17T15:11:53.642+02:00 DEBUG 4684 --- [clothlogix] [           main] org.hibernate.type.BasicTypeRegistry     : Adding type registration org.hibernate.type.NumericBooleanConverter -> org.hibernate.type.BasicTypeReference@118041c7
2024-05-17T15:11:53.642+02:00 DEBUG 4684 --- [clothlogix] [           main] org.hibernate.type.BasicTypeRegistry     : Adding type registration true_false -> org.hibernate.type.BasicTypeReference@a2b54e3
2024-05-17T15:11:53.642+02:00 DEBUG 4684 --- [clothlogix] [           main] org.hibernate.type.BasicTypeRegistry     : Adding type registration org.hibernate.type.TrueFalseConverter -> org.hibernate.type.BasicTypeReference@a2b54e3
2024-05-17T15:11:53.642+02:00 DEBUG 4684 --- [clothlogix] [           main] org.hibernate.type.BasicTypeRegistry     : Adding type registration yes_no -> org.hibernate.type.BasicTypeReference@5c4cc644
2024-05-17T15:11:53.642+02:00 DEBUG 4684 --- [clothlogix] [           main] org.hibernate.type.BasicTypeRegistry     : Adding type registration org.hibernate.type.YesNoConverter -> org.hibernate.type.BasicTypeReference@5c4cc644
2024-05-17T15:11:53.642+02:00 DEBUG 4684 --- [clothlogix] [           main] org.hibernate.type.BasicTypeRegistry     : Adding type registration byte -> org.hibernate.type.BasicTypeReference@21f7e537
2024-05-17T15:11:53.642+02:00 DEBUG 4684 --- [clothlogix] [           main] org.hibernate.type.BasicTypeRegistry     : Adding type registration byte -> org.hibernate.type.BasicTypeReference@21f7e537
2024-05-17T15:11:53.642+02:00 DEBUG 4684 --- [clothlogix] [           main] org.hibernate.type.BasicTypeRegistry     : Adding type registration java.lang.Byte -> org.hibernate.type.BasicTypeReference@21f7e537
2024-05-17T15:11:53.642+02:00 DEBUG 4684 --- [clothlogix] [           main] org.hibernate.type.BasicTypeRegistry     : Adding type registration binary -> org.hibernate.type.BasicTypeReference@32ea16b7
2024-05-17T15:11:53.642+02:00 DEBUG 4684 --- [clothlogix] [           main] org.hibernate.type.BasicTypeRegistry     : Adding type registration byte[] -> org.hibernate.type.BasicTypeReference@32ea16b7
2024-05-17T15:11:53.642+02:00 DEBUG 4684 --- [clothlogix] [           main] org.hibernate.type.BasicTypeRegistry     : Adding type registration [B -> org.hibernate.type.BasicTypeReference@32ea16b7
2024-05-17T15:11:53.642+02:00 DEBUG 4684 --- [clothlogix] [           main] org.hibernate.type.BasicTypeRegistry     : Adding type registration binary_wrapper -> org.hibernate.type.BasicTypeReference@62b6c045
2024-05-17T15:11:53.642+02:00 DEBUG 4684 --- [clothlogix] [           main] org.hibernate.type.BasicTypeRegistry     : Adding type registration wrapper-binary -> org.hibernate.type.BasicTypeReference@62b6c045
2024-05-17T15:11:53.642+02:00 DEBUG 4684 --- [clothlogix] [           main] org.hibernate.type.BasicTypeRegistry     : Adding type registration image -> org.hibernate.type.BasicTypeReference@58f254b1
2024-05-17T15:11:53.642+02:00 DEBUG 4684 --- [clothlogix] [           main] org.hibernate.type.BasicTypeRegistry     : Adding type registration blob -> org.hibernate.type.BasicTypeReference@46b2dcc5
2024-05-17T15:11:53.642+02:00 DEBUG 4684 --- [clothlogix] [           main] org.hibernate.type.BasicTypeRegistry     : Adding type registration java.sql.Blob -> org.hibernate.type.BasicTypeReference@46b2dcc5
2024-05-17T15:11:53.642+02:00 DEBUG 4684 --- [clothlogix] [           main] org.hibernate.type.BasicTypeRegistry     : Adding type registration materialized_blob -> org.hibernate.type.BasicTypeReference@240f350a
2024-05-17T15:11:53.642+02:00 DEBUG 4684 --- [clothlogix] [           main] org.hibernate.type.BasicTypeRegistry     : Adding type registration materialized_blob_wrapper -> org.hibernate.type.BasicTypeReference@706f6d26
2024-05-17T15:11:53.642+02:00 DEBUG 4684 --- [clothlogix] [           main] org.hibernate.type.BasicTypeRegistry     : Adding type registration short -> org.hibernate.type.BasicTypeReference@3af2f846
2024-05-17T15:11:53.642+02:00 DEBUG 4684 --- [clothlogix] [           main] org.hibernate.type.BasicTypeRegistry     : Adding type registration short -> org.hibernate.type.BasicTypeReference@3af2f846
2024-05-17T15:11:53.642+02:00 DEBUG 4684 --- [clothlogix] [           main] org.hibernate.type.BasicTypeRegistry     : Adding type registration java.lang.Short -> org.hibernate.type.BasicTypeReference@3af2f846
2024-05-17T15:11:53.642+02:00 DEBUG 4684 --- [clothlogix] [           main] org.hibernate.type.BasicTypeRegistry     : Adding type registration integer -> org.hibernate.type.BasicTypeReference@6af65f29
2024-05-17T15:11:53.642+02:00 DEBUG 4684 --- [clothlogix] [           main] org.hibernate.type.BasicTypeRegistry     : Adding type registration int -> org.hibernate.type.BasicTypeReference@6af65f29
2024-05-17T15:11:53.642+02:00 DEBUG 4684 --- [clothlogix] [           main] org.hibernate.type.BasicTypeRegistry     : Adding type registration java.lang.Integer -> org.hibernate.type.BasicTypeReference@6af65f29
2024-05-17T15:11:53.642+02:00 DEBUG 4684 --- [clothlogix] [           main] org.hibernate.type.BasicTypeRegistry     : Adding type registration long -> org.hibernate.type.BasicTypeReference@370c9018
2024-05-17T15:11:53.642+02:00 DEBUG 4684 --- [clothlogix] [           main] org.hibernate.type.BasicTypeRegistry     : Adding type registration long -> org.hibernate.type.BasicTypeReference@370c9018
2024-05-17T15:11:53.642+02:00 DEBUG 4684 --- [clothlogix] [           main] org.hibernate.type.BasicTypeRegistry     : Adding type registration java.lang.Long -> org.hibernate.type.BasicTypeReference@370c9018
2024-05-17T15:11:53.642+02:00 DEBUG 4684 --- [clothlogix] [           main] org.hibernate.type.BasicTypeRegistry     : Adding type registration float -> org.hibernate.type.BasicTypeReference@3c81cd82
2024-05-17T15:11:53.642+02:00 DEBUG 4684 --- [clothlogix] [           main] org.hibernate.type.BasicTypeRegistry     : Adding type registration float -> org.hibernate.type.BasicTypeReference@3c81cd82
2024-05-17T15:11:53.642+02:00 DEBUG 4684 --- [clothlogix] [           main] org.hibernate.type.BasicTypeRegistry     : Adding type registration java.lang.Float -> org.hibernate.type.BasicTypeReference@3c81cd82
2024-05-17T15:11:53.642+02:00 DEBUG 4684 --- [clothlogix] [           main] org.hibernate.type.BasicTypeRegistry     : Adding type registration double -> org.hibernate.type.BasicTypeReference@111c229c
2024-05-17T15:11:53.642+02:00 DEBUG 4684 --- [clothlogix] [           main] org.hibernate.type.BasicTypeRegistry     : Adding type registration double -> org.hibernate.type.BasicTypeReference@111c229c
2024-05-17T15:11:53.642+02:00 DEBUG 4684 --- [clothlogix] [           main] org.hibernate.type.BasicTypeRegistry     : Adding type registration java.lang.Double -> org.hibernate.type.BasicTypeReference@111c229c
2024-05-17T15:11:53.642+02:00 DEBUG 4684 --- [clothlogix] [           main] org.hibernate.type.BasicTypeRegistry     : Adding type registration big_integer -> org.hibernate.type.BasicTypeReference@49cb3881
2024-05-17T15:11:53.642+02:00 DEBUG 4684 --- [clothlogix] [           main] org.hibernate.type.BasicTypeRegistry     : Adding type registration java.math.BigInteger -> org.hibernate.type.BasicTypeReference@49cb3881
2024-05-17T15:11:53.642+02:00 DEBUG 4684 --- [clothlogix] [           main] org.hibernate.type.BasicTypeRegistry     : Adding type registration big_decimal -> org.hibernate.type.BasicTypeReference@1a14fdf0
2024-05-17T15:11:53.642+02:00 DEBUG 4684 --- [clothlogix] [           main] org.hibernate.type.BasicTypeRegistry     : Adding type registration java.math.BigDecimal -> org.hibernate.type.BasicTypeReference@1a14fdf0
2024-05-17T15:11:53.642+02:00 DEBUG 4684 --- [clothlogix] [           main] org.hibernate.type.BasicTypeRegistry     : Adding type registration character -> org.hibernate.type.BasicTypeReference@284bdeed
2024-05-17T15:11:53.642+02:00 DEBUG 4684 --- [clothlogix] [           main] org.hibernate.type.BasicTypeRegistry     : Adding type registration char -> org.hibernate.type.BasicTypeReference@284bdeed
2024-05-17T15:11:53.642+02:00 DEBUG 4684 --- [clothlogix] [           main] org.hibernate.type.BasicTypeRegistry     : Adding type registration java.lang.Character -> org.hibernate.type.BasicTypeReference@284bdeed
2024-05-17T15:11:53.642+02:00 DEBUG 4684 --- [clothlogix] [           main] org.hibernate.type.BasicTypeRegistry     : Adding type registration character_nchar -> org.hibernate.type.BasicTypeReference@58b311ba
2024-05-17T15:11:53.642+02:00 DEBUG 4684 --- [clothlogix] [           main] org.hibernate.type.BasicTypeRegistry     : Adding type registration string -> org.hibernate.type.BasicTypeReference@482c351d
2024-05-17T15:11:53.642+02:00 DEBUG 4684 --- [clothlogix] [           main] org.hibernate.type.BasicTypeRegistry     : Adding type registration java.lang.String -> org.hibernate.type.BasicTypeReference@482c351d
2024-05-17T15:11:53.642+02:00 DEBUG 4684 --- [clothlogix] [           main] org.hibernate.type.BasicTypeRegistry     : Adding type registration nstring -> org.hibernate.type.BasicTypeReference@75eaba95
2024-05-17T15:11:53.642+02:00 DEBUG 4684 --- [clothlogix] [           main] org.hibernate.type.BasicTypeRegistry     : Adding type registration characters -> org.hibernate.type.BasicTypeReference@320be73
2024-05-17T15:11:53.642+02:00 DEBUG 4684 --- [clothlogix] [           main] org.hibernate.type.BasicTypeRegistry     : Adding type registration char[] -> org.hibernate.type.BasicTypeReference@320be73
2024-05-17T15:11:53.642+02:00 DEBUG 4684 --- [clothlogix] [           main] org.hibernate.type.BasicTypeRegistry     : Adding type registration [C -> org.hibernate.type.BasicTypeReference@320be73
2024-05-17T15:11:53.642+02:00 DEBUG 4684 --- [clothlogix] [           main] org.hibernate.type.BasicTypeRegistry     : Adding type registration wrapper-characters -> org.hibernate.type.BasicTypeReference@435e416c
2024-05-17T15:11:53.642+02:00 DEBUG 4684 --- [clothlogix] [           main] org.hibernate.type.BasicTypeRegistry     : Adding type registration text -> org.hibernate.type.BasicTypeReference@6af310c7
2024-05-17T15:11:53.642+02:00 DEBUG 4684 --- [clothlogix] [           main] org.hibernate.type.BasicTypeRegistry     : Adding type registration ntext -> org.hibernate.type.BasicTypeReference@4aed311e
2024-05-17T15:11:53.642+02:00 DEBUG 4684 --- [clothlogix] [           main] org.hibernate.type.BasicTypeRegistry     : Adding type registration clob -> org.hibernate.type.BasicTypeReference@4c38cd16
2024-05-17T15:11:53.642+02:00 DEBUG 4684 --- [clothlogix] [           main] org.hibernate.type.BasicTypeRegistry     : Adding type registration java.sql.Clob -> org.hibernate.type.BasicTypeReference@4c38cd16
2024-05-17T15:11:53.642+02:00 DEBUG 4684 --- [clothlogix] [           main] org.hibernate.type.BasicTypeRegistry     : Adding type registration nclob -> org.hibernate.type.BasicTypeReference@7ddcb0dc
2024-05-17T15:11:53.642+02:00 DEBUG 4684 --- [clothlogix] [           main] org.hibernate.type.BasicTypeRegistry     : Adding type registration java.sql.NClob -> org.hibernate.type.BasicTypeReference@7ddcb0dc
2024-05-17T15:11:53.642+02:00 DEBUG 4684 --- [clothlogix] [           main] org.hibernate.type.BasicTypeRegistry     : Adding type registration materialized_clob -> org.hibernate.type.BasicTypeReference@f5bf288
2024-05-17T15:11:53.642+02:00 DEBUG 4684 --- [clothlogix] [           main] org.hibernate.type.BasicTypeRegistry     : Adding type registration materialized_clob_char_array -> org.hibernate.type.BasicTypeReference@2c1d57bc
2024-05-17T15:11:53.642+02:00 DEBUG 4684 --- [clothlogix] [           main] org.hibernate.type.BasicTypeRegistry     : Adding type registration materialized_clob_character_array -> org.hibernate.type.BasicTypeReference@3e856100
2024-05-17T15:11:53.642+02:00 DEBUG 4684 --- [clothlogix] [           main] org.hibernate.type.BasicTypeRegistry     : Adding type registration materialized_nclob -> org.hibernate.type.BasicTypeReference@6e9a0bea
2024-05-17T15:11:53.642+02:00 DEBUG 4684 --- [clothlogix] [           main] org.hibernate.type.BasicTypeRegistry     : Adding type registration materialized_nclob_character_array -> org.hibernate.type.BasicTypeReference@28fc1132
2024-05-17T15:11:53.642+02:00 DEBUG 4684 --- [clothlogix] [           main] org.hibernate.type.BasicTypeRegistry     : Adding type registration materialized_nclob_char_array -> org.hibernate.type.BasicTypeReference@355ce6a6
2024-05-17T15:11:53.642+02:00 DEBUG 4684 --- [clothlogix] [           main] org.hibernate.type.BasicTypeRegistry     : Adding type registration Duration -> org.hibernate.type.BasicTypeReference@20440c6c
2024-05-17T15:11:53.642+02:00 DEBUG 4684 --- [clothlogix] [           main] org.hibernate.type.BasicTypeRegistry     : Adding type registration java.time.Duration -> org.hibernate.type.BasicTypeReference@20440c6c
2024-05-17T15:11:53.642+02:00 DEBUG 4684 --- [clothlogix] [           main] org.hibernate.type.BasicTypeRegistry     : Adding type registration LocalDateTime -> org.hibernate.type.BasicTypeReference@1e3f86d5
2024-05-17T15:11:53.642+02:00 DEBUG 4684 --- [clothlogix] [           main] org.hibernate.type.BasicTypeRegistry     : Adding type registration java.time.LocalDateTime -> org.hibernate.type.BasicTypeReference@1e3f86d5
2024-05-17T15:11:53.642+02:00 DEBUG 4684 --- [clothlogix] [           main] org.hibernate.type.BasicTypeRegistry     : Adding type registration LocalDate -> org.hibernate.type.BasicTypeReference@560271a1
2024-05-17T15:11:53.642+02:00 DEBUG 4684 --- [clothlogix] [           main] org.hibernate.type.BasicTypeRegistry     : Adding type registration java.time.LocalDate -> org.hibernate.type.BasicTypeReference@560271a1
2024-05-17T15:11:53.642+02:00 DEBUG 4684 --- [clothlogix] [           main] org.hibernate.type.BasicTypeRegistry     : Adding type registration LocalTime -> org.hibernate.type.BasicTypeReference@4b9c411
2024-05-17T15:11:53.642+02:00 DEBUG 4684 --- [clothlogix] [           main] org.hibernate.type.BasicTypeRegistry     : Adding type registration java.time.LocalTime -> org.hibernate.type.BasicTypeReference@4b9c411
2024-05-17T15:11:53.642+02:00 DEBUG 4684 --- [clothlogix] [           main] org.hibernate.type.BasicTypeRegistry     : Adding type registration OffsetDateTime -> org.hibernate.type.BasicTypeReference@41e9f86
2024-05-17T15:11:53.642+02:00 DEBUG 4684 --- [clothlogix] [           main] org.hibernate.type.BasicTypeRegistry     : Adding type registration java.time.OffsetDateTime -> org.hibernate.type.BasicTypeReference@41e9f86
2024-05-17T15:11:53.642+02:00 DEBUG 4684 --- [clothlogix] [           main] org.hibernate.type.BasicTypeRegistry     : Adding type registration OffsetDateTimeWithTimezone -> org.hibernate.type.BasicTypeReference@66f5b8fe
2024-05-17T15:11:53.642+02:00 DEBUG 4684 --- [clothlogix] [           main] org.hibernate.type.BasicTypeRegistry     : Adding type registration OffsetDateTimeWithoutTimezone -> org.hibernate.type.BasicTypeReference@233f52f8
2024-05-17T15:11:53.642+02:00 DEBUG 4684 --- [clothlogix] [           main] org.hibernate.type.BasicTypeRegistry     : Adding type registration OffsetTime -> org.hibernate.type.BasicTypeReference@69ec93c2
2024-05-17T15:11:53.642+02:00 DEBUG 4684 --- [clothlogix] [           main] org.hibernate.type.BasicTypeRegistry     : Adding type registration java.time.OffsetTime -> org.hibernate.type.BasicTypeReference@69ec93c2
2024-05-17T15:11:53.642+02:00 DEBUG 4684 --- [clothlogix] [           main] org.hibernate.type.BasicTypeRegistry     : Adding type registration OffsetTimeUtc -> org.hibernate.type.BasicTypeReference@19fec3d6
2024-05-17T15:11:53.642+02:00 DEBUG 4684 --- [clothlogix] [           main] org.hibernate.type.BasicTypeRegistry     : Adding type registration OffsetTimeWithTimezone -> org.hibernate.type.BasicTypeReference@5287ba5f
2024-05-17T15:11:53.642+02:00 DEBUG 4684 --- [clothlogix] [           main] org.hibernate.type.BasicTypeRegistry     : Adding type registration OffsetTimeWithoutTimezone -> org.hibernate.type.BasicTypeReference@b768a65
2024-05-17T15:11:53.642+02:00 DEBUG 4684 --- [clothlogix] [           main] org.hibernate.type.BasicTypeRegistry     : Adding type registration ZonedDateTime -> org.hibernate.type.BasicTypeReference@6897a4a
2024-05-17T15:11:53.642+02:00 DEBUG 4684 --- [clothlogix] [           main] org.hibernate.type.BasicTypeRegistry     : Adding type registration java.time.ZonedDateTime -> org.hibernate.type.BasicTypeReference@6897a4a
2024-05-17T15:11:53.642+02:00 DEBUG 4684 --- [clothlogix] [           main] org.hibernate.type.BasicTypeRegistry     : Adding type registration ZonedDateTimeWithTimezone -> org.hibernate.type.BasicTypeReference@6986f93e
2024-05-17T15:11:53.642+02:00 DEBUG 4684 --- [clothlogix] [           main] org.hibernate.type.BasicTypeRegistry     : Adding type registration ZonedDateTimeWithoutTimezone -> org.hibernate.type.BasicTypeReference@6bce313
2024-05-17T15:11:53.642+02:00 DEBUG 4684 --- [clothlogix] [           main] org.hibernate.type.BasicTypeRegistry     : Adding type registration date -> org.hibernate.type.BasicTypeReference@39266403
2024-05-17T15:11:53.642+02:00 DEBUG 4684 --- [clothlogix] [           main] org.hibernate.type.BasicTypeRegistry     : Adding type registration java.sql.Date -> org.hibernate.type.BasicTypeReference@39266403
2024-05-17T15:11:53.642+02:00 DEBUG 4684 --- [clothlogix] [           main] org.hibernate.type.BasicTypeRegistry     : Adding type registration time -> org.hibernate.type.BasicTypeReference@74b00247
2024-05-17T15:11:53.642+02:00 DEBUG 4684 --- [clothlogix] [           main] org.hibernate.type.BasicTypeRegistry     : Adding type registration java.sql.Time -> org.hibernate.type.BasicTypeReference@74b00247
2024-05-17T15:11:53.642+02:00 DEBUG 4684 --- [clothlogix] [           main] org.hibernate.type.BasicTypeRegistry     : Adding type registration timestamp -> org.hibernate.type.BasicTypeReference@2aa14ae6
2024-05-17T15:11:53.642+02:00 DEBUG 4684 --- [clothlogix] [           main] org.hibernate.type.BasicTypeRegistry     : Adding type registration java.sql.Timestamp -> org.hibernate.type.BasicTypeReference@2aa14ae6
2024-05-17T15:11:53.642+02:00 DEBUG 4684 --- [clothlogix] [           main] org.hibernate.type.BasicTypeRegistry     : Adding type registration java.util.Date -> org.hibernate.type.BasicTypeReference@2aa14ae6
2024-05-17T15:11:53.642+02:00 DEBUG 4684 --- [clothlogix] [           main] org.hibernate.type.BasicTypeRegistry     : Adding type registration calendar -> org.hibernate.type.BasicTypeReference@4be490da
2024-05-17T15:11:53.642+02:00 DEBUG 4684 --- [clothlogix] [           main] org.hibernate.type.BasicTypeRegistry     : Adding type registration java.util.Calendar -> org.hibernate.type.BasicTypeReference@4be490da
2024-05-17T15:11:53.642+02:00 DEBUG 4684 --- [clothlogix] [           main] org.hibernate.type.BasicTypeRegistry     : Adding type registration java.util.GregorianCalendar -> org.hibernate.type.BasicTypeReference@4be490da
2024-05-17T15:11:53.642+02:00 DEBUG 4684 --- [clothlogix] [           main] org.hibernate.type.BasicTypeRegistry     : Adding type registration calendar_date -> org.hibernate.type.BasicTypeReference@4168f3d9
2024-05-17T15:11:53.642+02:00 DEBUG 4684 --- [clothlogix] [           main] org.hibernate.type.BasicTypeRegistry     : Adding type registration calendar_time -> org.hibernate.type.BasicTypeReference@353e6389
2024-05-17T15:11:53.642+02:00 DEBUG 4684 --- [clothlogix] [           main] org.hibernate.type.BasicTypeRegistry     : Adding type registration instant -> org.hibernate.type.BasicTypeReference@15e8f9b2
2024-05-17T15:11:53.642+02:00 DEBUG 4684 --- [clothlogix] [           main] org.hibernate.type.BasicTypeRegistry     : Adding type registration java.time.Instant -> org.hibernate.type.BasicTypeReference@15e8f9b2
2024-05-17T15:11:53.642+02:00 DEBUG 4684 --- [clothlogix] [           main] org.hibernate.type.BasicTypeRegistry     : Adding type registration uuid -> org.hibernate.type.BasicTypeReference@7a65c995
2024-05-17T15:11:53.642+02:00 DEBUG 4684 --- [clothlogix] [           main] org.hibernate.type.BasicTypeRegistry     : Adding type registration java.util.UUID -> org.hibernate.type.BasicTypeReference@7a65c995
2024-05-17T15:11:53.642+02:00 DEBUG 4684 --- [clothlogix] [           main] org.hibernate.type.BasicTypeRegistry     : Adding type registration pg-uuid -> org.hibernate.type.BasicTypeReference@7a65c995
2024-05-17T15:11:53.642+02:00 DEBUG 4684 --- [clothlogix] [           main] org.hibernate.type.BasicTypeRegistry     : Adding type registration uuid-binary -> org.hibernate.type.BasicTypeReference@7c950b3b
2024-05-17T15:11:53.642+02:00 DEBUG 4684 --- [clothlogix] [           main] org.hibernate.type.BasicTypeRegistry     : Adding type registration uuid-char -> org.hibernate.type.BasicTypeReference@3af10d0b
2024-05-17T15:11:53.642+02:00 DEBUG 4684 --- [clothlogix] [           main] org.hibernate.type.BasicTypeRegistry     : Adding type registration class -> org.hibernate.type.BasicTypeReference@6806468e
2024-05-17T15:11:53.642+02:00 DEBUG 4684 --- [clothlogix] [           main] org.hibernate.type.BasicTypeRegistry     : Adding type registration java.lang.Class -> org.hibernate.type.BasicTypeReference@6806468e
2024-05-17T15:11:53.642+02:00 DEBUG 4684 --- [clothlogix] [           main] org.hibernate.type.BasicTypeRegistry     : Adding type registration currency -> org.hibernate.type.BasicTypeReference@3c7b137a
2024-05-17T15:11:53.642+02:00 DEBUG 4684 --- [clothlogix] [           main] org.hibernate.type.BasicTypeRegistry     : Adding type registration Currency -> org.hibernate.type.BasicTypeReference@3c7b137a
2024-05-17T15:11:53.642+02:00 DEBUG 4684 --- [clothlogix] [           main] org.hibernate.type.BasicTypeRegistry     : Adding type registration java.util.Currency -> org.hibernate.type.BasicTypeReference@3c7b137a
2024-05-17T15:11:53.642+02:00 DEBUG 4684 --- [clothlogix] [           main] org.hibernate.type.BasicTypeRegistry     : Adding type registration locale -> org.hibernate.type.BasicTypeReference@68631b1d
2024-05-17T15:11:53.642+02:00 DEBUG 4684 --- [clothlogix] [           main] org.hibernate.type.BasicTypeRegistry     : Adding type registration java.util.Locale -> org.hibernate.type.BasicTypeReference@68631b1d
2024-05-17T15:11:53.642+02:00 DEBUG 4684 --- [clothlogix] [           main] org.hibernate.type.BasicTypeRegistry     : Adding type registration serializable -> org.hibernate.type.BasicTypeReference@5a48da4f
2024-05-17T15:11:53.642+02:00 DEBUG 4684 --- [clothlogix] [           main] org.hibernate.type.BasicTypeRegistry     : Adding type registration java.io.Serializable -> org.hibernate.type.BasicTypeReference@5a48da4f
2024-05-17T15:11:53.642+02:00 DEBUG 4684 --- [clothlogix] [           main] org.hibernate.type.BasicTypeRegistry     : Adding type registration timezone -> org.hibernate.type.BasicTypeReference@a0c5be
2024-05-17T15:11:53.642+02:00 DEBUG 4684 --- [clothlogix] [           main] org.hibernate.type.BasicTypeRegistry     : Adding type registration java.util.TimeZone -> org.hibernate.type.BasicTypeReference@a0c5be
2024-05-17T15:11:53.642+02:00 DEBUG 4684 --- [clothlogix] [           main] org.hibernate.type.BasicTypeRegistry     : Adding type registration ZoneOffset -> org.hibernate.type.BasicTypeReference@6424e613
2024-05-17T15:11:53.642+02:00 DEBUG 4684 --- [clothlogix] [           main] org.hibernate.type.BasicTypeRegistry     : Adding type registration java.time.ZoneOffset -> org.hibernate.type.BasicTypeReference@6424e613
2024-05-17T15:11:53.642+02:00 DEBUG 4684 --- [clothlogix] [           main] org.hibernate.type.BasicTypeRegistry     : Adding type registration url -> org.hibernate.type.BasicTypeReference@14efa279
2024-05-17T15:11:53.642+02:00 DEBUG 4684 --- [clothlogix] [           main] org.hibernate.type.BasicTypeRegistry     : Adding type registration java.net.URL -> org.hibernate.type.BasicTypeReference@14efa279
2024-05-17T15:11:53.642+02:00 DEBUG 4684 --- [clothlogix] [           main] org.hibernate.type.BasicTypeRegistry     : Adding type registration vector -> org.hibernate.type.BasicTypeReference@8e99809
2024-05-17T15:11:53.642+02:00 DEBUG 4684 --- [clothlogix] [           main] org.hibernate.type.BasicTypeRegistry     : Adding type registration row_version -> org.hibernate.type.BasicTypeReference@e62319f
2024-05-17T15:11:53.652+02:00 DEBUG 4684 --- [clothlogix] [           main] org.hibernate.type.BasicTypeRegistry     : Adding type registration object -> org.hibernate.type.JavaObjectType@492be039
2024-05-17T15:11:53.652+02:00 DEBUG 4684 --- [clothlogix] [           main] org.hibernate.type.BasicTypeRegistry     : Adding type registration java.lang.Object -> org.hibernate.type.JavaObjectType@492be039
2024-05-17T15:11:53.656+02:00 DEBUG 4684 --- [clothlogix] [           main] org.hibernate.type.BasicTypeRegistry     : Adding type registration null -> org.hibernate.type.NullType@66f16742
2024-05-17T15:11:53.656+02:00 DEBUG 4684 --- [clothlogix] [           main] org.hibernate.type.BasicTypeRegistry     : Adding type registration imm_date -> org.hibernate.type.BasicTypeReference@2871ac91
2024-05-17T15:11:53.656+02:00 DEBUG 4684 --- [clothlogix] [           main] org.hibernate.type.BasicTypeRegistry     : Adding type registration imm_time -> org.hibernate.type.BasicTypeReference@3c54ddec
2024-05-17T15:11:53.656+02:00 DEBUG 4684 --- [clothlogix] [           main] org.hibernate.type.BasicTypeRegistry     : Adding type registration imm_timestamp -> org.hibernate.type.BasicTypeReference@6d69a0d3
2024-05-17T15:11:53.656+02:00 DEBUG 4684 --- [clothlogix] [           main] org.hibernate.type.BasicTypeRegistry     : Adding type registration imm_calendar -> org.hibernate.type.BasicTypeReference@4f114b
2024-05-17T15:11:53.656+02:00 DEBUG 4684 --- [clothlogix] [           main] org.hibernate.type.BasicTypeRegistry     : Adding type registration imm_calendar_date -> org.hibernate.type.BasicTypeReference@257f30f7
2024-05-17T15:11:53.656+02:00 DEBUG 4684 --- [clothlogix] [           main] org.hibernate.type.BasicTypeRegistry     : Adding type registration imm_calendar_time -> org.hibernate.type.BasicTypeReference@3fde2209
2024-05-17T15:11:53.656+02:00 DEBUG 4684 --- [clothlogix] [           main] org.hibernate.type.BasicTypeRegistry     : Adding type registration imm_binary -> org.hibernate.type.BasicTypeReference@1f916219
2024-05-17T15:11:53.656+02:00 DEBUG 4684 --- [clothlogix] [           main] org.hibernate.type.BasicTypeRegistry     : Adding type registration imm_serializable -> org.hibernate.type.BasicTypeReference@67acfde9
2024-05-17T15:11:53.662+02:00 TRACE 4684 --- [clothlogix] [           main] o.h.q.sqm.function.SqmFunctionRegistry   : SqmFunctionRegistry created
2024-05-17T15:11:53.662+02:00 TRACE 4684 --- [clothlogix] [           main] o.h.s.i.AbstractServiceRegistryImpl      : Initializing service [role=org.hibernate.boot.cfgxml.spi.CfgXmlAccessService]
2024-05-17T15:11:53.662+02:00 DEBUG 4684 --- [clothlogix] [           main] o.h.boot.internal.BootstrapContextImpl   : Injecting JPA temp ClassLoader [org.springframework.instrument.classloading.SimpleThrowawayClassLoader@3d104c9b] into BootstrapContext; was [null]
2024-05-17T15:11:53.662+02:00 DEBUG 4684 --- [clothlogix] [           main] o.h.boot.internal.ClassLoaderAccessImpl  : ClassLoaderAccessImpl#injectTempClassLoader(org.springframework.instrument.classloading.SimpleThrowawayClassLoader@3d104c9b) [was null]
2024-05-17T15:11:53.662+02:00 DEBUG 4684 --- [clothlogix] [           main] o.h.boot.internal.BootstrapContextImpl   : Injecting ScanEnvironment [org.hibernate.jpa.boot.internal.StandardJpaScanEnvironmentImpl@65da01f4] into BootstrapContext; was [null]
2024-05-17T15:11:53.662+02:00 DEBUG 4684 --- [clothlogix] [           main] o.h.boot.internal.BootstrapContextImpl   : Injecting ScanOptions [org.hibernate.boot.archive.scan.internal.StandardScanOptions@22f02996] into BootstrapContext; was [org.hibernate.boot.archive.scan.internal.StandardScanOptions@7c8874ef]
2024-05-17T15:11:53.862+02:00  INFO 4684 --- [clothlogix] [           main] o.s.o.j.p.SpringPersistenceUnitInfo      : No LoadTimeWeaver setup: ignoring JPA class transformer
2024-05-17T15:11:53.862+02:00 DEBUG 4684 --- [clothlogix] [           main] o.h.boot.internal.BootstrapContextImpl   : Injecting JPA temp ClassLoader [null] into BootstrapContext; was [org.springframework.instrument.classloading.SimpleThrowawayClassLoader@3d104c9b]
2024-05-17T15:11:53.862+02:00 DEBUG 4684 --- [clothlogix] [           main] o.h.boot.internal.ClassLoaderAccessImpl  : ClassLoaderAccessImpl#injectTempClassLoader(null) [was org.springframework.instrument.classloading.SimpleThrowawayClassLoader@3d104c9b]
2024-05-17T15:11:53.872+02:00 TRACE 4684 --- [clothlogix] [           main] o.h.s.i.AbstractServiceRegistryImpl      : Initializing service [role=org.hibernate.engine.jdbc.env.spi.JdbcEnvironment]
2024-05-17T15:11:53.878+02:00 TRACE 4684 --- [clothlogix] [           main] o.h.s.i.AbstractServiceRegistryImpl      : Initializing service [role=org.hibernate.engine.jdbc.dialect.spi.DialectFactory]
2024-05-17T15:11:53.878+02:00 TRACE 4684 --- [clothlogix] [           main] o.h.s.i.AbstractServiceRegistryImpl      : Initializing service [role=org.hibernate.engine.jdbc.dialect.spi.DialectResolver]
2024-05-17T15:11:53.886+02:00 TRACE 4684 --- [clothlogix] [           main] o.h.s.i.AbstractServiceRegistryImpl      : Initializing service [role=org.hibernate.engine.jdbc.connections.spi.MultiTenantConnectionProvider]
2024-05-17T15:11:53.886+02:00 TRACE 4684 --- [clothlogix] [           main] o.h.s.i.AbstractServiceRegistryImpl      : Initializing service [role=org.hibernate.engine.jdbc.connections.spi.ConnectionProvider]
2024-05-17T15:11:53.886+02:00 TRACE 4684 --- [clothlogix] [           main] o.h.s.i.AbstractServiceRegistryImpl      : Initializing service [role=org.hibernate.engine.jdbc.connections.spi.MultiTenantConnectionProvider]
2024-05-17T15:11:53.886+02:00 TRACE 4684 --- [clothlogix] [           main] o.h.s.i.AbstractServiceRegistryImpl      : Initializing service [role=org.hibernate.engine.jndi.spi.JndiService]
2024-05-17T15:11:53.894+02:00 TRACE 4684 --- [clothlogix] [           main] o.h.s.i.AbstractServiceRegistryImpl      : Initializing service [role=org.hibernate.resource.transaction.spi.TransactionCoordinatorBuilder]
2024-05-17T15:11:53.926+02:00 DEBUG 4684 --- [clothlogix] [           main] javax.management.mbeanserver             : ObjectName = JMImplementation:type=MBeanServerDelegate
2024-05-17T15:11:53.932+02:00 DEBUG 4684 --- [clothlogix] [           main] javax.management.mbeanserver             : name = JMImplementation:type=MBeanServerDelegate
2024-05-17T15:11:53.932+02:00 DEBUG 4684 --- [clothlogix] [           main] javax.management.mbeanserver             : Send create notification of object JMImplementation:type=MBeanServerDelegate
2024-05-17T15:11:53.932+02:00 DEBUG 4684 --- [clothlogix] [           main] javax.management.mbeanserver             : JMX.mbean.registered JMImplementation:type=MBeanServerDelegate
2024-05-17T15:11:53.942+02:00 DEBUG 4684 --- [clothlogix] [           main] javax.management.misc                    : Building MBeanInfo for sun.management.RuntimeImpl
2024-05-17T15:11:53.942+02:00 DEBUG 4684 --- [clothlogix] [           main] javax.management.mbeanserver             : ObjectName = java.lang:type=Runtime
2024-05-17T15:11:53.942+02:00 DEBUG 4684 --- [clothlogix] [           main] javax.management.mbeanserver             : name = java.lang:type=Runtime
2024-05-17T15:11:53.942+02:00 DEBUG 4684 --- [clothlogix] [           main] javax.management.mbeanserver             : Send create notification of object java.lang:type=Runtime
2024-05-17T15:11:53.942+02:00 DEBUG 4684 --- [clothlogix] [           main] javax.management.mbeanserver             : JMX.mbean.registered java.lang:type=Runtime
2024-05-17T15:11:53.952+02:00 DEBUG 4684 --- [clothlogix] [           main] javax.management.misc                    : Building MBeanInfo for com.sun.management.internal.HotSpotThreadImpl
2024-05-17T15:11:53.952+02:00 DEBUG 4684 --- [clothlogix] [           main] javax.management.mbeanserver             : ObjectName = java.lang:type=Threading
2024-05-17T15:11:53.952+02:00 DEBUG 4684 --- [clothlogix] [           main] javax.management.mbeanserver             : name = java.lang:type=Threading
2024-05-17T15:11:53.952+02:00 DEBUG 4684 --- [clothlogix] [           main] javax.management.mbeanserver             : Send create notification of object java.lang:type=Threading
2024-05-17T15:11:53.952+02:00 DEBUG 4684 --- [clothlogix] [           main] javax.management.mbeanserver             : JMX.mbean.registered java.lang:type=Threading
2024-05-17T15:11:53.952+02:00 DEBUG 4684 --- [clothlogix] [           main] javax.management.misc                    : Building MBeanInfo for com.sun.management.internal.OperatingSystemImpl
2024-05-17T15:11:53.952+02:00 DEBUG 4684 --- [clothlogix] [           main] javax.management.mbeanserver             : ObjectName = java.lang:type=OperatingSystem
2024-05-17T15:11:53.952+02:00 DEBUG 4684 --- [clothlogix] [           main] javax.management.mbeanserver             : name = java.lang:type=OperatingSystem
2024-05-17T15:11:53.952+02:00 DEBUG 4684 --- [clothlogix] [           main] javax.management.mbeanserver             : Send create notification of object java.lang:type=OperatingSystem
2024-05-17T15:11:53.952+02:00 DEBUG 4684 --- [clothlogix] [           main] javax.management.mbeanserver             : JMX.mbean.registered java.lang:type=OperatingSystem
2024-05-17T15:11:53.958+02:00 DEBUG 4684 --- [clothlogix] [           main] javax.management.misc                    : Building MBeanInfo for sun.management.MemoryManagerImpl
2024-05-17T15:11:53.958+02:00 DEBUG 4684 --- [clothlogix] [           main] javax.management.mbeanserver             : ObjectName = java.lang:name=CodeCacheManager,type=MemoryManager
2024-05-17T15:11:53.958+02:00 DEBUG 4684 --- [clothlogix] [           main] javax.management.mbeanserver             : name = java.lang:name=CodeCacheManager,type=MemoryManager
2024-05-17T15:11:53.958+02:00 DEBUG 4684 --- [clothlogix] [           main] javax.management.mbeanserver             : Send create notification of object java.lang:name=CodeCacheManager,type=MemoryManager
2024-05-17T15:11:53.958+02:00 DEBUG 4684 --- [clothlogix] [           main] javax.management.mbeanserver             : JMX.mbean.registered java.lang:name=CodeCacheManager,type=MemoryManager
2024-05-17T15:11:53.958+02:00 DEBUG 4684 --- [clothlogix] [           main] javax.management.misc                    : Building MBeanInfo for sun.management.MemoryManagerImpl
2024-05-17T15:11:53.958+02:00 DEBUG 4684 --- [clothlogix] [           main] javax.management.mbeanserver             : ObjectName = java.lang:name=Metaspace Manager,type=MemoryManager
2024-05-17T15:11:53.958+02:00 DEBUG 4684 --- [clothlogix] [           main] javax.management.mbeanserver             : name = java.lang:name=Metaspace Manager,type=MemoryManager
2024-05-17T15:11:53.958+02:00 DEBUG 4684 --- [clothlogix] [           main] javax.management.mbeanserver             : Send create notification of object java.lang:name=Metaspace Manager,type=MemoryManager
2024-05-17T15:11:53.958+02:00 DEBUG 4684 --- [clothlogix] [           main] javax.management.mbeanserver             : JMX.mbean.registered java.lang:name=Metaspace Manager,type=MemoryManager
2024-05-17T15:11:53.958+02:00 DEBUG 4684 --- [clothlogix] [           main] javax.management.misc                    : Building MBeanInfo for sun.management.MemoryPoolImpl
2024-05-17T15:11:53.958+02:00 DEBUG 4684 --- [clothlogix] [           main] javax.management.mbeanserver             : ObjectName = java.lang:name=CodeHeap 'non-nmethods',type=MemoryPool
2024-05-17T15:11:53.958+02:00 DEBUG 4684 --- [clothlogix] [           main] javax.management.mbeanserver             : name = java.lang:name=CodeHeap 'non-nmethods',type=MemoryPool
2024-05-17T15:11:53.958+02:00 DEBUG 4684 --- [clothlogix] [           main] javax.management.mbeanserver             : Send create notification of object java.lang:name=CodeHeap 'non-nmethods',type=MemoryPool
2024-05-17T15:11:53.958+02:00 DEBUG 4684 --- [clothlogix] [           main] javax.management.mbeanserver             : JMX.mbean.registered java.lang:name=CodeHeap 'non-nmethods',type=MemoryPool
2024-05-17T15:11:53.958+02:00 DEBUG 4684 --- [clothlogix] [           main] javax.management.misc                    : Building MBeanInfo for sun.management.MemoryPoolImpl
2024-05-17T15:11:53.958+02:00 DEBUG 4684 --- [clothlogix] [           main] javax.management.mbeanserver             : ObjectName = java.lang:name=Metaspace,type=MemoryPool
2024-05-17T15:11:53.958+02:00 DEBUG 4684 --- [clothlogix] [           main] javax.management.mbeanserver             : name = java.lang:name=Metaspace,type=MemoryPool
2024-05-17T15:11:53.958+02:00 DEBUG 4684 --- [clothlogix] [           main] javax.management.mbeanserver             : Send create notification of object java.lang:name=Metaspace,type=MemoryPool
2024-05-17T15:11:53.958+02:00 DEBUG 4684 --- [clothlogix] [           main] javax.management.mbeanserver             : JMX.mbean.registered java.lang:name=Metaspace,type=MemoryPool
2024-05-17T15:11:53.958+02:00 DEBUG 4684 --- [clothlogix] [           main] javax.management.misc                    : Building MBeanInfo for sun.management.MemoryPoolImpl
2024-05-17T15:11:53.958+02:00 DEBUG 4684 --- [clothlogix] [           main] javax.management.mbeanserver             : ObjectName = java.lang:name=CodeHeap 'profiled nmethods',type=MemoryPool
2024-05-17T15:11:53.958+02:00 DEBUG 4684 --- [clothlogix] [           main] javax.management.mbeanserver             : name = java.lang:name=CodeHeap 'profiled nmethods',type=MemoryPool
2024-05-17T15:11:53.958+02:00 DEBUG 4684 --- [clothlogix] [           main] javax.management.mbeanserver             : Send create notification of object java.lang:name=CodeHeap 'profiled nmethods',type=MemoryPool
2024-05-17T15:11:53.958+02:00 DEBUG 4684 --- [clothlogix] [           main] javax.management.mbeanserver             : JMX.mbean.registered java.lang:name=CodeHeap 'profiled nmethods',type=MemoryPool
2024-05-17T15:11:53.958+02:00 DEBUG 4684 --- [clothlogix] [           main] javax.management.misc                    : Building MBeanInfo for sun.management.MemoryPoolImpl
2024-05-17T15:11:53.958+02:00 DEBUG 4684 --- [clothlogix] [           main] javax.management.mbeanserver             : ObjectName = java.lang:name=Compressed Class Space,type=MemoryPool
2024-05-17T15:11:53.958+02:00 DEBUG 4684 --- [clothlogix] [           main] javax.management.mbeanserver             : name = java.lang:name=Compressed Class Space,type=MemoryPool
2024-05-17T15:11:53.958+02:00 DEBUG 4684 --- [clothlogix] [           main] javax.management.mbeanserver             : Send create notification of object java.lang:name=Compressed Class Space,type=MemoryPool
2024-05-17T15:11:53.958+02:00 DEBUG 4684 --- [clothlogix] [           main] javax.management.mbeanserver             : JMX.mbean.registered java.lang:name=Compressed Class Space,type=MemoryPool
2024-05-17T15:11:53.958+02:00 DEBUG 4684 --- [clothlogix] [           main] javax.management.misc                    : Building MBeanInfo for sun.management.MemoryPoolImpl
2024-05-17T15:11:53.958+02:00 DEBUG 4684 --- [clothlogix] [           main] javax.management.mbeanserver             : ObjectName = java.lang:name=G1 Eden Space,type=MemoryPool
2024-05-17T15:11:53.958+02:00 DEBUG 4684 --- [clothlogix] [           main] javax.management.mbeanserver             : name = java.lang:name=G1 Eden Space,type=MemoryPool
2024-05-17T15:11:53.958+02:00 DEBUG 4684 --- [clothlogix] [           main] javax.management.mbeanserver             : Send create notification of object java.lang:name=G1 Eden Space,type=MemoryPool
2024-05-17T15:11:53.958+02:00 DEBUG 4684 --- [clothlogix] [           main] javax.management.mbeanserver             : JMX.mbean.registered java.lang:name=G1 Eden Space,type=MemoryPool
2024-05-17T15:11:53.958+02:00 DEBUG 4684 --- [clothlogix] [           main] javax.management.misc                    : Building MBeanInfo for sun.management.MemoryPoolImpl
2024-05-17T15:11:53.958+02:00 DEBUG 4684 --- [clothlogix] [           main] javax.management.mbeanserver             : ObjectName = java.lang:name=G1 Old Gen,type=MemoryPool
2024-05-17T15:11:53.958+02:00 DEBUG 4684 --- [clothlogix] [           main] javax.management.mbeanserver             : name = java.lang:name=G1 Old Gen,type=MemoryPool
2024-05-17T15:11:53.958+02:00 DEBUG 4684 --- [clothlogix] [           main] javax.management.mbeanserver             : Send create notification of object java.lang:name=G1 Old Gen,type=MemoryPool
2024-05-17T15:11:53.958+02:00 DEBUG 4684 --- [clothlogix] [           main] javax.management.mbeanserver             : JMX.mbean.registered java.lang:name=G1 Old Gen,type=MemoryPool
2024-05-17T15:11:53.958+02:00 DEBUG 4684 --- [clothlogix] [           main] javax.management.misc                    : Building MBeanInfo for sun.management.MemoryPoolImpl
2024-05-17T15:11:53.958+02:00 DEBUG 4684 --- [clothlogix] [           main] javax.management.mbeanserver             : ObjectName = java.lang:name=G1 Survivor Space,type=MemoryPool
2024-05-17T15:11:53.958+02:00 DEBUG 4684 --- [clothlogix] [           main] javax.management.mbeanserver             : name = java.lang:name=G1 Survivor Space,type=MemoryPool
2024-05-17T15:11:53.958+02:00 DEBUG 4684 --- [clothlogix] [           main] javax.management.mbeanserver             : Send create notification of object java.lang:name=G1 Survivor Space,type=MemoryPool
2024-05-17T15:11:53.962+02:00 DEBUG 4684 --- [clothlogix] [           main] javax.management.mbeanserver             : JMX.mbean.registered java.lang:name=G1 Survivor Space,type=MemoryPool
2024-05-17T15:11:53.962+02:00 DEBUG 4684 --- [clothlogix] [           main] javax.management.misc                    : Building MBeanInfo for sun.management.MemoryPoolImpl
2024-05-17T15:11:53.962+02:00 DEBUG 4684 --- [clothlogix] [           main] javax.management.mbeanserver             : ObjectName = java.lang:name=CodeHeap 'non-profiled nmethods',type=MemoryPool
2024-05-17T15:11:53.962+02:00 DEBUG 4684 --- [clothlogix] [           main] javax.management.mbeanserver             : name = java.lang:name=CodeHeap 'non-profiled nmethods',type=MemoryPool
2024-05-17T15:11:53.962+02:00 DEBUG 4684 --- [clothlogix] [           main] javax.management.mbeanserver             : Send create notification of object java.lang:name=CodeHeap 'non-profiled nmethods',type=MemoryPool
2024-05-17T15:11:53.962+02:00 DEBUG 4684 --- [clothlogix] [           main] javax.management.mbeanserver             : JMX.mbean.registered java.lang:name=CodeHeap 'non-profiled nmethods',type=MemoryPool
2024-05-17T15:11:53.962+02:00 DEBUG 4684 --- [clothlogix] [           main] javax.management.misc                    : Building MBeanInfo for sun.management.CompilationImpl
2024-05-17T15:11:53.962+02:00 DEBUG 4684 --- [clothlogix] [           main] javax.management.mbeanserver             : ObjectName = java.lang:type=Compilation
2024-05-17T15:11:53.962+02:00 DEBUG 4684 --- [clothlogix] [           main] javax.management.mbeanserver             : name = java.lang:type=Compilation
2024-05-17T15:11:53.962+02:00 DEBUG 4684 --- [clothlogix] [           main] javax.management.mbeanserver             : Send create notification of object java.lang:type=Compilation
2024-05-17T15:11:53.962+02:00 DEBUG 4684 --- [clothlogix] [           main] javax.management.mbeanserver             : JMX.mbean.registered java.lang:type=Compilation
2024-05-17T15:11:53.962+02:00 DEBUG 4684 --- [clothlogix] [           main] javax.management.misc                    : Building MBeanInfo for sun.management.MemoryImpl
2024-05-17T15:11:53.962+02:00 DEBUG 4684 --- [clothlogix] [           main] javax.management.mbeanserver             : ObjectName = java.lang:type=Memory
2024-05-17T15:11:53.962+02:00 DEBUG 4684 --- [clothlogix] [           main] javax.management.mbeanserver             : name = java.lang:type=Memory
2024-05-17T15:11:53.962+02:00 DEBUG 4684 --- [clothlogix] [           main] javax.management.mbeanserver             : Send create notification of object java.lang:type=Memory
2024-05-17T15:11:53.962+02:00 DEBUG 4684 --- [clothlogix] [           main] javax.management.mbeanserver             : JMX.mbean.registered java.lang:type=Memory
2024-05-17T15:11:53.966+02:00 DEBUG 4684 --- [clothlogix] [           main] javax.management.misc                    : Building MBeanInfo for sun.management.ManagementFactoryHelper$PlatformLoggingImpl
2024-05-17T15:11:53.966+02:00 DEBUG 4684 --- [clothlogix] [           main] javax.management.mbeanserver             : ObjectName = java.util.logging:type=Logging
2024-05-17T15:11:53.966+02:00 DEBUG 4684 --- [clothlogix] [           main] javax.management.mbeanserver             : name = java.util.logging:type=Logging
2024-05-17T15:11:53.966+02:00 DEBUG 4684 --- [clothlogix] [           main] javax.management.mbeanserver             : Send create notification of object java.util.logging:type=Logging
2024-05-17T15:11:53.966+02:00 DEBUG 4684 --- [clothlogix] [           main] javax.management.mbeanserver             : JMX.mbean.registered java.util.logging:type=Logging
2024-05-17T15:11:53.966+02:00 DEBUG 4684 --- [clothlogix] [           main] javax.management.misc                    : Building MBeanInfo for sun.management.ClassLoadingImpl
2024-05-17T15:11:53.966+02:00 DEBUG 4684 --- [clothlogix] [           main] javax.management.mbeanserver             : ObjectName = java.lang:type=ClassLoading
2024-05-17T15:11:53.966+02:00 DEBUG 4684 --- [clothlogix] [           main] javax.management.mbeanserver             : name = java.lang:type=ClassLoading
2024-05-17T15:11:53.966+02:00 DEBUG 4684 --- [clothlogix] [           main] javax.management.mbeanserver             : Send create notification of object java.lang:type=ClassLoading
2024-05-17T15:11:53.966+02:00 DEBUG 4684 --- [clothlogix] [           main] javax.management.mbeanserver             : JMX.mbean.registered java.lang:type=ClassLoading
2024-05-17T15:11:54.022+02:00 DEBUG 4684 --- [clothlogix] [           main] javax.management.mbeanserver             : ObjectName = com.sun.management:type=DiagnosticCommand
2024-05-17T15:11:54.022+02:00 DEBUG 4684 --- [clothlogix] [           main] javax.management.mbeanserver             : name = com.sun.management:type=DiagnosticCommand
2024-05-17T15:11:54.022+02:00 DEBUG 4684 --- [clothlogix] [           main] javax.management.mbeanserver             : Send create notification of object com.sun.management:type=DiagnosticCommand
2024-05-17T15:11:54.022+02:00 DEBUG 4684 --- [clothlogix] [           main] javax.management.mbeanserver             : JMX.mbean.registered com.sun.management:type=DiagnosticCommand
2024-05-17T15:11:54.022+02:00 DEBUG 4684 --- [clothlogix] [           main] javax.management.misc                    : Building MBeanInfo for com.sun.management.internal.GarbageCollectorExtImpl
2024-05-17T15:11:54.022+02:00 DEBUG 4684 --- [clothlogix] [           main] javax.management.mbeanserver             : ObjectName = java.lang:name=G1 Young Generation,type=GarbageCollector
2024-05-17T15:11:54.022+02:00 DEBUG 4684 --- [clothlogix] [           main] javax.management.mbeanserver             : name = java.lang:name=G1 Young Generation,type=GarbageCollector
2024-05-17T15:11:54.022+02:00 DEBUG 4684 --- [clothlogix] [           main] javax.management.mbeanserver             : Send create notification of object java.lang:name=G1 Young Generation,type=GarbageCollector
2024-05-17T15:11:54.022+02:00 DEBUG 4684 --- [clothlogix] [           main] javax.management.mbeanserver             : JMX.mbean.registered java.lang:name=G1 Young Generation,type=GarbageCollector
2024-05-17T15:11:54.022+02:00 DEBUG 4684 --- [clothlogix] [           main] javax.management.misc                    : Building MBeanInfo for com.sun.management.internal.GarbageCollectorExtImpl
2024-05-17T15:11:54.022+02:00 DEBUG 4684 --- [clothlogix] [           main] javax.management.mbeanserver             : ObjectName = java.lang:name=G1 Old Generation,type=GarbageCollector
2024-05-17T15:11:54.022+02:00 DEBUG 4684 --- [clothlogix] [           main] javax.management.mbeanserver             : name = java.lang:name=G1 Old Generation,type=GarbageCollector
2024-05-17T15:11:54.022+02:00 DEBUG 4684 --- [clothlogix] [           main] javax.management.mbeanserver             : Send create notification of object java.lang:name=G1 Old Generation,type=GarbageCollector
2024-05-17T15:11:54.022+02:00 DEBUG 4684 --- [clothlogix] [           main] javax.management.mbeanserver             : JMX.mbean.registered java.lang:name=G1 Old Generation,type=GarbageCollector
2024-05-17T15:11:54.027+02:00 DEBUG 4684 --- [clothlogix] [           main] javax.management.misc                    : Building MBeanInfo for com.sun.management.internal.HotSpotDiagnostic
2024-05-17T15:11:54.027+02:00 DEBUG 4684 --- [clothlogix] [           main] javax.management.mbeanserver             : ObjectName = com.sun.management:type=HotSpotDiagnostic
2024-05-17T15:11:54.027+02:00 DEBUG 4684 --- [clothlogix] [           main] javax.management.mbeanserver             : name = com.sun.management:type=HotSpotDiagnostic
2024-05-17T15:11:54.027+02:00 DEBUG 4684 --- [clothlogix] [           main] javax.management.mbeanserver             : Send create notification of object com.sun.management:type=HotSpotDiagnostic
2024-05-17T15:11:54.027+02:00 DEBUG 4684 --- [clothlogix] [           main] javax.management.mbeanserver             : JMX.mbean.registered com.sun.management:type=HotSpotDiagnostic
2024-05-17T15:11:54.027+02:00 DEBUG 4684 --- [clothlogix] [           main] javax.management.misc                    : Building MBeanInfo for sun.management.ManagementFactoryHelper$1
2024-05-17T15:11:54.027+02:00 DEBUG 4684 --- [clothlogix] [           main] javax.management.mbeanserver             : ObjectName = java.nio:name=mapped,type=BufferPool
2024-05-17T15:11:54.027+02:00 DEBUG 4684 --- [clothlogix] [           main] javax.management.mbeanserver             : name = java.nio:name=mapped,type=BufferPool
2024-05-17T15:11:54.027+02:00 DEBUG 4684 --- [clothlogix] [           main] javax.management.mbeanserver             : Send create notification of object java.nio:name=mapped,type=BufferPool
2024-05-17T15:11:54.027+02:00 DEBUG 4684 --- [clothlogix] [           main] javax.management.mbeanserver             : JMX.mbean.registered java.nio:name=mapped,type=BufferPool
2024-05-17T15:11:54.027+02:00 DEBUG 4684 --- [clothlogix] [           main] javax.management.misc                    : Building MBeanInfo for sun.management.ManagementFactoryHelper$1
2024-05-17T15:11:54.027+02:00 DEBUG 4684 --- [clothlogix] [           main] javax.management.mbeanserver             : ObjectName = java.nio:name=direct,type=BufferPool
2024-05-17T15:11:54.027+02:00 DEBUG 4684 --- [clothlogix] [           main] javax.management.mbeanserver             : name = java.nio:name=direct,type=BufferPool
2024-05-17T15:11:54.027+02:00 DEBUG 4684 --- [clothlogix] [           main] javax.management.mbeanserver             : Send create notification of object java.nio:name=direct,type=BufferPool
2024-05-17T15:11:54.027+02:00 DEBUG 4684 --- [clothlogix] [           main] javax.management.mbeanserver             : JMX.mbean.registered java.nio:name=direct,type=BufferPool
2024-05-17T15:11:54.027+02:00 DEBUG 4684 --- [clothlogix] [           main] javax.management.misc                    : Building MBeanInfo for sun.management.ManagementFactoryHelper$1
2024-05-17T15:11:54.027+02:00 DEBUG 4684 --- [clothlogix] [           main] javax.management.mbeanserver             : ObjectName = java.nio:name=mapped - 'non-volatile memory',type=BufferPool
2024-05-17T15:11:54.027+02:00 DEBUG 4684 --- [clothlogix] [           main] javax.management.mbeanserver             : name = java.nio:name=mapped - 'non-volatile memory',type=BufferPool
2024-05-17T15:11:54.027+02:00 DEBUG 4684 --- [clothlogix] [           main] javax.management.mbeanserver             : Send create notification of object java.nio:name=mapped - 'non-volatile memory',type=BufferPool
2024-05-17T15:11:54.027+02:00 DEBUG 4684 --- [clothlogix] [           main] javax.management.mbeanserver             : JMX.mbean.registered java.nio:name=mapped - 'non-volatile memory',type=BufferPool
2024-05-17T15:11:54.032+02:00 DEBUG 4684 --- [clothlogix] [           main] javax.management.misc                    : Building MBeanInfo for jdk.management.jfr.FlightRecorderMXBeanImpl
2024-05-17T15:11:54.032+02:00 DEBUG 4684 --- [clothlogix] [           main] javax.management.mbeanserver             : ObjectName = jdk.management.jfr:type=FlightRecorder
2024-05-17T15:11:54.032+02:00 DEBUG 4684 --- [clothlogix] [           main] javax.management.mbeanserver             : name = jdk.management.jfr:type=FlightRecorder
2024-05-17T15:11:54.032+02:00 DEBUG 4684 --- [clothlogix] [           main] javax.management.mbeanserver             : Send create notification of object jdk.management.jfr:type=FlightRecorder
2024-05-17T15:11:54.032+02:00 DEBUG 4684 --- [clothlogix] [           main] javax.management.mbeanserver             : JMX.mbean.registered jdk.management.jfr:type=FlightRecorder
2024-05-17T15:11:54.212+02:00 DEBUG 4684 --- [clothlogix] [           main] o.h.e.j.e.i.JdbcEnvironmentInitiator     : Database ->
       name : MySQL
    version : 8.0.37
      major : 8
      minor : 0
2024-05-17T15:11:54.212+02:00 DEBUG 4684 --- [clothlogix] [           main] o.h.e.j.e.i.JdbcEnvironmentInitiator     : Driver ->
       name : MySQL Connector/J
    version : mysql-connector-j-8.3.0 (Revision: 805f872a57875f311cb82487efcfb070411a3fa0)
      major : 8
      minor : 3
2024-05-17T15:11:54.212+02:00 DEBUG 4684 --- [clothlogix] [           main] o.h.e.j.e.i.JdbcEnvironmentInitiator     : JDBC version : 4.2
2024-05-17T15:11:54.257+02:00 DEBUG 4684 --- [clothlogix] [           main] org.hibernate.orm.dialect                : HHH035001: Using dialect: org.hibernate.dialect.MySQLDialect, version: 8.0.37
2024-05-17T15:11:54.262+02:00 DEBUG 4684 --- [clothlogix] [           main] o.h.e.j.env.spi.IdentifierHelperBuilder  : JDBC driver metadata reported database stores quoted identifiers in more than one case
2024-05-17T15:11:54.262+02:00 DEBUG 4684 --- [clothlogix] [           main] o.h.e.j.env.spi.IdentifierHelperBuilder  : IdentifierCaseStrategy for both quoted and unquoted identifiers was set to the same strategy [LOWER]; that will likely lead to problems in schema update and validation if using quoted identifiers
2024-05-17T15:11:54.262+02:00 TRACE 4684 --- [clothlogix] [           main] .e.j.e.i.NormalizingIdentifierHelperImpl : Normalizing identifier quoting [clothlogix]
2024-05-17T15:11:54.262+02:00 TRACE 4684 --- [clothlogix] [           main] .e.j.e.i.NormalizingIdentifierHelperImpl : Normalizing identifier quoting [null]
2024-05-17T15:11:54.262+02:00 TRACE 4684 --- [clothlogix] [           main] o.h.s.i.AbstractServiceRegistryImpl      : Initializing service [role=org.hibernate.engine.jdbc.spi.JdbcServices]
2024-05-17T15:11:54.267+02:00 TRACE 4684 --- [clothlogix] [           main] o.h.s.i.AbstractServiceRegistryImpl      : Initializing service [role=org.hibernate.engine.jdbc.spi.SqlStatementLogger]
2024-05-17T15:11:54.267+02:00 TRACE 4684 --- [clothlogix] [           main] o.h.s.i.AbstractServiceRegistryImpl      : Initializing service [role=org.hibernate.sql.ast.spi.ParameterMarkerStrategy]
2024-05-17T15:11:54.267+02:00 DEBUG 4684 --- [clothlogix] [           main] o.h.t.d.sql.spi.DdlTypeRegistry          : addDescriptor(12, org.hibernate.type.descriptor.sql.internal.CapacityDependentDdlType@55c03e4) replaced previous registration(org.hibernate.type.descriptor.sql.internal.CapacityDependentDdlType@14df5253)
2024-05-17T15:11:54.267+02:00 DEBUG 4684 --- [clothlogix] [           main] o.h.t.d.sql.spi.DdlTypeRegistry          : addDescriptor(-9, org.hibernate.type.descriptor.sql.internal.CapacityDependentDdlType@605eb072) replaced previous registration(org.hibernate.type.descriptor.sql.internal.CapacityDependentDdlType@7a0f06ad)
2024-05-17T15:11:54.267+02:00 DEBUG 4684 --- [clothlogix] [           main] o.h.t.d.sql.spi.DdlTypeRegistry          : addDescriptor(-3, org.hibernate.type.descriptor.sql.internal.CapacityDependentDdlType@1fa9692b) replaced previous registration(org.hibernate.type.descriptor.sql.internal.CapacityDependentDdlType@710afd47)
2024-05-17T15:11:54.267+02:00 DEBUG 4684 --- [clothlogix] [           main] o.h.t.d.sql.spi.DdlTypeRegistry          : addDescriptor(4003, org.hibernate.type.descriptor.sql.internal.DdlTypeImpl@64420e34) replaced previous registration(org.hibernate.type.descriptor.sql.internal.DdlTypeImpl@667a467f)
2024-05-17T15:11:54.267+02:00 DEBUG 4684 --- [clothlogix] [           main] o.h.t.d.sql.spi.DdlTypeRegistry          : addDescriptor(4001, org.hibernate.type.descriptor.sql.internal.DdlTypeImpl@324e8baa) replaced previous registration(org.hibernate.type.descriptor.sql.internal.DdlTypeImpl@1488a861)
2024-05-17T15:11:54.267+02:00 DEBUG 4684 --- [clothlogix] [           main] o.h.t.d.sql.spi.DdlTypeRegistry          : addDescriptor(4002, org.hibernate.type.descriptor.sql.internal.DdlTypeImpl@604f376a) replaced previous registration(org.hibernate.type.descriptor.sql.internal.DdlTypeImpl@5432dca2)
2024-05-17T15:11:54.267+02:00 DEBUG 4684 --- [clothlogix] [           main] o.h.t.d.sql.spi.DdlTypeRegistry          : addDescriptor(2004, org.hibernate.type.descriptor.sql.internal.CapacityDependentDdlType@12670e55) replaced previous registration(org.hibernate.type.descriptor.sql.internal.DdlTypeImpl@43fd77d8)
2024-05-17T15:11:54.267+02:00 DEBUG 4684 --- [clothlogix] [           main] o.h.t.d.sql.spi.DdlTypeRegistry          : addDescriptor(2005, org.hibernate.type.descriptor.sql.internal.CapacityDependentDdlType@5a90fcaa) replaced previous registration(org.hibernate.type.descriptor.sql.internal.DdlTypeImpl@1805ec96)
2024-05-17T15:11:54.267+02:00 DEBUG 4684 --- [clothlogix] [           main] o.h.t.d.sql.spi.DdlTypeRegistry          : addDescriptor(2011, org.hibernate.type.descriptor.sql.internal.CapacityDependentDdlType@32ba5c65) replaced previous registration(org.hibernate.type.descriptor.sql.internal.DdlTypeImpl@1ad1be5d)
2024-05-17T15:11:54.272+02:00 DEBUG 4684 --- [clothlogix] [           main] o.h.t.d.jdbc.spi.JdbcTypeRegistry        : addDescriptor(NCharTypeDescriptor) replaced previous registration(CharTypeDescriptor)
2024-05-17T15:11:54.272+02:00 DEBUG 4684 --- [clothlogix] [           main] o.h.t.d.jdbc.spi.JdbcTypeRegistry        : addDescriptor(NVarcharTypeDescriptor) replaced previous registration(VarcharTypeDescriptor)
2024-05-17T15:11:54.272+02:00 DEBUG 4684 --- [clothlogix] [           main] o.h.t.d.jdbc.spi.JdbcTypeRegistry        : addDescriptor(LongNVarcharTypeDescriptor) replaced previous registration(LongVarcharTypeDescriptor)
2024-05-17T15:11:54.272+02:00 DEBUG 4684 --- [clothlogix] [           main] o.h.t.d.jdbc.spi.JdbcTypeRegistry        : addDescriptor(NClobTypeDescriptor(DEFAULT)) replaced previous registration(ClobTypeDescriptor(DEFAULT))
2024-05-17T15:11:54.272+02:00 DEBUG 4684 --- [clothlogix] [           main] o.h.t.d.jdbc.spi.JdbcTypeRegistry        : addDescriptor(2005, ClobTypeDescriptor(STREAM_BINDING)) replaced previous registration(ClobTypeDescriptor(DEFAULT))
2024-05-17T15:11:54.272+02:00 DEBUG 4684 --- [clothlogix] [           main] org.hibernate.type.BasicTypeRegistry     : Adding type registration null -> org.hibernate.type.NullType@1cc93da4
2024-05-17T15:11:54.272+02:00 DEBUG 4684 --- [clothlogix] [           main] org.hibernate.type.BasicTypeRegistry     : Type registration key [null] overrode previous entry : `org.hibernate.type.NullType@66f16742`
2024-05-17T15:11:54.277+02:00 DEBUG 4684 --- [clothlogix] [           main] org.hibernate.type.BasicTypeRegistry     : Adding type registration org.hibernate.type.DurationType -> basicType@1(java.time.Duration,3015)
2024-05-17T15:11:54.277+02:00 DEBUG 4684 --- [clothlogix] [           main] org.hibernate.type.BasicTypeRegistry     : Adding type registration Duration -> basicType@1(java.time.Duration,3015)
2024-05-17T15:11:54.277+02:00 DEBUG 4684 --- [clothlogix] [           main] org.hibernate.type.BasicTypeRegistry     : Adding type registration java.time.Duration -> basicType@1(java.time.Duration,3015)
2024-05-17T15:11:54.277+02:00 DEBUG 4684 --- [clothlogix] [           main] org.hibernate.type.BasicTypeRegistry     : Adding type registration org.hibernate.type.OffsetDateTimeType -> basicType@2(java.time.OffsetDateTime,3003)
2024-05-17T15:11:54.277+02:00 DEBUG 4684 --- [clothlogix] [           main] org.hibernate.type.BasicTypeRegistry     : Adding type registration OffsetDateTime -> basicType@2(java.time.OffsetDateTime,3003)
2024-05-17T15:11:54.277+02:00 DEBUG 4684 --- [clothlogix] [           main] org.hibernate.type.BasicTypeRegistry     : Adding type registration java.time.OffsetDateTime -> basicType@2(java.time.OffsetDateTime,3003)
2024-05-17T15:11:54.277+02:00 DEBUG 4684 --- [clothlogix] [           main] org.hibernate.type.BasicTypeRegistry     : Adding type registration org.hibernate.type.ZonedDateTimeType -> basicType@3(java.time.ZonedDateTime,3003)
2024-05-17T15:11:54.277+02:00 DEBUG 4684 --- [clothlogix] [           main] org.hibernate.type.BasicTypeRegistry     : Adding type registration ZonedDateTime -> basicType@3(java.time.ZonedDateTime,3003)
2024-05-17T15:11:54.277+02:00 DEBUG 4684 --- [clothlogix] [           main] org.hibernate.type.BasicTypeRegistry     : Adding type registration java.time.ZonedDateTime -> basicType@3(java.time.ZonedDateTime,3003)
2024-05-17T15:11:54.277+02:00 DEBUG 4684 --- [clothlogix] [           main] org.hibernate.type.BasicTypeRegistry     : Adding type registration org.hibernate.type.OffsetTimeType -> basicType@4(java.time.OffsetTime,3007)
2024-05-17T15:11:54.277+02:00 DEBUG 4684 --- [clothlogix] [           main] org.hibernate.type.BasicTypeRegistry     : Adding type registration OffsetTime -> basicType@4(java.time.OffsetTime,3007)
2024-05-17T15:11:54.277+02:00 DEBUG 4684 --- [clothlogix] [           main] org.hibernate.type.BasicTypeRegistry     : Adding type registration java.time.OffsetTime -> basicType@4(java.time.OffsetTime,3007)
2024-05-17T15:11:54.282+02:00 DEBUG 4684 --- [clothlogix] [           main] o.h.type.spi.TypeConfiguration$Scope     : Scoping TypeConfiguration [org.hibernate.type.spi.TypeConfiguration@5dd747c1] to MetadataBuildingContext [org.hibernate.boot.internal.MetadataBuildingContextRootImpl@1bdafb01]
2024-05-17T15:11:54.302+02:00 DEBUG 4684 --- [clothlogix] [           main] o.h.boot.model.relational.Namespace      : Created database namespace [logicalName=Name{catalog=null, schema=null}, physicalName=Name{catalog=null, schema=null}]
2024-05-17T15:11:54.312+02:00 DEBUG 4684 --- [clothlogix] [           main] o.h.boot.model.internal.EntityBinder     : Binding entity from annotated class: com.fabless.clothlogix.model.entities.ColoreEntity
2024-05-17T15:11:54.322+02:00 DEBUG 4684 --- [clothlogix] [           main] o.h.boot.model.internal.EntityBinder     : Import with entity name ColoreEntity
2024-05-17T15:11:54.322+02:00 TRACE 4684 --- [clothlogix] [           main] o.h.b.i.InFlightMetadataCollectorImpl    : Import: ColoreEntity -> com.fabless.clothlogix.model.entities.ColoreEntity
2024-05-17T15:11:54.322+02:00 TRACE 4684 --- [clothlogix] [           main] o.h.b.i.InFlightMetadataCollectorImpl    : Import: com.fabless.clothlogix.model.entities.ColoreEntity -> com.fabless.clothlogix.model.entities.ColoreEntity
2024-05-17T15:11:54.322+02:00 TRACE 4684 --- [clothlogix] [           main] .e.j.e.i.NormalizingIdentifierHelperImpl : Normalizing identifier quoting [colore]
2024-05-17T15:11:54.324+02:00 TRACE 4684 --- [clothlogix] [           main] .e.j.e.i.NormalizingIdentifierHelperImpl : Normalizing identifier quoting [colore]
2024-05-17T15:11:54.327+02:00 DEBUG 4684 --- [clothlogix] [           main] o.h.boot.model.internal.EntityBinder     : Bind entity com.fabless.clothlogix.model.entities.ColoreEntity on table colore
2024-05-17T15:11:54.327+02:00 TRACE 4684 --- [clothlogix] [           main] .e.j.e.i.NormalizingIdentifierHelperImpl : Normalizing identifier quoting [DTYPE]
2024-05-17T15:11:54.327+02:00 DEBUG 4684 --- [clothlogix] [           main] o.h.boot.model.internal.AnnotatedColumn  : Binding column: AnnotatedDiscriminatorColumn(column='DTYPE')
2024-05-17T15:11:54.342+02:00 TRACE 4684 --- [clothlogix] [           main] o.h.boot.model.internal.PropertyBinder   : Processing annotations of com.fabless.clothlogix.model.entities.ColoreEntity.id
2024-05-17T15:11:54.342+02:00 TRACE 4684 --- [clothlogix] [           main] .e.j.e.i.NormalizingIdentifierHelperImpl : Normalizing identifier quoting [id]
2024-05-17T15:11:54.342+02:00 TRACE 4684 --- [clothlogix] [           main] .e.j.e.i.NormalizingIdentifierHelperImpl : Normalizing identifier quoting [id]
2024-05-17T15:11:54.342+02:00 DEBUG 4684 --- [clothlogix] [           main] o.h.boot.model.internal.AnnotatedColumn  : Binding column: AnnotatedColumn(column='id')
2024-05-17T15:11:54.352+02:00 DEBUG 4684 --- [clothlogix] [           main] o.h.boot.internal.ClassLoaderAccessImpl  : Not known whether passed class name [com.fabless.clothlogix.model.entities.ColoreEntity] is safe
2024-05-17T15:11:54.352+02:00 DEBUG 4684 --- [clothlogix] [           main] o.h.boot.internal.ClassLoaderAccessImpl  : No temp ClassLoader provided; using live ClassLoader for loading potentially unsafe class : com.fabless.clothlogix.model.entities.ColoreEntity
2024-05-17T15:11:54.356+02:00 DEBUG 4684 --- [clothlogix] [           main] o.h.boot.model.internal.PropertyBinder   : MetadataSourceProcessor property id with lazy=false
2024-05-17T15:11:54.362+02:00 DEBUG 4684 --- [clothlogix] [           main] o.h.b.m.internal.AbstractPropertyHolder  : Attempting to locate auto-apply AttributeConverter for property [com.fabless.clothlogix.model.entities.ColoreEntity:id]
2024-05-17T15:11:54.365+02:00 DEBUG 4684 --- [clothlogix] [           main] o.h.b.model.internal.BasicValueBinder    : building BasicValue for id
2024-05-17T15:11:54.365+02:00 DEBUG 4684 --- [clothlogix] [           main] org.hibernate.mapping.BasicValue         : Skipping column re-registration: colore.id
2024-05-17T15:11:54.365+02:00 TRACE 4684 --- [clothlogix] [           main] .e.j.e.i.NormalizingIdentifierHelperImpl : Normalizing identifier quoting [id]
2024-05-17T15:11:54.372+02:00 DEBUG 4684 --- [clothlogix] [           main] o.h.boot.model.internal.PropertyBinder   : Building property id
2024-05-17T15:11:54.372+02:00 TRACE 4684 --- [clothlogix] [           main] o.h.boot.model.internal.PropertyBinder   : Cascading id with null
2024-05-17T15:11:54.372+02:00 DEBUG 4684 --- [clothlogix] [           main] o.h.boot.model.internal.BinderHelper     : #makeIdGenerator(BasicValue([Column(id)]), id, identity, , ...)
2024-05-17T15:11:54.372+02:00 TRACE 4684 --- [clothlogix] [           main] o.h.boot.model.internal.PropertyBinder   : Bind @Id on id
2024-05-17T15:11:54.372+02:00 TRACE 4684 --- [clothlogix] [           main] o.h.boot.model.internal.PropertyBinder   : Processing annotations of com.fabless.clothlogix.model.entities.ColoreEntity.descrizione
2024-05-17T15:11:54.372+02:00 TRACE 4684 --- [clothlogix] [           main] .e.j.e.i.NormalizingIdentifierHelperImpl : Normalizing identifier quoting [descrizione]
2024-05-17T15:11:54.372+02:00 TRACE 4684 --- [clothlogix] [           main] .e.j.e.i.NormalizingIdentifierHelperImpl : Normalizing identifier quoting [descrizione]
2024-05-17T15:11:54.372+02:00 DEBUG 4684 --- [clothlogix] [           main] o.h.boot.model.internal.AnnotatedColumn  : Binding column: AnnotatedColumn(column='descrizione')
2024-05-17T15:11:54.372+02:00 DEBUG 4684 --- [clothlogix] [           main] o.h.boot.model.internal.PropertyBinder   : MetadataSourceProcessor property descrizione with lazy=false
2024-05-17T15:11:54.372+02:00 DEBUG 4684 --- [clothlogix] [           main] o.h.b.m.internal.AbstractPropertyHolder  : Attempting to locate auto-apply AttributeConverter for property [com.fabless.clothlogix.model.entities.ColoreEntity:descrizione]
2024-05-17T15:11:54.372+02:00 DEBUG 4684 --- [clothlogix] [           main] o.h.b.model.internal.BasicValueBinder    : building BasicValue for descrizione
2024-05-17T15:11:54.372+02:00 DEBUG 4684 --- [clothlogix] [           main] org.hibernate.mapping.BasicValue         : Skipping column re-registration: colore.descrizione
2024-05-17T15:11:54.372+02:00 TRACE 4684 --- [clothlogix] [           main] .e.j.e.i.NormalizingIdentifierHelperImpl : Normalizing identifier quoting [descrizione]
2024-05-17T15:11:54.372+02:00 DEBUG 4684 --- [clothlogix] [           main] o.h.boot.model.internal.PropertyBinder   : Building property descrizione
2024-05-17T15:11:54.372+02:00 TRACE 4684 --- [clothlogix] [           main] o.h.boot.model.internal.PropertyBinder   : Cascading descrizione with null
2024-05-17T15:11:54.372+02:00 TRACE 4684 --- [clothlogix] [           main] o.h.boot.model.internal.PropertyBinder   : Processing annotations of com.fabless.clothlogix.model.entities.ColoreEntity.prodotti
2024-05-17T15:11:54.388+02:00 TRACE 4684 --- [clothlogix] [           main] .e.j.e.i.NormalizingIdentifierHelperImpl : Normalizing identifier quoting [prodotti_ORDER]
2024-05-17T15:11:54.388+02:00 DEBUG 4684 --- [clothlogix] [           main] o.h.boot.model.internal.AnnotatedColumn  : Binding column: IndexColumn(column='prodotti_ORDER')
2024-05-17T15:11:54.393+02:00 TRACE 4684 --- [clothlogix] [           main] .e.j.e.i.NormalizingIdentifierHelperImpl : Normalizing identifier quoting [element]
2024-05-17T15:11:54.393+02:00 TRACE 4684 --- [clothlogix] [           main] .e.j.e.i.NormalizingIdentifierHelperImpl : Normalizing identifier quoting [element]
2024-05-17T15:11:54.393+02:00 DEBUG 4684 --- [clothlogix] [           main] o.h.boot.model.internal.AnnotatedColumn  : Binding column: AnnotatedColumn()
2024-05-17T15:11:54.393+02:00 TRACE 4684 --- [clothlogix] [           main] .e.j.e.i.NormalizingIdentifierHelperImpl : Normalizing identifier quoting [prodotti_KEY]
2024-05-17T15:11:54.393+02:00 DEBUG 4684 --- [clothlogix] [           main] o.h.boot.model.internal.AnnotatedColumn  : Binding column: AnnotatedColumn(column='prodotti_KEY')
2024-05-17T15:11:54.393+02:00 TRACE 4684 --- [clothlogix] [           main] .e.j.e.i.NormalizingIdentifierHelperImpl : Normalizing identifier quoting [prodotti_KEY]
2024-05-17T15:11:54.393+02:00 DEBUG 4684 --- [clothlogix] [           main] o.h.boot.model.internal.AnnotatedColumn  : Binding column: AnnotatedJoinColumn(column='prodotti_KEY')
2024-05-17T15:11:54.393+02:00 DEBUG 4684 --- [clothlogix] [           main] o.h.boot.model.internal.AnnotatedColumn  : Binding column: AnnotatedJoinColumn()
2024-05-17T15:11:54.393+02:00 DEBUG 4684 --- [clothlogix] [           main] o.h.boot.model.internal.AnnotatedColumn  : Binding column: AnnotatedJoinColumn()
2024-05-17T15:11:54.393+02:00 DEBUG 4684 --- [clothlogix] [           main] o.h.b.model.internal.CollectionBinder    : Collection role: com.fabless.clothlogix.model.entities.ColoreEntity.prodotti
2024-05-17T15:11:54.393+02:00 DEBUG 4684 --- [clothlogix] [           main] o.h.boot.model.internal.PropertyBinder   : Building property prodotti
2024-05-17T15:11:54.393+02:00 TRACE 4684 --- [clothlogix] [           main] o.h.boot.model.internal.PropertyBinder   : Cascading prodotti with none
2024-05-17T15:11:54.402+02:00 DEBUG 4684 --- [clothlogix] [           main] o.h.b.r.c.i.ClassLoaderServiceImpl       : HHH000194: Package not found or wo package-info.java: com.fabless.clothlogix.model.entities
2024-05-17T15:11:54.404+02:00 DEBUG 4684 --- [clothlogix] [           main] o.h.boot.model.internal.EntityBinder     : Binding entity from annotated class: com.fabless.clothlogix.model.entities.LoginEntity
2024-05-17T15:11:54.404+02:00 DEBUG 4684 --- [clothlogix] [           main] o.h.boot.model.internal.EntityBinder     : Import with entity name LoginEntity
2024-05-17T15:11:54.404+02:00 TRACE 4684 --- [clothlogix] [           main] o.h.b.i.InFlightMetadataCollectorImpl    : Import: LoginEntity -> com.fabless.clothlogix.model.entities.LoginEntity
2024-05-17T15:11:54.404+02:00 TRACE 4684 --- [clothlogix] [           main] o.h.b.i.InFlightMetadataCollectorImpl    : Import: com.fabless.clothlogix.model.entities.LoginEntity -> com.fabless.clothlogix.model.entities.LoginEntity
2024-05-17T15:11:54.404+02:00 TRACE 4684 --- [clothlogix] [           main] .e.j.e.i.NormalizingIdentifierHelperImpl : Normalizing identifier quoting [login]
2024-05-17T15:11:54.404+02:00 TRACE 4684 --- [clothlogix] [           main] .e.j.e.i.NormalizingIdentifierHelperImpl : Normalizing identifier quoting [login]
2024-05-17T15:11:54.404+02:00 DEBUG 4684 --- [clothlogix] [           main] o.h.boot.model.internal.EntityBinder     : Bind entity com.fabless.clothlogix.model.entities.LoginEntity on table login
2024-05-17T15:11:54.404+02:00 TRACE 4684 --- [clothlogix] [           main] .e.j.e.i.NormalizingIdentifierHelperImpl : Normalizing identifier quoting [DTYPE]
2024-05-17T15:11:54.404+02:00 DEBUG 4684 --- [clothlogix] [           main] o.h.boot.model.internal.AnnotatedColumn  : Binding column: AnnotatedDiscriminatorColumn(column='DTYPE')
2024-05-17T15:11:54.404+02:00 TRACE 4684 --- [clothlogix] [           main] o.h.boot.model.internal.PropertyBinder   : Processing annotations of com.fabless.clothlogix.model.entities.LoginEntity.id
2024-05-17T15:11:54.404+02:00 TRACE 4684 --- [clothlogix] [           main] .e.j.e.i.NormalizingIdentifierHelperImpl : Normalizing identifier quoting [id]
2024-05-17T15:11:54.404+02:00 TRACE 4684 --- [clothlogix] [           main] .e.j.e.i.NormalizingIdentifierHelperImpl : Normalizing identifier quoting [id]
2024-05-17T15:11:54.404+02:00 DEBUG 4684 --- [clothlogix] [           main] o.h.boot.model.internal.AnnotatedColumn  : Binding column: AnnotatedColumn(column='id')
2024-05-17T15:11:54.404+02:00 DEBUG 4684 --- [clothlogix] [           main] o.h.boot.internal.ClassLoaderAccessImpl  : Not known whether passed class name [com.fabless.clothlogix.model.entities.LoginEntity] is safe
2024-05-17T15:11:54.404+02:00 DEBUG 4684 --- [clothlogix] [           main] o.h.boot.internal.ClassLoaderAccessImpl  : No temp ClassLoader provided; using live ClassLoader for loading potentially unsafe class : com.fabless.clothlogix.model.entities.LoginEntity
2024-05-17T15:11:54.404+02:00 DEBUG 4684 --- [clothlogix] [           main] o.h.boot.model.internal.PropertyBinder   : MetadataSourceProcessor property id with lazy=false
2024-05-17T15:11:54.404+02:00 DEBUG 4684 --- [clothlogix] [           main] o.h.b.m.internal.AbstractPropertyHolder  : Attempting to locate auto-apply AttributeConverter for property [com.fabless.clothlogix.model.entities.LoginEntity:id]
2024-05-17T15:11:54.404+02:00 DEBUG 4684 --- [clothlogix] [           main] o.h.b.model.internal.BasicValueBinder    : building BasicValue for id
2024-05-17T15:11:54.404+02:00 DEBUG 4684 --- [clothlogix] [           main] org.hibernate.mapping.BasicValue         : Skipping column re-registration: login.id
2024-05-17T15:11:54.404+02:00 TRACE 4684 --- [clothlogix] [           main] .e.j.e.i.NormalizingIdentifierHelperImpl : Normalizing identifier quoting [id]
2024-05-17T15:11:54.404+02:00 DEBUG 4684 --- [clothlogix] [           main] o.h.boot.model.internal.PropertyBinder   : Building property id
2024-05-17T15:11:54.404+02:00 TRACE 4684 --- [clothlogix] [           main] o.h.boot.model.internal.PropertyBinder   : Cascading id with null
2024-05-17T15:11:54.404+02:00 DEBUG 4684 --- [clothlogix] [           main] o.h.boot.model.internal.BinderHelper     : #makeIdGenerator(BasicValue([Column(id)]), id, identity, , ...)
2024-05-17T15:11:54.404+02:00 TRACE 4684 --- [clothlogix] [           main] o.h.boot.model.internal.PropertyBinder   : Bind @Id on id
2024-05-17T15:11:54.404+02:00 TRACE 4684 --- [clothlogix] [           main] o.h.boot.model.internal.PropertyBinder   : Processing annotations of com.fabless.clothlogix.model.entities.LoginEntity.password
2024-05-17T15:11:54.404+02:00 TRACE 4684 --- [clothlogix] [           main] .e.j.e.i.NormalizingIdentifierHelperImpl : Normalizing identifier quoting [password]
2024-05-17T15:11:54.404+02:00 TRACE 4684 --- [clothlogix] [           main] .e.j.e.i.NormalizingIdentifierHelperImpl : Normalizing identifier quoting [password]
2024-05-17T15:11:54.404+02:00 DEBUG 4684 --- [clothlogix] [           main] o.h.boot.model.internal.AnnotatedColumn  : Binding column: AnnotatedColumn(column='password')
2024-05-17T15:11:54.404+02:00 DEBUG 4684 --- [clothlogix] [           main] o.h.boot.model.internal.PropertyBinder   : MetadataSourceProcessor property password with lazy=false
2024-05-17T15:11:54.404+02:00 DEBUG 4684 --- [clothlogix] [           main] o.h.b.m.internal.AbstractPropertyHolder  : Attempting to locate auto-apply AttributeConverter for property [com.fabless.clothlogix.model.entities.LoginEntity:password]
2024-05-17T15:11:54.404+02:00 DEBUG 4684 --- [clothlogix] [           main] o.h.b.model.internal.BasicValueBinder    : building BasicValue for password
2024-05-17T15:11:54.404+02:00 DEBUG 4684 --- [clothlogix] [           main] org.hibernate.mapping.BasicValue         : Skipping column re-registration: login.password
2024-05-17T15:11:54.404+02:00 TRACE 4684 --- [clothlogix] [           main] .e.j.e.i.NormalizingIdentifierHelperImpl : Normalizing identifier quoting [password]
2024-05-17T15:11:54.404+02:00 DEBUG 4684 --- [clothlogix] [           main] o.h.boot.model.internal.PropertyBinder   : Building property password
2024-05-17T15:11:54.404+02:00 TRACE 4684 --- [clothlogix] [           main] o.h.boot.model.internal.PropertyBinder   : Cascading password with null
2024-05-17T15:11:54.404+02:00 TRACE 4684 --- [clothlogix] [           main] o.h.boot.model.internal.PropertyBinder   : Processing annotations of com.fabless.clothlogix.model.entities.LoginEntity.username
2024-05-17T15:11:54.404+02:00 TRACE 4684 --- [clothlogix] [           main] .e.j.e.i.NormalizingIdentifierHelperImpl : Normalizing identifier quoting [username]
2024-05-17T15:11:54.404+02:00 TRACE 4684 --- [clothlogix] [           main] .e.j.e.i.NormalizingIdentifierHelperImpl : Normalizing identifier quoting [username]
2024-05-17T15:11:54.404+02:00 DEBUG 4684 --- [clothlogix] [           main] o.h.boot.model.internal.AnnotatedColumn  : Binding column: AnnotatedColumn(column='username')
2024-05-17T15:11:54.404+02:00 DEBUG 4684 --- [clothlogix] [           main] o.h.boot.model.internal.PropertyBinder   : MetadataSourceProcessor property username with lazy=false
2024-05-17T15:11:54.404+02:00 DEBUG 4684 --- [clothlogix] [           main] o.h.b.m.internal.AbstractPropertyHolder  : Attempting to locate auto-apply AttributeConverter for property [com.fabless.clothlogix.model.entities.LoginEntity:username]
2024-05-17T15:11:54.404+02:00 DEBUG 4684 --- [clothlogix] [           main] o.h.b.model.internal.BasicValueBinder    : building BasicValue for username
2024-05-17T15:11:54.404+02:00 DEBUG 4684 --- [clothlogix] [           main] org.hibernate.mapping.BasicValue         : Skipping column re-registration: login.username
2024-05-17T15:11:54.404+02:00 TRACE 4684 --- [clothlogix] [           main] .e.j.e.i.NormalizingIdentifierHelperImpl : Normalizing identifier quoting [username]
2024-05-17T15:11:54.404+02:00 DEBUG 4684 --- [clothlogix] [           main] o.h.boot.model.internal.PropertyBinder   : Building property username
2024-05-17T15:11:54.404+02:00 TRACE 4684 --- [clothlogix] [           main] o.h.boot.model.internal.PropertyBinder   : Cascading username with null
2024-05-17T15:11:54.404+02:00 DEBUG 4684 --- [clothlogix] [           main] o.h.b.r.c.i.ClassLoaderServiceImpl       : HHH000194: Package not found or wo package-info.java: com.fabless.clothlogix.model.entities
2024-05-17T15:11:54.404+02:00 DEBUG 4684 --- [clothlogix] [           main] o.h.boot.model.internal.EntityBinder     : Binding entity from annotated class: com.fabless.clothlogix.model.entities.MagazzinoEntity
2024-05-17T15:11:54.404+02:00 DEBUG 4684 --- [clothlogix] [           main] o.h.boot.model.internal.EntityBinder     : Import with entity name MagazzinoEntity
2024-05-17T15:11:54.404+02:00 TRACE 4684 --- [clothlogix] [           main] o.h.b.i.InFlightMetadataCollectorImpl    : Import: MagazzinoEntity -> com.fabless.clothlogix.model.entities.MagazzinoEntity
2024-05-17T15:11:54.404+02:00 TRACE 4684 --- [clothlogix] [           main] o.h.b.i.InFlightMetadataCollectorImpl    : Import: com.fabless.clothlogix.model.entities.MagazzinoEntity -> com.fabless.clothlogix.model.entities.MagazzinoEntity
2024-05-17T15:11:54.404+02:00 TRACE 4684 --- [clothlogix] [           main] .e.j.e.i.NormalizingIdentifierHelperImpl : Normalizing identifier quoting [magazzino]
2024-05-17T15:11:54.404+02:00 TRACE 4684 --- [clothlogix] [           main] .e.j.e.i.NormalizingIdentifierHelperImpl : Normalizing identifier quoting [magazzino]
2024-05-17T15:11:54.404+02:00 DEBUG 4684 --- [clothlogix] [           main] o.h.boot.model.internal.EntityBinder     : Bind entity com.fabless.clothlogix.model.entities.MagazzinoEntity on table magazzino
2024-05-17T15:11:54.404+02:00 TRACE 4684 --- [clothlogix] [           main] .e.j.e.i.NormalizingIdentifierHelperImpl : Normalizing identifier quoting [DTYPE]
2024-05-17T15:11:54.404+02:00 DEBUG 4684 --- [clothlogix] [           main] o.h.boot.model.internal.AnnotatedColumn  : Binding column: AnnotatedDiscriminatorColumn(column='DTYPE')
2024-05-17T15:11:54.412+02:00 TRACE 4684 --- [clothlogix] [           main] o.h.boot.model.internal.PropertyBinder   : Processing annotations of com.fabless.clothlogix.model.entities.MagazzinoEntity.id
2024-05-17T15:11:54.412+02:00 TRACE 4684 --- [clothlogix] [           main] .e.j.e.i.NormalizingIdentifierHelperImpl : Normalizing identifier quoting [id]
2024-05-17T15:11:54.412+02:00 TRACE 4684 --- [clothlogix] [           main] .e.j.e.i.NormalizingIdentifierHelperImpl : Normalizing identifier quoting [id]
2024-05-17T15:11:54.412+02:00 DEBUG 4684 --- [clothlogix] [           main] o.h.boot.model.internal.AnnotatedColumn  : Binding column: AnnotatedColumn(column='id')
2024-05-17T15:11:54.412+02:00 DEBUG 4684 --- [clothlogix] [           main] o.h.boot.internal.ClassLoaderAccessImpl  : Not known whether passed class name [com.fabless.clothlogix.model.entities.MagazzinoEntity] is safe
2024-05-17T15:11:54.412+02:00 DEBUG 4684 --- [clothlogix] [           main] o.h.boot.internal.ClassLoaderAccessImpl  : No temp ClassLoader provided; using live ClassLoader for loading potentially unsafe class : com.fabless.clothlogix.model.entities.MagazzinoEntity
2024-05-17T15:11:54.412+02:00 DEBUG 4684 --- [clothlogix] [           main] o.h.boot.model.internal.PropertyBinder   : MetadataSourceProcessor property id with lazy=false
2024-05-17T15:11:54.412+02:00 DEBUG 4684 --- [clothlogix] [           main] o.h.b.m.internal.AbstractPropertyHolder  : Attempting to locate auto-apply AttributeConverter for property [com.fabless.clothlogix.model.entities.MagazzinoEntity:id]
2024-05-17T15:11:54.412+02:00 DEBUG 4684 --- [clothlogix] [           main] o.h.b.model.internal.BasicValueBinder    : building BasicValue for id
2024-05-17T15:11:54.412+02:00 DEBUG 4684 --- [clothlogix] [           main] org.hibernate.mapping.BasicValue         : Skipping column re-registration: magazzino.id
2024-05-17T15:11:54.412+02:00 TRACE 4684 --- [clothlogix] [           main] .e.j.e.i.NormalizingIdentifierHelperImpl : Normalizing identifier quoting [id]
2024-05-17T15:11:54.412+02:00 DEBUG 4684 --- [clothlogix] [           main] o.h.boot.model.internal.PropertyBinder   : Building property id
2024-05-17T15:11:54.412+02:00 TRACE 4684 --- [clothlogix] [           main] o.h.boot.model.internal.PropertyBinder   : Cascading id with null
2024-05-17T15:11:54.412+02:00 DEBUG 4684 --- [clothlogix] [           main] o.h.boot.model.internal.BinderHelper     : #makeIdGenerator(BasicValue([Column(id)]), id, identity, , ...)
2024-05-17T15:11:54.412+02:00 TRACE 4684 --- [clothlogix] [           main] o.h.boot.model.internal.PropertyBinder   : Bind @Id on id
2024-05-17T15:11:54.412+02:00 TRACE 4684 --- [clothlogix] [           main] o.h.boot.model.internal.PropertyBinder   : Processing annotations of com.fabless.clothlogix.model.entities.MagazzinoEntity.disponibilita
2024-05-17T15:11:54.412+02:00 TRACE 4684 --- [clothlogix] [           main] .e.j.e.i.NormalizingIdentifierHelperImpl : Normalizing identifier quoting [disponibilita]
2024-05-17T15:11:54.412+02:00 TRACE 4684 --- [clothlogix] [           main] .e.j.e.i.NormalizingIdentifierHelperImpl : Normalizing identifier quoting [disponibilita]
2024-05-17T15:11:54.412+02:00 DEBUG 4684 --- [clothlogix] [           main] o.h.boot.model.internal.AnnotatedColumn  : Binding column: AnnotatedColumn(column='disponibilita')
2024-05-17T15:11:54.412+02:00 DEBUG 4684 --- [clothlogix] [           main] o.h.boot.model.internal.PropertyBinder   : MetadataSourceProcessor property disponibilita with lazy=false
2024-05-17T15:11:54.412+02:00 DEBUG 4684 --- [clothlogix] [           main] o.h.b.m.internal.AbstractPropertyHolder  : Attempting to locate auto-apply AttributeConverter for property [com.fabless.clothlogix.model.entities.MagazzinoEntity:disponibilita]
2024-05-17T15:11:54.412+02:00 DEBUG 4684 --- [clothlogix] [           main] o.h.b.model.internal.BasicValueBinder    : building BasicValue for disponibilita
2024-05-17T15:11:54.412+02:00 DEBUG 4684 --- [clothlogix] [           main] org.hibernate.mapping.BasicValue         : Skipping column re-registration: magazzino.disponibilita
2024-05-17T15:11:54.412+02:00 TRACE 4684 --- [clothlogix] [           main] .e.j.e.i.NormalizingIdentifierHelperImpl : Normalizing identifier quoting [disponibilita]
2024-05-17T15:11:54.412+02:00 DEBUG 4684 --- [clothlogix] [           main] o.h.boot.model.internal.PropertyBinder   : Building property disponibilita
2024-05-17T15:11:54.412+02:00 TRACE 4684 --- [clothlogix] [           main] o.h.boot.model.internal.PropertyBinder   : Cascading disponibilita with null
2024-05-17T15:11:54.412+02:00 TRACE 4684 --- [clothlogix] [           main] o.h.boot.model.internal.PropertyBinder   : Processing annotations of com.fabless.clothlogix.model.entities.MagazzinoEntity.prodotti
2024-05-17T15:11:54.412+02:00 TRACE 4684 --- [clothlogix] [           main] .e.j.e.i.NormalizingIdentifierHelperImpl : Normalizing identifier quoting [id_prodotto]
2024-05-17T15:11:54.412+02:00 DEBUG 4684 --- [clothlogix] [           main] o.h.boot.model.internal.AnnotatedColumn  : Binding column: AnnotatedJoinColumn(column='id_prodotto')
2024-05-17T15:11:54.412+02:00 TRACE 4684 --- [clothlogix] [           main] .e.j.e.i.NormalizingIdentifierHelperImpl : Normalizing identifier quoting [prodotti]
2024-05-17T15:11:54.412+02:00 TRACE 4684 --- [clothlogix] [           main] .e.j.e.i.NormalizingIdentifierHelperImpl : Normalizing identifier quoting [prodotti]
2024-05-17T15:11:54.412+02:00 DEBUG 4684 --- [clothlogix] [           main] o.h.boot.model.internal.AnnotatedColumn  : Binding column: AnnotatedColumn()
2024-05-17T15:11:54.412+02:00 TRACE 4684 --- [clothlogix] [           main] .e.j.e.i.NormalizingIdentifierHelperImpl : Normalizing identifier quoting [prodotti_ORDER]
2024-05-17T15:11:54.412+02:00 DEBUG 4684 --- [clothlogix] [           main] o.h.boot.model.internal.AnnotatedColumn  : Binding column: IndexColumn(column='prodotti_ORDER')
2024-05-17T15:11:54.412+02:00 TRACE 4684 --- [clothlogix] [           main] .e.j.e.i.NormalizingIdentifierHelperImpl : Normalizing identifier quoting [element]
2024-05-17T15:11:54.412+02:00 TRACE 4684 --- [clothlogix] [           main] .e.j.e.i.NormalizingIdentifierHelperImpl : Normalizing identifier quoting [element]
2024-05-17T15:11:54.412+02:00 DEBUG 4684 --- [clothlogix] [           main] o.h.boot.model.internal.AnnotatedColumn  : Binding column: AnnotatedColumn()
2024-05-17T15:11:54.412+02:00 TRACE 4684 --- [clothlogix] [           main] .e.j.e.i.NormalizingIdentifierHelperImpl : Normalizing identifier quoting [prodotti_KEY]
2024-05-17T15:11:54.412+02:00 DEBUG 4684 --- [clothlogix] [           main] o.h.boot.model.internal.AnnotatedColumn  : Binding column: AnnotatedColumn(column='prodotti_KEY')
2024-05-17T15:11:54.412+02:00 TRACE 4684 --- [clothlogix] [           main] .e.j.e.i.NormalizingIdentifierHelperImpl : Normalizing identifier quoting [prodotti_KEY]
2024-05-17T15:11:54.412+02:00 DEBUG 4684 --- [clothlogix] [           main] o.h.boot.model.internal.AnnotatedColumn  : Binding column: AnnotatedJoinColumn(column='prodotti_KEY')
2024-05-17T15:11:54.412+02:00 DEBUG 4684 --- [clothlogix] [           main] o.h.boot.model.internal.AnnotatedColumn  : Binding column: AnnotatedJoinColumn()
2024-05-17T15:11:54.412+02:00 DEBUG 4684 --- [clothlogix] [           main] o.h.boot.model.internal.AnnotatedColumn  : Binding column: AnnotatedJoinColumn()
2024-05-17T15:11:54.412+02:00 DEBUG 4684 --- [clothlogix] [           main] o.h.b.model.internal.CollectionBinder    : Collection role: com.fabless.clothlogix.model.entities.MagazzinoEntity.prodotti
2024-05-17T15:11:54.412+02:00 DEBUG 4684 --- [clothlogix] [           main] o.h.boot.model.internal.PropertyBinder   : Building property prodotti
2024-05-17T15:11:54.412+02:00 TRACE 4684 --- [clothlogix] [           main] o.h.boot.model.internal.PropertyBinder   : Cascading prodotti with none
2024-05-17T15:11:54.412+02:00 TRACE 4684 --- [clothlogix] [           main] o.h.boot.model.internal.PropertyBinder   : Processing annotations of com.fabless.clothlogix.model.entities.MagazzinoEntity.quantita
2024-05-17T15:11:54.412+02:00 TRACE 4684 --- [clothlogix] [           main] .e.j.e.i.NormalizingIdentifierHelperImpl : Normalizing identifier quoting [quantita]
2024-05-17T15:11:54.412+02:00 TRACE 4684 --- [clothlogix] [           main] .e.j.e.i.NormalizingIdentifierHelperImpl : Normalizing identifier quoting [quantita]
2024-05-17T15:11:54.412+02:00 DEBUG 4684 --- [clothlogix] [           main] o.h.boot.model.internal.AnnotatedColumn  : Binding column: AnnotatedColumn(column='quantita')
2024-05-17T15:11:54.412+02:00 DEBUG 4684 --- [clothlogix] [           main] o.h.boot.model.internal.PropertyBinder   : MetadataSourceProcessor property quantita with lazy=false
2024-05-17T15:11:54.412+02:00 DEBUG 4684 --- [clothlogix] [           main] o.h.b.m.internal.AbstractPropertyHolder  : Attempting to locate auto-apply AttributeConverter for property [com.fabless.clothlogix.model.entities.MagazzinoEntity:quantita]
2024-05-17T15:11:54.412+02:00 DEBUG 4684 --- [clothlogix] [           main] o.h.b.model.internal.BasicValueBinder    : building BasicValue for quantita
2024-05-17T15:11:54.412+02:00 DEBUG 4684 --- [clothlogix] [           main] org.hibernate.mapping.BasicValue         : Skipping column re-registration: magazzino.quantita
2024-05-17T15:11:54.412+02:00 TRACE 4684 --- [clothlogix] [           main] .e.j.e.i.NormalizingIdentifierHelperImpl : Normalizing identifier quoting [quantita]
2024-05-17T15:11:54.412+02:00 DEBUG 4684 --- [clothlogix] [           main] o.h.boot.model.internal.PropertyBinder   : Building property quantita
2024-05-17T15:11:54.412+02:00 TRACE 4684 --- [clothlogix] [           main] o.h.boot.model.internal.PropertyBinder   : Cascading quantita with null
2024-05-17T15:11:54.412+02:00 TRACE 4684 --- [clothlogix] [           main] o.h.boot.model.internal.PropertyBinder   : Processing annotations of com.fabless.clothlogix.model.entities.MagazzinoEntity.sezioni
2024-05-17T15:11:54.412+02:00 TRACE 4684 --- [clothlogix] [           main] .e.j.e.i.NormalizingIdentifierHelperImpl : Normalizing identifier quoting [id_sezione]
2024-05-17T15:11:54.412+02:00 DEBUG 4684 --- [clothlogix] [           main] o.h.boot.model.internal.AnnotatedColumn  : Binding column: AnnotatedJoinColumn(column='id_sezione')
2024-05-17T15:11:54.412+02:00 TRACE 4684 --- [clothlogix] [           main] .e.j.e.i.NormalizingIdentifierHelperImpl : Normalizing identifier quoting [sezioni]
2024-05-17T15:11:54.412+02:00 TRACE 4684 --- [clothlogix] [           main] .e.j.e.i.NormalizingIdentifierHelperImpl : Normalizing identifier quoting [sezioni]
2024-05-17T15:11:54.412+02:00 DEBUG 4684 --- [clothlogix] [           main] o.h.boot.model.internal.AnnotatedColumn  : Binding column: AnnotatedColumn()
2024-05-17T15:11:54.412+02:00 TRACE 4684 --- [clothlogix] [           main] .e.j.e.i.NormalizingIdentifierHelperImpl : Normalizing identifier quoting [sezioni_ORDER]
2024-05-17T15:11:54.412+02:00 DEBUG 4684 --- [clothlogix] [           main] o.h.boot.model.internal.AnnotatedColumn  : Binding column: IndexColumn(column='sezioni_ORDER')
2024-05-17T15:11:54.412+02:00 TRACE 4684 --- [clothlogix] [           main] .e.j.e.i.NormalizingIdentifierHelperImpl : Normalizing identifier quoting [element]
2024-05-17T15:11:54.412+02:00 TRACE 4684 --- [clothlogix] [           main] .e.j.e.i.NormalizingIdentifierHelperImpl : Normalizing identifier quoting [element]
2024-05-17T15:11:54.412+02:00 DEBUG 4684 --- [clothlogix] [           main] o.h.boot.model.internal.AnnotatedColumn  : Binding column: AnnotatedColumn()
2024-05-17T15:11:54.412+02:00 TRACE 4684 --- [clothlogix] [           main] .e.j.e.i.NormalizingIdentifierHelperImpl : Normalizing identifier quoting [sezioni_KEY]
2024-05-17T15:11:54.412+02:00 DEBUG 4684 --- [clothlogix] [           main] o.h.boot.model.internal.AnnotatedColumn  : Binding column: AnnotatedColumn(column='sezioni_KEY')
2024-05-17T15:11:54.412+02:00 TRACE 4684 --- [clothlogix] [           main] .e.j.e.i.NormalizingIdentifierHelperImpl : Normalizing identifier quoting [sezioni_KEY]
2024-05-17T15:11:54.412+02:00 DEBUG 4684 --- [clothlogix] [           main] o.h.boot.model.internal.AnnotatedColumn  : Binding column: AnnotatedJoinColumn(column='sezioni_KEY')
2024-05-17T15:11:54.412+02:00 DEBUG 4684 --- [clothlogix] [           main] o.h.boot.model.internal.AnnotatedColumn  : Binding column: AnnotatedJoinColumn()
2024-05-17T15:11:54.412+02:00 DEBUG 4684 --- [clothlogix] [           main] o.h.boot.model.internal.AnnotatedColumn  : Binding column: AnnotatedJoinColumn()
2024-05-17T15:11:54.412+02:00 DEBUG 4684 --- [clothlogix] [           main] o.h.b.model.internal.CollectionBinder    : Collection role: com.fabless.clothlogix.model.entities.MagazzinoEntity.sezioni
2024-05-17T15:11:54.412+02:00 DEBUG 4684 --- [clothlogix] [           main] o.h.boot.model.internal.PropertyBinder   : Building property sezioni
2024-05-17T15:11:54.412+02:00 TRACE 4684 --- [clothlogix] [           main] o.h.boot.model.internal.PropertyBinder   : Cascading sezioni with none
2024-05-17T15:11:54.420+02:00 DEBUG 4684 --- [clothlogix] [           main] o.h.b.r.c.i.ClassLoaderServiceImpl       : HHH000194: Package not found or wo package-info.java: com.fabless.clothlogix.model.entities
2024-05-17T15:11:54.420+02:00 DEBUG 4684 --- [clothlogix] [           main] o.h.boot.model.internal.EntityBinder     : Binding entity from annotated class: com.fabless.clothlogix.model.entities.MaterialeEntity
2024-05-17T15:11:54.420+02:00 DEBUG 4684 --- [clothlogix] [           main] o.h.boot.model.internal.EntityBinder     : Import with entity name MaterialeEntity
2024-05-17T15:11:54.420+02:00 TRACE 4684 --- [clothlogix] [           main] o.h.b.i.InFlightMetadataCollectorImpl    : Import: MaterialeEntity -> com.fabless.clothlogix.model.entities.MaterialeEntity
2024-05-17T15:11:54.420+02:00 TRACE 4684 --- [clothlogix] [           main] o.h.b.i.InFlightMetadataCollectorImpl    : Import: com.fabless.clothlogix.model.entities.MaterialeEntity -> com.fabless.clothlogix.model.entities.MaterialeEntity
2024-05-17T15:11:54.420+02:00 TRACE 4684 --- [clothlogix] [           main] .e.j.e.i.NormalizingIdentifierHelperImpl : Normalizing identifier quoting [materiale]
2024-05-17T15:11:54.420+02:00 TRACE 4684 --- [clothlogix] [           main] .e.j.e.i.NormalizingIdentifierHelperImpl : Normalizing identifier quoting [materiale]
2024-05-17T15:11:54.420+02:00 DEBUG 4684 --- [clothlogix] [           main] o.h.boot.model.internal.EntityBinder     : Bind entity com.fabless.clothlogix.model.entities.MaterialeEntity on table materiale
2024-05-17T15:11:54.420+02:00 TRACE 4684 --- [clothlogix] [           main] .e.j.e.i.NormalizingIdentifierHelperImpl : Normalizing identifier quoting [DTYPE]
2024-05-17T15:11:54.420+02:00 DEBUG 4684 --- [clothlogix] [           main] o.h.boot.model.internal.AnnotatedColumn  : Binding column: AnnotatedDiscriminatorColumn(column='DTYPE')
2024-05-17T15:11:54.420+02:00 TRACE 4684 --- [clothlogix] [           main] o.h.boot.model.internal.PropertyBinder   : Processing annotations of com.fabless.clothlogix.model.entities.MaterialeEntity.id
2024-05-17T15:11:54.420+02:00 TRACE 4684 --- [clothlogix] [           main] .e.j.e.i.NormalizingIdentifierHelperImpl : Normalizing identifier quoting [id]
2024-05-17T15:11:54.422+02:00 TRACE 4684 --- [clothlogix] [           main] .e.j.e.i.NormalizingIdentifierHelperImpl : Normalizing identifier quoting [id]
2024-05-17T15:11:54.422+02:00 DEBUG 4684 --- [clothlogix] [           main] o.h.boot.model.internal.AnnotatedColumn  : Binding column: AnnotatedColumn(column='id')
2024-05-17T15:11:54.422+02:00 DEBUG 4684 --- [clothlogix] [           main] o.h.boot.internal.ClassLoaderAccessImpl  : Not known whether passed class name [com.fabless.clothlogix.model.entities.MaterialeEntity] is safe
2024-05-17T15:11:54.422+02:00 DEBUG 4684 --- [clothlogix] [           main] o.h.boot.internal.ClassLoaderAccessImpl  : No temp ClassLoader provided; using live ClassLoader for loading potentially unsafe class : com.fabless.clothlogix.model.entities.MaterialeEntity
2024-05-17T15:11:54.422+02:00 DEBUG 4684 --- [clothlogix] [           main] o.h.boot.model.internal.PropertyBinder   : MetadataSourceProcessor property id with lazy=false
2024-05-17T15:11:54.422+02:00 DEBUG 4684 --- [clothlogix] [           main] o.h.b.m.internal.AbstractPropertyHolder  : Attempting to locate auto-apply AttributeConverter for property [com.fabless.clothlogix.model.entities.MaterialeEntity:id]
2024-05-17T15:11:54.422+02:00 DEBUG 4684 --- [clothlogix] [           main] o.h.b.model.internal.BasicValueBinder    : building BasicValue for id
2024-05-17T15:11:54.422+02:00 DEBUG 4684 --- [clothlogix] [           main] org.hibernate.mapping.BasicValue         : Skipping column re-registration: materiale.id
2024-05-17T15:11:54.422+02:00 TRACE 4684 --- [clothlogix] [           main] .e.j.e.i.NormalizingIdentifierHelperImpl : Normalizing identifier quoting [id]
2024-05-17T15:11:54.422+02:00 DEBUG 4684 --- [clothlogix] [           main] o.h.boot.model.internal.PropertyBinder   : Building property id
2024-05-17T15:11:54.422+02:00 TRACE 4684 --- [clothlogix] [           main] o.h.boot.model.internal.PropertyBinder   : Cascading id with null
2024-05-17T15:11:54.422+02:00 DEBUG 4684 --- [clothlogix] [           main] o.h.boot.model.internal.BinderHelper     : #makeIdGenerator(BasicValue([Column(id)]), id, identity, , ...)
2024-05-17T15:11:54.422+02:00 TRACE 4684 --- [clothlogix] [           main] o.h.boot.model.internal.PropertyBinder   : Bind @Id on id
2024-05-17T15:11:54.422+02:00 TRACE 4684 --- [clothlogix] [           main] o.h.boot.model.internal.PropertyBinder   : Processing annotations of com.fabless.clothlogix.model.entities.MaterialeEntity.descrizione
2024-05-17T15:11:54.422+02:00 TRACE 4684 --- [clothlogix] [           main] .e.j.e.i.NormalizingIdentifierHelperImpl : Normalizing identifier quoting [descrizione]
2024-05-17T15:11:54.422+02:00 TRACE 4684 --- [clothlogix] [           main] .e.j.e.i.NormalizingIdentifierHelperImpl : Normalizing identifier quoting [descrizione]
2024-05-17T15:11:54.422+02:00 DEBUG 4684 --- [clothlogix] [           main] o.h.boot.model.internal.AnnotatedColumn  : Binding column: AnnotatedColumn(column='descrizione')
2024-05-17T15:11:54.422+02:00 DEBUG 4684 --- [clothlogix] [           main] o.h.boot.model.internal.PropertyBinder   : MetadataSourceProcessor property descrizione with lazy=false
2024-05-17T15:11:54.422+02:00 DEBUG 4684 --- [clothlogix] [           main] o.h.b.m.internal.AbstractPropertyHolder  : Attempting to locate auto-apply AttributeConverter for property [com.fabless.clothlogix.model.entities.MaterialeEntity:descrizione]
2024-05-17T15:11:54.422+02:00 DEBUG 4684 --- [clothlogix] [           main] o.h.b.model.internal.BasicValueBinder    : building BasicValue for descrizione
2024-05-17T15:11:54.422+02:00 DEBUG 4684 --- [clothlogix] [           main] org.hibernate.mapping.BasicValue         : Skipping column re-registration: materiale.descrizione
2024-05-17T15:11:54.422+02:00 TRACE 4684 --- [clothlogix] [           main] .e.j.e.i.NormalizingIdentifierHelperImpl : Normalizing identifier quoting [descrizione]
2024-05-17T15:11:54.422+02:00 DEBUG 4684 --- [clothlogix] [           main] o.h.boot.model.internal.PropertyBinder   : Building property descrizione
2024-05-17T15:11:54.422+02:00 TRACE 4684 --- [clothlogix] [           main] o.h.boot.model.internal.PropertyBinder   : Cascading descrizione with null
2024-05-17T15:11:54.422+02:00 TRACE 4684 --- [clothlogix] [           main] o.h.boot.model.internal.PropertyBinder   : Processing annotations of com.fabless.clothlogix.model.entities.MaterialeEntity.prodotti
2024-05-17T15:11:54.422+02:00 TRACE 4684 --- [clothlogix] [           main] .e.j.e.i.NormalizingIdentifierHelperImpl : Normalizing identifier quoting [prodotti_ORDER]
2024-05-17T15:11:54.422+02:00 DEBUG 4684 --- [clothlogix] [           main] o.h.boot.model.internal.AnnotatedColumn  : Binding column: IndexColumn(column='prodotti_ORDER')
2024-05-17T15:11:54.422+02:00 TRACE 4684 --- [clothlogix] [           main] .e.j.e.i.NormalizingIdentifierHelperImpl : Normalizing identifier quoting [element]
2024-05-17T15:11:54.422+02:00 TRACE 4684 --- [clothlogix] [           main] .e.j.e.i.NormalizingIdentifierHelperImpl : Normalizing identifier quoting [element]
2024-05-17T15:11:54.422+02:00 DEBUG 4684 --- [clothlogix] [           main] o.h.boot.model.internal.AnnotatedColumn  : Binding column: AnnotatedColumn()
2024-05-17T15:11:54.422+02:00 TRACE 4684 --- [clothlogix] [           main] .e.j.e.i.NormalizingIdentifierHelperImpl : Normalizing identifier quoting [prodotti_KEY]
2024-05-17T15:11:54.422+02:00 DEBUG 4684 --- [clothlogix] [           main] o.h.boot.model.internal.AnnotatedColumn  : Binding column: AnnotatedColumn(column='prodotti_KEY')
2024-05-17T15:11:54.422+02:00 TRACE 4684 --- [clothlogix] [           main] .e.j.e.i.NormalizingIdentifierHelperImpl : Normalizing identifier quoting [prodotti_KEY]
2024-05-17T15:11:54.422+02:00 DEBUG 4684 --- [clothlogix] [           main] o.h.boot.model.internal.AnnotatedColumn  : Binding column: AnnotatedJoinColumn(column='prodotti_KEY')
2024-05-17T15:11:54.422+02:00 DEBUG 4684 --- [clothlogix] [           main] o.h.boot.model.internal.AnnotatedColumn  : Binding column: AnnotatedJoinColumn()
2024-05-17T15:11:54.422+02:00 DEBUG 4684 --- [clothlogix] [           main] o.h.boot.model.internal.AnnotatedColumn  : Binding column: AnnotatedJoinColumn()
2024-05-17T15:11:54.422+02:00 DEBUG 4684 --- [clothlogix] [           main] o.h.b.model.internal.CollectionBinder    : Collection role: com.fabless.clothlogix.model.entities.MaterialeEntity.prodotti
2024-05-17T15:11:54.422+02:00 DEBUG 4684 --- [clothlogix] [           main] o.h.boot.model.internal.PropertyBinder   : Building property prodotti
2024-05-17T15:11:54.422+02:00 TRACE 4684 --- [clothlogix] [           main] o.h.boot.model.internal.PropertyBinder   : Cascading prodotti with none
2024-05-17T15:11:54.422+02:00 DEBUG 4684 --- [clothlogix] [           main] o.h.b.r.c.i.ClassLoaderServiceImpl       : HHH000194: Package not found or wo package-info.java: com.fabless.clothlogix.model.entities
2024-05-17T15:11:54.422+02:00 DEBUG 4684 --- [clothlogix] [           main] o.h.boot.model.internal.EntityBinder     : Binding entity from annotated class: com.fabless.clothlogix.model.entities.ProdottoEntity
2024-05-17T15:11:54.422+02:00 DEBUG 4684 --- [clothlogix] [           main] o.h.boot.model.internal.EntityBinder     : Import with entity name ProdottoEntity
2024-05-17T15:11:54.422+02:00 TRACE 4684 --- [clothlogix] [           main] o.h.b.i.InFlightMetadataCollectorImpl    : Import: ProdottoEntity -> com.fabless.clothlogix.model.entities.ProdottoEntity
2024-05-17T15:11:54.422+02:00 TRACE 4684 --- [clothlogix] [           main] o.h.b.i.InFlightMetadataCollectorImpl    : Import: com.fabless.clothlogix.model.entities.ProdottoEntity -> com.fabless.clothlogix.model.entities.ProdottoEntity
2024-05-17T15:11:54.422+02:00 TRACE 4684 --- [clothlogix] [           main] .e.j.e.i.NormalizingIdentifierHelperImpl : Normalizing identifier quoting [prodotto]
2024-05-17T15:11:54.422+02:00 TRACE 4684 --- [clothlogix] [           main] .e.j.e.i.NormalizingIdentifierHelperImpl : Normalizing identifier quoting [prodotto]
2024-05-17T15:11:54.422+02:00 DEBUG 4684 --- [clothlogix] [           main] o.h.boot.model.internal.EntityBinder     : Bind entity com.fabless.clothlogix.model.entities.ProdottoEntity on table prodotto
2024-05-17T15:11:54.427+02:00 TRACE 4684 --- [clothlogix] [           main] .e.j.e.i.NormalizingIdentifierHelperImpl : Normalizing identifier quoting [DTYPE]
2024-05-17T15:11:54.427+02:00 DEBUG 4684 --- [clothlogix] [           main] o.h.boot.model.internal.AnnotatedColumn  : Binding column: AnnotatedDiscriminatorColumn(column='DTYPE')
2024-05-17T15:11:54.427+02:00 TRACE 4684 --- [clothlogix] [           main] o.h.boot.model.internal.PropertyBinder   : Processing annotations of com.fabless.clothlogix.model.entities.ProdottoEntity.id
2024-05-17T15:11:54.427+02:00 TRACE 4684 --- [clothlogix] [           main] .e.j.e.i.NormalizingIdentifierHelperImpl : Normalizing identifier quoting [id]
2024-05-17T15:11:54.427+02:00 TRACE 4684 --- [clothlogix] [           main] .e.j.e.i.NormalizingIdentifierHelperImpl : Normalizing identifier quoting [id]
2024-05-17T15:11:54.427+02:00 DEBUG 4684 --- [clothlogix] [           main] o.h.boot.model.internal.AnnotatedColumn  : Binding column: AnnotatedColumn(column='id')
2024-05-17T15:11:54.427+02:00 DEBUG 4684 --- [clothlogix] [           main] o.h.boot.internal.ClassLoaderAccessImpl  : Not known whether passed class name [com.fabless.clothlogix.model.entities.ProdottoEntity] is safe
2024-05-17T15:11:54.427+02:00 DEBUG 4684 --- [clothlogix] [           main] o.h.boot.internal.ClassLoaderAccessImpl  : No temp ClassLoader provided; using live ClassLoader for loading potentially unsafe class : com.fabless.clothlogix.model.entities.ProdottoEntity
2024-05-17T15:11:54.427+02:00 DEBUG 4684 --- [clothlogix] [           main] o.h.boot.model.internal.PropertyBinder   : MetadataSourceProcessor property id with lazy=false
2024-05-17T15:11:54.427+02:00 DEBUG 4684 --- [clothlogix] [           main] o.h.b.m.internal.AbstractPropertyHolder  : Attempting to locate auto-apply AttributeConverter for property [com.fabless.clothlogix.model.entities.ProdottoEntity:id]
2024-05-17T15:11:54.427+02:00 DEBUG 4684 --- [clothlogix] [           main] o.h.b.model.internal.BasicValueBinder    : building BasicValue for id
2024-05-17T15:11:54.427+02:00 DEBUG 4684 --- [clothlogix] [           main] org.hibernate.mapping.BasicValue         : Skipping column re-registration: prodotto.id
2024-05-17T15:11:54.427+02:00 TRACE 4684 --- [clothlogix] [           main] .e.j.e.i.NormalizingIdentifierHelperImpl : Normalizing identifier quoting [id]
2024-05-17T15:11:54.427+02:00 DEBUG 4684 --- [clothlogix] [           main] o.h.boot.model.internal.PropertyBinder   : Building property id
2024-05-17T15:11:54.427+02:00 TRACE 4684 --- [clothlogix] [           main] o.h.boot.model.internal.PropertyBinder   : Cascading id with null
2024-05-17T15:11:54.427+02:00 DEBUG 4684 --- [clothlogix] [           main] o.h.boot.model.internal.BinderHelper     : #makeIdGenerator(BasicValue([Column(id)]), id, identity, , ...)
2024-05-17T15:11:54.427+02:00 TRACE 4684 --- [clothlogix] [           main] o.h.boot.model.internal.PropertyBinder   : Bind @Id on id
2024-05-17T15:11:54.427+02:00 TRACE 4684 --- [clothlogix] [           main] o.h.boot.model.internal.PropertyBinder   : Processing annotations of com.fabless.clothlogix.model.entities.ProdottoEntity.codiceProdotto
2024-05-17T15:11:54.427+02:00 TRACE 4684 --- [clothlogix] [           main] .e.j.e.i.NormalizingIdentifierHelperImpl : Normalizing identifier quoting [codice_prodotto]
2024-05-17T15:11:54.427+02:00 TRACE 4684 --- [clothlogix] [           main] .e.j.e.i.NormalizingIdentifierHelperImpl : Normalizing identifier quoting [codice_prodotto]
2024-05-17T15:11:54.427+02:00 DEBUG 4684 --- [clothlogix] [           main] o.h.boot.model.internal.AnnotatedColumn  : Binding column: AnnotatedColumn(column='codice_prodotto')
2024-05-17T15:11:54.427+02:00 DEBUG 4684 --- [clothlogix] [           main] o.h.boot.model.internal.PropertyBinder   : MetadataSourceProcessor property codiceProdotto with lazy=false
2024-05-17T15:11:54.427+02:00 DEBUG 4684 --- [clothlogix] [           main] o.h.b.m.internal.AbstractPropertyHolder  : Attempting to locate auto-apply AttributeConverter for property [com.fabless.clothlogix.model.entities.ProdottoEntity:codiceProdotto]
2024-05-17T15:11:54.432+02:00 DEBUG 4684 --- [clothlogix] [           main] o.h.b.model.internal.BasicValueBinder    : building BasicValue for codiceProdotto
2024-05-17T15:11:54.432+02:00 DEBUG 4684 --- [clothlogix] [           main] org.hibernate.mapping.BasicValue         : Skipping column re-registration: prodotto.codice_prodotto
2024-05-17T15:11:54.432+02:00 TRACE 4684 --- [clothlogix] [           main] .e.j.e.i.NormalizingIdentifierHelperImpl : Normalizing identifier quoting [codice_prodotto]
2024-05-17T15:11:54.432+02:00 DEBUG 4684 --- [clothlogix] [           main] o.h.boot.model.internal.PropertyBinder   : Building property codiceProdotto
2024-05-17T15:11:54.432+02:00 TRACE 4684 --- [clothlogix] [           main] o.h.boot.model.internal.PropertyBinder   : Cascading codiceProdotto with null
2024-05-17T15:11:54.432+02:00 TRACE 4684 --- [clothlogix] [           main] o.h.boot.model.internal.PropertyBinder   : Processing annotations of com.fabless.clothlogix.model.entities.ProdottoEntity.colori
2024-05-17T15:11:54.432+02:00 TRACE 4684 --- [clothlogix] [           main] .e.j.e.i.NormalizingIdentifierHelperImpl : Normalizing identifier quoting [colori_ORDER]
2024-05-17T15:11:54.432+02:00 DEBUG 4684 --- [clothlogix] [           main] o.h.boot.model.internal.AnnotatedColumn  : Binding column: IndexColumn(column='colori_ORDER')
2024-05-17T15:11:54.432+02:00 TRACE 4684 --- [clothlogix] [           main] .e.j.e.i.NormalizingIdentifierHelperImpl : Normalizing identifier quoting [element]
2024-05-17T15:11:54.432+02:00 TRACE 4684 --- [clothlogix] [           main] .e.j.e.i.NormalizingIdentifierHelperImpl : Normalizing identifier quoting [element]
2024-05-17T15:11:54.432+02:00 DEBUG 4684 --- [clothlogix] [           main] o.h.boot.model.internal.AnnotatedColumn  : Binding column: AnnotatedColumn()
2024-05-17T15:11:54.432+02:00 TRACE 4684 --- [clothlogix] [           main] .e.j.e.i.NormalizingIdentifierHelperImpl : Normalizing identifier quoting [colori_KEY]
2024-05-17T15:11:54.432+02:00 DEBUG 4684 --- [clothlogix] [           main] o.h.boot.model.internal.AnnotatedColumn  : Binding column: AnnotatedColumn(column='colori_KEY')
2024-05-17T15:11:54.432+02:00 TRACE 4684 --- [clothlogix] [           main] .e.j.e.i.NormalizingIdentifierHelperImpl : Normalizing identifier quoting [colori_KEY]
2024-05-17T15:11:54.432+02:00 DEBUG 4684 --- [clothlogix] [           main] o.h.boot.model.internal.AnnotatedColumn  : Binding column: AnnotatedJoinColumn(column='colori_KEY')
2024-05-17T15:11:54.432+02:00 TRACE 4684 --- [clothlogix] [           main] .e.j.e.i.NormalizingIdentifierHelperImpl : Normalizing identifier quoting [id_prodotto]
2024-05-17T15:11:54.432+02:00 DEBUG 4684 --- [clothlogix] [           main] o.h.boot.model.internal.AnnotatedColumn  : Binding column: AnnotatedJoinColumn(column='id_prodotto')
2024-05-17T15:11:54.432+02:00 TRACE 4684 --- [clothlogix] [           main] .e.j.e.i.NormalizingIdentifierHelperImpl : Normalizing identifier quoting [id_colore]
2024-05-17T15:11:54.432+02:00 DEBUG 4684 --- [clothlogix] [           main] o.h.boot.model.internal.AnnotatedColumn  : Binding column: AnnotatedJoinColumn(column='id_colore')
2024-05-17T15:11:54.432+02:00 DEBUG 4684 --- [clothlogix] [           main] o.h.b.model.internal.CollectionBinder    : Collection role: com.fabless.clothlogix.model.entities.ProdottoEntity.colori
2024-05-17T15:11:54.432+02:00 DEBUG 4684 --- [clothlogix] [           main] o.h.boot.model.internal.PropertyBinder   : Building property colori
2024-05-17T15:11:54.435+02:00 TRACE 4684 --- [clothlogix] [           main] o.h.boot.model.internal.PropertyBinder   : Cascading colori with none
2024-05-17T15:11:54.435+02:00 TRACE 4684 --- [clothlogix] [           main] o.h.boot.model.internal.PropertyBinder   : Processing annotations of com.fabless.clothlogix.model.entities.ProdottoEntity.descrizione
2024-05-17T15:11:54.435+02:00 TRACE 4684 --- [clothlogix] [           main] .e.j.e.i.NormalizingIdentifierHelperImpl : Normalizing identifier quoting [descrizione]
2024-05-17T15:11:54.435+02:00 TRACE 4684 --- [clothlogix] [           main] .e.j.e.i.NormalizingIdentifierHelperImpl : Normalizing identifier quoting [descrizione]
2024-05-17T15:11:54.435+02:00 DEBUG 4684 --- [clothlogix] [           main] o.h.boot.model.internal.AnnotatedColumn  : Binding column: AnnotatedColumn(column='descrizione')
2024-05-17T15:11:54.435+02:00 DEBUG 4684 --- [clothlogix] [           main] o.h.boot.model.internal.PropertyBinder   : MetadataSourceProcessor property descrizione with lazy=false
2024-05-17T15:11:54.435+02:00 DEBUG 4684 --- [clothlogix] [           main] o.h.b.m.internal.AbstractPropertyHolder  : Attempting to locate auto-apply AttributeConverter for property [com.fabless.clothlogix.model.entities.ProdottoEntity:descrizione]
2024-05-17T15:11:54.435+02:00 DEBUG 4684 --- [clothlogix] [           main] o.h.b.model.internal.BasicValueBinder    : building BasicValue for descrizione
2024-05-17T15:11:54.435+02:00 DEBUG 4684 --- [clothlogix] [           main] org.hibernate.mapping.BasicValue         : Skipping column re-registration: prodotto.descrizione
2024-05-17T15:11:54.435+02:00 TRACE 4684 --- [clothlogix] [           main] .e.j.e.i.NormalizingIdentifierHelperImpl : Normalizing identifier quoting [descrizione]
2024-05-17T15:11:54.435+02:00 DEBUG 4684 --- [clothlogix] [           main] o.h.boot.model.internal.PropertyBinder   : Building property descrizione
2024-05-17T15:11:54.435+02:00 TRACE 4684 --- [clothlogix] [           main] o.h.boot.model.internal.PropertyBinder   : Cascading descrizione with null
2024-05-17T15:11:54.435+02:00 TRACE 4684 --- [clothlogix] [           main] o.h.boot.model.internal.PropertyBinder   : Processing annotations of com.fabless.clothlogix.model.entities.ProdottoEntity.materiali
2024-05-17T15:11:54.435+02:00 TRACE 4684 --- [clothlogix] [           main] .e.j.e.i.NormalizingIdentifierHelperImpl : Normalizing identifier quoting [materiali_ORDER]
2024-05-17T15:11:54.435+02:00 DEBUG 4684 --- [clothlogix] [           main] o.h.boot.model.internal.AnnotatedColumn  : Binding column: IndexColumn(column='materiali_ORDER')
2024-05-17T15:11:54.435+02:00 TRACE 4684 --- [clothlogix] [           main] .e.j.e.i.NormalizingIdentifierHelperImpl : Normalizing identifier quoting [element]
2024-05-17T15:11:54.435+02:00 TRACE 4684 --- [clothlogix] [           main] .e.j.e.i.NormalizingIdentifierHelperImpl : Normalizing identifier quoting [element]
2024-05-17T15:11:54.435+02:00 DEBUG 4684 --- [clothlogix] [           main] o.h.boot.model.internal.AnnotatedColumn  : Binding column: AnnotatedColumn()
2024-05-17T15:11:54.435+02:00 TRACE 4684 --- [clothlogix] [           main] .e.j.e.i.NormalizingIdentifierHelperImpl : Normalizing identifier quoting [materiali_KEY]
2024-05-17T15:11:54.435+02:00 DEBUG 4684 --- [clothlogix] [           main] o.h.boot.model.internal.AnnotatedColumn  : Binding column: AnnotatedColumn(column='materiali_KEY')
2024-05-17T15:11:54.435+02:00 TRACE 4684 --- [clothlogix] [           main] .e.j.e.i.NormalizingIdentifierHelperImpl : Normalizing identifier quoting [materiali_KEY]
2024-05-17T15:11:54.435+02:00 DEBUG 4684 --- [clothlogix] [           main] o.h.boot.model.internal.AnnotatedColumn  : Binding column: AnnotatedJoinColumn(column='materiali_KEY')
2024-05-17T15:11:54.435+02:00 TRACE 4684 --- [clothlogix] [           main] .e.j.e.i.NormalizingIdentifierHelperImpl : Normalizing identifier quoting [id_prodotto]
2024-05-17T15:11:54.435+02:00 DEBUG 4684 --- [clothlogix] [           main] o.h.boot.model.internal.AnnotatedColumn  : Binding column: AnnotatedJoinColumn(column='id_prodotto')
2024-05-17T15:11:54.435+02:00 TRACE 4684 --- [clothlogix] [           main] .e.j.e.i.NormalizingIdentifierHelperImpl : Normalizing identifier quoting [id_materiale]
2024-05-17T15:11:54.435+02:00 DEBUG 4684 --- [clothlogix] [           main] o.h.boot.model.internal.AnnotatedColumn  : Binding column: AnnotatedJoinColumn(column='id_materiale')
2024-05-17T15:11:54.435+02:00 DEBUG 4684 --- [clothlogix] [           main] o.h.b.model.internal.CollectionBinder    : Collection role: com.fabless.clothlogix.model.entities.ProdottoEntity.materiali
2024-05-17T15:11:54.435+02:00 DEBUG 4684 --- [clothlogix] [           main] o.h.boot.model.internal.PropertyBinder   : Building property materiali
2024-05-17T15:11:54.435+02:00 TRACE 4684 --- [clothlogix] [           main] o.h.boot.model.internal.PropertyBinder   : Cascading materiali with none
2024-05-17T15:11:54.435+02:00 TRACE 4684 --- [clothlogix] [           main] o.h.boot.model.internal.PropertyBinder   : Processing annotations of com.fabless.clothlogix.model.entities.ProdottoEntity.prezzo
2024-05-17T15:11:54.435+02:00 TRACE 4684 --- [clothlogix] [           main] .e.j.e.i.NormalizingIdentifierHelperImpl : Normalizing identifier quoting [prezzo]
2024-05-17T15:11:54.435+02:00 TRACE 4684 --- [clothlogix] [           main] .e.j.e.i.NormalizingIdentifierHelperImpl : Normalizing identifier quoting [prezzo]
2024-05-17T15:11:54.435+02:00 DEBUG 4684 --- [clothlogix] [           main] o.h.boot.model.internal.AnnotatedColumn  : Binding column: AnnotatedColumn(column='prezzo')
2024-05-17T15:11:54.435+02:00 DEBUG 4684 --- [clothlogix] [           main] o.h.boot.model.internal.PropertyBinder   : MetadataSourceProcessor property prezzo with lazy=false
2024-05-17T15:11:54.435+02:00 DEBUG 4684 --- [clothlogix] [           main] o.h.b.m.internal.AbstractPropertyHolder  : Attempting to locate auto-apply AttributeConverter for property [com.fabless.clothlogix.model.entities.ProdottoEntity:prezzo]
2024-05-17T15:11:54.435+02:00 DEBUG 4684 --- [clothlogix] [           main] o.h.b.model.internal.BasicValueBinder    : building BasicValue for prezzo
2024-05-17T15:11:54.435+02:00 DEBUG 4684 --- [clothlogix] [           main] org.hibernate.mapping.BasicValue         : Skipping column re-registration: prodotto.prezzo
2024-05-17T15:11:54.435+02:00 TRACE 4684 --- [clothlogix] [           main] .e.j.e.i.NormalizingIdentifierHelperImpl : Normalizing identifier quoting [prezzo]
2024-05-17T15:11:54.435+02:00 DEBUG 4684 --- [clothlogix] [           main] o.h.boot.model.internal.PropertyBinder   : Building property prezzo
2024-05-17T15:11:54.435+02:00 TRACE 4684 --- [clothlogix] [           main] o.h.boot.model.internal.PropertyBinder   : Cascading prezzo with null
2024-05-17T15:11:54.435+02:00 TRACE 4684 --- [clothlogix] [           main] o.h.boot.model.internal.PropertyBinder   : Processing annotations of com.fabless.clothlogix.model.entities.ProdottoEntity.sezioni
2024-05-17T15:11:54.435+02:00 TRACE 4684 --- [clothlogix] [           main] .e.j.e.i.NormalizingIdentifierHelperImpl : Normalizing identifier quoting [id_sezione]
2024-05-17T15:11:54.435+02:00 DEBUG 4684 --- [clothlogix] [           main] o.h.boot.model.internal.AnnotatedColumn  : Binding column: AnnotatedJoinColumn(column='id_sezione')
2024-05-17T15:11:54.435+02:00 TRACE 4684 --- [clothlogix] [           main] .e.j.e.i.NormalizingIdentifierHelperImpl : Normalizing identifier quoting [sezioni]
2024-05-17T15:11:54.435+02:00 TRACE 4684 --- [clothlogix] [           main] .e.j.e.i.NormalizingIdentifierHelperImpl : Normalizing identifier quoting [sezioni]
2024-05-17T15:11:54.435+02:00 DEBUG 4684 --- [clothlogix] [           main] o.h.boot.model.internal.AnnotatedColumn  : Binding column: AnnotatedColumn()
2024-05-17T15:11:54.442+02:00 DEBUG 4684 --- [clothlogix] [           main] o.h.boot.model.internal.PropertyBinder   : Building property sezioni
2024-05-17T15:11:54.442+02:00 TRACE 4684 --- [clothlogix] [           main] o.h.boot.model.internal.PropertyBinder   : Cascading sezioni with none
2024-05-17T15:11:54.442+02:00 TRACE 4684 --- [clothlogix] [           main] o.h.boot.model.internal.PropertyBinder   : Processing annotations of com.fabless.clothlogix.model.entities.ProdottoEntity.taglie
2024-05-17T15:11:54.442+02:00 TRACE 4684 --- [clothlogix] [           main] .e.j.e.i.NormalizingIdentifierHelperImpl : Normalizing identifier quoting [taglie_ORDER]
2024-05-17T15:11:54.442+02:00 DEBUG 4684 --- [clothlogix] [           main] o.h.boot.model.internal.AnnotatedColumn  : Binding column: IndexColumn(column='taglie_ORDER')
2024-05-17T15:11:54.442+02:00 TRACE 4684 --- [clothlogix] [           main] .e.j.e.i.NormalizingIdentifierHelperImpl : Normalizing identifier quoting [element]
2024-05-17T15:11:54.442+02:00 TRACE 4684 --- [clothlogix] [           main] .e.j.e.i.NormalizingIdentifierHelperImpl : Normalizing identifier quoting [element]
2024-05-17T15:11:54.442+02:00 DEBUG 4684 --- [clothlogix] [           main] o.h.boot.model.internal.AnnotatedColumn  : Binding column: AnnotatedColumn()
2024-05-17T15:11:54.442+02:00 TRACE 4684 --- [clothlogix] [           main] .e.j.e.i.NormalizingIdentifierHelperImpl : Normalizing identifier quoting [taglie_KEY]
2024-05-17T15:11:54.442+02:00 DEBUG 4684 --- [clothlogix] [           main] o.h.boot.model.internal.AnnotatedColumn  : Binding column: AnnotatedColumn(column='taglie_KEY')
2024-05-17T15:11:54.442+02:00 TRACE 4684 --- [clothlogix] [           main] .e.j.e.i.NormalizingIdentifierHelperImpl : Normalizing identifier quoting [taglie_KEY]
2024-05-17T15:11:54.442+02:00 DEBUG 4684 --- [clothlogix] [           main] o.h.boot.model.internal.AnnotatedColumn  : Binding column: AnnotatedJoinColumn(column='taglie_KEY')
2024-05-17T15:11:54.442+02:00 TRACE 4684 --- [clothlogix] [           main] .e.j.e.i.NormalizingIdentifierHelperImpl : Normalizing identifier quoting [id_prodotto]
2024-05-17T15:11:54.442+02:00 DEBUG 4684 --- [clothlogix] [           main] o.h.boot.model.internal.AnnotatedColumn  : Binding column: AnnotatedJoinColumn(column='id_prodotto')
2024-05-17T15:11:54.442+02:00 TRACE 4684 --- [clothlogix] [           main] .e.j.e.i.NormalizingIdentifierHelperImpl : Normalizing identifier quoting [id_taglia]
2024-05-17T15:11:54.442+02:00 DEBUG 4684 --- [clothlogix] [           main] o.h.boot.model.internal.AnnotatedColumn  : Binding column: AnnotatedJoinColumn(column='id_taglia')
2024-05-17T15:11:54.442+02:00 DEBUG 4684 --- [clothlogix] [           main] o.h.b.model.internal.CollectionBinder    : Collection role: com.fabless.clothlogix.model.entities.ProdottoEntity.taglie
2024-05-17T15:11:54.442+02:00 DEBUG 4684 --- [clothlogix] [           main] o.h.boot.model.internal.PropertyBinder   : Building property taglie
2024-05-17T15:11:54.442+02:00 TRACE 4684 --- [clothlogix] [           main] o.h.boot.model.internal.PropertyBinder   : Cascading taglie with none
2024-05-17T15:11:54.442+02:00 TRACE 4684 --- [clothlogix] [           main] o.h.boot.model.internal.PropertyBinder   : Processing annotations of com.fabless.clothlogix.model.entities.ProdottoEntity.tipi
2024-05-17T15:11:54.442+02:00 TRACE 4684 --- [clothlogix] [           main] .e.j.e.i.NormalizingIdentifierHelperImpl : Normalizing identifier quoting [tipi_ORDER]
2024-05-17T15:11:54.442+02:00 DEBUG 4684 --- [clothlogix] [           main] o.h.boot.model.internal.AnnotatedColumn  : Binding column: IndexColumn(column='tipi_ORDER')
2024-05-17T15:11:54.454+02:00 TRACE 4684 --- [clothlogix] [           main] .e.j.e.i.NormalizingIdentifierHelperImpl : Normalizing identifier quoting [element]
2024-05-17T15:11:54.454+02:00 TRACE 4684 --- [clothlogix] [           main] .e.j.e.i.NormalizingIdentifierHelperImpl : Normalizing identifier quoting [element]
2024-05-17T15:11:54.454+02:00 DEBUG 4684 --- [clothlogix] [           main] o.h.boot.model.internal.AnnotatedColumn  : Binding column: AnnotatedColumn()
2024-05-17T15:11:54.454+02:00 TRACE 4684 --- [clothlogix] [           main] .e.j.e.i.NormalizingIdentifierHelperImpl : Normalizing identifier quoting [tipi_KEY]
2024-05-17T15:11:54.454+02:00 DEBUG 4684 --- [clothlogix] [           main] o.h.boot.model.internal.AnnotatedColumn  : Binding column: AnnotatedColumn(column='tipi_KEY')
2024-05-17T15:11:54.454+02:00 TRACE 4684 --- [clothlogix] [           main] .e.j.e.i.NormalizingIdentifierHelperImpl : Normalizing identifier quoting [tipi_KEY]
2024-05-17T15:11:54.454+02:00 DEBUG 4684 --- [clothlogix] [           main] o.h.boot.model.internal.AnnotatedColumn  : Binding column: AnnotatedJoinColumn(column='tipi_KEY')
2024-05-17T15:11:54.454+02:00 TRACE 4684 --- [clothlogix] [           main] .e.j.e.i.NormalizingIdentifierHelperImpl : Normalizing identifier quoting [id_prodotto]
2024-05-17T15:11:54.454+02:00 DEBUG 4684 --- [clothlogix] [           main] o.h.boot.model.internal.AnnotatedColumn  : Binding column: AnnotatedJoinColumn(column='id_prodotto')
2024-05-17T15:11:54.454+02:00 TRACE 4684 --- [clothlogix] [           main] .e.j.e.i.NormalizingIdentifierHelperImpl : Normalizing identifier quoting [id_tipo]
2024-05-17T15:11:54.454+02:00 DEBUG 4684 --- [clothlogix] [           main] o.h.boot.model.internal.AnnotatedColumn  : Binding column: AnnotatedJoinColumn(column='id_tipo')
2024-05-17T15:11:54.454+02:00 DEBUG 4684 --- [clothlogix] [           main] o.h.b.model.internal.CollectionBinder    : Collection role: com.fabless.clothlogix.model.entities.ProdottoEntity.tipi
2024-05-17T15:11:54.454+02:00 DEBUG 4684 --- [clothlogix] [           main] o.h.boot.model.internal.PropertyBinder   : Building property tipi
2024-05-17T15:11:54.454+02:00 TRACE 4684 --- [clothlogix] [           main] o.h.boot.model.internal.PropertyBinder   : Cascading tipi with none
2024-05-17T15:11:54.454+02:00 DEBUG 4684 --- [clothlogix] [           main] o.h.b.r.c.i.ClassLoaderServiceImpl       : HHH000194: Package not found or wo package-info.java: com.fabless.clothlogix.model.entities
2024-05-17T15:11:54.454+02:00 DEBUG 4684 --- [clothlogix] [           main] o.h.boot.model.internal.EntityBinder     : Binding entity from annotated class: com.fabless.clothlogix.model.entities.ProfiloEntity
2024-05-17T15:11:54.454+02:00 DEBUG 4684 --- [clothlogix] [           main] o.h.boot.model.internal.EntityBinder     : Import with entity name ProfiloEntity
2024-05-17T15:11:54.454+02:00 TRACE 4684 --- [clothlogix] [           main] o.h.b.i.InFlightMetadataCollectorImpl    : Import: ProfiloEntity -> com.fabless.clothlogix.model.entities.ProfiloEntity
2024-05-17T15:11:54.454+02:00 TRACE 4684 --- [clothlogix] [           main] o.h.b.i.InFlightMetadataCollectorImpl    : Import: com.fabless.clothlogix.model.entities.ProfiloEntity -> com.fabless.clothlogix.model.entities.ProfiloEntity
2024-05-17T15:11:54.454+02:00 TRACE 4684 --- [clothlogix] [           main] .e.j.e.i.NormalizingIdentifierHelperImpl : Normalizing identifier quoting [profili]
2024-05-17T15:11:54.454+02:00 TRACE 4684 --- [clothlogix] [           main] .e.j.e.i.NormalizingIdentifierHelperImpl : Normalizing identifier quoting [profili]
2024-05-17T15:11:54.454+02:00 DEBUG 4684 --- [clothlogix] [           main] o.h.boot.model.internal.EntityBinder     : Bind entity com.fabless.clothlogix.model.entities.ProfiloEntity on table profili
2024-05-17T15:11:54.454+02:00 TRACE 4684 --- [clothlogix] [           main] .e.j.e.i.NormalizingIdentifierHelperImpl : Normalizing identifier quoting [DTYPE]
2024-05-17T15:11:54.454+02:00 DEBUG 4684 --- [clothlogix] [           main] o.h.boot.model.internal.AnnotatedColumn  : Binding column: AnnotatedDiscriminatorColumn(column='DTYPE')
2024-05-17T15:11:54.454+02:00 TRACE 4684 --- [clothlogix] [           main] o.h.boot.model.internal.PropertyBinder   : Processing annotations of com.fabless.clothlogix.model.entities.ProfiloEntity.id
2024-05-17T15:11:54.454+02:00 TRACE 4684 --- [clothlogix] [           main] .e.j.e.i.NormalizingIdentifierHelperImpl : Normalizing identifier quoting [id]
2024-05-17T15:11:54.462+02:00 TRACE 4684 --- [clothlogix] [           main] .e.j.e.i.NormalizingIdentifierHelperImpl : Normalizing identifier quoting [id]
2024-05-17T15:11:54.462+02:00 DEBUG 4684 --- [clothlogix] [           main] o.h.boot.model.internal.AnnotatedColumn  : Binding column: AnnotatedColumn(column='id')
2024-05-17T15:11:54.462+02:00 DEBUG 4684 --- [clothlogix] [           main] o.h.boot.internal.ClassLoaderAccessImpl  : Not known whether passed class name [com.fabless.clothlogix.model.entities.ProfiloEntity] is safe
2024-05-17T15:11:54.462+02:00 DEBUG 4684 --- [clothlogix] [           main] o.h.boot.internal.ClassLoaderAccessImpl  : No temp ClassLoader provided; using live ClassLoader for loading potentially unsafe class : com.fabless.clothlogix.model.entities.ProfiloEntity
2024-05-17T15:11:54.462+02:00 DEBUG 4684 --- [clothlogix] [           main] o.h.boot.model.internal.PropertyBinder   : MetadataSourceProcessor property id with lazy=false
2024-05-17T15:11:54.462+02:00 DEBUG 4684 --- [clothlogix] [           main] o.h.b.m.internal.AbstractPropertyHolder  : Attempting to locate auto-apply AttributeConverter for property [com.fabless.clothlogix.model.entities.ProfiloEntity:id]
2024-05-17T15:11:54.462+02:00 DEBUG 4684 --- [clothlogix] [           main] o.h.b.model.internal.BasicValueBinder    : building BasicValue for id
2024-05-17T15:11:54.462+02:00 DEBUG 4684 --- [clothlogix] [           main] org.hibernate.mapping.BasicValue         : Skipping column re-registration: profili.id
2024-05-17T15:11:54.462+02:00 TRACE 4684 --- [clothlogix] [           main] .e.j.e.i.NormalizingIdentifierHelperImpl : Normalizing identifier quoting [id]
2024-05-17T15:11:54.462+02:00 DEBUG 4684 --- [clothlogix] [           main] o.h.boot.model.internal.PropertyBinder   : Building property id
2024-05-17T15:11:54.462+02:00 TRACE 4684 --- [clothlogix] [           main] o.h.boot.model.internal.PropertyBinder   : Cascading id with null
2024-05-17T15:11:54.462+02:00 DEBUG 4684 --- [clothlogix] [           main] o.h.boot.model.internal.BinderHelper     : #makeIdGenerator(BasicValue([Column(id)]), id, identity, , ...)
2024-05-17T15:11:54.462+02:00 TRACE 4684 --- [clothlogix] [           main] o.h.boot.model.internal.PropertyBinder   : Bind @Id on id
2024-05-17T15:11:54.462+02:00 TRACE 4684 --- [clothlogix] [           main] o.h.boot.model.internal.PropertyBinder   : Processing annotations of com.fabless.clothlogix.model.entities.ProfiloEntity.canCreate
2024-05-17T15:11:54.462+02:00 TRACE 4684 --- [clothlogix] [           main] .e.j.e.i.NormalizingIdentifierHelperImpl : Normalizing identifier quoting [can_create]
2024-05-17T15:11:54.462+02:00 TRACE 4684 --- [clothlogix] [           main] .e.j.e.i.NormalizingIdentifierHelperImpl : Normalizing identifier quoting [can_create]
2024-05-17T15:11:54.462+02:00 DEBUG 4684 --- [clothlogix] [           main] o.h.boot.model.internal.AnnotatedColumn  : Binding column: AnnotatedColumn(column='can_create')
2024-05-17T15:11:54.462+02:00 DEBUG 4684 --- [clothlogix] [           main] o.h.boot.model.internal.PropertyBinder   : MetadataSourceProcessor property canCreate with lazy=false
2024-05-17T15:11:54.462+02:00 DEBUG 4684 --- [clothlogix] [           main] o.h.b.m.internal.AbstractPropertyHolder  : Attempting to locate auto-apply AttributeConverter for property [com.fabless.clothlogix.model.entities.ProfiloEntity:canCreate]
2024-05-17T15:11:54.462+02:00 DEBUG 4684 --- [clothlogix] [           main] o.h.b.model.internal.BasicValueBinder    : building BasicValue for canCreate
2024-05-17T15:11:54.462+02:00 DEBUG 4684 --- [clothlogix] [           main] org.hibernate.mapping.BasicValue         : Skipping column re-registration: profili.can_create
2024-05-17T15:11:54.462+02:00 TRACE 4684 --- [clothlogix] [           main] .e.j.e.i.NormalizingIdentifierHelperImpl : Normalizing identifier quoting [can_create]
2024-05-17T15:11:54.462+02:00 DEBUG 4684 --- [clothlogix] [           main] o.h.boot.model.internal.PropertyBinder   : Building property canCreate
2024-05-17T15:11:54.462+02:00 TRACE 4684 --- [clothlogix] [           main] o.h.boot.model.internal.PropertyBinder   : Cascading canCreate with null
2024-05-17T15:11:54.462+02:00 TRACE 4684 --- [clothlogix] [           main] o.h.boot.model.internal.PropertyBinder   : Processing annotations of com.fabless.clothlogix.model.entities.ProfiloEntity.canDelete
2024-05-17T15:11:54.462+02:00 TRACE 4684 --- [clothlogix] [           main] .e.j.e.i.NormalizingIdentifierHelperImpl : Normalizing identifier quoting [can_delete]
2024-05-17T15:11:54.462+02:00 TRACE 4684 --- [clothlogix] [           main] .e.j.e.i.NormalizingIdentifierHelperImpl : Normalizing identifier quoting [can_delete]
2024-05-17T15:11:54.462+02:00 DEBUG 4684 --- [clothlogix] [           main] o.h.boot.model.internal.AnnotatedColumn  : Binding column: AnnotatedColumn(column='can_delete')
2024-05-17T15:11:54.462+02:00 DEBUG 4684 --- [clothlogix] [           main] o.h.boot.model.internal.PropertyBinder   : MetadataSourceProcessor property canDelete with lazy=false
2024-05-17T15:11:54.462+02:00 DEBUG 4684 --- [clothlogix] [           main] o.h.b.m.internal.AbstractPropertyHolder  : Attempting to locate auto-apply AttributeConverter for property [com.fabless.clothlogix.model.entities.ProfiloEntity:canDelete]
2024-05-17T15:11:54.462+02:00 DEBUG 4684 --- [clothlogix] [           main] o.h.b.model.internal.BasicValueBinder    : building BasicValue for canDelete
2024-05-17T15:11:54.462+02:00 DEBUG 4684 --- [clothlogix] [           main] org.hibernate.mapping.BasicValue         : Skipping column re-registration: profili.can_delete
2024-05-17T15:11:54.462+02:00 TRACE 4684 --- [clothlogix] [           main] .e.j.e.i.NormalizingIdentifierHelperImpl : Normalizing identifier quoting [can_delete]
2024-05-17T15:11:54.462+02:00 DEBUG 4684 --- [clothlogix] [           main] o.h.boot.model.internal.PropertyBinder   : Building property canDelete
2024-05-17T15:11:54.462+02:00 TRACE 4684 --- [clothlogix] [           main] o.h.boot.model.internal.PropertyBinder   : Cascading canDelete with null
2024-05-17T15:11:54.462+02:00 TRACE 4684 --- [clothlogix] [           main] o.h.boot.model.internal.PropertyBinder   : Processing annotations of com.fabless.clothlogix.model.entities.ProfiloEntity.canRead
2024-05-17T15:11:54.462+02:00 TRACE 4684 --- [clothlogix] [           main] .e.j.e.i.NormalizingIdentifierHelperImpl : Normalizing identifier quoting [can_read]
2024-05-17T15:11:54.468+02:00 TRACE 4684 --- [clothlogix] [           main] .e.j.e.i.NormalizingIdentifierHelperImpl : Normalizing identifier quoting [can_read]
2024-05-17T15:11:54.468+02:00 DEBUG 4684 --- [clothlogix] [           main] o.h.boot.model.internal.AnnotatedColumn  : Binding column: AnnotatedColumn(column='can_read')
2024-05-17T15:11:54.468+02:00 DEBUG 4684 --- [clothlogix] [           main] o.h.boot.model.internal.PropertyBinder   : MetadataSourceProcessor property canRead with lazy=false
2024-05-17T15:11:54.468+02:00 DEBUG 4684 --- [clothlogix] [           main] o.h.b.m.internal.AbstractPropertyHolder  : Attempting to locate auto-apply AttributeConverter for property [com.fabless.clothlogix.model.entities.ProfiloEntity:canRead]
2024-05-17T15:11:54.468+02:00 DEBUG 4684 --- [clothlogix] [           main] o.h.b.model.internal.BasicValueBinder    : building BasicValue for canRead
2024-05-17T15:11:54.468+02:00 DEBUG 4684 --- [clothlogix] [           main] org.hibernate.mapping.BasicValue         : Skipping column re-registration: profili.can_read
2024-05-17T15:11:54.468+02:00 TRACE 4684 --- [clothlogix] [           main] .e.j.e.i.NormalizingIdentifierHelperImpl : Normalizing identifier quoting [can_read]
2024-05-17T15:11:54.468+02:00 DEBUG 4684 --- [clothlogix] [           main] o.h.boot.model.internal.PropertyBinder   : Building property canRead
2024-05-17T15:11:54.468+02:00 TRACE 4684 --- [clothlogix] [           main] o.h.boot.model.internal.PropertyBinder   : Cascading canRead with null
2024-05-17T15:11:54.468+02:00 TRACE 4684 --- [clothlogix] [           main] o.h.boot.model.internal.PropertyBinder   : Processing annotations of com.fabless.clothlogix.model.entities.ProfiloEntity.canUpdate
2024-05-17T15:11:54.468+02:00 TRACE 4684 --- [clothlogix] [           main] .e.j.e.i.NormalizingIdentifierHelperImpl : Normalizing identifier quoting [can_update]
2024-05-17T15:11:54.468+02:00 TRACE 4684 --- [clothlogix] [           main] .e.j.e.i.NormalizingIdentifierHelperImpl : Normalizing identifier quoting [can_update]
2024-05-17T15:11:54.468+02:00 DEBUG 4684 --- [clothlogix] [           main] o.h.boot.model.internal.AnnotatedColumn  : Binding column: AnnotatedColumn(column='can_update')
2024-05-17T15:11:54.468+02:00 DEBUG 4684 --- [clothlogix] [           main] o.h.boot.model.internal.PropertyBinder   : MetadataSourceProcessor property canUpdate with lazy=false
2024-05-17T15:11:54.468+02:00 DEBUG 4684 --- [clothlogix] [           main] o.h.b.m.internal.AbstractPropertyHolder  : Attempting to locate auto-apply AttributeConverter for property [com.fabless.clothlogix.model.entities.ProfiloEntity:canUpdate]
2024-05-17T15:11:54.468+02:00 DEBUG 4684 --- [clothlogix] [           main] o.h.b.model.internal.BasicValueBinder    : building BasicValue for canUpdate
2024-05-17T15:11:54.468+02:00 DEBUG 4684 --- [clothlogix] [           main] org.hibernate.mapping.BasicValue         : Skipping column re-registration: profili.can_update
2024-05-17T15:11:54.468+02:00 TRACE 4684 --- [clothlogix] [           main] .e.j.e.i.NormalizingIdentifierHelperImpl : Normalizing identifier quoting [can_update]
2024-05-17T15:11:54.468+02:00 DEBUG 4684 --- [clothlogix] [           main] o.h.boot.model.internal.PropertyBinder   : Building property canUpdate
2024-05-17T15:11:54.468+02:00 TRACE 4684 --- [clothlogix] [           main] o.h.boot.model.internal.PropertyBinder   : Cascading canUpdate with null
2024-05-17T15:11:54.468+02:00 TRACE 4684 --- [clothlogix] [           main] o.h.boot.model.internal.PropertyBinder   : Processing annotations of com.fabless.clothlogix.model.entities.ProfiloEntity.descrizione
2024-05-17T15:11:54.468+02:00 TRACE 4684 --- [clothlogix] [           main] .e.j.e.i.NormalizingIdentifierHelperImpl : Normalizing identifier quoting [descrizione]
2024-05-17T15:11:54.468+02:00 TRACE 4684 --- [clothlogix] [           main] .e.j.e.i.NormalizingIdentifierHelperImpl : Normalizing identifier quoting [descrizione]
2024-05-17T15:11:54.468+02:00 DEBUG 4684 --- [clothlogix] [           main] o.h.boot.model.internal.AnnotatedColumn  : Binding column: AnnotatedColumn(column='descrizione')
2024-05-17T15:11:54.468+02:00 DEBUG 4684 --- [clothlogix] [           main] o.h.boot.model.internal.PropertyBinder   : MetadataSourceProcessor property descrizione with lazy=false
2024-05-17T15:11:54.468+02:00 DEBUG 4684 --- [clothlogix] [           main] o.h.b.m.internal.AbstractPropertyHolder  : Attempting to locate auto-apply AttributeConverter for property [com.fabless.clothlogix.model.entities.ProfiloEntity:descrizione]
2024-05-17T15:11:54.468+02:00 DEBUG 4684 --- [clothlogix] [           main] o.h.b.model.internal.BasicValueBinder    : building BasicValue for descrizione
2024-05-17T15:11:54.468+02:00 DEBUG 4684 --- [clothlogix] [           main] org.hibernate.mapping.BasicValue         : Skipping column re-registration: profili.descrizione
2024-05-17T15:11:54.468+02:00 TRACE 4684 --- [clothlogix] [           main] .e.j.e.i.NormalizingIdentifierHelperImpl : Normalizing identifier quoting [descrizione]
2024-05-17T15:11:54.468+02:00 DEBUG 4684 --- [clothlogix] [           main] o.h.boot.model.internal.PropertyBinder   : Building property descrizione
2024-05-17T15:11:54.468+02:00 TRACE 4684 --- [clothlogix] [           main] o.h.boot.model.internal.PropertyBinder   : Cascading descrizione with null
2024-05-17T15:11:54.468+02:00 TRACE 4684 --- [clothlogix] [           main] o.h.boot.model.internal.PropertyBinder   : Processing annotations of com.fabless.clothlogix.model.entities.ProfiloEntity.utenti
2024-05-17T15:11:54.468+02:00 TRACE 4684 --- [clothlogix] [           main] .e.j.e.i.NormalizingIdentifierHelperImpl : Normalizing identifier quoting [id_utenti]
2024-05-17T15:11:54.468+02:00 DEBUG 4684 --- [clothlogix] [           main] o.h.boot.model.internal.AnnotatedColumn  : Binding column: AnnotatedJoinColumn(column='id_utenti')
2024-05-17T15:11:54.468+02:00 TRACE 4684 --- [clothlogix] [           main] .e.j.e.i.NormalizingIdentifierHelperImpl : Normalizing identifier quoting [utenti]
2024-05-17T15:11:54.468+02:00 TRACE 4684 --- [clothlogix] [           main] .e.j.e.i.NormalizingIdentifierHelperImpl : Normalizing identifier quoting [utenti]
2024-05-17T15:11:54.468+02:00 DEBUG 4684 --- [clothlogix] [           main] o.h.boot.model.internal.AnnotatedColumn  : Binding column: AnnotatedColumn()
2024-05-17T15:11:54.468+02:00 TRACE 4684 --- [clothlogix] [           main] .e.j.e.i.NormalizingIdentifierHelperImpl : Normalizing identifier quoting [utenti_ORDER]
2024-05-17T15:11:54.468+02:00 DEBUG 4684 --- [clothlogix] [           main] o.h.boot.model.internal.AnnotatedColumn  : Binding column: IndexColumn(column='utenti_ORDER')
2024-05-17T15:11:54.472+02:00 TRACE 4684 --- [clothlogix] [           main] .e.j.e.i.NormalizingIdentifierHelperImpl : Normalizing identifier quoting [element]
2024-05-17T15:11:54.472+02:00 TRACE 4684 --- [clothlogix] [           main] .e.j.e.i.NormalizingIdentifierHelperImpl : Normalizing identifier quoting [element]
2024-05-17T15:11:54.472+02:00 DEBUG 4684 --- [clothlogix] [           main] o.h.boot.model.internal.AnnotatedColumn  : Binding column: AnnotatedColumn()
2024-05-17T15:11:54.472+02:00 TRACE 4684 --- [clothlogix] [           main] .e.j.e.i.NormalizingIdentifierHelperImpl : Normalizing identifier quoting [utenti_KEY]
2024-05-17T15:11:54.472+02:00 DEBUG 4684 --- [clothlogix] [           main] o.h.boot.model.internal.AnnotatedColumn  : Binding column: AnnotatedColumn(column='utenti_KEY')
2024-05-17T15:11:54.472+02:00 TRACE 4684 --- [clothlogix] [           main] .e.j.e.i.NormalizingIdentifierHelperImpl : Normalizing identifier quoting [utenti_KEY]
2024-05-17T15:11:54.472+02:00 DEBUG 4684 --- [clothlogix] [           main] o.h.boot.model.internal.AnnotatedColumn  : Binding column: AnnotatedJoinColumn(column='utenti_KEY')
2024-05-17T15:11:54.472+02:00 DEBUG 4684 --- [clothlogix] [           main] o.h.boot.model.internal.AnnotatedColumn  : Binding column: AnnotatedJoinColumn()
2024-05-17T15:11:54.472+02:00 DEBUG 4684 --- [clothlogix] [           main] o.h.boot.model.internal.AnnotatedColumn  : Binding column: AnnotatedJoinColumn()
2024-05-17T15:11:54.472+02:00 DEBUG 4684 --- [clothlogix] [           main] o.h.b.model.internal.CollectionBinder    : Collection role: com.fabless.clothlogix.model.entities.ProfiloEntity.utenti
2024-05-17T15:11:54.472+02:00 DEBUG 4684 --- [clothlogix] [           main] o.h.boot.model.internal.PropertyBinder   : Building property utenti
2024-05-17T15:11:54.472+02:00 TRACE 4684 --- [clothlogix] [           main] o.h.boot.model.internal.PropertyBinder   : Cascading utenti with none
2024-05-17T15:11:54.472+02:00 DEBUG 4684 --- [clothlogix] [           main] o.h.b.r.c.i.ClassLoaderServiceImpl       : HHH000194: Package not found or wo package-info.java: com.fabless.clothlogix.model.entities
2024-05-17T15:11:54.472+02:00 DEBUG 4684 --- [clothlogix] [           main] o.h.boot.model.internal.EntityBinder     : Binding entity from annotated class: com.fabless.clothlogix.model.entities.SezioneEntity
2024-05-17T15:11:54.472+02:00 DEBUG 4684 --- [clothlogix] [           main] o.h.boot.model.internal.EntityBinder     : Import with entity name SezioneEntity
2024-05-17T15:11:54.472+02:00 TRACE 4684 --- [clothlogix] [           main] o.h.b.i.InFlightMetadataCollectorImpl    : Import: SezioneEntity -> com.fabless.clothlogix.model.entities.SezioneEntity
2024-05-17T15:11:54.472+02:00 TRACE 4684 --- [clothlogix] [           main] o.h.b.i.InFlightMetadataCollectorImpl    : Import: com.fabless.clothlogix.model.entities.SezioneEntity -> com.fabless.clothlogix.model.entities.SezioneEntity
2024-05-17T15:11:54.472+02:00 TRACE 4684 --- [clothlogix] [           main] .e.j.e.i.NormalizingIdentifierHelperImpl : Normalizing identifier quoting [sezione]
2024-05-17T15:11:54.472+02:00 TRACE 4684 --- [clothlogix] [           main] .e.j.e.i.NormalizingIdentifierHelperImpl : Normalizing identifier quoting [sezione]
2024-05-17T15:11:54.472+02:00 DEBUG 4684 --- [clothlogix] [           main] o.h.boot.model.internal.EntityBinder     : Bind entity com.fabless.clothlogix.model.entities.SezioneEntity on table sezione
2024-05-17T15:11:54.472+02:00 TRACE 4684 --- [clothlogix] [           main] .e.j.e.i.NormalizingIdentifierHelperImpl : Normalizing identifier quoting [DTYPE]
2024-05-17T15:11:54.472+02:00 DEBUG 4684 --- [clothlogix] [           main] o.h.boot.model.internal.AnnotatedColumn  : Binding column: AnnotatedDiscriminatorColumn(column='DTYPE')
2024-05-17T15:11:54.472+02:00 TRACE 4684 --- [clothlogix] [           main] o.h.boot.model.internal.PropertyBinder   : Processing annotations of com.fabless.clothlogix.model.entities.SezioneEntity.id
2024-05-17T15:11:54.472+02:00 TRACE 4684 --- [clothlogix] [           main] .e.j.e.i.NormalizingIdentifierHelperImpl : Normalizing identifier quoting [id]
2024-05-17T15:11:54.472+02:00 TRACE 4684 --- [clothlogix] [           main] .e.j.e.i.NormalizingIdentifierHelperImpl : Normalizing identifier quoting [id]
2024-05-17T15:11:54.472+02:00 DEBUG 4684 --- [clothlogix] [           main] o.h.boot.model.internal.AnnotatedColumn  : Binding column: AnnotatedColumn(column='id')
2024-05-17T15:11:54.472+02:00 DEBUG 4684 --- [clothlogix] [           main] o.h.boot.internal.ClassLoaderAccessImpl  : Not known whether passed class name [com.fabless.clothlogix.model.entities.SezioneEntity] is safe
2024-05-17T15:11:54.472+02:00 DEBUG 4684 --- [clothlogix] [           main] o.h.boot.internal.ClassLoaderAccessImpl  : No temp ClassLoader provided; using live ClassLoader for loading potentially unsafe class : com.fabless.clothlogix.model.entities.SezioneEntity
2024-05-17T15:11:54.472+02:00 DEBUG 4684 --- [clothlogix] [           main] o.h.boot.model.internal.PropertyBinder   : MetadataSourceProcessor property id with lazy=false
2024-05-17T15:11:54.472+02:00 DEBUG 4684 --- [clothlogix] [           main] o.h.b.m.internal.AbstractPropertyHolder  : Attempting to locate auto-apply AttributeConverter for property [com.fabless.clothlogix.model.entities.SezioneEntity:id]
2024-05-17T15:11:54.472+02:00 DEBUG 4684 --- [clothlogix] [           main] o.h.b.model.internal.BasicValueBinder    : building BasicValue for id
2024-05-17T15:11:54.472+02:00 DEBUG 4684 --- [clothlogix] [           main] org.hibernate.mapping.BasicValue         : Skipping column re-registration: sezione.id
2024-05-17T15:11:54.472+02:00 TRACE 4684 --- [clothlogix] [           main] .e.j.e.i.NormalizingIdentifierHelperImpl : Normalizing identifier quoting [id]
2024-05-17T15:11:54.472+02:00 DEBUG 4684 --- [clothlogix] [           main] o.h.boot.model.internal.PropertyBinder   : Building property id
2024-05-17T15:11:54.472+02:00 TRACE 4684 --- [clothlogix] [           main] o.h.boot.model.internal.PropertyBinder   : Cascading id with null
2024-05-17T15:11:54.472+02:00 DEBUG 4684 --- [clothlogix] [           main] o.h.boot.model.internal.BinderHelper     : #makeIdGenerator(BasicValue([Column(id)]), id, identity, , ...)
2024-05-17T15:11:54.472+02:00 TRACE 4684 --- [clothlogix] [           main] o.h.boot.model.internal.PropertyBinder   : Bind @Id on id
2024-05-17T15:11:54.472+02:00 TRACE 4684 --- [clothlogix] [           main] o.h.boot.model.internal.PropertyBinder   : Processing annotations of com.fabless.clothlogix.model.entities.SezioneEntity.fila
2024-05-17T15:11:54.472+02:00 TRACE 4684 --- [clothlogix] [           main] .e.j.e.i.NormalizingIdentifierHelperImpl : Normalizing identifier quoting [fila]
2024-05-17T15:11:54.472+02:00 TRACE 4684 --- [clothlogix] [           main] .e.j.e.i.NormalizingIdentifierHelperImpl : Normalizing identifier quoting [fila]
2024-05-17T15:11:54.472+02:00 DEBUG 4684 --- [clothlogix] [           main] o.h.boot.model.internal.AnnotatedColumn  : Binding column: AnnotatedColumn(column='fila')
2024-05-17T15:11:54.472+02:00 DEBUG 4684 --- [clothlogix] [           main] o.h.boot.model.internal.PropertyBinder   : MetadataSourceProcessor property fila with lazy=false
2024-05-17T15:11:54.472+02:00 DEBUG 4684 --- [clothlogix] [           main] o.h.b.m.internal.AbstractPropertyHolder  : Attempting to locate auto-apply AttributeConverter for property [com.fabless.clothlogix.model.entities.SezioneEntity:fila]
2024-05-17T15:11:54.472+02:00 DEBUG 4684 --- [clothlogix] [           main] o.h.b.model.internal.BasicValueBinder    : building BasicValue for fila
2024-05-17T15:11:54.472+02:00 DEBUG 4684 --- [clothlogix] [           main] org.hibernate.mapping.BasicValue         : Skipping column re-registration: sezione.fila
2024-05-17T15:11:54.472+02:00 TRACE 4684 --- [clothlogix] [           main] .e.j.e.i.NormalizingIdentifierHelperImpl : Normalizing identifier quoting [fila]
2024-05-17T15:11:54.472+02:00 DEBUG 4684 --- [clothlogix] [           main] o.h.boot.model.internal.PropertyBinder   : Building property fila
2024-05-17T15:11:54.472+02:00 TRACE 4684 --- [clothlogix] [           main] o.h.boot.model.internal.PropertyBinder   : Cascading fila with null
2024-05-17T15:11:54.472+02:00 TRACE 4684 --- [clothlogix] [           main] o.h.boot.model.internal.PropertyBinder   : Processing annotations of com.fabless.clothlogix.model.entities.SezioneEntity.prodotti
2024-05-17T15:11:54.472+02:00 DEBUG 4684 --- [clothlogix] [           main] o.h.boot.model.internal.AnnotatedColumn  : Binding column: AnnotatedJoinColumn()
2024-05-17T15:11:54.472+02:00 TRACE 4684 --- [clothlogix] [           main] .e.j.e.i.NormalizingIdentifierHelperImpl : Normalizing identifier quoting [prodotti]
2024-05-17T15:11:54.472+02:00 TRACE 4684 --- [clothlogix] [           main] .e.j.e.i.NormalizingIdentifierHelperImpl : Normalizing identifier quoting [prodotti]
2024-05-17T15:11:54.472+02:00 DEBUG 4684 --- [clothlogix] [           main] o.h.boot.model.internal.AnnotatedColumn  : Binding column: AnnotatedColumn()
2024-05-17T15:11:54.472+02:00 TRACE 4684 --- [clothlogix] [           main] .e.j.e.i.NormalizingIdentifierHelperImpl : Normalizing identifier quoting [prodotti_ORDER]
2024-05-17T15:11:54.472+02:00 DEBUG 4684 --- [clothlogix] [           main] o.h.boot.model.internal.AnnotatedColumn  : Binding column: IndexColumn(column='prodotti_ORDER')
2024-05-17T15:11:54.472+02:00 TRACE 4684 --- [clothlogix] [           main] .e.j.e.i.NormalizingIdentifierHelperImpl : Normalizing identifier quoting [element]
2024-05-17T15:11:54.472+02:00 TRACE 4684 --- [clothlogix] [           main] .e.j.e.i.NormalizingIdentifierHelperImpl : Normalizing identifier quoting [element]
2024-05-17T15:11:54.472+02:00 DEBUG 4684 --- [clothlogix] [           main] o.h.boot.model.internal.AnnotatedColumn  : Binding column: AnnotatedColumn()
2024-05-17T15:11:54.472+02:00 TRACE 4684 --- [clothlogix] [           main] .e.j.e.i.NormalizingIdentifierHelperImpl : Normalizing identifier quoting [prodotti_KEY]
2024-05-17T15:11:54.472+02:00 DEBUG 4684 --- [clothlogix] [           main] o.h.boot.model.internal.AnnotatedColumn  : Binding column: AnnotatedColumn(column='prodotti_KEY')
2024-05-17T15:11:54.472+02:00 TRACE 4684 --- [clothlogix] [           main] .e.j.e.i.NormalizingIdentifierHelperImpl : Normalizing identifier quoting [prodotti_KEY]
2024-05-17T15:11:54.472+02:00 DEBUG 4684 --- [clothlogix] [           main] o.h.boot.model.internal.AnnotatedColumn  : Binding column: AnnotatedJoinColumn(column='prodotti_KEY')
2024-05-17T15:11:54.472+02:00 DEBUG 4684 --- [clothlogix] [           main] o.h.boot.model.internal.AnnotatedColumn  : Binding column: AnnotatedJoinColumn()
2024-05-17T15:11:54.472+02:00 DEBUG 4684 --- [clothlogix] [           main] o.h.boot.model.internal.AnnotatedColumn  : Binding column: AnnotatedJoinColumn()
2024-05-17T15:11:54.472+02:00 DEBUG 4684 --- [clothlogix] [           main] o.h.b.model.internal.CollectionBinder    : Collection role: com.fabless.clothlogix.model.entities.SezioneEntity.prodotti
2024-05-17T15:11:54.472+02:00 DEBUG 4684 --- [clothlogix] [           main] o.h.boot.model.internal.PropertyBinder   : Building property prodotti
2024-05-17T15:11:54.472+02:00 TRACE 4684 --- [clothlogix] [           main] o.h.boot.model.internal.PropertyBinder   : Cascading prodotti with none
2024-05-17T15:11:54.472+02:00 TRACE 4684 --- [clothlogix] [           main] o.h.boot.model.internal.PropertyBinder   : Processing annotations of com.fabless.clothlogix.model.entities.SezioneEntity.scaffale
2024-05-17T15:11:54.472+02:00 TRACE 4684 --- [clothlogix] [           main] .e.j.e.i.NormalizingIdentifierHelperImpl : Normalizing identifier quoting [scaffale]
2024-05-17T15:11:54.472+02:00 TRACE 4684 --- [clothlogix] [           main] .e.j.e.i.NormalizingIdentifierHelperImpl : Normalizing identifier quoting [scaffale]
2024-05-17T15:11:54.472+02:00 DEBUG 4684 --- [clothlogix] [           main] o.h.boot.model.internal.AnnotatedColumn  : Binding column: AnnotatedColumn(column='scaffale')
2024-05-17T15:11:54.482+02:00 DEBUG 4684 --- [clothlogix] [           main] o.h.boot.model.internal.PropertyBinder   : MetadataSourceProcessor property scaffale with lazy=false
2024-05-17T15:11:54.482+02:00 DEBUG 4684 --- [clothlogix] [           main] o.h.b.m.internal.AbstractPropertyHolder  : Attempting to locate auto-apply AttributeConverter for property [com.fabless.clothlogix.model.entities.SezioneEntity:scaffale]
2024-05-17T15:11:54.482+02:00 DEBUG 4684 --- [clothlogix] [           main] o.h.b.model.internal.BasicValueBinder    : building BasicValue for scaffale
2024-05-17T15:11:54.482+02:00 DEBUG 4684 --- [clothlogix] [           main] org.hibernate.mapping.BasicValue         : Skipping column re-registration: sezione.scaffale
2024-05-17T15:11:54.482+02:00 TRACE 4684 --- [clothlogix] [           main] .e.j.e.i.NormalizingIdentifierHelperImpl : Normalizing identifier quoting [scaffale]
2024-05-17T15:11:54.482+02:00 DEBUG 4684 --- [clothlogix] [           main] o.h.boot.model.internal.PropertyBinder   : Building property scaffale
2024-05-17T15:11:54.482+02:00 TRACE 4684 --- [clothlogix] [           main] o.h.boot.model.internal.PropertyBinder   : Cascading scaffale with null
2024-05-17T15:11:54.482+02:00 DEBUG 4684 --- [clothlogix] [           main] o.h.b.r.c.i.ClassLoaderServiceImpl       : HHH000194: Package not found or wo package-info.java: com.fabless.clothlogix.model.entities
2024-05-17T15:11:54.482+02:00 DEBUG 4684 --- [clothlogix] [           main] o.h.boot.model.internal.EntityBinder     : Binding entity from annotated class: com.fabless.clothlogix.model.entities.TagliaEntity
2024-05-17T15:11:54.484+02:00 DEBUG 4684 --- [clothlogix] [           main] o.h.boot.model.internal.EntityBinder     : Import with entity name TagliaEntity
2024-05-17T15:11:54.484+02:00 TRACE 4684 --- [clothlogix] [           main] o.h.b.i.InFlightMetadataCollectorImpl    : Import: TagliaEntity -> com.fabless.clothlogix.model.entities.TagliaEntity
2024-05-17T15:11:54.484+02:00 TRACE 4684 --- [clothlogix] [           main] o.h.b.i.InFlightMetadataCollectorImpl    : Import: com.fabless.clothlogix.model.entities.TagliaEntity -> com.fabless.clothlogix.model.entities.TagliaEntity
2024-05-17T15:11:54.484+02:00 TRACE 4684 --- [clothlogix] [           main] .e.j.e.i.NormalizingIdentifierHelperImpl : Normalizing identifier quoting [taglia]
2024-05-17T15:11:54.484+02:00 TRACE 4684 --- [clothlogix] [           main] .e.j.e.i.NormalizingIdentifierHelperImpl : Normalizing identifier quoting [taglia]
2024-05-17T15:11:54.485+02:00 DEBUG 4684 --- [clothlogix] [           main] o.h.boot.model.internal.EntityBinder     : Bind entity com.fabless.clothlogix.model.entities.TagliaEntity on table taglia
2024-05-17T15:11:54.485+02:00 TRACE 4684 --- [clothlogix] [           main] .e.j.e.i.NormalizingIdentifierHelperImpl : Normalizing identifier quoting [DTYPE]
2024-05-17T15:11:54.485+02:00 DEBUG 4684 --- [clothlogix] [           main] o.h.boot.model.internal.AnnotatedColumn  : Binding column: AnnotatedDiscriminatorColumn(column='DTYPE')
2024-05-17T15:11:54.485+02:00 TRACE 4684 --- [clothlogix] [           main] o.h.boot.model.internal.PropertyBinder   : Processing annotations of com.fabless.clothlogix.model.entities.TagliaEntity.id
2024-05-17T15:11:54.485+02:00 TRACE 4684 --- [clothlogix] [           main] .e.j.e.i.NormalizingIdentifierHelperImpl : Normalizing identifier quoting [id]
2024-05-17T15:11:54.485+02:00 TRACE 4684 --- [clothlogix] [           main] .e.j.e.i.NormalizingIdentifierHelperImpl : Normalizing identifier quoting [id]
2024-05-17T15:11:54.485+02:00 DEBUG 4684 --- [clothlogix] [           main] o.h.boot.model.internal.AnnotatedColumn  : Binding column: AnnotatedColumn(column='id')
2024-05-17T15:11:54.485+02:00 DEBUG 4684 --- [clothlogix] [           main] o.h.boot.internal.ClassLoaderAccessImpl  : Not known whether passed class name [com.fabless.clothlogix.model.entities.TagliaEntity] is safe
2024-05-17T15:11:54.485+02:00 DEBUG 4684 --- [clothlogix] [           main] o.h.boot.internal.ClassLoaderAccessImpl  : No temp ClassLoader provided; using live ClassLoader for loading potentially unsafe class : com.fabless.clothlogix.model.entities.TagliaEntity
2024-05-17T15:11:54.485+02:00 DEBUG 4684 --- [clothlogix] [           main] o.h.boot.model.internal.PropertyBinder   : MetadataSourceProcessor property id with lazy=false
2024-05-17T15:11:54.485+02:00 DEBUG 4684 --- [clothlogix] [           main] o.h.b.m.internal.AbstractPropertyHolder  : Attempting to locate auto-apply AttributeConverter for property [com.fabless.clothlogix.model.entities.TagliaEntity:id]
2024-05-17T15:11:54.485+02:00 DEBUG 4684 --- [clothlogix] [           main] o.h.b.model.internal.BasicValueBinder    : building BasicValue for id
2024-05-17T15:11:54.485+02:00 DEBUG 4684 --- [clothlogix] [           main] org.hibernate.mapping.BasicValue         : Skipping column re-registration: taglia.id
2024-05-17T15:11:54.485+02:00 TRACE 4684 --- [clothlogix] [           main] .e.j.e.i.NormalizingIdentifierHelperImpl : Normalizing identifier quoting [id]
2024-05-17T15:11:54.485+02:00 DEBUG 4684 --- [clothlogix] [           main] o.h.boot.model.internal.PropertyBinder   : Building property id
2024-05-17T15:11:54.485+02:00 TRACE 4684 --- [clothlogix] [           main] o.h.boot.model.internal.PropertyBinder   : Cascading id with null
2024-05-17T15:11:54.485+02:00 DEBUG 4684 --- [clothlogix] [           main] o.h.boot.model.internal.BinderHelper     : #makeIdGenerator(BasicValue([Column(id)]), id, identity, , ...)
2024-05-17T15:11:54.485+02:00 TRACE 4684 --- [clothlogix] [           main] o.h.boot.model.internal.PropertyBinder   : Bind @Id on id
2024-05-17T15:11:54.485+02:00 TRACE 4684 --- [clothlogix] [           main] o.h.boot.model.internal.PropertyBinder   : Processing annotations of com.fabless.clothlogix.model.entities.TagliaEntity.descrizione
2024-05-17T15:11:54.485+02:00 TRACE 4684 --- [clothlogix] [           main] .e.j.e.i.NormalizingIdentifierHelperImpl : Normalizing identifier quoting [descrizione]
2024-05-17T15:11:54.485+02:00 TRACE 4684 --- [clothlogix] [           main] .e.j.e.i.NormalizingIdentifierHelperImpl : Normalizing identifier quoting [descrizione]
2024-05-17T15:11:54.485+02:00 DEBUG 4684 --- [clothlogix] [           main] o.h.boot.model.internal.AnnotatedColumn  : Binding column: AnnotatedColumn(column='descrizione')
2024-05-17T15:11:54.485+02:00 DEBUG 4684 --- [clothlogix] [           main] o.h.boot.model.internal.PropertyBinder   : MetadataSourceProcessor property descrizione with lazy=false
2024-05-17T15:11:54.485+02:00 DEBUG 4684 --- [clothlogix] [           main] o.h.b.m.internal.AbstractPropertyHolder  : Attempting to locate auto-apply AttributeConverter for property [com.fabless.clothlogix.model.entities.TagliaEntity:descrizione]
2024-05-17T15:11:54.485+02:00 DEBUG 4684 --- [clothlogix] [           main] o.h.b.model.internal.BasicValueBinder    : building BasicValue for descrizione
2024-05-17T15:11:54.485+02:00 DEBUG 4684 --- [clothlogix] [           main] org.hibernate.mapping.BasicValue         : Skipping column re-registration: taglia.descrizione
2024-05-17T15:11:54.485+02:00 TRACE 4684 --- [clothlogix] [           main] .e.j.e.i.NormalizingIdentifierHelperImpl : Normalizing identifier quoting [descrizione]
2024-05-17T15:11:54.485+02:00 DEBUG 4684 --- [clothlogix] [           main] o.h.boot.model.internal.PropertyBinder   : Building property descrizione
2024-05-17T15:11:54.485+02:00 TRACE 4684 --- [clothlogix] [           main] o.h.boot.model.internal.PropertyBinder   : Cascading descrizione with null
2024-05-17T15:11:54.485+02:00 TRACE 4684 --- [clothlogix] [           main] o.h.boot.model.internal.PropertyBinder   : Processing annotations of com.fabless.clothlogix.model.entities.TagliaEntity.prodotti
2024-05-17T15:11:54.485+02:00 TRACE 4684 --- [clothlogix] [           main] .e.j.e.i.NormalizingIdentifierHelperImpl : Normalizing identifier quoting [prodotti_ORDER]
2024-05-17T15:11:54.485+02:00 DEBUG 4684 --- [clothlogix] [           main] o.h.boot.model.internal.AnnotatedColumn  : Binding column: IndexColumn(column='prodotti_ORDER')
2024-05-17T15:11:54.485+02:00 TRACE 4684 --- [clothlogix] [           main] .e.j.e.i.NormalizingIdentifierHelperImpl : Normalizing identifier quoting [element]
2024-05-17T15:11:54.485+02:00 TRACE 4684 --- [clothlogix] [           main] .e.j.e.i.NormalizingIdentifierHelperImpl : Normalizing identifier quoting [element]
2024-05-17T15:11:54.485+02:00 DEBUG 4684 --- [clothlogix] [           main] o.h.boot.model.internal.AnnotatedColumn  : Binding column: AnnotatedColumn()
2024-05-17T15:11:54.485+02:00 TRACE 4684 --- [clothlogix] [           main] .e.j.e.i.NormalizingIdentifierHelperImpl : Normalizing identifier quoting [prodotti_KEY]
2024-05-17T15:11:54.485+02:00 DEBUG 4684 --- [clothlogix] [           main] o.h.boot.model.internal.AnnotatedColumn  : Binding column: AnnotatedColumn(column='prodotti_KEY')
2024-05-17T15:11:54.485+02:00 TRACE 4684 --- [clothlogix] [           main] .e.j.e.i.NormalizingIdentifierHelperImpl : Normalizing identifier quoting [prodotti_KEY]
2024-05-17T15:11:54.485+02:00 DEBUG 4684 --- [clothlogix] [           main] o.h.boot.model.internal.AnnotatedColumn  : Binding column: AnnotatedJoinColumn(column='prodotti_KEY')
2024-05-17T15:11:54.485+02:00 DEBUG 4684 --- [clothlogix] [           main] o.h.boot.model.internal.AnnotatedColumn  : Binding column: AnnotatedJoinColumn()
2024-05-17T15:11:54.485+02:00 DEBUG 4684 --- [clothlogix] [           main] o.h.boot.model.internal.AnnotatedColumn  : Binding column: AnnotatedJoinColumn()
2024-05-17T15:11:54.485+02:00 DEBUG 4684 --- [clothlogix] [           main] o.h.b.model.internal.CollectionBinder    : Collection role: com.fabless.clothlogix.model.entities.TagliaEntity.prodotti
2024-05-17T15:11:54.485+02:00 DEBUG 4684 --- [clothlogix] [           main] o.h.boot.model.internal.PropertyBinder   : Building property prodotti
2024-05-17T15:11:54.485+02:00 TRACE 4684 --- [clothlogix] [           main] o.h.boot.model.internal.PropertyBinder   : Cascading prodotti with none
2024-05-17T15:11:54.485+02:00 DEBUG 4684 --- [clothlogix] [           main] o.h.b.r.c.i.ClassLoaderServiceImpl       : HHH000194: Package not found or wo package-info.java: com.fabless.clothlogix.model.entities
2024-05-17T15:11:54.485+02:00 DEBUG 4684 --- [clothlogix] [           main] o.h.boot.model.internal.EntityBinder     : Binding entity from annotated class: com.fabless.clothlogix.model.entities.TipoEntity
2024-05-17T15:11:54.485+02:00 DEBUG 4684 --- [clothlogix] [           main] o.h.boot.model.internal.EntityBinder     : Import with entity name TipoEntity
2024-05-17T15:11:54.485+02:00 TRACE 4684 --- [clothlogix] [           main] o.h.b.i.InFlightMetadataCollectorImpl    : Import: TipoEntity -> com.fabless.clothlogix.model.entities.TipoEntity
2024-05-17T15:11:54.485+02:00 TRACE 4684 --- [clothlogix] [           main] o.h.b.i.InFlightMetadataCollectorImpl    : Import: com.fabless.clothlogix.model.entities.TipoEntity -> com.fabless.clothlogix.model.entities.TipoEntity
2024-05-17T15:11:54.485+02:00 TRACE 4684 --- [clothlogix] [           main] .e.j.e.i.NormalizingIdentifierHelperImpl : Normalizing identifier quoting [tipo]
2024-05-17T15:11:54.485+02:00 TRACE 4684 --- [clothlogix] [           main] .e.j.e.i.NormalizingIdentifierHelperImpl : Normalizing identifier quoting [tipo]
2024-05-17T15:11:54.485+02:00 DEBUG 4684 --- [clothlogix] [           main] o.h.boot.model.internal.EntityBinder     : Bind entity com.fabless.clothlogix.model.entities.TipoEntity on table tipo
2024-05-17T15:11:54.485+02:00 TRACE 4684 --- [clothlogix] [           main] .e.j.e.i.NormalizingIdentifierHelperImpl : Normalizing identifier quoting [DTYPE]
2024-05-17T15:11:54.485+02:00 DEBUG 4684 --- [clothlogix] [           main] o.h.boot.model.internal.AnnotatedColumn  : Binding column: AnnotatedDiscriminatorColumn(column='DTYPE')
2024-05-17T15:11:54.492+02:00 TRACE 4684 --- [clothlogix] [           main] o.h.boot.model.internal.PropertyBinder   : Processing annotations of com.fabless.clothlogix.model.entities.TipoEntity.id
2024-05-17T15:11:54.492+02:00 TRACE 4684 --- [clothlogix] [           main] .e.j.e.i.NormalizingIdentifierHelperImpl : Normalizing identifier quoting [id]
2024-05-17T15:11:54.492+02:00 TRACE 4684 --- [clothlogix] [           main] .e.j.e.i.NormalizingIdentifierHelperImpl : Normalizing identifier quoting [id]
2024-05-17T15:11:54.492+02:00 DEBUG 4684 --- [clothlogix] [           main] o.h.boot.model.internal.AnnotatedColumn  : Binding column: AnnotatedColumn(column='id')
2024-05-17T15:11:54.492+02:00 DEBUG 4684 --- [clothlogix] [           main] o.h.boot.internal.ClassLoaderAccessImpl  : Not known whether passed class name [com.fabless.clothlogix.model.entities.TipoEntity] is safe
2024-05-17T15:11:54.492+02:00 DEBUG 4684 --- [clothlogix] [           main] o.h.boot.internal.ClassLoaderAccessImpl  : No temp ClassLoader provided; using live ClassLoader for loading potentially unsafe class : com.fabless.clothlogix.model.entities.TipoEntity
2024-05-17T15:11:54.492+02:00 DEBUG 4684 --- [clothlogix] [           main] o.h.boot.model.internal.PropertyBinder   : MetadataSourceProcessor property id with lazy=false
2024-05-17T15:11:54.492+02:00 DEBUG 4684 --- [clothlogix] [           main] o.h.b.m.internal.AbstractPropertyHolder  : Attempting to locate auto-apply AttributeConverter for property [com.fabless.clothlogix.model.entities.TipoEntity:id]
2024-05-17T15:11:54.492+02:00 DEBUG 4684 --- [clothlogix] [           main] o.h.b.model.internal.BasicValueBinder    : building BasicValue for id
2024-05-17T15:11:54.492+02:00 DEBUG 4684 --- [clothlogix] [           main] org.hibernate.mapping.BasicValue         : Skipping column re-registration: tipo.id
2024-05-17T15:11:54.492+02:00 TRACE 4684 --- [clothlogix] [           main] .e.j.e.i.NormalizingIdentifierHelperImpl : Normalizing identifier quoting [id]
2024-05-17T15:11:54.492+02:00 DEBUG 4684 --- [clothlogix] [           main] o.h.boot.model.internal.PropertyBinder   : Building property id
2024-05-17T15:11:54.492+02:00 TRACE 4684 --- [clothlogix] [           main] o.h.boot.model.internal.PropertyBinder   : Cascading id with null
2024-05-17T15:11:54.492+02:00 DEBUG 4684 --- [clothlogix] [           main] o.h.boot.model.internal.BinderHelper     : #makeIdGenerator(BasicValue([Column(id)]), id, identity, , ...)
2024-05-17T15:11:54.492+02:00 TRACE 4684 --- [clothlogix] [           main] o.h.boot.model.internal.PropertyBinder   : Bind @Id on id
2024-05-17T15:11:54.492+02:00 TRACE 4684 --- [clothlogix] [           main] o.h.boot.model.internal.PropertyBinder   : Processing annotations of com.fabless.clothlogix.model.entities.TipoEntity.descrizione
2024-05-17T15:11:54.492+02:00 TRACE 4684 --- [clothlogix] [           main] .e.j.e.i.NormalizingIdentifierHelperImpl : Normalizing identifier quoting [descrizione]
2024-05-17T15:11:54.492+02:00 TRACE 4684 --- [clothlogix] [           main] .e.j.e.i.NormalizingIdentifierHelperImpl : Normalizing identifier quoting [descrizione]
2024-05-17T15:11:54.492+02:00 DEBUG 4684 --- [clothlogix] [           main] o.h.boot.model.internal.AnnotatedColumn  : Binding column: AnnotatedColumn(column='descrizione')
2024-05-17T15:11:54.492+02:00 DEBUG 4684 --- [clothlogix] [           main] o.h.boot.model.internal.PropertyBinder   : MetadataSourceProcessor property descrizione with lazy=false
2024-05-17T15:11:54.492+02:00 DEBUG 4684 --- [clothlogix] [           main] o.h.b.m.internal.AbstractPropertyHolder  : Attempting to locate auto-apply AttributeConverter for property [com.fabless.clothlogix.model.entities.TipoEntity:descrizione]
2024-05-17T15:11:54.492+02:00 DEBUG 4684 --- [clothlogix] [           main] o.h.b.model.internal.BasicValueBinder    : building BasicValue for descrizione
2024-05-17T15:11:54.492+02:00 DEBUG 4684 --- [clothlogix] [           main] org.hibernate.mapping.BasicValue         : Skipping column re-registration: tipo.descrizione
2024-05-17T15:11:54.492+02:00 TRACE 4684 --- [clothlogix] [           main] .e.j.e.i.NormalizingIdentifierHelperImpl : Normalizing identifier quoting [descrizione]
2024-05-17T15:11:54.492+02:00 DEBUG 4684 --- [clothlogix] [           main] o.h.boot.model.internal.PropertyBinder   : Building property descrizione
2024-05-17T15:11:54.492+02:00 TRACE 4684 --- [clothlogix] [           main] o.h.boot.model.internal.PropertyBinder   : Cascading descrizione with null
2024-05-17T15:11:54.492+02:00 TRACE 4684 --- [clothlogix] [           main] o.h.boot.model.internal.PropertyBinder   : Processing annotations of com.fabless.clothlogix.model.entities.TipoEntity.prodotti
2024-05-17T15:11:54.492+02:00 TRACE 4684 --- [clothlogix] [           main] .e.j.e.i.NormalizingIdentifierHelperImpl : Normalizing identifier quoting [prodotti_ORDER]
2024-05-17T15:11:54.492+02:00 DEBUG 4684 --- [clothlogix] [           main] o.h.boot.model.internal.AnnotatedColumn  : Binding column: IndexColumn(column='prodotti_ORDER')
2024-05-17T15:11:54.492+02:00 TRACE 4684 --- [clothlogix] [           main] .e.j.e.i.NormalizingIdentifierHelperImpl : Normalizing identifier quoting [element]
2024-05-17T15:11:54.492+02:00 TRACE 4684 --- [clothlogix] [           main] .e.j.e.i.NormalizingIdentifierHelperImpl : Normalizing identifier quoting [element]
2024-05-17T15:11:54.492+02:00 DEBUG 4684 --- [clothlogix] [           main] o.h.boot.model.internal.AnnotatedColumn  : Binding column: AnnotatedColumn()
2024-05-17T15:11:54.492+02:00 TRACE 4684 --- [clothlogix] [           main] .e.j.e.i.NormalizingIdentifierHelperImpl : Normalizing identifier quoting [prodotti_KEY]
2024-05-17T15:11:54.492+02:00 DEBUG 4684 --- [clothlogix] [           main] o.h.boot.model.internal.AnnotatedColumn  : Binding column: AnnotatedColumn(column='prodotti_KEY')
2024-05-17T15:11:54.492+02:00 TRACE 4684 --- [clothlogix] [           main] .e.j.e.i.NormalizingIdentifierHelperImpl : Normalizing identifier quoting [prodotti_KEY]
2024-05-17T15:11:54.492+02:00 DEBUG 4684 --- [clothlogix] [           main] o.h.boot.model.internal.AnnotatedColumn  : Binding column: AnnotatedJoinColumn(column='prodotti_KEY')
2024-05-17T15:11:54.492+02:00 DEBUG 4684 --- [clothlogix] [           main] o.h.boot.model.internal.AnnotatedColumn  : Binding column: AnnotatedJoinColumn()
2024-05-17T15:11:54.492+02:00 DEBUG 4684 --- [clothlogix] [           main] o.h.boot.model.internal.AnnotatedColumn  : Binding column: AnnotatedJoinColumn()
2024-05-17T15:11:54.492+02:00 DEBUG 4684 --- [clothlogix] [           main] o.h.b.model.internal.CollectionBinder    : Collection role: com.fabless.clothlogix.model.entities.TipoEntity.prodotti
2024-05-17T15:11:54.492+02:00 DEBUG 4684 --- [clothlogix] [           main] o.h.boot.model.internal.PropertyBinder   : Building property prodotti
2024-05-17T15:11:54.492+02:00 TRACE 4684 --- [clothlogix] [           main] o.h.boot.model.internal.PropertyBinder   : Cascading prodotti with none
2024-05-17T15:11:54.492+02:00 DEBUG 4684 --- [clothlogix] [           main] o.h.b.r.c.i.ClassLoaderServiceImpl       : HHH000194: Package not found or wo package-info.java: com.fabless.clothlogix.model.entities
2024-05-17T15:11:54.492+02:00 DEBUG 4684 --- [clothlogix] [           main] o.h.boot.model.internal.EntityBinder     : Binding entity from annotated class: com.fabless.clothlogix.model.entities.UtenteEntity
2024-05-17T15:11:54.492+02:00 DEBUG 4684 --- [clothlogix] [           main] o.h.boot.model.internal.EntityBinder     : Import with entity name UtenteEntity
2024-05-17T15:11:54.492+02:00 TRACE 4684 --- [clothlogix] [           main] o.h.b.i.InFlightMetadataCollectorImpl    : Import: UtenteEntity -> com.fabless.clothlogix.model.entities.UtenteEntity
2024-05-17T15:11:54.492+02:00 TRACE 4684 --- [clothlogix] [           main] o.h.b.i.InFlightMetadataCollectorImpl    : Import: com.fabless.clothlogix.model.entities.UtenteEntity -> com.fabless.clothlogix.model.entities.UtenteEntity
2024-05-17T15:11:54.492+02:00 TRACE 4684 --- [clothlogix] [           main] .e.j.e.i.NormalizingIdentifierHelperImpl : Normalizing identifier quoting [utente]
2024-05-17T15:11:54.492+02:00 TRACE 4684 --- [clothlogix] [           main] .e.j.e.i.NormalizingIdentifierHelperImpl : Normalizing identifier quoting [utente]
2024-05-17T15:11:54.492+02:00 DEBUG 4684 --- [clothlogix] [           main] o.h.boot.model.internal.EntityBinder     : Bind entity com.fabless.clothlogix.model.entities.UtenteEntity on table utente
2024-05-17T15:11:54.492+02:00 TRACE 4684 --- [clothlogix] [           main] .e.j.e.i.NormalizingIdentifierHelperImpl : Normalizing identifier quoting [DTYPE]
2024-05-17T15:11:54.492+02:00 DEBUG 4684 --- [clothlogix] [           main] o.h.boot.model.internal.AnnotatedColumn  : Binding column: AnnotatedDiscriminatorColumn(column='DTYPE')
2024-05-17T15:11:54.500+02:00 TRACE 4684 --- [clothlogix] [           main] o.h.boot.model.internal.PropertyBinder   : Processing annotations of com.fabless.clothlogix.model.entities.UtenteEntity.id
2024-05-17T15:11:54.500+02:00 TRACE 4684 --- [clothlogix] [           main] .e.j.e.i.NormalizingIdentifierHelperImpl : Normalizing identifier quoting [id]
2024-05-17T15:11:54.500+02:00 TRACE 4684 --- [clothlogix] [           main] .e.j.e.i.NormalizingIdentifierHelperImpl : Normalizing identifier quoting [id]
2024-05-17T15:11:54.500+02:00 DEBUG 4684 --- [clothlogix] [           main] o.h.boot.model.internal.AnnotatedColumn  : Binding column: AnnotatedColumn(column='id')
2024-05-17T15:11:54.500+02:00 DEBUG 4684 --- [clothlogix] [           main] o.h.boot.internal.ClassLoaderAccessImpl  : Not known whether passed class name [com.fabless.clothlogix.model.entities.UtenteEntity] is safe
2024-05-17T15:11:54.500+02:00 DEBUG 4684 --- [clothlogix] [           main] o.h.boot.internal.ClassLoaderAccessImpl  : No temp ClassLoader provided; using live ClassLoader for loading potentially unsafe class : com.fabless.clothlogix.model.entities.UtenteEntity
2024-05-17T15:11:54.500+02:00 DEBUG 4684 --- [clothlogix] [           main] o.h.boot.model.internal.PropertyBinder   : MetadataSourceProcessor property id with lazy=false
2024-05-17T15:11:54.500+02:00 DEBUG 4684 --- [clothlogix] [           main] o.h.b.m.internal.AbstractPropertyHolder  : Attempting to locate auto-apply AttributeConverter for property [com.fabless.clothlogix.model.entities.UtenteEntity:id]
2024-05-17T15:11:54.500+02:00 DEBUG 4684 --- [clothlogix] [           main] o.h.b.model.internal.BasicValueBinder    : building BasicValue for id
2024-05-17T15:11:54.500+02:00 DEBUG 4684 --- [clothlogix] [           main] org.hibernate.mapping.BasicValue         : Skipping column re-registration: utente.id
2024-05-17T15:11:54.500+02:00 TRACE 4684 --- [clothlogix] [           main] .e.j.e.i.NormalizingIdentifierHelperImpl : Normalizing identifier quoting [id]
2024-05-17T15:11:54.500+02:00 DEBUG 4684 --- [clothlogix] [           main] o.h.boot.model.internal.PropertyBinder   : Building property id
2024-05-17T15:11:54.500+02:00 TRACE 4684 --- [clothlogix] [           main] o.h.boot.model.internal.PropertyBinder   : Cascading id with null
2024-05-17T15:11:54.500+02:00 DEBUG 4684 --- [clothlogix] [           main] o.h.boot.model.internal.BinderHelper     : #makeIdGenerator(BasicValue([Column(id)]), id, identity, , ...)
2024-05-17T15:11:54.500+02:00 TRACE 4684 --- [clothlogix] [           main] o.h.boot.model.internal.PropertyBinder   : Bind @Id on id
2024-05-17T15:11:54.500+02:00 TRACE 4684 --- [clothlogix] [           main] o.h.boot.model.internal.PropertyBinder   : Processing annotations of com.fabless.clothlogix.model.entities.UtenteEntity.cap
2024-05-17T15:11:54.502+02:00 TRACE 4684 --- [clothlogix] [           main] .e.j.e.i.NormalizingIdentifierHelperImpl : Normalizing identifier quoting [cap]
2024-05-17T15:11:54.502+02:00 TRACE 4684 --- [clothlogix] [           main] .e.j.e.i.NormalizingIdentifierHelperImpl : Normalizing identifier quoting [cap]
2024-05-17T15:11:54.502+02:00 DEBUG 4684 --- [clothlogix] [           main] o.h.boot.model.internal.AnnotatedColumn  : Binding column: AnnotatedColumn(column='cap')
2024-05-17T15:11:54.502+02:00 DEBUG 4684 --- [clothlogix] [           main] o.h.boot.model.internal.PropertyBinder   : MetadataSourceProcessor property cap with lazy=false
2024-05-17T15:11:54.502+02:00 DEBUG 4684 --- [clothlogix] [           main] o.h.b.m.internal.AbstractPropertyHolder  : Attempting to locate auto-apply AttributeConverter for property [com.fabless.clothlogix.model.entities.UtenteEntity:cap]
2024-05-17T15:11:54.502+02:00 DEBUG 4684 --- [clothlogix] [           main] o.h.b.model.internal.BasicValueBinder    : building BasicValue for cap
2024-05-17T15:11:54.502+02:00 DEBUG 4684 --- [clothlogix] [           main] org.hibernate.mapping.BasicValue         : Skipping column re-registration: utente.cap
2024-05-17T15:11:54.502+02:00 TRACE 4684 --- [clothlogix] [           main] .e.j.e.i.NormalizingIdentifierHelperImpl : Normalizing identifier quoting [cap]
2024-05-17T15:11:54.502+02:00 DEBUG 4684 --- [clothlogix] [           main] o.h.boot.model.internal.PropertyBinder   : Building property cap
2024-05-17T15:11:54.502+02:00 TRACE 4684 --- [clothlogix] [           main] o.h.boot.model.internal.PropertyBinder   : Cascading cap with null
2024-05-17T15:11:54.502+02:00 TRACE 4684 --- [clothlogix] [           main] o.h.boot.model.internal.PropertyBinder   : Processing annotations of com.fabless.clothlogix.model.entities.UtenteEntity.citta
2024-05-17T15:11:54.502+02:00 TRACE 4684 --- [clothlogix] [           main] .e.j.e.i.NormalizingIdentifierHelperImpl : Normalizing identifier quoting [citta]
2024-05-17T15:11:54.502+02:00 TRACE 4684 --- [clothlogix] [           main] .e.j.e.i.NormalizingIdentifierHelperImpl : Normalizing identifier quoting [citta]
2024-05-17T15:11:54.502+02:00 DEBUG 4684 --- [clothlogix] [           main] o.h.boot.model.internal.AnnotatedColumn  : Binding column: AnnotatedColumn(column='citta')
2024-05-17T15:11:54.502+02:00 DEBUG 4684 --- [clothlogix] [           main] o.h.boot.model.internal.PropertyBinder   : MetadataSourceProcessor property citta with lazy=false
2024-05-17T15:11:54.502+02:00 DEBUG 4684 --- [clothlogix] [           main] o.h.b.m.internal.AbstractPropertyHolder  : Attempting to locate auto-apply AttributeConverter for property [com.fabless.clothlogix.model.entities.UtenteEntity:citta]
2024-05-17T15:11:54.502+02:00 DEBUG 4684 --- [clothlogix] [           main] o.h.b.model.internal.BasicValueBinder    : building BasicValue for citta
2024-05-17T15:11:54.502+02:00 DEBUG 4684 --- [clothlogix] [           main] org.hibernate.mapping.BasicValue         : Skipping column re-registration: utente.citta
2024-05-17T15:11:54.502+02:00 TRACE 4684 --- [clothlogix] [           main] .e.j.e.i.NormalizingIdentifierHelperImpl : Normalizing identifier quoting [citta]
2024-05-17T15:11:54.502+02:00 DEBUG 4684 --- [clothlogix] [           main] o.h.boot.model.internal.PropertyBinder   : Building property citta
2024-05-17T15:11:54.502+02:00 TRACE 4684 --- [clothlogix] [           main] o.h.boot.model.internal.PropertyBinder   : Cascading citta with null
2024-05-17T15:11:54.502+02:00 TRACE 4684 --- [clothlogix] [           main] o.h.boot.model.internal.PropertyBinder   : Processing annotations of com.fabless.clothlogix.model.entities.UtenteEntity.cognome
2024-05-17T15:11:54.502+02:00 TRACE 4684 --- [clothlogix] [           main] .e.j.e.i.NormalizingIdentifierHelperImpl : Normalizing identifier quoting [cognome]
2024-05-17T15:11:54.502+02:00 TRACE 4684 --- [clothlogix] [           main] .e.j.e.i.NormalizingIdentifierHelperImpl : Normalizing identifier quoting [cognome]
2024-05-17T15:11:54.502+02:00 DEBUG 4684 --- [clothlogix] [           main] o.h.boot.model.internal.AnnotatedColumn  : Binding column: AnnotatedColumn(column='cognome')
2024-05-17T15:11:54.502+02:00 DEBUG 4684 --- [clothlogix] [           main] o.h.boot.model.internal.PropertyBinder   : MetadataSourceProcessor property cognome with lazy=false
2024-05-17T15:11:54.502+02:00 DEBUG 4684 --- [clothlogix] [           main] o.h.b.m.internal.AbstractPropertyHolder  : Attempting to locate auto-apply AttributeConverter for property [com.fabless.clothlogix.model.entities.UtenteEntity:cognome]
2024-05-17T15:11:54.502+02:00 DEBUG 4684 --- [clothlogix] [           main] o.h.b.model.internal.BasicValueBinder    : building BasicValue for cognome
2024-05-17T15:11:54.502+02:00 DEBUG 4684 --- [clothlogix] [           main] org.hibernate.mapping.BasicValue         : Skipping column re-registration: utente.cognome
2024-05-17T15:11:54.502+02:00 TRACE 4684 --- [clothlogix] [           main] .e.j.e.i.NormalizingIdentifierHelperImpl : Normalizing identifier quoting [cognome]
2024-05-17T15:11:54.502+02:00 DEBUG 4684 --- [clothlogix] [           main] o.h.boot.model.internal.PropertyBinder   : Building property cognome
2024-05-17T15:11:54.502+02:00 TRACE 4684 --- [clothlogix] [           main] o.h.boot.model.internal.PropertyBinder   : Cascading cognome with null
2024-05-17T15:11:54.502+02:00 TRACE 4684 --- [clothlogix] [           main] o.h.boot.model.internal.PropertyBinder   : Processing annotations of com.fabless.clothlogix.model.entities.UtenteEntity.dataDiNascita
2024-05-17T15:11:54.502+02:00 TRACE 4684 --- [clothlogix] [           main] .e.j.e.i.NormalizingIdentifierHelperImpl : Normalizing identifier quoting [data]
2024-05-17T15:11:54.502+02:00 TRACE 4684 --- [clothlogix] [           main] .e.j.e.i.NormalizingIdentifierHelperImpl : Normalizing identifier quoting [data]
2024-05-17T15:11:54.502+02:00 DEBUG 4684 --- [clothlogix] [           main] o.h.boot.model.internal.AnnotatedColumn  : Binding column: AnnotatedColumn(column='data')
2024-05-17T15:11:54.502+02:00 DEBUG 4684 --- [clothlogix] [           main] o.h.boot.model.internal.PropertyBinder   : MetadataSourceProcessor property dataDiNascita with lazy=false
2024-05-17T15:11:54.502+02:00 DEBUG 4684 --- [clothlogix] [           main] o.h.b.m.internal.AbstractPropertyHolder  : Attempting to locate auto-apply AttributeConverter for property [com.fabless.clothlogix.model.entities.UtenteEntity:dataDiNascita]
2024-05-17T15:11:54.502+02:00 DEBUG 4684 --- [clothlogix] [           main] o.h.b.model.internal.BasicValueBinder    : building BasicValue for dataDiNascita
2024-05-17T15:11:54.502+02:00 DEBUG 4684 --- [clothlogix] [           main] org.hibernate.mapping.BasicValue         : Skipping column re-registration: utente.data
2024-05-17T15:11:54.502+02:00 TRACE 4684 --- [clothlogix] [           main] .e.j.e.i.NormalizingIdentifierHelperImpl : Normalizing identifier quoting [data]
2024-05-17T15:11:54.502+02:00 DEBUG 4684 --- [clothlogix] [           main] o.h.boot.model.internal.PropertyBinder   : Building property dataDiNascita
2024-05-17T15:11:54.502+02:00 TRACE 4684 --- [clothlogix] [           main] o.h.boot.model.internal.PropertyBinder   : Cascading dataDiNascita with null
2024-05-17T15:11:54.502+02:00 TRACE 4684 --- [clothlogix] [           main] o.h.boot.model.internal.PropertyBinder   : Processing annotations of com.fabless.clothlogix.model.entities.UtenteEntity.indirizzo
2024-05-17T15:11:54.502+02:00 TRACE 4684 --- [clothlogix] [           main] .e.j.e.i.NormalizingIdentifierHelperImpl : Normalizing identifier quoting [indirizzo]
2024-05-17T15:11:54.502+02:00 TRACE 4684 --- [clothlogix] [           main] .e.j.e.i.NormalizingIdentifierHelperImpl : Normalizing identifier quoting [indirizzo]
2024-05-17T15:11:54.502+02:00 DEBUG 4684 --- [clothlogix] [           main] o.h.boot.model.internal.AnnotatedColumn  : Binding column: AnnotatedColumn(column='indirizzo')
2024-05-17T15:11:54.502+02:00 DEBUG 4684 --- [clothlogix] [           main] o.h.boot.model.internal.PropertyBinder   : MetadataSourceProcessor property indirizzo with lazy=false
2024-05-17T15:11:54.502+02:00 DEBUG 4684 --- [clothlogix] [           main] o.h.b.m.internal.AbstractPropertyHolder  : Attempting to locate auto-apply AttributeConverter for property [com.fabless.clothlogix.model.entities.UtenteEntity:indirizzo]
2024-05-17T15:11:54.502+02:00 DEBUG 4684 --- [clothlogix] [           main] o.h.b.model.internal.BasicValueBinder    : building BasicValue for indirizzo
2024-05-17T15:11:54.502+02:00 DEBUG 4684 --- [clothlogix] [           main] org.hibernate.mapping.BasicValue         : Skipping column re-registration: utente.indirizzo
2024-05-17T15:11:54.502+02:00 TRACE 4684 --- [clothlogix] [           main] .e.j.e.i.NormalizingIdentifierHelperImpl : Normalizing identifier quoting [indirizzo]
2024-05-17T15:11:54.502+02:00 DEBUG 4684 --- [clothlogix] [           main] o.h.boot.model.internal.PropertyBinder   : Building property indirizzo
2024-05-17T15:11:54.502+02:00 TRACE 4684 --- [clothlogix] [           main] o.h.boot.model.internal.PropertyBinder   : Cascading indirizzo with null
2024-05-17T15:11:54.502+02:00 TRACE 4684 --- [clothlogix] [           main] o.h.boot.model.internal.PropertyBinder   : Processing annotations of com.fabless.clothlogix.model.entities.UtenteEntity.login
2024-05-17T15:11:54.502+02:00 TRACE 4684 --- [clothlogix] [           main] .e.j.e.i.NormalizingIdentifierHelperImpl : Normalizing identifier quoting [id_login]
2024-05-17T15:11:54.502+02:00 DEBUG 4684 --- [clothlogix] [           main] o.h.boot.model.internal.AnnotatedColumn  : Binding column: AnnotatedJoinColumn(column='id_login')
2024-05-17T15:11:54.502+02:00 TRACE 4684 --- [clothlogix] [           main] .e.j.e.i.NormalizingIdentifierHelperImpl : Normalizing identifier quoting [login]
2024-05-17T15:11:54.502+02:00 TRACE 4684 --- [clothlogix] [           main] .e.j.e.i.NormalizingIdentifierHelperImpl : Normalizing identifier quoting [login]
2024-05-17T15:11:54.502+02:00 DEBUG 4684 --- [clothlogix] [           main] o.h.boot.model.internal.AnnotatedColumn  : Binding column: AnnotatedColumn()
2024-05-17T15:11:54.502+02:00 TRACE 4684 --- [clothlogix] [           main] o.h.boot.model.internal.ToOneBinder      : Fetching login with JOIN
2024-05-17T15:11:54.502+02:00 DEBUG 4684 --- [clothlogix] [           main] o.h.boot.model.internal.PropertyBinder   : Building property login
2024-05-17T15:11:54.502+02:00 TRACE 4684 --- [clothlogix] [           main] o.h.boot.model.internal.PropertyBinder   : Cascading login with none
2024-05-17T15:11:54.502+02:00 TRACE 4684 --- [clothlogix] [           main] o.h.boot.model.internal.PropertyBinder   : Processing annotations of com.fabless.clothlogix.model.entities.UtenteEntity.nazionalita
2024-05-17T15:11:54.502+02:00 TRACE 4684 --- [clothlogix] [           main] .e.j.e.i.NormalizingIdentifierHelperImpl : Normalizing identifier quoting [nazionalita]
2024-05-17T15:11:54.502+02:00 TRACE 4684 --- [clothlogix] [           main] .e.j.e.i.NormalizingIdentifierHelperImpl : Normalizing identifier quoting [nazionalita]
2024-05-17T15:11:54.502+02:00 DEBUG 4684 --- [clothlogix] [           main] o.h.boot.model.internal.AnnotatedColumn  : Binding column: AnnotatedColumn(column='nazionalita')
2024-05-17T15:11:54.502+02:00 DEBUG 4684 --- [clothlogix] [           main] o.h.boot.model.internal.PropertyBinder   : MetadataSourceProcessor property nazionalita with lazy=false
2024-05-17T15:11:54.502+02:00 DEBUG 4684 --- [clothlogix] [           main] o.h.b.m.internal.AbstractPropertyHolder  : Attempting to locate auto-apply AttributeConverter for property [com.fabless.clothlogix.model.entities.UtenteEntity:nazionalita]
2024-05-17T15:11:54.502+02:00 DEBUG 4684 --- [clothlogix] [           main] o.h.b.model.internal.BasicValueBinder    : building BasicValue for nazionalita
2024-05-17T15:11:54.502+02:00 DEBUG 4684 --- [clothlogix] [           main] org.hibernate.mapping.BasicValue         : Skipping column re-registration: utente.nazionalita
2024-05-17T15:11:54.502+02:00 TRACE 4684 --- [clothlogix] [           main] .e.j.e.i.NormalizingIdentifierHelperImpl : Normalizing identifier quoting [nazionalita]
2024-05-17T15:11:54.502+02:00 DEBUG 4684 --- [clothlogix] [           main] o.h.boot.model.internal.PropertyBinder   : Building property nazionalita
2024-05-17T15:11:54.502+02:00 TRACE 4684 --- [clothlogix] [           main] o.h.boot.model.internal.PropertyBinder   : Cascading nazionalita with null
2024-05-17T15:11:54.502+02:00 TRACE 4684 --- [clothlogix] [           main] o.h.boot.model.internal.PropertyBinder   : Processing annotations of com.fabless.clothlogix.model.entities.UtenteEntity.nome
2024-05-17T15:11:54.502+02:00 TRACE 4684 --- [clothlogix] [           main] .e.j.e.i.NormalizingIdentifierHelperImpl : Normalizing identifier quoting [nome]
2024-05-17T15:11:54.502+02:00 TRACE 4684 --- [clothlogix] [           main] .e.j.e.i.NormalizingIdentifierHelperImpl : Normalizing identifier quoting [nome]
2024-05-17T15:11:54.502+02:00 DEBUG 4684 --- [clothlogix] [           main] o.h.boot.model.internal.AnnotatedColumn  : Binding column: AnnotatedColumn(column='nome')
2024-05-17T15:11:54.502+02:00 DEBUG 4684 --- [clothlogix] [           main] o.h.boot.model.internal.PropertyBinder   : MetadataSourceProcessor property nome with lazy=false
2024-05-17T15:11:54.502+02:00 DEBUG 4684 --- [clothlogix] [           main] o.h.b.m.internal.AbstractPropertyHolder  : Attempting to locate auto-apply AttributeConverter for property [com.fabless.clothlogix.model.entities.UtenteEntity:nome]
2024-05-17T15:11:54.502+02:00 DEBUG 4684 --- [clothlogix] [           main] o.h.b.model.internal.BasicValueBinder    : building BasicValue for nome
2024-05-17T15:11:54.502+02:00 DEBUG 4684 --- [clothlogix] [           main] org.hibernate.mapping.BasicValue         : Skipping column re-registration: utente.nome
2024-05-17T15:11:54.502+02:00 TRACE 4684 --- [clothlogix] [           main] .e.j.e.i.NormalizingIdentifierHelperImpl : Normalizing identifier quoting [nome]
2024-05-17T15:11:54.502+02:00 DEBUG 4684 --- [clothlogix] [           main] o.h.boot.model.internal.PropertyBinder   : Building property nome
2024-05-17T15:11:54.502+02:00 TRACE 4684 --- [clothlogix] [           main] o.h.boot.model.internal.PropertyBinder   : Cascading nome with null
2024-05-17T15:11:54.502+02:00 TRACE 4684 --- [clothlogix] [           main] o.h.boot.model.internal.PropertyBinder   : Processing annotations of com.fabless.clothlogix.model.entities.UtenteEntity.regione
2024-05-17T15:11:54.502+02:00 TRACE 4684 --- [clothlogix] [           main] .e.j.e.i.NormalizingIdentifierHelperImpl : Normalizing identifier quoting [regione]
2024-05-17T15:11:54.502+02:00 TRACE 4684 --- [clothlogix] [           main] .e.j.e.i.NormalizingIdentifierHelperImpl : Normalizing identifier quoting [regione]
2024-05-17T15:11:54.502+02:00 DEBUG 4684 --- [clothlogix] [           main] o.h.boot.model.internal.AnnotatedColumn  : Binding column: AnnotatedColumn(column='regione')
2024-05-17T15:11:54.502+02:00 DEBUG 4684 --- [clothlogix] [           main] o.h.boot.model.internal.PropertyBinder   : MetadataSourceProcessor property regione with lazy=false
2024-05-17T15:11:54.502+02:00 DEBUG 4684 --- [clothlogix] [           main] o.h.b.m.internal.AbstractPropertyHolder  : Attempting to locate auto-apply AttributeConverter for property [com.fabless.clothlogix.model.entities.UtenteEntity:regione]
2024-05-17T15:11:54.502+02:00 DEBUG 4684 --- [clothlogix] [           main] o.h.b.model.internal.BasicValueBinder    : building BasicValue for regione
2024-05-17T15:11:54.502+02:00 DEBUG 4684 --- [clothlogix] [           main] org.hibernate.mapping.BasicValue         : Skipping column re-registration: utente.regione
2024-05-17T15:11:54.502+02:00 TRACE 4684 --- [clothlogix] [           main] .e.j.e.i.NormalizingIdentifierHelperImpl : Normalizing identifier quoting [regione]
2024-05-17T15:11:54.502+02:00 DEBUG 4684 --- [clothlogix] [           main] o.h.boot.model.internal.PropertyBinder   : Building property regione
2024-05-17T15:11:54.502+02:00 TRACE 4684 --- [clothlogix] [           main] o.h.boot.model.internal.PropertyBinder   : Cascading regione with null
2024-05-17T15:11:54.502+02:00 DEBUG 4684 --- [clothlogix] [           main] o.h.b.r.c.i.ClassLoaderServiceImpl       : HHH000194: Package not found or wo package-info.java: com.fabless.clothlogix.model.entities
2024-05-17T15:11:54.512+02:00 DEBUG 4684 --- [clothlogix] [           main] o.h.b.model.internal.BasicValueBinder    : Starting `BasicValueBinder#fillSimpleValue` for id
2024-05-17T15:11:54.516+02:00 DEBUG 4684 --- [clothlogix] [           main] o.h.b.model.internal.BasicValueBinder    : Starting `BasicValueBinder#fillSimpleValue` for descrizione
2024-05-17T15:11:54.516+02:00 DEBUG 4684 --- [clothlogix] [           main] o.h.b.model.internal.BasicValueBinder    : Starting `BasicValueBinder#fillSimpleValue` for id
2024-05-17T15:11:54.516+02:00 DEBUG 4684 --- [clothlogix] [           main] o.h.b.model.internal.BasicValueBinder    : Starting `BasicValueBinder#fillSimpleValue` for password
2024-05-17T15:11:54.516+02:00 DEBUG 4684 --- [clothlogix] [           main] o.h.b.model.internal.BasicValueBinder    : Starting `BasicValueBinder#fillSimpleValue` for username
2024-05-17T15:11:54.516+02:00 DEBUG 4684 --- [clothlogix] [           main] o.h.b.model.internal.BasicValueBinder    : Starting `BasicValueBinder#fillSimpleValue` for id
2024-05-17T15:11:54.516+02:00 DEBUG 4684 --- [clothlogix] [           main] o.h.b.model.internal.BasicValueBinder    : Starting `BasicValueBinder#fillSimpleValue` for disponibilita
2024-05-17T15:11:54.516+02:00 DEBUG 4684 --- [clothlogix] [           main] o.h.b.model.internal.BasicValueBinder    : Starting `BasicValueBinder#fillSimpleValue` for quantita
2024-05-17T15:11:54.516+02:00 DEBUG 4684 --- [clothlogix] [           main] o.h.b.model.internal.BasicValueBinder    : Starting `BasicValueBinder#fillSimpleValue` for id
2024-05-17T15:11:54.516+02:00 DEBUG 4684 --- [clothlogix] [           main] o.h.b.model.internal.BasicValueBinder    : Starting `BasicValueBinder#fillSimpleValue` for descrizione
2024-05-17T15:11:54.516+02:00 DEBUG 4684 --- [clothlogix] [           main] o.h.b.model.internal.BasicValueBinder    : Starting `BasicValueBinder#fillSimpleValue` for id
2024-05-17T15:11:54.516+02:00 DEBUG 4684 --- [clothlogix] [           main] o.h.b.model.internal.BasicValueBinder    : Starting `BasicValueBinder#fillSimpleValue` for codiceProdotto
2024-05-17T15:11:54.516+02:00 DEBUG 4684 --- [clothlogix] [           main] o.h.b.model.internal.BasicValueBinder    : Starting `BasicValueBinder#fillSimpleValue` for descrizione
2024-05-17T15:11:54.516+02:00 DEBUG 4684 --- [clothlogix] [           main] o.h.b.model.internal.BasicValueBinder    : Starting `BasicValueBinder#fillSimpleValue` for prezzo
2024-05-17T15:11:54.516+02:00 DEBUG 4684 --- [clothlogix] [           main] o.h.b.model.internal.BasicValueBinder    : Starting `BasicValueBinder#fillSimpleValue` for id
2024-05-17T15:11:54.516+02:00 DEBUG 4684 --- [clothlogix] [           main] o.h.b.model.internal.BasicValueBinder    : Starting `BasicValueBinder#fillSimpleValue` for canCreate
2024-05-17T15:11:54.516+02:00 DEBUG 4684 --- [clothlogix] [           main] o.h.b.model.internal.BasicValueBinder    : Starting `BasicValueBinder#fillSimpleValue` for canDelete
2024-05-17T15:11:54.516+02:00 DEBUG 4684 --- [clothlogix] [           main] o.h.b.model.internal.BasicValueBinder    : Starting `BasicValueBinder#fillSimpleValue` for canRead
2024-05-17T15:11:54.516+02:00 DEBUG 4684 --- [clothlogix] [           main] o.h.b.model.internal.BasicValueBinder    : Starting `BasicValueBinder#fillSimpleValue` for canUpdate
2024-05-17T15:11:54.516+02:00 DEBUG 4684 --- [clothlogix] [           main] o.h.b.model.internal.BasicValueBinder    : Starting `BasicValueBinder#fillSimpleValue` for descrizione
2024-05-17T15:11:54.516+02:00 DEBUG 4684 --- [clothlogix] [           main] o.h.b.model.internal.BasicValueBinder    : Starting `BasicValueBinder#fillSimpleValue` for id
2024-05-17T15:11:54.516+02:00 DEBUG 4684 --- [clothlogix] [           main] o.h.b.model.internal.BasicValueBinder    : Starting `BasicValueBinder#fillSimpleValue` for fila
2024-05-17T15:11:54.516+02:00 DEBUG 4684 --- [clothlogix] [           main] o.h.b.model.internal.BasicValueBinder    : Starting `BasicValueBinder#fillSimpleValue` for scaffale
2024-05-17T15:11:54.516+02:00 DEBUG 4684 --- [clothlogix] [           main] o.h.b.model.internal.BasicValueBinder    : Starting `BasicValueBinder#fillSimpleValue` for id
2024-05-17T15:11:54.516+02:00 DEBUG 4684 --- [clothlogix] [           main] o.h.b.model.internal.BasicValueBinder    : Starting `BasicValueBinder#fillSimpleValue` for descrizione
2024-05-17T15:11:54.516+02:00 DEBUG 4684 --- [clothlogix] [           main] o.h.b.model.internal.BasicValueBinder    : Starting `BasicValueBinder#fillSimpleValue` for id
2024-05-17T15:11:54.516+02:00 DEBUG 4684 --- [clothlogix] [           main] o.h.b.model.internal.BasicValueBinder    : Starting `BasicValueBinder#fillSimpleValue` for descrizione
2024-05-17T15:11:54.516+02:00 DEBUG 4684 --- [clothlogix] [           main] o.h.b.model.internal.BasicValueBinder    : Starting `BasicValueBinder#fillSimpleValue` for id
2024-05-17T15:11:54.516+02:00 DEBUG 4684 --- [clothlogix] [           main] o.h.b.model.internal.BasicValueBinder    : Starting `BasicValueBinder#fillSimpleValue` for cap
2024-05-17T15:11:54.516+02:00 DEBUG 4684 --- [clothlogix] [           main] o.h.b.model.internal.BasicValueBinder    : Starting `BasicValueBinder#fillSimpleValue` for citta
2024-05-17T15:11:54.516+02:00 DEBUG 4684 --- [clothlogix] [           main] o.h.b.model.internal.BasicValueBinder    : Starting `BasicValueBinder#fillSimpleValue` for cognome
2024-05-17T15:11:54.516+02:00 DEBUG 4684 --- [clothlogix] [           main] o.h.b.model.internal.BasicValueBinder    : Starting `BasicValueBinder#fillSimpleValue` for dataDiNascita
2024-05-17T15:11:54.516+02:00 DEBUG 4684 --- [clothlogix] [           main] o.h.b.model.internal.BasicValueBinder    : Starting `BasicValueBinder#fillSimpleValue` for indirizzo
2024-05-17T15:11:54.516+02:00 DEBUG 4684 --- [clothlogix] [           main] o.h.b.model.internal.BasicValueBinder    : Starting `BasicValueBinder#fillSimpleValue` for nazionalita
2024-05-17T15:11:54.516+02:00 DEBUG 4684 --- [clothlogix] [           main] o.h.b.model.internal.BasicValueBinder    : Starting `BasicValueBinder#fillSimpleValue` for nome
2024-05-17T15:11:54.516+02:00 DEBUG 4684 --- [clothlogix] [           main] o.h.b.model.internal.BasicValueBinder    : Starting `BasicValueBinder#fillSimpleValue` for regione
2024-05-17T15:11:54.522+02:00 TRACE 4684 --- [clothlogix] [           main] .e.j.e.i.NormalizingIdentifierHelperImpl : Normalizing identifier quoting [id_sezione]
2024-05-17T15:11:54.522+02:00 TRACE 4684 --- [clothlogix] [           main] .e.j.e.i.NormalizingIdentifierHelperImpl : Normalizing identifier quoting [id_sezione]
2024-05-17T15:11:54.522+02:00 TRACE 4684 --- [clothlogix] [           main] .e.j.e.i.NormalizingIdentifierHelperImpl : Normalizing identifier quoting [id_sezione]
2024-05-17T15:11:54.527+02:00 TRACE 4684 --- [clothlogix] [           main] .e.j.e.i.NormalizingIdentifierHelperImpl : Normalizing identifier quoting [id_login]
2024-05-17T15:11:54.527+02:00 TRACE 4684 --- [clothlogix] [           main] .e.j.e.i.NormalizingIdentifierHelperImpl : Normalizing identifier quoting [id_login]
2024-05-17T15:11:54.527+02:00 TRACE 4684 --- [clothlogix] [           main] .e.j.e.i.NormalizingIdentifierHelperImpl : Normalizing identifier quoting [id_login]
2024-05-17T15:11:54.527+02:00 DEBUG 4684 --- [clothlogix] [           main] org.hibernate.mapping.PrimaryKey         : Forcing column [id] to be non-null as it is part of the primary key for table [colore]
2024-05-17T15:11:54.527+02:00 DEBUG 4684 --- [clothlogix] [           main] org.hibernate.mapping.PrimaryKey         : Forcing column [id] to be non-null as it is part of the primary key for table [login]
2024-05-17T15:11:54.527+02:00 DEBUG 4684 --- [clothlogix] [           main] org.hibernate.mapping.PrimaryKey         : Forcing column [id] to be non-null as it is part of the primary key for table [magazzino]
2024-05-17T15:11:54.527+02:00 DEBUG 4684 --- [clothlogix] [           main] org.hibernate.mapping.PrimaryKey         : Forcing column [id] to be non-null as it is part of the primary key for table [materiale]
2024-05-17T15:11:54.527+02:00 DEBUG 4684 --- [clothlogix] [           main] org.hibernate.mapping.PrimaryKey         : Forcing column [id] to be non-null as it is part of the primary key for table [prodotto]
2024-05-17T15:11:54.527+02:00 DEBUG 4684 --- [clothlogix] [           main] org.hibernate.mapping.PrimaryKey         : Forcing column [id] to be non-null as it is part of the primary key for table [profili]
2024-05-17T15:11:54.527+02:00 DEBUG 4684 --- [clothlogix] [           main] org.hibernate.mapping.PrimaryKey         : Forcing column [id] to be non-null as it is part of the primary key for table [sezione]
2024-05-17T15:11:54.527+02:00 DEBUG 4684 --- [clothlogix] [           main] org.hibernate.mapping.PrimaryKey         : Forcing column [id] to be non-null as it is part of the primary key for table [taglia]
2024-05-17T15:11:54.527+02:00 DEBUG 4684 --- [clothlogix] [           main] org.hibernate.mapping.PrimaryKey         : Forcing column [id] to be non-null as it is part of the primary key for table [tipo]
2024-05-17T15:11:54.527+02:00 DEBUG 4684 --- [clothlogix] [           main] org.hibernate.mapping.PrimaryKey         : Forcing column [id] to be non-null as it is part of the primary key for table [utente]
2024-05-17T15:11:54.527+02:00 DEBUG 4684 --- [clothlogix] [           main] o.h.b.m.internal.CollectionSecondPass    : Second pass for collection: com.fabless.clothlogix.model.entities.ProfiloEntity.utenti
2024-05-17T15:11:54.527+02:00 DEBUG 4684 --- [clothlogix] [           main] o.h.b.model.internal.CollectionBinder    : Binding a OneToMany: com.fabless.clothlogix.model.entities.ProfiloEntity.utenti through a foreign key
2024-05-17T15:11:54.532+02:00 DEBUG 4684 --- [clothlogix] [           main] o.h.b.model.internal.CollectionBinder    : Mapping collection: com.fabless.clothlogix.model.entities.ProfiloEntity.utenti -> utente
2024-05-17T15:11:54.534+02:00 TRACE 4684 --- [clothlogix] [           main] .e.j.e.i.NormalizingIdentifierHelperImpl : Normalizing identifier quoting [id_utenti]
2024-05-17T15:11:54.534+02:00 TRACE 4684 --- [clothlogix] [           main] .e.j.e.i.NormalizingIdentifierHelperImpl : Normalizing identifier quoting [id_utenti]
2024-05-17T15:11:54.534+02:00 TRACE 4684 --- [clothlogix] [           main] .e.j.e.i.NormalizingIdentifierHelperImpl : Normalizing identifier quoting [id_utenti]
2024-05-17T15:11:54.534+02:00 DEBUG 4684 --- [clothlogix] [           main] o.h.b.m.internal.CollectionSecondPass    : Mapped collection key: id_utenti, one-to-many: com.fabless.clothlogix.model.entities.UtenteEntity
2024-05-17T15:11:54.534+02:00 DEBUG 4684 --- [clothlogix] [           main] o.h.b.m.internal.CollectionSecondPass    : Second pass for collection: com.fabless.clothlogix.model.entities.ProdottoEntity.tipi
2024-05-17T15:11:54.534+02:00 DEBUG 4684 --- [clothlogix] [           main] o.h.b.model.internal.CollectionBinder    : Binding a ManyToMany: com.fabless.clothlogix.model.entities.ProdottoEntity.tipi
2024-05-17T15:11:54.534+02:00 TRACE 4684 --- [clothlogix] [           main] .e.j.e.i.NormalizingIdentifierHelperImpl : Normalizing identifier quoting [null]
2024-05-17T15:11:54.534+02:00 TRACE 4684 --- [clothlogix] [           main] .e.j.e.i.NormalizingIdentifierHelperImpl : Normalizing identifier quoting [prodotto_tipo_rel]
2024-05-17T15:11:54.534+02:00 TRACE 4684 --- [clothlogix] [           main] .e.j.e.i.NormalizingIdentifierHelperImpl : Normalizing identifier quoting [prodotto_tipo_rel]
2024-05-17T15:11:54.534+02:00 DEBUG 4684 --- [clothlogix] [           main] o.h.b.r.c.i.ClassLoaderServiceImpl       : HHH000194: Package not found or wo package-info.java: com.fabless.clothlogix.model.entities
2024-05-17T15:11:54.534+02:00 TRACE 4684 --- [clothlogix] [           main] .e.j.e.i.NormalizingIdentifierHelperImpl : Normalizing identifier quoting [id_prodotto]
2024-05-17T15:11:54.534+02:00 TRACE 4684 --- [clothlogix] [           main] .e.j.e.i.NormalizingIdentifierHelperImpl : Normalizing identifier quoting [id_prodotto]
2024-05-17T15:11:54.534+02:00 TRACE 4684 --- [clothlogix] [           main] .e.j.e.i.NormalizingIdentifierHelperImpl : Normalizing identifier quoting [id_prodotto]
2024-05-17T15:11:54.534+02:00 TRACE 4684 --- [clothlogix] [           main] .e.j.e.i.NormalizingIdentifierHelperImpl : Normalizing identifier quoting [id_tipo]
2024-05-17T15:11:54.534+02:00 TRACE 4684 --- [clothlogix] [           main] .e.j.e.i.NormalizingIdentifierHelperImpl : Normalizing identifier quoting [id_tipo]
2024-05-17T15:11:54.534+02:00 TRACE 4684 --- [clothlogix] [           main] .e.j.e.i.NormalizingIdentifierHelperImpl : Normalizing identifier quoting [id_tipo]
2024-05-17T15:11:54.542+02:00 DEBUG 4684 --- [clothlogix] [           main] org.hibernate.mapping.PrimaryKey         : Forcing column [id_prodotto] to be non-null as it is part of the primary key for table [prodotto_tipo_rel]
2024-05-17T15:11:54.542+02:00 DEBUG 4684 --- [clothlogix] [           main] org.hibernate.mapping.PrimaryKey         : Forcing column [id_tipo] to be non-null as it is part of the primary key for table [prodotto_tipo_rel]
2024-05-17T15:11:54.542+02:00 DEBUG 4684 --- [clothlogix] [           main] o.h.b.m.internal.CollectionSecondPass    : Mapped collection key: id_prodotto, element: id_tipo
2024-05-17T15:11:54.542+02:00 DEBUG 4684 --- [clothlogix] [           main] o.h.b.m.internal.CollectionSecondPass    : Second pass for collection: com.fabless.clothlogix.model.entities.ProdottoEntity.taglie
2024-05-17T15:11:54.542+02:00 DEBUG 4684 --- [clothlogix] [           main] o.h.b.model.internal.CollectionBinder    : Binding a ManyToMany: com.fabless.clothlogix.model.entities.ProdottoEntity.taglie
2024-05-17T15:11:54.542+02:00 TRACE 4684 --- [clothlogix] [           main] .e.j.e.i.NormalizingIdentifierHelperImpl : Normalizing identifier quoting [null]
2024-05-17T15:11:54.542+02:00 TRACE 4684 --- [clothlogix] [           main] .e.j.e.i.NormalizingIdentifierHelperImpl : Normalizing identifier quoting [prodotto_taglia_rel]
2024-05-17T15:11:54.542+02:00 TRACE 4684 --- [clothlogix] [           main] .e.j.e.i.NormalizingIdentifierHelperImpl : Normalizing identifier quoting [prodotto_taglia_rel]
2024-05-17T15:11:54.542+02:00 DEBUG 4684 --- [clothlogix] [           main] o.h.b.r.c.i.ClassLoaderServiceImpl       : HHH000194: Package not found or wo package-info.java: com.fabless.clothlogix.model.entities
2024-05-17T15:11:54.542+02:00 TRACE 4684 --- [clothlogix] [           main] .e.j.e.i.NormalizingIdentifierHelperImpl : Normalizing identifier quoting [id_prodotto]
2024-05-17T15:11:54.542+02:00 TRACE 4684 --- [clothlogix] [           main] .e.j.e.i.NormalizingIdentifierHelperImpl : Normalizing identifier quoting [id_prodotto]
2024-05-17T15:11:54.542+02:00 TRACE 4684 --- [clothlogix] [           main] .e.j.e.i.NormalizingIdentifierHelperImpl : Normalizing identifier quoting [id_prodotto]
2024-05-17T15:11:54.542+02:00 TRACE 4684 --- [clothlogix] [           main] .e.j.e.i.NormalizingIdentifierHelperImpl : Normalizing identifier quoting [id_taglia]
2024-05-17T15:11:54.542+02:00 TRACE 4684 --- [clothlogix] [           main] .e.j.e.i.NormalizingIdentifierHelperImpl : Normalizing identifier quoting [id_taglia]
2024-05-17T15:11:54.542+02:00 TRACE 4684 --- [clothlogix] [           main] .e.j.e.i.NormalizingIdentifierHelperImpl : Normalizing identifier quoting [id_taglia]
2024-05-17T15:11:54.542+02:00 DEBUG 4684 --- [clothlogix] [           main] org.hibernate.mapping.PrimaryKey         : Forcing column [id_prodotto] to be non-null as it is part of the primary key for table [prodotto_taglia_rel]
2024-05-17T15:11:54.542+02:00 DEBUG 4684 --- [clothlogix] [           main] org.hibernate.mapping.PrimaryKey         : Forcing column [id_taglia] to be non-null as it is part of the primary key for table [prodotto_taglia_rel]
2024-05-17T15:11:54.542+02:00 DEBUG 4684 --- [clothlogix] [           main] o.h.b.m.internal.CollectionSecondPass    : Mapped collection key: id_prodotto, element: id_taglia
2024-05-17T15:11:54.542+02:00 DEBUG 4684 --- [clothlogix] [           main] o.h.b.m.internal.CollectionSecondPass    : Second pass for collection: com.fabless.clothlogix.model.entities.ProdottoEntity.materiali
2024-05-17T15:11:54.542+02:00 DEBUG 4684 --- [clothlogix] [           main] o.h.b.model.internal.CollectionBinder    : Binding a ManyToMany: com.fabless.clothlogix.model.entities.ProdottoEntity.materiali
2024-05-17T15:11:54.542+02:00 TRACE 4684 --- [clothlogix] [           main] .e.j.e.i.NormalizingIdentifierHelperImpl : Normalizing identifier quoting [null]
2024-05-17T15:11:54.542+02:00 TRACE 4684 --- [clothlogix] [           main] .e.j.e.i.NormalizingIdentifierHelperImpl : Normalizing identifier quoting [prodotto_materiale_rel]
2024-05-17T15:11:54.542+02:00 TRACE 4684 --- [clothlogix] [           main] .e.j.e.i.NormalizingIdentifierHelperImpl : Normalizing identifier quoting [prodotto_materiale_rel]
2024-05-17T15:11:54.547+02:00 DEBUG 4684 --- [clothlogix] [           main] o.h.b.r.c.i.ClassLoaderServiceImpl       : HHH000194: Package not found or wo package-info.java: com.fabless.clothlogix.model.entities
2024-05-17T15:11:54.547+02:00 TRACE 4684 --- [clothlogix] [           main] .e.j.e.i.NormalizingIdentifierHelperImpl : Normalizing identifier quoting [id_prodotto]
2024-05-17T15:11:54.547+02:00 TRACE 4684 --- [clothlogix] [           main] .e.j.e.i.NormalizingIdentifierHelperImpl : Normalizing identifier quoting [id_prodotto]
2024-05-17T15:11:54.547+02:00 TRACE 4684 --- [clothlogix] [           main] .e.j.e.i.NormalizingIdentifierHelperImpl : Normalizing identifier quoting [id_prodotto]
2024-05-17T15:11:54.547+02:00 TRACE 4684 --- [clothlogix] [           main] .e.j.e.i.NormalizingIdentifierHelperImpl : Normalizing identifier quoting [id_materiale]
2024-05-17T15:11:54.547+02:00 TRACE 4684 --- [clothlogix] [           main] .e.j.e.i.NormalizingIdentifierHelperImpl : Normalizing identifier quoting [id_materiale]
2024-05-17T15:11:54.547+02:00 TRACE 4684 --- [clothlogix] [           main] .e.j.e.i.NormalizingIdentifierHelperImpl : Normalizing identifier quoting [id_materiale]
2024-05-17T15:11:54.547+02:00 DEBUG 4684 --- [clothlogix] [           main] org.hibernate.mapping.PrimaryKey         : Forcing column [id_prodotto] to be non-null as it is part of the primary key for table [prodotto_materiale_rel]
2024-05-17T15:11:54.547+02:00 DEBUG 4684 --- [clothlogix] [           main] org.hibernate.mapping.PrimaryKey         : Forcing column [id_materiale] to be non-null as it is part of the primary key for table [prodotto_materiale_rel]
2024-05-17T15:11:54.547+02:00 DEBUG 4684 --- [clothlogix] [           main] o.h.b.m.internal.CollectionSecondPass    : Mapped collection key: id_prodotto, element: id_materiale
2024-05-17T15:11:54.547+02:00 DEBUG 4684 --- [clothlogix] [           main] o.h.b.m.internal.CollectionSecondPass    : Second pass for collection: com.fabless.clothlogix.model.entities.ProdottoEntity.colori
2024-05-17T15:11:54.547+02:00 DEBUG 4684 --- [clothlogix] [           main] o.h.b.model.internal.CollectionBinder    : Binding a ManyToMany: com.fabless.clothlogix.model.entities.ProdottoEntity.colori
2024-05-17T15:11:54.547+02:00 TRACE 4684 --- [clothlogix] [           main] .e.j.e.i.NormalizingIdentifierHelperImpl : Normalizing identifier quoting [null]
2024-05-17T15:11:54.547+02:00 TRACE 4684 --- [clothlogix] [           main] .e.j.e.i.NormalizingIdentifierHelperImpl : Normalizing identifier quoting [prodotto_colore_rel]
2024-05-17T15:11:54.547+02:00 TRACE 4684 --- [clothlogix] [           main] .e.j.e.i.NormalizingIdentifierHelperImpl : Normalizing identifier quoting [prodotto_colore_rel]
2024-05-17T15:11:54.547+02:00 DEBUG 4684 --- [clothlogix] [           main] o.h.b.r.c.i.ClassLoaderServiceImpl       : HHH000194: Package not found or wo package-info.java: com.fabless.clothlogix.model.entities
2024-05-17T15:11:54.547+02:00 TRACE 4684 --- [clothlogix] [           main] .e.j.e.i.NormalizingIdentifierHelperImpl : Normalizing identifier quoting [id_prodotto]
2024-05-17T15:11:54.547+02:00 TRACE 4684 --- [clothlogix] [           main] .e.j.e.i.NormalizingIdentifierHelperImpl : Normalizing identifier quoting [id_prodotto]
2024-05-17T15:11:54.547+02:00 TRACE 4684 --- [clothlogix] [           main] .e.j.e.i.NormalizingIdentifierHelperImpl : Normalizing identifier quoting [id_prodotto]
2024-05-17T15:11:54.547+02:00 TRACE 4684 --- [clothlogix] [           main] .e.j.e.i.NormalizingIdentifierHelperImpl : Normalizing identifier quoting [id_colore]
2024-05-17T15:11:54.547+02:00 TRACE 4684 --- [clothlogix] [           main] .e.j.e.i.NormalizingIdentifierHelperImpl : Normalizing identifier quoting [id_colore]
2024-05-17T15:11:54.547+02:00 TRACE 4684 --- [clothlogix] [           main] .e.j.e.i.NormalizingIdentifierHelperImpl : Normalizing identifier quoting [id_colore]
2024-05-17T15:11:54.547+02:00 DEBUG 4684 --- [clothlogix] [           main] org.hibernate.mapping.PrimaryKey         : Forcing column [id_prodotto] to be non-null as it is part of the primary key for table [prodotto_colore_rel]
2024-05-17T15:11:54.547+02:00 DEBUG 4684 --- [clothlogix] [           main] org.hibernate.mapping.PrimaryKey         : Forcing column [id_colore] to be non-null as it is part of the primary key for table [prodotto_colore_rel]
2024-05-17T15:11:54.547+02:00 DEBUG 4684 --- [clothlogix] [           main] o.h.b.m.internal.CollectionSecondPass    : Mapped collection key: id_prodotto, element: id_colore
2024-05-17T15:11:54.547+02:00 DEBUG 4684 --- [clothlogix] [           main] o.h.b.m.internal.CollectionSecondPass    : Second pass for collection: com.fabless.clothlogix.model.entities.MagazzinoEntity.sezioni
2024-05-17T15:11:54.547+02:00 DEBUG 4684 --- [clothlogix] [           main] o.h.b.model.internal.CollectionBinder    : Binding a OneToMany: com.fabless.clothlogix.model.entities.MagazzinoEntity.sezioni through a foreign key
2024-05-17T15:11:54.547+02:00 DEBUG 4684 --- [clothlogix] [           main] o.h.b.model.internal.CollectionBinder    : Mapping collection: com.fabless.clothlogix.model.entities.MagazzinoEntity.sezioni -> sezione
2024-05-17T15:11:54.547+02:00 TRACE 4684 --- [clothlogix] [           main] .e.j.e.i.NormalizingIdentifierHelperImpl : Normalizing identifier quoting [id_sezione]
2024-05-17T15:11:54.547+02:00 TRACE 4684 --- [clothlogix] [           main] .e.j.e.i.NormalizingIdentifierHelperImpl : Normalizing identifier quoting [id_sezione]
2024-05-17T15:11:54.547+02:00 TRACE 4684 --- [clothlogix] [           main] .e.j.e.i.NormalizingIdentifierHelperImpl : Normalizing identifier quoting [id_sezione]
2024-05-17T15:11:54.547+02:00 DEBUG 4684 --- [clothlogix] [           main] o.h.b.m.internal.CollectionSecondPass    : Mapped collection key: id_sezione, one-to-many: com.fabless.clothlogix.model.entities.SezioneEntity
2024-05-17T15:11:54.547+02:00 DEBUG 4684 --- [clothlogix] [           main] o.h.b.m.internal.CollectionSecondPass    : Second pass for collection: com.fabless.clothlogix.model.entities.MagazzinoEntity.prodotti
2024-05-17T15:11:54.547+02:00 DEBUG 4684 --- [clothlogix] [           main] o.h.b.model.internal.CollectionBinder    : Binding a OneToMany: com.fabless.clothlogix.model.entities.MagazzinoEntity.prodotti through a foreign key
2024-05-17T15:11:54.547+02:00 DEBUG 4684 --- [clothlogix] [           main] o.h.b.model.internal.CollectionBinder    : Mapping collection: com.fabless.clothlogix.model.entities.MagazzinoEntity.prodotti -> prodotto
2024-05-17T15:11:54.547+02:00 TRACE 4684 --- [clothlogix] [           main] .e.j.e.i.NormalizingIdentifierHelperImpl : Normalizing identifier quoting [id_prodotto]
2024-05-17T15:11:54.547+02:00 TRACE 4684 --- [clothlogix] [           main] .e.j.e.i.NormalizingIdentifierHelperImpl : Normalizing identifier quoting [id_prodotto]
2024-05-17T15:11:54.547+02:00 TRACE 4684 --- [clothlogix] [           main] .e.j.e.i.NormalizingIdentifierHelperImpl : Normalizing identifier quoting [id_prodotto]
2024-05-17T15:11:54.547+02:00 DEBUG 4684 --- [clothlogix] [           main] o.h.b.m.internal.CollectionSecondPass    : Mapped collection key: id_prodotto, one-to-many: com.fabless.clothlogix.model.entities.ProdottoEntity
2024-05-17T15:11:54.547+02:00 DEBUG 4684 --- [clothlogix] [           main] o.h.b.m.internal.CollectionSecondPass    : Second pass for collection: com.fabless.clothlogix.model.entities.ColoreEntity.prodotti
2024-05-17T15:11:54.552+02:00 DEBUG 4684 --- [clothlogix] [           main] o.h.b.model.internal.CollectionBinder    : Binding a ManyToMany: com.fabless.clothlogix.model.entities.ColoreEntity.prodotti
2024-05-17T15:11:54.552+02:00 DEBUG 4684 --- [clothlogix] [           main] o.h.b.r.c.i.ClassLoaderServiceImpl       : HHH000194: Package not found or wo package-info.java: com.fabless.clothlogix.model.entities
2024-05-17T15:11:54.552+02:00 DEBUG 4684 --- [clothlogix] [           main] o.h.boot.model.internal.TableBinder      : Retrieving property com.fabless.clothlogix.model.entities.ProdottoEntity.colori
2024-05-17T15:11:54.552+02:00 TRACE 4684 --- [clothlogix] [           main] .e.j.e.i.NormalizingIdentifierHelperImpl : Normalizing identifier quoting [id_colore]
2024-05-17T15:11:54.552+02:00 TRACE 4684 --- [clothlogix] [           main] .e.j.e.i.NormalizingIdentifierHelperImpl : Normalizing identifier quoting [id_prodotto]
2024-05-17T15:11:54.552+02:00 DEBUG 4684 --- [clothlogix] [           main] o.h.b.m.internal.CollectionSecondPass    : Mapped collection key: id_colore, element: id_prodotto
2024-05-17T15:11:54.552+02:00 DEBUG 4684 --- [clothlogix] [           main] o.h.b.m.internal.CollectionSecondPass    : Second pass for collection: com.fabless.clothlogix.model.entities.MaterialeEntity.prodotti
2024-05-17T15:11:54.552+02:00 DEBUG 4684 --- [clothlogix] [           main] o.h.b.model.internal.CollectionBinder    : Binding a ManyToMany: com.fabless.clothlogix.model.entities.MaterialeEntity.prodotti
2024-05-17T15:11:54.552+02:00 DEBUG 4684 --- [clothlogix] [           main] o.h.b.r.c.i.ClassLoaderServiceImpl       : HHH000194: Package not found or wo package-info.java: com.fabless.clothlogix.model.entities
2024-05-17T15:11:54.552+02:00 DEBUG 4684 --- [clothlogix] [           main] o.h.boot.model.internal.TableBinder      : Retrieving property com.fabless.clothlogix.model.entities.ProdottoEntity.materiali
2024-05-17T15:11:54.552+02:00 TRACE 4684 --- [clothlogix] [           main] .e.j.e.i.NormalizingIdentifierHelperImpl : Normalizing identifier quoting [id_materiale]
2024-05-17T15:11:54.552+02:00 TRACE 4684 --- [clothlogix] [           main] .e.j.e.i.NormalizingIdentifierHelperImpl : Normalizing identifier quoting [id_prodotto]
2024-05-17T15:11:54.552+02:00 DEBUG 4684 --- [clothlogix] [           main] o.h.b.m.internal.CollectionSecondPass    : Mapped collection key: id_materiale, element: id_prodotto
2024-05-17T15:11:54.552+02:00 DEBUG 4684 --- [clothlogix] [           main] o.h.b.m.internal.CollectionSecondPass    : Second pass for collection: com.fabless.clothlogix.model.entities.SezioneEntity.prodotti
2024-05-17T15:11:54.552+02:00 DEBUG 4684 --- [clothlogix] [           main] o.h.b.model.internal.CollectionBinder    : Binding a OneToMany: com.fabless.clothlogix.model.entities.SezioneEntity.prodotti through a foreign key
2024-05-17T15:11:54.552+02:00 DEBUG 4684 --- [clothlogix] [           main] o.h.b.model.internal.CollectionBinder    : Mapping collection: com.fabless.clothlogix.model.entities.SezioneEntity.prodotti -> prodotto
2024-05-17T15:11:54.552+02:00 DEBUG 4684 --- [clothlogix] [           main] o.h.boot.model.internal.TableBinder      : Retrieving property com.fabless.clothlogix.model.entities.ProdottoEntity.sezioni
2024-05-17T15:11:54.552+02:00 TRACE 4684 --- [clothlogix] [           main] .e.j.e.i.NormalizingIdentifierHelperImpl : Normalizing identifier quoting [id_sezione]
2024-05-17T15:11:54.552+02:00 DEBUG 4684 --- [clothlogix] [           main] o.h.b.m.internal.CollectionSecondPass    : Mapped collection key: id_sezione, one-to-many: com.fabless.clothlogix.model.entities.ProdottoEntity
2024-05-17T15:11:54.552+02:00 DEBUG 4684 --- [clothlogix] [           main] o.h.b.m.internal.CollectionSecondPass    : Second pass for collection: com.fabless.clothlogix.model.entities.TagliaEntity.prodotti
2024-05-17T15:11:54.552+02:00 DEBUG 4684 --- [clothlogix] [           main] o.h.b.model.internal.CollectionBinder    : Binding a ManyToMany: com.fabless.clothlogix.model.entities.TagliaEntity.prodotti
2024-05-17T15:11:54.552+02:00 DEBUG 4684 --- [clothlogix] [           main] o.h.b.r.c.i.ClassLoaderServiceImpl       : HHH000194: Package not found or wo package-info.java: com.fabless.clothlogix.model.entities
2024-05-17T15:11:54.552+02:00 DEBUG 4684 --- [clothlogix] [           main] o.h.boot.model.internal.TableBinder      : Retrieving property com.fabless.clothlogix.model.entities.ProdottoEntity.taglie
2024-05-17T15:11:54.552+02:00 TRACE 4684 --- [clothlogix] [           main] .e.j.e.i.NormalizingIdentifierHelperImpl : Normalizing identifier quoting [id_taglia]
2024-05-17T15:11:54.552+02:00 TRACE 4684 --- [clothlogix] [           main] .e.j.e.i.NormalizingIdentifierHelperImpl : Normalizing identifier quoting [id_prodotto]
2024-05-17T15:11:54.552+02:00 DEBUG 4684 --- [clothlogix] [           main] o.h.b.m.internal.CollectionSecondPass    : Mapped collection key: id_taglia, element: id_prodotto
2024-05-17T15:11:54.552+02:00 DEBUG 4684 --- [clothlogix] [           main] o.h.b.m.internal.CollectionSecondPass    : Second pass for collection: com.fabless.clothlogix.model.entities.TipoEntity.prodotti
2024-05-17T15:11:54.552+02:00 DEBUG 4684 --- [clothlogix] [           main] o.h.b.model.internal.CollectionBinder    : Binding a ManyToMany: com.fabless.clothlogix.model.entities.TipoEntity.prodotti
2024-05-17T15:11:54.552+02:00 DEBUG 4684 --- [clothlogix] [           main] o.h.b.r.c.i.ClassLoaderServiceImpl       : HHH000194: Package not found or wo package-info.java: com.fabless.clothlogix.model.entities
2024-05-17T15:11:54.552+02:00 DEBUG 4684 --- [clothlogix] [           main] o.h.boot.model.internal.TableBinder      : Retrieving property com.fabless.clothlogix.model.entities.ProdottoEntity.tipi
2024-05-17T15:11:54.552+02:00 TRACE 4684 --- [clothlogix] [           main] .e.j.e.i.NormalizingIdentifierHelperImpl : Normalizing identifier quoting [id_tipo]
2024-05-17T15:11:54.552+02:00 TRACE 4684 --- [clothlogix] [           main] .e.j.e.i.NormalizingIdentifierHelperImpl : Normalizing identifier quoting [id_prodotto]
2024-05-17T15:11:54.552+02:00 DEBUG 4684 --- [clothlogix] [           main] o.h.b.m.internal.CollectionSecondPass    : Mapped collection key: id_tipo, element: id_prodotto
2024-05-17T15:11:54.552+02:00 DEBUG 4684 --- [clothlogix] [           main] o.h.b.i.InFlightMetadataCollectorImpl    : Resolving reference to class: com.fabless.clothlogix.model.entities.SezioneEntity
2024-05-17T15:11:54.552+02:00 TRACE 4684 --- [clothlogix] [           main] .e.j.e.i.NormalizingIdentifierHelperImpl : Normalizing identifier quoting [id_sezione]
2024-05-17T15:11:54.563+02:00 TRACE 4684 --- [clothlogix] [           main] .e.j.e.i.NormalizingIdentifierHelperImpl : Normalizing identifier quoting [FK1uu2cwu3u70iltlg7vqqouccf]
2024-05-17T15:11:54.563+02:00 DEBUG 4684 --- [clothlogix] [           main] o.h.b.i.InFlightMetadataCollectorImpl    : Resolving reference to class: com.fabless.clothlogix.model.entities.MagazzinoEntity
2024-05-17T15:11:54.563+02:00 TRACE 4684 --- [clothlogix] [           main] .e.j.e.i.NormalizingIdentifierHelperImpl : Normalizing identifier quoting [id_prodotto]
2024-05-17T15:11:54.563+02:00 TRACE 4684 --- [clothlogix] [           main] .e.j.e.i.NormalizingIdentifierHelperImpl : Normalizing identifier quoting [FKonin21ic24mo34d3y0jukhjna]
2024-05-17T15:11:54.563+02:00 DEBUG 4684 --- [clothlogix] [           main] o.h.b.i.InFlightMetadataCollectorImpl    : Resolving reference to class: com.fabless.clothlogix.model.entities.ColoreEntity
2024-05-17T15:11:54.563+02:00 TRACE 4684 --- [clothlogix] [           main] .e.j.e.i.NormalizingIdentifierHelperImpl : Normalizing identifier quoting [id_colore]
2024-05-17T15:11:54.563+02:00 TRACE 4684 --- [clothlogix] [           main] .e.j.e.i.NormalizingIdentifierHelperImpl : Normalizing identifier quoting [FKejgmyhgmyplnyr9tetvytfjbq]
2024-05-17T15:11:54.563+02:00 DEBUG 4684 --- [clothlogix] [           main] o.h.b.i.InFlightMetadataCollectorImpl    : Resolving reference to class: com.fabless.clothlogix.model.entities.ProdottoEntity
2024-05-17T15:11:54.563+02:00 TRACE 4684 --- [clothlogix] [           main] .e.j.e.i.NormalizingIdentifierHelperImpl : Normalizing identifier quoting [id_prodotto]
2024-05-17T15:11:54.563+02:00 TRACE 4684 --- [clothlogix] [           main] .e.j.e.i.NormalizingIdentifierHelperImpl : Normalizing identifier quoting [FKo0wo1cdjclm5rliqf6xrgle2b]
2024-05-17T15:11:54.563+02:00 DEBUG 4684 --- [clothlogix] [           main] o.h.b.i.InFlightMetadataCollectorImpl    : Resolving reference to class: com.fabless.clothlogix.model.entities.MaterialeEntity
2024-05-17T15:11:54.563+02:00 TRACE 4684 --- [clothlogix] [           main] .e.j.e.i.NormalizingIdentifierHelperImpl : Normalizing identifier quoting [id_materiale]
2024-05-17T15:11:54.572+02:00 TRACE 4684 --- [clothlogix] [           main] .e.j.e.i.NormalizingIdentifierHelperImpl : Normalizing identifier quoting [FKedcmg48d62xt2nx3ifb4mw2fq]
2024-05-17T15:11:54.572+02:00 DEBUG 4684 --- [clothlogix] [           main] o.h.b.i.InFlightMetadataCollectorImpl    : Resolving reference to class: com.fabless.clothlogix.model.entities.ProdottoEntity
2024-05-17T15:11:54.572+02:00 TRACE 4684 --- [clothlogix] [           main] .e.j.e.i.NormalizingIdentifierHelperImpl : Normalizing identifier quoting [id_prodotto]
2024-05-17T15:11:54.572+02:00 TRACE 4684 --- [clothlogix] [           main] .e.j.e.i.NormalizingIdentifierHelperImpl : Normalizing identifier quoting [FKnboixa5kwhd9usp0iujbx23hn]
2024-05-17T15:11:54.572+02:00 DEBUG 4684 --- [clothlogix] [           main] o.h.b.i.InFlightMetadataCollectorImpl    : Resolving reference to class: com.fabless.clothlogix.model.entities.TagliaEntity
2024-05-17T15:11:54.572+02:00 TRACE 4684 --- [clothlogix] [           main] .e.j.e.i.NormalizingIdentifierHelperImpl : Normalizing identifier quoting [id_taglia]
2024-05-17T15:11:54.572+02:00 TRACE 4684 --- [clothlogix] [           main] .e.j.e.i.NormalizingIdentifierHelperImpl : Normalizing identifier quoting [FK24kvybcipyncodf2b05yty4gu]
2024-05-17T15:11:54.572+02:00 DEBUG 4684 --- [clothlogix] [           main] o.h.b.i.InFlightMetadataCollectorImpl    : Resolving reference to class: com.fabless.clothlogix.model.entities.ProdottoEntity
2024-05-17T15:11:54.572+02:00 TRACE 4684 --- [clothlogix] [           main] .e.j.e.i.NormalizingIdentifierHelperImpl : Normalizing identifier quoting [id_prodotto]
2024-05-17T15:11:54.572+02:00 TRACE 4684 --- [clothlogix] [           main] .e.j.e.i.NormalizingIdentifierHelperImpl : Normalizing identifier quoting [FKbfibulsj4ap26tp6k9qulxyy3]
2024-05-17T15:11:54.572+02:00 DEBUG 4684 --- [clothlogix] [           main] o.h.b.i.InFlightMetadataCollectorImpl    : Resolving reference to class: com.fabless.clothlogix.model.entities.TipoEntity
2024-05-17T15:11:54.572+02:00 TRACE 4684 --- [clothlogix] [           main] .e.j.e.i.NormalizingIdentifierHelperImpl : Normalizing identifier quoting [id_tipo]
2024-05-17T15:11:54.572+02:00 TRACE 4684 --- [clothlogix] [           main] .e.j.e.i.NormalizingIdentifierHelperImpl : Normalizing identifier quoting [FK1jorpjr3896gb82nah58hxuyk]
2024-05-17T15:11:54.572+02:00 DEBUG 4684 --- [clothlogix] [           main] o.h.b.i.InFlightMetadataCollectorImpl    : Resolving reference to class: com.fabless.clothlogix.model.entities.ProdottoEntity
2024-05-17T15:11:54.572+02:00 TRACE 4684 --- [clothlogix] [           main] .e.j.e.i.NormalizingIdentifierHelperImpl : Normalizing identifier quoting [id_prodotto]
2024-05-17T15:11:54.572+02:00 TRACE 4684 --- [clothlogix] [           main] .e.j.e.i.NormalizingIdentifierHelperImpl : Normalizing identifier quoting [FK6wigsntwe0jeq8mh4ybytb4qv]
2024-05-17T15:11:54.572+02:00 DEBUG 4684 --- [clothlogix] [           main] o.h.b.i.InFlightMetadataCollectorImpl    : Resolving reference to class: com.fabless.clothlogix.model.entities.MagazzinoEntity
2024-05-17T15:11:54.572+02:00 TRACE 4684 --- [clothlogix] [           main] .e.j.e.i.NormalizingIdentifierHelperImpl : Normalizing identifier quoting [id_sezione]
2024-05-17T15:11:54.572+02:00 TRACE 4684 --- [clothlogix] [           main] .e.j.e.i.NormalizingIdentifierHelperImpl : Normalizing identifier quoting [FK31095xeboy40awu7megs61a8u]
2024-05-17T15:11:54.572+02:00 DEBUG 4684 --- [clothlogix] [           main] o.h.b.i.InFlightMetadataCollectorImpl    : Resolving reference to class: com.fabless.clothlogix.model.entities.LoginEntity
2024-05-17T15:11:54.572+02:00 TRACE 4684 --- [clothlogix] [           main] .e.j.e.i.NormalizingIdentifierHelperImpl : Normalizing identifier quoting [id_login]
2024-05-17T15:11:54.572+02:00 TRACE 4684 --- [clothlogix] [           main] .e.j.e.i.NormalizingIdentifierHelperImpl : Normalizing identifier quoting [FKayaw7figted428na826xliljq]
2024-05-17T15:11:54.572+02:00 DEBUG 4684 --- [clothlogix] [           main] o.h.b.i.InFlightMetadataCollectorImpl    : Resolving reference to class: com.fabless.clothlogix.model.entities.ProfiloEntity
2024-05-17T15:11:54.572+02:00 TRACE 4684 --- [clothlogix] [           main] .e.j.e.i.NormalizingIdentifierHelperImpl : Normalizing identifier quoting [id_utenti]
2024-05-17T15:11:54.572+02:00 TRACE 4684 --- [clothlogix] [           main] .e.j.e.i.NormalizingIdentifierHelperImpl : Normalizing identifier quoting [FK7hnp0lwhvp56l3v2qmxgk02fp]
2024-05-17T15:11:54.595+02:00 DEBUG 4684 --- [clothlogix] [           main] o.h.b.i.InFlightMetadataCollectorImpl    : Resolving reference to class: com.fabless.clothlogix.model.entities.SezioneEntity
2024-05-17T15:11:54.595+02:00 TRACE 4684 --- [clothlogix] [           main] .e.j.e.i.NormalizingIdentifierHelperImpl : Normalizing identifier quoting [id_sezione]
2024-05-17T15:11:54.595+02:00 DEBUG 4684 --- [clothlogix] [           main] o.h.b.i.InFlightMetadataCollectorImpl    : Resolving reference to class: com.fabless.clothlogix.model.entities.MagazzinoEntity
2024-05-17T15:11:54.602+02:00 TRACE 4684 --- [clothlogix] [           main] .e.j.e.i.NormalizingIdentifierHelperImpl : Normalizing identifier quoting [id_prodotto]
2024-05-17T15:11:54.602+02:00 DEBUG 4684 --- [clothlogix] [           main] o.h.b.i.InFlightMetadataCollectorImpl    : Resolving reference to class: com.fabless.clothlogix.model.entities.ColoreEntity
2024-05-17T15:11:54.602+02:00 TRACE 4684 --- [clothlogix] [           main] .e.j.e.i.NormalizingIdentifierHelperImpl : Normalizing identifier quoting [id_colore]
2024-05-17T15:11:54.602+02:00 DEBUG 4684 --- [clothlogix] [           main] o.h.b.i.InFlightMetadataCollectorImpl    : Resolving reference to class: com.fabless.clothlogix.model.entities.ProdottoEntity
2024-05-17T15:11:54.602+02:00 TRACE 4684 --- [clothlogix] [           main] .e.j.e.i.NormalizingIdentifierHelperImpl : Normalizing identifier quoting [id_prodotto]
2024-05-17T15:11:54.602+02:00 DEBUG 4684 --- [clothlogix] [           main] o.h.b.i.InFlightMetadataCollectorImpl    : Resolving reference to class: com.fabless.clothlogix.model.entities.MaterialeEntity
2024-05-17T15:11:54.602+02:00 TRACE 4684 --- [clothlogix] [           main] .e.j.e.i.NormalizingIdentifierHelperImpl : Normalizing identifier quoting [id_materiale]
2024-05-17T15:11:54.602+02:00 DEBUG 4684 --- [clothlogix] [           main] o.h.b.i.InFlightMetadataCollectorImpl    : Resolving reference to class: com.fabless.clothlogix.model.entities.ProdottoEntity
2024-05-17T15:11:54.602+02:00 TRACE 4684 --- [clothlogix] [           main] .e.j.e.i.NormalizingIdentifierHelperImpl : Normalizing identifier quoting [id_prodotto]
2024-05-17T15:11:54.602+02:00 DEBUG 4684 --- [clothlogix] [           main] o.h.b.i.InFlightMetadataCollectorImpl    : Resolving reference to class: com.fabless.clothlogix.model.entities.TagliaEntity
2024-05-17T15:11:54.602+02:00 TRACE 4684 --- [clothlogix] [           main] .e.j.e.i.NormalizingIdentifierHelperImpl : Normalizing identifier quoting [id_taglia]
2024-05-17T15:11:54.602+02:00 DEBUG 4684 --- [clothlogix] [           main] o.h.b.i.InFlightMetadataCollectorImpl    : Resolving reference to class: com.fabless.clothlogix.model.entities.ProdottoEntity
2024-05-17T15:11:54.602+02:00 TRACE 4684 --- [clothlogix] [           main] .e.j.e.i.NormalizingIdentifierHelperImpl : Normalizing identifier quoting [id_prodotto]
2024-05-17T15:11:54.602+02:00 DEBUG 4684 --- [clothlogix] [           main] o.h.b.i.InFlightMetadataCollectorImpl    : Resolving reference to class: com.fabless.clothlogix.model.entities.TipoEntity
2024-05-17T15:11:54.602+02:00 TRACE 4684 --- [clothlogix] [           main] .e.j.e.i.NormalizingIdentifierHelperImpl : Normalizing identifier quoting [id_tipo]
2024-05-17T15:11:54.602+02:00 DEBUG 4684 --- [clothlogix] [           main] o.h.b.i.InFlightMetadataCollectorImpl    : Resolving reference to class: com.fabless.clothlogix.model.entities.ProdottoEntity
2024-05-17T15:11:54.602+02:00 TRACE 4684 --- [clothlogix] [           main] .e.j.e.i.NormalizingIdentifierHelperImpl : Normalizing identifier quoting [id_prodotto]
2024-05-17T15:11:54.602+02:00 DEBUG 4684 --- [clothlogix] [           main] o.h.b.i.InFlightMetadataCollectorImpl    : Resolving reference to class: com.fabless.clothlogix.model.entities.MagazzinoEntity
2024-05-17T15:11:54.602+02:00 TRACE 4684 --- [clothlogix] [           main] .e.j.e.i.NormalizingIdentifierHelperImpl : Normalizing identifier quoting [id_sezione]
2024-05-17T15:11:54.602+02:00 DEBUG 4684 --- [clothlogix] [           main] o.h.b.i.InFlightMetadataCollectorImpl    : Resolving reference to class: com.fabless.clothlogix.model.entities.LoginEntity
2024-05-17T15:11:54.602+02:00 TRACE 4684 --- [clothlogix] [           main] .e.j.e.i.NormalizingIdentifierHelperImpl : Normalizing identifier quoting [id_login]
2024-05-17T15:11:54.602+02:00 DEBUG 4684 --- [clothlogix] [           main] o.h.b.i.InFlightMetadataCollectorImpl    : Resolving reference to class: com.fabless.clothlogix.model.entities.ProfiloEntity
2024-05-17T15:11:54.602+02:00 TRACE 4684 --- [clothlogix] [           main] .e.j.e.i.NormalizingIdentifierHelperImpl : Normalizing identifier quoting [id_utenti]
2024-05-17T15:11:54.612+02:00 TRACE 4684 --- [clothlogix] [           main] o.h.s.i.AbstractServiceRegistryImpl      : Initializing service [role=org.hibernate.boot.spi.SessionFactoryBuilderService]
2024-05-17T15:11:54.627+02:00 TRACE 4684 --- [clothlogix] [           main] o.h.s.i.AbstractServiceRegistryImpl      : Initializing service [role=org.hibernate.engine.jdbc.connections.spi.MultiTenantConnectionProvider]
2024-05-17T15:11:54.627+02:00 TRACE 4684 --- [clothlogix] [           main] org.hibernate.loader.BatchFetchStyle     : Interpreting BatchFetchStyle from setting : null
2024-05-17T15:11:54.632+02:00 TRACE 4684 --- [clothlogix] [           main] o.h.s.i.AbstractServiceRegistryImpl      : Initializing service [role=org.hibernate.bytecode.spi.BytecodeProvider]
2024-05-17T15:11:54.652+02:00 DEBUG 4684 --- [clothlogix] [           main] o.hibernate.internal.SessionFactoryImpl  : Building session factory
2024-05-17T15:11:54.652+02:00 TRACE 4684 --- [clothlogix] [           main] o.h.s.i.AbstractServiceRegistryImpl      : Initializing service [role=org.hibernate.service.spi.SessionFactoryServiceRegistryFactory]
2024-05-17T15:11:54.682+02:00 DEBUG 4684 --- [clothlogix] [           main] .h.s.i.SessionFactoryServiceRegistryImpl : EventListenerRegistry access via ServiceRegistry is deprecated.  Use `sessionFactory.getEventEngine().getListenerRegistry()` instead
2024-05-17T15:11:54.682+02:00 DEBUG 4684 --- [clothlogix] [           main] o.hibernate.internal.SessionFactoryImpl  : Instantiating SessionFactory with settings: {java.specification.version=19, sun.cpu.isalist=amd64, hibernate.connection.handling_mode=DELAYED_ACQUISITION_AND_HOLD, sun.jnu.encoding=Cp1252, java.class.path=C:\Sviluppo\workArea\clothlogix\target\test-classes;C:\Sviluppo\workArea\clothlogix\target\classes;C:\Users\salvatoresilvestri\.m2\repository\org\springframework\boot\spring-boot-starter-data-jpa\3.2.5\spring-boot-starter-data-jpa-3.2.5.jar;C:\Users\salvatoresilvestri\.m2\repository\org\springframework\boot\spring-boot-starter-aop\3.2.5\spring-boot-starter-aop-3.2.5.jar;C:\Users\salvatoresilvestri\.m2\repository\org\aspectj\aspectjweaver\1.9.22\aspectjweaver-1.9.22.jar;C:\Users\salvatoresilvestri\.m2\repository\org\springframework\boot\spring-boot-starter-jdbc\3.2.5\spring-boot-starter-jdbc-3.2.5.jar;C:\Users\salvatoresilvestri\.m2\repository\com\zaxxer\HikariCP\5.0.1\HikariCP-5.0.1.jar;C:\Users\salvatoresilvestri\.m2\repository\org\springframework\spring-jdbc\6.1.6\spring-jdbc-6.1.6.jar;C:\Users\salvatoresilvestri\.m2\repository\org\hibernate\orm\hibernate-core\6.4.4.Final\hibernate-core-6.4.4.Final.jar;C:\Users\salvatoresilvestri\.m2\repository\jakarta\persistence\jakarta.persistence-api\3.1.0\jakarta.persistence-api-3.1.0.jar;C:\Users\salvatoresilvestri\.m2\repository\jakarta\transaction\jakarta.transaction-api\2.0.1\jakarta.transaction-api-2.0.1.jar;C:\Users\salvatoresilvestri\.m2\repository\org\jboss\logging\jboss-logging\3.5.3.Final\jboss-logging-3.5.3.Final.jar;C:\Users\salvatoresilvestri\.m2\repository\org\hibernate\common\hibernate-commons-annotations\6.0.6.Final\hibernate-commons-annotations-6.0.6.Final.jar;C:\Users\salvatoresilvestri\.m2\repository\io\smallrye\jandex\3.1.2\jandex-3.1.2.jar;C:\Users\salvatoresilvestri\.m2\repository\com\fasterxml\classmate\1.6.0\classmate-1.6.0.jar;C:\Users\salvatoresilvestri\.m2\repository\net\bytebuddy\byte-buddy\1.14.13\byte-buddy-1.14.13.jar;C:\Users\salvatoresilvestri\.m2\repository\org\glassfish\jaxb\jaxb-runtime\4.0.5\jaxb-runtime-4.0.5.jar;C:\Users\salvatoresilvestri\.m2\repository\org\glassfish\jaxb\jaxb-core\4.0.5\jaxb-core-4.0.5.jar;C:\Users\salvatoresilvestri\.m2\repository\org\eclipse\angus\angus-activation\2.0.2\angus-activation-2.0.2.jar;C:\Users\salvatoresilvestri\.m2\repository\org\glassfish\jaxb\txw2\4.0.5\txw2-4.0.5.jar;C:\Users\salvatoresilvestri\.m2\repository\com\sun\istack\istack-commons-runtime\4.1.2\istack-commons-runtime-4.1.2.jar;C:\Users\salvatoresilvestri\.m2\repository\jakarta\inject\jakarta.inject-api\2.0.1\jakarta.inject-api-2.0.1.jar;C:\Users\salvatoresilvestri\.m2\repository\org\antlr\antlr4-runtime\4.13.0\antlr4-runtime-4.13.0.jar;C:\Users\salvatoresilvestri\.m2\repository\org\springframework\data\spring-data-jpa\3.2.5\spring-data-jpa-3.2.5.jar;C:\Users\salvatoresilvestri\.m2\repository\org\springframework\data\spring-data-commons\3.2.5\spring-data-commons-3.2.5.jar;C:\Users\salvatoresilvestri\.m2\repository\org\springframework\spring-orm\6.1.6\spring-orm-6.1.6.jar;C:\Users\salvatoresilvestri\.m2\repository\org\springframework\spring-context\6.1.6\spring-context-6.1.6.jar;C:\Users\salvatoresilvestri\.m2\repository\org\springframework\spring-tx\6.1.6\spring-tx-6.1.6.jar;C:\Users\salvatoresilvestri\.m2\repository\org\springframework\spring-beans\6.1.6\spring-beans-6.1.6.jar;C:\Users\salvatoresilvestri\.m2\repository\org\slf4j\slf4j-api\2.0.13\slf4j-api-2.0.13.jar;C:\Users\salvatoresilvestri\.m2\repository\org\springframework\spring-aspects\6.1.6\spring-aspects-6.1.6.jar;C:\Users\salvatoresilvestri\.m2\repository\org\springframework\boot\spring-boot-starter-data-rest\3.2.5\spring-boot-starter-data-rest-3.2.5.jar;C:\Users\salvatoresilvestri\.m2\repository\org\springframework\data\spring-data-rest-webmvc\4.2.5\spring-data-rest-webmvc-4.2.5.jar;C:\Users\salvatoresilvestri\.m2\repository\org\springframework\data\spring-data-rest-core\4.2.5\spring-data-rest-core-4.2.5.jar;C:\Users\salvatoresilvestri\.m2\repository\org\springframework\hateoas\spring-hateoas\2.2.2\spring-hateoas-2.2.2.jar;C:\Users\salvatoresilvestri\.m2\repository\org\springframework\plugin\spring-plugin-core\3.0.0\spring-plugin-core-3.0.0.jar;C:\Users\salvatoresilvestri\.m2\repository\org\atteo\evo-inflector\1.3\evo-inflector-1.3.jar;C:\Users\salvatoresilvestri\.m2\repository\com\fasterxml\jackson\core\jackson-databind\2.15.4\jackson-databind-2.15.4.jar;C:\Users\salvatoresilvestri\.m2\repository\com\fasterxml\jackson\core\jackson-core\2.15.4\jackson-core-2.15.4.jar;C:\Users\salvatoresilvestri\.m2\repository\com\fasterxml\jackson\core\jackson-annotations\2.15.4\jackson-annotations-2.15.4.jar;C:\Users\salvatoresilvestri\.m2\repository\org\springframework\boot\spring-boot-starter-security\3.2.5\spring-boot-starter-security-3.2.5.jar;C:\Users\salvatoresilvestri\.m2\repository\org\springframework\boot\spring-boot-starter\3.2.5\spring-boot-starter-3.2.5.jar;C:\Users\salvatoresilvestri\.m2\repository\org\springframework\boot\spring-boot\3.2.5\spring-boot-3.2.5.jar;C:\Users\salvatoresilvestri\.m2\repository\org\springframework\boot\spring-boot-autoconfigure\3.2.5\spring-boot-autoconfigure-3.2.5.jar;C:\Users\salvatoresilvestri\.m2\repository\org\springframework\boot\spring-boot-starter-logging\3.2.5\spring-boot-starter-logging-3.2.5.jar;C:\Users\salvatoresilvestri\.m2\repository\ch\qos\logback\logback-classic\1.4.14\logback-classic-1.4.14.jar;C:\Users\salvatoresilvestri\.m2\repository\ch\qos\logback\logback-core\1.4.14\logback-core-1.4.14.jar;C:\Users\salvatoresilvestri\.m2\repository\org\apache\logging\log4j\log4j-to-slf4j\2.21.1\log4j-to-slf4j-2.21.1.jar;C:\Users\salvatoresilvestri\.m2\repository\org\apache\logging\log4j\log4j-api\2.21.1\log4j-api-2.21.1.jar;C:\Users\salvatoresilvestri\.m2\repository\org\slf4j\jul-to-slf4j\2.0.13\jul-to-slf4j-2.0.13.jar;C:\Users\salvatoresilvestri\.m2\repository\org\yaml\snakeyaml\2.2\snakeyaml-2.2.jar;C:\Users\salvatoresilvestri\.m2\repository\org\springframework\spring-aop\6.1.6\spring-aop-6.1.6.jar;C:\Users\salvatoresilvestri\.m2\repository\org\springframework\security\spring-security-config\6.2.4\spring-security-config-6.2.4.jar;C:\Users\salvatoresilvestri\.m2\repository\org\springframework\security\spring-security-web\6.2.4\spring-security-web-6.2.4.jar;C:\Users\salvatoresilvestri\.m2\repository\org\springframework\spring-expression\6.1.6\spring-expression-6.1.6.jar;C:\Users\salvatoresilvestri\.m2\repository\org\springframework\boot\spring-boot-starter-validation\3.2.5\spring-boot-starter-validation-3.2.5.jar;C:\Users\salvatoresilvestri\.m2\repository\org\apache\tomcat\embed\tomcat-embed-el\10.1.20\tomcat-embed-el-10.1.20.jar;C:\Users\salvatoresilvestri\.m2\repository\org\hibernate\validator\hibernate-validator\8.0.1.Final\hibernate-validator-8.0.1.Final.jar;C:\Users\salvatoresilvestri\.m2\repository\jakarta\validation\jakarta.validation-api\3.0.2\jakarta.validation-api-3.0.2.jar;C:\Users\salvatoresilvestri\.m2\repository\org\springframework\boot\spring-boot-starter-web\3.2.5\spring-boot-starter-web-3.2.5.jar;C:\Users\salvatoresilvestri\.m2\repository\org\springframework\boot\spring-boot-starter-json\3.2.5\spring-boot-starter-json-3.2.5.jar;C:\Users\salvatoresilvestri\.m2\repository\com\fasterxml\jackson\datatype\jackson-datatype-jdk8\2.15.4\jackson-datatype-jdk8-2.15.4.jar;C:\Users\salvatoresilvestri\.m2\repository\com\fasterxml\jackson\datatype\jackson-datatype-jsr310\2.15.4\jackson-datatype-jsr310-2.15.4.jar;C:\Users\salvatoresilvestri\.m2\repository\com\fasterxml\jackson\module\jackson-module-parameter-names\2.15.4\jackson-module-parameter-names-2.15.4.jar;C:\Users\salvatoresilvestri\.m2\repository\org\springframework\spring-web\6.1.6\spring-web-6.1.6.jar;C:\Users\salvatoresilvestri\.m2\repository\io\micrometer\micrometer-observation\1.12.5\micrometer-observation-1.12.5.jar;C:\Users\salvatoresilvestri\.m2\repository\io\micrometer\micrometer-commons\1.12.5\micrometer-commons-1.12.5.jar;C:\Users\salvatoresilvestri\.m2\repository\org\springframework\spring-webmvc\6.1.6\spring-webmvc-6.1.6.jar;C:\Users\salvatoresilvestri\.m2\repository\com\mysql\mysql-connector-j\8.3.0\mysql-connector-j-8.3.0.jar;C:\Users\salvatoresilvestri\.m2\repository\org\projectlombok\lombok\1.18.32\lombok-1.18.32.jar;C:\Users\salvatoresilvestri\.m2\repository\org\springframework\boot\spring-boot-starter-tomcat\3.2.5\spring-boot-starter-tomcat-3.2.5.jar;C:\Users\salvatoresilvestri\.m2\repository\jakarta\annotation\jakarta.annotation-api\2.1.1\jakarta.annotation-api-2.1.1.jar;C:\Users\salvatoresilvestri\.m2\repository\org\apache\tomcat\embed\tomcat-embed-core\10.1.20\tomcat-embed-core-10.1.20.jar;C:\Users\salvatoresilvestri\.m2\repository\org\apache\tomcat\embed\tomcat-embed-websocket\10.1.20\tomcat-embed-websocket-10.1.20.jar;C:\Users\salvatoresilvestri\.m2\repository\org\springframework\boot\spring-boot-starter-test\3.2.5\spring-boot-starter-test-3.2.5.jar;C:\Users\salvatoresilvestri\.m2\repository\org\springframework\boot\spring-boot-test\3.2.5\spring-boot-test-3.2.5.jar;C:\Users\salvatoresilvestri\.m2\repository\org\springframework\boot\spring-boot-test-autoconfigure\3.2.5\spring-boot-test-autoconfigure-3.2.5.jar;C:\Users\salvatoresilvestri\.m2\repository\com\jayway\jsonpath\json-path\2.9.0\json-path-2.9.0.jar;C:\Users\salvatoresilvestri\.m2\repository\jakarta\xml\bind\jakarta.xml.bind-api\4.0.2\jakarta.xml.bind-api-4.0.2.jar;C:\Users\salvatoresilvestri\.m2\repository\jakarta\activation\jakarta.activation-api\2.1.3\jakarta.activation-api-2.1.3.jar;C:\Users\salvatoresilvestri\.m2\repository\net\minidev\json-smart\2.5.1\json-smart-2.5.1.jar;C:\Users\salvatoresilvestri\.m2\repository\net\minidev\accessors-smart\2.5.1\accessors-smart-2.5.1.jar;C:\Users\salvatoresilvestri\.m2\repository\org\ow2\asm\asm\9.6\asm-9.6.jar;C:\Users\salvatoresilvestri\.m2\repository\org\assertj\assertj-core\3.24.2\assertj-core-3.24.2.jar;C:\Users\salvatoresilvestri\.m2\repository\org\awaitility\awaitility\4.2.1\awaitility-4.2.1.jar;C:\Users\salvatoresilvestri\.m2\repository\org\hamcrest\hamcrest\2.2\hamcrest-2.2.jar;C:\Users\salvatoresilvestri\.m2\repository\org\junit\jupiter\junit-jupiter\5.10.2\junit-jupiter-5.10.2.jar;C:\Users\salvatoresilvestri\.m2\repository\org\junit\jupiter\junit-jupiter-api\5.10.2\junit-jupiter-api-5.10.2.jar;C:\Users\salvatoresilvestri\.m2\repository\org\opentest4j\opentest4j\1.3.0\opentest4j-1.3.0.jar;C:\Users\salvatoresilvestri\.m2\repository\org\junit\platform\junit-platform-commons\1.10.2\junit-platform-commons-1.10.2.jar;C:\Users\salvatoresilvestri\.m2\repository\org\apiguardian\apiguardian-api\1.1.2\apiguardian-api-1.1.2.jar;C:\Users\salvatoresilvestri\.m2\repository\org\junit\jupiter\junit-jupiter-params\5.10.2\junit-jupiter-params-5.10.2.jar;C:\Users\salvatoresilvestri\.m2\repository\org\junit\jupiter\junit-jupiter-engine\5.10.2\junit-jupiter-engine-5.10.2.jar;C:\Users\salvatoresilvestri\.m2\repository\org\junit\platform\junit-platform-engine\1.10.2\junit-platform-engine-1.10.2.jar;C:\Users\salvatoresilvestri\.m2\repository\org\mockito\mockito-core\5.7.0\mockito-core-5.7.0.jar;C:\Users\salvatoresilvestri\.m2\repository\net\bytebuddy\byte-buddy-agent\1.14.13\byte-buddy-agent-1.14.13.jar;C:\Users\salvatoresilvestri\.m2\repository\org\objenesis\objenesis\3.3\objenesis-3.3.jar;C:\Users\salvatoresilvestri\.m2\repository\org\mockito\mockito-junit-jupiter\5.7.0\mockito-junit-jupiter-5.7.0.jar;C:\Users\salvatoresilvestri\.m2\repository\org\skyscreamer\jsonassert\1.5.1\jsonassert-1.5.1.jar;C:\Users\salvatoresilvestri\.m2\repository\com\vaadin\external\google\android-json\0.0.20131108.vaadin1\android-json-0.0.20131108.vaadin1.jar;C:\Users\salvatoresilvestri\.m2\repository\org\springframework\spring-core\6.1.6\spring-core-6.1.6.jar;C:\Users\salvatoresilvestri\.m2\repository\org\springframework\spring-jcl\6.1.6\spring-jcl-6.1.6.jar;C:\Users\salvatoresilvestri\.m2\repository\org\springframework\spring-test\6.1.6\spring-test-6.1.6.jar;C:\Users\salvatoresilvestri\.m2\repository\org\xmlunit\xmlunit-core\2.9.1\xmlunit-core-2.9.1.jar;C:\Users\salvatoresilvestri\.m2\repository\org\apache\commons\commons-dbcp2\2.9.0\commons-dbcp2-2.9.0.jar;C:\Users\salvatoresilvestri\.m2\repository\org\apache\commons\commons-pool2\2.12.0\commons-pool2-2.12.0.jar;C:\Users\salvatoresilvestri\.m2\repository\org\mapstruct\mapstruct\1.4.2.Final\mapstruct-1.4.2.Final.jar;C:\Users\salvatoresilvestri\.m2\repository\org\mapstruct\mapstruct-processor\1.4.2.Final\mapstruct-processor-1.4.2.Final.jar;C:\Users\salvatoresilvestri\.m2\repository\org\springframework\security\spring-security-test\6.0.4\spring-security-test-6.0.4.jar;C:\Users\salvatoresilvestri\.m2\repository\org\springframework\security\spring-security-core\6.2.4\spring-security-core-6.2.4.jar;C:\Users\salvatoresilvestri\.m2\repository\org\springframework\security\spring-security-crypto\6.2.4\spring-security-crypto-6.2.4.jar;, java.vm.vendor=Amazon.com Inc., sun.arch.data.model=64, user.variant=, java.vendor.url=https://aws.amazon.com/corretto/, user.timezone=Europe/Rome, jakarta.persistence.sharedCache.mode=UNSPECIFIED, org.jboss.logging.provider=slf4j, java.vm.specification.version=19, os.name=Windows 11, jakarta.persistence.nonJtaDataSource=org.apache.commons.dbcp2.BasicDataSource@554188ac, sun.java.launcher=SUN_STANDARD, user.country=IT, sun.boot.library.path=C:\Users\salvatoresilvestri\.jdks\corretto-19.0.2\bin, sun.java.command=C:\Users\salvatoresilvestri\AppData\Local\Temp\surefire13098792274704795373\surefirebooter-20240517151149472_3.jar C:\Users\salvatoresilvestri\AppData\Local\Temp\surefire13098792274704795373 2024-05-17T15-11-49_192-jvmRun1 surefire-20240517151149472_1tmp surefire_0-20240517151149472_2tmp, javax.persistence.nonJtaDataSource=org.apache.commons.dbcp2.BasicDataSource@554188ac, jdk.debug=release, surefire.test.class.path=C:\Sviluppo\workArea\clothlogix\target\test-classes;C:\Sviluppo\workArea\clothlogix\target\classes;C:\Users\salvatoresilvestri\.m2\repository\org\springframework\boot\spring-boot-starter-data-jpa\3.2.5\spring-boot-starter-data-jpa-3.2.5.jar;C:\Users\salvatoresilvestri\.m2\repository\org\springframework\boot\spring-boot-starter-aop\3.2.5\spring-boot-starter-aop-3.2.5.jar;C:\Users\salvatoresilvestri\.m2\repository\org\aspectj\aspectjweaver\1.9.22\aspectjweaver-1.9.22.jar;C:\Users\salvatoresilvestri\.m2\repository\org\springframework\boot\spring-boot-starter-jdbc\3.2.5\spring-boot-starter-jdbc-3.2.5.jar;C:\Users\salvatoresilvestri\.m2\repository\com\zaxxer\HikariCP\5.0.1\HikariCP-5.0.1.jar;C:\Users\salvatoresilvestri\.m2\repository\org\springframework\spring-jdbc\6.1.6\spring-jdbc-6.1.6.jar;C:\Users\salvatoresilvestri\.m2\repository\org\hibernate\orm\hibernate-core\6.4.4.Final\hibernate-core-6.4.4.Final.jar;C:\Users\salvatoresilvestri\.m2\repository\jakarta\persistence\jakarta.persistence-api\3.1.0\jakarta.persistence-api-3.1.0.jar;C:\Users\salvatoresilvestri\.m2\repository\jakarta\transaction\jakarta.transaction-api\2.0.1\jakarta.transaction-api-2.0.1.jar;C:\Users\salvatoresilvestri\.m2\repository\org\jboss\logging\jboss-logging\3.5.3.Final\jboss-logging-3.5.3.Final.jar;C:\Users\salvatoresilvestri\.m2\repository\org\hibernate\common\hibernate-commons-annotations\6.0.6.Final\hibernate-commons-annotations-6.0.6.Final.jar;C:\Users\salvatoresilvestri\.m2\repository\io\smallrye\jandex\3.1.2\jandex-3.1.2.jar;C:\Users\salvatoresilvestri\.m2\repository\com\fasterxml\classmate\1.6.0\classmate-1.6.0.jar;C:\Users\salvatoresilvestri\.m2\repository\net\bytebuddy\byte-buddy\1.14.13\byte-buddy-1.14.13.jar;C:\Users\salvatoresilvestri\.m2\repository\org\glassfish\jaxb\jaxb-runtime\4.0.5\jaxb-runtime-4.0.5.jar;C:\Users\salvatoresilvestri\.m2\repository\org\glassfish\jaxb\jaxb-core\4.0.5\jaxb-core-4.0.5.jar;C:\Users\salvatoresilvestri\.m2\repository\org\eclipse\angus\angus-activation\2.0.2\angus-activation-2.0.2.jar;C:\Users\salvatoresilvestri\.m2\repository\org\glassfish\jaxb\txw2\4.0.5\txw2-4.0.5.jar;C:\Users\salvatoresilvestri\.m2\repository\com\sun\istack\istack-commons-runtime\4.1.2\istack-commons-runtime-4.1.2.jar;C:\Users\salvatoresilvestri\.m2\repository\jakarta\inject\jakarta.inject-api\2.0.1\jakarta.inject-api-2.0.1.jar;C:\Users\salvatoresilvestri\.m2\repository\org\antlr\antlr4-runtime\4.13.0\antlr4-runtime-4.13.0.jar;C:\Users\salvatoresilvestri\.m2\repository\org\springframework\data\spring-data-jpa\3.2.5\spring-data-jpa-3.2.5.jar;C:\Users\salvatoresilvestri\.m2\repository\org\springframework\data\spring-data-commons\3.2.5\spring-data-commons-3.2.5.jar;C:\Users\salvatoresilvestri\.m2\repository\org\springframework\spring-orm\6.1.6\spring-orm-6.1.6.jar;C:\Users\salvatoresilvestri\.m2\repository\org\springframework\spring-context\6.1.6\spring-context-6.1.6.jar;C:\Users\salvatoresilvestri\.m2\repository\org\springframework\spring-tx\6.1.6\spring-tx-6.1.6.jar;C:\Users\salvatoresilvestri\.m2\repository\org\springframework\spring-beans\6.1.6\spring-beans-6.1.6.jar;C:\Users\salvatoresilvestri\.m2\repository\org\slf4j\slf4j-api\2.0.13\slf4j-api-2.0.13.jar;C:\Users\salvatoresilvestri\.m2\repository\org\springframework\spring-aspects\6.1.6\spring-aspects-6.1.6.jar;C:\Users\salvatoresilvestri\.m2\repository\org\springframework\boot\spring-boot-starter-data-rest\3.2.5\spring-boot-starter-data-rest-3.2.5.jar;C:\Users\salvatoresilvestri\.m2\repository\org\springframework\data\spring-data-rest-webmvc\4.2.5\spring-data-rest-webmvc-4.2.5.jar;C:\Users\salvatoresilvestri\.m2\repository\org\springframework\data\spring-data-rest-core\4.2.5\spring-data-rest-core-4.2.5.jar;C:\Users\salvatoresilvestri\.m2\repository\org\springframework\hateoas\spring-hateoas\2.2.2\spring-hateoas-2.2.2.jar;C:\Users\salvatoresilvestri\.m2\repository\org\springframework\plugin\spring-plugin-core\3.0.0\spring-plugin-core-3.0.0.jar;C:\Users\salvatoresilvestri\.m2\repository\org\atteo\evo-inflector\1.3\evo-inflector-1.3.jar;C:\Users\salvatoresilvestri\.m2\repository\com\fasterxml\jackson\core\jackson-databind\2.15.4\jackson-databind-2.15.4.jar;C:\Users\salvatoresilvestri\.m2\repository\com\fasterxml\jackson\core\jackson-core\2.15.4\jackson-core-2.15.4.jar;C:\Users\salvatoresilvestri\.m2\repository\com\fasterxml\jackson\core\jackson-annotations\2.15.4\jackson-annotations-2.15.4.jar;C:\Users\salvatoresilvestri\.m2\repository\org\springframework\boot\spring-boot-starter-security\3.2.5\spring-boot-starter-security-3.2.5.jar;C:\Users\salvatoresilvestri\.m2\repository\org\springframework\boot\spring-boot-starter\3.2.5\spring-boot-starter-3.2.5.jar;C:\Users\salvatoresilvestri\.m2\repository\org\springframework\boot\spring-boot\3.2.5\spring-boot-3.2.5.jar;C:\Users\salvatoresilvestri\.m2\repository\org\springframework\boot\spring-boot-autoconfigure\3.2.5\spring-boot-autoconfigure-3.2.5.jar;C:\Users\salvatoresilvestri\.m2\repository\org\springframework\boot\spring-boot-starter-logging\3.2.5\spring-boot-starter-logging-3.2.5.jar;C:\Users\salvatoresilvestri\.m2\repository\ch\qos\logback\logback-classic\1.4.14\logback-classic-1.4.14.jar;C:\Users\salvatoresilvestri\.m2\repository\ch\qos\logback\logback-core\1.4.14\logback-core-1.4.14.jar;C:\Users\salvatoresilvestri\.m2\repository\org\apache\logging\log4j\log4j-to-slf4j\2.21.1\log4j-to-slf4j-2.21.1.jar;C:\Users\salvatoresilvestri\.m2\repository\org\apache\logging\log4j\log4j-api\2.21.1\log4j-api-2.21.1.jar;C:\Users\salvatoresilvestri\.m2\repository\org\slf4j\jul-to-slf4j\2.0.13\jul-to-slf4j-2.0.13.jar;C:\Users\salvatoresilvestri\.m2\repository\org\yaml\snakeyaml\2.2\snakeyaml-2.2.jar;C:\Users\salvatoresilvestri\.m2\repository\org\springframework\spring-aop\6.1.6\spring-aop-6.1.6.jar;C:\Users\salvatoresilvestri\.m2\repository\org\springframework\security\spring-security-config\6.2.4\spring-security-config-6.2.4.jar;C:\Users\salvatoresilvestri\.m2\repository\org\springframework\security\spring-security-web\6.2.4\spring-security-web-6.2.4.jar;C:\Users\salvatoresilvestri\.m2\repository\org\springframework\spring-expression\6.1.6\spring-expression-6.1.6.jar;C:\Users\salvatoresilvestri\.m2\repository\org\springframework\boot\spring-boot-starter-validation\3.2.5\spring-boot-starter-validation-3.2.5.jar;C:\Users\salvatoresilvestri\.m2\repository\org\apache\tomcat\embed\tomcat-embed-el\10.1.20\tomcat-embed-el-10.1.20.jar;C:\Users\salvatoresilvestri\.m2\repository\org\hibernate\validator\hibernate-validator\8.0.1.Final\hibernate-validator-8.0.1.Final.jar;C:\Users\salvatoresilvestri\.m2\repository\jakarta\validation\jakarta.validation-api\3.0.2\jakarta.validation-api-3.0.2.jar;C:\Users\salvatoresilvestri\.m2\repository\org\springframework\boot\spring-boot-starter-web\3.2.5\spring-boot-starter-web-3.2.5.jar;C:\Users\salvatoresilvestri\.m2\repository\org\springframework\boot\spring-boot-starter-json\3.2.5\spring-boot-starter-json-3.2.5.jar;C:\Users\salvatoresilvestri\.m2\repository\com\fasterxml\jackson\datatype\jackson-datatype-jdk8\2.15.4\jackson-datatype-jdk8-2.15.4.jar;C:\Users\salvatoresilvestri\.m2\repository\com\fasterxml\jackson\datatype\jackson-datatype-jsr310\2.15.4\jackson-datatype-jsr310-2.15.4.jar;C:\Users\salvatoresilvestri\.m2\repository\com\fasterxml\jackson\module\jackson-module-parameter-names\2.15.4\jackson-module-parameter-names-2.15.4.jar;C:\Users\salvatoresilvestri\.m2\repository\org\springframework\spring-web\6.1.6\spring-web-6.1.6.jar;C:\Users\salvatoresilvestri\.m2\repository\io\micrometer\micrometer-observation\1.12.5\micrometer-observation-1.12.5.jar;C:\Users\salvatoresilvestri\.m2\repository\io\micrometer\micrometer-commons\1.12.5\micrometer-commons-1.12.5.jar;C:\Users\salvatoresilvestri\.m2\repository\org\springframework\spring-webmvc\6.1.6\spring-webmvc-6.1.6.jar;C:\Users\salvatoresilvestri\.m2\repository\com\mysql\mysql-connector-j\8.3.0\mysql-connector-j-8.3.0.jar;C:\Users\salvatoresilvestri\.m2\repository\org\projectlombok\lombok\1.18.32\lombok-1.18.32.jar;C:\Users\salvatoresilvestri\.m2\repository\org\springframework\boot\spring-boot-starter-tomcat\3.2.5\spring-boot-starter-tomcat-3.2.5.jar;C:\Users\salvatoresilvestri\.m2\repository\jakarta\annotation\jakarta.annotation-api\2.1.1\jakarta.annotation-api-2.1.1.jar;C:\Users\salvatoresilvestri\.m2\repository\org\apache\tomcat\embed\tomcat-embed-core\10.1.20\tomcat-embed-core-10.1.20.jar;C:\Users\salvatoresilvestri\.m2\repository\org\apache\tomcat\embed\tomcat-embed-websocket\10.1.20\tomcat-embed-websocket-10.1.20.jar;C:\Users\salvatoresilvestri\.m2\repository\org\springframework\boot\spring-boot-starter-test\3.2.5\spring-boot-starter-test-3.2.5.jar;C:\Users\salvatoresilvestri\.m2\repository\org\springframework\boot\spring-boot-test\3.2.5\spring-boot-test-3.2.5.jar;C:\Users\salvatoresilvestri\.m2\repository\org\springframework\boot\spring-boot-test-autoconfigure\3.2.5\spring-boot-test-autoconfigure-3.2.5.jar;C:\Users\salvatoresilvestri\.m2\repository\com\jayway\jsonpath\json-path\2.9.0\json-path-2.9.0.jar;C:\Users\salvatoresilvestri\.m2\repository\jakarta\xml\bind\jakarta.xml.bind-api\4.0.2\jakarta.xml.bind-api-4.0.2.jar;C:\Users\salvatoresilvestri\.m2\repository\jakarta\activation\jakarta.activation-api\2.1.3\jakarta.activation-api-2.1.3.jar;C:\Users\salvatoresilvestri\.m2\repository\net\minidev\json-smart\2.5.1\json-smart-2.5.1.jar;C:\Users\salvatoresilvestri\.m2\repository\net\minidev\accessors-smart\2.5.1\accessors-smart-2.5.1.jar;C:\Users\salvatoresilvestri\.m2\repository\org\ow2\asm\asm\9.6\asm-9.6.jar;C:\Users\salvatoresilvestri\.m2\repository\org\assertj\assertj-core\3.24.2\assertj-core-3.24.2.jar;C:\Users\salvatoresilvestri\.m2\repository\org\awaitility\awaitility\4.2.1\awaitility-4.2.1.jar;C:\Users\salvatoresilvestri\.m2\repository\org\hamcrest\hamcrest\2.2\hamcrest-2.2.jar;C:\Users\salvatoresilvestri\.m2\repository\org\junit\jupiter\junit-jupiter\5.10.2\junit-jupiter-5.10.2.jar;C:\Users\salvatoresilvestri\.m2\repository\org\junit\jupiter\junit-jupiter-api\5.10.2\junit-jupiter-api-5.10.2.jar;C:\Users\salvatoresilvestri\.m2\repository\org\opentest4j\opentest4j\1.3.0\opentest4j-1.3.0.jar;C:\Users\salvatoresilvestri\.m2\repository\org\junit\platform\junit-platform-commons\1.10.2\junit-platform-commons-1.10.2.jar;C:\Users\salvatoresilvestri\.m2\repository\org\apiguardian\apiguardian-api\1.1.2\apiguardian-api-1.1.2.jar;C:\Users\salvatoresilvestri\.m2\repository\org\junit\jupiter\junit-jupiter-params\5.10.2\junit-jupiter-params-5.10.2.jar;C:\Users\salvatoresilvestri\.m2\repository\org\junit\jupiter\junit-jupiter-engine\5.10.2\junit-jupiter-engine-5.10.2.jar;C:\Users\salvatoresilvestri\.m2\repository\org\junit\platform\junit-platform-engine\1.10.2\junit-platform-engine-1.10.2.jar;C:\Users\salvatoresilvestri\.m2\repository\org\mockito\mockito-core\5.7.0\mockito-core-5.7.0.jar;C:\Users\salvatoresilvestri\.m2\repository\net\bytebuddy\byte-buddy-agent\1.14.13\byte-buddy-agent-1.14.13.jar;C:\Users\salvatoresilvestri\.m2\repository\org\objenesis\objenesis\3.3\objenesis-3.3.jar;C:\Users\salvatoresilvestri\.m2\repository\org\mockito\mockito-junit-jupiter\5.7.0\mockito-junit-jupiter-5.7.0.jar;C:\Users\salvatoresilvestri\.m2\repository\org\skyscreamer\jsonassert\1.5.1\jsonassert-1.5.1.jar;C:\Users\salvatoresilvestri\.m2\repository\com\vaadin\external\google\android-json\0.0.20131108.vaadin1\android-json-0.0.20131108.vaadin1.jar;C:\Users\salvatoresilvestri\.m2\repository\org\springframework\spring-core\6.1.6\spring-core-6.1.6.jar;C:\Users\salvatoresilvestri\.m2\repository\org\springframework\spring-jcl\6.1.6\spring-jcl-6.1.6.jar;C:\Users\salvatoresilvestri\.m2\repository\org\springframework\spring-test\6.1.6\spring-test-6.1.6.jar;C:\Users\salvatoresilvestri\.m2\repository\org\xmlunit\xmlunit-core\2.9.1\xmlunit-core-2.9.1.jar;C:\Users\salvatoresilvestri\.m2\repository\org\apache\commons\commons-dbcp2\2.9.0\commons-dbcp2-2.9.0.jar;C:\Users\salvatoresilvestri\.m2\repository\org\apache\commons\commons-pool2\2.12.0\commons-pool2-2.12.0.jar;C:\Users\salvatoresilvestri\.m2\repository\org\mapstruct\mapstruct\1.4.2.Final\mapstruct-1.4.2.Final.jar;C:\Users\salvatoresilvestri\.m2\repository\org\mapstruct\mapstruct-processor\1.4.2.Final\mapstruct-processor-1.4.2.Final.jar;C:\Users\salvatoresilvestri\.m2\repository\org\springframework\security\spring-security-test\6.0.4\spring-security-test-6.0.4.jar;C:\Users\salvatoresilvestri\.m2\repository\org\springframework\security\spring-security-core\6.2.4\spring-security-core-6.2.4.jar;C:\Users\salvatoresilvestri\.m2\repository\org\springframework\security\spring-security-crypto\6.2.4\spring-security-crypto-6.2.4.jar;, sun.cpu.endian=little, hibernate.cdi.extensions=true, user.home=C:\Users\salvatoresilvestri, user.language=it, java.specification.vendor=Oracle Corporation, java.version.date=2023-01-17, java.home=C:\Users\salvatoresilvestri\.jdks\corretto-19.0.2, file.separator=\, basedir=C:\Sviluppo\workArea\clothlogix, java.vm.compressedOopsMode=Zero based, line.separator=
, hibernate.persistenceUnitName=default, java.vm.specification.vendor=Oracle Corporation, java.specification.name=Java Platform API Specification, FILE_LOG_CHARSET=UTF-8, hibernate.transaction.coordinator_class=class org.hibernate.resource.transaction.backend.jdbc.internal.JdbcResourceLocalTransactionCoordinatorBuilderImpl, java.awt.headless=true, surefire.real.class.path=C:\Users\salvatoresilvestri\AppData\Local\Temp\surefire13098792274704795373\surefirebooter-20240517151149472_3.jar, jakarta.persistence.validation.mode=AUTO, user.script=, sun.management.compiler=HotSpot 64-Bit Tiered Compilers, java.runtime.version=19.0.2+7-FR, user.name=salvatoresilvestri, stdout.encoding=Cp1252, path.separator=;, os.version=10.0, java.runtime.name=OpenJDK Runtime Environment, file.encoding=UTF-8, java.vm.name=OpenJDK 64-Bit Server VM, java.vendor.version=Corretto-19.0.2.7.1, LOG_FILE=mylogfile.log, localRepository=C:\Users\salvatoresilvestri\.m2\repository, java.vendor.url.bug=https://github.com/corretto/corretto-19/issues/, java.io.tmpdir=C:\Users\SALVAT~1\AppData\Local\Temp\, idea.version=2024.1.1, java.version=19.0.2, user.dir=C:\Sviluppo\workArea\clothlogix, os.arch=amd64, java.vm.specification.name=Java Virtual Machine Specification, PID=4684, sun.os.patch.level=, CONSOLE_LOG_CHARSET=UTF-8, hibernate.boot.CfgXmlAccessService.key=org.hibernate.boot.registry.StandardServiceRegistryBuilder$1@40dee07b, native.encoding=Cp1252, java.library.path=C:\Users\salvatoresilvestri\.jdks\corretto-19.0.2\bin;C:\windows\Sun\Java\bin;C:\windows\system32;C:\windows;C:\Program Files\Common Files\Oracle\Java\javapath;C:\Program Files (x86)\Common Files\Oracle\Java\javapath;C:\ProgramData\Oracle\Java\javapath;C:\windows\system32;C:\windows;C:\windows\System32\Wbem;C:\windows\System32\WindowsPowerShell\v1.0\;C:\windows\System32\OpenSSH\;C:\Program Files\PuTTY\;C:\Program Files\TortoiseSVN\bin;C:\Program Files\Git\cmd;C:\Program Files\MySQL\MySQL Shell 8.0\bin\;C:\Users\salvatoresilvestri\AppData\Local\Microsoft\WindowsApps;;., stderr.encoding=Cp1252, java.vendor=Amazon.com Inc., java.vm.info=mixed mode, sharing, java.vm.version=19.0.2+7-FR, sun.io.unicode.encoding=UnicodeLittle, hibernate.connection.datasource=org.apache.commons.dbcp2.BasicDataSource@554188ac, java.class.version=63.0, LOGGED_APPLICATION_NAME=[clothlogix] }
2024-05-17T15:11:54.682+02:00 TRACE 4684 --- [clothlogix] [           main] .e.j.e.i.NormalizingIdentifierHelperImpl : Normalizing identifier quoting [null]
2024-05-17T15:11:54.690+02:00 TRACE 4684 --- [clothlogix] [           main] o.h.s.i.AbstractServiceRegistryImpl      : Initializing service [role=org.hibernate.cache.spi.CacheImplementor]
2024-05-17T15:11:54.692+02:00 DEBUG 4684 --- [clothlogix] [           main] o.hibernate.internal.SessionFactoryImpl  : Session factory constructed with filter configurations : {}
2024-05-17T15:11:54.706+02:00 DEBUG 4684 --- [clothlogix] [           main] o.h.v.i.xml.config.ValidationXmlParser   : Trying to load META-INF/validation.xml for XML based Validator configuration.
2024-05-17T15:11:54.706+02:00 DEBUG 4684 --- [clothlogix] [           main] o.h.v.i.xml.config.ResourceLoaderHelper  : Trying to load META-INF/validation.xml via TCCL
2024-05-17T15:11:54.706+02:00 DEBUG 4684 --- [clothlogix] [           main] o.h.v.i.xml.config.ResourceLoaderHelper  : Trying to load META-INF/validation.xml via Hibernate Validator's class loader
2024-05-17T15:11:54.706+02:00 DEBUG 4684 --- [clothlogix] [           main] o.h.v.i.xml.config.ValidationXmlParser   : No META-INF/validation.xml found. Using annotation based configuration only.
2024-05-17T15:11:54.706+02:00 DEBUG 4684 --- [clothlogix] [           main] o.h.v.i.e.resolver.TraversableResolvers  : Found jakarta.persistence.Persistence on classpath containing 'getPersistenceUtil'. Assuming JPA 2 environment. Trying to instantiate JPA aware TraversableResolver
2024-05-17T15:11:54.706+02:00 DEBUG 4684 --- [clothlogix] [           main] o.h.v.i.e.resolver.TraversableResolvers  : Instantiated JPA aware TraversableResolver of type org.hibernate.validator.internal.engine.resolver.JPATraversableResolver.
2024-05-17T15:11:54.706+02:00 DEBUG 4684 --- [clothlogix] [           main] .h.v.m.ResourceBundleMessageInterpolator : Loaded expression factory via original TCCL
2024-05-17T15:11:54.706+02:00 DEBUG 4684 --- [clothlogix] [           main] .i.e.ValidatorFactoryConfigurationHelper : HV000252: Using org.hibernate.validator.internal.engine.DefaultPropertyNodeNameProvider as property node name provider.
2024-05-17T15:11:54.706+02:00 DEBUG 4684 --- [clothlogix] [           main] .i.e.ValidatorFactoryConfigurationHelper : HV000234: Using org.hibernate.validator.messageinterpolation.ResourceBundleMessageInterpolator as ValidatorFactory-scoped message interpolator.
2024-05-17T15:11:54.706+02:00 DEBUG 4684 --- [clothlogix] [           main] .i.e.ValidatorFactoryConfigurationHelper : HV000234: Using org.hibernate.validator.internal.engine.resolver.JPATraversableResolver as ValidatorFactory-scoped traversable resolver.
2024-05-17T15:11:54.706+02:00 DEBUG 4684 --- [clothlogix] [           main] .i.e.ValidatorFactoryConfigurationHelper : HV000234: Using org.hibernate.validator.internal.util.ExecutableParameterNameProvider as ValidatorFactory-scoped parameter name provider.
2024-05-17T15:11:54.706+02:00 DEBUG 4684 --- [clothlogix] [           main] .i.e.ValidatorFactoryConfigurationHelper : HV000234: Using org.hibernate.validator.internal.engine.DefaultClockProvider as ValidatorFactory-scoped clock provider.
2024-05-17T15:11:54.706+02:00 DEBUG 4684 --- [clothlogix] [           main] .i.e.ValidatorFactoryConfigurationHelper : HV000234: Using org.hibernate.validator.internal.engine.scripting.DefaultScriptEvaluatorFactory as ValidatorFactory-scoped script evaluator factory.
2024-05-17T15:11:54.706+02:00 DEBUG 4684 --- [clothlogix] [           main] o.h.boot.internal.ClassLoaderAccessImpl  : Not known whether passed class name [com.fabless.clothlogix.model.entities.ProdottoEntity] is safe
2024-05-17T15:11:54.706+02:00 DEBUG 4684 --- [clothlogix] [           main] o.h.boot.internal.ClassLoaderAccessImpl  : No temp ClassLoader provided; using live ClassLoader for loading potentially unsafe class : com.fabless.clothlogix.model.entities.ProdottoEntity
2024-05-17T15:11:54.738+02:00 DEBUG 4684 --- [clothlogix] [           main] o.h.boot.internal.ClassLoaderAccessImpl  : Not known whether passed class name [com.fabless.clothlogix.model.entities.TipoEntity] is safe
2024-05-17T15:11:54.738+02:00 DEBUG 4684 --- [clothlogix] [           main] o.h.boot.internal.ClassLoaderAccessImpl  : No temp ClassLoader provided; using live ClassLoader for loading potentially unsafe class : com.fabless.clothlogix.model.entities.TipoEntity
2024-05-17T15:11:54.742+02:00 DEBUG 4684 --- [clothlogix] [           main] o.h.boot.internal.ClassLoaderAccessImpl  : Not known whether passed class name [com.fabless.clothlogix.model.entities.SezioneEntity] is safe
2024-05-17T15:11:54.742+02:00 DEBUG 4684 --- [clothlogix] [           main] o.h.boot.internal.ClassLoaderAccessImpl  : No temp ClassLoader provided; using live ClassLoader for loading potentially unsafe class : com.fabless.clothlogix.model.entities.SezioneEntity
2024-05-17T15:11:54.742+02:00 DEBUG 4684 --- [clothlogix] [           main] o.h.boot.internal.ClassLoaderAccessImpl  : Not known whether passed class name [com.fabless.clothlogix.model.entities.TagliaEntity] is safe
2024-05-17T15:11:54.742+02:00 DEBUG 4684 --- [clothlogix] [           main] o.h.boot.internal.ClassLoaderAccessImpl  : No temp ClassLoader provided; using live ClassLoader for loading potentially unsafe class : com.fabless.clothlogix.model.entities.TagliaEntity
2024-05-17T15:11:54.742+02:00 DEBUG 4684 --- [clothlogix] [           main] o.h.boot.internal.ClassLoaderAccessImpl  : Not known whether passed class name [com.fabless.clothlogix.model.entities.LoginEntity] is safe
2024-05-17T15:11:54.742+02:00 DEBUG 4684 --- [clothlogix] [           main] o.h.boot.internal.ClassLoaderAccessImpl  : No temp ClassLoader provided; using live ClassLoader for loading potentially unsafe class : com.fabless.clothlogix.model.entities.LoginEntity
2024-05-17T15:11:54.742+02:00 DEBUG 4684 --- [clothlogix] [           main] o.h.boot.internal.ClassLoaderAccessImpl  : Not known whether passed class name [com.fabless.clothlogix.model.entities.UtenteEntity] is safe
2024-05-17T15:11:54.742+02:00 DEBUG 4684 --- [clothlogix] [           main] o.h.boot.internal.ClassLoaderAccessImpl  : No temp ClassLoader provided; using live ClassLoader for loading potentially unsafe class : com.fabless.clothlogix.model.entities.UtenteEntity
2024-05-17T15:11:54.754+02:00 DEBUG 4684 --- [clothlogix] [           main] o.h.boot.internal.ClassLoaderAccessImpl  : Not known whether passed class name [com.fabless.clothlogix.model.entities.MagazzinoEntity] is safe
2024-05-17T15:11:54.754+02:00 DEBUG 4684 --- [clothlogix] [           main] o.h.boot.internal.ClassLoaderAccessImpl  : No temp ClassLoader provided; using live ClassLoader for loading potentially unsafe class : com.fabless.clothlogix.model.entities.MagazzinoEntity
2024-05-17T15:11:54.754+02:00 DEBUG 4684 --- [clothlogix] [           main] o.h.boot.internal.ClassLoaderAccessImpl  : Not known whether passed class name [com.fabless.clothlogix.model.entities.ColoreEntity] is safe
2024-05-17T15:11:54.754+02:00 DEBUG 4684 --- [clothlogix] [           main] o.h.boot.internal.ClassLoaderAccessImpl  : No temp ClassLoader provided; using live ClassLoader for loading potentially unsafe class : com.fabless.clothlogix.model.entities.ColoreEntity
2024-05-17T15:11:54.754+02:00 DEBUG 4684 --- [clothlogix] [           main] o.h.boot.internal.ClassLoaderAccessImpl  : Not known whether passed class name [com.fabless.clothlogix.model.entities.ProfiloEntity] is safe
2024-05-17T15:11:54.754+02:00 DEBUG 4684 --- [clothlogix] [           main] o.h.boot.internal.ClassLoaderAccessImpl  : No temp ClassLoader provided; using live ClassLoader for loading potentially unsafe class : com.fabless.clothlogix.model.entities.ProfiloEntity
2024-05-17T15:11:54.754+02:00 DEBUG 4684 --- [clothlogix] [           main] o.h.boot.internal.ClassLoaderAccessImpl  : Not known whether passed class name [com.fabless.clothlogix.model.entities.MaterialeEntity] is safe
2024-05-17T15:11:54.754+02:00 DEBUG 4684 --- [clothlogix] [           main] o.h.boot.internal.ClassLoaderAccessImpl  : No temp ClassLoader provided; using live ClassLoader for loading potentially unsafe class : com.fabless.clothlogix.model.entities.MaterialeEntity
2024-05-17T15:11:54.763+02:00 DEBUG 4684 --- [clothlogix] [           main] .h.s.i.SessionFactoryServiceRegistryImpl : EventListenerRegistry access via ServiceRegistry is deprecated.  Use `sessionFactory.getEventEngine().getListenerRegistry()` instead
2024-05-17T15:11:54.769+02:00 DEBUG 4684 --- [clothlogix] [           main] .h.t.s.s.SchemaManagementToolCoordinator : No schema actions specified for contributor `orm`; doing nothing
2024-05-17T15:11:54.792+02:00 DEBUG 4684 --- [clothlogix] [           main] o.h.q.sqm.function.SqmFunctionRegistry   : Registered SqmFunctionTemplate [NamedSqmFunctionTemplate(max)] under max; prior registration was null
2024-05-17T15:11:54.792+02:00 DEBUG 4684 --- [clothlogix] [           main] o.h.q.sqm.function.SqmFunctionRegistry   : Registered SqmFunctionTemplate [NamedSqmFunctionTemplate(min)] under min; prior registration was null
2024-05-17T15:11:54.792+02:00 DEBUG 4684 --- [clothlogix] [           main] o.h.q.sqm.function.SqmFunctionRegistry   : Registered SqmFunctionTemplate [NamedSqmFunctionTemplate(sum)] under sum; prior registration was null
2024-05-17T15:11:54.792+02:00 DEBUG 4684 --- [clothlogix] [           main] o.h.q.sqm.function.SqmFunctionRegistry   : Registered SqmFunctionTemplate [NamedSqmFunctionTemplate(avg)] under avg; prior registration was null
2024-05-17T15:11:54.792+02:00 DEBUG 4684 --- [clothlogix] [           main] o.h.q.sqm.function.SqmFunctionRegistry   : Registered SqmFunctionTemplate [org.hibernate.dialect.function.CountFunction@24c84e65] under count; prior registration was null
2024-05-17T15:11:54.792+02:00 DEBUG 4684 --- [clothlogix] [           main] o.h.q.sqm.function.SqmFunctionRegistry   : Registered SqmFunctionTemplate [org.hibernate.dialect.function.EveryAnyEmulation@4e79c25] under every; prior registration was null
2024-05-17T15:11:54.792+02:00 DEBUG 4684 --- [clothlogix] [           main] o.h.q.sqm.function.SqmFunctionRegistry   : Registered SqmFunctionTemplate [org.hibernate.dialect.function.EveryAnyEmulation@2ace1cd3] under any; prior registration was null
2024-05-17T15:11:54.792+02:00 DEBUG 4684 --- [clothlogix] [           main] o.h.q.sqm.function.SqmFunctionRegistry   : Registered SqmFunctionTemplate [NamedSqmFunctionTemplate(floor)] under floor; prior registration was null
2024-05-17T15:11:54.792+02:00 DEBUG 4684 --- [clothlogix] [           main] o.h.q.sqm.function.SqmFunctionRegistry   : Registered SqmFunctionTemplate [NamedSqmFunctionTemplate(ceiling)] under ceiling; prior registration was null
2024-05-17T15:11:54.792+02:00 DEBUG 4684 --- [clothlogix] [           main] o.h.q.sqm.function.SqmFunctionRegistry   : Registered SqmFunctionTemplate [NamedSqmFunctionTemplate(mod)] under mod; prior registration was null
2024-05-17T15:11:54.792+02:00 DEBUG 4684 --- [clothlogix] [           main] o.h.q.sqm.function.SqmFunctionRegistry   : Registered SqmFunctionTemplate [NamedSqmFunctionTemplate(abs)] under abs; prior registration was null
2024-05-17T15:11:54.792+02:00 DEBUG 4684 --- [clothlogix] [           main] o.h.q.sqm.function.SqmFunctionRegistry   : Registered SqmFunctionTemplate [NamedSqmFunctionTemplate(sign)] under sign; prior registration was null
2024-05-17T15:11:54.792+02:00 DEBUG 4684 --- [clothlogix] [           main] o.h.q.sqm.function.SqmFunctionRegistry   : Registered SqmFunctionTemplate [NamedSqmFunctionTemplate(sqrt)] under sqrt; prior registration was null
2024-05-17T15:11:54.792+02:00 DEBUG 4684 --- [clothlogix] [           main] o.h.q.sqm.function.SqmFunctionRegistry   : Registered SqmFunctionTemplate [NamedSqmFunctionTemplate(ln)] under ln; prior registration was null
2024-05-17T15:11:54.792+02:00 DEBUG 4684 --- [clothlogix] [           main] o.h.q.sqm.function.SqmFunctionRegistry   : Registered SqmFunctionTemplate [NamedSqmFunctionTemplate(exp)] under exp; prior registration was null
2024-05-17T15:11:54.792+02:00 DEBUG 4684 --- [clothlogix] [           main] o.h.q.sqm.function.SqmFunctionRegistry   : Registered SqmFunctionTemplate [NamedSqmFunctionTemplate(power)] under power; prior registration was null
2024-05-17T15:11:54.792+02:00 DEBUG 4684 --- [clothlogix] [           main] o.h.q.sqm.function.SqmFunctionRegistry   : Registered SqmFunctionTemplate [NamedSqmFunctionTemplate(round)] under round; prior registration was null
2024-05-17T15:11:54.792+02:00 DEBUG 4684 --- [clothlogix] [           main] o.h.q.sqm.function.SqmFunctionRegistry   : Registered SqmFunctionTemplate [NamedSqmFunctionTemplate(sin)] under sin; prior registration was null
2024-05-17T15:11:54.792+02:00 DEBUG 4684 --- [clothlogix] [           main] o.h.q.sqm.function.SqmFunctionRegistry   : Registered SqmFunctionTemplate [NamedSqmFunctionTemplate(cos)] under cos; prior registration was null
2024-05-17T15:11:54.792+02:00 DEBUG 4684 --- [clothlogix] [           main] o.h.q.sqm.function.SqmFunctionRegistry   : Registered SqmFunctionTemplate [NamedSqmFunctionTemplate(tan)] under tan; prior registration was null
2024-05-17T15:11:54.792+02:00 DEBUG 4684 --- [clothlogix] [           main] o.h.q.sqm.function.SqmFunctionRegistry   : Registered SqmFunctionTemplate [NamedSqmFunctionTemplate(asin)] under asin; prior registration was null
2024-05-17T15:11:54.792+02:00 DEBUG 4684 --- [clothlogix] [           main] o.h.q.sqm.function.SqmFunctionRegistry   : Registered SqmFunctionTemplate [NamedSqmFunctionTemplate(acos)] under acos; prior registration was null
2024-05-17T15:11:54.792+02:00 DEBUG 4684 --- [clothlogix] [           main] o.h.q.sqm.function.SqmFunctionRegistry   : Registered SqmFunctionTemplate [NamedSqmFunctionTemplate(atan)] under atan; prior registration was null
2024-05-17T15:11:54.792+02:00 DEBUG 4684 --- [clothlogix] [           main] o.h.q.sqm.function.SqmFunctionRegistry   : Registered SqmFunctionTemplate [NamedSqmFunctionTemplate(atan2)] under atan2; prior registration was null
2024-05-17T15:11:54.792+02:00 DEBUG 4684 --- [clothlogix] [           main] o.h.q.sqm.function.SqmFunctionRegistry   : Registered SqmFunctionTemplate [org.hibernate.query.sqm.function.PatternBasedSqmFunctionDescriptor@5ba63110] under sinh; prior registration was null
2024-05-17T15:11:54.792+02:00 DEBUG 4684 --- [clothlogix] [           main] o.h.q.sqm.function.SqmFunctionRegistry   : Registered SqmFunctionTemplate [org.hibernate.query.sqm.function.PatternBasedSqmFunctionDescriptor@1c0680b0] under cosh; prior registration was null
2024-05-17T15:11:54.792+02:00 DEBUG 4684 --- [clothlogix] [           main] o.h.q.sqm.function.SqmFunctionRegistry   : Registered SqmFunctionTemplate [org.hibernate.query.sqm.function.PatternBasedSqmFunctionDescriptor@2f3cd727] under tanh; prior registration was null
2024-05-17T15:11:54.792+02:00 DEBUG 4684 --- [clothlogix] [           main] o.h.q.sqm.function.SqmFunctionRegistry   : Registered SqmFunctionTemplate [org.hibernate.query.sqm.function.PatternBasedSqmFunctionDescriptor@1af82ba8] under pi; prior registration was null
2024-05-17T15:11:54.792+02:00 DEBUG 4684 --- [clothlogix] [           main] o.h.q.sqm.function.SqmFunctionRegistry   : Registered SqmFunctionTemplate [org.hibernate.query.sqm.function.PatternBasedSqmFunctionDescriptor@703cb756] under log; prior registration was null
2024-05-17T15:11:54.792+02:00 DEBUG 4684 --- [clothlogix] [           main] o.h.q.sqm.function.SqmFunctionRegistry   : Registered SqmFunctionTemplate [NamedSqmFunctionTemplate(coalesce)] under coalesce; prior registration was null
2024-05-17T15:11:54.792+02:00 DEBUG 4684 --- [clothlogix] [           main] o.h.q.sqm.function.SqmFunctionRegistry   : Registered SqmFunctionTemplate [NamedSqmFunctionTemplate(nullif)] under nullif; prior registration was null
2024-05-17T15:11:54.792+02:00 DEBUG 4684 --- [clothlogix] [           main] o.h.q.sqm.function.SqmFunctionRegistry   : Registered SqmFunctionTemplate [NamedSqmFunctionTemplate(left)] under left; prior registration was null
2024-05-17T15:11:54.792+02:00 DEBUG 4684 --- [clothlogix] [           main] o.h.q.sqm.function.SqmFunctionRegistry   : Registered SqmFunctionTemplate [NamedSqmFunctionTemplate(right)] under right; prior registration was null
2024-05-17T15:11:54.792+02:00 DEBUG 4684 --- [clothlogix] [           main] o.h.q.sqm.function.SqmFunctionRegistry   : Registered SqmFunctionTemplate [NamedSqmFunctionTemplate(replace)] under replace; prior registration was null
2024-05-17T15:11:54.792+02:00 DEBUG 4684 --- [clothlogix] [           main] o.h.q.sqm.function.SqmFunctionRegistry   : Registered SqmFunctionTemplate [NamedSqmFunctionTemplate(concat)] under concat; prior registration was null
2024-05-17T15:11:54.792+02:00 DEBUG 4684 --- [clothlogix] [           main] o.h.q.sqm.function.SqmFunctionRegistry   : Registered SqmFunctionTemplate [NamedSqmFunctionTemplate(lower)] under lower; prior registration was null
2024-05-17T15:11:54.792+02:00 DEBUG 4684 --- [clothlogix] [           main] o.h.q.sqm.function.SqmFunctionRegistry   : Registered SqmFunctionTemplate [NamedSqmFunctionTemplate(upper)] under upper; prior registration was null
2024-05-17T15:11:54.792+02:00 DEBUG 4684 --- [clothlogix] [           main] o.h.q.sqm.function.SqmFunctionRegistry   : Registered SqmFunctionTemplate [NamedSqmFunctionTemplate(substring)] under substring; prior registration was null
2024-05-17T15:11:54.792+02:00 DEBUG 4684 --- [clothlogix] [           main] o.h.q.sqm.function.SqmFunctionRegistry   : Registered SqmFunctionTemplate [NamedSqmFunctionTemplate(locate)] under locate; prior registration was null
2024-05-17T15:11:54.792+02:00 DEBUG 4684 --- [clothlogix] [           main] o.h.q.sqm.function.SqmFunctionRegistry   : Registered SqmFunctionTemplate [NamedSqmFunctionTemplate(character_length)] under character_length; prior registration was null
2024-05-17T15:11:54.792+02:00 DEBUG 4684 --- [clothlogix] [           main] o.h.q.sqm.function.SqmFunctionRegistry   : Registering alternate key : length -> character_length
2024-05-17T15:11:54.792+02:00 DEBUG 4684 --- [clothlogix] [           main] o.h.q.sqm.function.SqmFunctionRegistry   : Registered SqmFunctionTemplate [org.hibernate.dialect.function.LocatePositionEmulation@5f5923ef] under position; prior registration was null
2024-05-17T15:11:54.792+02:00 DEBUG 4684 --- [clothlogix] [           main] o.h.q.sqm.function.SqmFunctionRegistry   : Registered SqmFunctionTemplate [org.hibernate.dialect.function.InsertSubstringOverlayEmulation@5d15789f] under overlay; prior registration was null
2024-05-17T15:11:54.792+02:00 DEBUG 4684 --- [clothlogix] [           main] o.h.q.sqm.function.SqmFunctionRegistry   : Registered SqmFunctionTemplate [org.hibernate.dialect.function.TrimFunction@2006fdaa] under trim; prior registration was null
2024-05-17T15:11:54.792+02:00 DEBUG 4684 --- [clothlogix] [           main] o.h.q.sqm.function.SqmFunctionRegistry   : Registered SqmFunctionTemplate [org.hibernate.dialect.function.CastFunction@5ea9373e] under cast; prior registration was null
2024-05-17T15:11:54.792+02:00 DEBUG 4684 --- [clothlogix] [           main] o.h.q.sqm.function.SqmFunctionRegistry   : Registered SqmFunctionTemplate [org.hibernate.query.sqm.function.PatternBasedSqmFunctionDescriptor@3e595da3] under collate; prior registration was null
2024-05-17T15:11:54.792+02:00 DEBUG 4684 --- [clothlogix] [           main] o.h.q.sqm.function.SqmFunctionRegistry   : Registered SqmFunctionTemplate [org.hibernate.dialect.function.ExtractFunction@303fbc4] under extract; prior registration was null
2024-05-17T15:11:54.792+02:00 DEBUG 4684 --- [clothlogix] [           main] o.h.q.sqm.function.SqmFunctionRegistry   : Registered SqmFunctionTemplate [NamedSqmFunctionTemplate(least)] under least; prior registration was null
2024-05-17T15:11:54.792+02:00 DEBUG 4684 --- [clothlogix] [           main] o.h.q.sqm.function.SqmFunctionRegistry   : Registered SqmFunctionTemplate [NamedSqmFunctionTemplate(greatest)] under greatest; prior registration was null
2024-05-17T15:11:54.792+02:00 DEBUG 4684 --- [clothlogix] [           main] o.h.q.sqm.function.SqmFunctionRegistry   : Registered SqmFunctionTemplate [org.hibernate.dialect.function.CoalesceIfnullEmulation@79e90571] under ifnull; prior registration was null
2024-05-17T15:11:54.792+02:00 DEBUG 4684 --- [clothlogix] [           main] o.h.q.sqm.function.SqmFunctionRegistry   : Registered SqmFunctionTemplate [NamedSqmFunctionTemplate(lpad)] under lpad; prior registration was null
2024-05-17T15:11:54.792+02:00 DEBUG 4684 --- [clothlogix] [           main] o.h.q.sqm.function.SqmFunctionRegistry   : Registered SqmFunctionTemplate [NamedSqmFunctionTemplate(rpad)] under rpad; prior registration was null
2024-05-17T15:11:54.792+02:00 DEBUG 4684 --- [clothlogix] [           main] o.h.q.sqm.function.SqmFunctionRegistry   : Registered SqmFunctionTemplate [org.hibernate.dialect.function.LpadRpadPadEmulation@7294a684] under pad; prior registration was null
2024-05-17T15:11:54.792+02:00 DEBUG 4684 --- [clothlogix] [           main] o.h.q.sqm.function.SqmFunctionRegistry   : Registered SqmFunctionTemplate [org.hibernate.dialect.function.CastStrEmulation@4db568e1] under str; prior registration was null
2024-05-17T15:11:54.792+02:00 DEBUG 4684 --- [clothlogix] [           main] o.h.q.sqm.function.SqmFunctionRegistry   : Registered SqmFunctionTemplate [org.hibernate.dialect.function.FormatFunction@3adde4ea] under format; prior registration was null
2024-05-17T15:11:54.792+02:00 DEBUG 4684 --- [clothlogix] [           main] o.h.q.sqm.function.SqmFunctionRegistry   : Registered SqmFunctionTemplate [org.hibernate.dialect.function.TimestampaddFunction@559c4e06] under timestampadd; prior registration was null
2024-05-17T15:11:54.792+02:00 DEBUG 4684 --- [clothlogix] [           main] o.h.q.sqm.function.SqmFunctionRegistry   : Registered SqmFunctionTemplate [org.hibernate.dialect.function.TimestampdiffFunction@4e357792] under timestampdiff; prior registration was null
2024-05-17T15:11:54.792+02:00 DEBUG 4684 --- [clothlogix] [           main] o.h.q.sqm.function.SqmFunctionRegistry   : Registering alternate key : dateadd -> timestampadd
2024-05-17T15:11:54.792+02:00 DEBUG 4684 --- [clothlogix] [           main] o.h.q.sqm.function.SqmFunctionRegistry   : Registering alternate key : datediff -> timestampdiff
2024-05-17T15:11:54.792+02:00 DEBUG 4684 --- [clothlogix] [           main] o.h.q.sqm.function.SqmFunctionRegistry   : Registered SqmFunctionTemplate [org.hibernate.dialect.function.CurrentFunction@4a2653a0] under current_date; prior registration was null
2024-05-17T15:11:54.792+02:00 DEBUG 4684 --- [clothlogix] [           main] o.h.q.sqm.function.SqmFunctionRegistry   : Registered SqmFunctionTemplate [org.hibernate.dialect.function.CurrentFunction@784212] under current_time; prior registration was null
2024-05-17T15:11:54.792+02:00 DEBUG 4684 --- [clothlogix] [           main] o.h.q.sqm.function.SqmFunctionRegistry   : Registered SqmFunctionTemplate [org.hibernate.dialect.function.CurrentFunction@5ac646b3] under current_timestamp; prior registration was null
2024-05-17T15:11:54.792+02:00 DEBUG 4684 --- [clothlogix] [           main] o.h.q.sqm.function.SqmFunctionRegistry   : Registering alternate key : current date -> current_date
2024-05-17T15:11:54.792+02:00 DEBUG 4684 --- [clothlogix] [           main] o.h.q.sqm.function.SqmFunctionRegistry   : Registering alternate key : current time -> current_time
2024-05-17T15:11:54.792+02:00 DEBUG 4684 --- [clothlogix] [           main] o.h.q.sqm.function.SqmFunctionRegistry   : Registering alternate key : current timestamp -> current_timestamp
2024-05-17T15:11:54.792+02:00 DEBUG 4684 --- [clothlogix] [           main] o.h.q.sqm.function.SqmFunctionRegistry   : Registered SqmFunctionTemplate [org.hibernate.dialect.function.CurrentFunction@24b38e8f] under local_date; prior registration was null
2024-05-17T15:11:54.792+02:00 DEBUG 4684 --- [clothlogix] [           main] o.h.q.sqm.function.SqmFunctionRegistry   : Registered SqmFunctionTemplate [org.hibernate.dialect.function.CurrentFunction@5cf072ea] under local_time; prior registration was null
2024-05-17T15:11:54.792+02:00 DEBUG 4684 --- [clothlogix] [           main] o.h.q.sqm.function.SqmFunctionRegistry   : Registered SqmFunctionTemplate [org.hibernate.dialect.function.CurrentFunction@1edac3b4] under local_datetime; prior registration was null
2024-05-17T15:11:54.792+02:00 DEBUG 4684 --- [clothlogix] [           main] o.h.q.sqm.function.SqmFunctionRegistry   : Registered SqmFunctionTemplate [org.hibernate.dialect.function.CurrentFunction@7641ed02] under offset_datetime; prior registration was null
2024-05-17T15:11:54.792+02:00 DEBUG 4684 --- [clothlogix] [           main] o.h.q.sqm.function.SqmFunctionRegistry   : Registering alternate key : local date -> local_date
2024-05-17T15:11:54.792+02:00 DEBUG 4684 --- [clothlogix] [           main] o.h.q.sqm.function.SqmFunctionRegistry   : Registering alternate key : local time -> local_time
2024-05-17T15:11:54.792+02:00 DEBUG 4684 --- [clothlogix] [           main] o.h.q.sqm.function.SqmFunctionRegistry   : Registering alternate key : local datetime -> local_datetime
2024-05-17T15:11:54.792+02:00 DEBUG 4684 --- [clothlogix] [           main] o.h.q.sqm.function.SqmFunctionRegistry   : Registering alternate key : offset datetime -> offset_datetime
2024-05-17T15:11:54.792+02:00 DEBUG 4684 --- [clothlogix] [           main] o.h.q.sqm.function.SqmFunctionRegistry   : Registered SqmFunctionTemplate [org.hibernate.dialect.function.CurrentFunction@4ebed2b3] under instant; prior registration was null
2024-05-17T15:11:54.792+02:00 DEBUG 4684 --- [clothlogix] [           main] o.h.q.sqm.function.SqmFunctionRegistry   : Registering alternate key : current_instant -> instant
2024-05-17T15:11:54.792+02:00 DEBUG 4684 --- [clothlogix] [           main] o.h.q.sqm.function.SqmFunctionRegistry   : Registered SqmFunctionTemplate [org.hibernate.dialect.function.SqlFunction@18ca9277] under sql; prior registration was null
2024-05-17T15:11:54.792+02:00 DEBUG 4684 --- [clothlogix] [           main] o.h.q.sqm.function.SqmFunctionRegistry   : Registered SqmFunctionTemplate [NamedSqmFunctionTemplate(soundex)] under soundex; prior registration was null
2024-05-17T15:11:54.792+02:00 DEBUG 4684 --- [clothlogix] [           main] o.h.q.sqm.function.SqmFunctionRegistry   : Registered SqmFunctionTemplate [NamedSqmFunctionTemplate(radians)] under radians; prior registration was null
2024-05-17T15:11:54.792+02:00 DEBUG 4684 --- [clothlogix] [           main] o.h.q.sqm.function.SqmFunctionRegistry   : Registered SqmFunctionTemplate [NamedSqmFunctionTemplate(degrees)] under degrees; prior registration was null
2024-05-17T15:11:54.792+02:00 DEBUG 4684 --- [clothlogix] [           main] o.h.q.sqm.function.SqmFunctionRegistry   : Registered SqmFunctionTemplate [NamedSqmFunctionTemplate(cot)] under cot; prior registration was null
2024-05-17T15:11:54.792+02:00 DEBUG 4684 --- [clothlogix] [           main] o.h.q.sqm.function.SqmFunctionRegistry   : Registered SqmFunctionTemplate [NamedSqmFunctionTemplate(log)] under log; prior registration was org.hibernate.query.sqm.function.PatternBasedSqmFunctionDescriptor@703cb756
2024-05-17T15:11:54.801+02:00 DEBUG 4684 --- [clothlogix] [           main] o.h.q.sqm.function.SqmFunctionRegistry   : Registered SqmFunctionTemplate [NamedSqmFunctionTemplate(log2)] under log2; prior registration was null
2024-05-17T15:11:54.801+02:00 DEBUG 4684 --- [clothlogix] [           main] o.h.q.sqm.function.SqmFunctionRegistry   : Registered SqmFunctionTemplate [NamedSqmFunctionTemplate(log10)] under log10; prior registration was null
2024-05-17T15:11:54.801+02:00 DEBUG 4684 --- [clothlogix] [           main] o.h.q.sqm.function.SqmFunctionRegistry   : Registered SqmFunctionTemplate [NamedSqmFunctionTemplate(ltrim)] under ltrim; prior registration was null
2024-05-17T15:11:54.801+02:00 DEBUG 4684 --- [clothlogix] [           main] o.h.q.sqm.function.SqmFunctionRegistry   : Registered SqmFunctionTemplate [NamedSqmFunctionTemplate(rtrim)] under rtrim; prior registration was null
2024-05-17T15:11:54.801+02:00 DEBUG 4684 --- [clothlogix] [           main] o.h.q.sqm.function.SqmFunctionRegistry   : Registered SqmFunctionTemplate [NamedSqmFunctionTemplate(octet_length)] under octet_length; prior registration was null
2024-05-17T15:11:54.801+02:00 DEBUG 4684 --- [clothlogix] [           main] o.h.q.sqm.function.SqmFunctionRegistry   : Registered SqmFunctionTemplate [NamedSqmFunctionTemplate(reverse)] under reverse; prior registration was null
2024-05-17T15:11:54.801+02:00 DEBUG 4684 --- [clothlogix] [           main] o.h.q.sqm.function.SqmFunctionRegistry   : Registered SqmFunctionTemplate [NamedSqmFunctionTemplate(space)] under space; prior registration was null
2024-05-17T15:11:54.801+02:00 DEBUG 4684 --- [clothlogix] [           main] o.h.q.sqm.function.SqmFunctionRegistry   : Registered SqmFunctionTemplate [NamedSqmFunctionTemplate(repeat)] under repeat; prior registration was null
2024-05-17T15:11:54.802+02:00 DEBUG 4684 --- [clothlogix] [           main] o.h.q.sqm.function.SqmFunctionRegistry   : Registered SqmFunctionTemplate [org.hibernate.query.sqm.function.MultipatternSqmFunctionDescriptor@e5864c2] under lpad; prior registration was NamedSqmFunctionTemplate(lpad)
2024-05-17T15:11:54.802+02:00 DEBUG 4684 --- [clothlogix] [           main] o.h.q.sqm.function.SqmFunctionRegistry   : Registered SqmFunctionTemplate [org.hibernate.query.sqm.function.MultipatternSqmFunctionDescriptor@577cf459] under rpad; prior registration was NamedSqmFunctionTemplate(rpad)
2024-05-17T15:11:54.802+02:00 DEBUG 4684 --- [clothlogix] [           main] o.h.q.sqm.function.SqmFunctionRegistry   : Registered SqmFunctionTemplate [NamedSqmFunctionTemplate(md5)] under md5; prior registration was null
2024-05-17T15:11:54.802+02:00 DEBUG 4684 --- [clothlogix] [           main] o.h.q.sqm.function.SqmFunctionRegistry   : Registered SqmFunctionTemplate [NamedSqmFunctionTemplate(day)] under day; prior registration was null
2024-05-17T15:11:54.802+02:00 DEBUG 4684 --- [clothlogix] [           main] o.h.q.sqm.function.SqmFunctionRegistry   : Registered SqmFunctionTemplate [NamedSqmFunctionTemplate(month)] under month; prior registration was null
2024-05-17T15:11:54.802+02:00 DEBUG 4684 --- [clothlogix] [           main] o.h.q.sqm.function.SqmFunctionRegistry   : Registered SqmFunctionTemplate [NamedSqmFunctionTemplate(year)] under year; prior registration was null
2024-05-17T15:11:54.802+02:00 DEBUG 4684 --- [clothlogix] [           main] o.h.q.sqm.function.SqmFunctionRegistry   : Registered SqmFunctionTemplate [NamedSqmFunctionTemplate(hour)] under hour; prior registration was null
2024-05-17T15:11:54.802+02:00 DEBUG 4684 --- [clothlogix] [           main] o.h.q.sqm.function.SqmFunctionRegistry   : Registered SqmFunctionTemplate [NamedSqmFunctionTemplate(minute)] under minute; prior registration was null
2024-05-17T15:11:54.802+02:00 DEBUG 4684 --- [clothlogix] [           main] o.h.q.sqm.function.SqmFunctionRegistry   : Registered SqmFunctionTemplate [NamedSqmFunctionTemplate(second)] under second; prior registration was null
2024-05-17T15:11:54.802+02:00 DEBUG 4684 --- [clothlogix] [           main] o.h.q.sqm.function.SqmFunctionRegistry   : Registered SqmFunctionTemplate [NamedSqmFunctionTemplate(microsecond)] under microsecond; prior registration was null
2024-05-17T15:11:54.802+02:00 DEBUG 4684 --- [clothlogix] [           main] o.h.q.sqm.function.SqmFunctionRegistry   : Registered SqmFunctionTemplate [NamedSqmFunctionTemplate(dayofweek)] under dayofweek; prior registration was null
2024-05-17T15:11:54.802+02:00 DEBUG 4684 --- [clothlogix] [           main] o.h.q.sqm.function.SqmFunctionRegistry   : Registered SqmFunctionTemplate [NamedSqmFunctionTemplate(dayofmonth)] under dayofmonth; prior registration was null
2024-05-17T15:11:54.802+02:00 DEBUG 4684 --- [clothlogix] [           main] o.h.q.sqm.function.SqmFunctionRegistry   : Registering alternate key : day -> dayofmonth
2024-05-17T15:11:54.802+02:00 DEBUG 4684 --- [clothlogix] [           main] o.h.q.sqm.function.SqmFunctionRegistry   : Registered SqmFunctionTemplate [NamedSqmFunctionTemplate(dayofyear)] under dayofyear; prior registration was null
2024-05-17T15:11:54.802+02:00 DEBUG 4684 --- [clothlogix] [           main] o.h.q.sqm.function.SqmFunctionRegistry   : Registered SqmFunctionTemplate [NamedSqmFunctionTemplate(week)] under week; prior registration was null
2024-05-17T15:11:54.802+02:00 DEBUG 4684 --- [clothlogix] [           main] o.h.q.sqm.function.SqmFunctionRegistry   : Registered SqmFunctionTemplate [NamedSqmFunctionTemplate(quarter)] under quarter; prior registration was null
2024-05-17T15:11:54.802+02:00 DEBUG 4684 --- [clothlogix] [           main] o.h.q.sqm.function.SqmFunctionRegistry   : Registered SqmFunctionTemplate [NamedSqmFunctionTemplate(monthname)] under monthname; prior registration was null
2024-05-17T15:11:54.802+02:00 DEBUG 4684 --- [clothlogix] [           main] o.h.q.sqm.function.SqmFunctionRegistry   : Registered SqmFunctionTemplate [NamedSqmFunctionTemplate(dayname)] under dayname; prior registration was null
2024-05-17T15:11:54.802+02:00 DEBUG 4684 --- [clothlogix] [           main] o.h.q.sqm.function.SqmFunctionRegistry   : Registered SqmFunctionTemplate [NamedSqmFunctionTemplate(last_day)] under last_day; prior registration was null
2024-05-17T15:11:54.802+02:00 DEBUG 4684 --- [clothlogix] [           main] o.h.q.sqm.function.SqmFunctionRegistry   : Registered SqmFunctionTemplate [NamedSqmFunctionTemplate(date)] under date; prior registration was null
2024-05-17T15:11:54.802+02:00 DEBUG 4684 --- [clothlogix] [           main] o.h.q.sqm.function.SqmFunctionRegistry   : Registered SqmFunctionTemplate [NamedSqmFunctionTemplate(timestamp)] under timestamp; prior registration was null
2024-05-17T15:11:54.802+02:00 DEBUG 4684 --- [clothlogix] [           main] o.h.q.sqm.function.SqmFunctionRegistry   : Registered SqmFunctionTemplate [NamedSqmFunctionTemplate(time)] under time; prior registration was null
2024-05-17T15:11:54.802+02:00 DEBUG 4684 --- [clothlogix] [           main] o.h.q.sqm.function.SqmFunctionRegistry   : Registered SqmFunctionTemplate [NamedSqmFunctionTemplate(utc_date)] under utc_date; prior registration was null
2024-05-17T15:11:54.802+02:00 DEBUG 4684 --- [clothlogix] [           main] o.h.q.sqm.function.SqmFunctionRegistry   : Registered SqmFunctionTemplate [NamedSqmFunctionTemplate(utc_time)] under utc_time; prior registration was null
2024-05-17T15:11:54.802+02:00 DEBUG 4684 --- [clothlogix] [           main] o.h.q.sqm.function.SqmFunctionRegistry   : Registered SqmFunctionTemplate [NamedSqmFunctionTemplate(utc_timestamp)] under utc_timestamp; prior registration was null
2024-05-17T15:11:54.802+02:00 DEBUG 4684 --- [clothlogix] [           main] o.h.q.sqm.function.SqmFunctionRegistry   : Registered SqmFunctionTemplate [NamedSqmFunctionTemplate(rand)] under rand; prior registration was null
2024-05-17T15:11:54.802+02:00 DEBUG 4684 --- [clothlogix] [           main] o.h.q.sqm.function.SqmFunctionRegistry   : Registered SqmFunctionTemplate [NamedSqmFunctionTemplate(crc32)] under crc32; prior registration was null
2024-05-17T15:11:54.802+02:00 DEBUG 4684 --- [clothlogix] [           main] o.h.q.sqm.function.SqmFunctionRegistry   : Registered SqmFunctionTemplate [NamedSqmFunctionTemplate(sha1)] under sha1; prior registration was null
2024-05-17T15:11:54.802+02:00 DEBUG 4684 --- [clothlogix] [           main] o.h.q.sqm.function.SqmFunctionRegistry   : Registered SqmFunctionTemplate [NamedSqmFunctionTemplate(sha2)] under sha2; prior registration was null
2024-05-17T15:11:54.802+02:00 DEBUG 4684 --- [clothlogix] [           main] o.h.q.sqm.function.SqmFunctionRegistry   : Registered SqmFunctionTemplate [NamedSqmFunctionTemplate(sha)] under sha; prior registration was null
2024-05-17T15:11:54.802+02:00 DEBUG 4684 --- [clothlogix] [           main] o.h.q.sqm.function.SqmFunctionRegistry   : Registered SqmFunctionTemplate [NamedSqmFunctionTemplate(bit_length)] under bit_length; prior registration was null
2024-05-17T15:11:54.802+02:00 DEBUG 4684 --- [clothlogix] [           main] o.h.q.sqm.function.SqmFunctionRegistry   : Registered SqmFunctionTemplate [NamedSqmFunctionTemplate(octet_length)] under octet_length; prior registration was NamedSqmFunctionTemplate(octet_length)
2024-05-17T15:11:54.802+02:00 DEBUG 4684 --- [clothlogix] [           main] o.h.q.sqm.function.SqmFunctionRegistry   : Registered SqmFunctionTemplate [NamedSqmFunctionTemplate(ascii)] under ascii; prior registration was null
2024-05-17T15:11:54.802+02:00 DEBUG 4684 --- [clothlogix] [           main] o.h.q.sqm.function.SqmFunctionRegistry   : Registered SqmFunctionTemplate [NamedSqmFunctionTemplate(instr)] under instr; prior registration was null
2024-05-17T15:11:54.802+02:00 DEBUG 4684 --- [clothlogix] [           main] o.h.q.sqm.function.SqmFunctionRegistry   : Registered SqmFunctionTemplate [NamedSqmFunctionTemplate(substr)] under substr; prior registration was null
2024-05-17T15:11:54.802+02:00 DEBUG 4684 --- [clothlogix] [           main] o.h.q.sqm.function.SqmFunctionRegistry   : Registered SqmFunctionTemplate [org.hibernate.query.sqm.function.PatternBasedSqmFunctionDescriptor@432eb882] under position; prior registration was org.hibernate.dialect.function.LocatePositionEmulation@5f5923ef
2024-05-17T15:11:54.802+02:00 DEBUG 4684 --- [clothlogix] [           main] o.h.q.sqm.function.SqmFunctionRegistry   : Registered SqmFunctionTemplate [NamedSqmFunctionTemplate(curtime)] under curtime; prior registration was null
2024-05-17T15:11:54.802+02:00 DEBUG 4684 --- [clothlogix] [           main] o.h.q.sqm.function.SqmFunctionRegistry   : Registered SqmFunctionTemplate [NamedSqmFunctionTemplate(curdate)] under curdate; prior registration was null
2024-05-17T15:11:54.802+02:00 DEBUG 4684 --- [clothlogix] [           main] o.h.q.sqm.function.SqmFunctionRegistry   : Registered SqmFunctionTemplate [NamedSqmFunctionTemplate(now)] under now; prior registration was null
2024-05-17T15:11:54.802+02:00 DEBUG 4684 --- [clothlogix] [           main] o.h.q.sqm.function.SqmFunctionRegistry   : Registered SqmFunctionTemplate [org.hibernate.dialect.function.TruncFunction@20155dae] under trunc; prior registration was null
2024-05-17T15:11:54.802+02:00 DEBUG 4684 --- [clothlogix] [           main] o.h.q.sqm.function.SqmFunctionRegistry   : Registering alternate key : truncate -> trunc
2024-05-17T15:11:54.802+02:00 DEBUG 4684 --- [clothlogix] [           main] o.h.q.sqm.function.SqmFunctionRegistry   : Registered SqmFunctionTemplate [NamedSqmFunctionTemplate(insert)] under insert; prior registration was null
2024-05-17T15:11:54.802+02:00 DEBUG 4684 --- [clothlogix] [           main] o.h.q.sqm.function.SqmFunctionRegistry   : Registered SqmFunctionTemplate [org.hibernate.query.sqm.function.PatternBasedSqmFunctionDescriptor@6c49ea0c] under bitand; prior registration was null
2024-05-17T15:11:54.802+02:00 DEBUG 4684 --- [clothlogix] [           main] o.h.q.sqm.function.SqmFunctionRegistry   : Registered SqmFunctionTemplate [org.hibernate.query.sqm.function.PatternBasedSqmFunctionDescriptor@417bfebd] under bitor; prior registration was null
2024-05-17T15:11:54.802+02:00 DEBUG 4684 --- [clothlogix] [           main] o.h.q.sqm.function.SqmFunctionRegistry   : Registered SqmFunctionTemplate [org.hibernate.query.sqm.function.PatternBasedSqmFunctionDescriptor@20be793a] under bitxor; prior registration was null
2024-05-17T15:11:54.802+02:00 DEBUG 4684 --- [clothlogix] [           main] o.h.q.sqm.function.SqmFunctionRegistry   : Registered SqmFunctionTemplate [org.hibernate.query.sqm.function.PatternBasedSqmFunctionDescriptor@2a4cb8ae] under bitnot; prior registration was null
2024-05-17T15:11:54.802+02:00 DEBUG 4684 --- [clothlogix] [           main] o.h.q.sqm.function.SqmFunctionRegistry   : Registered SqmFunctionTemplate [NamedSqmFunctionTemplate(bit_and)] under bit_and; prior registration was null
2024-05-17T15:11:54.802+02:00 DEBUG 4684 --- [clothlogix] [           main] o.h.q.sqm.function.SqmFunctionRegistry   : Registered SqmFunctionTemplate [NamedSqmFunctionTemplate(bit_or)] under bit_or; prior registration was null
2024-05-17T15:11:54.802+02:00 DEBUG 4684 --- [clothlogix] [           main] o.h.q.sqm.function.SqmFunctionRegistry   : Registered SqmFunctionTemplate [NamedSqmFunctionTemplate(stddev)] under stddev; prior registration was null
2024-05-17T15:11:54.802+02:00 DEBUG 4684 --- [clothlogix] [           main] o.h.q.sqm.function.SqmFunctionRegistry   : Registered SqmFunctionTemplate [NamedSqmFunctionTemplate(stddev_pop)] under stddev_pop; prior registration was null
2024-05-17T15:11:54.802+02:00 DEBUG 4684 --- [clothlogix] [           main] o.h.q.sqm.function.SqmFunctionRegistry   : Registered SqmFunctionTemplate [NamedSqmFunctionTemplate(stddev_samp)] under stddev_samp; prior registration was null
2024-05-17T15:11:54.802+02:00 DEBUG 4684 --- [clothlogix] [           main] o.h.q.sqm.function.SqmFunctionRegistry   : Registered SqmFunctionTemplate [NamedSqmFunctionTemplate(variance)] under variance; prior registration was null
2024-05-17T15:11:54.802+02:00 DEBUG 4684 --- [clothlogix] [           main] o.h.q.sqm.function.SqmFunctionRegistry   : Registered SqmFunctionTemplate [NamedSqmFunctionTemplate(var_pop)] under var_pop; prior registration was null
2024-05-17T15:11:54.802+02:00 DEBUG 4684 --- [clothlogix] [           main] o.h.q.sqm.function.SqmFunctionRegistry   : Registered SqmFunctionTemplate [NamedSqmFunctionTemplate(var_samp)] under var_samp; prior registration was null
2024-05-17T15:11:54.802+02:00 DEBUG 4684 --- [clothlogix] [           main] o.h.q.sqm.function.SqmFunctionRegistry   : Registered SqmFunctionTemplate [NamedSqmFunctionTemplate(datediff)] under datediff; prior registration was null
2024-05-17T15:11:54.802+02:00 DEBUG 4684 --- [clothlogix] [           main] o.h.q.sqm.function.SqmFunctionRegistry   : Registered SqmFunctionTemplate [NamedSqmFunctionTemplate(adddate)] under adddate; prior registration was null
2024-05-17T15:11:54.802+02:00 DEBUG 4684 --- [clothlogix] [           main] o.h.q.sqm.function.SqmFunctionRegistry   : Registered SqmFunctionTemplate [NamedSqmFunctionTemplate(subdate)] under subdate; prior registration was null
2024-05-17T15:11:54.802+02:00 DEBUG 4684 --- [clothlogix] [           main] o.h.q.sqm.function.SqmFunctionRegistry   : Registered SqmFunctionTemplate [NamedSqmFunctionTemplate(addtime)] under addtime; prior registration was null
2024-05-17T15:11:54.802+02:00 DEBUG 4684 --- [clothlogix] [           main] o.h.q.sqm.function.SqmFunctionRegistry   : Registered SqmFunctionTemplate [NamedSqmFunctionTemplate(subtime)] under subtime; prior registration was null
2024-05-17T15:11:54.802+02:00 DEBUG 4684 --- [clothlogix] [           main] o.h.q.sqm.function.SqmFunctionRegistry   : Registered SqmFunctionTemplate [org.hibernate.dialect.function.FormatFunction@9763e61] under format; prior registration was org.hibernate.dialect.function.FormatFunction@3adde4ea
2024-05-17T15:11:54.802+02:00 DEBUG 4684 --- [clothlogix] [           main] o.h.q.sqm.function.SqmFunctionRegistry   : Registered SqmFunctionTemplate [NamedSqmFunctionTemplate(makedate)] under makedate; prior registration was null
2024-05-17T15:11:54.802+02:00 DEBUG 4684 --- [clothlogix] [           main] o.h.q.sqm.function.SqmFunctionRegistry   : Registered SqmFunctionTemplate [NamedSqmFunctionTemplate(maketime)] under maketime; prior registration was null
2024-05-17T15:11:54.802+02:00 DEBUG 4684 --- [clothlogix] [           main] o.h.q.sqm.function.SqmFunctionRegistry   : Registered SqmFunctionTemplate [NamedSqmFunctionTemplate(localtime)] under localtime; prior registration was null
2024-05-17T15:11:54.802+02:00 DEBUG 4684 --- [clothlogix] [           main] o.h.q.sqm.function.SqmFunctionRegistry   : Registered SqmFunctionTemplate [NamedSqmFunctionTemplate(localtimestamp)] under localtimestamp; prior registration was null
2024-05-17T15:11:54.802+02:00 DEBUG 4684 --- [clothlogix] [           main] o.h.q.sqm.function.SqmFunctionRegistry   : Registered SqmFunctionTemplate [NamedSqmFunctionTemplate(localtime)] under local_time; prior registration was org.hibernate.dialect.function.CurrentFunction@5cf072ea
2024-05-17T15:11:54.802+02:00 DEBUG 4684 --- [clothlogix] [           main] o.h.q.sqm.function.SqmFunctionRegistry   : Registered SqmFunctionTemplate [NamedSqmFunctionTemplate(localtimestamp)] under local_datetime; prior registration was org.hibernate.dialect.function.CurrentFunction@1edac3b4
2024-05-17T15:11:54.802+02:00 DEBUG 4684 --- [clothlogix] [           main] o.h.q.sqm.function.SqmFunctionRegistry   : Registered SqmFunctionTemplate [NamedSqmFunctionTemplate(localtime)] under localtime; prior registration was NamedSqmFunctionTemplate(localtime)
2024-05-17T15:11:54.802+02:00 DEBUG 4684 --- [clothlogix] [           main] o.h.q.sqm.function.SqmFunctionRegistry   : Registered SqmFunctionTemplate [org.hibernate.query.sqm.function.PatternBasedSqmFunctionDescriptor@17e6b7e4] under pi; prior registration was org.hibernate.query.sqm.function.PatternBasedSqmFunctionDescriptor@1af82ba8
2024-05-17T15:11:54.802+02:00 DEBUG 4684 --- [clothlogix] [           main] o.h.q.sqm.function.SqmFunctionRegistry   : Registered SqmFunctionTemplate [org.hibernate.query.sqm.function.PatternBasedSqmFunctionDescriptor@44c27b8b] under chr; prior registration was null
2024-05-17T15:11:54.802+02:00 DEBUG 4684 --- [clothlogix] [           main] o.h.q.sqm.function.SqmFunctionRegistry   : Registering alternate key : char -> chr
2024-05-17T15:11:54.802+02:00 DEBUG 4684 --- [clothlogix] [           main] o.h.q.sqm.function.SqmFunctionRegistry   : Registered SqmFunctionTemplate [org.hibernate.query.sqm.function.PatternBasedSqmFunctionDescriptor@b842275] under sysdate; prior registration was null
2024-05-17T15:11:54.802+02:00 DEBUG 4684 --- [clothlogix] [           main] o.h.q.sqm.function.SqmFunctionRegistry   : Registered SqmFunctionTemplate [NamedSqmFunctionTemplate(row_number)] under row_number; prior registration was null
2024-05-17T15:11:54.802+02:00 DEBUG 4684 --- [clothlogix] [           main] o.h.q.sqm.function.SqmFunctionRegistry   : Registered SqmFunctionTemplate [NamedSqmFunctionTemplate(lag)] under lag; prior registration was null
2024-05-17T15:11:54.802+02:00 DEBUG 4684 --- [clothlogix] [           main] o.h.q.sqm.function.SqmFunctionRegistry   : Registered SqmFunctionTemplate [NamedSqmFunctionTemplate(lead)] under lead; prior registration was null
2024-05-17T15:11:54.802+02:00 DEBUG 4684 --- [clothlogix] [           main] o.h.q.sqm.function.SqmFunctionRegistry   : Registered SqmFunctionTemplate [NamedSqmFunctionTemplate(first_value)] under first_value; prior registration was null
2024-05-17T15:11:54.802+02:00 DEBUG 4684 --- [clothlogix] [           main] o.h.q.sqm.function.SqmFunctionRegistry   : Registered SqmFunctionTemplate [NamedSqmFunctionTemplate(last_value)] under last_value; prior registration was null
2024-05-17T15:11:54.802+02:00 DEBUG 4684 --- [clothlogix] [           main] o.h.q.sqm.function.SqmFunctionRegistry   : Registered SqmFunctionTemplate [NamedSqmFunctionTemplate(nth_value)] under nth_value; prior registration was null
2024-05-17T15:11:54.802+02:00 DEBUG 4684 --- [clothlogix] [           main] o.h.q.sqm.function.SqmFunctionRegistry   : Registered SqmFunctionTemplate [org.hibernate.dialect.function.HypotheticalSetWindowEmulation@4a6ef712] under rank; prior registration was null
2024-05-17T15:11:54.802+02:00 DEBUG 4684 --- [clothlogix] [           main] o.h.q.sqm.function.SqmFunctionRegistry   : Registered SqmFunctionTemplate [org.hibernate.dialect.function.HypotheticalSetWindowEmulation@98712fa] under dense_rank; prior registration was null
2024-05-17T15:11:54.802+02:00 DEBUG 4684 --- [clothlogix] [           main] o.h.q.sqm.function.SqmFunctionRegistry   : Registered SqmFunctionTemplate [org.hibernate.dialect.function.HypotheticalSetWindowEmulation@61288814] under percent_rank; prior registration was null
2024-05-17T15:11:54.802+02:00 DEBUG 4684 --- [clothlogix] [           main] o.h.q.sqm.function.SqmFunctionRegistry   : Registered SqmFunctionTemplate [org.hibernate.dialect.function.HypotheticalSetWindowEmulation@3b8d2abe] under cume_dist; prior registration was null
2024-05-17T15:11:54.802+02:00 DEBUG 4684 --- [clothlogix] [           main] o.h.q.sqm.function.SqmFunctionRegistry   : Registered SqmFunctionTemplate [org.hibernate.dialect.function.ListaggGroupConcatEmulation@400008bf] under listagg; prior registration was null
2024-05-17T15:11:54.802+02:00 DEBUG 4684 --- [clothlogix] [           main] org.hibernate.HQL_FUNCTIONS              : abs(NUMERIC arg)
2024-05-17T15:11:54.802+02:00 DEBUG 4684 --- [clothlogix] [           main] org.hibernate.HQL_FUNCTIONS              : Double acos(NUMERIC arg)
2024-05-17T15:11:54.802+02:00 DEBUG 4684 --- [clothlogix] [           main] org.hibernate.HQL_FUNCTIONS              : adddate(DATE datetime, INTEGER days)
2024-05-17T15:11:54.802+02:00 DEBUG 4684 --- [clothlogix] [           main] org.hibernate.HQL_FUNCTIONS              : addtime(TIME datetime, TIME time)
2024-05-17T15:11:54.802+02:00 DEBUG 4684 --- [clothlogix] [           main] org.hibernate.HQL_FUNCTIONS              : Boolean any(BOOLEAN arg)
2024-05-17T15:11:54.802+02:00 DEBUG 4684 --- [clothlogix] [           main] org.hibernate.HQL_FUNCTIONS              : Integer ascii(STRING arg)
2024-05-17T15:11:54.802+02:00 DEBUG 4684 --- [clothlogix] [           main] org.hibernate.HQL_FUNCTIONS              : Double asin(NUMERIC arg)
2024-05-17T15:11:54.802+02:00 DEBUG 4684 --- [clothlogix] [           main] org.hibernate.HQL_FUNCTIONS              : Double atan(NUMERIC arg)
2024-05-17T15:11:54.802+02:00 DEBUG 4684 --- [clothlogix] [           main] org.hibernate.HQL_FUNCTIONS              : Double atan2(NUMERIC arg0, NUMERIC arg1)
2024-05-17T15:11:54.802+02:00 DEBUG 4684 --- [clothlogix] [           main] org.hibernate.HQL_FUNCTIONS              : avg(arg)
2024-05-17T15:11:54.802+02:00 DEBUG 4684 --- [clothlogix] [           main] org.hibernate.HQL_FUNCTIONS              : bit_and(arg)
2024-05-17T15:11:54.802+02:00 DEBUG 4684 --- [clothlogix] [           main] org.hibernate.HQL_FUNCTIONS              : Integer bit_length(STRING_OR_CLOB arg)
2024-05-17T15:11:54.802+02:00 DEBUG 4684 --- [clothlogix] [           main] org.hibernate.HQL_FUNCTIONS              : bit_or(arg)
2024-05-17T15:11:54.802+02:00 DEBUG 4684 --- [clothlogix] [           main] org.hibernate.HQL_FUNCTIONS              : bitand(arg0, arg1)
2024-05-17T15:11:54.802+02:00 DEBUG 4684 --- [clothlogix] [           main] org.hibernate.HQL_FUNCTIONS              : bitnot(arg)
2024-05-17T15:11:54.802+02:00 DEBUG 4684 --- [clothlogix] [           main] org.hibernate.HQL_FUNCTIONS              : bitor(arg0, arg1)
2024-05-17T15:11:54.802+02:00 DEBUG 4684 --- [clothlogix] [           main] org.hibernate.HQL_FUNCTIONS              : bitxor(arg0, arg1)
2024-05-17T15:11:54.802+02:00 DEBUG 4684 --- [clothlogix] [           main] org.hibernate.HQL_FUNCTIONS              : cast(arg as Type)
2024-05-17T15:11:54.802+02:00 DEBUG 4684 --- [clothlogix] [           main] org.hibernate.HQL_FUNCTIONS              : ceiling(NUMERIC arg)
2024-05-17T15:11:54.802+02:00 DEBUG 4684 --- [clothlogix] [           main] org.hibernate.HQL_FUNCTIONS              : Character char(INTEGER arg)
2024-05-17T15:11:54.802+02:00 DEBUG 4684 --- [clothlogix] [           main] org.hibernate.HQL_FUNCTIONS              : Integer character_length(STRING_OR_CLOB arg)
2024-05-17T15:11:54.802+02:00 DEBUG 4684 --- [clothlogix] [           main] org.hibernate.HQL_FUNCTIONS              : Character chr(INTEGER arg)
2024-05-17T15:11:54.802+02:00 DEBUG 4684 --- [clothlogix] [           main] org.hibernate.HQL_FUNCTIONS              : coalesce(arg0[, arg1[, ...]])
2024-05-17T15:11:54.802+02:00 DEBUG 4684 --- [clothlogix] [           main] org.hibernate.HQL_FUNCTIONS              : String collate(STRING string as COLLATION collation)
2024-05-17T15:11:54.802+02:00 DEBUG 4684 --- [clothlogix] [           main] org.hibernate.HQL_FUNCTIONS              : String concat(STRING string0[, STRING string1[, ...]])
2024-05-17T15:11:54.802+02:00 DEBUG 4684 --- [clothlogix] [           main] org.hibernate.HQL_FUNCTIONS              : Double cos(NUMERIC arg)
2024-05-17T15:11:54.802+02:00 DEBUG 4684 --- [clothlogix] [           main] org.hibernate.HQL_FUNCTIONS              : Double cosh(NUMERIC arg)
2024-05-17T15:11:54.802+02:00 DEBUG 4684 --- [clothlogix] [           main] org.hibernate.HQL_FUNCTIONS              : Double cot(NUMERIC arg)
2024-05-17T15:11:54.802+02:00 DEBUG 4684 --- [clothlogix] [           main] org.hibernate.HQL_FUNCTIONS              : Long count([distinct ]{arg|*})
2024-05-17T15:11:54.802+02:00 DEBUG 4684 --- [clothlogix] [           main] org.hibernate.HQL_FUNCTIONS              : Integer crc32(arg)
2024-05-17T15:11:54.802+02:00 DEBUG 4684 --- [clothlogix] [           main] org.hibernate.HQL_FUNCTIONS              : Double cume_dist([arg0[, ...]])
2024-05-17T15:11:54.802+02:00 DEBUG 4684 --- [clothlogix] [           main] org.hibernate.HQL_FUNCTIONS              : Date curdate()
2024-05-17T15:11:54.802+02:00 DEBUG 4684 --- [clothlogix] [           main] org.hibernate.HQL_FUNCTIONS              : Date current date
2024-05-17T15:11:54.802+02:00 DEBUG 4684 --- [clothlogix] [           main] org.hibernate.HQL_FUNCTIONS              : Time current time
2024-05-17T15:11:54.802+02:00 DEBUG 4684 --- [clothlogix] [           main] org.hibernate.HQL_FUNCTIONS              : Timestamp current timestamp
2024-05-17T15:11:54.802+02:00 DEBUG 4684 --- [clothlogix] [           main] org.hibernate.HQL_FUNCTIONS              : Date current_date
2024-05-17T15:11:54.802+02:00 DEBUG 4684 --- [clothlogix] [           main] org.hibernate.HQL_FUNCTIONS              : Instant current_instant
2024-05-17T15:11:54.802+02:00 DEBUG 4684 --- [clothlogix] [           main] org.hibernate.HQL_FUNCTIONS              : Time current_time
2024-05-17T15:11:54.802+02:00 DEBUG 4684 --- [clothlogix] [           main] org.hibernate.HQL_FUNCTIONS              : Timestamp current_timestamp
2024-05-17T15:11:54.802+02:00 DEBUG 4684 --- [clothlogix] [           main] org.hibernate.HQL_FUNCTIONS              : Time curtime()
2024-05-17T15:11:54.802+02:00 DEBUG 4684 --- [clothlogix] [           main] org.hibernate.HQL_FUNCTIONS              : Date date(arg)
2024-05-17T15:11:54.802+02:00 DEBUG 4684 --- [clothlogix] [           main] org.hibernate.HQL_FUNCTIONS              : dateadd(TEMPORAL_UNIT field, INTEGER magnitude, TEMPORAL datetime)
2024-05-17T15:11:54.802+02:00 DEBUG 4684 --- [clothlogix] [           main] org.hibernate.HQL_FUNCTIONS              : Integer datediff(DATE end, DATE start)
2024-05-17T15:11:54.802+02:00 DEBUG 4684 --- [clothlogix] [           main] org.hibernate.HQL_FUNCTIONS              : Integer day(DATE arg)
2024-05-17T15:11:54.802+02:00 DEBUG 4684 --- [clothlogix] [           main] org.hibernate.HQL_FUNCTIONS              : String dayname(DATE arg)
2024-05-17T15:11:54.802+02:00 DEBUG 4684 --- [clothlogix] [           main] org.hibernate.HQL_FUNCTIONS              : Integer dayofmonth(DATE arg)
2024-05-17T15:11:54.802+02:00 DEBUG 4684 --- [clothlogix] [           main] org.hibernate.HQL_FUNCTIONS              : Integer dayofweek(DATE arg)
2024-05-17T15:11:54.802+02:00 DEBUG 4684 --- [clothlogix] [           main] org.hibernate.HQL_FUNCTIONS              : Integer dayofyear(DATE arg)
2024-05-17T15:11:54.802+02:00 DEBUG 4684 --- [clothlogix] [           main] org.hibernate.HQL_FUNCTIONS              : Double degrees(NUMERIC arg)
2024-05-17T15:11:54.802+02:00 DEBUG 4684 --- [clothlogix] [           main] org.hibernate.HQL_FUNCTIONS              : Long dense_rank([arg0[, ...]])
2024-05-17T15:11:54.802+02:00 DEBUG 4684 --- [clothlogix] [           main] org.hibernate.HQL_FUNCTIONS              : Boolean every(BOOLEAN arg)
2024-05-17T15:11:54.802+02:00 DEBUG 4684 --- [clothlogix] [           main] org.hibernate.HQL_FUNCTIONS              : Double exp(NUMERIC arg)
2024-05-17T15:11:54.802+02:00 DEBUG 4684 --- [clothlogix] [           main] org.hibernate.HQL_FUNCTIONS              : extract(TEMPORAL_UNIT field from TEMPORAL arg)
2024-05-17T15:11:54.802+02:00 DEBUG 4684 --- [clothlogix] [           main] org.hibernate.HQL_FUNCTIONS              : first_valueANY value
2024-05-17T15:11:54.802+02:00 DEBUG 4684 --- [clothlogix] [           main] org.hibernate.HQL_FUNCTIONS              : floor(NUMERIC arg)
2024-05-17T15:11:54.802+02:00 DEBUG 4684 --- [clothlogix] [           main] org.hibernate.HQL_FUNCTIONS              : String format(TEMPORAL datetime as STRING pattern)
2024-05-17T15:11:54.802+02:00 DEBUG 4684 --- [clothlogix] [           main] org.hibernate.HQL_FUNCTIONS              : greatest(COMPARABLE arg0, COMPARABLE arg1[, arg2[, ...]])
2024-05-17T15:11:54.817+02:00 DEBUG 4684 --- [clothlogix] [           main] org.hibernate.HQL_FUNCTIONS              : Integer hour(TIME arg)
2024-05-17T15:11:54.817+02:00 DEBUG 4684 --- [clothlogix] [           main] org.hibernate.HQL_FUNCTIONS              : ifnull(arg0, arg1)
2024-05-17T15:11:54.817+02:00 DEBUG 4684 --- [clothlogix] [           main] org.hibernate.HQL_FUNCTIONS              : String insert(STRING string, INTEGER start, INTEGER length, STRING replacement)
2024-05-17T15:11:54.817+02:00 DEBUG 4684 --- [clothlogix] [           main] org.hibernate.HQL_FUNCTIONS              : Instant instant
2024-05-17T15:11:54.817+02:00 DEBUG 4684 --- [clothlogix] [           main] org.hibernate.HQL_FUNCTIONS              : Integer instr(STRING string, STRING pattern[, INTEGER start[, INTEGER occurrence]])
2024-05-17T15:11:54.817+02:00 DEBUG 4684 --- [clothlogix] [           main] org.hibernate.HQL_FUNCTIONS              : lagANY value[, INTEGER offset[, ANY default]]
2024-05-17T15:11:54.817+02:00 DEBUG 4684 --- [clothlogix] [           main] org.hibernate.HQL_FUNCTIONS              : Date last_day(DATE arg)
2024-05-17T15:11:54.817+02:00 DEBUG 4684 --- [clothlogix] [           main] org.hibernate.HQL_FUNCTIONS              : last_valueANY value
2024-05-17T15:11:54.817+02:00 DEBUG 4684 --- [clothlogix] [           main] org.hibernate.HQL_FUNCTIONS              : leadANY value[, INTEGER offset[, ANY default]]
2024-05-17T15:11:54.817+02:00 DEBUG 4684 --- [clothlogix] [           main] org.hibernate.HQL_FUNCTIONS              : least(COMPARABLE arg0, COMPARABLE arg1[, arg2[, ...]])
2024-05-17T15:11:54.817+02:00 DEBUG 4684 --- [clothlogix] [           main] org.hibernate.HQL_FUNCTIONS              : String left(STRING string, INTEGER length)
2024-05-17T15:11:54.817+02:00 DEBUG 4684 --- [clothlogix] [           main] org.hibernate.HQL_FUNCTIONS              : Integer length(STRING_OR_CLOB arg)
2024-05-17T15:11:54.817+02:00 DEBUG 4684 --- [clothlogix] [           main] org.hibernate.HQL_FUNCTIONS              : String listagg(STRING arg0, STRING arg1)
2024-05-17T15:11:54.817+02:00 DEBUG 4684 --- [clothlogix] [           main] org.hibernate.HQL_FUNCTIONS              : Double ln(NUMERIC arg)
2024-05-17T15:11:54.817+02:00 DEBUG 4684 --- [clothlogix] [           main] org.hibernate.HQL_FUNCTIONS              : LocalDate local date
2024-05-17T15:11:54.817+02:00 DEBUG 4684 --- [clothlogix] [           main] org.hibernate.HQL_FUNCTIONS              : LocalDateTime local datetime
2024-05-17T15:11:54.817+02:00 DEBUG 4684 --- [clothlogix] [           main] org.hibernate.HQL_FUNCTIONS              : LocalTime local time
2024-05-17T15:11:54.817+02:00 DEBUG 4684 --- [clothlogix] [           main] org.hibernate.HQL_FUNCTIONS              : LocalDate local_date
2024-05-17T15:11:54.817+02:00 DEBUG 4684 --- [clothlogix] [           main] org.hibernate.HQL_FUNCTIONS              : LocalDateTime local_datetime
2024-05-17T15:11:54.817+02:00 DEBUG 4684 --- [clothlogix] [           main] org.hibernate.HQL_FUNCTIONS              : LocalTime local_time
2024-05-17T15:11:54.817+02:00 DEBUG 4684 --- [clothlogix] [           main] org.hibernate.HQL_FUNCTIONS              : Timestamp localtime
2024-05-17T15:11:54.817+02:00 DEBUG 4684 --- [clothlogix] [           main] org.hibernate.HQL_FUNCTIONS              : Timestamp localtimestamp
2024-05-17T15:11:54.817+02:00 DEBUG 4684 --- [clothlogix] [           main] org.hibernate.HQL_FUNCTIONS              : Integer locate(STRING pattern, STRING string[, INTEGER start])
2024-05-17T15:11:54.817+02:00 DEBUG 4684 --- [clothlogix] [           main] org.hibernate.HQL_FUNCTIONS              : Double log(NUMERIC arg0[, NUMERIC arg1])
2024-05-17T15:11:54.817+02:00 DEBUG 4684 --- [clothlogix] [           main] org.hibernate.HQL_FUNCTIONS              : Double log10(NUMERIC arg)
2024-05-17T15:11:54.817+02:00 DEBUG 4684 --- [clothlogix] [           main] org.hibernate.HQL_FUNCTIONS              : Double log2(NUMERIC arg)
2024-05-17T15:11:54.817+02:00 DEBUG 4684 --- [clothlogix] [           main] org.hibernate.HQL_FUNCTIONS              : String lower(STRING string)
2024-05-17T15:11:54.817+02:00 DEBUG 4684 --- [clothlogix] [           main] org.hibernate.HQL_FUNCTIONS              : String lpad(string, length[, padding])
2024-05-17T15:11:54.817+02:00 DEBUG 4684 --- [clothlogix] [           main] org.hibernate.HQL_FUNCTIONS              : String ltrim(STRING string[, STRING characters])
2024-05-17T15:11:54.817+02:00 DEBUG 4684 --- [clothlogix] [           main] org.hibernate.HQL_FUNCTIONS              : Date makedate(INTEGER year, INTEGER dayofyear)
2024-05-17T15:11:54.817+02:00 DEBUG 4684 --- [clothlogix] [           main] org.hibernate.HQL_FUNCTIONS              : Time maketime(INTEGER hour, INTEGER min, INTEGER sec)
2024-05-17T15:11:54.817+02:00 DEBUG 4684 --- [clothlogix] [           main] org.hibernate.HQL_FUNCTIONS              : max(COMPARABLE arg)
2024-05-17T15:11:54.817+02:00 DEBUG 4684 --- [clothlogix] [           main] org.hibernate.HQL_FUNCTIONS              : String md5(arg)
2024-05-17T15:11:54.817+02:00 DEBUG 4684 --- [clothlogix] [           main] org.hibernate.HQL_FUNCTIONS              : Integer microsecond(TIME arg)
2024-05-17T15:11:54.817+02:00 DEBUG 4684 --- [clothlogix] [           main] org.hibernate.HQL_FUNCTIONS              : min(COMPARABLE arg)
2024-05-17T15:11:54.817+02:00 DEBUG 4684 --- [clothlogix] [           main] org.hibernate.HQL_FUNCTIONS              : Integer minute(TIME arg)
2024-05-17T15:11:54.817+02:00 DEBUG 4684 --- [clothlogix] [           main] org.hibernate.HQL_FUNCTIONS              : Integer mod(INTEGER arg0, INTEGER arg1)
2024-05-17T15:11:54.817+02:00 DEBUG 4684 --- [clothlogix] [           main] org.hibernate.HQL_FUNCTIONS              : Integer month(DATE arg)
2024-05-17T15:11:54.817+02:00 DEBUG 4684 --- [clothlogix] [           main] org.hibernate.HQL_FUNCTIONS              : String monthname(DATE arg)
2024-05-17T15:11:54.817+02:00 DEBUG 4684 --- [clothlogix] [           main] org.hibernate.HQL_FUNCTIONS              : Timestamp now()
2024-05-17T15:11:54.817+02:00 DEBUG 4684 --- [clothlogix] [           main] org.hibernate.HQL_FUNCTIONS              : nth_valueANY value, INTEGER nth
2024-05-17T15:11:54.817+02:00 DEBUG 4684 --- [clothlogix] [           main] org.hibernate.HQL_FUNCTIONS              : nullif(arg0, arg1)
2024-05-17T15:11:54.817+02:00 DEBUG 4684 --- [clothlogix] [           main] org.hibernate.HQL_FUNCTIONS              : Integer octet_length(STRING_OR_CLOB arg)
2024-05-17T15:11:54.817+02:00 DEBUG 4684 --- [clothlogix] [           main] org.hibernate.HQL_FUNCTIONS              : OffsetDateTime offset datetime
2024-05-17T15:11:54.817+02:00 DEBUG 4684 --- [clothlogix] [           main] org.hibernate.HQL_FUNCTIONS              : OffsetDateTime offset_datetime
2024-05-17T15:11:54.817+02:00 DEBUG 4684 --- [clothlogix] [           main] org.hibernate.HQL_FUNCTIONS              : String overlay(STRING string placing STRING replacement from INTEGER start[ for INTEGER length])
2024-05-17T15:11:54.817+02:00 DEBUG 4684 --- [clothlogix] [           main] org.hibernate.HQL_FUNCTIONS              : String pad(STRING string with INTEGER length {leading|trailing}[ STRING character])
2024-05-17T15:11:54.817+02:00 DEBUG 4684 --- [clothlogix] [           main] org.hibernate.HQL_FUNCTIONS              : Double percent_rank([arg0[, ...]])
2024-05-17T15:11:54.817+02:00 DEBUG 4684 --- [clothlogix] [           main] org.hibernate.HQL_FUNCTIONS              : Double pi
2024-05-17T15:11:54.817+02:00 DEBUG 4684 --- [clothlogix] [           main] org.hibernate.HQL_FUNCTIONS              : Integer position(STRING pattern in STRING string)
2024-05-17T15:11:54.817+02:00 DEBUG 4684 --- [clothlogix] [           main] org.hibernate.HQL_FUNCTIONS              : Double power(NUMERIC arg0, NUMERIC arg1)
2024-05-17T15:11:54.817+02:00 DEBUG 4684 --- [clothlogix] [           main] org.hibernate.HQL_FUNCTIONS              : Integer quarter(DATE arg)
2024-05-17T15:11:54.817+02:00 DEBUG 4684 --- [clothlogix] [           main] org.hibernate.HQL_FUNCTIONS              : Double radians(NUMERIC arg)
2024-05-17T15:11:54.817+02:00 DEBUG 4684 --- [clothlogix] [           main] org.hibernate.HQL_FUNCTIONS              : Double rand([INTEGER seed])
2024-05-17T15:11:54.817+02:00 DEBUG 4684 --- [clothlogix] [           main] org.hibernate.HQL_FUNCTIONS              : Long rank([arg0[, ...]])
2024-05-17T15:11:54.817+02:00 DEBUG 4684 --- [clothlogix] [           main] org.hibernate.HQL_FUNCTIONS              : String repeat(STRING string, INTEGER times)
2024-05-17T15:11:54.817+02:00 DEBUG 4684 --- [clothlogix] [           main] org.hibernate.HQL_FUNCTIONS              : String replace(STRING string, STRING pattern, STRING replacement)
2024-05-17T15:11:54.817+02:00 DEBUG 4684 --- [clothlogix] [           main] org.hibernate.HQL_FUNCTIONS              : String reverse(STRING arg)
2024-05-17T15:11:54.817+02:00 DEBUG 4684 --- [clothlogix] [           main] org.hibernate.HQL_FUNCTIONS              : String right(STRING string, INTEGER length)
2024-05-17T15:11:54.817+02:00 DEBUG 4684 --- [clothlogix] [           main] org.hibernate.HQL_FUNCTIONS              : round(NUMERIC number[, INTEGER places])
2024-05-17T15:11:54.817+02:00 DEBUG 4684 --- [clothlogix] [           main] org.hibernate.HQL_FUNCTIONS              : Long row_number()
2024-05-17T15:11:54.817+02:00 DEBUG 4684 --- [clothlogix] [           main] org.hibernate.HQL_FUNCTIONS              : String rpad(string, length[, padding])
2024-05-17T15:11:54.817+02:00 DEBUG 4684 --- [clothlogix] [           main] org.hibernate.HQL_FUNCTIONS              : String rtrim(STRING string[, STRING characters])
2024-05-17T15:11:54.817+02:00 DEBUG 4684 --- [clothlogix] [           main] org.hibernate.HQL_FUNCTIONS              : Integer second(TIME arg)
2024-05-17T15:11:54.817+02:00 DEBUG 4684 --- [clothlogix] [           main] org.hibernate.HQL_FUNCTIONS              : String sha(arg)
2024-05-17T15:11:54.817+02:00 DEBUG 4684 --- [clothlogix] [           main] org.hibernate.HQL_FUNCTIONS              : String sha1(arg)
2024-05-17T15:11:54.817+02:00 DEBUG 4684 --- [clothlogix] [           main] org.hibernate.HQL_FUNCTIONS              : String sha2(arg0, arg1)
2024-05-17T15:11:54.817+02:00 DEBUG 4684 --- [clothlogix] [           main] org.hibernate.HQL_FUNCTIONS              : Integer sign(NUMERIC arg)
2024-05-17T15:11:54.817+02:00 DEBUG 4684 --- [clothlogix] [           main] org.hibernate.HQL_FUNCTIONS              : Double sin(NUMERIC arg)
2024-05-17T15:11:54.817+02:00 DEBUG 4684 --- [clothlogix] [           main] org.hibernate.HQL_FUNCTIONS              : Double sinh(NUMERIC arg)
2024-05-17T15:11:54.817+02:00 DEBUG 4684 --- [clothlogix] [           main] org.hibernate.HQL_FUNCTIONS              : String soundex(arg)
2024-05-17T15:11:54.817+02:00 DEBUG 4684 --- [clothlogix] [           main] org.hibernate.HQL_FUNCTIONS              : String space(INTEGER arg)
2024-05-17T15:11:54.817+02:00 DEBUG 4684 --- [clothlogix] [           main] org.hibernate.HQL_FUNCTIONS              : Object sql
2024-05-17T15:11:54.817+02:00 DEBUG 4684 --- [clothlogix] [           main] org.hibernate.HQL_FUNCTIONS              : Double sqrt(NUMERIC arg)
2024-05-17T15:11:54.817+02:00 DEBUG 4684 --- [clothlogix] [           main] org.hibernate.HQL_FUNCTIONS              : Double stddev(NUMERIC arg)
2024-05-17T15:11:54.817+02:00 DEBUG 4684 --- [clothlogix] [           main] org.hibernate.HQL_FUNCTIONS              : Double stddev_pop(NUMERIC arg)
2024-05-17T15:11:54.817+02:00 DEBUG 4684 --- [clothlogix] [           main] org.hibernate.HQL_FUNCTIONS              : Double stddev_samp(NUMERIC arg)
2024-05-17T15:11:54.817+02:00 DEBUG 4684 --- [clothlogix] [           main] org.hibernate.HQL_FUNCTIONS              : String str(arg)
2024-05-17T15:11:54.817+02:00 DEBUG 4684 --- [clothlogix] [           main] org.hibernate.HQL_FUNCTIONS              : subdate(DATE datetime, INTEGER days)
2024-05-17T15:11:54.817+02:00 DEBUG 4684 --- [clothlogix] [           main] org.hibernate.HQL_FUNCTIONS              : String substr(STRING string, INTEGER start[, INTEGER length])
2024-05-17T15:11:54.817+02:00 DEBUG 4684 --- [clothlogix] [           main] org.hibernate.HQL_FUNCTIONS              : String substring(STRING string{ from|,} INTEGER start[{ for|,} INTEGER length])
2024-05-17T15:11:54.817+02:00 DEBUG 4684 --- [clothlogix] [           main] org.hibernate.HQL_FUNCTIONS              : subtime(TIME datetime, TIME time)
2024-05-17T15:11:54.817+02:00 DEBUG 4684 --- [clothlogix] [           main] org.hibernate.HQL_FUNCTIONS              : sum(arg)
2024-05-17T15:11:54.817+02:00 DEBUG 4684 --- [clothlogix] [           main] org.hibernate.HQL_FUNCTIONS              : Timestamp sysdate()
2024-05-17T15:11:54.817+02:00 DEBUG 4684 --- [clothlogix] [           main] org.hibernate.HQL_FUNCTIONS              : Double tan(NUMERIC arg)
2024-05-17T15:11:54.817+02:00 DEBUG 4684 --- [clothlogix] [           main] org.hibernate.HQL_FUNCTIONS              : Double tanh(NUMERIC arg)
2024-05-17T15:11:54.817+02:00 DEBUG 4684 --- [clothlogix] [           main] org.hibernate.HQL_FUNCTIONS              : String time(arg)
2024-05-17T15:11:54.817+02:00 DEBUG 4684 --- [clothlogix] [           main] org.hibernate.HQL_FUNCTIONS              : Timestamp timestamp(arg0[, arg1])
2024-05-17T15:11:54.817+02:00 DEBUG 4684 --- [clothlogix] [           main] org.hibernate.HQL_FUNCTIONS              : timestampadd(TEMPORAL_UNIT field, INTEGER magnitude, TEMPORAL datetime)
2024-05-17T15:11:54.817+02:00 DEBUG 4684 --- [clothlogix] [           main] org.hibernate.HQL_FUNCTIONS              : basicType@5(java.lang.Long,-5)|basicType@17(java.lang.Double,8) timestampdiff(TEMPORAL_UNIT field, TEMPORAL start, TEMPORAL end)
2024-05-17T15:11:54.817+02:00 DEBUG 4684 --- [clothlogix] [           main] org.hibernate.HQL_FUNCTIONS              : String trim([[{leading|trailing|both} ][STRING arg0 ]from] STRING arg1)
2024-05-17T15:11:54.817+02:00 DEBUG 4684 --- [clothlogix] [           main] org.hibernate.HQL_FUNCTIONS              : trunc( ... )
2024-05-17T15:11:54.817+02:00 DEBUG 4684 --- [clothlogix] [           main] org.hibernate.HQL_FUNCTIONS              : truncate( ... )
2024-05-17T15:11:54.817+02:00 DEBUG 4684 --- [clothlogix] [           main] org.hibernate.HQL_FUNCTIONS              : String upper(STRING string)
2024-05-17T15:11:54.817+02:00 DEBUG 4684 --- [clothlogix] [           main] org.hibernate.HQL_FUNCTIONS              : Date utc_date
2024-05-17T15:11:54.817+02:00 DEBUG 4684 --- [clothlogix] [           main] org.hibernate.HQL_FUNCTIONS              : Time utc_time
2024-05-17T15:11:54.817+02:00 DEBUG 4684 --- [clothlogix] [           main] org.hibernate.HQL_FUNCTIONS              : Timestamp utc_timestamp
2024-05-17T15:11:54.817+02:00 DEBUG 4684 --- [clothlogix] [           main] org.hibernate.HQL_FUNCTIONS              : Double var_pop(NUMERIC arg)
2024-05-17T15:11:54.817+02:00 DEBUG 4684 --- [clothlogix] [           main] org.hibernate.HQL_FUNCTIONS              : Double var_samp(NUMERIC arg)
2024-05-17T15:11:54.817+02:00 DEBUG 4684 --- [clothlogix] [           main] org.hibernate.HQL_FUNCTIONS              : Double variance(NUMERIC arg)
2024-05-17T15:11:54.817+02:00 DEBUG 4684 --- [clothlogix] [           main] org.hibernate.HQL_FUNCTIONS              : Integer week(DATE arg)
2024-05-17T15:11:54.817+02:00 DEBUG 4684 --- [clothlogix] [           main] org.hibernate.HQL_FUNCTIONS              : Integer year(DATE arg)
2024-05-17T15:11:54.817+02:00 DEBUG 4684 --- [clothlogix] [           main] org.hibernate.orm.query.plan.cache       : Starting QueryInterpretationCache(2048)
2024-05-17T15:11:54.822+02:00 TRACE 4684 --- [clothlogix] [           main] o.h.s.i.AbstractServiceRegistryImpl      : Initializing service [role=org.hibernate.engine.query.spi.NativeQueryInterpreter]
2024-05-17T15:11:54.862+02:00 DEBUG 4684 --- [clothlogix] [           main] .h.s.i.SessionFactoryServiceRegistryImpl : EventListenerRegistry access via ServiceRegistry is deprecated.  Use `sessionFactory.getEventEngine().getListenerRegistry()` instead
2024-05-17T15:11:54.862+02:00 TRACE 4684 --- [clothlogix] [           main] o.h.s.i.AbstractServiceRegistryImpl      : Initializing service [role=org.hibernate.engine.jdbc.mutation.spi.MutationExecutorService]
2024-05-17T15:11:54.865+02:00 TRACE 4684 --- [clothlogix] [           main] o.h.s.i.AbstractServiceRegistryImpl      : Initializing service [role=org.hibernate.event.spi.EntityCopyObserverFactory]
2024-05-17T15:11:54.865+02:00 DEBUG 4684 --- [clothlogix] [           main] h.e.i.EntityCopyObserverFactoryInitiator : Configured EntityCopyObserver strategy: disallow
2024-05-17T15:11:54.865+02:00 TRACE 4684 --- [clothlogix] [           main] o.h.s.i.AbstractServiceRegistryImpl      : Initializing service [role=org.hibernate.sql.results.jdbc.spi.JdbcValuesMappingProducerProvider]
2024-05-17T15:11:54.865+02:00 TRACE 4684 --- [clothlogix] [           main] o.h.s.i.AbstractServiceRegistryImpl      : Initializing service [role=org.hibernate.engine.jdbc.batch.spi.BatchBuilder]
2024-05-17T15:11:54.865+02:00 TRACE 4684 --- [clothlogix] [           main] org.hibernate.orm.jdbc.batch             : Using standard BatchBuilder (1)
2024-05-17T15:11:54.872+02:00 TRACE 4684 --- [clothlogix] [           main] o.h.s.i.AbstractServiceRegistryImpl      : Initializing service [role=org.hibernate.persister.spi.PersisterFactory]
2024-05-17T15:11:54.872+02:00 TRACE 4684 --- [clothlogix] [           main] o.h.s.i.AbstractServiceRegistryImpl      : Initializing service [role=org.hibernate.persister.spi.PersisterClassResolver]
2024-05-17T15:11:54.902+02:00 DEBUG 4684 --- [clothlogix] [           main] org.hibernate.ormbytecode.interceptor    : To-one property `com.fabless.clothlogix.model.entities.ProdottoEntity#sezioni` was mapped with LAZY + NO_PROXY but the class was not enhanced
2024-05-17T15:11:54.902+02:00 DEBUG 4684 --- [clothlogix] [           main] org.hibernate.ormbytecode.interceptor    : To-one property `com.fabless.clothlogix.model.entities.ProdottoEntity#sezioni` was mapped with LAZY + NO_PROXY but the class was not enhanced
2024-05-17T15:11:54.912+02:00 DEBUG 4684 --- [clothlogix] [           main] o.h.boot.internal.ClassLoaderAccessImpl  : Not known whether passed class name [com.fabless.clothlogix.model.entities.ProdottoEntity] is safe
2024-05-17T15:11:54.912+02:00 DEBUG 4684 --- [clothlogix] [           main] o.h.boot.internal.ClassLoaderAccessImpl  : No temp ClassLoader provided; using live ClassLoader for loading potentially unsafe class : com.fabless.clothlogix.model.entities.ProdottoEntity
2024-05-17T15:11:54.914+02:00 TRACE 4684 --- [clothlogix] [           main] o.h.s.i.AbstractServiceRegistryImpl      : Initializing service [role=org.hibernate.property.access.spi.PropertyAccessStrategyResolver]
2024-05-17T15:11:55.087+02:00 DEBUG 4684 --- [clothlogix] [           main] o.h.b.i.bytebuddy.BytecodeProviderImpl   : HHH000513: Unable to create the ReflectionOptimizer for [com.fabless.clothlogix.model.entities.ProdottoEntity]: private accessor [codiceProdotto]
2024-05-17T15:11:55.092+02:00 DEBUG 4684 --- [clothlogix] [           main] org.hibernate.ormbytecode.interceptor    : To-one property `com.fabless.clothlogix.model.entities.ProdottoEntity#sezioni` was mapped with LAZY + NO_PROXY but the class was not enhanced
2024-05-17T15:11:55.103+02:00 TRACE 4684 --- [clothlogix] [           main] o.h.p.entity.AbstractPropertyMapping     : Skipping duplicate registration of path [sezioni.id], existing type = [basicType@5(java.lang.Long,-5)], incoming type = [basicType@5(java.lang.Long,-5)]
2024-05-17T15:11:55.103+02:00 TRACE 4684 --- [clothlogix] [           main] o.h.p.entity.AbstractPropertyMapping     : Skipping duplicate registration of path [codiceProdotto], existing type = [basicType@6(java.lang.String,12)], incoming type = [basicType@6(java.lang.String,12)]
2024-05-17T15:11:55.103+02:00 TRACE 4684 --- [clothlogix] [           main] o.h.p.entity.AbstractPropertyMapping     : Skipping duplicate registration of path [colori], existing type = [org.hibernate.type.SetType(com.fabless.clothlogix.model.entities.ProdottoEntity.colori)], incoming type = [org.hibernate.type.SetType(com.fabless.clothlogix.model.entities.ProdottoEntity.colori)]
2024-05-17T15:11:55.103+02:00 TRACE 4684 --- [clothlogix] [           main] o.h.p.entity.AbstractPropertyMapping     : Skipping duplicate registration of path [descrizione], existing type = [basicType@6(java.lang.String,12)], incoming type = [basicType@6(java.lang.String,12)]
2024-05-17T15:11:55.103+02:00 TRACE 4684 --- [clothlogix] [           main] o.h.p.entity.AbstractPropertyMapping     : Skipping duplicate registration of path [materiali], existing type = [org.hibernate.type.SetType(com.fabless.clothlogix.model.entities.ProdottoEntity.materiali)], incoming type = [org.hibernate.type.SetType(com.fabless.clothlogix.model.entities.ProdottoEntity.materiali)]
2024-05-17T15:11:55.103+02:00 TRACE 4684 --- [clothlogix] [           main] o.h.p.entity.AbstractPropertyMapping     : Skipping duplicate registration of path [prezzo], existing type = [basicType@8(java.lang.Integer,4)], incoming type = [basicType@8(java.lang.Integer,4)]
2024-05-17T15:11:55.103+02:00 TRACE 4684 --- [clothlogix] [           main] o.h.p.entity.AbstractPropertyMapping     : Skipping duplicate registration of path [sezioni], existing type = [org.hibernate.type.ManyToOneType(com.fabless.clothlogix.model.entities.SezioneEntity)], incoming type = [org.hibernate.type.ManyToOneType(com.fabless.clothlogix.model.entities.SezioneEntity)]
2024-05-17T15:11:55.103+02:00 TRACE 4684 --- [clothlogix] [           main] o.h.p.entity.AbstractPropertyMapping     : Skipping duplicate registration of path [sezioni.id], existing type = [basicType@5(java.lang.Long,-5)], incoming type = [basicType@5(java.lang.Long,-5)]
2024-05-17T15:11:55.103+02:00 TRACE 4684 --- [clothlogix] [           main] o.h.p.entity.AbstractPropertyMapping     : Skipping duplicate registration of path [sezioni.id], existing type = [basicType@5(java.lang.Long,-5)], incoming type = [basicType@5(java.lang.Long,-5)]
2024-05-17T15:11:55.103+02:00 TRACE 4684 --- [clothlogix] [           main] o.h.p.entity.AbstractPropertyMapping     : Skipping duplicate registration of path [taglie], existing type = [org.hibernate.type.SetType(com.fabless.clothlogix.model.entities.ProdottoEntity.taglie)], incoming type = [org.hibernate.type.SetType(com.fabless.clothlogix.model.entities.ProdottoEntity.taglie)]
2024-05-17T15:11:55.103+02:00 TRACE 4684 --- [clothlogix] [           main] o.h.p.entity.AbstractPropertyMapping     : Skipping duplicate registration of path [tipi], existing type = [org.hibernate.type.SetType(com.fabless.clothlogix.model.entities.ProdottoEntity.tipi)], incoming type = [org.hibernate.type.SetType(com.fabless.clothlogix.model.entities.ProdottoEntity.tipi)]
2024-05-17T15:11:55.103+02:00 TRACE 4684 --- [clothlogix] [           main] o.h.p.entity.AbstractPropertyMapping     : Skipping duplicate registration of path [id], existing type = [basicType@5(java.lang.Long,-5)], incoming type = [basicType@5(java.lang.Long,-5)]
2024-05-17T15:11:55.103+02:00 DEBUG 4684 --- [clothlogix] [           main] o.h.boot.internal.ClassLoaderAccessImpl  : Not known whether passed class name [com.fabless.clothlogix.model.entities.TipoEntity] is safe
2024-05-17T15:11:55.103+02:00 DEBUG 4684 --- [clothlogix] [           main] o.h.boot.internal.ClassLoaderAccessImpl  : No temp ClassLoader provided; using live ClassLoader for loading potentially unsafe class : com.fabless.clothlogix.model.entities.TipoEntity
2024-05-17T15:11:55.112+02:00 DEBUG 4684 --- [clothlogix] [           main] o.h.b.i.bytebuddy.BytecodeProviderImpl   : HHH000513: Unable to create the ReflectionOptimizer for [com.fabless.clothlogix.model.entities.TipoEntity]: private accessor [descrizione]
2024-05-17T15:11:55.112+02:00 TRACE 4684 --- [clothlogix] [           main] o.h.p.entity.AbstractPropertyMapping     : Skipping duplicate registration of path [descrizione], existing type = [basicType@6(java.lang.String,12)], incoming type = [basicType@6(java.lang.String,12)]
2024-05-17T15:11:55.112+02:00 TRACE 4684 --- [clothlogix] [           main] o.h.p.entity.AbstractPropertyMapping     : Skipping duplicate registration of path [prodotti], existing type = [org.hibernate.type.SetType(com.fabless.clothlogix.model.entities.TipoEntity.prodotti)], incoming type = [org.hibernate.type.SetType(com.fabless.clothlogix.model.entities.TipoEntity.prodotti)]
2024-05-17T15:11:55.112+02:00 TRACE 4684 --- [clothlogix] [           main] o.h.p.entity.AbstractPropertyMapping     : Skipping duplicate registration of path [id], existing type = [basicType@5(java.lang.Long,-5)], incoming type = [basicType@5(java.lang.Long,-5)]
2024-05-17T15:11:55.112+02:00 DEBUG 4684 --- [clothlogix] [           main] o.h.boot.internal.ClassLoaderAccessImpl  : Not known whether passed class name [com.fabless.clothlogix.model.entities.SezioneEntity] is safe
2024-05-17T15:11:55.112+02:00 DEBUG 4684 --- [clothlogix] [           main] o.h.boot.internal.ClassLoaderAccessImpl  : No temp ClassLoader provided; using live ClassLoader for loading potentially unsafe class : com.fabless.clothlogix.model.entities.SezioneEntity
2024-05-17T15:11:55.122+02:00 DEBUG 4684 --- [clothlogix] [           main] o.h.b.i.bytebuddy.BytecodeProviderImpl   : HHH000513: Unable to create the ReflectionOptimizer for [com.fabless.clothlogix.model.entities.SezioneEntity]: private accessor [fila]
2024-05-17T15:11:55.122+02:00 TRACE 4684 --- [clothlogix] [           main] o.h.p.entity.AbstractPropertyMapping     : Skipping duplicate registration of path [fila], existing type = [basicType@6(java.lang.String,12)], incoming type = [basicType@6(java.lang.String,12)]
2024-05-17T15:11:55.122+02:00 TRACE 4684 --- [clothlogix] [           main] o.h.p.entity.AbstractPropertyMapping     : Skipping duplicate registration of path [prodotti], existing type = [org.hibernate.type.SetType(com.fabless.clothlogix.model.entities.SezioneEntity.prodotti)], incoming type = [org.hibernate.type.SetType(com.fabless.clothlogix.model.entities.SezioneEntity.prodotti)]
2024-05-17T15:11:55.122+02:00 TRACE 4684 --- [clothlogix] [           main] o.h.p.entity.AbstractPropertyMapping     : Skipping duplicate registration of path [scaffale], existing type = [basicType@6(java.lang.String,12)], incoming type = [basicType@6(java.lang.String,12)]
2024-05-17T15:11:55.122+02:00 TRACE 4684 --- [clothlogix] [           main] o.h.p.entity.AbstractPropertyMapping     : Skipping duplicate registration of path [id], existing type = [basicType@5(java.lang.Long,-5)], incoming type = [basicType@5(java.lang.Long,-5)]
2024-05-17T15:11:55.122+02:00 DEBUG 4684 --- [clothlogix] [           main] o.h.boot.internal.ClassLoaderAccessImpl  : Not known whether passed class name [com.fabless.clothlogix.model.entities.TagliaEntity] is safe
2024-05-17T15:11:55.122+02:00 DEBUG 4684 --- [clothlogix] [           main] o.h.boot.internal.ClassLoaderAccessImpl  : No temp ClassLoader provided; using live ClassLoader for loading potentially unsafe class : com.fabless.clothlogix.model.entities.TagliaEntity
2024-05-17T15:11:55.136+02:00 DEBUG 4684 --- [clothlogix] [           main] o.h.b.i.bytebuddy.BytecodeProviderImpl   : HHH000513: Unable to create the ReflectionOptimizer for [com.fabless.clothlogix.model.entities.TagliaEntity]: private accessor [descrizione]
2024-05-17T15:11:55.136+02:00 TRACE 4684 --- [clothlogix] [           main] o.h.p.entity.AbstractPropertyMapping     : Skipping duplicate registration of path [descrizione], existing type = [basicType@6(java.lang.String,12)], incoming type = [basicType@6(java.lang.String,12)]
2024-05-17T15:11:55.136+02:00 TRACE 4684 --- [clothlogix] [           main] o.h.p.entity.AbstractPropertyMapping     : Skipping duplicate registration of path [prodotti], existing type = [org.hibernate.type.SetType(com.fabless.clothlogix.model.entities.TagliaEntity.prodotti)], incoming type = [org.hibernate.type.SetType(com.fabless.clothlogix.model.entities.TagliaEntity.prodotti)]
2024-05-17T15:11:55.136+02:00 TRACE 4684 --- [clothlogix] [           main] o.h.p.entity.AbstractPropertyMapping     : Skipping duplicate registration of path [id], existing type = [basicType@5(java.lang.Long,-5)], incoming type = [basicType@5(java.lang.Long,-5)]
2024-05-17T15:11:55.136+02:00 DEBUG 4684 --- [clothlogix] [           main] o.h.boot.internal.ClassLoaderAccessImpl  : Not known whether passed class name [com.fabless.clothlogix.model.entities.LoginEntity] is safe
2024-05-17T15:11:55.136+02:00 DEBUG 4684 --- [clothlogix] [           main] o.h.boot.internal.ClassLoaderAccessImpl  : No temp ClassLoader provided; using live ClassLoader for loading potentially unsafe class : com.fabless.clothlogix.model.entities.LoginEntity
2024-05-17T15:11:55.142+02:00 DEBUG 4684 --- [clothlogix] [           main] o.h.b.i.bytebuddy.BytecodeProviderImpl   : HHH000513: Unable to create the ReflectionOptimizer for [com.fabless.clothlogix.model.entities.LoginEntity]: private accessor [password]
2024-05-17T15:11:55.142+02:00 TRACE 4684 --- [clothlogix] [           main] o.h.p.entity.AbstractPropertyMapping     : Skipping duplicate registration of path [password], existing type = [basicType@6(java.lang.String,12)], incoming type = [basicType@6(java.lang.String,12)]
2024-05-17T15:11:55.142+02:00 TRACE 4684 --- [clothlogix] [           main] o.h.p.entity.AbstractPropertyMapping     : Skipping duplicate registration of path [username], existing type = [basicType@6(java.lang.String,12)], incoming type = [basicType@6(java.lang.String,12)]
2024-05-17T15:11:55.142+02:00 TRACE 4684 --- [clothlogix] [           main] o.h.p.entity.AbstractPropertyMapping     : Skipping duplicate registration of path [id], existing type = [basicType@5(java.lang.Long,-5)], incoming type = [basicType@5(java.lang.Long,-5)]
2024-05-17T15:11:55.142+02:00 DEBUG 4684 --- [clothlogix] [           main] org.hibernate.ormbytecode.interceptor    : To-one property `com.fabless.clothlogix.model.entities.UtenteEntity#login` was mapped with LAZY + NO_PROXY but the class was not enhanced
2024-05-17T15:11:55.142+02:00 DEBUG 4684 --- [clothlogix] [           main] org.hibernate.ormbytecode.interceptor    : To-one property `com.fabless.clothlogix.model.entities.UtenteEntity#login` was mapped with LAZY + NO_PROXY but the class was not enhanced
2024-05-17T15:11:55.142+02:00 DEBUG 4684 --- [clothlogix] [           main] o.h.boot.internal.ClassLoaderAccessImpl  : Not known whether passed class name [com.fabless.clothlogix.model.entities.UtenteEntity] is safe
2024-05-17T15:11:55.142+02:00 DEBUG 4684 --- [clothlogix] [           main] o.h.boot.internal.ClassLoaderAccessImpl  : No temp ClassLoader provided; using live ClassLoader for loading potentially unsafe class : com.fabless.clothlogix.model.entities.UtenteEntity
2024-05-17T15:11:55.160+02:00 DEBUG 4684 --- [clothlogix] [           main] o.h.b.i.bytebuddy.BytecodeProviderImpl   : HHH000513: Unable to create the ReflectionOptimizer for [com.fabless.clothlogix.model.entities.UtenteEntity]: private accessor [cap]
2024-05-17T15:11:55.160+02:00 DEBUG 4684 --- [clothlogix] [           main] org.hibernate.ormbytecode.interceptor    : To-one property `com.fabless.clothlogix.model.entities.UtenteEntity#login` was mapped with LAZY + NO_PROXY but the class was not enhanced
2024-05-17T15:11:55.162+02:00 TRACE 4684 --- [clothlogix] [           main] o.h.p.entity.AbstractPropertyMapping     : Skipping duplicate registration of path [login.id], existing type = [basicType@5(java.lang.Long,-5)], incoming type = [basicType@5(java.lang.Long,-5)]
2024-05-17T15:11:55.162+02:00 TRACE 4684 --- [clothlogix] [           main] o.h.p.entity.AbstractPropertyMapping     : Skipping duplicate registration of path [cap], existing type = [basicType@6(java.lang.String,12)], incoming type = [basicType@6(java.lang.String,12)]
2024-05-17T15:11:55.162+02:00 TRACE 4684 --- [clothlogix] [           main] o.h.p.entity.AbstractPropertyMapping     : Skipping duplicate registration of path [citta], existing type = [basicType@6(java.lang.String,12)], incoming type = [basicType@6(java.lang.String,12)]
2024-05-17T15:11:55.162+02:00 TRACE 4684 --- [clothlogix] [           main] o.h.p.entity.AbstractPropertyMapping     : Skipping duplicate registration of path [cognome], existing type = [basicType@6(java.lang.String,12)], incoming type = [basicType@6(java.lang.String,12)]
2024-05-17T15:11:55.162+02:00 TRACE 4684 --- [clothlogix] [           main] o.h.p.entity.AbstractPropertyMapping     : Skipping duplicate registration of path [dataDiNascita], existing type = [basicType@9(java.sql.Date,91)], incoming type = [basicType@9(java.sql.Date,91)]
2024-05-17T15:11:55.162+02:00 TRACE 4684 --- [clothlogix] [           main] o.h.p.entity.AbstractPropertyMapping     : Skipping duplicate registration of path [indirizzo], existing type = [basicType@6(java.lang.String,12)], incoming type = [basicType@6(java.lang.String,12)]
2024-05-17T15:11:55.162+02:00 TRACE 4684 --- [clothlogix] [           main] o.h.p.entity.AbstractPropertyMapping     : Skipping duplicate registration of path [login], existing type = [org.hibernate.type.ManyToOneType(com.fabless.clothlogix.model.entities.LoginEntity)], incoming type = [org.hibernate.type.ManyToOneType(com.fabless.clothlogix.model.entities.LoginEntity)]
2024-05-17T15:11:55.162+02:00 TRACE 4684 --- [clothlogix] [           main] o.h.p.entity.AbstractPropertyMapping     : Skipping duplicate registration of path [login.id], existing type = [basicType@5(java.lang.Long,-5)], incoming type = [basicType@5(java.lang.Long,-5)]
2024-05-17T15:11:55.162+02:00 TRACE 4684 --- [clothlogix] [           main] o.h.p.entity.AbstractPropertyMapping     : Skipping duplicate registration of path [login.id], existing type = [basicType@5(java.lang.Long,-5)], incoming type = [basicType@5(java.lang.Long,-5)]
2024-05-17T15:11:55.162+02:00 TRACE 4684 --- [clothlogix] [           main] o.h.p.entity.AbstractPropertyMapping     : Skipping duplicate registration of path [nazionalita], existing type = [basicType@6(java.lang.String,12)], incoming type = [basicType@6(java.lang.String,12)]
2024-05-17T15:11:55.162+02:00 TRACE 4684 --- [clothlogix] [           main] o.h.p.entity.AbstractPropertyMapping     : Skipping duplicate registration of path [nome], existing type = [basicType@6(java.lang.String,12)], incoming type = [basicType@6(java.lang.String,12)]
2024-05-17T15:11:55.162+02:00 TRACE 4684 --- [clothlogix] [           main] o.h.p.entity.AbstractPropertyMapping     : Skipping duplicate registration of path [regione], existing type = [basicType@6(java.lang.String,12)], incoming type = [basicType@6(java.lang.String,12)]
2024-05-17T15:11:55.162+02:00 TRACE 4684 --- [clothlogix] [           main] o.h.p.entity.AbstractPropertyMapping     : Skipping duplicate registration of path [id], existing type = [basicType@5(java.lang.Long,-5)], incoming type = [basicType@5(java.lang.Long,-5)]
2024-05-17T15:11:55.162+02:00 DEBUG 4684 --- [clothlogix] [           main] o.h.boot.internal.ClassLoaderAccessImpl  : Not known whether passed class name [com.fabless.clothlogix.model.entities.MagazzinoEntity] is safe
2024-05-17T15:11:55.162+02:00 DEBUG 4684 --- [clothlogix] [           main] o.h.boot.internal.ClassLoaderAccessImpl  : No temp ClassLoader provided; using live ClassLoader for loading potentially unsafe class : com.fabless.clothlogix.model.entities.MagazzinoEntity
2024-05-17T15:11:55.167+02:00 DEBUG 4684 --- [clothlogix] [           main] o.h.b.i.bytebuddy.BytecodeProviderImpl   : HHH000513: Unable to create the ReflectionOptimizer for [com.fabless.clothlogix.model.entities.MagazzinoEntity]: private accessor [disponibilita]
2024-05-17T15:11:55.167+02:00 TRACE 4684 --- [clothlogix] [           main] o.h.p.entity.AbstractPropertyMapping     : Skipping duplicate registration of path [disponibilita], existing type = [basicType@7(java.lang.Boolean,16)], incoming type = [basicType@7(java.lang.Boolean,16)]
2024-05-17T15:11:55.167+02:00 TRACE 4684 --- [clothlogix] [           main] o.h.p.entity.AbstractPropertyMapping     : Skipping duplicate registration of path [prodotti], existing type = [org.hibernate.type.SetType(com.fabless.clothlogix.model.entities.MagazzinoEntity.prodotti)], incoming type = [org.hibernate.type.SetType(com.fabless.clothlogix.model.entities.MagazzinoEntity.prodotti)]
2024-05-17T15:11:55.167+02:00 TRACE 4684 --- [clothlogix] [           main] o.h.p.entity.AbstractPropertyMapping     : Skipping duplicate registration of path [quantita], existing type = [basicType@8(java.lang.Integer,4)], incoming type = [basicType@8(java.lang.Integer,4)]
2024-05-17T15:11:55.167+02:00 TRACE 4684 --- [clothlogix] [           main] o.h.p.entity.AbstractPropertyMapping     : Skipping duplicate registration of path [sezioni], existing type = [org.hibernate.type.SetType(com.fabless.clothlogix.model.entities.MagazzinoEntity.sezioni)], incoming type = [org.hibernate.type.SetType(com.fabless.clothlogix.model.entities.MagazzinoEntity.sezioni)]
2024-05-17T15:11:55.167+02:00 TRACE 4684 --- [clothlogix] [           main] o.h.p.entity.AbstractPropertyMapping     : Skipping duplicate registration of path [id], existing type = [basicType@5(java.lang.Long,-5)], incoming type = [basicType@5(java.lang.Long,-5)]
2024-05-17T15:11:55.167+02:00 DEBUG 4684 --- [clothlogix] [           main] o.h.boot.internal.ClassLoaderAccessImpl  : Not known whether passed class name [com.fabless.clothlogix.model.entities.ColoreEntity] is safe
2024-05-17T15:11:55.167+02:00 DEBUG 4684 --- [clothlogix] [           main] o.h.boot.internal.ClassLoaderAccessImpl  : No temp ClassLoader provided; using live ClassLoader for loading potentially unsafe class : com.fabless.clothlogix.model.entities.ColoreEntity
2024-05-17T15:11:55.172+02:00 DEBUG 4684 --- [clothlogix] [           main] o.h.b.i.bytebuddy.BytecodeProviderImpl   : HHH000513: Unable to create the ReflectionOptimizer for [com.fabless.clothlogix.model.entities.ColoreEntity]: private accessor [descrizione]
2024-05-17T15:11:55.172+02:00 TRACE 4684 --- [clothlogix] [           main] o.h.p.entity.AbstractPropertyMapping     : Skipping duplicate registration of path [descrizione], existing type = [basicType@6(java.lang.String,12)], incoming type = [basicType@6(java.lang.String,12)]
2024-05-17T15:11:55.172+02:00 TRACE 4684 --- [clothlogix] [           main] o.h.p.entity.AbstractPropertyMapping     : Skipping duplicate registration of path [prodotti], existing type = [org.hibernate.type.SetType(com.fabless.clothlogix.model.entities.ColoreEntity.prodotti)], incoming type = [org.hibernate.type.SetType(com.fabless.clothlogix.model.entities.ColoreEntity.prodotti)]
2024-05-17T15:11:55.172+02:00 TRACE 4684 --- [clothlogix] [           main] o.h.p.entity.AbstractPropertyMapping     : Skipping duplicate registration of path [id], existing type = [basicType@5(java.lang.Long,-5)], incoming type = [basicType@5(java.lang.Long,-5)]
2024-05-17T15:11:55.172+02:00 DEBUG 4684 --- [clothlogix] [           main] o.h.boot.internal.ClassLoaderAccessImpl  : Not known whether passed class name [com.fabless.clothlogix.model.entities.ProfiloEntity] is safe
2024-05-17T15:11:55.172+02:00 DEBUG 4684 --- [clothlogix] [           main] o.h.boot.internal.ClassLoaderAccessImpl  : No temp ClassLoader provided; using live ClassLoader for loading potentially unsafe class : com.fabless.clothlogix.model.entities.ProfiloEntity
2024-05-17T15:11:55.183+02:00 DEBUG 4684 --- [clothlogix] [           main] o.h.b.i.bytebuddy.BytecodeProviderImpl   : HHH000513: Unable to create the ReflectionOptimizer for [com.fabless.clothlogix.model.entities.ProfiloEntity]: private accessor [canCreate]
2024-05-17T15:11:55.183+02:00 TRACE 4684 --- [clothlogix] [           main] o.h.p.entity.AbstractPropertyMapping     : Skipping duplicate registration of path [canCreate], existing type = [basicType@7(java.lang.Boolean,16)], incoming type = [basicType@7(java.lang.Boolean,16)]
2024-05-17T15:11:55.183+02:00 TRACE 4684 --- [clothlogix] [           main] o.h.p.entity.AbstractPropertyMapping     : Skipping duplicate registration of path [canDelete], existing type = [basicType@7(java.lang.Boolean,16)], incoming type = [basicType@7(java.lang.Boolean,16)]
2024-05-17T15:11:55.183+02:00 TRACE 4684 --- [clothlogix] [           main] o.h.p.entity.AbstractPropertyMapping     : Skipping duplicate registration of path [canRead], existing type = [basicType@7(java.lang.Boolean,16)], incoming type = [basicType@7(java.lang.Boolean,16)]
2024-05-17T15:11:55.183+02:00 TRACE 4684 --- [clothlogix] [           main] o.h.p.entity.AbstractPropertyMapping     : Skipping duplicate registration of path [canUpdate], existing type = [basicType@7(java.lang.Boolean,16)], incoming type = [basicType@7(java.lang.Boolean,16)]
2024-05-17T15:11:55.183+02:00 TRACE 4684 --- [clothlogix] [           main] o.h.p.entity.AbstractPropertyMapping     : Skipping duplicate registration of path [descrizione], existing type = [basicType@6(java.lang.String,12)], incoming type = [basicType@6(java.lang.String,12)]
2024-05-17T15:11:55.183+02:00 TRACE 4684 --- [clothlogix] [           main] o.h.p.entity.AbstractPropertyMapping     : Skipping duplicate registration of path [utenti], existing type = [org.hibernate.type.SetType(com.fabless.clothlogix.model.entities.ProfiloEntity.utenti)], incoming type = [org.hibernate.type.SetType(com.fabless.clothlogix.model.entities.ProfiloEntity.utenti)]
2024-05-17T15:11:55.183+02:00 TRACE 4684 --- [clothlogix] [           main] o.h.p.entity.AbstractPropertyMapping     : Skipping duplicate registration of path [id], existing type = [basicType@5(java.lang.Long,-5)], incoming type = [basicType@5(java.lang.Long,-5)]
2024-05-17T15:11:55.183+02:00 DEBUG 4684 --- [clothlogix] [           main] o.h.boot.internal.ClassLoaderAccessImpl  : Not known whether passed class name [com.fabless.clothlogix.model.entities.MaterialeEntity] is safe
2024-05-17T15:11:55.183+02:00 DEBUG 4684 --- [clothlogix] [           main] o.h.boot.internal.ClassLoaderAccessImpl  : No temp ClassLoader provided; using live ClassLoader for loading potentially unsafe class : com.fabless.clothlogix.model.entities.MaterialeEntity
2024-05-17T15:11:55.193+02:00 DEBUG 4684 --- [clothlogix] [           main] o.h.b.i.bytebuddy.BytecodeProviderImpl   : HHH000513: Unable to create the ReflectionOptimizer for [com.fabless.clothlogix.model.entities.MaterialeEntity]: private accessor [descrizione]
2024-05-17T15:11:55.193+02:00 TRACE 4684 --- [clothlogix] [           main] o.h.p.entity.AbstractPropertyMapping     : Skipping duplicate registration of path [descrizione], existing type = [basicType@6(java.lang.String,12)], incoming type = [basicType@6(java.lang.String,12)]
2024-05-17T15:11:55.193+02:00 TRACE 4684 --- [clothlogix] [           main] o.h.p.entity.AbstractPropertyMapping     : Skipping duplicate registration of path [prodotti], existing type = [org.hibernate.type.SetType(com.fabless.clothlogix.model.entities.MaterialeEntity.prodotti)], incoming type = [org.hibernate.type.SetType(com.fabless.clothlogix.model.entities.MaterialeEntity.prodotti)]
2024-05-17T15:11:55.193+02:00 TRACE 4684 --- [clothlogix] [           main] o.h.p.entity.AbstractPropertyMapping     : Skipping duplicate registration of path [id], existing type = [basicType@5(java.lang.Long,-5)], incoming type = [basicType@5(java.lang.Long,-5)]
2024-05-17T15:11:55.202+02:00 DEBUG 4684 --- [clothlogix] [           main] org.hibernate.orm.jdbc.mutation          : Skipping collection inserts - com.fabless.clothlogix.model.entities.MaterialeEntity.prodotti
2024-05-17T15:11:55.202+02:00 DEBUG 4684 --- [clothlogix] [           main] org.hibernate.orm.jdbc.mutation          : Skipping collection row updates - com.fabless.clothlogix.model.entities.MaterialeEntity.prodotti
2024-05-17T15:11:55.202+02:00 DEBUG 4684 --- [clothlogix] [           main] org.hibernate.orm.jdbc.mutation          : Skipping collection row deletions - com.fabless.clothlogix.model.entities.MaterialeEntity.prodotti
2024-05-17T15:11:55.202+02:00 DEBUG 4684 --- [clothlogix] [           main] org.hibernate.orm.jdbc.mutation          : Skipping collection removals - com.fabless.clothlogix.model.entities.MaterialeEntity.prodotti
2024-05-17T15:11:55.202+02:00 DEBUG 4684 --- [clothlogix] [           main] org.hibernate.orm.jdbc.mutation          : Skipping collection inserts - com.fabless.clothlogix.model.entities.TagliaEntity.prodotti
2024-05-17T15:11:55.202+02:00 DEBUG 4684 --- [clothlogix] [           main] org.hibernate.orm.jdbc.mutation          : Skipping collection row updates - com.fabless.clothlogix.model.entities.TagliaEntity.prodotti
2024-05-17T15:11:55.202+02:00 DEBUG 4684 --- [clothlogix] [           main] org.hibernate.orm.jdbc.mutation          : Skipping collection row deletions - com.fabless.clothlogix.model.entities.TagliaEntity.prodotti
2024-05-17T15:11:55.202+02:00 DEBUG 4684 --- [clothlogix] [           main] org.hibernate.orm.jdbc.mutation          : Skipping collection removals - com.fabless.clothlogix.model.entities.TagliaEntity.prodotti
2024-05-17T15:11:55.215+02:00 DEBUG 4684 --- [clothlogix] [           main] org.hibernate.orm.jdbc.mutation          : Skipping collection inserts - com.fabless.clothlogix.model.entities.ColoreEntity.prodotti
2024-05-17T15:11:55.215+02:00 DEBUG 4684 --- [clothlogix] [           main] org.hibernate.orm.jdbc.mutation          : Skipping collection row updates - com.fabless.clothlogix.model.entities.ColoreEntity.prodotti
2024-05-17T15:11:55.215+02:00 DEBUG 4684 --- [clothlogix] [           main] org.hibernate.orm.jdbc.mutation          : Skipping collection row deletions - com.fabless.clothlogix.model.entities.ColoreEntity.prodotti
2024-05-17T15:11:55.215+02:00 DEBUG 4684 --- [clothlogix] [           main] org.hibernate.orm.jdbc.mutation          : Skipping collection removals - com.fabless.clothlogix.model.entities.ColoreEntity.prodotti
2024-05-17T15:11:55.215+02:00 DEBUG 4684 --- [clothlogix] [           main] org.hibernate.orm.jdbc.mutation          : Skipping collection row updates - com.fabless.clothlogix.model.entities.ProdottoEntity.materiali
2024-05-17T15:11:55.215+02:00 DEBUG 4684 --- [clothlogix] [           main] org.hibernate.orm.jdbc.mutation          : Skipping collection inserts - com.fabless.clothlogix.model.entities.TipoEntity.prodotti
2024-05-17T15:11:55.215+02:00 DEBUG 4684 --- [clothlogix] [           main] org.hibernate.orm.jdbc.mutation          : Skipping collection row updates - com.fabless.clothlogix.model.entities.TipoEntity.prodotti
2024-05-17T15:11:55.215+02:00 DEBUG 4684 --- [clothlogix] [           main] org.hibernate.orm.jdbc.mutation          : Skipping collection row deletions - com.fabless.clothlogix.model.entities.TipoEntity.prodotti
2024-05-17T15:11:55.215+02:00 DEBUG 4684 --- [clothlogix] [           main] org.hibernate.orm.jdbc.mutation          : Skipping collection removals - com.fabless.clothlogix.model.entities.TipoEntity.prodotti
2024-05-17T15:11:55.215+02:00 DEBUG 4684 --- [clothlogix] [           main] org.hibernate.orm.jdbc.mutation          : Skipping collection row updates - com.fabless.clothlogix.model.entities.ProdottoEntity.tipi
2024-05-17T15:11:55.215+02:00 DEBUG 4684 --- [clothlogix] [           main] org.hibernate.orm.jdbc.mutation          : Skipping collection row updates - com.fabless.clothlogix.model.entities.ProdottoEntity.colori
2024-05-17T15:11:55.215+02:00 DEBUG 4684 --- [clothlogix] [           main] org.hibernate.orm.jdbc.mutation          : Skipping collection row updates - com.fabless.clothlogix.model.entities.ProdottoEntity.taglie
2024-05-17T15:11:55.215+02:00 DEBUG 4684 --- [clothlogix] [           main] org.hibernate.orm.jdbc.mutation          : Skipping collection (re)creation - com.fabless.clothlogix.model.entities.SezioneEntity.prodotti
2024-05-17T15:11:55.215+02:00 DEBUG 4684 --- [clothlogix] [           main] org.hibernate.orm.jdbc.mutation          : Skipping collection row deletions - com.fabless.clothlogix.model.entities.SezioneEntity.prodotti
2024-05-17T15:11:55.215+02:00 DEBUG 4684 --- [clothlogix] [           main] org.hibernate.orm.jdbc.mutation          : Skipping collection removals - com.fabless.clothlogix.model.entities.SezioneEntity.prodotti
2024-05-17T15:11:55.232+02:00 DEBUG 4684 --- [clothlogix] [           main] o.hibernate.orm.model.mapping.creation   : Starting post-init callbacks
2024-05-17T15:11:55.232+02:00 DEBUG 4684 --- [clothlogix] [           main] o.hibernate.orm.model.mapping.creation   : Starting PostInitCallbackEntry : PluralAttributeMapping( NavigableRole[com.fabless.clothlogix.model.entities.ProdottoEntity.colori#{element}]) - element descriptor
2024-05-17T15:11:55.242+02:00 DEBUG 4684 --- [clothlogix] [           main] o.hibernate.orm.model.mapping.creation   : Starting PostInitCallbackEntry : PluralAttributeMapping(com.fabless.clothlogix.model.entities.ProdottoEntity.colori)#finishInitialization
2024-05-17T15:11:55.242+02:00 DEBUG 4684 --- [clothlogix] [           main] o.hibernate.orm.model.mapping.creation   : Starting PostInitCallbackEntry : PluralAttributeMapping(com.fabless.clothlogix.model.entities.ProdottoEntity.colori) - key descriptor
2024-05-17T15:11:55.242+02:00 DEBUG 4684 --- [clothlogix] [           main] o.hibernate.orm.model.mapping.creation   : Starting PostInitCallbackEntry : PluralAttributeMapping( NavigableRole[com.fabless.clothlogix.model.entities.ProdottoEntity.materiali#{element}]) - element descriptor
2024-05-17T15:11:55.242+02:00 DEBUG 4684 --- [clothlogix] [           main] o.hibernate.orm.model.mapping.creation   : Starting PostInitCallbackEntry : PluralAttributeMapping(com.fabless.clothlogix.model.entities.ProdottoEntity.materiali)#finishInitialization
2024-05-17T15:11:55.242+02:00 DEBUG 4684 --- [clothlogix] [           main] o.hibernate.orm.model.mapping.creation   : Starting PostInitCallbackEntry : PluralAttributeMapping(com.fabless.clothlogix.model.entities.ProdottoEntity.materiali) - key descriptor
2024-05-17T15:11:55.242+02:00 DEBUG 4684 --- [clothlogix] [           main] o.hibernate.orm.model.mapping.creation   : Starting PostInitCallbackEntry : To-one key - NavigableRole[com.fabless.clothlogix.model.entities.ProdottoEntity.sezioni]
2024-05-17T15:11:55.242+02:00 DEBUG 4684 --- [clothlogix] [           main] o.hibernate.orm.model.mapping.creation   : Starting PostInitCallbackEntry : PluralAttributeMapping( NavigableRole[com.fabless.clothlogix.model.entities.ProdottoEntity.taglie#{element}]) - element descriptor
2024-05-17T15:11:55.242+02:00 DEBUG 4684 --- [clothlogix] [           main] o.hibernate.orm.model.mapping.creation   : Starting PostInitCallbackEntry : PluralAttributeMapping(com.fabless.clothlogix.model.entities.ProdottoEntity.taglie)#finishInitialization
2024-05-17T15:11:55.242+02:00 DEBUG 4684 --- [clothlogix] [           main] o.hibernate.orm.model.mapping.creation   : Starting PostInitCallbackEntry : PluralAttributeMapping(com.fabless.clothlogix.model.entities.ProdottoEntity.taglie) - key descriptor
2024-05-17T15:11:55.242+02:00 DEBUG 4684 --- [clothlogix] [           main] o.hibernate.orm.model.mapping.creation   : Starting PostInitCallbackEntry : PluralAttributeMapping( NavigableRole[com.fabless.clothlogix.model.entities.ProdottoEntity.tipi#{element}]) - element descriptor
2024-05-17T15:11:55.242+02:00 DEBUG 4684 --- [clothlogix] [           main] o.hibernate.orm.model.mapping.creation   : Starting PostInitCallbackEntry : PluralAttributeMapping(com.fabless.clothlogix.model.entities.ProdottoEntity.tipi)#finishInitialization
2024-05-17T15:11:55.242+02:00 DEBUG 4684 --- [clothlogix] [           main] o.hibernate.orm.model.mapping.creation   : Starting PostInitCallbackEntry : PluralAttributeMapping(com.fabless.clothlogix.model.entities.ProdottoEntity.tipi) - key descriptor
2024-05-17T15:11:55.242+02:00 DEBUG 4684 --- [clothlogix] [           main] o.hibernate.orm.model.mapping.creation   : Starting PostInitCallbackEntry : Entity(com.fabless.clothlogix.model.entities.ProdottoEntity) `staticFetchableList` generator
2024-05-17T15:11:55.242+02:00 DEBUG 4684 --- [clothlogix] [           main] o.hibernate.orm.model.mapping.creation   : Starting PostInitCallbackEntry : PluralAttributeMapping( NavigableRole[com.fabless.clothlogix.model.entities.TipoEntity.prodotti#{element}]) - element descriptor
2024-05-17T15:11:55.242+02:00 TRACE 4684 --- [clothlogix] [           main] o.h.p.entity.AbstractEntityPersister     : #findSubPart(`tipi`)
2024-05-17T15:11:55.242+02:00 DEBUG 4684 --- [clothlogix] [           main] o.hibernate.orm.model.mapping.creation   : Starting PostInitCallbackEntry : PluralAttributeMapping(com.fabless.clothlogix.model.entities.TipoEntity.prodotti)#finishInitialization
2024-05-17T15:11:55.242+02:00 DEBUG 4684 --- [clothlogix] [           main] o.hibernate.orm.model.mapping.creation   : Starting PostInitCallbackEntry : PluralAttributeMapping(com.fabless.clothlogix.model.entities.TipoEntity.prodotti) - key descriptor
2024-05-17T15:11:55.242+02:00 TRACE 4684 --- [clothlogix] [           main] o.h.p.entity.AbstractEntityPersister     : #findSubPart(`tipi`)
2024-05-17T15:11:55.242+02:00 DEBUG 4684 --- [clothlogix] [           main] o.hibernate.orm.model.mapping.creation   : Starting PostInitCallbackEntry : Entity(com.fabless.clothlogix.model.entities.TipoEntity) `staticFetchableList` generator
2024-05-17T15:11:55.242+02:00 DEBUG 4684 --- [clothlogix] [           main] o.hibernate.orm.model.mapping.creation   : Starting PostInitCallbackEntry : PluralAttributeMapping( NavigableRole[com.fabless.clothlogix.model.entities.SezioneEntity.prodotti#{element}]) - element descriptor
2024-05-17T15:11:55.242+02:00 DEBUG 4684 --- [clothlogix] [           main] o.hibernate.orm.model.mapping.creation   : Starting PostInitCallbackEntry : PluralAttributeMapping(com.fabless.clothlogix.model.entities.SezioneEntity.prodotti)#finishInitialization
2024-05-17T15:11:55.242+02:00 DEBUG 4684 --- [clothlogix] [           main] o.hibernate.orm.model.mapping.creation   : Starting PostInitCallbackEntry : PluralAttributeMapping(com.fabless.clothlogix.model.entities.SezioneEntity.prodotti) - key descriptor
2024-05-17T15:11:55.242+02:00 TRACE 4684 --- [clothlogix] [           main] o.h.p.entity.AbstractEntityPersister     : #findSubPart(`sezioni`)
2024-05-17T15:11:55.242+02:00 DEBUG 4684 --- [clothlogix] [           main] o.hibernate.orm.model.mapping.creation   : Starting PostInitCallbackEntry : Entity(com.fabless.clothlogix.model.entities.SezioneEntity) `staticFetchableList` generator
2024-05-17T15:11:55.242+02:00 DEBUG 4684 --- [clothlogix] [           main] o.hibernate.orm.model.mapping.creation   : Starting PostInitCallbackEntry : PluralAttributeMapping( NavigableRole[com.fabless.clothlogix.model.entities.TagliaEntity.prodotti#{element}]) - element descriptor
2024-05-17T15:11:55.242+02:00 TRACE 4684 --- [clothlogix] [           main] o.h.p.entity.AbstractEntityPersister     : #findSubPart(`taglie`)
2024-05-17T15:11:55.242+02:00 DEBUG 4684 --- [clothlogix] [           main] o.hibernate.orm.model.mapping.creation   : Starting PostInitCallbackEntry : PluralAttributeMapping(com.fabless.clothlogix.model.entities.TagliaEntity.prodotti)#finishInitialization
2024-05-17T15:11:55.242+02:00 DEBUG 4684 --- [clothlogix] [           main] o.hibernate.orm.model.mapping.creation   : Starting PostInitCallbackEntry : PluralAttributeMapping(com.fabless.clothlogix.model.entities.TagliaEntity.prodotti) - key descriptor
2024-05-17T15:11:55.242+02:00 TRACE 4684 --- [clothlogix] [           main] o.h.p.entity.AbstractEntityPersister     : #findSubPart(`taglie`)
2024-05-17T15:11:55.242+02:00 DEBUG 4684 --- [clothlogix] [           main] o.hibernate.orm.model.mapping.creation   : Starting PostInitCallbackEntry : Entity(com.fabless.clothlogix.model.entities.TagliaEntity) `staticFetchableList` generator
2024-05-17T15:11:55.242+02:00 DEBUG 4684 --- [clothlogix] [           main] o.hibernate.orm.model.mapping.creation   : Starting PostInitCallbackEntry : Entity(com.fabless.clothlogix.model.entities.LoginEntity) `staticFetchableList` generator
2024-05-17T15:11:55.242+02:00 DEBUG 4684 --- [clothlogix] [           main] o.hibernate.orm.model.mapping.creation   : Starting PostInitCallbackEntry : To-one key - NavigableRole[com.fabless.clothlogix.model.entities.UtenteEntity.login]
2024-05-17T15:11:55.242+02:00 DEBUG 4684 --- [clothlogix] [           main] o.hibernate.orm.model.mapping.creation   : Starting PostInitCallbackEntry : Entity(com.fabless.clothlogix.model.entities.UtenteEntity) `staticFetchableList` generator
2024-05-17T15:11:55.242+02:00 DEBUG 4684 --- [clothlogix] [           main] o.hibernate.orm.model.mapping.creation   : Starting PostInitCallbackEntry : PluralAttributeMapping( NavigableRole[com.fabless.clothlogix.model.entities.MagazzinoEntity.prodotti#{element}]) - element descriptor
2024-05-17T15:11:55.242+02:00 DEBUG 4684 --- [clothlogix] [           main] o.hibernate.orm.model.mapping.creation   : Starting PostInitCallbackEntry : PluralAttributeMapping(com.fabless.clothlogix.model.entities.MagazzinoEntity.prodotti)#finishInitialization
2024-05-17T15:11:55.242+02:00 DEBUG 4684 --- [clothlogix] [           main] o.hibernate.orm.model.mapping.creation   : Starting PostInitCallbackEntry : PluralAttributeMapping(com.fabless.clothlogix.model.entities.MagazzinoEntity.prodotti) - key descriptor
2024-05-17T15:11:55.242+02:00 DEBUG 4684 --- [clothlogix] [           main] o.hibernate.orm.model.mapping.creation   : Starting PostInitCallbackEntry : PluralAttributeMapping( NavigableRole[com.fabless.clothlogix.model.entities.MagazzinoEntity.sezioni#{element}]) - element descriptor
2024-05-17T15:11:55.242+02:00 DEBUG 4684 --- [clothlogix] [           main] o.hibernate.orm.model.mapping.creation   : Starting PostInitCallbackEntry : PluralAttributeMapping(com.fabless.clothlogix.model.entities.MagazzinoEntity.sezioni)#finishInitialization
2024-05-17T15:11:55.242+02:00 DEBUG 4684 --- [clothlogix] [           main] o.hibernate.orm.model.mapping.creation   : Starting PostInitCallbackEntry : PluralAttributeMapping(com.fabless.clothlogix.model.entities.MagazzinoEntity.sezioni) - key descriptor
2024-05-17T15:11:55.242+02:00 DEBUG 4684 --- [clothlogix] [           main] o.hibernate.orm.model.mapping.creation   : Starting PostInitCallbackEntry : Entity(com.fabless.clothlogix.model.entities.MagazzinoEntity) `staticFetchableList` generator
2024-05-17T15:11:55.242+02:00 DEBUG 4684 --- [clothlogix] [           main] o.hibernate.orm.model.mapping.creation   : Starting PostInitCallbackEntry : PluralAttributeMapping( NavigableRole[com.fabless.clothlogix.model.entities.ColoreEntity.prodotti#{element}]) - element descriptor
2024-05-17T15:11:55.242+02:00 TRACE 4684 --- [clothlogix] [           main] o.h.p.entity.AbstractEntityPersister     : #findSubPart(`colori`)
2024-05-17T15:11:55.242+02:00 DEBUG 4684 --- [clothlogix] [           main] o.hibernate.orm.model.mapping.creation   : Starting PostInitCallbackEntry : PluralAttributeMapping(com.fabless.clothlogix.model.entities.ColoreEntity.prodotti)#finishInitialization
2024-05-17T15:11:55.242+02:00 DEBUG 4684 --- [clothlogix] [           main] o.hibernate.orm.model.mapping.creation   : Starting PostInitCallbackEntry : PluralAttributeMapping(com.fabless.clothlogix.model.entities.ColoreEntity.prodotti) - key descriptor
2024-05-17T15:11:55.242+02:00 TRACE 4684 --- [clothlogix] [           main] o.h.p.entity.AbstractEntityPersister     : #findSubPart(`colori`)
2024-05-17T15:11:55.242+02:00 DEBUG 4684 --- [clothlogix] [           main] o.hibernate.orm.model.mapping.creation   : Starting PostInitCallbackEntry : Entity(com.fabless.clothlogix.model.entities.ColoreEntity) `staticFetchableList` generator
2024-05-17T15:11:55.242+02:00 DEBUG 4684 --- [clothlogix] [           main] o.hibernate.orm.model.mapping.creation   : Starting PostInitCallbackEntry : PluralAttributeMapping( NavigableRole[com.fabless.clothlogix.model.entities.ProfiloEntity.utenti#{element}]) - element descriptor
2024-05-17T15:11:55.242+02:00 DEBUG 4684 --- [clothlogix] [           main] o.hibernate.orm.model.mapping.creation   : Starting PostInitCallbackEntry : PluralAttributeMapping(com.fabless.clothlogix.model.entities.ProfiloEntity.utenti)#finishInitialization
2024-05-17T15:11:55.242+02:00 DEBUG 4684 --- [clothlogix] [           main] o.hibernate.orm.model.mapping.creation   : Starting PostInitCallbackEntry : PluralAttributeMapping(com.fabless.clothlogix.model.entities.ProfiloEntity.utenti) - key descriptor
2024-05-17T15:11:55.242+02:00 DEBUG 4684 --- [clothlogix] [           main] o.hibernate.orm.model.mapping.creation   : Starting PostInitCallbackEntry : Entity(com.fabless.clothlogix.model.entities.ProfiloEntity) `staticFetchableList` generator
2024-05-17T15:11:55.242+02:00 DEBUG 4684 --- [clothlogix] [           main] o.hibernate.orm.model.mapping.creation   : Starting PostInitCallbackEntry : PluralAttributeMapping( NavigableRole[com.fabless.clothlogix.model.entities.MaterialeEntity.prodotti#{element}]) - element descriptor
2024-05-17T15:11:55.242+02:00 TRACE 4684 --- [clothlogix] [           main] o.h.p.entity.AbstractEntityPersister     : #findSubPart(`materiali`)
2024-05-17T15:11:55.242+02:00 DEBUG 4684 --- [clothlogix] [           main] o.hibernate.orm.model.mapping.creation   : Starting PostInitCallbackEntry : PluralAttributeMapping(com.fabless.clothlogix.model.entities.MaterialeEntity.prodotti)#finishInitialization
2024-05-17T15:11:55.242+02:00 DEBUG 4684 --- [clothlogix] [           main] o.hibernate.orm.model.mapping.creation   : Starting PostInitCallbackEntry : PluralAttributeMapping(com.fabless.clothlogix.model.entities.MaterialeEntity.prodotti) - key descriptor
2024-05-17T15:11:55.242+02:00 TRACE 4684 --- [clothlogix] [           main] o.h.p.entity.AbstractEntityPersister     : #findSubPart(`materiali`)
2024-05-17T15:11:55.242+02:00 DEBUG 4684 --- [clothlogix] [           main] o.hibernate.orm.model.mapping.creation   : Starting PostInitCallbackEntry : Entity(com.fabless.clothlogix.model.entities.MaterialeEntity) `staticFetchableList` generator
2024-05-17T15:11:55.242+02:00 DEBUG 4684 --- [clothlogix] [           main] o.hibernate.orm.model.mapping.creation   : Starting PostInitCallbackEntry : PluralAttributeMapping( NavigableRole[com.fabless.clothlogix.model.entities.SezioneEntity.prodotti#{element}]) - element descriptor
2024-05-17T15:11:55.242+02:00 DEBUG 4684 --- [clothlogix] [           main] o.hibernate.orm.model.mapping.creation   : Starting PostInitCallbackEntry : PluralAttributeMapping( NavigableRole[com.fabless.clothlogix.model.entities.MagazzinoEntity.prodotti#{element}]) - element descriptor
2024-05-17T15:11:55.242+02:00 DEBUG 4684 --- [clothlogix] [           main] o.hibernate.orm.model.mapping.creation   : Starting PostInitCallbackEntry : PluralAttributeMapping( NavigableRole[com.fabless.clothlogix.model.entities.MagazzinoEntity.sezioni#{element}]) - element descriptor
2024-05-17T15:11:55.242+02:00 DEBUG 4684 --- [clothlogix] [           main] o.hibernate.orm.model.mapping.creation   : Starting PostInitCallbackEntry : PluralAttributeMapping( NavigableRole[com.fabless.clothlogix.model.entities.ProfiloEntity.utenti#{element}]) - element descriptor
2024-05-17T15:11:55.295+02:00 DEBUG 4684 --- [clothlogix] [           main] org.hibernate.orm.sql.ast.create         : Created new SQL alias : pe1_0
2024-05-17T15:11:55.295+02:00 DEBUG 4684 --- [clothlogix] [           main] org.hibernate.orm.sql.ast.create         : Registration of TableGroup [StandardTableGroup(com.fabless.clothlogix.model.entities.ProdottoEntity)] with identifierForTableGroup [com.fabless.clothlogix.model.entities.ProdottoEntity] for NavigablePath [com.fabless.clothlogix.model.entities.ProdottoEntity] 
2024-05-17T15:11:55.295+02:00 TRACE 4684 --- [clothlogix] [           main] o.h.l.ast.internal.LoaderSelectBuilder   : Starting visitation of FetchParent's Fetchables : com.fabless.clothlogix.model.entities.ProdottoEntity
2024-05-17T15:11:55.302+02:00 DEBUG 4684 --- [clothlogix] [           main] org.hibernate.orm.sql.ast.create         : Registration of TableGroup [org.hibernate.sql.ast.tree.from.LazyTableGroup@68cb8e52] with identifierForTableGroup [com.fabless.clothlogix.model.entities.ProdottoEntity.sezioni] for NavigablePath [com.fabless.clothlogix.model.entities.ProdottoEntity.sezioni] 
2024-05-17T15:11:55.302+02:00 DEBUG 4684 --- [clothlogix] [           main] org.hibernate.orm.sql.ast.create         : Created new SQL alias : s1_0
2024-05-17T15:11:55.302+02:00 TRACE 4684 --- [clothlogix] [           main] o.h.l.ast.internal.LoaderSelectBuilder   : Starting visitation of FetchParent's Fetchables : com.fabless.clothlogix.model.entities.ProdottoEntity.sezioni
2024-05-17T15:11:55.312+02:00 DEBUG 4684 --- [clothlogix] [           main] org.hibernate.orm.results.graph.AST      : DomainResult Graph:
 \-EntityResultImpl [com.fabless.clothlogix.model.entities.ProdottoEntity]
 |  +-BasicFetch [com.fabless.clothlogix.model.entities.ProdottoEntity.codiceProdotto]
 |  +-DelayedCollectionFetch [com.fabless.clothlogix.model.entities.ProdottoEntity.colori]
 |  +-BasicFetch [com.fabless.clothlogix.model.entities.ProdottoEntity.descrizione]
 |  +-DelayedCollectionFetch [com.fabless.clothlogix.model.entities.ProdottoEntity.materiali]
 |  +-BasicFetch [com.fabless.clothlogix.model.entities.ProdottoEntity.prezzo]
 |  +-EntityFetchJoinedImpl [com.fabless.clothlogix.model.entities.ProdottoEntity.sezioni]
 |  +-DelayedCollectionFetch [com.fabless.clothlogix.model.entities.ProdottoEntity.taglie]
 |  \-DelayedCollectionFetch [com.fabless.clothlogix.model.entities.ProdottoEntity.tipi]

2024-05-17T15:11:55.312+02:00 TRACE 4684 --- [clothlogix] [           main] org.hibernate.orm.results.graph.AST      : Stack trace calling DomainResultGraphPrinter

java.lang.Exception: null
	at org.hibernate.sql.results.graph.DomainResultGraphPrinter.visitDomainResults(DomainResultGraphPrinter.java:70) ~[hibernate-core-6.4.4.Final.jar:6.4.4.Final]
	at org.hibernate.sql.results.graph.DomainResultGraphPrinter.logDomainResultGraph(DomainResultGraphPrinter.java:46) ~[hibernate-core-6.4.4.Final.jar:6.4.4.Final]
	at org.hibernate.sql.results.graph.DomainResultGraphPrinter.logDomainResultGraph(DomainResultGraphPrinter.java:37) ~[hibernate-core-6.4.4.Final.jar:6.4.4.Final]
	at org.hibernate.sql.ast.spi.AbstractSqlAstTranslator.translateSelect(AbstractSqlAstTranslator.java:858) ~[hibernate-core-6.4.4.Final.jar:6.4.4.Final]
	at org.hibernate.sql.ast.spi.AbstractSqlAstTranslator.translate(AbstractSqlAstTranslator.java:811) ~[hibernate-core-6.4.4.Final.jar:6.4.4.Final]
	at org.hibernate.loader.ast.internal.SingleIdLoadPlan.<init>(SingleIdLoadPlan.java:66) ~[hibernate-core-6.4.4.Final.jar:6.4.4.Final]
	at org.hibernate.loader.ast.internal.SingleIdEntityLoaderStandardImpl.createLoadPlan(SingleIdEntityLoaderStandardImpl.java:198) ~[hibernate-core-6.4.4.Final.jar:6.4.4.Final]
	at org.hibernate.loader.ast.internal.SingleIdEntityLoaderStandardImpl.lambda$new$0(SingleIdEntityLoaderStandardImpl.java:41) ~[hibernate-core-6.4.4.Final.jar:6.4.4.Final]
	at org.hibernate.loader.ast.internal.SingleIdEntityLoaderStandardImpl.<init>(SingleIdEntityLoaderStandardImpl.java:62) ~[hibernate-core-6.4.4.Final.jar:6.4.4.Final]
	at org.hibernate.loader.ast.internal.SingleIdEntityLoaderStandardImpl.<init>(SingleIdEntityLoaderStandardImpl.java:38) ~[hibernate-core-6.4.4.Final.jar:6.4.4.Final]
	at org.hibernate.persister.entity.AbstractEntityPersister.buildSingleIdEntityLoader(AbstractEntityPersister.java:864) ~[hibernate-core-6.4.4.Final.jar:6.4.4.Final]
	at org.hibernate.persister.entity.AbstractEntityPersister.buildSingleIdEntityLoader(AbstractEntityPersister.java:853) ~[hibernate-core-6.4.4.Final.jar:6.4.4.Final]
	at org.hibernate.persister.entity.AbstractEntityPersister.prepareLoaders(AbstractEntityPersister.java:3419) ~[hibernate-core-6.4.4.Final.jar:6.4.4.Final]
	at org.hibernate.metamodel.model.domain.internal.MappingMetamodelImpl.finishInitialization(MappingMetamodelImpl.java:206) ~[hibernate-core-6.4.4.Final.jar:6.4.4.Final]
	at org.hibernate.internal.SessionFactoryImpl.initializeMappingModel(SessionFactoryImpl.java:364) ~[hibernate-core-6.4.4.Final.jar:6.4.4.Final]
	at org.hibernate.internal.SessionFactoryImpl.<init>(SessionFactoryImpl.java:293) ~[hibernate-core-6.4.4.Final.jar:6.4.4.Final]
	at org.hibernate.boot.internal.SessionFactoryBuilderImpl.build(SessionFactoryBuilderImpl.java:450) ~[hibernate-core-6.4.4.Final.jar:6.4.4.Final]
	at org.hibernate.jpa.boot.internal.EntityManagerFactoryBuilderImpl.build(EntityManagerFactoryBuilderImpl.java:1507) ~[hibernate-core-6.4.4.Final.jar:6.4.4.Final]
	at org.springframework.orm.jpa.vendor.SpringHibernateJpaPersistenceProvider.createContainerEntityManagerFactory(SpringHibernateJpaPersistenceProvider.java:75) ~[spring-orm-6.1.6.jar:6.1.6]
	at org.springframework.orm.jpa.LocalContainerEntityManagerFactoryBean.createNativeEntityManagerFactory(LocalContainerEntityManagerFactoryBean.java:390) ~[spring-orm-6.1.6.jar:6.1.6]
	at org.springframework.orm.jpa.AbstractEntityManagerFactoryBean.buildNativeEntityManagerFactory(AbstractEntityManagerFactoryBean.java:409) ~[spring-orm-6.1.6.jar:6.1.6]
	at org.springframework.orm.jpa.AbstractEntityManagerFactoryBean.afterPropertiesSet(AbstractEntityManagerFactoryBean.java:396) ~[spring-orm-6.1.6.jar:6.1.6]
	at org.springframework.orm.jpa.LocalContainerEntityManagerFactoryBean.afterPropertiesSet(LocalContainerEntityManagerFactoryBean.java:366) ~[spring-orm-6.1.6.jar:6.1.6]
	at org.springframework.beans.factory.support.AbstractAutowireCapableBeanFactory.invokeInitMethods(AbstractAutowireCapableBeanFactory.java:1833) ~[spring-beans-6.1.6.jar:6.1.6]
	at org.springframework.beans.factory.support.AbstractAutowireCapableBeanFactory.initializeBean(AbstractAutowireCapableBeanFactory.java:1782) ~[spring-beans-6.1.6.jar:6.1.6]
	at org.springframework.beans.factory.support.AbstractAutowireCapableBeanFactory.doCreateBean(AbstractAutowireCapableBeanFactory.java:600) ~[spring-beans-6.1.6.jar:6.1.6]
	at org.springframework.beans.factory.support.AbstractAutowireCapableBeanFactory.createBean(AbstractAutowireCapableBeanFactory.java:522) ~[spring-beans-6.1.6.jar:6.1.6]
	at org.springframework.beans.factory.support.AbstractBeanFactory.lambda$doGetBean$0(AbstractBeanFactory.java:326) ~[spring-beans-6.1.6.jar:6.1.6]
	at org.springframework.beans.factory.support.DefaultSingletonBeanRegistry.getSingleton(DefaultSingletonBeanRegistry.java:234) ~[spring-beans-6.1.6.jar:6.1.6]
	at org.springframework.beans.factory.support.AbstractBeanFactory.doGetBean(AbstractBeanFactory.java:324) ~[spring-beans-6.1.6.jar:6.1.6]
	at org.springframework.beans.factory.support.AbstractBeanFactory.getBean(AbstractBeanFactory.java:200) ~[spring-beans-6.1.6.jar:6.1.6]
	at org.springframework.context.support.AbstractApplicationContext.getBean(AbstractApplicationContext.java:1234) ~[spring-context-6.1.6.jar:6.1.6]
	at org.springframework.context.support.AbstractApplicationContext.finishBeanFactoryInitialization(AbstractApplicationContext.java:952) ~[spring-context-6.1.6.jar:6.1.6]
	at org.springframework.context.support.AbstractApplicationContext.refresh(AbstractApplicationContext.java:624) ~[spring-context-6.1.6.jar:6.1.6]
	at org.springframework.boot.SpringApplication.refresh(SpringApplication.java:754) ~[spring-boot-3.2.5.jar:3.2.5]
	at org.springframework.boot.SpringApplication.refreshContext(SpringApplication.java:456) ~[spring-boot-3.2.5.jar:3.2.5]
	at org.springframework.boot.SpringApplication.run(SpringApplication.java:334) ~[spring-boot-3.2.5.jar:3.2.5]
	at org.springframework.boot.test.context.SpringBootContextLoader.lambda$loadContext$3(SpringBootContextLoader.java:137) ~[spring-boot-test-3.2.5.jar:3.2.5]
	at org.springframework.util.function.ThrowingSupplier.get(ThrowingSupplier.java:58) ~[spring-core-6.1.6.jar:6.1.6]
	at org.springframework.util.function.ThrowingSupplier.get(ThrowingSupplier.java:46) ~[spring-core-6.1.6.jar:6.1.6]
	at org.springframework.boot.SpringApplication.withHook(SpringApplication.java:1454) ~[spring-boot-3.2.5.jar:3.2.5]
	at org.springframework.boot.test.context.SpringBootContextLoader$ContextLoaderHook.run(SpringBootContextLoader.java:553) ~[spring-boot-test-3.2.5.jar:3.2.5]
	at org.springframework.boot.test.context.SpringBootContextLoader.loadContext(SpringBootContextLoader.java:137) ~[spring-boot-test-3.2.5.jar:3.2.5]
	at org.springframework.boot.test.context.SpringBootContextLoader.loadContext(SpringBootContextLoader.java:108) ~[spring-boot-test-3.2.5.jar:3.2.5]
	at org.springframework.test.context.cache.DefaultCacheAwareContextLoaderDelegate.loadContextInternal(DefaultCacheAwareContextLoaderDelegate.java:225) ~[spring-test-6.1.6.jar:6.1.6]
	at org.springframework.test.context.cache.DefaultCacheAwareContextLoaderDelegate.loadContext(DefaultCacheAwareContextLoaderDelegate.java:152) ~[spring-test-6.1.6.jar:6.1.6]
	at org.springframework.test.context.support.DefaultTestContext.getApplicationContext(DefaultTestContext.java:130) ~[spring-test-6.1.6.jar:6.1.6]
	at org.springframework.test.context.web.ServletTestExecutionListener.setUpRequestContextIfNecessary(ServletTestExecutionListener.java:191) ~[spring-test-6.1.6.jar:6.1.6]
	at org.springframework.test.context.web.ServletTestExecutionListener.prepareTestInstance(ServletTestExecutionListener.java:130) ~[spring-test-6.1.6.jar:6.1.6]
	at org.springframework.test.context.TestContextManager.prepareTestInstance(TestContextManager.java:260) ~[spring-test-6.1.6.jar:6.1.6]
	at org.springframework.test.context.junit.jupiter.SpringExtension.postProcessTestInstance(SpringExtension.java:163) ~[spring-test-6.1.6.jar:6.1.6]
	at org.junit.jupiter.engine.descriptor.ClassBasedTestDescriptor.lambda$invokeTestInstancePostProcessors$10(ClassBasedTestDescriptor.java:378) ~[junit-jupiter-engine-5.10.2.jar:5.10.2]
	at org.junit.jupiter.engine.descriptor.ClassBasedTestDescriptor.executeAndMaskThrowable(ClassBasedTestDescriptor.java:383) ~[junit-jupiter-engine-5.10.2.jar:5.10.2]
	at org.junit.jupiter.engine.descriptor.ClassBasedTestDescriptor.lambda$invokeTestInstancePostProcessors$11(ClassBasedTestDescriptor.java:378) ~[junit-jupiter-engine-5.10.2.jar:5.10.2]
	at java.base/java.util.stream.ReferencePipeline$3$1.accept(ReferencePipeline.java:197) ~[na:na]
	at java.base/java.util.stream.ReferencePipeline$2$1.accept(ReferencePipeline.java:179) ~[na:na]
	at java.base/java.util.ArrayList$ArrayListSpliterator.forEachRemaining(ArrayList.java:1625) ~[na:na]
	at java.base/java.util.stream.AbstractPipeline.copyInto(AbstractPipeline.java:509) ~[na:na]
	at java.base/java.util.stream.AbstractPipeline.wrapAndCopyInto(AbstractPipeline.java:499) ~[na:na]
	at java.base/java.util.stream.StreamSpliterators$WrappingSpliterator.forEachRemaining(StreamSpliterators.java:310) ~[na:na]
	at java.base/java.util.stream.Streams$ConcatSpliterator.forEachRemaining(Streams.java:735) ~[na:na]
	at java.base/java.util.stream.Streams$ConcatSpliterator.forEachRemaining(Streams.java:734) ~[na:na]
	at java.base/java.util.stream.ReferencePipeline$Head.forEach(ReferencePipeline.java:762) ~[na:na]
	at org.junit.jupiter.engine.descriptor.ClassBasedTestDescriptor.invokeTestInstancePostProcessors(ClassBasedTestDescriptor.java:377) ~[junit-jupiter-engine-5.10.2.jar:5.10.2]
	at org.junit.jupiter.engine.descriptor.ClassBasedTestDescriptor.lambda$instantiateAndPostProcessTestInstance$6(ClassBasedTestDescriptor.java:290) ~[junit-jupiter-engine-5.10.2.jar:5.10.2]
	at org.junit.platform.engine.support.hierarchical.ThrowableCollector.execute(ThrowableCollector.java:73) ~[junit-platform-engine-1.10.2.jar:1.10.2]
	at org.junit.jupiter.engine.descriptor.ClassBasedTestDescriptor.instantiateAndPostProcessTestInstance(ClassBasedTestDescriptor.java:289) ~[junit-jupiter-engine-5.10.2.jar:5.10.2]
	at org.junit.jupiter.engine.descriptor.ClassBasedTestDescriptor.lambda$testInstancesProvider$4(ClassBasedTestDescriptor.java:279) ~[junit-jupiter-engine-5.10.2.jar:5.10.2]
	at java.base/java.util.Optional.orElseGet(Optional.java:364) ~[na:na]
	at org.junit.jupiter.engine.descriptor.ClassBasedTestDescriptor.lambda$testInstancesProvider$5(ClassBasedTestDescriptor.java:278) ~[junit-jupiter-engine-5.10.2.jar:5.10.2]
	at org.junit.jupiter.engine.execution.TestInstancesProvider.getTestInstances(TestInstancesProvider.java:31) ~[junit-jupiter-engine-5.10.2.jar:5.10.2]
	at org.junit.jupiter.engine.descriptor.TestMethodTestDescriptor.lambda$prepare$0(TestMethodTestDescriptor.java:106) ~[junit-jupiter-engine-5.10.2.jar:5.10.2]
	at org.junit.platform.engine.support.hierarchical.ThrowableCollector.execute(ThrowableCollector.java:73) ~[junit-platform-engine-1.10.2.jar:1.10.2]
	at org.junit.jupiter.engine.descriptor.TestMethodTestDescriptor.prepare(TestMethodTestDescriptor.java:105) ~[junit-jupiter-engine-5.10.2.jar:5.10.2]
	at org.junit.jupiter.engine.descriptor.TestMethodTestDescriptor.prepare(TestMethodTestDescriptor.java:69) ~[junit-jupiter-engine-5.10.2.jar:5.10.2]
	at org.junit.platform.engine.support.hierarchical.NodeTestTask.lambda$prepare$2(NodeTestTask.java:123) ~[junit-platform-engine-1.10.2.jar:1.10.2]
	at org.junit.platform.engine.support.hierarchical.ThrowableCollector.execute(ThrowableCollector.java:73) ~[junit-platform-engine-1.10.2.jar:1.10.2]
	at org.junit.platform.engine.support.hierarchical.NodeTestTask.prepare(NodeTestTask.java:123) ~[junit-platform-engine-1.10.2.jar:1.10.2]
	at org.junit.platform.engine.support.hierarchical.NodeTestTask.execute(NodeTestTask.java:90) ~[junit-platform-engine-1.10.2.jar:1.10.2]
	at java.base/java.util.ArrayList.forEach(ArrayList.java:1511) ~[na:na]
	at org.junit.platform.engine.support.hierarchical.SameThreadHierarchicalTestExecutorService.invokeAll(SameThreadHierarchicalTestExecutorService.java:41) ~[junit-platform-engine-1.10.2.jar:1.10.2]
	at org.junit.platform.engine.support.hierarchical.NodeTestTask.lambda$executeRecursively$6(NodeTestTask.java:155) ~[junit-platform-engine-1.10.2.jar:1.10.2]
	at org.junit.platform.engine.support.hierarchical.ThrowableCollector.execute(ThrowableCollector.java:73) ~[junit-platform-engine-1.10.2.jar:1.10.2]
	at org.junit.platform.engine.support.hierarchical.NodeTestTask.lambda$executeRecursively$8(NodeTestTask.java:141) ~[junit-platform-engine-1.10.2.jar:1.10.2]
	at org.junit.platform.engine.support.hierarchical.Node.around(Node.java:137) ~[junit-platform-engine-1.10.2.jar:1.10.2]
	at org.junit.platform.engine.support.hierarchical.NodeTestTask.lambda$executeRecursively$9(NodeTestTask.java:139) ~[junit-platform-engine-1.10.2.jar:1.10.2]
	at org.junit.platform.engine.support.hierarchical.ThrowableCollector.execute(ThrowableCollector.java:73) ~[junit-platform-engine-1.10.2.jar:1.10.2]
	at org.junit.platform.engine.support.hierarchical.NodeTestTask.executeRecursively(NodeTestTask.java:138) ~[junit-platform-engine-1.10.2.jar:1.10.2]
	at org.junit.platform.engine.support.hierarchical.NodeTestTask.execute(NodeTestTask.java:95) ~[junit-platform-engine-1.10.2.jar:1.10.2]
	at java.base/java.util.ArrayList.forEach(ArrayList.java:1511) ~[na:na]
	at org.junit.platform.engine.support.hierarchical.SameThreadHierarchicalTestExecutorService.invokeAll(SameThreadHierarchicalTestExecutorService.java:41) ~[junit-platform-engine-1.10.2.jar:1.10.2]
	at org.junit.platform.engine.support.hierarchical.NodeTestTask.lambda$executeRecursively$6(NodeTestTask.java:155) ~[junit-platform-engine-1.10.2.jar:1.10.2]
	at org.junit.platform.engine.support.hierarchical.ThrowableCollector.execute(ThrowableCollector.java:73) ~[junit-platform-engine-1.10.2.jar:1.10.2]
	at org.junit.platform.engine.support.hierarchical.NodeTestTask.lambda$executeRecursively$8(NodeTestTask.java:141) ~[junit-platform-engine-1.10.2.jar:1.10.2]
	at org.junit.platform.engine.support.hierarchical.Node.around(Node.java:137) ~[junit-platform-engine-1.10.2.jar:1.10.2]
	at org.junit.platform.engine.support.hierarchical.NodeTestTask.lambda$executeRecursively$9(NodeTestTask.java:139) ~[junit-platform-engine-1.10.2.jar:1.10.2]
	at org.junit.platform.engine.support.hierarchical.ThrowableCollector.execute(ThrowableCollector.java:73) ~[junit-platform-engine-1.10.2.jar:1.10.2]
	at org.junit.platform.engine.support.hierarchical.NodeTestTask.executeRecursively(NodeTestTask.java:138) ~[junit-platform-engine-1.10.2.jar:1.10.2]
	at org.junit.platform.engine.support.hierarchical.NodeTestTask.execute(NodeTestTask.java:95) ~[junit-platform-engine-1.10.2.jar:1.10.2]
	at org.junit.platform.engine.support.hierarchical.SameThreadHierarchicalTestExecutorService.submit(SameThreadHierarchicalTestExecutorService.java:35) ~[junit-platform-engine-1.10.2.jar:1.10.2]
	at org.junit.platform.engine.support.hierarchical.HierarchicalTestExecutor.execute(HierarchicalTestExecutor.java:57) ~[junit-platform-engine-1.10.2.jar:1.10.2]
	at org.junit.platform.engine.support.hierarchical.HierarchicalTestEngine.execute(HierarchicalTestEngine.java:54) ~[junit-platform-engine-1.10.2.jar:1.10.2]
	at org.junit.platform.launcher.core.EngineExecutionOrchestrator.execute(EngineExecutionOrchestrator.java:198) ~[junit-platform-launcher-1.10.2.jar:1.10.2]
	at org.junit.platform.launcher.core.EngineExecutionOrchestrator.execute(EngineExecutionOrchestrator.java:169) ~[junit-platform-launcher-1.10.2.jar:1.10.2]
	at org.junit.platform.launcher.core.EngineExecutionOrchestrator.execute(EngineExecutionOrchestrator.java:93) ~[junit-platform-launcher-1.10.2.jar:1.10.2]
	at org.junit.platform.launcher.core.EngineExecutionOrchestrator.lambda$execute$0(EngineExecutionOrchestrator.java:58) ~[junit-platform-launcher-1.10.2.jar:1.10.2]
	at org.junit.platform.launcher.core.EngineExecutionOrchestrator.withInterceptedStreams(EngineExecutionOrchestrator.java:141) ~[junit-platform-launcher-1.10.2.jar:1.10.2]
	at org.junit.platform.launcher.core.EngineExecutionOrchestrator.execute(EngineExecutionOrchestrator.java:57) ~[junit-platform-launcher-1.10.2.jar:1.10.2]
	at org.junit.platform.launcher.core.DefaultLauncher.execute(DefaultLauncher.java:103) ~[junit-platform-launcher-1.10.2.jar:1.10.2]
	at org.junit.platform.launcher.core.DefaultLauncher.execute(DefaultLauncher.java:85) ~[junit-platform-launcher-1.10.2.jar:1.10.2]
	at org.junit.platform.launcher.core.DelegatingLauncher.execute(DelegatingLauncher.java:47) ~[junit-platform-launcher-1.10.2.jar:1.10.2]
	at org.apache.maven.surefire.junitplatform.LazyLauncher.execute(LazyLauncher.java:56) ~[surefire-junit-platform-3.1.2.jar:3.1.2]
	at org.apache.maven.surefire.junitplatform.JUnitPlatformProvider.execute(JUnitPlatformProvider.java:184) ~[surefire-junit-platform-3.1.2.jar:3.1.2]
	at org.apache.maven.surefire.junitplatform.JUnitPlatformProvider.invokeAllTests(JUnitPlatformProvider.java:148) ~[surefire-junit-platform-3.1.2.jar:3.1.2]
	at org.apache.maven.surefire.junitplatform.JUnitPlatformProvider.invoke(JUnitPlatformProvider.java:122) ~[surefire-junit-platform-3.1.2.jar:3.1.2]
	at org.apache.maven.surefire.booter.ForkedBooter.runSuitesInProcess(ForkedBooter.java:385) ~[surefire-booter-3.1.2.jar:3.1.2]
	at org.apache.maven.surefire.booter.ForkedBooter.execute(ForkedBooter.java:162) ~[surefire-booter-3.1.2.jar:3.1.2]
	at org.apache.maven.surefire.booter.ForkedBooter.run(ForkedBooter.java:507) ~[surefire-booter-3.1.2.jar:3.1.2]
	at org.apache.maven.surefire.booter.ForkedBooter.main(ForkedBooter.java:495) ~[surefire-booter-3.1.2.jar:3.1.2]

2024-05-17T15:11:55.322+02:00 DEBUG 4684 --- [clothlogix] [           main] org.hibernate.orm.sql.ast.tree           : SQL AST Tree:
    SelectStatement {
      FromClause {
        StandardTableGroup (pe1 : com.fabless.clothlogix.model.entities.ProdottoEntity) {
          primaryTableReference : prodotto as pe1_0
          TableGroupJoins {
            left  join LazyTableGroup (s1 : com.fabless.clothlogix.model.entities.ProdottoEntity.sezioni) {
              primaryTableReference : sezione as s1_0
            }
          }
        }
      }
    }

2024-05-17T15:11:55.332+02:00 DEBUG 4684 --- [clothlogix] [           main] o.h.p.entity.AbstractEntityPersister     : Static SQL for entity: com.fabless.clothlogix.model.entities.ProdottoEntity
2024-05-17T15:11:55.332+02:00 DEBUG 4684 --- [clothlogix] [           main] o.h.p.entity.AbstractEntityPersister     :  Version select: select id from prodotto where id=?
2024-05-17T15:11:55.332+02:00 DEBUG 4684 --- [clothlogix] [           main] o.h.p.entity.AbstractEntityPersister     :  Insert (0): insert into prodotto (codice_prodotto,descrizione,prezzo,id_sezione) values (?,?,?,?)
2024-05-17T15:11:55.332+02:00 DEBUG 4684 --- [clothlogix] [           main] o.h.p.entity.AbstractEntityPersister     :  Update (0): update prodotto set codice_prodotto=?,descrizione=?,prezzo=?,id_sezione=? where id=?
2024-05-17T15:11:55.332+02:00 DEBUG 4684 --- [clothlogix] [           main] o.h.p.entity.AbstractEntityPersister     :  Delete (0): delete from prodotto where id=?
2024-05-17T15:11:55.332+02:00 DEBUG 4684 --- [clothlogix] [           main] org.hibernate.orm.sql.ast.create         : Created new SQL alias : te1_0
2024-05-17T15:11:55.332+02:00 DEBUG 4684 --- [clothlogix] [           main] org.hibernate.orm.sql.ast.create         : Registration of TableGroup [StandardTableGroup(com.fabless.clothlogix.model.entities.TipoEntity)] with identifierForTableGroup [com.fabless.clothlogix.model.entities.TipoEntity] for NavigablePath [com.fabless.clothlogix.model.entities.TipoEntity] 
2024-05-17T15:11:55.332+02:00 TRACE 4684 --- [clothlogix] [           main] o.h.l.ast.internal.LoaderSelectBuilder   : Starting visitation of FetchParent's Fetchables : com.fabless.clothlogix.model.entities.TipoEntity
2024-05-17T15:11:55.332+02:00 DEBUG 4684 --- [clothlogix] [           main] org.hibernate.orm.results.graph.AST      : DomainResult Graph:
 \-EntityResultImpl [com.fabless.clothlogix.model.entities.TipoEntity]
 |  +-BasicFetch [com.fabless.clothlogix.model.entities.TipoEntity.descrizione]
 |  \-DelayedCollectionFetch [com.fabless.clothlogix.model.entities.TipoEntity.prodotti]

2024-05-17T15:11:55.332+02:00 TRACE 4684 --- [clothlogix] [           main] org.hibernate.orm.results.graph.AST      : Stack trace calling DomainResultGraphPrinter

java.lang.Exception: null
	at org.hibernate.sql.results.graph.DomainResultGraphPrinter.visitDomainResults(DomainResultGraphPrinter.java:70) ~[hibernate-core-6.4.4.Final.jar:6.4.4.Final]
	at org.hibernate.sql.results.graph.DomainResultGraphPrinter.logDomainResultGraph(DomainResultGraphPrinter.java:46) ~[hibernate-core-6.4.4.Final.jar:6.4.4.Final]
	at org.hibernate.sql.results.graph.DomainResultGraphPrinter.logDomainResultGraph(DomainResultGraphPrinter.java:37) ~[hibernate-core-6.4.4.Final.jar:6.4.4.Final]
	at org.hibernate.sql.ast.spi.AbstractSqlAstTranslator.translateSelect(AbstractSqlAstTranslator.java:858) ~[hibernate-core-6.4.4.Final.jar:6.4.4.Final]
	at org.hibernate.sql.ast.spi.AbstractSqlAstTranslator.translate(AbstractSqlAstTranslator.java:811) ~[hibernate-core-6.4.4.Final.jar:6.4.4.Final]
	at org.hibernate.loader.ast.internal.SingleIdLoadPlan.<init>(SingleIdLoadPlan.java:66) ~[hibernate-core-6.4.4.Final.jar:6.4.4.Final]
	at org.hibernate.loader.ast.internal.SingleIdEntityLoaderStandardImpl.createLoadPlan(SingleIdEntityLoaderStandardImpl.java:198) ~[hibernate-core-6.4.4.Final.jar:6.4.4.Final]
	at org.hibernate.loader.ast.internal.SingleIdEntityLoaderStandardImpl.lambda$new$0(SingleIdEntityLoaderStandardImpl.java:41) ~[hibernate-core-6.4.4.Final.jar:6.4.4.Final]
	at org.hibernate.loader.ast.internal.SingleIdEntityLoaderStandardImpl.<init>(SingleIdEntityLoaderStandardImpl.java:62) ~[hibernate-core-6.4.4.Final.jar:6.4.4.Final]
	at org.hibernate.loader.ast.internal.SingleIdEntityLoaderStandardImpl.<init>(SingleIdEntityLoaderStandardImpl.java:38) ~[hibernate-core-6.4.4.Final.jar:6.4.4.Final]
	at org.hibernate.persister.entity.AbstractEntityPersister.buildSingleIdEntityLoader(AbstractEntityPersister.java:864) ~[hibernate-core-6.4.4.Final.jar:6.4.4.Final]
	at org.hibernate.persister.entity.AbstractEntityPersister.buildSingleIdEntityLoader(AbstractEntityPersister.java:853) ~[hibernate-core-6.4.4.Final.jar:6.4.4.Final]
	at org.hibernate.persister.entity.AbstractEntityPersister.prepareLoaders(AbstractEntityPersister.java:3419) ~[hibernate-core-6.4.4.Final.jar:6.4.4.Final]
	at org.hibernate.metamodel.model.domain.internal.MappingMetamodelImpl.finishInitialization(MappingMetamodelImpl.java:206) ~[hibernate-core-6.4.4.Final.jar:6.4.4.Final]
	at org.hibernate.internal.SessionFactoryImpl.initializeMappingModel(SessionFactoryImpl.java:364) ~[hibernate-core-6.4.4.Final.jar:6.4.4.Final]
	at org.hibernate.internal.SessionFactoryImpl.<init>(SessionFactoryImpl.java:293) ~[hibernate-core-6.4.4.Final.jar:6.4.4.Final]
	at org.hibernate.boot.internal.SessionFactoryBuilderImpl.build(SessionFactoryBuilderImpl.java:450) ~[hibernate-core-6.4.4.Final.jar:6.4.4.Final]
	at org.hibernate.jpa.boot.internal.EntityManagerFactoryBuilderImpl.build(EntityManagerFactoryBuilderImpl.java:1507) ~[hibernate-core-6.4.4.Final.jar:6.4.4.Final]
	at org.springframework.orm.jpa.vendor.SpringHibernateJpaPersistenceProvider.createContainerEntityManagerFactory(SpringHibernateJpaPersistenceProvider.java:75) ~[spring-orm-6.1.6.jar:6.1.6]
	at org.springframework.orm.jpa.LocalContainerEntityManagerFactoryBean.createNativeEntityManagerFactory(LocalContainerEntityManagerFactoryBean.java:390) ~[spring-orm-6.1.6.jar:6.1.6]
	at org.springframework.orm.jpa.AbstractEntityManagerFactoryBean.buildNativeEntityManagerFactory(AbstractEntityManagerFactoryBean.java:409) ~[spring-orm-6.1.6.jar:6.1.6]
	at org.springframework.orm.jpa.AbstractEntityManagerFactoryBean.afterPropertiesSet(AbstractEntityManagerFactoryBean.java:396) ~[spring-orm-6.1.6.jar:6.1.6]
	at org.springframework.orm.jpa.LocalContainerEntityManagerFactoryBean.afterPropertiesSet(LocalContainerEntityManagerFactoryBean.java:366) ~[spring-orm-6.1.6.jar:6.1.6]
	at org.springframework.beans.factory.support.AbstractAutowireCapableBeanFactory.invokeInitMethods(AbstractAutowireCapableBeanFactory.java:1833) ~[spring-beans-6.1.6.jar:6.1.6]
	at org.springframework.beans.factory.support.AbstractAutowireCapableBeanFactory.initializeBean(AbstractAutowireCapableBeanFactory.java:1782) ~[spring-beans-6.1.6.jar:6.1.6]
	at org.springframework.beans.factory.support.AbstractAutowireCapableBeanFactory.doCreateBean(AbstractAutowireCapableBeanFactory.java:600) ~[spring-beans-6.1.6.jar:6.1.6]
	at org.springframework.beans.factory.support.AbstractAutowireCapableBeanFactory.createBean(AbstractAutowireCapableBeanFactory.java:522) ~[spring-beans-6.1.6.jar:6.1.6]
	at org.springframework.beans.factory.support.AbstractBeanFactory.lambda$doGetBean$0(AbstractBeanFactory.java:326) ~[spring-beans-6.1.6.jar:6.1.6]
	at org.springframework.beans.factory.support.DefaultSingletonBeanRegistry.getSingleton(DefaultSingletonBeanRegistry.java:234) ~[spring-beans-6.1.6.jar:6.1.6]
	at org.springframework.beans.factory.support.AbstractBeanFactory.doGetBean(AbstractBeanFactory.java:324) ~[spring-beans-6.1.6.jar:6.1.6]
	at org.springframework.beans.factory.support.AbstractBeanFactory.getBean(AbstractBeanFactory.java:200) ~[spring-beans-6.1.6.jar:6.1.6]
	at org.springframework.context.support.AbstractApplicationContext.getBean(AbstractApplicationContext.java:1234) ~[spring-context-6.1.6.jar:6.1.6]
	at org.springframework.context.support.AbstractApplicationContext.finishBeanFactoryInitialization(AbstractApplicationContext.java:952) ~[spring-context-6.1.6.jar:6.1.6]
	at org.springframework.context.support.AbstractApplicationContext.refresh(AbstractApplicationContext.java:624) ~[spring-context-6.1.6.jar:6.1.6]
	at org.springframework.boot.SpringApplication.refresh(SpringApplication.java:754) ~[spring-boot-3.2.5.jar:3.2.5]
	at org.springframework.boot.SpringApplication.refreshContext(SpringApplication.java:456) ~[spring-boot-3.2.5.jar:3.2.5]
	at org.springframework.boot.SpringApplication.run(SpringApplication.java:334) ~[spring-boot-3.2.5.jar:3.2.5]
	at org.springframework.boot.test.context.SpringBootContextLoader.lambda$loadContext$3(SpringBootContextLoader.java:137) ~[spring-boot-test-3.2.5.jar:3.2.5]
	at org.springframework.util.function.ThrowingSupplier.get(ThrowingSupplier.java:58) ~[spring-core-6.1.6.jar:6.1.6]
	at org.springframework.util.function.ThrowingSupplier.get(ThrowingSupplier.java:46) ~[spring-core-6.1.6.jar:6.1.6]
	at org.springframework.boot.SpringApplication.withHook(SpringApplication.java:1454) ~[spring-boot-3.2.5.jar:3.2.5]
	at org.springframework.boot.test.context.SpringBootContextLoader$ContextLoaderHook.run(SpringBootContextLoader.java:553) ~[spring-boot-test-3.2.5.jar:3.2.5]
	at org.springframework.boot.test.context.SpringBootContextLoader.loadContext(SpringBootContextLoader.java:137) ~[spring-boot-test-3.2.5.jar:3.2.5]
	at org.springframework.boot.test.context.SpringBootContextLoader.loadContext(SpringBootContextLoader.java:108) ~[spring-boot-test-3.2.5.jar:3.2.5]
	at org.springframework.test.context.cache.DefaultCacheAwareContextLoaderDelegate.loadContextInternal(DefaultCacheAwareContextLoaderDelegate.java:225) ~[spring-test-6.1.6.jar:6.1.6]
	at org.springframework.test.context.cache.DefaultCacheAwareContextLoaderDelegate.loadContext(DefaultCacheAwareContextLoaderDelegate.java:152) ~[spring-test-6.1.6.jar:6.1.6]
	at org.springframework.test.context.support.DefaultTestContext.getApplicationContext(DefaultTestContext.java:130) ~[spring-test-6.1.6.jar:6.1.6]
	at org.springframework.test.context.web.ServletTestExecutionListener.setUpRequestContextIfNecessary(ServletTestExecutionListener.java:191) ~[spring-test-6.1.6.jar:6.1.6]
	at org.springframework.test.context.web.ServletTestExecutionListener.prepareTestInstance(ServletTestExecutionListener.java:130) ~[spring-test-6.1.6.jar:6.1.6]
	at org.springframework.test.context.TestContextManager.prepareTestInstance(TestContextManager.java:260) ~[spring-test-6.1.6.jar:6.1.6]
	at org.springframework.test.context.junit.jupiter.SpringExtension.postProcessTestInstance(SpringExtension.java:163) ~[spring-test-6.1.6.jar:6.1.6]
	at org.junit.jupiter.engine.descriptor.ClassBasedTestDescriptor.lambda$invokeTestInstancePostProcessors$10(ClassBasedTestDescriptor.java:378) ~[junit-jupiter-engine-5.10.2.jar:5.10.2]
	at org.junit.jupiter.engine.descriptor.ClassBasedTestDescriptor.executeAndMaskThrowable(ClassBasedTestDescriptor.java:383) ~[junit-jupiter-engine-5.10.2.jar:5.10.2]
	at org.junit.jupiter.engine.descriptor.ClassBasedTestDescriptor.lambda$invokeTestInstancePostProcessors$11(ClassBasedTestDescriptor.java:378) ~[junit-jupiter-engine-5.10.2.jar:5.10.2]
	at java.base/java.util.stream.ReferencePipeline$3$1.accept(ReferencePipeline.java:197) ~[na:na]
	at java.base/java.util.stream.ReferencePipeline$2$1.accept(ReferencePipeline.java:179) ~[na:na]
	at java.base/java.util.ArrayList$ArrayListSpliterator.forEachRemaining(ArrayList.java:1625) ~[na:na]
	at java.base/java.util.stream.AbstractPipeline.copyInto(AbstractPipeline.java:509) ~[na:na]
	at java.base/java.util.stream.AbstractPipeline.wrapAndCopyInto(AbstractPipeline.java:499) ~[na:na]
	at java.base/java.util.stream.StreamSpliterators$WrappingSpliterator.forEachRemaining(StreamSpliterators.java:310) ~[na:na]
	at java.base/java.util.stream.Streams$ConcatSpliterator.forEachRemaining(Streams.java:735) ~[na:na]
	at java.base/java.util.stream.Streams$ConcatSpliterator.forEachRemaining(Streams.java:734) ~[na:na]
	at java.base/java.util.stream.ReferencePipeline$Head.forEach(ReferencePipeline.java:762) ~[na:na]
	at org.junit.jupiter.engine.descriptor.ClassBasedTestDescriptor.invokeTestInstancePostProcessors(ClassBasedTestDescriptor.java:377) ~[junit-jupiter-engine-5.10.2.jar:5.10.2]
	at org.junit.jupiter.engine.descriptor.ClassBasedTestDescriptor.lambda$instantiateAndPostProcessTestInstance$6(ClassBasedTestDescriptor.java:290) ~[junit-jupiter-engine-5.10.2.jar:5.10.2]
	at org.junit.platform.engine.support.hierarchical.ThrowableCollector.execute(ThrowableCollector.java:73) ~[junit-platform-engine-1.10.2.jar:1.10.2]
	at org.junit.jupiter.engine.descriptor.ClassBasedTestDescriptor.instantiateAndPostProcessTestInstance(ClassBasedTestDescriptor.java:289) ~[junit-jupiter-engine-5.10.2.jar:5.10.2]
	at org.junit.jupiter.engine.descriptor.ClassBasedTestDescriptor.lambda$testInstancesProvider$4(ClassBasedTestDescriptor.java:279) ~[junit-jupiter-engine-5.10.2.jar:5.10.2]
	at java.base/java.util.Optional.orElseGet(Optional.java:364) ~[na:na]
	at org.junit.jupiter.engine.descriptor.ClassBasedTestDescriptor.lambda$testInstancesProvider$5(ClassBasedTestDescriptor.java:278) ~[junit-jupiter-engine-5.10.2.jar:5.10.2]
	at org.junit.jupiter.engine.execution.TestInstancesProvider.getTestInstances(TestInstancesProvider.java:31) ~[junit-jupiter-engine-5.10.2.jar:5.10.2]
	at org.junit.jupiter.engine.descriptor.TestMethodTestDescriptor.lambda$prepare$0(TestMethodTestDescriptor.java:106) ~[junit-jupiter-engine-5.10.2.jar:5.10.2]
	at org.junit.platform.engine.support.hierarchical.ThrowableCollector.execute(ThrowableCollector.java:73) ~[junit-platform-engine-1.10.2.jar:1.10.2]
	at org.junit.jupiter.engine.descriptor.TestMethodTestDescriptor.prepare(TestMethodTestDescriptor.java:105) ~[junit-jupiter-engine-5.10.2.jar:5.10.2]
	at org.junit.jupiter.engine.descriptor.TestMethodTestDescriptor.prepare(TestMethodTestDescriptor.java:69) ~[junit-jupiter-engine-5.10.2.jar:5.10.2]
	at org.junit.platform.engine.support.hierarchical.NodeTestTask.lambda$prepare$2(NodeTestTask.java:123) ~[junit-platform-engine-1.10.2.jar:1.10.2]
	at org.junit.platform.engine.support.hierarchical.ThrowableCollector.execute(ThrowableCollector.java:73) ~[junit-platform-engine-1.10.2.jar:1.10.2]
	at org.junit.platform.engine.support.hierarchical.NodeTestTask.prepare(NodeTestTask.java:123) ~[junit-platform-engine-1.10.2.jar:1.10.2]
	at org.junit.platform.engine.support.hierarchical.NodeTestTask.execute(NodeTestTask.java:90) ~[junit-platform-engine-1.10.2.jar:1.10.2]
	at java.base/java.util.ArrayList.forEach(ArrayList.java:1511) ~[na:na]
	at org.junit.platform.engine.support.hierarchical.SameThreadHierarchicalTestExecutorService.invokeAll(SameThreadHierarchicalTestExecutorService.java:41) ~[junit-platform-engine-1.10.2.jar:1.10.2]
	at org.junit.platform.engine.support.hierarchical.NodeTestTask.lambda$executeRecursively$6(NodeTestTask.java:155) ~[junit-platform-engine-1.10.2.jar:1.10.2]
	at org.junit.platform.engine.support.hierarchical.ThrowableCollector.execute(ThrowableCollector.java:73) ~[junit-platform-engine-1.10.2.jar:1.10.2]
	at org.junit.platform.engine.support.hierarchical.NodeTestTask.lambda$executeRecursively$8(NodeTestTask.java:141) ~[junit-platform-engine-1.10.2.jar:1.10.2]
	at org.junit.platform.engine.support.hierarchical.Node.around(Node.java:137) ~[junit-platform-engine-1.10.2.jar:1.10.2]
	at org.junit.platform.engine.support.hierarchical.NodeTestTask.lambda$executeRecursively$9(NodeTestTask.java:139) ~[junit-platform-engine-1.10.2.jar:1.10.2]
	at org.junit.platform.engine.support.hierarchical.ThrowableCollector.execute(ThrowableCollector.java:73) ~[junit-platform-engine-1.10.2.jar:1.10.2]
	at org.junit.platform.engine.support.hierarchical.NodeTestTask.executeRecursively(NodeTestTask.java:138) ~[junit-platform-engine-1.10.2.jar:1.10.2]
	at org.junit.platform.engine.support.hierarchical.NodeTestTask.execute(NodeTestTask.java:95) ~[junit-platform-engine-1.10.2.jar:1.10.2]
	at java.base/java.util.ArrayList.forEach(ArrayList.java:1511) ~[na:na]
	at org.junit.platform.engine.support.hierarchical.SameThreadHierarchicalTestExecutorService.invokeAll(SameThreadHierarchicalTestExecutorService.java:41) ~[junit-platform-engine-1.10.2.jar:1.10.2]
	at org.junit.platform.engine.support.hierarchical.NodeTestTask.lambda$executeRecursively$6(NodeTestTask.java:155) ~[junit-platform-engine-1.10.2.jar:1.10.2]
	at org.junit.platform.engine.support.hierarchical.ThrowableCollector.execute(ThrowableCollector.java:73) ~[junit-platform-engine-1.10.2.jar:1.10.2]
	at org.junit.platform.engine.support.hierarchical.NodeTestTask.lambda$executeRecursively$8(NodeTestTask.java:141) ~[junit-platform-engine-1.10.2.jar:1.10.2]
	at org.junit.platform.engine.support.hierarchical.Node.around(Node.java:137) ~[junit-platform-engine-1.10.2.jar:1.10.2]
	at org.junit.platform.engine.support.hierarchical.NodeTestTask.lambda$executeRecursively$9(NodeTestTask.java:139) ~[junit-platform-engine-1.10.2.jar:1.10.2]
	at org.junit.platform.engine.support.hierarchical.ThrowableCollector.execute(ThrowableCollector.java:73) ~[junit-platform-engine-1.10.2.jar:1.10.2]
	at org.junit.platform.engine.support.hierarchical.NodeTestTask.executeRecursively(NodeTestTask.java:138) ~[junit-platform-engine-1.10.2.jar:1.10.2]
	at org.junit.platform.engine.support.hierarchical.NodeTestTask.execute(NodeTestTask.java:95) ~[junit-platform-engine-1.10.2.jar:1.10.2]
	at org.junit.platform.engine.support.hierarchical.SameThreadHierarchicalTestExecutorService.submit(SameThreadHierarchicalTestExecutorService.java:35) ~[junit-platform-engine-1.10.2.jar:1.10.2]
	at org.junit.platform.engine.support.hierarchical.HierarchicalTestExecutor.execute(HierarchicalTestExecutor.java:57) ~[junit-platform-engine-1.10.2.jar:1.10.2]
	at org.junit.platform.engine.support.hierarchical.HierarchicalTestEngine.execute(HierarchicalTestEngine.java:54) ~[junit-platform-engine-1.10.2.jar:1.10.2]
	at org.junit.platform.launcher.core.EngineExecutionOrchestrator.execute(EngineExecutionOrchestrator.java:198) ~[junit-platform-launcher-1.10.2.jar:1.10.2]
	at org.junit.platform.launcher.core.EngineExecutionOrchestrator.execute(EngineExecutionOrchestrator.java:169) ~[junit-platform-launcher-1.10.2.jar:1.10.2]
	at org.junit.platform.launcher.core.EngineExecutionOrchestrator.execute(EngineExecutionOrchestrator.java:93) ~[junit-platform-launcher-1.10.2.jar:1.10.2]
	at org.junit.platform.launcher.core.EngineExecutionOrchestrator.lambda$execute$0(EngineExecutionOrchestrator.java:58) ~[junit-platform-launcher-1.10.2.jar:1.10.2]
	at org.junit.platform.launcher.core.EngineExecutionOrchestrator.withInterceptedStreams(EngineExecutionOrchestrator.java:141) ~[junit-platform-launcher-1.10.2.jar:1.10.2]
	at org.junit.platform.launcher.core.EngineExecutionOrchestrator.execute(EngineExecutionOrchestrator.java:57) ~[junit-platform-launcher-1.10.2.jar:1.10.2]
	at org.junit.platform.launcher.core.DefaultLauncher.execute(DefaultLauncher.java:103) ~[junit-platform-launcher-1.10.2.jar:1.10.2]
	at org.junit.platform.launcher.core.DefaultLauncher.execute(DefaultLauncher.java:85) ~[junit-platform-launcher-1.10.2.jar:1.10.2]
	at org.junit.platform.launcher.core.DelegatingLauncher.execute(DelegatingLauncher.java:47) ~[junit-platform-launcher-1.10.2.jar:1.10.2]
	at org.apache.maven.surefire.junitplatform.LazyLauncher.execute(LazyLauncher.java:56) ~[surefire-junit-platform-3.1.2.jar:3.1.2]
	at org.apache.maven.surefire.junitplatform.JUnitPlatformProvider.execute(JUnitPlatformProvider.java:184) ~[surefire-junit-platform-3.1.2.jar:3.1.2]
	at org.apache.maven.surefire.junitplatform.JUnitPlatformProvider.invokeAllTests(JUnitPlatformProvider.java:148) ~[surefire-junit-platform-3.1.2.jar:3.1.2]
	at org.apache.maven.surefire.junitplatform.JUnitPlatformProvider.invoke(JUnitPlatformProvider.java:122) ~[surefire-junit-platform-3.1.2.jar:3.1.2]
	at org.apache.maven.surefire.booter.ForkedBooter.runSuitesInProcess(ForkedBooter.java:385) ~[surefire-booter-3.1.2.jar:3.1.2]
	at org.apache.maven.surefire.booter.ForkedBooter.execute(ForkedBooter.java:162) ~[surefire-booter-3.1.2.jar:3.1.2]
	at org.apache.maven.surefire.booter.ForkedBooter.run(ForkedBooter.java:507) ~[surefire-booter-3.1.2.jar:3.1.2]
	at org.apache.maven.surefire.booter.ForkedBooter.main(ForkedBooter.java:495) ~[surefire-booter-3.1.2.jar:3.1.2]

2024-05-17T15:11:55.332+02:00 DEBUG 4684 --- [clothlogix] [           main] org.hibernate.orm.sql.ast.tree           : SQL AST Tree:
    SelectStatement {
      FromClause {
        StandardTableGroup (te1 : com.fabless.clothlogix.model.entities.TipoEntity) {
          primaryTableReference : tipo as te1_0
        }
      }
    }

2024-05-17T15:11:55.332+02:00 DEBUG 4684 --- [clothlogix] [           main] o.h.p.entity.AbstractEntityPersister     : Static SQL for entity: com.fabless.clothlogix.model.entities.TipoEntity
2024-05-17T15:11:55.332+02:00 DEBUG 4684 --- [clothlogix] [           main] o.h.p.entity.AbstractEntityPersister     :  Version select: select id from tipo where id=?
2024-05-17T15:11:55.332+02:00 DEBUG 4684 --- [clothlogix] [           main] o.h.p.entity.AbstractEntityPersister     :  Insert (0): insert into tipo (descrizione) values (?)
2024-05-17T15:11:55.332+02:00 DEBUG 4684 --- [clothlogix] [           main] o.h.p.entity.AbstractEntityPersister     :  Update (0): update tipo set descrizione=? where id=?
2024-05-17T15:11:55.332+02:00 DEBUG 4684 --- [clothlogix] [           main] o.h.p.entity.AbstractEntityPersister     :  Delete (0): delete from tipo where id=?
2024-05-17T15:11:55.332+02:00 DEBUG 4684 --- [clothlogix] [           main] org.hibernate.orm.sql.ast.create         : Created new SQL alias : se1_0
2024-05-17T15:11:55.332+02:00 DEBUG 4684 --- [clothlogix] [           main] org.hibernate.orm.sql.ast.create         : Registration of TableGroup [StandardTableGroup(com.fabless.clothlogix.model.entities.SezioneEntity)] with identifierForTableGroup [com.fabless.clothlogix.model.entities.SezioneEntity] for NavigablePath [com.fabless.clothlogix.model.entities.SezioneEntity] 
2024-05-17T15:11:55.332+02:00 TRACE 4684 --- [clothlogix] [           main] o.h.l.ast.internal.LoaderSelectBuilder   : Starting visitation of FetchParent's Fetchables : com.fabless.clothlogix.model.entities.SezioneEntity
2024-05-17T15:11:55.332+02:00 DEBUG 4684 --- [clothlogix] [           main] org.hibernate.orm.results.graph.AST      : DomainResult Graph:
 \-EntityResultImpl [com.fabless.clothlogix.model.entities.SezioneEntity]
 |  +-BasicFetch [com.fabless.clothlogix.model.entities.SezioneEntity.fila]
 |  +-DelayedCollectionFetch [com.fabless.clothlogix.model.entities.SezioneEntity.prodotti]
 |  \-BasicFetch [com.fabless.clothlogix.model.entities.SezioneEntity.scaffale]

2024-05-17T15:11:55.332+02:00 TRACE 4684 --- [clothlogix] [           main] org.hibernate.orm.results.graph.AST      : Stack trace calling DomainResultGraphPrinter

java.lang.Exception: null
	at org.hibernate.sql.results.graph.DomainResultGraphPrinter.visitDomainResults(DomainResultGraphPrinter.java:70) ~[hibernate-core-6.4.4.Final.jar:6.4.4.Final]
	at org.hibernate.sql.results.graph.DomainResultGraphPrinter.logDomainResultGraph(DomainResultGraphPrinter.java:46) ~[hibernate-core-6.4.4.Final.jar:6.4.4.Final]
	at org.hibernate.sql.results.graph.DomainResultGraphPrinter.logDomainResultGraph(DomainResultGraphPrinter.java:37) ~[hibernate-core-6.4.4.Final.jar:6.4.4.Final]
	at org.hibernate.sql.ast.spi.AbstractSqlAstTranslator.translateSelect(AbstractSqlAstTranslator.java:858) ~[hibernate-core-6.4.4.Final.jar:6.4.4.Final]
	at org.hibernate.sql.ast.spi.AbstractSqlAstTranslator.translate(AbstractSqlAstTranslator.java:811) ~[hibernate-core-6.4.4.Final.jar:6.4.4.Final]
	at org.hibernate.loader.ast.internal.SingleIdLoadPlan.<init>(SingleIdLoadPlan.java:66) ~[hibernate-core-6.4.4.Final.jar:6.4.4.Final]
	at org.hibernate.loader.ast.internal.SingleIdEntityLoaderStandardImpl.createLoadPlan(SingleIdEntityLoaderStandardImpl.java:198) ~[hibernate-core-6.4.4.Final.jar:6.4.4.Final]
	at org.hibernate.loader.ast.internal.SingleIdEntityLoaderStandardImpl.lambda$new$0(SingleIdEntityLoaderStandardImpl.java:41) ~[hibernate-core-6.4.4.Final.jar:6.4.4.Final]
	at org.hibernate.loader.ast.internal.SingleIdEntityLoaderStandardImpl.<init>(SingleIdEntityLoaderStandardImpl.java:62) ~[hibernate-core-6.4.4.Final.jar:6.4.4.Final]
	at org.hibernate.loader.ast.internal.SingleIdEntityLoaderStandardImpl.<init>(SingleIdEntityLoaderStandardImpl.java:38) ~[hibernate-core-6.4.4.Final.jar:6.4.4.Final]
	at org.hibernate.persister.entity.AbstractEntityPersister.buildSingleIdEntityLoader(AbstractEntityPersister.java:864) ~[hibernate-core-6.4.4.Final.jar:6.4.4.Final]
	at org.hibernate.persister.entity.AbstractEntityPersister.buildSingleIdEntityLoader(AbstractEntityPersister.java:853) ~[hibernate-core-6.4.4.Final.jar:6.4.4.Final]
	at org.hibernate.persister.entity.AbstractEntityPersister.prepareLoaders(AbstractEntityPersister.java:3419) ~[hibernate-core-6.4.4.Final.jar:6.4.4.Final]
	at org.hibernate.metamodel.model.domain.internal.MappingMetamodelImpl.finishInitialization(MappingMetamodelImpl.java:206) ~[hibernate-core-6.4.4.Final.jar:6.4.4.Final]
	at org.hibernate.internal.SessionFactoryImpl.initializeMappingModel(SessionFactoryImpl.java:364) ~[hibernate-core-6.4.4.Final.jar:6.4.4.Final]
	at org.hibernate.internal.SessionFactoryImpl.<init>(SessionFactoryImpl.java:293) ~[hibernate-core-6.4.4.Final.jar:6.4.4.Final]
	at org.hibernate.boot.internal.SessionFactoryBuilderImpl.build(SessionFactoryBuilderImpl.java:450) ~[hibernate-core-6.4.4.Final.jar:6.4.4.Final]
	at org.hibernate.jpa.boot.internal.EntityManagerFactoryBuilderImpl.build(EntityManagerFactoryBuilderImpl.java:1507) ~[hibernate-core-6.4.4.Final.jar:6.4.4.Final]
	at org.springframework.orm.jpa.vendor.SpringHibernateJpaPersistenceProvider.createContainerEntityManagerFactory(SpringHibernateJpaPersistenceProvider.java:75) ~[spring-orm-6.1.6.jar:6.1.6]
	at org.springframework.orm.jpa.LocalContainerEntityManagerFactoryBean.createNativeEntityManagerFactory(LocalContainerEntityManagerFactoryBean.java:390) ~[spring-orm-6.1.6.jar:6.1.6]
	at org.springframework.orm.jpa.AbstractEntityManagerFactoryBean.buildNativeEntityManagerFactory(AbstractEntityManagerFactoryBean.java:409) ~[spring-orm-6.1.6.jar:6.1.6]
	at org.springframework.orm.jpa.AbstractEntityManagerFactoryBean.afterPropertiesSet(AbstractEntityManagerFactoryBean.java:396) ~[spring-orm-6.1.6.jar:6.1.6]
	at org.springframework.orm.jpa.LocalContainerEntityManagerFactoryBean.afterPropertiesSet(LocalContainerEntityManagerFactoryBean.java:366) ~[spring-orm-6.1.6.jar:6.1.6]
	at org.springframework.beans.factory.support.AbstractAutowireCapableBeanFactory.invokeInitMethods(AbstractAutowireCapableBeanFactory.java:1833) ~[spring-beans-6.1.6.jar:6.1.6]
	at org.springframework.beans.factory.support.AbstractAutowireCapableBeanFactory.initializeBean(AbstractAutowireCapableBeanFactory.java:1782) ~[spring-beans-6.1.6.jar:6.1.6]
	at org.springframework.beans.factory.support.AbstractAutowireCapableBeanFactory.doCreateBean(AbstractAutowireCapableBeanFactory.java:600) ~[spring-beans-6.1.6.jar:6.1.6]
	at org.springframework.beans.factory.support.AbstractAutowireCapableBeanFactory.createBean(AbstractAutowireCapableBeanFactory.java:522) ~[spring-beans-6.1.6.jar:6.1.6]
	at org.springframework.beans.factory.support.AbstractBeanFactory.lambda$doGetBean$0(AbstractBeanFactory.java:326) ~[spring-beans-6.1.6.jar:6.1.6]
	at org.springframework.beans.factory.support.DefaultSingletonBeanRegistry.getSingleton(DefaultSingletonBeanRegistry.java:234) ~[spring-beans-6.1.6.jar:6.1.6]
	at org.springframework.beans.factory.support.AbstractBeanFactory.doGetBean(AbstractBeanFactory.java:324) ~[spring-beans-6.1.6.jar:6.1.6]
	at org.springframework.beans.factory.support.AbstractBeanFactory.getBean(AbstractBeanFactory.java:200) ~[spring-beans-6.1.6.jar:6.1.6]
	at org.springframework.context.support.AbstractApplicationContext.getBean(AbstractApplicationContext.java:1234) ~[spring-context-6.1.6.jar:6.1.6]
	at org.springframework.context.support.AbstractApplicationContext.finishBeanFactoryInitialization(AbstractApplicationContext.java:952) ~[spring-context-6.1.6.jar:6.1.6]
	at org.springframework.context.support.AbstractApplicationContext.refresh(AbstractApplicationContext.java:624) ~[spring-context-6.1.6.jar:6.1.6]
	at org.springframework.boot.SpringApplication.refresh(SpringApplication.java:754) ~[spring-boot-3.2.5.jar:3.2.5]
	at org.springframework.boot.SpringApplication.refreshContext(SpringApplication.java:456) ~[spring-boot-3.2.5.jar:3.2.5]
	at org.springframework.boot.SpringApplication.run(SpringApplication.java:334) ~[spring-boot-3.2.5.jar:3.2.5]
	at org.springframework.boot.test.context.SpringBootContextLoader.lambda$loadContext$3(SpringBootContextLoader.java:137) ~[spring-boot-test-3.2.5.jar:3.2.5]
	at org.springframework.util.function.ThrowingSupplier.get(ThrowingSupplier.java:58) ~[spring-core-6.1.6.jar:6.1.6]
	at org.springframework.util.function.ThrowingSupplier.get(ThrowingSupplier.java:46) ~[spring-core-6.1.6.jar:6.1.6]
	at org.springframework.boot.SpringApplication.withHook(SpringApplication.java:1454) ~[spring-boot-3.2.5.jar:3.2.5]
	at org.springframework.boot.test.context.SpringBootContextLoader$ContextLoaderHook.run(SpringBootContextLoader.java:553) ~[spring-boot-test-3.2.5.jar:3.2.5]
	at org.springframework.boot.test.context.SpringBootContextLoader.loadContext(SpringBootContextLoader.java:137) ~[spring-boot-test-3.2.5.jar:3.2.5]
	at org.springframework.boot.test.context.SpringBootContextLoader.loadContext(SpringBootContextLoader.java:108) ~[spring-boot-test-3.2.5.jar:3.2.5]
	at org.springframework.test.context.cache.DefaultCacheAwareContextLoaderDelegate.loadContextInternal(DefaultCacheAwareContextLoaderDelegate.java:225) ~[spring-test-6.1.6.jar:6.1.6]
	at org.springframework.test.context.cache.DefaultCacheAwareContextLoaderDelegate.loadContext(DefaultCacheAwareContextLoaderDelegate.java:152) ~[spring-test-6.1.6.jar:6.1.6]
	at org.springframework.test.context.support.DefaultTestContext.getApplicationContext(DefaultTestContext.java:130) ~[spring-test-6.1.6.jar:6.1.6]
	at org.springframework.test.context.web.ServletTestExecutionListener.setUpRequestContextIfNecessary(ServletTestExecutionListener.java:191) ~[spring-test-6.1.6.jar:6.1.6]
	at org.springframework.test.context.web.ServletTestExecutionListener.prepareTestInstance(ServletTestExecutionListener.java:130) ~[spring-test-6.1.6.jar:6.1.6]
	at org.springframework.test.context.TestContextManager.prepareTestInstance(TestContextManager.java:260) ~[spring-test-6.1.6.jar:6.1.6]
	at org.springframework.test.context.junit.jupiter.SpringExtension.postProcessTestInstance(SpringExtension.java:163) ~[spring-test-6.1.6.jar:6.1.6]
	at org.junit.jupiter.engine.descriptor.ClassBasedTestDescriptor.lambda$invokeTestInstancePostProcessors$10(ClassBasedTestDescriptor.java:378) ~[junit-jupiter-engine-5.10.2.jar:5.10.2]
	at org.junit.jupiter.engine.descriptor.ClassBasedTestDescriptor.executeAndMaskThrowable(ClassBasedTestDescriptor.java:383) ~[junit-jupiter-engine-5.10.2.jar:5.10.2]
	at org.junit.jupiter.engine.descriptor.ClassBasedTestDescriptor.lambda$invokeTestInstancePostProcessors$11(ClassBasedTestDescriptor.java:378) ~[junit-jupiter-engine-5.10.2.jar:5.10.2]
	at java.base/java.util.stream.ReferencePipeline$3$1.accept(ReferencePipeline.java:197) ~[na:na]
	at java.base/java.util.stream.ReferencePipeline$2$1.accept(ReferencePipeline.java:179) ~[na:na]
	at java.base/java.util.ArrayList$ArrayListSpliterator.forEachRemaining(ArrayList.java:1625) ~[na:na]
	at java.base/java.util.stream.AbstractPipeline.copyInto(AbstractPipeline.java:509) ~[na:na]
	at java.base/java.util.stream.AbstractPipeline.wrapAndCopyInto(AbstractPipeline.java:499) ~[na:na]
	at java.base/java.util.stream.StreamSpliterators$WrappingSpliterator.forEachRemaining(StreamSpliterators.java:310) ~[na:na]
	at java.base/java.util.stream.Streams$ConcatSpliterator.forEachRemaining(Streams.java:735) ~[na:na]
	at java.base/java.util.stream.Streams$ConcatSpliterator.forEachRemaining(Streams.java:734) ~[na:na]
	at java.base/java.util.stream.ReferencePipeline$Head.forEach(ReferencePipeline.java:762) ~[na:na]
	at org.junit.jupiter.engine.descriptor.ClassBasedTestDescriptor.invokeTestInstancePostProcessors(ClassBasedTestDescriptor.java:377) ~[junit-jupiter-engine-5.10.2.jar:5.10.2]
	at org.junit.jupiter.engine.descriptor.ClassBasedTestDescriptor.lambda$instantiateAndPostProcessTestInstance$6(ClassBasedTestDescriptor.java:290) ~[junit-jupiter-engine-5.10.2.jar:5.10.2]
	at org.junit.platform.engine.support.hierarchical.ThrowableCollector.execute(ThrowableCollector.java:73) ~[junit-platform-engine-1.10.2.jar:1.10.2]
	at org.junit.jupiter.engine.descriptor.ClassBasedTestDescriptor.instantiateAndPostProcessTestInstance(ClassBasedTestDescriptor.java:289) ~[junit-jupiter-engine-5.10.2.jar:5.10.2]
	at org.junit.jupiter.engine.descriptor.ClassBasedTestDescriptor.lambda$testInstancesProvider$4(ClassBasedTestDescriptor.java:279) ~[junit-jupiter-engine-5.10.2.jar:5.10.2]
	at java.base/java.util.Optional.orElseGet(Optional.java:364) ~[na:na]
	at org.junit.jupiter.engine.descriptor.ClassBasedTestDescriptor.lambda$testInstancesProvider$5(ClassBasedTestDescriptor.java:278) ~[junit-jupiter-engine-5.10.2.jar:5.10.2]
	at org.junit.jupiter.engine.execution.TestInstancesProvider.getTestInstances(TestInstancesProvider.java:31) ~[junit-jupiter-engine-5.10.2.jar:5.10.2]
	at org.junit.jupiter.engine.descriptor.TestMethodTestDescriptor.lambda$prepare$0(TestMethodTestDescriptor.java:106) ~[junit-jupiter-engine-5.10.2.jar:5.10.2]
	at org.junit.platform.engine.support.hierarchical.ThrowableCollector.execute(ThrowableCollector.java:73) ~[junit-platform-engine-1.10.2.jar:1.10.2]
	at org.junit.jupiter.engine.descriptor.TestMethodTestDescriptor.prepare(TestMethodTestDescriptor.java:105) ~[junit-jupiter-engine-5.10.2.jar:5.10.2]
	at org.junit.jupiter.engine.descriptor.TestMethodTestDescriptor.prepare(TestMethodTestDescriptor.java:69) ~[junit-jupiter-engine-5.10.2.jar:5.10.2]
	at org.junit.platform.engine.support.hierarchical.NodeTestTask.lambda$prepare$2(NodeTestTask.java:123) ~[junit-platform-engine-1.10.2.jar:1.10.2]
	at org.junit.platform.engine.support.hierarchical.ThrowableCollector.execute(ThrowableCollector.java:73) ~[junit-platform-engine-1.10.2.jar:1.10.2]
	at org.junit.platform.engine.support.hierarchical.NodeTestTask.prepare(NodeTestTask.java:123) ~[junit-platform-engine-1.10.2.jar:1.10.2]
	at org.junit.platform.engine.support.hierarchical.NodeTestTask.execute(NodeTestTask.java:90) ~[junit-platform-engine-1.10.2.jar:1.10.2]
	at java.base/java.util.ArrayList.forEach(ArrayList.java:1511) ~[na:na]
	at org.junit.platform.engine.support.hierarchical.SameThreadHierarchicalTestExecutorService.invokeAll(SameThreadHierarchicalTestExecutorService.java:41) ~[junit-platform-engine-1.10.2.jar:1.10.2]
	at org.junit.platform.engine.support.hierarchical.NodeTestTask.lambda$executeRecursively$6(NodeTestTask.java:155) ~[junit-platform-engine-1.10.2.jar:1.10.2]
	at org.junit.platform.engine.support.hierarchical.ThrowableCollector.execute(ThrowableCollector.java:73) ~[junit-platform-engine-1.10.2.jar:1.10.2]
	at org.junit.platform.engine.support.hierarchical.NodeTestTask.lambda$executeRecursively$8(NodeTestTask.java:141) ~[junit-platform-engine-1.10.2.jar:1.10.2]
	at org.junit.platform.engine.support.hierarchical.Node.around(Node.java:137) ~[junit-platform-engine-1.10.2.jar:1.10.2]
	at org.junit.platform.engine.support.hierarchical.NodeTestTask.lambda$executeRecursively$9(NodeTestTask.java:139) ~[junit-platform-engine-1.10.2.jar:1.10.2]
	at org.junit.platform.engine.support.hierarchical.ThrowableCollector.execute(ThrowableCollector.java:73) ~[junit-platform-engine-1.10.2.jar:1.10.2]
	at org.junit.platform.engine.support.hierarchical.NodeTestTask.executeRecursively(NodeTestTask.java:138) ~[junit-platform-engine-1.10.2.jar:1.10.2]
	at org.junit.platform.engine.support.hierarchical.NodeTestTask.execute(NodeTestTask.java:95) ~[junit-platform-engine-1.10.2.jar:1.10.2]
	at java.base/java.util.ArrayList.forEach(ArrayList.java:1511) ~[na:na]
	at org.junit.platform.engine.support.hierarchical.SameThreadHierarchicalTestExecutorService.invokeAll(SameThreadHierarchicalTestExecutorService.java:41) ~[junit-platform-engine-1.10.2.jar:1.10.2]
	at org.junit.platform.engine.support.hierarchical.NodeTestTask.lambda$executeRecursively$6(NodeTestTask.java:155) ~[junit-platform-engine-1.10.2.jar:1.10.2]
	at org.junit.platform.engine.support.hierarchical.ThrowableCollector.execute(ThrowableCollector.java:73) ~[junit-platform-engine-1.10.2.jar:1.10.2]
	at org.junit.platform.engine.support.hierarchical.NodeTestTask.lambda$executeRecursively$8(NodeTestTask.java:141) ~[junit-platform-engine-1.10.2.jar:1.10.2]
	at org.junit.platform.engine.support.hierarchical.Node.around(Node.java:137) ~[junit-platform-engine-1.10.2.jar:1.10.2]
	at org.junit.platform.engine.support.hierarchical.NodeTestTask.lambda$executeRecursively$9(NodeTestTask.java:139) ~[junit-platform-engine-1.10.2.jar:1.10.2]
	at org.junit.platform.engine.support.hierarchical.ThrowableCollector.execute(ThrowableCollector.java:73) ~[junit-platform-engine-1.10.2.jar:1.10.2]
	at org.junit.platform.engine.support.hierarchical.NodeTestTask.executeRecursively(NodeTestTask.java:138) ~[junit-platform-engine-1.10.2.jar:1.10.2]
	at org.junit.platform.engine.support.hierarchical.NodeTestTask.execute(NodeTestTask.java:95) ~[junit-platform-engine-1.10.2.jar:1.10.2]
	at org.junit.platform.engine.support.hierarchical.SameThreadHierarchicalTestExecutorService.submit(SameThreadHierarchicalTestExecutorService.java:35) ~[junit-platform-engine-1.10.2.jar:1.10.2]
	at org.junit.platform.engine.support.hierarchical.HierarchicalTestExecutor.execute(HierarchicalTestExecutor.java:57) ~[junit-platform-engine-1.10.2.jar:1.10.2]
	at org.junit.platform.engine.support.hierarchical.HierarchicalTestEngine.execute(HierarchicalTestEngine.java:54) ~[junit-platform-engine-1.10.2.jar:1.10.2]
	at org.junit.platform.launcher.core.EngineExecutionOrchestrator.execute(EngineExecutionOrchestrator.java:198) ~[junit-platform-launcher-1.10.2.jar:1.10.2]
	at org.junit.platform.launcher.core.EngineExecutionOrchestrator.execute(EngineExecutionOrchestrator.java:169) ~[junit-platform-launcher-1.10.2.jar:1.10.2]
	at org.junit.platform.launcher.core.EngineExecutionOrchestrator.execute(EngineExecutionOrchestrator.java:93) ~[junit-platform-launcher-1.10.2.jar:1.10.2]
	at org.junit.platform.launcher.core.EngineExecutionOrchestrator.lambda$execute$0(EngineExecutionOrchestrator.java:58) ~[junit-platform-launcher-1.10.2.jar:1.10.2]
	at org.junit.platform.launcher.core.EngineExecutionOrchestrator.withInterceptedStreams(EngineExecutionOrchestrator.java:141) ~[junit-platform-launcher-1.10.2.jar:1.10.2]
	at org.junit.platform.launcher.core.EngineExecutionOrchestrator.execute(EngineExecutionOrchestrator.java:57) ~[junit-platform-launcher-1.10.2.jar:1.10.2]
	at org.junit.platform.launcher.core.DefaultLauncher.execute(DefaultLauncher.java:103) ~[junit-platform-launcher-1.10.2.jar:1.10.2]
	at org.junit.platform.launcher.core.DefaultLauncher.execute(DefaultLauncher.java:85) ~[junit-platform-launcher-1.10.2.jar:1.10.2]
	at org.junit.platform.launcher.core.DelegatingLauncher.execute(DelegatingLauncher.java:47) ~[junit-platform-launcher-1.10.2.jar:1.10.2]
	at org.apache.maven.surefire.junitplatform.LazyLauncher.execute(LazyLauncher.java:56) ~[surefire-junit-platform-3.1.2.jar:3.1.2]
	at org.apache.maven.surefire.junitplatform.JUnitPlatformProvider.execute(JUnitPlatformProvider.java:184) ~[surefire-junit-platform-3.1.2.jar:3.1.2]
	at org.apache.maven.surefire.junitplatform.JUnitPlatformProvider.invokeAllTests(JUnitPlatformProvider.java:148) ~[surefire-junit-platform-3.1.2.jar:3.1.2]
	at org.apache.maven.surefire.junitplatform.JUnitPlatformProvider.invoke(JUnitPlatformProvider.java:122) ~[surefire-junit-platform-3.1.2.jar:3.1.2]
	at org.apache.maven.surefire.booter.ForkedBooter.runSuitesInProcess(ForkedBooter.java:385) ~[surefire-booter-3.1.2.jar:3.1.2]
	at org.apache.maven.surefire.booter.ForkedBooter.execute(ForkedBooter.java:162) ~[surefire-booter-3.1.2.jar:3.1.2]
	at org.apache.maven.surefire.booter.ForkedBooter.run(ForkedBooter.java:507) ~[surefire-booter-3.1.2.jar:3.1.2]
	at org.apache.maven.surefire.booter.ForkedBooter.main(ForkedBooter.java:495) ~[surefire-booter-3.1.2.jar:3.1.2]

2024-05-17T15:11:55.332+02:00 DEBUG 4684 --- [clothlogix] [           main] org.hibernate.orm.sql.ast.tree           : SQL AST Tree:
    SelectStatement {
      FromClause {
        StandardTableGroup (se1 : com.fabless.clothlogix.model.entities.SezioneEntity) {
          primaryTableReference : sezione as se1_0
        }
      }
    }

2024-05-17T15:11:55.332+02:00 DEBUG 4684 --- [clothlogix] [           main] o.h.p.entity.AbstractEntityPersister     : Static SQL for entity: com.fabless.clothlogix.model.entities.SezioneEntity
2024-05-17T15:11:55.332+02:00 DEBUG 4684 --- [clothlogix] [           main] o.h.p.entity.AbstractEntityPersister     :  Version select: select id from sezione where id=?
2024-05-17T15:11:55.332+02:00 DEBUG 4684 --- [clothlogix] [           main] o.h.p.entity.AbstractEntityPersister     :  Insert (0): insert into sezione (fila,scaffale) values (?,?)
2024-05-17T15:11:55.332+02:00 DEBUG 4684 --- [clothlogix] [           main] o.h.p.entity.AbstractEntityPersister     :  Update (0): update sezione set fila=?,scaffale=? where id=?
2024-05-17T15:11:55.332+02:00 DEBUG 4684 --- [clothlogix] [           main] o.h.p.entity.AbstractEntityPersister     :  Delete (0): delete from sezione where id=?
2024-05-17T15:11:55.332+02:00 DEBUG 4684 --- [clothlogix] [           main] org.hibernate.orm.sql.ast.create         : Created new SQL alias : te1_0
2024-05-17T15:11:55.332+02:00 DEBUG 4684 --- [clothlogix] [           main] org.hibernate.orm.sql.ast.create         : Registration of TableGroup [StandardTableGroup(com.fabless.clothlogix.model.entities.TagliaEntity)] with identifierForTableGroup [com.fabless.clothlogix.model.entities.TagliaEntity] for NavigablePath [com.fabless.clothlogix.model.entities.TagliaEntity] 
2024-05-17T15:11:55.332+02:00 TRACE 4684 --- [clothlogix] [           main] o.h.l.ast.internal.LoaderSelectBuilder   : Starting visitation of FetchParent's Fetchables : com.fabless.clothlogix.model.entities.TagliaEntity
2024-05-17T15:11:55.332+02:00 DEBUG 4684 --- [clothlogix] [           main] org.hibernate.orm.results.graph.AST      : DomainResult Graph:
 \-EntityResultImpl [com.fabless.clothlogix.model.entities.TagliaEntity]
 |  +-BasicFetch [com.fabless.clothlogix.model.entities.TagliaEntity.descrizione]
 |  \-DelayedCollectionFetch [com.fabless.clothlogix.model.entities.TagliaEntity.prodotti]

2024-05-17T15:11:55.332+02:00 TRACE 4684 --- [clothlogix] [           main] org.hibernate.orm.results.graph.AST      : Stack trace calling DomainResultGraphPrinter

java.lang.Exception: null
	at org.hibernate.sql.results.graph.DomainResultGraphPrinter.visitDomainResults(DomainResultGraphPrinter.java:70) ~[hibernate-core-6.4.4.Final.jar:6.4.4.Final]
	at org.hibernate.sql.results.graph.DomainResultGraphPrinter.logDomainResultGraph(DomainResultGraphPrinter.java:46) ~[hibernate-core-6.4.4.Final.jar:6.4.4.Final]
	at org.hibernate.sql.results.graph.DomainResultGraphPrinter.logDomainResultGraph(DomainResultGraphPrinter.java:37) ~[hibernate-core-6.4.4.Final.jar:6.4.4.Final]
	at org.hibernate.sql.ast.spi.AbstractSqlAstTranslator.translateSelect(AbstractSqlAstTranslator.java:858) ~[hibernate-core-6.4.4.Final.jar:6.4.4.Final]
	at org.hibernate.sql.ast.spi.AbstractSqlAstTranslator.translate(AbstractSqlAstTranslator.java:811) ~[hibernate-core-6.4.4.Final.jar:6.4.4.Final]
	at org.hibernate.loader.ast.internal.SingleIdLoadPlan.<init>(SingleIdLoadPlan.java:66) ~[hibernate-core-6.4.4.Final.jar:6.4.4.Final]
	at org.hibernate.loader.ast.internal.SingleIdEntityLoaderStandardImpl.createLoadPlan(SingleIdEntityLoaderStandardImpl.java:198) ~[hibernate-core-6.4.4.Final.jar:6.4.4.Final]
	at org.hibernate.loader.ast.internal.SingleIdEntityLoaderStandardImpl.lambda$new$0(SingleIdEntityLoaderStandardImpl.java:41) ~[hibernate-core-6.4.4.Final.jar:6.4.4.Final]
	at org.hibernate.loader.ast.internal.SingleIdEntityLoaderStandardImpl.<init>(SingleIdEntityLoaderStandardImpl.java:62) ~[hibernate-core-6.4.4.Final.jar:6.4.4.Final]
	at org.hibernate.loader.ast.internal.SingleIdEntityLoaderStandardImpl.<init>(SingleIdEntityLoaderStandardImpl.java:38) ~[hibernate-core-6.4.4.Final.jar:6.4.4.Final]
	at org.hibernate.persister.entity.AbstractEntityPersister.buildSingleIdEntityLoader(AbstractEntityPersister.java:864) ~[hibernate-core-6.4.4.Final.jar:6.4.4.Final]
	at org.hibernate.persister.entity.AbstractEntityPersister.buildSingleIdEntityLoader(AbstractEntityPersister.java:853) ~[hibernate-core-6.4.4.Final.jar:6.4.4.Final]
	at org.hibernate.persister.entity.AbstractEntityPersister.prepareLoaders(AbstractEntityPersister.java:3419) ~[hibernate-core-6.4.4.Final.jar:6.4.4.Final]
	at org.hibernate.metamodel.model.domain.internal.MappingMetamodelImpl.finishInitialization(MappingMetamodelImpl.java:206) ~[hibernate-core-6.4.4.Final.jar:6.4.4.Final]
	at org.hibernate.internal.SessionFactoryImpl.initializeMappingModel(SessionFactoryImpl.java:364) ~[hibernate-core-6.4.4.Final.jar:6.4.4.Final]
	at org.hibernate.internal.SessionFactoryImpl.<init>(SessionFactoryImpl.java:293) ~[hibernate-core-6.4.4.Final.jar:6.4.4.Final]
	at org.hibernate.boot.internal.SessionFactoryBuilderImpl.build(SessionFactoryBuilderImpl.java:450) ~[hibernate-core-6.4.4.Final.jar:6.4.4.Final]
	at org.hibernate.jpa.boot.internal.EntityManagerFactoryBuilderImpl.build(EntityManagerFactoryBuilderImpl.java:1507) ~[hibernate-core-6.4.4.Final.jar:6.4.4.Final]
	at org.springframework.orm.jpa.vendor.SpringHibernateJpaPersistenceProvider.createContainerEntityManagerFactory(SpringHibernateJpaPersistenceProvider.java:75) ~[spring-orm-6.1.6.jar:6.1.6]
	at org.springframework.orm.jpa.LocalContainerEntityManagerFactoryBean.createNativeEntityManagerFactory(LocalContainerEntityManagerFactoryBean.java:390) ~[spring-orm-6.1.6.jar:6.1.6]
	at org.springframework.orm.jpa.AbstractEntityManagerFactoryBean.buildNativeEntityManagerFactory(AbstractEntityManagerFactoryBean.java:409) ~[spring-orm-6.1.6.jar:6.1.6]
	at org.springframework.orm.jpa.AbstractEntityManagerFactoryBean.afterPropertiesSet(AbstractEntityManagerFactoryBean.java:396) ~[spring-orm-6.1.6.jar:6.1.6]
	at org.springframework.orm.jpa.LocalContainerEntityManagerFactoryBean.afterPropertiesSet(LocalContainerEntityManagerFactoryBean.java:366) ~[spring-orm-6.1.6.jar:6.1.6]
	at org.springframework.beans.factory.support.AbstractAutowireCapableBeanFactory.invokeInitMethods(AbstractAutowireCapableBeanFactory.java:1833) ~[spring-beans-6.1.6.jar:6.1.6]
	at org.springframework.beans.factory.support.AbstractAutowireCapableBeanFactory.initializeBean(AbstractAutowireCapableBeanFactory.java:1782) ~[spring-beans-6.1.6.jar:6.1.6]
	at org.springframework.beans.factory.support.AbstractAutowireCapableBeanFactory.doCreateBean(AbstractAutowireCapableBeanFactory.java:600) ~[spring-beans-6.1.6.jar:6.1.6]
	at org.springframework.beans.factory.support.AbstractAutowireCapableBeanFactory.createBean(AbstractAutowireCapableBeanFactory.java:522) ~[spring-beans-6.1.6.jar:6.1.6]
	at org.springframework.beans.factory.support.AbstractBeanFactory.lambda$doGetBean$0(AbstractBeanFactory.java:326) ~[spring-beans-6.1.6.jar:6.1.6]
	at org.springframework.beans.factory.support.DefaultSingletonBeanRegistry.getSingleton(DefaultSingletonBeanRegistry.java:234) ~[spring-beans-6.1.6.jar:6.1.6]
	at org.springframework.beans.factory.support.AbstractBeanFactory.doGetBean(AbstractBeanFactory.java:324) ~[spring-beans-6.1.6.jar:6.1.6]
	at org.springframework.beans.factory.support.AbstractBeanFactory.getBean(AbstractBeanFactory.java:200) ~[spring-beans-6.1.6.jar:6.1.6]
	at org.springframework.context.support.AbstractApplicationContext.getBean(AbstractApplicationContext.java:1234) ~[spring-context-6.1.6.jar:6.1.6]
	at org.springframework.context.support.AbstractApplicationContext.finishBeanFactoryInitialization(AbstractApplicationContext.java:952) ~[spring-context-6.1.6.jar:6.1.6]
	at org.springframework.context.support.AbstractApplicationContext.refresh(AbstractApplicationContext.java:624) ~[spring-context-6.1.6.jar:6.1.6]
	at org.springframework.boot.SpringApplication.refresh(SpringApplication.java:754) ~[spring-boot-3.2.5.jar:3.2.5]
	at org.springframework.boot.SpringApplication.refreshContext(SpringApplication.java:456) ~[spring-boot-3.2.5.jar:3.2.5]
	at org.springframework.boot.SpringApplication.run(SpringApplication.java:334) ~[spring-boot-3.2.5.jar:3.2.5]
	at org.springframework.boot.test.context.SpringBootContextLoader.lambda$loadContext$3(SpringBootContextLoader.java:137) ~[spring-boot-test-3.2.5.jar:3.2.5]
	at org.springframework.util.function.ThrowingSupplier.get(ThrowingSupplier.java:58) ~[spring-core-6.1.6.jar:6.1.6]
	at org.springframework.util.function.ThrowingSupplier.get(ThrowingSupplier.java:46) ~[spring-core-6.1.6.jar:6.1.6]
	at org.springframework.boot.SpringApplication.withHook(SpringApplication.java:1454) ~[spring-boot-3.2.5.jar:3.2.5]
	at org.springframework.boot.test.context.SpringBootContextLoader$ContextLoaderHook.run(SpringBootContextLoader.java:553) ~[spring-boot-test-3.2.5.jar:3.2.5]
	at org.springframework.boot.test.context.SpringBootContextLoader.loadContext(SpringBootContextLoader.java:137) ~[spring-boot-test-3.2.5.jar:3.2.5]
	at org.springframework.boot.test.context.SpringBootContextLoader.loadContext(SpringBootContextLoader.java:108) ~[spring-boot-test-3.2.5.jar:3.2.5]
	at org.springframework.test.context.cache.DefaultCacheAwareContextLoaderDelegate.loadContextInternal(DefaultCacheAwareContextLoaderDelegate.java:225) ~[spring-test-6.1.6.jar:6.1.6]
	at org.springframework.test.context.cache.DefaultCacheAwareContextLoaderDelegate.loadContext(DefaultCacheAwareContextLoaderDelegate.java:152) ~[spring-test-6.1.6.jar:6.1.6]
	at org.springframework.test.context.support.DefaultTestContext.getApplicationContext(DefaultTestContext.java:130) ~[spring-test-6.1.6.jar:6.1.6]
	at org.springframework.test.context.web.ServletTestExecutionListener.setUpRequestContextIfNecessary(ServletTestExecutionListener.java:191) ~[spring-test-6.1.6.jar:6.1.6]
	at org.springframework.test.context.web.ServletTestExecutionListener.prepareTestInstance(ServletTestExecutionListener.java:130) ~[spring-test-6.1.6.jar:6.1.6]
	at org.springframework.test.context.TestContextManager.prepareTestInstance(TestContextManager.java:260) ~[spring-test-6.1.6.jar:6.1.6]
	at org.springframework.test.context.junit.jupiter.SpringExtension.postProcessTestInstance(SpringExtension.java:163) ~[spring-test-6.1.6.jar:6.1.6]
	at org.junit.jupiter.engine.descriptor.ClassBasedTestDescriptor.lambda$invokeTestInstancePostProcessors$10(ClassBasedTestDescriptor.java:378) ~[junit-jupiter-engine-5.10.2.jar:5.10.2]
	at org.junit.jupiter.engine.descriptor.ClassBasedTestDescriptor.executeAndMaskThrowable(ClassBasedTestDescriptor.java:383) ~[junit-jupiter-engine-5.10.2.jar:5.10.2]
	at org.junit.jupiter.engine.descriptor.ClassBasedTestDescriptor.lambda$invokeTestInstancePostProcessors$11(ClassBasedTestDescriptor.java:378) ~[junit-jupiter-engine-5.10.2.jar:5.10.2]
	at java.base/java.util.stream.ReferencePipeline$3$1.accept(ReferencePipeline.java:197) ~[na:na]
	at java.base/java.util.stream.ReferencePipeline$2$1.accept(ReferencePipeline.java:179) ~[na:na]
	at java.base/java.util.ArrayList$ArrayListSpliterator.forEachRemaining(ArrayList.java:1625) ~[na:na]
	at java.base/java.util.stream.AbstractPipeline.copyInto(AbstractPipeline.java:509) ~[na:na]
	at java.base/java.util.stream.AbstractPipeline.wrapAndCopyInto(AbstractPipeline.java:499) ~[na:na]
	at java.base/java.util.stream.StreamSpliterators$WrappingSpliterator.forEachRemaining(StreamSpliterators.java:310) ~[na:na]
	at java.base/java.util.stream.Streams$ConcatSpliterator.forEachRemaining(Streams.java:735) ~[na:na]
	at java.base/java.util.stream.Streams$ConcatSpliterator.forEachRemaining(Streams.java:734) ~[na:na]
	at java.base/java.util.stream.ReferencePipeline$Head.forEach(ReferencePipeline.java:762) ~[na:na]
	at org.junit.jupiter.engine.descriptor.ClassBasedTestDescriptor.invokeTestInstancePostProcessors(ClassBasedTestDescriptor.java:377) ~[junit-jupiter-engine-5.10.2.jar:5.10.2]
	at org.junit.jupiter.engine.descriptor.ClassBasedTestDescriptor.lambda$instantiateAndPostProcessTestInstance$6(ClassBasedTestDescriptor.java:290) ~[junit-jupiter-engine-5.10.2.jar:5.10.2]
	at org.junit.platform.engine.support.hierarchical.ThrowableCollector.execute(ThrowableCollector.java:73) ~[junit-platform-engine-1.10.2.jar:1.10.2]
	at org.junit.jupiter.engine.descriptor.ClassBasedTestDescriptor.instantiateAndPostProcessTestInstance(ClassBasedTestDescriptor.java:289) ~[junit-jupiter-engine-5.10.2.jar:5.10.2]
	at org.junit.jupiter.engine.descriptor.ClassBasedTestDescriptor.lambda$testInstancesProvider$4(ClassBasedTestDescriptor.java:279) ~[junit-jupiter-engine-5.10.2.jar:5.10.2]
	at java.base/java.util.Optional.orElseGet(Optional.java:364) ~[na:na]
	at org.junit.jupiter.engine.descriptor.ClassBasedTestDescriptor.lambda$testInstancesProvider$5(ClassBasedTestDescriptor.java:278) ~[junit-jupiter-engine-5.10.2.jar:5.10.2]
	at org.junit.jupiter.engine.execution.TestInstancesProvider.getTestInstances(TestInstancesProvider.java:31) ~[junit-jupiter-engine-5.10.2.jar:5.10.2]
	at org.junit.jupiter.engine.descriptor.TestMethodTestDescriptor.lambda$prepare$0(TestMethodTestDescriptor.java:106) ~[junit-jupiter-engine-5.10.2.jar:5.10.2]
	at org.junit.platform.engine.support.hierarchical.ThrowableCollector.execute(ThrowableCollector.java:73) ~[junit-platform-engine-1.10.2.jar:1.10.2]
	at org.junit.jupiter.engine.descriptor.TestMethodTestDescriptor.prepare(TestMethodTestDescriptor.java:105) ~[junit-jupiter-engine-5.10.2.jar:5.10.2]
	at org.junit.jupiter.engine.descriptor.TestMethodTestDescriptor.prepare(TestMethodTestDescriptor.java:69) ~[junit-jupiter-engine-5.10.2.jar:5.10.2]
	at org.junit.platform.engine.support.hierarchical.NodeTestTask.lambda$prepare$2(NodeTestTask.java:123) ~[junit-platform-engine-1.10.2.jar:1.10.2]
	at org.junit.platform.engine.support.hierarchical.ThrowableCollector.execute(ThrowableCollector.java:73) ~[junit-platform-engine-1.10.2.jar:1.10.2]
	at org.junit.platform.engine.support.hierarchical.NodeTestTask.prepare(NodeTestTask.java:123) ~[junit-platform-engine-1.10.2.jar:1.10.2]
	at org.junit.platform.engine.support.hierarchical.NodeTestTask.execute(NodeTestTask.java:90) ~[junit-platform-engine-1.10.2.jar:1.10.2]
	at java.base/java.util.ArrayList.forEach(ArrayList.java:1511) ~[na:na]
	at org.junit.platform.engine.support.hierarchical.SameThreadHierarchicalTestExecutorService.invokeAll(SameThreadHierarchicalTestExecutorService.java:41) ~[junit-platform-engine-1.10.2.jar:1.10.2]
	at org.junit.platform.engine.support.hierarchical.NodeTestTask.lambda$executeRecursively$6(NodeTestTask.java:155) ~[junit-platform-engine-1.10.2.jar:1.10.2]
	at org.junit.platform.engine.support.hierarchical.ThrowableCollector.execute(ThrowableCollector.java:73) ~[junit-platform-engine-1.10.2.jar:1.10.2]
	at org.junit.platform.engine.support.hierarchical.NodeTestTask.lambda$executeRecursively$8(NodeTestTask.java:141) ~[junit-platform-engine-1.10.2.jar:1.10.2]
	at org.junit.platform.engine.support.hierarchical.Node.around(Node.java:137) ~[junit-platform-engine-1.10.2.jar:1.10.2]
	at org.junit.platform.engine.support.hierarchical.NodeTestTask.lambda$executeRecursively$9(NodeTestTask.java:139) ~[junit-platform-engine-1.10.2.jar:1.10.2]
	at org.junit.platform.engine.support.hierarchical.ThrowableCollector.execute(ThrowableCollector.java:73) ~[junit-platform-engine-1.10.2.jar:1.10.2]
	at org.junit.platform.engine.support.hierarchical.NodeTestTask.executeRecursively(NodeTestTask.java:138) ~[junit-platform-engine-1.10.2.jar:1.10.2]
	at org.junit.platform.engine.support.hierarchical.NodeTestTask.execute(NodeTestTask.java:95) ~[junit-platform-engine-1.10.2.jar:1.10.2]
	at java.base/java.util.ArrayList.forEach(ArrayList.java:1511) ~[na:na]
	at org.junit.platform.engine.support.hierarchical.SameThreadHierarchicalTestExecutorService.invokeAll(SameThreadHierarchicalTestExecutorService.java:41) ~[junit-platform-engine-1.10.2.jar:1.10.2]
	at org.junit.platform.engine.support.hierarchical.NodeTestTask.lambda$executeRecursively$6(NodeTestTask.java:155) ~[junit-platform-engine-1.10.2.jar:1.10.2]
	at org.junit.platform.engine.support.hierarchical.ThrowableCollector.execute(ThrowableCollector.java:73) ~[junit-platform-engine-1.10.2.jar:1.10.2]
	at org.junit.platform.engine.support.hierarchical.NodeTestTask.lambda$executeRecursively$8(NodeTestTask.java:141) ~[junit-platform-engine-1.10.2.jar:1.10.2]
	at org.junit.platform.engine.support.hierarchical.Node.around(Node.java:137) ~[junit-platform-engine-1.10.2.jar:1.10.2]
	at org.junit.platform.engine.support.hierarchical.NodeTestTask.lambda$executeRecursively$9(NodeTestTask.java:139) ~[junit-platform-engine-1.10.2.jar:1.10.2]
	at org.junit.platform.engine.support.hierarchical.ThrowableCollector.execute(ThrowableCollector.java:73) ~[junit-platform-engine-1.10.2.jar:1.10.2]
	at org.junit.platform.engine.support.hierarchical.NodeTestTask.executeRecursively(NodeTestTask.java:138) ~[junit-platform-engine-1.10.2.jar:1.10.2]
	at org.junit.platform.engine.support.hierarchical.NodeTestTask.execute(NodeTestTask.java:95) ~[junit-platform-engine-1.10.2.jar:1.10.2]
	at org.junit.platform.engine.support.hierarchical.SameThreadHierarchicalTestExecutorService.submit(SameThreadHierarchicalTestExecutorService.java:35) ~[junit-platform-engine-1.10.2.jar:1.10.2]
	at org.junit.platform.engine.support.hierarchical.HierarchicalTestExecutor.execute(HierarchicalTestExecutor.java:57) ~[junit-platform-engine-1.10.2.jar:1.10.2]
	at org.junit.platform.engine.support.hierarchical.HierarchicalTestEngine.execute(HierarchicalTestEngine.java:54) ~[junit-platform-engine-1.10.2.jar:1.10.2]
	at org.junit.platform.launcher.core.EngineExecutionOrchestrator.execute(EngineExecutionOrchestrator.java:198) ~[junit-platform-launcher-1.10.2.jar:1.10.2]
	at org.junit.platform.launcher.core.EngineExecutionOrchestrator.execute(EngineExecutionOrchestrator.java:169) ~[junit-platform-launcher-1.10.2.jar:1.10.2]
	at org.junit.platform.launcher.core.EngineExecutionOrchestrator.execute(EngineExecutionOrchestrator.java:93) ~[junit-platform-launcher-1.10.2.jar:1.10.2]
	at org.junit.platform.launcher.core.EngineExecutionOrchestrator.lambda$execute$0(EngineExecutionOrchestrator.java:58) ~[junit-platform-launcher-1.10.2.jar:1.10.2]
	at org.junit.platform.launcher.core.EngineExecutionOrchestrator.withInterceptedStreams(EngineExecutionOrchestrator.java:141) ~[junit-platform-launcher-1.10.2.jar:1.10.2]
	at org.junit.platform.launcher.core.EngineExecutionOrchestrator.execute(EngineExecutionOrchestrator.java:57) ~[junit-platform-launcher-1.10.2.jar:1.10.2]
	at org.junit.platform.launcher.core.DefaultLauncher.execute(DefaultLauncher.java:103) ~[junit-platform-launcher-1.10.2.jar:1.10.2]
	at org.junit.platform.launcher.core.DefaultLauncher.execute(DefaultLauncher.java:85) ~[junit-platform-launcher-1.10.2.jar:1.10.2]
	at org.junit.platform.launcher.core.DelegatingLauncher.execute(DelegatingLauncher.java:47) ~[junit-platform-launcher-1.10.2.jar:1.10.2]
	at org.apache.maven.surefire.junitplatform.LazyLauncher.execute(LazyLauncher.java:56) ~[surefire-junit-platform-3.1.2.jar:3.1.2]
	at org.apache.maven.surefire.junitplatform.JUnitPlatformProvider.execute(JUnitPlatformProvider.java:184) ~[surefire-junit-platform-3.1.2.jar:3.1.2]
	at org.apache.maven.surefire.junitplatform.JUnitPlatformProvider.invokeAllTests(JUnitPlatformProvider.java:148) ~[surefire-junit-platform-3.1.2.jar:3.1.2]
	at org.apache.maven.surefire.junitplatform.JUnitPlatformProvider.invoke(JUnitPlatformProvider.java:122) ~[surefire-junit-platform-3.1.2.jar:3.1.2]
	at org.apache.maven.surefire.booter.ForkedBooter.runSuitesInProcess(ForkedBooter.java:385) ~[surefire-booter-3.1.2.jar:3.1.2]
	at org.apache.maven.surefire.booter.ForkedBooter.execute(ForkedBooter.java:162) ~[surefire-booter-3.1.2.jar:3.1.2]
	at org.apache.maven.surefire.booter.ForkedBooter.run(ForkedBooter.java:507) ~[surefire-booter-3.1.2.jar:3.1.2]
	at org.apache.maven.surefire.booter.ForkedBooter.main(ForkedBooter.java:495) ~[surefire-booter-3.1.2.jar:3.1.2]

2024-05-17T15:11:55.332+02:00 DEBUG 4684 --- [clothlogix] [           main] org.hibernate.orm.sql.ast.tree           : SQL AST Tree:
    SelectStatement {
      FromClause {
        StandardTableGroup (te1 : com.fabless.clothlogix.model.entities.TagliaEntity) {
          primaryTableReference : taglia as te1_0
        }
      }
    }

2024-05-17T15:11:55.342+02:00 DEBUG 4684 --- [clothlogix] [           main] o.h.p.entity.AbstractEntityPersister     : Static SQL for entity: com.fabless.clothlogix.model.entities.TagliaEntity
2024-05-17T15:11:55.342+02:00 DEBUG 4684 --- [clothlogix] [           main] o.h.p.entity.AbstractEntityPersister     :  Version select: select id from taglia where id=?
2024-05-17T15:11:55.342+02:00 DEBUG 4684 --- [clothlogix] [           main] o.h.p.entity.AbstractEntityPersister     :  Insert (0): insert into taglia (descrizione) values (?)
2024-05-17T15:11:55.342+02:00 DEBUG 4684 --- [clothlogix] [           main] o.h.p.entity.AbstractEntityPersister     :  Update (0): update taglia set descrizione=? where id=?
2024-05-17T15:11:55.342+02:00 DEBUG 4684 --- [clothlogix] [           main] o.h.p.entity.AbstractEntityPersister     :  Delete (0): delete from taglia where id=?
2024-05-17T15:11:55.342+02:00 DEBUG 4684 --- [clothlogix] [           main] org.hibernate.orm.sql.ast.create         : Created new SQL alias : le1_0
2024-05-17T15:11:55.342+02:00 DEBUG 4684 --- [clothlogix] [           main] org.hibernate.orm.sql.ast.create         : Registration of TableGroup [StandardTableGroup(com.fabless.clothlogix.model.entities.LoginEntity)] with identifierForTableGroup [com.fabless.clothlogix.model.entities.LoginEntity] for NavigablePath [com.fabless.clothlogix.model.entities.LoginEntity] 
2024-05-17T15:11:55.342+02:00 TRACE 4684 --- [clothlogix] [           main] o.h.l.ast.internal.LoaderSelectBuilder   : Starting visitation of FetchParent's Fetchables : com.fabless.clothlogix.model.entities.LoginEntity
2024-05-17T15:11:55.342+02:00 DEBUG 4684 --- [clothlogix] [           main] org.hibernate.orm.results.graph.AST      : DomainResult Graph:
 \-EntityResultImpl [com.fabless.clothlogix.model.entities.LoginEntity]
 |  +-BasicFetch [com.fabless.clothlogix.model.entities.LoginEntity.password]
 |  \-BasicFetch [com.fabless.clothlogix.model.entities.LoginEntity.username]

2024-05-17T15:11:55.342+02:00 TRACE 4684 --- [clothlogix] [           main] org.hibernate.orm.results.graph.AST      : Stack trace calling DomainResultGraphPrinter

java.lang.Exception: null
	at org.hibernate.sql.results.graph.DomainResultGraphPrinter.visitDomainResults(DomainResultGraphPrinter.java:70) ~[hibernate-core-6.4.4.Final.jar:6.4.4.Final]
	at org.hibernate.sql.results.graph.DomainResultGraphPrinter.logDomainResultGraph(DomainResultGraphPrinter.java:46) ~[hibernate-core-6.4.4.Final.jar:6.4.4.Final]
	at org.hibernate.sql.results.graph.DomainResultGraphPrinter.logDomainResultGraph(DomainResultGraphPrinter.java:37) ~[hibernate-core-6.4.4.Final.jar:6.4.4.Final]
	at org.hibernate.sql.ast.spi.AbstractSqlAstTranslator.translateSelect(AbstractSqlAstTranslator.java:858) ~[hibernate-core-6.4.4.Final.jar:6.4.4.Final]
	at org.hibernate.sql.ast.spi.AbstractSqlAstTranslator.translate(AbstractSqlAstTranslator.java:811) ~[hibernate-core-6.4.4.Final.jar:6.4.4.Final]
	at org.hibernate.loader.ast.internal.SingleIdLoadPlan.<init>(SingleIdLoadPlan.java:66) ~[hibernate-core-6.4.4.Final.jar:6.4.4.Final]
	at org.hibernate.loader.ast.internal.SingleIdEntityLoaderStandardImpl.createLoadPlan(SingleIdEntityLoaderStandardImpl.java:198) ~[hibernate-core-6.4.4.Final.jar:6.4.4.Final]
	at org.hibernate.loader.ast.internal.SingleIdEntityLoaderStandardImpl.lambda$new$0(SingleIdEntityLoaderStandardImpl.java:41) ~[hibernate-core-6.4.4.Final.jar:6.4.4.Final]
	at org.hibernate.loader.ast.internal.SingleIdEntityLoaderStandardImpl.<init>(SingleIdEntityLoaderStandardImpl.java:62) ~[hibernate-core-6.4.4.Final.jar:6.4.4.Final]
	at org.hibernate.loader.ast.internal.SingleIdEntityLoaderStandardImpl.<init>(SingleIdEntityLoaderStandardImpl.java:38) ~[hibernate-core-6.4.4.Final.jar:6.4.4.Final]
	at org.hibernate.persister.entity.AbstractEntityPersister.buildSingleIdEntityLoader(AbstractEntityPersister.java:864) ~[hibernate-core-6.4.4.Final.jar:6.4.4.Final]
	at org.hibernate.persister.entity.AbstractEntityPersister.buildSingleIdEntityLoader(AbstractEntityPersister.java:853) ~[hibernate-core-6.4.4.Final.jar:6.4.4.Final]
	at org.hibernate.persister.entity.AbstractEntityPersister.prepareLoaders(AbstractEntityPersister.java:3419) ~[hibernate-core-6.4.4.Final.jar:6.4.4.Final]
	at org.hibernate.metamodel.model.domain.internal.MappingMetamodelImpl.finishInitialization(MappingMetamodelImpl.java:206) ~[hibernate-core-6.4.4.Final.jar:6.4.4.Final]
	at org.hibernate.internal.SessionFactoryImpl.initializeMappingModel(SessionFactoryImpl.java:364) ~[hibernate-core-6.4.4.Final.jar:6.4.4.Final]
	at org.hibernate.internal.SessionFactoryImpl.<init>(SessionFactoryImpl.java:293) ~[hibernate-core-6.4.4.Final.jar:6.4.4.Final]
	at org.hibernate.boot.internal.SessionFactoryBuilderImpl.build(SessionFactoryBuilderImpl.java:450) ~[hibernate-core-6.4.4.Final.jar:6.4.4.Final]
	at org.hibernate.jpa.boot.internal.EntityManagerFactoryBuilderImpl.build(EntityManagerFactoryBuilderImpl.java:1507) ~[hibernate-core-6.4.4.Final.jar:6.4.4.Final]
	at org.springframework.orm.jpa.vendor.SpringHibernateJpaPersistenceProvider.createContainerEntityManagerFactory(SpringHibernateJpaPersistenceProvider.java:75) ~[spring-orm-6.1.6.jar:6.1.6]
	at org.springframework.orm.jpa.LocalContainerEntityManagerFactoryBean.createNativeEntityManagerFactory(LocalContainerEntityManagerFactoryBean.java:390) ~[spring-orm-6.1.6.jar:6.1.6]
	at org.springframework.orm.jpa.AbstractEntityManagerFactoryBean.buildNativeEntityManagerFactory(AbstractEntityManagerFactoryBean.java:409) ~[spring-orm-6.1.6.jar:6.1.6]
	at org.springframework.orm.jpa.AbstractEntityManagerFactoryBean.afterPropertiesSet(AbstractEntityManagerFactoryBean.java:396) ~[spring-orm-6.1.6.jar:6.1.6]
	at org.springframework.orm.jpa.LocalContainerEntityManagerFactoryBean.afterPropertiesSet(LocalContainerEntityManagerFactoryBean.java:366) ~[spring-orm-6.1.6.jar:6.1.6]
	at org.springframework.beans.factory.support.AbstractAutowireCapableBeanFactory.invokeInitMethods(AbstractAutowireCapableBeanFactory.java:1833) ~[spring-beans-6.1.6.jar:6.1.6]
	at org.springframework.beans.factory.support.AbstractAutowireCapableBeanFactory.initializeBean(AbstractAutowireCapableBeanFactory.java:1782) ~[spring-beans-6.1.6.jar:6.1.6]
	at org.springframework.beans.factory.support.AbstractAutowireCapableBeanFactory.doCreateBean(AbstractAutowireCapableBeanFactory.java:600) ~[spring-beans-6.1.6.jar:6.1.6]
	at org.springframework.beans.factory.support.AbstractAutowireCapableBeanFactory.createBean(AbstractAutowireCapableBeanFactory.java:522) ~[spring-beans-6.1.6.jar:6.1.6]
	at org.springframework.beans.factory.support.AbstractBeanFactory.lambda$doGetBean$0(AbstractBeanFactory.java:326) ~[spring-beans-6.1.6.jar:6.1.6]
	at org.springframework.beans.factory.support.DefaultSingletonBeanRegistry.getSingleton(DefaultSingletonBeanRegistry.java:234) ~[spring-beans-6.1.6.jar:6.1.6]
	at org.springframework.beans.factory.support.AbstractBeanFactory.doGetBean(AbstractBeanFactory.java:324) ~[spring-beans-6.1.6.jar:6.1.6]
	at org.springframework.beans.factory.support.AbstractBeanFactory.getBean(AbstractBeanFactory.java:200) ~[spring-beans-6.1.6.jar:6.1.6]
	at org.springframework.context.support.AbstractApplicationContext.getBean(AbstractApplicationContext.java:1234) ~[spring-context-6.1.6.jar:6.1.6]
	at org.springframework.context.support.AbstractApplicationContext.finishBeanFactoryInitialization(AbstractApplicationContext.java:952) ~[spring-context-6.1.6.jar:6.1.6]
	at org.springframework.context.support.AbstractApplicationContext.refresh(AbstractApplicationContext.java:624) ~[spring-context-6.1.6.jar:6.1.6]
	at org.springframework.boot.SpringApplication.refresh(SpringApplication.java:754) ~[spring-boot-3.2.5.jar:3.2.5]
	at org.springframework.boot.SpringApplication.refreshContext(SpringApplication.java:456) ~[spring-boot-3.2.5.jar:3.2.5]
	at org.springframework.boot.SpringApplication.run(SpringApplication.java:334) ~[spring-boot-3.2.5.jar:3.2.5]
	at org.springframework.boot.test.context.SpringBootContextLoader.lambda$loadContext$3(SpringBootContextLoader.java:137) ~[spring-boot-test-3.2.5.jar:3.2.5]
	at org.springframework.util.function.ThrowingSupplier.get(ThrowingSupplier.java:58) ~[spring-core-6.1.6.jar:6.1.6]
	at org.springframework.util.function.ThrowingSupplier.get(ThrowingSupplier.java:46) ~[spring-core-6.1.6.jar:6.1.6]
	at org.springframework.boot.SpringApplication.withHook(SpringApplication.java:1454) ~[spring-boot-3.2.5.jar:3.2.5]
	at org.springframework.boot.test.context.SpringBootContextLoader$ContextLoaderHook.run(SpringBootContextLoader.java:553) ~[spring-boot-test-3.2.5.jar:3.2.5]
	at org.springframework.boot.test.context.SpringBootContextLoader.loadContext(SpringBootContextLoader.java:137) ~[spring-boot-test-3.2.5.jar:3.2.5]
	at org.springframework.boot.test.context.SpringBootContextLoader.loadContext(SpringBootContextLoader.java:108) ~[spring-boot-test-3.2.5.jar:3.2.5]
	at org.springframework.test.context.cache.DefaultCacheAwareContextLoaderDelegate.loadContextInternal(DefaultCacheAwareContextLoaderDelegate.java:225) ~[spring-test-6.1.6.jar:6.1.6]
	at org.springframework.test.context.cache.DefaultCacheAwareContextLoaderDelegate.loadContext(DefaultCacheAwareContextLoaderDelegate.java:152) ~[spring-test-6.1.6.jar:6.1.6]
	at org.springframework.test.context.support.DefaultTestContext.getApplicationContext(DefaultTestContext.java:130) ~[spring-test-6.1.6.jar:6.1.6]
	at org.springframework.test.context.web.ServletTestExecutionListener.setUpRequestContextIfNecessary(ServletTestExecutionListener.java:191) ~[spring-test-6.1.6.jar:6.1.6]
	at org.springframework.test.context.web.ServletTestExecutionListener.prepareTestInstance(ServletTestExecutionListener.java:130) ~[spring-test-6.1.6.jar:6.1.6]
	at org.springframework.test.context.TestContextManager.prepareTestInstance(TestContextManager.java:260) ~[spring-test-6.1.6.jar:6.1.6]
	at org.springframework.test.context.junit.jupiter.SpringExtension.postProcessTestInstance(SpringExtension.java:163) ~[spring-test-6.1.6.jar:6.1.6]
	at org.junit.jupiter.engine.descriptor.ClassBasedTestDescriptor.lambda$invokeTestInstancePostProcessors$10(ClassBasedTestDescriptor.java:378) ~[junit-jupiter-engine-5.10.2.jar:5.10.2]
	at org.junit.jupiter.engine.descriptor.ClassBasedTestDescriptor.executeAndMaskThrowable(ClassBasedTestDescriptor.java:383) ~[junit-jupiter-engine-5.10.2.jar:5.10.2]
	at org.junit.jupiter.engine.descriptor.ClassBasedTestDescriptor.lambda$invokeTestInstancePostProcessors$11(ClassBasedTestDescriptor.java:378) ~[junit-jupiter-engine-5.10.2.jar:5.10.2]
	at java.base/java.util.stream.ReferencePipeline$3$1.accept(ReferencePipeline.java:197) ~[na:na]
	at java.base/java.util.stream.ReferencePipeline$2$1.accept(ReferencePipeline.java:179) ~[na:na]
	at java.base/java.util.ArrayList$ArrayListSpliterator.forEachRemaining(ArrayList.java:1625) ~[na:na]
	at java.base/java.util.stream.AbstractPipeline.copyInto(AbstractPipeline.java:509) ~[na:na]
	at java.base/java.util.stream.AbstractPipeline.wrapAndCopyInto(AbstractPipeline.java:499) ~[na:na]
	at java.base/java.util.stream.StreamSpliterators$WrappingSpliterator.forEachRemaining(StreamSpliterators.java:310) ~[na:na]
	at java.base/java.util.stream.Streams$ConcatSpliterator.forEachRemaining(Streams.java:735) ~[na:na]
	at java.base/java.util.stream.Streams$ConcatSpliterator.forEachRemaining(Streams.java:734) ~[na:na]
	at java.base/java.util.stream.ReferencePipeline$Head.forEach(ReferencePipeline.java:762) ~[na:na]
	at org.junit.jupiter.engine.descriptor.ClassBasedTestDescriptor.invokeTestInstancePostProcessors(ClassBasedTestDescriptor.java:377) ~[junit-jupiter-engine-5.10.2.jar:5.10.2]
	at org.junit.jupiter.engine.descriptor.ClassBasedTestDescriptor.lambda$instantiateAndPostProcessTestInstance$6(ClassBasedTestDescriptor.java:290) ~[junit-jupiter-engine-5.10.2.jar:5.10.2]
	at org.junit.platform.engine.support.hierarchical.ThrowableCollector.execute(ThrowableCollector.java:73) ~[junit-platform-engine-1.10.2.jar:1.10.2]
	at org.junit.jupiter.engine.descriptor.ClassBasedTestDescriptor.instantiateAndPostProcessTestInstance(ClassBasedTestDescriptor.java:289) ~[junit-jupiter-engine-5.10.2.jar:5.10.2]
	at org.junit.jupiter.engine.descriptor.ClassBasedTestDescriptor.lambda$testInstancesProvider$4(ClassBasedTestDescriptor.java:279) ~[junit-jupiter-engine-5.10.2.jar:5.10.2]
	at java.base/java.util.Optional.orElseGet(Optional.java:364) ~[na:na]
	at org.junit.jupiter.engine.descriptor.ClassBasedTestDescriptor.lambda$testInstancesProvider$5(ClassBasedTestDescriptor.java:278) ~[junit-jupiter-engine-5.10.2.jar:5.10.2]
	at org.junit.jupiter.engine.execution.TestInstancesProvider.getTestInstances(TestInstancesProvider.java:31) ~[junit-jupiter-engine-5.10.2.jar:5.10.2]
	at org.junit.jupiter.engine.descriptor.TestMethodTestDescriptor.lambda$prepare$0(TestMethodTestDescriptor.java:106) ~[junit-jupiter-engine-5.10.2.jar:5.10.2]
	at org.junit.platform.engine.support.hierarchical.ThrowableCollector.execute(ThrowableCollector.java:73) ~[junit-platform-engine-1.10.2.jar:1.10.2]
	at org.junit.jupiter.engine.descriptor.TestMethodTestDescriptor.prepare(TestMethodTestDescriptor.java:105) ~[junit-jupiter-engine-5.10.2.jar:5.10.2]
	at org.junit.jupiter.engine.descriptor.TestMethodTestDescriptor.prepare(TestMethodTestDescriptor.java:69) ~[junit-jupiter-engine-5.10.2.jar:5.10.2]
	at org.junit.platform.engine.support.hierarchical.NodeTestTask.lambda$prepare$2(NodeTestTask.java:123) ~[junit-platform-engine-1.10.2.jar:1.10.2]
	at org.junit.platform.engine.support.hierarchical.ThrowableCollector.execute(ThrowableCollector.java:73) ~[junit-platform-engine-1.10.2.jar:1.10.2]
	at org.junit.platform.engine.support.hierarchical.NodeTestTask.prepare(NodeTestTask.java:123) ~[junit-platform-engine-1.10.2.jar:1.10.2]
	at org.junit.platform.engine.support.hierarchical.NodeTestTask.execute(NodeTestTask.java:90) ~[junit-platform-engine-1.10.2.jar:1.10.2]
	at java.base/java.util.ArrayList.forEach(ArrayList.java:1511) ~[na:na]
	at org.junit.platform.engine.support.hierarchical.SameThreadHierarchicalTestExecutorService.invokeAll(SameThreadHierarchicalTestExecutorService.java:41) ~[junit-platform-engine-1.10.2.jar:1.10.2]
	at org.junit.platform.engine.support.hierarchical.NodeTestTask.lambda$executeRecursively$6(NodeTestTask.java:155) ~[junit-platform-engine-1.10.2.jar:1.10.2]
	at org.junit.platform.engine.support.hierarchical.ThrowableCollector.execute(ThrowableCollector.java:73) ~[junit-platform-engine-1.10.2.jar:1.10.2]
	at org.junit.platform.engine.support.hierarchical.NodeTestTask.lambda$executeRecursively$8(NodeTestTask.java:141) ~[junit-platform-engine-1.10.2.jar:1.10.2]
	at org.junit.platform.engine.support.hierarchical.Node.around(Node.java:137) ~[junit-platform-engine-1.10.2.jar:1.10.2]
	at org.junit.platform.engine.support.hierarchical.NodeTestTask.lambda$executeRecursively$9(NodeTestTask.java:139) ~[junit-platform-engine-1.10.2.jar:1.10.2]
	at org.junit.platform.engine.support.hierarchical.ThrowableCollector.execute(ThrowableCollector.java:73) ~[junit-platform-engine-1.10.2.jar:1.10.2]
	at org.junit.platform.engine.support.hierarchical.NodeTestTask.executeRecursively(NodeTestTask.java:138) ~[junit-platform-engine-1.10.2.jar:1.10.2]
	at org.junit.platform.engine.support.hierarchical.NodeTestTask.execute(NodeTestTask.java:95) ~[junit-platform-engine-1.10.2.jar:1.10.2]
	at java.base/java.util.ArrayList.forEach(ArrayList.java:1511) ~[na:na]
	at org.junit.platform.engine.support.hierarchical.SameThreadHierarchicalTestExecutorService.invokeAll(SameThreadHierarchicalTestExecutorService.java:41) ~[junit-platform-engine-1.10.2.jar:1.10.2]
	at org.junit.platform.engine.support.hierarchical.NodeTestTask.lambda$executeRecursively$6(NodeTestTask.java:155) ~[junit-platform-engine-1.10.2.jar:1.10.2]
	at org.junit.platform.engine.support.hierarchical.ThrowableCollector.execute(ThrowableCollector.java:73) ~[junit-platform-engine-1.10.2.jar:1.10.2]
	at org.junit.platform.engine.support.hierarchical.NodeTestTask.lambda$executeRecursively$8(NodeTestTask.java:141) ~[junit-platform-engine-1.10.2.jar:1.10.2]
	at org.junit.platform.engine.support.hierarchical.Node.around(Node.java:137) ~[junit-platform-engine-1.10.2.jar:1.10.2]
	at org.junit.platform.engine.support.hierarchical.NodeTestTask.lambda$executeRecursively$9(NodeTestTask.java:139) ~[junit-platform-engine-1.10.2.jar:1.10.2]
	at org.junit.platform.engine.support.hierarchical.ThrowableCollector.execute(ThrowableCollector.java:73) ~[junit-platform-engine-1.10.2.jar:1.10.2]
	at org.junit.platform.engine.support.hierarchical.NodeTestTask.executeRecursively(NodeTestTask.java:138) ~[junit-platform-engine-1.10.2.jar:1.10.2]
	at org.junit.platform.engine.support.hierarchical.NodeTestTask.execute(NodeTestTask.java:95) ~[junit-platform-engine-1.10.2.jar:1.10.2]
	at org.junit.platform.engine.support.hierarchical.SameThreadHierarchicalTestExecutorService.submit(SameThreadHierarchicalTestExecutorService.java:35) ~[junit-platform-engine-1.10.2.jar:1.10.2]
	at org.junit.platform.engine.support.hierarchical.HierarchicalTestExecutor.execute(HierarchicalTestExecutor.java:57) ~[junit-platform-engine-1.10.2.jar:1.10.2]
	at org.junit.platform.engine.support.hierarchical.HierarchicalTestEngine.execute(HierarchicalTestEngine.java:54) ~[junit-platform-engine-1.10.2.jar:1.10.2]
	at org.junit.platform.launcher.core.EngineExecutionOrchestrator.execute(EngineExecutionOrchestrator.java:198) ~[junit-platform-launcher-1.10.2.jar:1.10.2]
	at org.junit.platform.launcher.core.EngineExecutionOrchestrator.execute(EngineExecutionOrchestrator.java:169) ~[junit-platform-launcher-1.10.2.jar:1.10.2]
	at org.junit.platform.launcher.core.EngineExecutionOrchestrator.execute(EngineExecutionOrchestrator.java:93) ~[junit-platform-launcher-1.10.2.jar:1.10.2]
	at org.junit.platform.launcher.core.EngineExecutionOrchestrator.lambda$execute$0(EngineExecutionOrchestrator.java:58) ~[junit-platform-launcher-1.10.2.jar:1.10.2]
	at org.junit.platform.launcher.core.EngineExecutionOrchestrator.withInterceptedStreams(EngineExecutionOrchestrator.java:141) ~[junit-platform-launcher-1.10.2.jar:1.10.2]
	at org.junit.platform.launcher.core.EngineExecutionOrchestrator.execute(EngineExecutionOrchestrator.java:57) ~[junit-platform-launcher-1.10.2.jar:1.10.2]
	at org.junit.platform.launcher.core.DefaultLauncher.execute(DefaultLauncher.java:103) ~[junit-platform-launcher-1.10.2.jar:1.10.2]
	at org.junit.platform.launcher.core.DefaultLauncher.execute(DefaultLauncher.java:85) ~[junit-platform-launcher-1.10.2.jar:1.10.2]
	at org.junit.platform.launcher.core.DelegatingLauncher.execute(DelegatingLauncher.java:47) ~[junit-platform-launcher-1.10.2.jar:1.10.2]
	at org.apache.maven.surefire.junitplatform.LazyLauncher.execute(LazyLauncher.java:56) ~[surefire-junit-platform-3.1.2.jar:3.1.2]
	at org.apache.maven.surefire.junitplatform.JUnitPlatformProvider.execute(JUnitPlatformProvider.java:184) ~[surefire-junit-platform-3.1.2.jar:3.1.2]
	at org.apache.maven.surefire.junitplatform.JUnitPlatformProvider.invokeAllTests(JUnitPlatformProvider.java:148) ~[surefire-junit-platform-3.1.2.jar:3.1.2]
	at org.apache.maven.surefire.junitplatform.JUnitPlatformProvider.invoke(JUnitPlatformProvider.java:122) ~[surefire-junit-platform-3.1.2.jar:3.1.2]
	at org.apache.maven.surefire.booter.ForkedBooter.runSuitesInProcess(ForkedBooter.java:385) ~[surefire-booter-3.1.2.jar:3.1.2]
	at org.apache.maven.surefire.booter.ForkedBooter.execute(ForkedBooter.java:162) ~[surefire-booter-3.1.2.jar:3.1.2]
	at org.apache.maven.surefire.booter.ForkedBooter.run(ForkedBooter.java:507) ~[surefire-booter-3.1.2.jar:3.1.2]
	at org.apache.maven.surefire.booter.ForkedBooter.main(ForkedBooter.java:495) ~[surefire-booter-3.1.2.jar:3.1.2]

2024-05-17T15:11:55.343+02:00 DEBUG 4684 --- [clothlogix] [           main] org.hibernate.orm.sql.ast.tree           : SQL AST Tree:
    SelectStatement {
      FromClause {
        StandardTableGroup (le1 : com.fabless.clothlogix.model.entities.LoginEntity) {
          primaryTableReference : login as le1_0
        }
      }
    }

2024-05-17T15:11:55.343+02:00 DEBUG 4684 --- [clothlogix] [           main] o.h.p.entity.AbstractEntityPersister     : Static SQL for entity: com.fabless.clothlogix.model.entities.LoginEntity
2024-05-17T15:11:55.343+02:00 DEBUG 4684 --- [clothlogix] [           main] o.h.p.entity.AbstractEntityPersister     :  Version select: select id from login where id=?
2024-05-17T15:11:55.343+02:00 DEBUG 4684 --- [clothlogix] [           main] o.h.p.entity.AbstractEntityPersister     :  Insert (0): insert into login (password,username) values (?,?)
2024-05-17T15:11:55.343+02:00 DEBUG 4684 --- [clothlogix] [           main] o.h.p.entity.AbstractEntityPersister     :  Update (0): update login set password=?,username=? where id=?
2024-05-17T15:11:55.343+02:00 DEBUG 4684 --- [clothlogix] [           main] o.h.p.entity.AbstractEntityPersister     :  Delete (0): delete from login where id=?
2024-05-17T15:11:55.343+02:00 DEBUG 4684 --- [clothlogix] [           main] org.hibernate.orm.sql.ast.create         : Created new SQL alias : ue1_0
2024-05-17T15:11:55.343+02:00 DEBUG 4684 --- [clothlogix] [           main] org.hibernate.orm.sql.ast.create         : Registration of TableGroup [StandardTableGroup(com.fabless.clothlogix.model.entities.UtenteEntity)] with identifierForTableGroup [com.fabless.clothlogix.model.entities.UtenteEntity] for NavigablePath [com.fabless.clothlogix.model.entities.UtenteEntity] 
2024-05-17T15:11:55.343+02:00 TRACE 4684 --- [clothlogix] [           main] o.h.l.ast.internal.LoaderSelectBuilder   : Starting visitation of FetchParent's Fetchables : com.fabless.clothlogix.model.entities.UtenteEntity
2024-05-17T15:11:55.343+02:00 DEBUG 4684 --- [clothlogix] [           main] org.hibernate.orm.sql.ast.create         : Registration of TableGroup [org.hibernate.sql.ast.tree.from.LazyTableGroup@27107a97] with identifierForTableGroup [com.fabless.clothlogix.model.entities.UtenteEntity.login] for NavigablePath [com.fabless.clothlogix.model.entities.UtenteEntity.login] 
2024-05-17T15:11:55.343+02:00 DEBUG 4684 --- [clothlogix] [           main] org.hibernate.orm.sql.ast.create         : Created new SQL alias : l1_0
2024-05-17T15:11:55.343+02:00 TRACE 4684 --- [clothlogix] [           main] o.h.l.ast.internal.LoaderSelectBuilder   : Starting visitation of FetchParent's Fetchables : com.fabless.clothlogix.model.entities.UtenteEntity.login
2024-05-17T15:11:55.343+02:00 DEBUG 4684 --- [clothlogix] [           main] org.hibernate.orm.results.graph.AST      : DomainResult Graph:
 \-EntityResultImpl [com.fabless.clothlogix.model.entities.UtenteEntity]
 |  +-BasicFetch [com.fabless.clothlogix.model.entities.UtenteEntity.cap]
 |  +-BasicFetch [com.fabless.clothlogix.model.entities.UtenteEntity.citta]
 |  +-BasicFetch [com.fabless.clothlogix.model.entities.UtenteEntity.cognome]
 |  +-BasicFetch [com.fabless.clothlogix.model.entities.UtenteEntity.dataDiNascita]
 |  +-BasicFetch [com.fabless.clothlogix.model.entities.UtenteEntity.indirizzo]
 |  +-EntityFetchJoinedImpl [com.fabless.clothlogix.model.entities.UtenteEntity.login]
 |  +-BasicFetch [com.fabless.clothlogix.model.entities.UtenteEntity.nazionalita]
 |  +-BasicFetch [com.fabless.clothlogix.model.entities.UtenteEntity.nome]
 |  \-BasicFetch [com.fabless.clothlogix.model.entities.UtenteEntity.regione]

2024-05-17T15:11:55.343+02:00 TRACE 4684 --- [clothlogix] [           main] org.hibernate.orm.results.graph.AST      : Stack trace calling DomainResultGraphPrinter

java.lang.Exception: null
	at org.hibernate.sql.results.graph.DomainResultGraphPrinter.visitDomainResults(DomainResultGraphPrinter.java:70) ~[hibernate-core-6.4.4.Final.jar:6.4.4.Final]
	at org.hibernate.sql.results.graph.DomainResultGraphPrinter.logDomainResultGraph(DomainResultGraphPrinter.java:46) ~[hibernate-core-6.4.4.Final.jar:6.4.4.Final]
	at org.hibernate.sql.results.graph.DomainResultGraphPrinter.logDomainResultGraph(DomainResultGraphPrinter.java:37) ~[hibernate-core-6.4.4.Final.jar:6.4.4.Final]
	at org.hibernate.sql.ast.spi.AbstractSqlAstTranslator.translateSelect(AbstractSqlAstTranslator.java:858) ~[hibernate-core-6.4.4.Final.jar:6.4.4.Final]
	at org.hibernate.sql.ast.spi.AbstractSqlAstTranslator.translate(AbstractSqlAstTranslator.java:811) ~[hibernate-core-6.4.4.Final.jar:6.4.4.Final]
	at org.hibernate.loader.ast.internal.SingleIdLoadPlan.<init>(SingleIdLoadPlan.java:66) ~[hibernate-core-6.4.4.Final.jar:6.4.4.Final]
	at org.hibernate.loader.ast.internal.SingleIdEntityLoaderStandardImpl.createLoadPlan(SingleIdEntityLoaderStandardImpl.java:198) ~[hibernate-core-6.4.4.Final.jar:6.4.4.Final]
	at org.hibernate.loader.ast.internal.SingleIdEntityLoaderStandardImpl.lambda$new$0(SingleIdEntityLoaderStandardImpl.java:41) ~[hibernate-core-6.4.4.Final.jar:6.4.4.Final]
	at org.hibernate.loader.ast.internal.SingleIdEntityLoaderStandardImpl.<init>(SingleIdEntityLoaderStandardImpl.java:62) ~[hibernate-core-6.4.4.Final.jar:6.4.4.Final]
	at org.hibernate.loader.ast.internal.SingleIdEntityLoaderStandardImpl.<init>(SingleIdEntityLoaderStandardImpl.java:38) ~[hibernate-core-6.4.4.Final.jar:6.4.4.Final]
	at org.hibernate.persister.entity.AbstractEntityPersister.buildSingleIdEntityLoader(AbstractEntityPersister.java:864) ~[hibernate-core-6.4.4.Final.jar:6.4.4.Final]
	at org.hibernate.persister.entity.AbstractEntityPersister.buildSingleIdEntityLoader(AbstractEntityPersister.java:853) ~[hibernate-core-6.4.4.Final.jar:6.4.4.Final]
	at org.hibernate.persister.entity.AbstractEntityPersister.prepareLoaders(AbstractEntityPersister.java:3419) ~[hibernate-core-6.4.4.Final.jar:6.4.4.Final]
	at org.hibernate.metamodel.model.domain.internal.MappingMetamodelImpl.finishInitialization(MappingMetamodelImpl.java:206) ~[hibernate-core-6.4.4.Final.jar:6.4.4.Final]
	at org.hibernate.internal.SessionFactoryImpl.initializeMappingModel(SessionFactoryImpl.java:364) ~[hibernate-core-6.4.4.Final.jar:6.4.4.Final]
	at org.hibernate.internal.SessionFactoryImpl.<init>(SessionFactoryImpl.java:293) ~[hibernate-core-6.4.4.Final.jar:6.4.4.Final]
	at org.hibernate.boot.internal.SessionFactoryBuilderImpl.build(SessionFactoryBuilderImpl.java:450) ~[hibernate-core-6.4.4.Final.jar:6.4.4.Final]
	at org.hibernate.jpa.boot.internal.EntityManagerFactoryBuilderImpl.build(EntityManagerFactoryBuilderImpl.java:1507) ~[hibernate-core-6.4.4.Final.jar:6.4.4.Final]
	at org.springframework.orm.jpa.vendor.SpringHibernateJpaPersistenceProvider.createContainerEntityManagerFactory(SpringHibernateJpaPersistenceProvider.java:75) ~[spring-orm-6.1.6.jar:6.1.6]
	at org.springframework.orm.jpa.LocalContainerEntityManagerFactoryBean.createNativeEntityManagerFactory(LocalContainerEntityManagerFactoryBean.java:390) ~[spring-orm-6.1.6.jar:6.1.6]
	at org.springframework.orm.jpa.AbstractEntityManagerFactoryBean.buildNativeEntityManagerFactory(AbstractEntityManagerFactoryBean.java:409) ~[spring-orm-6.1.6.jar:6.1.6]
	at org.springframework.orm.jpa.AbstractEntityManagerFactoryBean.afterPropertiesSet(AbstractEntityManagerFactoryBean.java:396) ~[spring-orm-6.1.6.jar:6.1.6]
	at org.springframework.orm.jpa.LocalContainerEntityManagerFactoryBean.afterPropertiesSet(LocalContainerEntityManagerFactoryBean.java:366) ~[spring-orm-6.1.6.jar:6.1.6]
	at org.springframework.beans.factory.support.AbstractAutowireCapableBeanFactory.invokeInitMethods(AbstractAutowireCapableBeanFactory.java:1833) ~[spring-beans-6.1.6.jar:6.1.6]
	at org.springframework.beans.factory.support.AbstractAutowireCapableBeanFactory.initializeBean(AbstractAutowireCapableBeanFactory.java:1782) ~[spring-beans-6.1.6.jar:6.1.6]
	at org.springframework.beans.factory.support.AbstractAutowireCapableBeanFactory.doCreateBean(AbstractAutowireCapableBeanFactory.java:600) ~[spring-beans-6.1.6.jar:6.1.6]
	at org.springframework.beans.factory.support.AbstractAutowireCapableBeanFactory.createBean(AbstractAutowireCapableBeanFactory.java:522) ~[spring-beans-6.1.6.jar:6.1.6]
	at org.springframework.beans.factory.support.AbstractBeanFactory.lambda$doGetBean$0(AbstractBeanFactory.java:326) ~[spring-beans-6.1.6.jar:6.1.6]
	at org.springframework.beans.factory.support.DefaultSingletonBeanRegistry.getSingleton(DefaultSingletonBeanRegistry.java:234) ~[spring-beans-6.1.6.jar:6.1.6]
	at org.springframework.beans.factory.support.AbstractBeanFactory.doGetBean(AbstractBeanFactory.java:324) ~[spring-beans-6.1.6.jar:6.1.6]
	at org.springframework.beans.factory.support.AbstractBeanFactory.getBean(AbstractBeanFactory.java:200) ~[spring-beans-6.1.6.jar:6.1.6]
	at org.springframework.context.support.AbstractApplicationContext.getBean(AbstractApplicationContext.java:1234) ~[spring-context-6.1.6.jar:6.1.6]
	at org.springframework.context.support.AbstractApplicationContext.finishBeanFactoryInitialization(AbstractApplicationContext.java:952) ~[spring-context-6.1.6.jar:6.1.6]
	at org.springframework.context.support.AbstractApplicationContext.refresh(AbstractApplicationContext.java:624) ~[spring-context-6.1.6.jar:6.1.6]
	at org.springframework.boot.SpringApplication.refresh(SpringApplication.java:754) ~[spring-boot-3.2.5.jar:3.2.5]
	at org.springframework.boot.SpringApplication.refreshContext(SpringApplication.java:456) ~[spring-boot-3.2.5.jar:3.2.5]
	at org.springframework.boot.SpringApplication.run(SpringApplication.java:334) ~[spring-boot-3.2.5.jar:3.2.5]
	at org.springframework.boot.test.context.SpringBootContextLoader.lambda$loadContext$3(SpringBootContextLoader.java:137) ~[spring-boot-test-3.2.5.jar:3.2.5]
	at org.springframework.util.function.ThrowingSupplier.get(ThrowingSupplier.java:58) ~[spring-core-6.1.6.jar:6.1.6]
	at org.springframework.util.function.ThrowingSupplier.get(ThrowingSupplier.java:46) ~[spring-core-6.1.6.jar:6.1.6]
	at org.springframework.boot.SpringApplication.withHook(SpringApplication.java:1454) ~[spring-boot-3.2.5.jar:3.2.5]
	at org.springframework.boot.test.context.SpringBootContextLoader$ContextLoaderHook.run(SpringBootContextLoader.java:553) ~[spring-boot-test-3.2.5.jar:3.2.5]
	at org.springframework.boot.test.context.SpringBootContextLoader.loadContext(SpringBootContextLoader.java:137) ~[spring-boot-test-3.2.5.jar:3.2.5]
	at org.springframework.boot.test.context.SpringBootContextLoader.loadContext(SpringBootContextLoader.java:108) ~[spring-boot-test-3.2.5.jar:3.2.5]
	at org.springframework.test.context.cache.DefaultCacheAwareContextLoaderDelegate.loadContextInternal(DefaultCacheAwareContextLoaderDelegate.java:225) ~[spring-test-6.1.6.jar:6.1.6]
	at org.springframework.test.context.cache.DefaultCacheAwareContextLoaderDelegate.loadContext(DefaultCacheAwareContextLoaderDelegate.java:152) ~[spring-test-6.1.6.jar:6.1.6]
	at org.springframework.test.context.support.DefaultTestContext.getApplicationContext(DefaultTestContext.java:130) ~[spring-test-6.1.6.jar:6.1.6]
	at org.springframework.test.context.web.ServletTestExecutionListener.setUpRequestContextIfNecessary(ServletTestExecutionListener.java:191) ~[spring-test-6.1.6.jar:6.1.6]
	at org.springframework.test.context.web.ServletTestExecutionListener.prepareTestInstance(ServletTestExecutionListener.java:130) ~[spring-test-6.1.6.jar:6.1.6]
	at org.springframework.test.context.TestContextManager.prepareTestInstance(TestContextManager.java:260) ~[spring-test-6.1.6.jar:6.1.6]
	at org.springframework.test.context.junit.jupiter.SpringExtension.postProcessTestInstance(SpringExtension.java:163) ~[spring-test-6.1.6.jar:6.1.6]
	at org.junit.jupiter.engine.descriptor.ClassBasedTestDescriptor.lambda$invokeTestInstancePostProcessors$10(ClassBasedTestDescriptor.java:378) ~[junit-jupiter-engine-5.10.2.jar:5.10.2]
	at org.junit.jupiter.engine.descriptor.ClassBasedTestDescriptor.executeAndMaskThrowable(ClassBasedTestDescriptor.java:383) ~[junit-jupiter-engine-5.10.2.jar:5.10.2]
	at org.junit.jupiter.engine.descriptor.ClassBasedTestDescriptor.lambda$invokeTestInstancePostProcessors$11(ClassBasedTestDescriptor.java:378) ~[junit-jupiter-engine-5.10.2.jar:5.10.2]
	at java.base/java.util.stream.ReferencePipeline$3$1.accept(ReferencePipeline.java:197) ~[na:na]
	at java.base/java.util.stream.ReferencePipeline$2$1.accept(ReferencePipeline.java:179) ~[na:na]
	at java.base/java.util.ArrayList$ArrayListSpliterator.forEachRemaining(ArrayList.java:1625) ~[na:na]
	at java.base/java.util.stream.AbstractPipeline.copyInto(AbstractPipeline.java:509) ~[na:na]
	at java.base/java.util.stream.AbstractPipeline.wrapAndCopyInto(AbstractPipeline.java:499) ~[na:na]
	at java.base/java.util.stream.StreamSpliterators$WrappingSpliterator.forEachRemaining(StreamSpliterators.java:310) ~[na:na]
	at java.base/java.util.stream.Streams$ConcatSpliterator.forEachRemaining(Streams.java:735) ~[na:na]
	at java.base/java.util.stream.Streams$ConcatSpliterator.forEachRemaining(Streams.java:734) ~[na:na]
	at java.base/java.util.stream.ReferencePipeline$Head.forEach(ReferencePipeline.java:762) ~[na:na]
	at org.junit.jupiter.engine.descriptor.ClassBasedTestDescriptor.invokeTestInstancePostProcessors(ClassBasedTestDescriptor.java:377) ~[junit-jupiter-engine-5.10.2.jar:5.10.2]
	at org.junit.jupiter.engine.descriptor.ClassBasedTestDescriptor.lambda$instantiateAndPostProcessTestInstance$6(ClassBasedTestDescriptor.java:290) ~[junit-jupiter-engine-5.10.2.jar:5.10.2]
	at org.junit.platform.engine.support.hierarchical.ThrowableCollector.execute(ThrowableCollector.java:73) ~[junit-platform-engine-1.10.2.jar:1.10.2]
	at org.junit.jupiter.engine.descriptor.ClassBasedTestDescriptor.instantiateAndPostProcessTestInstance(ClassBasedTestDescriptor.java:289) ~[junit-jupiter-engine-5.10.2.jar:5.10.2]
	at org.junit.jupiter.engine.descriptor.ClassBasedTestDescriptor.lambda$testInstancesProvider$4(ClassBasedTestDescriptor.java:279) ~[junit-jupiter-engine-5.10.2.jar:5.10.2]
	at java.base/java.util.Optional.orElseGet(Optional.java:364) ~[na:na]
	at org.junit.jupiter.engine.descriptor.ClassBasedTestDescriptor.lambda$testInstancesProvider$5(ClassBasedTestDescriptor.java:278) ~[junit-jupiter-engine-5.10.2.jar:5.10.2]
	at org.junit.jupiter.engine.execution.TestInstancesProvider.getTestInstances(TestInstancesProvider.java:31) ~[junit-jupiter-engine-5.10.2.jar:5.10.2]
	at org.junit.jupiter.engine.descriptor.TestMethodTestDescriptor.lambda$prepare$0(TestMethodTestDescriptor.java:106) ~[junit-jupiter-engine-5.10.2.jar:5.10.2]
	at org.junit.platform.engine.support.hierarchical.ThrowableCollector.execute(ThrowableCollector.java:73) ~[junit-platform-engine-1.10.2.jar:1.10.2]
	at org.junit.jupiter.engine.descriptor.TestMethodTestDescriptor.prepare(TestMethodTestDescriptor.java:105) ~[junit-jupiter-engine-5.10.2.jar:5.10.2]
	at org.junit.jupiter.engine.descriptor.TestMethodTestDescriptor.prepare(TestMethodTestDescriptor.java:69) ~[junit-jupiter-engine-5.10.2.jar:5.10.2]
	at org.junit.platform.engine.support.hierarchical.NodeTestTask.lambda$prepare$2(NodeTestTask.java:123) ~[junit-platform-engine-1.10.2.jar:1.10.2]
	at org.junit.platform.engine.support.hierarchical.ThrowableCollector.execute(ThrowableCollector.java:73) ~[junit-platform-engine-1.10.2.jar:1.10.2]
	at org.junit.platform.engine.support.hierarchical.NodeTestTask.prepare(NodeTestTask.java:123) ~[junit-platform-engine-1.10.2.jar:1.10.2]
	at org.junit.platform.engine.support.hierarchical.NodeTestTask.execute(NodeTestTask.java:90) ~[junit-platform-engine-1.10.2.jar:1.10.2]
	at java.base/java.util.ArrayList.forEach(ArrayList.java:1511) ~[na:na]
	at org.junit.platform.engine.support.hierarchical.SameThreadHierarchicalTestExecutorService.invokeAll(SameThreadHierarchicalTestExecutorService.java:41) ~[junit-platform-engine-1.10.2.jar:1.10.2]
	at org.junit.platform.engine.support.hierarchical.NodeTestTask.lambda$executeRecursively$6(NodeTestTask.java:155) ~[junit-platform-engine-1.10.2.jar:1.10.2]
	at org.junit.platform.engine.support.hierarchical.ThrowableCollector.execute(ThrowableCollector.java:73) ~[junit-platform-engine-1.10.2.jar:1.10.2]
	at org.junit.platform.engine.support.hierarchical.NodeTestTask.lambda$executeRecursively$8(NodeTestTask.java:141) ~[junit-platform-engine-1.10.2.jar:1.10.2]
	at org.junit.platform.engine.support.hierarchical.Node.around(Node.java:137) ~[junit-platform-engine-1.10.2.jar:1.10.2]
	at org.junit.platform.engine.support.hierarchical.NodeTestTask.lambda$executeRecursively$9(NodeTestTask.java:139) ~[junit-platform-engine-1.10.2.jar:1.10.2]
	at org.junit.platform.engine.support.hierarchical.ThrowableCollector.execute(ThrowableCollector.java:73) ~[junit-platform-engine-1.10.2.jar:1.10.2]
	at org.junit.platform.engine.support.hierarchical.NodeTestTask.executeRecursively(NodeTestTask.java:138) ~[junit-platform-engine-1.10.2.jar:1.10.2]
	at org.junit.platform.engine.support.hierarchical.NodeTestTask.execute(NodeTestTask.java:95) ~[junit-platform-engine-1.10.2.jar:1.10.2]
	at java.base/java.util.ArrayList.forEach(ArrayList.java:1511) ~[na:na]
	at org.junit.platform.engine.support.hierarchical.SameThreadHierarchicalTestExecutorService.invokeAll(SameThreadHierarchicalTestExecutorService.java:41) ~[junit-platform-engine-1.10.2.jar:1.10.2]
	at org.junit.platform.engine.support.hierarchical.NodeTestTask.lambda$executeRecursively$6(NodeTestTask.java:155) ~[junit-platform-engine-1.10.2.jar:1.10.2]
	at org.junit.platform.engine.support.hierarchical.ThrowableCollector.execute(ThrowableCollector.java:73) ~[junit-platform-engine-1.10.2.jar:1.10.2]
	at org.junit.platform.engine.support.hierarchical.NodeTestTask.lambda$executeRecursively$8(NodeTestTask.java:141) ~[junit-platform-engine-1.10.2.jar:1.10.2]
	at org.junit.platform.engine.support.hierarchical.Node.around(Node.java:137) ~[junit-platform-engine-1.10.2.jar:1.10.2]
	at org.junit.platform.engine.support.hierarchical.NodeTestTask.lambda$executeRecursively$9(NodeTestTask.java:139) ~[junit-platform-engine-1.10.2.jar:1.10.2]
	at org.junit.platform.engine.support.hierarchical.ThrowableCollector.execute(ThrowableCollector.java:73) ~[junit-platform-engine-1.10.2.jar:1.10.2]
	at org.junit.platform.engine.support.hierarchical.NodeTestTask.executeRecursively(NodeTestTask.java:138) ~[junit-platform-engine-1.10.2.jar:1.10.2]
	at org.junit.platform.engine.support.hierarchical.NodeTestTask.execute(NodeTestTask.java:95) ~[junit-platform-engine-1.10.2.jar:1.10.2]
	at org.junit.platform.engine.support.hierarchical.SameThreadHierarchicalTestExecutorService.submit(SameThreadHierarchicalTestExecutorService.java:35) ~[junit-platform-engine-1.10.2.jar:1.10.2]
	at org.junit.platform.engine.support.hierarchical.HierarchicalTestExecutor.execute(HierarchicalTestExecutor.java:57) ~[junit-platform-engine-1.10.2.jar:1.10.2]
	at org.junit.platform.engine.support.hierarchical.HierarchicalTestEngine.execute(HierarchicalTestEngine.java:54) ~[junit-platform-engine-1.10.2.jar:1.10.2]
	at org.junit.platform.launcher.core.EngineExecutionOrchestrator.execute(EngineExecutionOrchestrator.java:198) ~[junit-platform-launcher-1.10.2.jar:1.10.2]
	at org.junit.platform.launcher.core.EngineExecutionOrchestrator.execute(EngineExecutionOrchestrator.java:169) ~[junit-platform-launcher-1.10.2.jar:1.10.2]
	at org.junit.platform.launcher.core.EngineExecutionOrchestrator.execute(EngineExecutionOrchestrator.java:93) ~[junit-platform-launcher-1.10.2.jar:1.10.2]
	at org.junit.platform.launcher.core.EngineExecutionOrchestrator.lambda$execute$0(EngineExecutionOrchestrator.java:58) ~[junit-platform-launcher-1.10.2.jar:1.10.2]
	at org.junit.platform.launcher.core.EngineExecutionOrchestrator.withInterceptedStreams(EngineExecutionOrchestrator.java:141) ~[junit-platform-launcher-1.10.2.jar:1.10.2]
	at org.junit.platform.launcher.core.EngineExecutionOrchestrator.execute(EngineExecutionOrchestrator.java:57) ~[junit-platform-launcher-1.10.2.jar:1.10.2]
	at org.junit.platform.launcher.core.DefaultLauncher.execute(DefaultLauncher.java:103) ~[junit-platform-launcher-1.10.2.jar:1.10.2]
	at org.junit.platform.launcher.core.DefaultLauncher.execute(DefaultLauncher.java:85) ~[junit-platform-launcher-1.10.2.jar:1.10.2]
	at org.junit.platform.launcher.core.DelegatingLauncher.execute(DelegatingLauncher.java:47) ~[junit-platform-launcher-1.10.2.jar:1.10.2]
	at org.apache.maven.surefire.junitplatform.LazyLauncher.execute(LazyLauncher.java:56) ~[surefire-junit-platform-3.1.2.jar:3.1.2]
	at org.apache.maven.surefire.junitplatform.JUnitPlatformProvider.execute(JUnitPlatformProvider.java:184) ~[surefire-junit-platform-3.1.2.jar:3.1.2]
	at org.apache.maven.surefire.junitplatform.JUnitPlatformProvider.invokeAllTests(JUnitPlatformProvider.java:148) ~[surefire-junit-platform-3.1.2.jar:3.1.2]
	at org.apache.maven.surefire.junitplatform.JUnitPlatformProvider.invoke(JUnitPlatformProvider.java:122) ~[surefire-junit-platform-3.1.2.jar:3.1.2]
	at org.apache.maven.surefire.booter.ForkedBooter.runSuitesInProcess(ForkedBooter.java:385) ~[surefire-booter-3.1.2.jar:3.1.2]
	at org.apache.maven.surefire.booter.ForkedBooter.execute(ForkedBooter.java:162) ~[surefire-booter-3.1.2.jar:3.1.2]
	at org.apache.maven.surefire.booter.ForkedBooter.run(ForkedBooter.java:507) ~[surefire-booter-3.1.2.jar:3.1.2]
	at org.apache.maven.surefire.booter.ForkedBooter.main(ForkedBooter.java:495) ~[surefire-booter-3.1.2.jar:3.1.2]

2024-05-17T15:11:55.343+02:00 DEBUG 4684 --- [clothlogix] [           main] org.hibernate.orm.sql.ast.tree           : SQL AST Tree:
    SelectStatement {
      FromClause {
        StandardTableGroup (ue1 : com.fabless.clothlogix.model.entities.UtenteEntity) {
          primaryTableReference : utente as ue1_0
          TableGroupJoins {
            left  join LazyTableGroup (l1 : com.fabless.clothlogix.model.entities.UtenteEntity.login) {
              primaryTableReference : login as l1_0
            }
          }
        }
      }
    }

2024-05-17T15:11:55.343+02:00 DEBUG 4684 --- [clothlogix] [           main] o.h.p.entity.AbstractEntityPersister     : Static SQL for entity: com.fabless.clothlogix.model.entities.UtenteEntity
2024-05-17T15:11:55.343+02:00 DEBUG 4684 --- [clothlogix] [           main] o.h.p.entity.AbstractEntityPersister     :  Version select: select id from utente where id=?
2024-05-17T15:11:55.343+02:00 DEBUG 4684 --- [clothlogix] [           main] o.h.p.entity.AbstractEntityPersister     :  Insert (0): insert into utente (cap,citta,cognome,data,indirizzo,id_login,nazionalita,nome,regione) values (?,?,?,?,?,?,?,?,?)
2024-05-17T15:11:55.343+02:00 DEBUG 4684 --- [clothlogix] [           main] o.h.p.entity.AbstractEntityPersister     :  Update (0): update utente set cap=?,citta=?,cognome=?,data=?,indirizzo=?,id_login=?,nazionalita=?,nome=?,regione=? where id=?
2024-05-17T15:11:55.343+02:00 DEBUG 4684 --- [clothlogix] [           main] o.h.p.entity.AbstractEntityPersister     :  Delete (0): delete from utente where id=?
2024-05-17T15:11:55.343+02:00 DEBUG 4684 --- [clothlogix] [           main] org.hibernate.orm.sql.ast.create         : Created new SQL alias : me1_0
2024-05-17T15:11:55.343+02:00 DEBUG 4684 --- [clothlogix] [           main] org.hibernate.orm.sql.ast.create         : Registration of TableGroup [StandardTableGroup(com.fabless.clothlogix.model.entities.MagazzinoEntity)] with identifierForTableGroup [com.fabless.clothlogix.model.entities.MagazzinoEntity] for NavigablePath [com.fabless.clothlogix.model.entities.MagazzinoEntity] 
2024-05-17T15:11:55.343+02:00 TRACE 4684 --- [clothlogix] [           main] o.h.l.ast.internal.LoaderSelectBuilder   : Starting visitation of FetchParent's Fetchables : com.fabless.clothlogix.model.entities.MagazzinoEntity
2024-05-17T15:11:55.343+02:00 DEBUG 4684 --- [clothlogix] [           main] org.hibernate.orm.results.graph.AST      : DomainResult Graph:
 \-EntityResultImpl [com.fabless.clothlogix.model.entities.MagazzinoEntity]
 |  +-BasicFetch [com.fabless.clothlogix.model.entities.MagazzinoEntity.disponibilita]
 |  +-DelayedCollectionFetch [com.fabless.clothlogix.model.entities.MagazzinoEntity.prodotti]
 |  +-BasicFetch [com.fabless.clothlogix.model.entities.MagazzinoEntity.quantita]
 |  \-DelayedCollectionFetch [com.fabless.clothlogix.model.entities.MagazzinoEntity.sezioni]

2024-05-17T15:11:55.343+02:00 TRACE 4684 --- [clothlogix] [           main] org.hibernate.orm.results.graph.AST      : Stack trace calling DomainResultGraphPrinter

java.lang.Exception: null
	at org.hibernate.sql.results.graph.DomainResultGraphPrinter.visitDomainResults(DomainResultGraphPrinter.java:70) ~[hibernate-core-6.4.4.Final.jar:6.4.4.Final]
	at org.hibernate.sql.results.graph.DomainResultGraphPrinter.logDomainResultGraph(DomainResultGraphPrinter.java:46) ~[hibernate-core-6.4.4.Final.jar:6.4.4.Final]
	at org.hibernate.sql.results.graph.DomainResultGraphPrinter.logDomainResultGraph(DomainResultGraphPrinter.java:37) ~[hibernate-core-6.4.4.Final.jar:6.4.4.Final]
	at org.hibernate.sql.ast.spi.AbstractSqlAstTranslator.translateSelect(AbstractSqlAstTranslator.java:858) ~[hibernate-core-6.4.4.Final.jar:6.4.4.Final]
	at org.hibernate.sql.ast.spi.AbstractSqlAstTranslator.translate(AbstractSqlAstTranslator.java:811) ~[hibernate-core-6.4.4.Final.jar:6.4.4.Final]
	at org.hibernate.loader.ast.internal.SingleIdLoadPlan.<init>(SingleIdLoadPlan.java:66) ~[hibernate-core-6.4.4.Final.jar:6.4.4.Final]
	at org.hibernate.loader.ast.internal.SingleIdEntityLoaderStandardImpl.createLoadPlan(SingleIdEntityLoaderStandardImpl.java:198) ~[hibernate-core-6.4.4.Final.jar:6.4.4.Final]
	at org.hibernate.loader.ast.internal.SingleIdEntityLoaderStandardImpl.lambda$new$0(SingleIdEntityLoaderStandardImpl.java:41) ~[hibernate-core-6.4.4.Final.jar:6.4.4.Final]
	at org.hibernate.loader.ast.internal.SingleIdEntityLoaderStandardImpl.<init>(SingleIdEntityLoaderStandardImpl.java:62) ~[hibernate-core-6.4.4.Final.jar:6.4.4.Final]
	at org.hibernate.loader.ast.internal.SingleIdEntityLoaderStandardImpl.<init>(SingleIdEntityLoaderStandardImpl.java:38) ~[hibernate-core-6.4.4.Final.jar:6.4.4.Final]
	at org.hibernate.persister.entity.AbstractEntityPersister.buildSingleIdEntityLoader(AbstractEntityPersister.java:864) ~[hibernate-core-6.4.4.Final.jar:6.4.4.Final]
	at org.hibernate.persister.entity.AbstractEntityPersister.buildSingleIdEntityLoader(AbstractEntityPersister.java:853) ~[hibernate-core-6.4.4.Final.jar:6.4.4.Final]
	at org.hibernate.persister.entity.AbstractEntityPersister.prepareLoaders(AbstractEntityPersister.java:3419) ~[hibernate-core-6.4.4.Final.jar:6.4.4.Final]
	at org.hibernate.metamodel.model.domain.internal.MappingMetamodelImpl.finishInitialization(MappingMetamodelImpl.java:206) ~[hibernate-core-6.4.4.Final.jar:6.4.4.Final]
	at org.hibernate.internal.SessionFactoryImpl.initializeMappingModel(SessionFactoryImpl.java:364) ~[hibernate-core-6.4.4.Final.jar:6.4.4.Final]
	at org.hibernate.internal.SessionFactoryImpl.<init>(SessionFactoryImpl.java:293) ~[hibernate-core-6.4.4.Final.jar:6.4.4.Final]
	at org.hibernate.boot.internal.SessionFactoryBuilderImpl.build(SessionFactoryBuilderImpl.java:450) ~[hibernate-core-6.4.4.Final.jar:6.4.4.Final]
	at org.hibernate.jpa.boot.internal.EntityManagerFactoryBuilderImpl.build(EntityManagerFactoryBuilderImpl.java:1507) ~[hibernate-core-6.4.4.Final.jar:6.4.4.Final]
	at org.springframework.orm.jpa.vendor.SpringHibernateJpaPersistenceProvider.createContainerEntityManagerFactory(SpringHibernateJpaPersistenceProvider.java:75) ~[spring-orm-6.1.6.jar:6.1.6]
	at org.springframework.orm.jpa.LocalContainerEntityManagerFactoryBean.createNativeEntityManagerFactory(LocalContainerEntityManagerFactoryBean.java:390) ~[spring-orm-6.1.6.jar:6.1.6]
	at org.springframework.orm.jpa.AbstractEntityManagerFactoryBean.buildNativeEntityManagerFactory(AbstractEntityManagerFactoryBean.java:409) ~[spring-orm-6.1.6.jar:6.1.6]
	at org.springframework.orm.jpa.AbstractEntityManagerFactoryBean.afterPropertiesSet(AbstractEntityManagerFactoryBean.java:396) ~[spring-orm-6.1.6.jar:6.1.6]
	at org.springframework.orm.jpa.LocalContainerEntityManagerFactoryBean.afterPropertiesSet(LocalContainerEntityManagerFactoryBean.java:366) ~[spring-orm-6.1.6.jar:6.1.6]
	at org.springframework.beans.factory.support.AbstractAutowireCapableBeanFactory.invokeInitMethods(AbstractAutowireCapableBeanFactory.java:1833) ~[spring-beans-6.1.6.jar:6.1.6]
	at org.springframework.beans.factory.support.AbstractAutowireCapableBeanFactory.initializeBean(AbstractAutowireCapableBeanFactory.java:1782) ~[spring-beans-6.1.6.jar:6.1.6]
	at org.springframework.beans.factory.support.AbstractAutowireCapableBeanFactory.doCreateBean(AbstractAutowireCapableBeanFactory.java:600) ~[spring-beans-6.1.6.jar:6.1.6]
	at org.springframework.beans.factory.support.AbstractAutowireCapableBeanFactory.createBean(AbstractAutowireCapableBeanFactory.java:522) ~[spring-beans-6.1.6.jar:6.1.6]
	at org.springframework.beans.factory.support.AbstractBeanFactory.lambda$doGetBean$0(AbstractBeanFactory.java:326) ~[spring-beans-6.1.6.jar:6.1.6]
	at org.springframework.beans.factory.support.DefaultSingletonBeanRegistry.getSingleton(DefaultSingletonBeanRegistry.java:234) ~[spring-beans-6.1.6.jar:6.1.6]
	at org.springframework.beans.factory.support.AbstractBeanFactory.doGetBean(AbstractBeanFactory.java:324) ~[spring-beans-6.1.6.jar:6.1.6]
	at org.springframework.beans.factory.support.AbstractBeanFactory.getBean(AbstractBeanFactory.java:200) ~[spring-beans-6.1.6.jar:6.1.6]
	at org.springframework.context.support.AbstractApplicationContext.getBean(AbstractApplicationContext.java:1234) ~[spring-context-6.1.6.jar:6.1.6]
	at org.springframework.context.support.AbstractApplicationContext.finishBeanFactoryInitialization(AbstractApplicationContext.java:952) ~[spring-context-6.1.6.jar:6.1.6]
	at org.springframework.context.support.AbstractApplicationContext.refresh(AbstractApplicationContext.java:624) ~[spring-context-6.1.6.jar:6.1.6]
	at org.springframework.boot.SpringApplication.refresh(SpringApplication.java:754) ~[spring-boot-3.2.5.jar:3.2.5]
	at org.springframework.boot.SpringApplication.refreshContext(SpringApplication.java:456) ~[spring-boot-3.2.5.jar:3.2.5]
	at org.springframework.boot.SpringApplication.run(SpringApplication.java:334) ~[spring-boot-3.2.5.jar:3.2.5]
	at org.springframework.boot.test.context.SpringBootContextLoader.lambda$loadContext$3(SpringBootContextLoader.java:137) ~[spring-boot-test-3.2.5.jar:3.2.5]
	at org.springframework.util.function.ThrowingSupplier.get(ThrowingSupplier.java:58) ~[spring-core-6.1.6.jar:6.1.6]
	at org.springframework.util.function.ThrowingSupplier.get(ThrowingSupplier.java:46) ~[spring-core-6.1.6.jar:6.1.6]
	at org.springframework.boot.SpringApplication.withHook(SpringApplication.java:1454) ~[spring-boot-3.2.5.jar:3.2.5]
	at org.springframework.boot.test.context.SpringBootContextLoader$ContextLoaderHook.run(SpringBootContextLoader.java:553) ~[spring-boot-test-3.2.5.jar:3.2.5]
	at org.springframework.boot.test.context.SpringBootContextLoader.loadContext(SpringBootContextLoader.java:137) ~[spring-boot-test-3.2.5.jar:3.2.5]
	at org.springframework.boot.test.context.SpringBootContextLoader.loadContext(SpringBootContextLoader.java:108) ~[spring-boot-test-3.2.5.jar:3.2.5]
	at org.springframework.test.context.cache.DefaultCacheAwareContextLoaderDelegate.loadContextInternal(DefaultCacheAwareContextLoaderDelegate.java:225) ~[spring-test-6.1.6.jar:6.1.6]
	at org.springframework.test.context.cache.DefaultCacheAwareContextLoaderDelegate.loadContext(DefaultCacheAwareContextLoaderDelegate.java:152) ~[spring-test-6.1.6.jar:6.1.6]
	at org.springframework.test.context.support.DefaultTestContext.getApplicationContext(DefaultTestContext.java:130) ~[spring-test-6.1.6.jar:6.1.6]
	at org.springframework.test.context.web.ServletTestExecutionListener.setUpRequestContextIfNecessary(ServletTestExecutionListener.java:191) ~[spring-test-6.1.6.jar:6.1.6]
	at org.springframework.test.context.web.ServletTestExecutionListener.prepareTestInstance(ServletTestExecutionListener.java:130) ~[spring-test-6.1.6.jar:6.1.6]
	at org.springframework.test.context.TestContextManager.prepareTestInstance(TestContextManager.java:260) ~[spring-test-6.1.6.jar:6.1.6]
	at org.springframework.test.context.junit.jupiter.SpringExtension.postProcessTestInstance(SpringExtension.java:163) ~[spring-test-6.1.6.jar:6.1.6]
	at org.junit.jupiter.engine.descriptor.ClassBasedTestDescriptor.lambda$invokeTestInstancePostProcessors$10(ClassBasedTestDescriptor.java:378) ~[junit-jupiter-engine-5.10.2.jar:5.10.2]
	at org.junit.jupiter.engine.descriptor.ClassBasedTestDescriptor.executeAndMaskThrowable(ClassBasedTestDescriptor.java:383) ~[junit-jupiter-engine-5.10.2.jar:5.10.2]
	at org.junit.jupiter.engine.descriptor.ClassBasedTestDescriptor.lambda$invokeTestInstancePostProcessors$11(ClassBasedTestDescriptor.java:378) ~[junit-jupiter-engine-5.10.2.jar:5.10.2]
	at java.base/java.util.stream.ReferencePipeline$3$1.accept(ReferencePipeline.java:197) ~[na:na]
	at java.base/java.util.stream.ReferencePipeline$2$1.accept(ReferencePipeline.java:179) ~[na:na]
	at java.base/java.util.ArrayList$ArrayListSpliterator.forEachRemaining(ArrayList.java:1625) ~[na:na]
	at java.base/java.util.stream.AbstractPipeline.copyInto(AbstractPipeline.java:509) ~[na:na]
	at java.base/java.util.stream.AbstractPipeline.wrapAndCopyInto(AbstractPipeline.java:499) ~[na:na]
	at java.base/java.util.stream.StreamSpliterators$WrappingSpliterator.forEachRemaining(StreamSpliterators.java:310) ~[na:na]
	at java.base/java.util.stream.Streams$ConcatSpliterator.forEachRemaining(Streams.java:735) ~[na:na]
	at java.base/java.util.stream.Streams$ConcatSpliterator.forEachRemaining(Streams.java:734) ~[na:na]
	at java.base/java.util.stream.ReferencePipeline$Head.forEach(ReferencePipeline.java:762) ~[na:na]
	at org.junit.jupiter.engine.descriptor.ClassBasedTestDescriptor.invokeTestInstancePostProcessors(ClassBasedTestDescriptor.java:377) ~[junit-jupiter-engine-5.10.2.jar:5.10.2]
	at org.junit.jupiter.engine.descriptor.ClassBasedTestDescriptor.lambda$instantiateAndPostProcessTestInstance$6(ClassBasedTestDescriptor.java:290) ~[junit-jupiter-engine-5.10.2.jar:5.10.2]
	at org.junit.platform.engine.support.hierarchical.ThrowableCollector.execute(ThrowableCollector.java:73) ~[junit-platform-engine-1.10.2.jar:1.10.2]
	at org.junit.jupiter.engine.descriptor.ClassBasedTestDescriptor.instantiateAndPostProcessTestInstance(ClassBasedTestDescriptor.java:289) ~[junit-jupiter-engine-5.10.2.jar:5.10.2]
	at org.junit.jupiter.engine.descriptor.ClassBasedTestDescriptor.lambda$testInstancesProvider$4(ClassBasedTestDescriptor.java:279) ~[junit-jupiter-engine-5.10.2.jar:5.10.2]
	at java.base/java.util.Optional.orElseGet(Optional.java:364) ~[na:na]
	at org.junit.jupiter.engine.descriptor.ClassBasedTestDescriptor.lambda$testInstancesProvider$5(ClassBasedTestDescriptor.java:278) ~[junit-jupiter-engine-5.10.2.jar:5.10.2]
	at org.junit.jupiter.engine.execution.TestInstancesProvider.getTestInstances(TestInstancesProvider.java:31) ~[junit-jupiter-engine-5.10.2.jar:5.10.2]
	at org.junit.jupiter.engine.descriptor.TestMethodTestDescriptor.lambda$prepare$0(TestMethodTestDescriptor.java:106) ~[junit-jupiter-engine-5.10.2.jar:5.10.2]
	at org.junit.platform.engine.support.hierarchical.ThrowableCollector.execute(ThrowableCollector.java:73) ~[junit-platform-engine-1.10.2.jar:1.10.2]
	at org.junit.jupiter.engine.descriptor.TestMethodTestDescriptor.prepare(TestMethodTestDescriptor.java:105) ~[junit-jupiter-engine-5.10.2.jar:5.10.2]
	at org.junit.jupiter.engine.descriptor.TestMethodTestDescriptor.prepare(TestMethodTestDescriptor.java:69) ~[junit-jupiter-engine-5.10.2.jar:5.10.2]
	at org.junit.platform.engine.support.hierarchical.NodeTestTask.lambda$prepare$2(NodeTestTask.java:123) ~[junit-platform-engine-1.10.2.jar:1.10.2]
	at org.junit.platform.engine.support.hierarchical.ThrowableCollector.execute(ThrowableCollector.java:73) ~[junit-platform-engine-1.10.2.jar:1.10.2]
	at org.junit.platform.engine.support.hierarchical.NodeTestTask.prepare(NodeTestTask.java:123) ~[junit-platform-engine-1.10.2.jar:1.10.2]
	at org.junit.platform.engine.support.hierarchical.NodeTestTask.execute(NodeTestTask.java:90) ~[junit-platform-engine-1.10.2.jar:1.10.2]
	at java.base/java.util.ArrayList.forEach(ArrayList.java:1511) ~[na:na]
	at org.junit.platform.engine.support.hierarchical.SameThreadHierarchicalTestExecutorService.invokeAll(SameThreadHierarchicalTestExecutorService.java:41) ~[junit-platform-engine-1.10.2.jar:1.10.2]
	at org.junit.platform.engine.support.hierarchical.NodeTestTask.lambda$executeRecursively$6(NodeTestTask.java:155) ~[junit-platform-engine-1.10.2.jar:1.10.2]
	at org.junit.platform.engine.support.hierarchical.ThrowableCollector.execute(ThrowableCollector.java:73) ~[junit-platform-engine-1.10.2.jar:1.10.2]
	at org.junit.platform.engine.support.hierarchical.NodeTestTask.lambda$executeRecursively$8(NodeTestTask.java:141) ~[junit-platform-engine-1.10.2.jar:1.10.2]
	at org.junit.platform.engine.support.hierarchical.Node.around(Node.java:137) ~[junit-platform-engine-1.10.2.jar:1.10.2]
	at org.junit.platform.engine.support.hierarchical.NodeTestTask.lambda$executeRecursively$9(NodeTestTask.java:139) ~[junit-platform-engine-1.10.2.jar:1.10.2]
	at org.junit.platform.engine.support.hierarchical.ThrowableCollector.execute(ThrowableCollector.java:73) ~[junit-platform-engine-1.10.2.jar:1.10.2]
	at org.junit.platform.engine.support.hierarchical.NodeTestTask.executeRecursively(NodeTestTask.java:138) ~[junit-platform-engine-1.10.2.jar:1.10.2]
	at org.junit.platform.engine.support.hierarchical.NodeTestTask.execute(NodeTestTask.java:95) ~[junit-platform-engine-1.10.2.jar:1.10.2]
	at java.base/java.util.ArrayList.forEach(ArrayList.java:1511) ~[na:na]
	at org.junit.platform.engine.support.hierarchical.SameThreadHierarchicalTestExecutorService.invokeAll(SameThreadHierarchicalTestExecutorService.java:41) ~[junit-platform-engine-1.10.2.jar:1.10.2]
	at org.junit.platform.engine.support.hierarchical.NodeTestTask.lambda$executeRecursively$6(NodeTestTask.java:155) ~[junit-platform-engine-1.10.2.jar:1.10.2]
	at org.junit.platform.engine.support.hierarchical.ThrowableCollector.execute(ThrowableCollector.java:73) ~[junit-platform-engine-1.10.2.jar:1.10.2]
	at org.junit.platform.engine.support.hierarchical.NodeTestTask.lambda$executeRecursively$8(NodeTestTask.java:141) ~[junit-platform-engine-1.10.2.jar:1.10.2]
	at org.junit.platform.engine.support.hierarchical.Node.around(Node.java:137) ~[junit-platform-engine-1.10.2.jar:1.10.2]
	at org.junit.platform.engine.support.hierarchical.NodeTestTask.lambda$executeRecursively$9(NodeTestTask.java:139) ~[junit-platform-engine-1.10.2.jar:1.10.2]
	at org.junit.platform.engine.support.hierarchical.ThrowableCollector.execute(ThrowableCollector.java:73) ~[junit-platform-engine-1.10.2.jar:1.10.2]
	at org.junit.platform.engine.support.hierarchical.NodeTestTask.executeRecursively(NodeTestTask.java:138) ~[junit-platform-engine-1.10.2.jar:1.10.2]
	at org.junit.platform.engine.support.hierarchical.NodeTestTask.execute(NodeTestTask.java:95) ~[junit-platform-engine-1.10.2.jar:1.10.2]
	at org.junit.platform.engine.support.hierarchical.SameThreadHierarchicalTestExecutorService.submit(SameThreadHierarchicalTestExecutorService.java:35) ~[junit-platform-engine-1.10.2.jar:1.10.2]
	at org.junit.platform.engine.support.hierarchical.HierarchicalTestExecutor.execute(HierarchicalTestExecutor.java:57) ~[junit-platform-engine-1.10.2.jar:1.10.2]
	at org.junit.platform.engine.support.hierarchical.HierarchicalTestEngine.execute(HierarchicalTestEngine.java:54) ~[junit-platform-engine-1.10.2.jar:1.10.2]
	at org.junit.platform.launcher.core.EngineExecutionOrchestrator.execute(EngineExecutionOrchestrator.java:198) ~[junit-platform-launcher-1.10.2.jar:1.10.2]
	at org.junit.platform.launcher.core.EngineExecutionOrchestrator.execute(EngineExecutionOrchestrator.java:169) ~[junit-platform-launcher-1.10.2.jar:1.10.2]
	at org.junit.platform.launcher.core.EngineExecutionOrchestrator.execute(EngineExecutionOrchestrator.java:93) ~[junit-platform-launcher-1.10.2.jar:1.10.2]
	at org.junit.platform.launcher.core.EngineExecutionOrchestrator.lambda$execute$0(EngineExecutionOrchestrator.java:58) ~[junit-platform-launcher-1.10.2.jar:1.10.2]
	at org.junit.platform.launcher.core.EngineExecutionOrchestrator.withInterceptedStreams(EngineExecutionOrchestrator.java:141) ~[junit-platform-launcher-1.10.2.jar:1.10.2]
	at org.junit.platform.launcher.core.EngineExecutionOrchestrator.execute(EngineExecutionOrchestrator.java:57) ~[junit-platform-launcher-1.10.2.jar:1.10.2]
	at org.junit.platform.launcher.core.DefaultLauncher.execute(DefaultLauncher.java:103) ~[junit-platform-launcher-1.10.2.jar:1.10.2]
	at org.junit.platform.launcher.core.DefaultLauncher.execute(DefaultLauncher.java:85) ~[junit-platform-launcher-1.10.2.jar:1.10.2]
	at org.junit.platform.launcher.core.DelegatingLauncher.execute(DelegatingLauncher.java:47) ~[junit-platform-launcher-1.10.2.jar:1.10.2]
	at org.apache.maven.surefire.junitplatform.LazyLauncher.execute(LazyLauncher.java:56) ~[surefire-junit-platform-3.1.2.jar:3.1.2]
	at org.apache.maven.surefire.junitplatform.JUnitPlatformProvider.execute(JUnitPlatformProvider.java:184) ~[surefire-junit-platform-3.1.2.jar:3.1.2]
	at org.apache.maven.surefire.junitplatform.JUnitPlatformProvider.invokeAllTests(JUnitPlatformProvider.java:148) ~[surefire-junit-platform-3.1.2.jar:3.1.2]
	at org.apache.maven.surefire.junitplatform.JUnitPlatformProvider.invoke(JUnitPlatformProvider.java:122) ~[surefire-junit-platform-3.1.2.jar:3.1.2]
	at org.apache.maven.surefire.booter.ForkedBooter.runSuitesInProcess(ForkedBooter.java:385) ~[surefire-booter-3.1.2.jar:3.1.2]
	at org.apache.maven.surefire.booter.ForkedBooter.execute(ForkedBooter.java:162) ~[surefire-booter-3.1.2.jar:3.1.2]
	at org.apache.maven.surefire.booter.ForkedBooter.run(ForkedBooter.java:507) ~[surefire-booter-3.1.2.jar:3.1.2]
	at org.apache.maven.surefire.booter.ForkedBooter.main(ForkedBooter.java:495) ~[surefire-booter-3.1.2.jar:3.1.2]

2024-05-17T15:11:55.343+02:00 DEBUG 4684 --- [clothlogix] [           main] org.hibernate.orm.sql.ast.tree           : SQL AST Tree:
    SelectStatement {
      FromClause {
        StandardTableGroup (me1 : com.fabless.clothlogix.model.entities.MagazzinoEntity) {
          primaryTableReference : magazzino as me1_0
        }
      }
    }

2024-05-17T15:11:55.343+02:00 DEBUG 4684 --- [clothlogix] [           main] o.h.p.entity.AbstractEntityPersister     : Static SQL for entity: com.fabless.clothlogix.model.entities.MagazzinoEntity
2024-05-17T15:11:55.343+02:00 DEBUG 4684 --- [clothlogix] [           main] o.h.p.entity.AbstractEntityPersister     :  Version select: select id from magazzino where id=?
2024-05-17T15:11:55.343+02:00 DEBUG 4684 --- [clothlogix] [           main] o.h.p.entity.AbstractEntityPersister     :  Insert (0): insert into magazzino (disponibilita,quantita) values (?,?)
2024-05-17T15:11:55.343+02:00 DEBUG 4684 --- [clothlogix] [           main] o.h.p.entity.AbstractEntityPersister     :  Update (0): update magazzino set disponibilita=?,quantita=? where id=?
2024-05-17T15:11:55.343+02:00 DEBUG 4684 --- [clothlogix] [           main] o.h.p.entity.AbstractEntityPersister     :  Delete (0): delete from magazzino where id=?
2024-05-17T15:11:55.343+02:00 DEBUG 4684 --- [clothlogix] [           main] org.hibernate.orm.sql.ast.create         : Created new SQL alias : ce1_0
2024-05-17T15:11:55.343+02:00 DEBUG 4684 --- [clothlogix] [           main] org.hibernate.orm.sql.ast.create         : Registration of TableGroup [StandardTableGroup(com.fabless.clothlogix.model.entities.ColoreEntity)] with identifierForTableGroup [com.fabless.clothlogix.model.entities.ColoreEntity] for NavigablePath [com.fabless.clothlogix.model.entities.ColoreEntity] 
2024-05-17T15:11:55.343+02:00 TRACE 4684 --- [clothlogix] [           main] o.h.l.ast.internal.LoaderSelectBuilder   : Starting visitation of FetchParent's Fetchables : com.fabless.clothlogix.model.entities.ColoreEntity
2024-05-17T15:11:55.343+02:00 DEBUG 4684 --- [clothlogix] [           main] org.hibernate.orm.results.graph.AST      : DomainResult Graph:
 \-EntityResultImpl [com.fabless.clothlogix.model.entities.ColoreEntity]
 |  +-BasicFetch [com.fabless.clothlogix.model.entities.ColoreEntity.descrizione]
 |  \-DelayedCollectionFetch [com.fabless.clothlogix.model.entities.ColoreEntity.prodotti]

2024-05-17T15:11:55.343+02:00 TRACE 4684 --- [clothlogix] [           main] org.hibernate.orm.results.graph.AST      : Stack trace calling DomainResultGraphPrinter

java.lang.Exception: null
	at org.hibernate.sql.results.graph.DomainResultGraphPrinter.visitDomainResults(DomainResultGraphPrinter.java:70) ~[hibernate-core-6.4.4.Final.jar:6.4.4.Final]
	at org.hibernate.sql.results.graph.DomainResultGraphPrinter.logDomainResultGraph(DomainResultGraphPrinter.java:46) ~[hibernate-core-6.4.4.Final.jar:6.4.4.Final]
	at org.hibernate.sql.results.graph.DomainResultGraphPrinter.logDomainResultGraph(DomainResultGraphPrinter.java:37) ~[hibernate-core-6.4.4.Final.jar:6.4.4.Final]
	at org.hibernate.sql.ast.spi.AbstractSqlAstTranslator.translateSelect(AbstractSqlAstTranslator.java:858) ~[hibernate-core-6.4.4.Final.jar:6.4.4.Final]
	at org.hibernate.sql.ast.spi.AbstractSqlAstTranslator.translate(AbstractSqlAstTranslator.java:811) ~[hibernate-core-6.4.4.Final.jar:6.4.4.Final]
	at org.hibernate.loader.ast.internal.SingleIdLoadPlan.<init>(SingleIdLoadPlan.java:66) ~[hibernate-core-6.4.4.Final.jar:6.4.4.Final]
	at org.hibernate.loader.ast.internal.SingleIdEntityLoaderStandardImpl.createLoadPlan(SingleIdEntityLoaderStandardImpl.java:198) ~[hibernate-core-6.4.4.Final.jar:6.4.4.Final]
	at org.hibernate.loader.ast.internal.SingleIdEntityLoaderStandardImpl.lambda$new$0(SingleIdEntityLoaderStandardImpl.java:41) ~[hibernate-core-6.4.4.Final.jar:6.4.4.Final]
	at org.hibernate.loader.ast.internal.SingleIdEntityLoaderStandardImpl.<init>(SingleIdEntityLoaderStandardImpl.java:62) ~[hibernate-core-6.4.4.Final.jar:6.4.4.Final]
	at org.hibernate.loader.ast.internal.SingleIdEntityLoaderStandardImpl.<init>(SingleIdEntityLoaderStandardImpl.java:38) ~[hibernate-core-6.4.4.Final.jar:6.4.4.Final]
	at org.hibernate.persister.entity.AbstractEntityPersister.buildSingleIdEntityLoader(AbstractEntityPersister.java:864) ~[hibernate-core-6.4.4.Final.jar:6.4.4.Final]
	at org.hibernate.persister.entity.AbstractEntityPersister.buildSingleIdEntityLoader(AbstractEntityPersister.java:853) ~[hibernate-core-6.4.4.Final.jar:6.4.4.Final]
	at org.hibernate.persister.entity.AbstractEntityPersister.prepareLoaders(AbstractEntityPersister.java:3419) ~[hibernate-core-6.4.4.Final.jar:6.4.4.Final]
	at org.hibernate.metamodel.model.domain.internal.MappingMetamodelImpl.finishInitialization(MappingMetamodelImpl.java:206) ~[hibernate-core-6.4.4.Final.jar:6.4.4.Final]
	at org.hibernate.internal.SessionFactoryImpl.initializeMappingModel(SessionFactoryImpl.java:364) ~[hibernate-core-6.4.4.Final.jar:6.4.4.Final]
	at org.hibernate.internal.SessionFactoryImpl.<init>(SessionFactoryImpl.java:293) ~[hibernate-core-6.4.4.Final.jar:6.4.4.Final]
	at org.hibernate.boot.internal.SessionFactoryBuilderImpl.build(SessionFactoryBuilderImpl.java:450) ~[hibernate-core-6.4.4.Final.jar:6.4.4.Final]
	at org.hibernate.jpa.boot.internal.EntityManagerFactoryBuilderImpl.build(EntityManagerFactoryBuilderImpl.java:1507) ~[hibernate-core-6.4.4.Final.jar:6.4.4.Final]
	at org.springframework.orm.jpa.vendor.SpringHibernateJpaPersistenceProvider.createContainerEntityManagerFactory(SpringHibernateJpaPersistenceProvider.java:75) ~[spring-orm-6.1.6.jar:6.1.6]
	at org.springframework.orm.jpa.LocalContainerEntityManagerFactoryBean.createNativeEntityManagerFactory(LocalContainerEntityManagerFactoryBean.java:390) ~[spring-orm-6.1.6.jar:6.1.6]
	at org.springframework.orm.jpa.AbstractEntityManagerFactoryBean.buildNativeEntityManagerFactory(AbstractEntityManagerFactoryBean.java:409) ~[spring-orm-6.1.6.jar:6.1.6]
	at org.springframework.orm.jpa.AbstractEntityManagerFactoryBean.afterPropertiesSet(AbstractEntityManagerFactoryBean.java:396) ~[spring-orm-6.1.6.jar:6.1.6]
	at org.springframework.orm.jpa.LocalContainerEntityManagerFactoryBean.afterPropertiesSet(LocalContainerEntityManagerFactoryBean.java:366) ~[spring-orm-6.1.6.jar:6.1.6]
	at org.springframework.beans.factory.support.AbstractAutowireCapableBeanFactory.invokeInitMethods(AbstractAutowireCapableBeanFactory.java:1833) ~[spring-beans-6.1.6.jar:6.1.6]
	at org.springframework.beans.factory.support.AbstractAutowireCapableBeanFactory.initializeBean(AbstractAutowireCapableBeanFactory.java:1782) ~[spring-beans-6.1.6.jar:6.1.6]
	at org.springframework.beans.factory.support.AbstractAutowireCapableBeanFactory.doCreateBean(AbstractAutowireCapableBeanFactory.java:600) ~[spring-beans-6.1.6.jar:6.1.6]
	at org.springframework.beans.factory.support.AbstractAutowireCapableBeanFactory.createBean(AbstractAutowireCapableBeanFactory.java:522) ~[spring-beans-6.1.6.jar:6.1.6]
	at org.springframework.beans.factory.support.AbstractBeanFactory.lambda$doGetBean$0(AbstractBeanFactory.java:326) ~[spring-beans-6.1.6.jar:6.1.6]
	at org.springframework.beans.factory.support.DefaultSingletonBeanRegistry.getSingleton(DefaultSingletonBeanRegistry.java:234) ~[spring-beans-6.1.6.jar:6.1.6]
	at org.springframework.beans.factory.support.AbstractBeanFactory.doGetBean(AbstractBeanFactory.java:324) ~[spring-beans-6.1.6.jar:6.1.6]
	at org.springframework.beans.factory.support.AbstractBeanFactory.getBean(AbstractBeanFactory.java:200) ~[spring-beans-6.1.6.jar:6.1.6]
	at org.springframework.context.support.AbstractApplicationContext.getBean(AbstractApplicationContext.java:1234) ~[spring-context-6.1.6.jar:6.1.6]
	at org.springframework.context.support.AbstractApplicationContext.finishBeanFactoryInitialization(AbstractApplicationContext.java:952) ~[spring-context-6.1.6.jar:6.1.6]
	at org.springframework.context.support.AbstractApplicationContext.refresh(AbstractApplicationContext.java:624) ~[spring-context-6.1.6.jar:6.1.6]
	at org.springframework.boot.SpringApplication.refresh(SpringApplication.java:754) ~[spring-boot-3.2.5.jar:3.2.5]
	at org.springframework.boot.SpringApplication.refreshContext(SpringApplication.java:456) ~[spring-boot-3.2.5.jar:3.2.5]
	at org.springframework.boot.SpringApplication.run(SpringApplication.java:334) ~[spring-boot-3.2.5.jar:3.2.5]
	at org.springframework.boot.test.context.SpringBootContextLoader.lambda$loadContext$3(SpringBootContextLoader.java:137) ~[spring-boot-test-3.2.5.jar:3.2.5]
	at org.springframework.util.function.ThrowingSupplier.get(ThrowingSupplier.java:58) ~[spring-core-6.1.6.jar:6.1.6]
	at org.springframework.util.function.ThrowingSupplier.get(ThrowingSupplier.java:46) ~[spring-core-6.1.6.jar:6.1.6]
	at org.springframework.boot.SpringApplication.withHook(SpringApplication.java:1454) ~[spring-boot-3.2.5.jar:3.2.5]
	at org.springframework.boot.test.context.SpringBootContextLoader$ContextLoaderHook.run(SpringBootContextLoader.java:553) ~[spring-boot-test-3.2.5.jar:3.2.5]
	at org.springframework.boot.test.context.SpringBootContextLoader.loadContext(SpringBootContextLoader.java:137) ~[spring-boot-test-3.2.5.jar:3.2.5]
	at org.springframework.boot.test.context.SpringBootContextLoader.loadContext(SpringBootContextLoader.java:108) ~[spring-boot-test-3.2.5.jar:3.2.5]
	at org.springframework.test.context.cache.DefaultCacheAwareContextLoaderDelegate.loadContextInternal(DefaultCacheAwareContextLoaderDelegate.java:225) ~[spring-test-6.1.6.jar:6.1.6]
	at org.springframework.test.context.cache.DefaultCacheAwareContextLoaderDelegate.loadContext(DefaultCacheAwareContextLoaderDelegate.java:152) ~[spring-test-6.1.6.jar:6.1.6]
	at org.springframework.test.context.support.DefaultTestContext.getApplicationContext(DefaultTestContext.java:130) ~[spring-test-6.1.6.jar:6.1.6]
	at org.springframework.test.context.web.ServletTestExecutionListener.setUpRequestContextIfNecessary(ServletTestExecutionListener.java:191) ~[spring-test-6.1.6.jar:6.1.6]
	at org.springframework.test.context.web.ServletTestExecutionListener.prepareTestInstance(ServletTestExecutionListener.java:130) ~[spring-test-6.1.6.jar:6.1.6]
	at org.springframework.test.context.TestContextManager.prepareTestInstance(TestContextManager.java:260) ~[spring-test-6.1.6.jar:6.1.6]
	at org.springframework.test.context.junit.jupiter.SpringExtension.postProcessTestInstance(SpringExtension.java:163) ~[spring-test-6.1.6.jar:6.1.6]
	at org.junit.jupiter.engine.descriptor.ClassBasedTestDescriptor.lambda$invokeTestInstancePostProcessors$10(ClassBasedTestDescriptor.java:378) ~[junit-jupiter-engine-5.10.2.jar:5.10.2]
	at org.junit.jupiter.engine.descriptor.ClassBasedTestDescriptor.executeAndMaskThrowable(ClassBasedTestDescriptor.java:383) ~[junit-jupiter-engine-5.10.2.jar:5.10.2]
	at org.junit.jupiter.engine.descriptor.ClassBasedTestDescriptor.lambda$invokeTestInstancePostProcessors$11(ClassBasedTestDescriptor.java:378) ~[junit-jupiter-engine-5.10.2.jar:5.10.2]
	at java.base/java.util.stream.ReferencePipeline$3$1.accept(ReferencePipeline.java:197) ~[na:na]
	at java.base/java.util.stream.ReferencePipeline$2$1.accept(ReferencePipeline.java:179) ~[na:na]
	at java.base/java.util.ArrayList$ArrayListSpliterator.forEachRemaining(ArrayList.java:1625) ~[na:na]
	at java.base/java.util.stream.AbstractPipeline.copyInto(AbstractPipeline.java:509) ~[na:na]
	at java.base/java.util.stream.AbstractPipeline.wrapAndCopyInto(AbstractPipeline.java:499) ~[na:na]
	at java.base/java.util.stream.StreamSpliterators$WrappingSpliterator.forEachRemaining(StreamSpliterators.java:310) ~[na:na]
	at java.base/java.util.stream.Streams$ConcatSpliterator.forEachRemaining(Streams.java:735) ~[na:na]
	at java.base/java.util.stream.Streams$ConcatSpliterator.forEachRemaining(Streams.java:734) ~[na:na]
	at java.base/java.util.stream.ReferencePipeline$Head.forEach(ReferencePipeline.java:762) ~[na:na]
	at org.junit.jupiter.engine.descriptor.ClassBasedTestDescriptor.invokeTestInstancePostProcessors(ClassBasedTestDescriptor.java:377) ~[junit-jupiter-engine-5.10.2.jar:5.10.2]
	at org.junit.jupiter.engine.descriptor.ClassBasedTestDescriptor.lambda$instantiateAndPostProcessTestInstance$6(ClassBasedTestDescriptor.java:290) ~[junit-jupiter-engine-5.10.2.jar:5.10.2]
	at org.junit.platform.engine.support.hierarchical.ThrowableCollector.execute(ThrowableCollector.java:73) ~[junit-platform-engine-1.10.2.jar:1.10.2]
	at org.junit.jupiter.engine.descriptor.ClassBasedTestDescriptor.instantiateAndPostProcessTestInstance(ClassBasedTestDescriptor.java:289) ~[junit-jupiter-engine-5.10.2.jar:5.10.2]
	at org.junit.jupiter.engine.descriptor.ClassBasedTestDescriptor.lambda$testInstancesProvider$4(ClassBasedTestDescriptor.java:279) ~[junit-jupiter-engine-5.10.2.jar:5.10.2]
	at java.base/java.util.Optional.orElseGet(Optional.java:364) ~[na:na]
	at org.junit.jupiter.engine.descriptor.ClassBasedTestDescriptor.lambda$testInstancesProvider$5(ClassBasedTestDescriptor.java:278) ~[junit-jupiter-engine-5.10.2.jar:5.10.2]
	at org.junit.jupiter.engine.execution.TestInstancesProvider.getTestInstances(TestInstancesProvider.java:31) ~[junit-jupiter-engine-5.10.2.jar:5.10.2]
	at org.junit.jupiter.engine.descriptor.TestMethodTestDescriptor.lambda$prepare$0(TestMethodTestDescriptor.java:106) ~[junit-jupiter-engine-5.10.2.jar:5.10.2]
	at org.junit.platform.engine.support.hierarchical.ThrowableCollector.execute(ThrowableCollector.java:73) ~[junit-platform-engine-1.10.2.jar:1.10.2]
	at org.junit.jupiter.engine.descriptor.TestMethodTestDescriptor.prepare(TestMethodTestDescriptor.java:105) ~[junit-jupiter-engine-5.10.2.jar:5.10.2]
	at org.junit.jupiter.engine.descriptor.TestMethodTestDescriptor.prepare(TestMethodTestDescriptor.java:69) ~[junit-jupiter-engine-5.10.2.jar:5.10.2]
	at org.junit.platform.engine.support.hierarchical.NodeTestTask.lambda$prepare$2(NodeTestTask.java:123) ~[junit-platform-engine-1.10.2.jar:1.10.2]
	at org.junit.platform.engine.support.hierarchical.ThrowableCollector.execute(ThrowableCollector.java:73) ~[junit-platform-engine-1.10.2.jar:1.10.2]
	at org.junit.platform.engine.support.hierarchical.NodeTestTask.prepare(NodeTestTask.java:123) ~[junit-platform-engine-1.10.2.jar:1.10.2]
	at org.junit.platform.engine.support.hierarchical.NodeTestTask.execute(NodeTestTask.java:90) ~[junit-platform-engine-1.10.2.jar:1.10.2]
	at java.base/java.util.ArrayList.forEach(ArrayList.java:1511) ~[na:na]
	at org.junit.platform.engine.support.hierarchical.SameThreadHierarchicalTestExecutorService.invokeAll(SameThreadHierarchicalTestExecutorService.java:41) ~[junit-platform-engine-1.10.2.jar:1.10.2]
	at org.junit.platform.engine.support.hierarchical.NodeTestTask.lambda$executeRecursively$6(NodeTestTask.java:155) ~[junit-platform-engine-1.10.2.jar:1.10.2]
	at org.junit.platform.engine.support.hierarchical.ThrowableCollector.execute(ThrowableCollector.java:73) ~[junit-platform-engine-1.10.2.jar:1.10.2]
	at org.junit.platform.engine.support.hierarchical.NodeTestTask.lambda$executeRecursively$8(NodeTestTask.java:141) ~[junit-platform-engine-1.10.2.jar:1.10.2]
	at org.junit.platform.engine.support.hierarchical.Node.around(Node.java:137) ~[junit-platform-engine-1.10.2.jar:1.10.2]
	at org.junit.platform.engine.support.hierarchical.NodeTestTask.lambda$executeRecursively$9(NodeTestTask.java:139) ~[junit-platform-engine-1.10.2.jar:1.10.2]
	at org.junit.platform.engine.support.hierarchical.ThrowableCollector.execute(ThrowableCollector.java:73) ~[junit-platform-engine-1.10.2.jar:1.10.2]
	at org.junit.platform.engine.support.hierarchical.NodeTestTask.executeRecursively(NodeTestTask.java:138) ~[junit-platform-engine-1.10.2.jar:1.10.2]
	at org.junit.platform.engine.support.hierarchical.NodeTestTask.execute(NodeTestTask.java:95) ~[junit-platform-engine-1.10.2.jar:1.10.2]
	at java.base/java.util.ArrayList.forEach(ArrayList.java:1511) ~[na:na]
	at org.junit.platform.engine.support.hierarchical.SameThreadHierarchicalTestExecutorService.invokeAll(SameThreadHierarchicalTestExecutorService.java:41) ~[junit-platform-engine-1.10.2.jar:1.10.2]
	at org.junit.platform.engine.support.hierarchical.NodeTestTask.lambda$executeRecursively$6(NodeTestTask.java:155) ~[junit-platform-engine-1.10.2.jar:1.10.2]
	at org.junit.platform.engine.support.hierarchical.ThrowableCollector.execute(ThrowableCollector.java:73) ~[junit-platform-engine-1.10.2.jar:1.10.2]
	at org.junit.platform.engine.support.hierarchical.NodeTestTask.lambda$executeRecursively$8(NodeTestTask.java:141) ~[junit-platform-engine-1.10.2.jar:1.10.2]
	at org.junit.platform.engine.support.hierarchical.Node.around(Node.java:137) ~[junit-platform-engine-1.10.2.jar:1.10.2]
	at org.junit.platform.engine.support.hierarchical.NodeTestTask.lambda$executeRecursively$9(NodeTestTask.java:139) ~[junit-platform-engine-1.10.2.jar:1.10.2]
	at org.junit.platform.engine.support.hierarchical.ThrowableCollector.execute(ThrowableCollector.java:73) ~[junit-platform-engine-1.10.2.jar:1.10.2]
	at org.junit.platform.engine.support.hierarchical.NodeTestTask.executeRecursively(NodeTestTask.java:138) ~[junit-platform-engine-1.10.2.jar:1.10.2]
	at org.junit.platform.engine.support.hierarchical.NodeTestTask.execute(NodeTestTask.java:95) ~[junit-platform-engine-1.10.2.jar:1.10.2]
	at org.junit.platform.engine.support.hierarchical.SameThreadHierarchicalTestExecutorService.submit(SameThreadHierarchicalTestExecutorService.java:35) ~[junit-platform-engine-1.10.2.jar:1.10.2]
	at org.junit.platform.engine.support.hierarchical.HierarchicalTestExecutor.execute(HierarchicalTestExecutor.java:57) ~[junit-platform-engine-1.10.2.jar:1.10.2]
	at org.junit.platform.engine.support.hierarchical.HierarchicalTestEngine.execute(HierarchicalTestEngine.java:54) ~[junit-platform-engine-1.10.2.jar:1.10.2]
	at org.junit.platform.launcher.core.EngineExecutionOrchestrator.execute(EngineExecutionOrchestrator.java:198) ~[junit-platform-launcher-1.10.2.jar:1.10.2]
	at org.junit.platform.launcher.core.EngineExecutionOrchestrator.execute(EngineExecutionOrchestrator.java:169) ~[junit-platform-launcher-1.10.2.jar:1.10.2]
	at org.junit.platform.launcher.core.EngineExecutionOrchestrator.execute(EngineExecutionOrchestrator.java:93) ~[junit-platform-launcher-1.10.2.jar:1.10.2]
	at org.junit.platform.launcher.core.EngineExecutionOrchestrator.lambda$execute$0(EngineExecutionOrchestrator.java:58) ~[junit-platform-launcher-1.10.2.jar:1.10.2]
	at org.junit.platform.launcher.core.EngineExecutionOrchestrator.withInterceptedStreams(EngineExecutionOrchestrator.java:141) ~[junit-platform-launcher-1.10.2.jar:1.10.2]
	at org.junit.platform.launcher.core.EngineExecutionOrchestrator.execute(EngineExecutionOrchestrator.java:57) ~[junit-platform-launcher-1.10.2.jar:1.10.2]
	at org.junit.platform.launcher.core.DefaultLauncher.execute(DefaultLauncher.java:103) ~[junit-platform-launcher-1.10.2.jar:1.10.2]
	at org.junit.platform.launcher.core.DefaultLauncher.execute(DefaultLauncher.java:85) ~[junit-platform-launcher-1.10.2.jar:1.10.2]
	at org.junit.platform.launcher.core.DelegatingLauncher.execute(DelegatingLauncher.java:47) ~[junit-platform-launcher-1.10.2.jar:1.10.2]
	at org.apache.maven.surefire.junitplatform.LazyLauncher.execute(LazyLauncher.java:56) ~[surefire-junit-platform-3.1.2.jar:3.1.2]
	at org.apache.maven.surefire.junitplatform.JUnitPlatformProvider.execute(JUnitPlatformProvider.java:184) ~[surefire-junit-platform-3.1.2.jar:3.1.2]
	at org.apache.maven.surefire.junitplatform.JUnitPlatformProvider.invokeAllTests(JUnitPlatformProvider.java:148) ~[surefire-junit-platform-3.1.2.jar:3.1.2]
	at org.apache.maven.surefire.junitplatform.JUnitPlatformProvider.invoke(JUnitPlatformProvider.java:122) ~[surefire-junit-platform-3.1.2.jar:3.1.2]
	at org.apache.maven.surefire.booter.ForkedBooter.runSuitesInProcess(ForkedBooter.java:385) ~[surefire-booter-3.1.2.jar:3.1.2]
	at org.apache.maven.surefire.booter.ForkedBooter.execute(ForkedBooter.java:162) ~[surefire-booter-3.1.2.jar:3.1.2]
	at org.apache.maven.surefire.booter.ForkedBooter.run(ForkedBooter.java:507) ~[surefire-booter-3.1.2.jar:3.1.2]
	at org.apache.maven.surefire.booter.ForkedBooter.main(ForkedBooter.java:495) ~[surefire-booter-3.1.2.jar:3.1.2]

2024-05-17T15:11:55.352+02:00 DEBUG 4684 --- [clothlogix] [           main] org.hibernate.orm.sql.ast.tree           : SQL AST Tree:
    SelectStatement {
      FromClause {
        StandardTableGroup (ce1 : com.fabless.clothlogix.model.entities.ColoreEntity) {
          primaryTableReference : colore as ce1_0
        }
      }
    }

2024-05-17T15:11:55.352+02:00 DEBUG 4684 --- [clothlogix] [           main] o.h.p.entity.AbstractEntityPersister     : Static SQL for entity: com.fabless.clothlogix.model.entities.ColoreEntity
2024-05-17T15:11:55.352+02:00 DEBUG 4684 --- [clothlogix] [           main] o.h.p.entity.AbstractEntityPersister     :  Version select: select id from colore where id=?
2024-05-17T15:11:55.352+02:00 DEBUG 4684 --- [clothlogix] [           main] o.h.p.entity.AbstractEntityPersister     :  Insert (0): insert into colore (descrizione) values (?)
2024-05-17T15:11:55.352+02:00 DEBUG 4684 --- [clothlogix] [           main] o.h.p.entity.AbstractEntityPersister     :  Update (0): update colore set descrizione=? where id=?
2024-05-17T15:11:55.352+02:00 DEBUG 4684 --- [clothlogix] [           main] o.h.p.entity.AbstractEntityPersister     :  Delete (0): delete from colore where id=?
2024-05-17T15:11:55.352+02:00 DEBUG 4684 --- [clothlogix] [           main] org.hibernate.orm.sql.ast.create         : Created new SQL alias : pe1_0
2024-05-17T15:11:55.352+02:00 DEBUG 4684 --- [clothlogix] [           main] org.hibernate.orm.sql.ast.create         : Registration of TableGroup [StandardTableGroup(com.fabless.clothlogix.model.entities.ProfiloEntity)] with identifierForTableGroup [com.fabless.clothlogix.model.entities.ProfiloEntity] for NavigablePath [com.fabless.clothlogix.model.entities.ProfiloEntity] 
2024-05-17T15:11:55.352+02:00 TRACE 4684 --- [clothlogix] [           main] o.h.l.ast.internal.LoaderSelectBuilder   : Starting visitation of FetchParent's Fetchables : com.fabless.clothlogix.model.entities.ProfiloEntity
2024-05-17T15:11:55.352+02:00 DEBUG 4684 --- [clothlogix] [           main] org.hibernate.orm.results.graph.AST      : DomainResult Graph:
 \-EntityResultImpl [com.fabless.clothlogix.model.entities.ProfiloEntity]
 |  +-BasicFetch [com.fabless.clothlogix.model.entities.ProfiloEntity.canCreate]
 |  +-BasicFetch [com.fabless.clothlogix.model.entities.ProfiloEntity.canDelete]
 |  +-BasicFetch [com.fabless.clothlogix.model.entities.ProfiloEntity.canRead]
 |  +-BasicFetch [com.fabless.clothlogix.model.entities.ProfiloEntity.canUpdate]
 |  +-BasicFetch [com.fabless.clothlogix.model.entities.ProfiloEntity.descrizione]
 |  \-DelayedCollectionFetch [com.fabless.clothlogix.model.entities.ProfiloEntity.utenti]

2024-05-17T15:11:55.359+02:00 TRACE 4684 --- [clothlogix] [           main] org.hibernate.orm.results.graph.AST      : Stack trace calling DomainResultGraphPrinter

java.lang.Exception: null
	at org.hibernate.sql.results.graph.DomainResultGraphPrinter.visitDomainResults(DomainResultGraphPrinter.java:70) ~[hibernate-core-6.4.4.Final.jar:6.4.4.Final]
	at org.hibernate.sql.results.graph.DomainResultGraphPrinter.logDomainResultGraph(DomainResultGraphPrinter.java:46) ~[hibernate-core-6.4.4.Final.jar:6.4.4.Final]
	at org.hibernate.sql.results.graph.DomainResultGraphPrinter.logDomainResultGraph(DomainResultGraphPrinter.java:37) ~[hibernate-core-6.4.4.Final.jar:6.4.4.Final]
	at org.hibernate.sql.ast.spi.AbstractSqlAstTranslator.translateSelect(AbstractSqlAstTranslator.java:858) ~[hibernate-core-6.4.4.Final.jar:6.4.4.Final]
	at org.hibernate.sql.ast.spi.AbstractSqlAstTranslator.translate(AbstractSqlAstTranslator.java:811) ~[hibernate-core-6.4.4.Final.jar:6.4.4.Final]
	at org.hibernate.loader.ast.internal.SingleIdLoadPlan.<init>(SingleIdLoadPlan.java:66) ~[hibernate-core-6.4.4.Final.jar:6.4.4.Final]
	at org.hibernate.loader.ast.internal.SingleIdEntityLoaderStandardImpl.createLoadPlan(SingleIdEntityLoaderStandardImpl.java:198) ~[hibernate-core-6.4.4.Final.jar:6.4.4.Final]
	at org.hibernate.loader.ast.internal.SingleIdEntityLoaderStandardImpl.lambda$new$0(SingleIdEntityLoaderStandardImpl.java:41) ~[hibernate-core-6.4.4.Final.jar:6.4.4.Final]
	at org.hibernate.loader.ast.internal.SingleIdEntityLoaderStandardImpl.<init>(SingleIdEntityLoaderStandardImpl.java:62) ~[hibernate-core-6.4.4.Final.jar:6.4.4.Final]
	at org.hibernate.loader.ast.internal.SingleIdEntityLoaderStandardImpl.<init>(SingleIdEntityLoaderStandardImpl.java:38) ~[hibernate-core-6.4.4.Final.jar:6.4.4.Final]
	at org.hibernate.persister.entity.AbstractEntityPersister.buildSingleIdEntityLoader(AbstractEntityPersister.java:864) ~[hibernate-core-6.4.4.Final.jar:6.4.4.Final]
	at org.hibernate.persister.entity.AbstractEntityPersister.buildSingleIdEntityLoader(AbstractEntityPersister.java:853) ~[hibernate-core-6.4.4.Final.jar:6.4.4.Final]
	at org.hibernate.persister.entity.AbstractEntityPersister.prepareLoaders(AbstractEntityPersister.java:3419) ~[hibernate-core-6.4.4.Final.jar:6.4.4.Final]
	at org.hibernate.metamodel.model.domain.internal.MappingMetamodelImpl.finishInitialization(MappingMetamodelImpl.java:206) ~[hibernate-core-6.4.4.Final.jar:6.4.4.Final]
	at org.hibernate.internal.SessionFactoryImpl.initializeMappingModel(SessionFactoryImpl.java:364) ~[hibernate-core-6.4.4.Final.jar:6.4.4.Final]
	at org.hibernate.internal.SessionFactoryImpl.<init>(SessionFactoryImpl.java:293) ~[hibernate-core-6.4.4.Final.jar:6.4.4.Final]
	at org.hibernate.boot.internal.SessionFactoryBuilderImpl.build(SessionFactoryBuilderImpl.java:450) ~[hibernate-core-6.4.4.Final.jar:6.4.4.Final]
	at org.hibernate.jpa.boot.internal.EntityManagerFactoryBuilderImpl.build(EntityManagerFactoryBuilderImpl.java:1507) ~[hibernate-core-6.4.4.Final.jar:6.4.4.Final]
	at org.springframework.orm.jpa.vendor.SpringHibernateJpaPersistenceProvider.createContainerEntityManagerFactory(SpringHibernateJpaPersistenceProvider.java:75) ~[spring-orm-6.1.6.jar:6.1.6]
	at org.springframework.orm.jpa.LocalContainerEntityManagerFactoryBean.createNativeEntityManagerFactory(LocalContainerEntityManagerFactoryBean.java:390) ~[spring-orm-6.1.6.jar:6.1.6]
	at org.springframework.orm.jpa.AbstractEntityManagerFactoryBean.buildNativeEntityManagerFactory(AbstractEntityManagerFactoryBean.java:409) ~[spring-orm-6.1.6.jar:6.1.6]
	at org.springframework.orm.jpa.AbstractEntityManagerFactoryBean.afterPropertiesSet(AbstractEntityManagerFactoryBean.java:396) ~[spring-orm-6.1.6.jar:6.1.6]
	at org.springframework.orm.jpa.LocalContainerEntityManagerFactoryBean.afterPropertiesSet(LocalContainerEntityManagerFactoryBean.java:366) ~[spring-orm-6.1.6.jar:6.1.6]
	at org.springframework.beans.factory.support.AbstractAutowireCapableBeanFactory.invokeInitMethods(AbstractAutowireCapableBeanFactory.java:1833) ~[spring-beans-6.1.6.jar:6.1.6]
	at org.springframework.beans.factory.support.AbstractAutowireCapableBeanFactory.initializeBean(AbstractAutowireCapableBeanFactory.java:1782) ~[spring-beans-6.1.6.jar:6.1.6]
	at org.springframework.beans.factory.support.AbstractAutowireCapableBeanFactory.doCreateBean(AbstractAutowireCapableBeanFactory.java:600) ~[spring-beans-6.1.6.jar:6.1.6]
	at org.springframework.beans.factory.support.AbstractAutowireCapableBeanFactory.createBean(AbstractAutowireCapableBeanFactory.java:522) ~[spring-beans-6.1.6.jar:6.1.6]
	at org.springframework.beans.factory.support.AbstractBeanFactory.lambda$doGetBean$0(AbstractBeanFactory.java:326) ~[spring-beans-6.1.6.jar:6.1.6]
	at org.springframework.beans.factory.support.DefaultSingletonBeanRegistry.getSingleton(DefaultSingletonBeanRegistry.java:234) ~[spring-beans-6.1.6.jar:6.1.6]
	at org.springframework.beans.factory.support.AbstractBeanFactory.doGetBean(AbstractBeanFactory.java:324) ~[spring-beans-6.1.6.jar:6.1.6]
	at org.springframework.beans.factory.support.AbstractBeanFactory.getBean(AbstractBeanFactory.java:200) ~[spring-beans-6.1.6.jar:6.1.6]
	at org.springframework.context.support.AbstractApplicationContext.getBean(AbstractApplicationContext.java:1234) ~[spring-context-6.1.6.jar:6.1.6]
	at org.springframework.context.support.AbstractApplicationContext.finishBeanFactoryInitialization(AbstractApplicationContext.java:952) ~[spring-context-6.1.6.jar:6.1.6]
	at org.springframework.context.support.AbstractApplicationContext.refresh(AbstractApplicationContext.java:624) ~[spring-context-6.1.6.jar:6.1.6]
	at org.springframework.boot.SpringApplication.refresh(SpringApplication.java:754) ~[spring-boot-3.2.5.jar:3.2.5]
	at org.springframework.boot.SpringApplication.refreshContext(SpringApplication.java:456) ~[spring-boot-3.2.5.jar:3.2.5]
	at org.springframework.boot.SpringApplication.run(SpringApplication.java:334) ~[spring-boot-3.2.5.jar:3.2.5]
	at org.springframework.boot.test.context.SpringBootContextLoader.lambda$loadContext$3(SpringBootContextLoader.java:137) ~[spring-boot-test-3.2.5.jar:3.2.5]
	at org.springframework.util.function.ThrowingSupplier.get(ThrowingSupplier.java:58) ~[spring-core-6.1.6.jar:6.1.6]
	at org.springframework.util.function.ThrowingSupplier.get(ThrowingSupplier.java:46) ~[spring-core-6.1.6.jar:6.1.6]
	at org.springframework.boot.SpringApplication.withHook(SpringApplication.java:1454) ~[spring-boot-3.2.5.jar:3.2.5]
	at org.springframework.boot.test.context.SpringBootContextLoader$ContextLoaderHook.run(SpringBootContextLoader.java:553) ~[spring-boot-test-3.2.5.jar:3.2.5]
	at org.springframework.boot.test.context.SpringBootContextLoader.loadContext(SpringBootContextLoader.java:137) ~[spring-boot-test-3.2.5.jar:3.2.5]
	at org.springframework.boot.test.context.SpringBootContextLoader.loadContext(SpringBootContextLoader.java:108) ~[spring-boot-test-3.2.5.jar:3.2.5]
	at org.springframework.test.context.cache.DefaultCacheAwareContextLoaderDelegate.loadContextInternal(DefaultCacheAwareContextLoaderDelegate.java:225) ~[spring-test-6.1.6.jar:6.1.6]
	at org.springframework.test.context.cache.DefaultCacheAwareContextLoaderDelegate.loadContext(DefaultCacheAwareContextLoaderDelegate.java:152) ~[spring-test-6.1.6.jar:6.1.6]
	at org.springframework.test.context.support.DefaultTestContext.getApplicationContext(DefaultTestContext.java:130) ~[spring-test-6.1.6.jar:6.1.6]
	at org.springframework.test.context.web.ServletTestExecutionListener.setUpRequestContextIfNecessary(ServletTestExecutionListener.java:191) ~[spring-test-6.1.6.jar:6.1.6]
	at org.springframework.test.context.web.ServletTestExecutionListener.prepareTestInstance(ServletTestExecutionListener.java:130) ~[spring-test-6.1.6.jar:6.1.6]
	at org.springframework.test.context.TestContextManager.prepareTestInstance(TestContextManager.java:260) ~[spring-test-6.1.6.jar:6.1.6]
	at org.springframework.test.context.junit.jupiter.SpringExtension.postProcessTestInstance(SpringExtension.java:163) ~[spring-test-6.1.6.jar:6.1.6]
	at org.junit.jupiter.engine.descriptor.ClassBasedTestDescriptor.lambda$invokeTestInstancePostProcessors$10(ClassBasedTestDescriptor.java:378) ~[junit-jupiter-engine-5.10.2.jar:5.10.2]
	at org.junit.jupiter.engine.descriptor.ClassBasedTestDescriptor.executeAndMaskThrowable(ClassBasedTestDescriptor.java:383) ~[junit-jupiter-engine-5.10.2.jar:5.10.2]
	at org.junit.jupiter.engine.descriptor.ClassBasedTestDescriptor.lambda$invokeTestInstancePostProcessors$11(ClassBasedTestDescriptor.java:378) ~[junit-jupiter-engine-5.10.2.jar:5.10.2]
	at java.base/java.util.stream.ReferencePipeline$3$1.accept(ReferencePipeline.java:197) ~[na:na]
	at java.base/java.util.stream.ReferencePipeline$2$1.accept(ReferencePipeline.java:179) ~[na:na]
	at java.base/java.util.ArrayList$ArrayListSpliterator.forEachRemaining(ArrayList.java:1625) ~[na:na]
	at java.base/java.util.stream.AbstractPipeline.copyInto(AbstractPipeline.java:509) ~[na:na]
	at java.base/java.util.stream.AbstractPipeline.wrapAndCopyInto(AbstractPipeline.java:499) ~[na:na]
	at java.base/java.util.stream.StreamSpliterators$WrappingSpliterator.forEachRemaining(StreamSpliterators.java:310) ~[na:na]
	at java.base/java.util.stream.Streams$ConcatSpliterator.forEachRemaining(Streams.java:735) ~[na:na]
	at java.base/java.util.stream.Streams$ConcatSpliterator.forEachRemaining(Streams.java:734) ~[na:na]
	at java.base/java.util.stream.ReferencePipeline$Head.forEach(ReferencePipeline.java:762) ~[na:na]
	at org.junit.jupiter.engine.descriptor.ClassBasedTestDescriptor.invokeTestInstancePostProcessors(ClassBasedTestDescriptor.java:377) ~[junit-jupiter-engine-5.10.2.jar:5.10.2]
	at org.junit.jupiter.engine.descriptor.ClassBasedTestDescriptor.lambda$instantiateAndPostProcessTestInstance$6(ClassBasedTestDescriptor.java:290) ~[junit-jupiter-engine-5.10.2.jar:5.10.2]
	at org.junit.platform.engine.support.hierarchical.ThrowableCollector.execute(ThrowableCollector.java:73) ~[junit-platform-engine-1.10.2.jar:1.10.2]
	at org.junit.jupiter.engine.descriptor.ClassBasedTestDescriptor.instantiateAndPostProcessTestInstance(ClassBasedTestDescriptor.java:289) ~[junit-jupiter-engine-5.10.2.jar:5.10.2]
	at org.junit.jupiter.engine.descriptor.ClassBasedTestDescriptor.lambda$testInstancesProvider$4(ClassBasedTestDescriptor.java:279) ~[junit-jupiter-engine-5.10.2.jar:5.10.2]
	at java.base/java.util.Optional.orElseGet(Optional.java:364) ~[na:na]
	at org.junit.jupiter.engine.descriptor.ClassBasedTestDescriptor.lambda$testInstancesProvider$5(ClassBasedTestDescriptor.java:278) ~[junit-jupiter-engine-5.10.2.jar:5.10.2]
	at org.junit.jupiter.engine.execution.TestInstancesProvider.getTestInstances(TestInstancesProvider.java:31) ~[junit-jupiter-engine-5.10.2.jar:5.10.2]
	at org.junit.jupiter.engine.descriptor.TestMethodTestDescriptor.lambda$prepare$0(TestMethodTestDescriptor.java:106) ~[junit-jupiter-engine-5.10.2.jar:5.10.2]
	at org.junit.platform.engine.support.hierarchical.ThrowableCollector.execute(ThrowableCollector.java:73) ~[junit-platform-engine-1.10.2.jar:1.10.2]
	at org.junit.jupiter.engine.descriptor.TestMethodTestDescriptor.prepare(TestMethodTestDescriptor.java:105) ~[junit-jupiter-engine-5.10.2.jar:5.10.2]
	at org.junit.jupiter.engine.descriptor.TestMethodTestDescriptor.prepare(TestMethodTestDescriptor.java:69) ~[junit-jupiter-engine-5.10.2.jar:5.10.2]
	at org.junit.platform.engine.support.hierarchical.NodeTestTask.lambda$prepare$2(NodeTestTask.java:123) ~[junit-platform-engine-1.10.2.jar:1.10.2]
	at org.junit.platform.engine.support.hierarchical.ThrowableCollector.execute(ThrowableCollector.java:73) ~[junit-platform-engine-1.10.2.jar:1.10.2]
	at org.junit.platform.engine.support.hierarchical.NodeTestTask.prepare(NodeTestTask.java:123) ~[junit-platform-engine-1.10.2.jar:1.10.2]
	at org.junit.platform.engine.support.hierarchical.NodeTestTask.execute(NodeTestTask.java:90) ~[junit-platform-engine-1.10.2.jar:1.10.2]
	at java.base/java.util.ArrayList.forEach(ArrayList.java:1511) ~[na:na]
	at org.junit.platform.engine.support.hierarchical.SameThreadHierarchicalTestExecutorService.invokeAll(SameThreadHierarchicalTestExecutorService.java:41) ~[junit-platform-engine-1.10.2.jar:1.10.2]
	at org.junit.platform.engine.support.hierarchical.NodeTestTask.lambda$executeRecursively$6(NodeTestTask.java:155) ~[junit-platform-engine-1.10.2.jar:1.10.2]
	at org.junit.platform.engine.support.hierarchical.ThrowableCollector.execute(ThrowableCollector.java:73) ~[junit-platform-engine-1.10.2.jar:1.10.2]
	at org.junit.platform.engine.support.hierarchical.NodeTestTask.lambda$executeRecursively$8(NodeTestTask.java:141) ~[junit-platform-engine-1.10.2.jar:1.10.2]
	at org.junit.platform.engine.support.hierarchical.Node.around(Node.java:137) ~[junit-platform-engine-1.10.2.jar:1.10.2]
	at org.junit.platform.engine.support.hierarchical.NodeTestTask.lambda$executeRecursively$9(NodeTestTask.java:139) ~[junit-platform-engine-1.10.2.jar:1.10.2]
	at org.junit.platform.engine.support.hierarchical.ThrowableCollector.execute(ThrowableCollector.java:73) ~[junit-platform-engine-1.10.2.jar:1.10.2]
	at org.junit.platform.engine.support.hierarchical.NodeTestTask.executeRecursively(NodeTestTask.java:138) ~[junit-platform-engine-1.10.2.jar:1.10.2]
	at org.junit.platform.engine.support.hierarchical.NodeTestTask.execute(NodeTestTask.java:95) ~[junit-platform-engine-1.10.2.jar:1.10.2]
	at java.base/java.util.ArrayList.forEach(ArrayList.java:1511) ~[na:na]
	at org.junit.platform.engine.support.hierarchical.SameThreadHierarchicalTestExecutorService.invokeAll(SameThreadHierarchicalTestExecutorService.java:41) ~[junit-platform-engine-1.10.2.jar:1.10.2]
	at org.junit.platform.engine.support.hierarchical.NodeTestTask.lambda$executeRecursively$6(NodeTestTask.java:155) ~[junit-platform-engine-1.10.2.jar:1.10.2]
	at org.junit.platform.engine.support.hierarchical.ThrowableCollector.execute(ThrowableCollector.java:73) ~[junit-platform-engine-1.10.2.jar:1.10.2]
	at org.junit.platform.engine.support.hierarchical.NodeTestTask.lambda$executeRecursively$8(NodeTestTask.java:141) ~[junit-platform-engine-1.10.2.jar:1.10.2]
	at org.junit.platform.engine.support.hierarchical.Node.around(Node.java:137) ~[junit-platform-engine-1.10.2.jar:1.10.2]
	at org.junit.platform.engine.support.hierarchical.NodeTestTask.lambda$executeRecursively$9(NodeTestTask.java:139) ~[junit-platform-engine-1.10.2.jar:1.10.2]
	at org.junit.platform.engine.support.hierarchical.ThrowableCollector.execute(ThrowableCollector.java:73) ~[junit-platform-engine-1.10.2.jar:1.10.2]
	at org.junit.platform.engine.support.hierarchical.NodeTestTask.executeRecursively(NodeTestTask.java:138) ~[junit-platform-engine-1.10.2.jar:1.10.2]
	at org.junit.platform.engine.support.hierarchical.NodeTestTask.execute(NodeTestTask.java:95) ~[junit-platform-engine-1.10.2.jar:1.10.2]
	at org.junit.platform.engine.support.hierarchical.SameThreadHierarchicalTestExecutorService.submit(SameThreadHierarchicalTestExecutorService.java:35) ~[junit-platform-engine-1.10.2.jar:1.10.2]
	at org.junit.platform.engine.support.hierarchical.HierarchicalTestExecutor.execute(HierarchicalTestExecutor.java:57) ~[junit-platform-engine-1.10.2.jar:1.10.2]
	at org.junit.platform.engine.support.hierarchical.HierarchicalTestEngine.execute(HierarchicalTestEngine.java:54) ~[junit-platform-engine-1.10.2.jar:1.10.2]
	at org.junit.platform.launcher.core.EngineExecutionOrchestrator.execute(EngineExecutionOrchestrator.java:198) ~[junit-platform-launcher-1.10.2.jar:1.10.2]
	at org.junit.platform.launcher.core.EngineExecutionOrchestrator.execute(EngineExecutionOrchestrator.java:169) ~[junit-platform-launcher-1.10.2.jar:1.10.2]
	at org.junit.platform.launcher.core.EngineExecutionOrchestrator.execute(EngineExecutionOrchestrator.java:93) ~[junit-platform-launcher-1.10.2.jar:1.10.2]
	at org.junit.platform.launcher.core.EngineExecutionOrchestrator.lambda$execute$0(EngineExecutionOrchestrator.java:58) ~[junit-platform-launcher-1.10.2.jar:1.10.2]
	at org.junit.platform.launcher.core.EngineExecutionOrchestrator.withInterceptedStreams(EngineExecutionOrchestrator.java:141) ~[junit-platform-launcher-1.10.2.jar:1.10.2]
	at org.junit.platform.launcher.core.EngineExecutionOrchestrator.execute(EngineExecutionOrchestrator.java:57) ~[junit-platform-launcher-1.10.2.jar:1.10.2]
	at org.junit.platform.launcher.core.DefaultLauncher.execute(DefaultLauncher.java:103) ~[junit-platform-launcher-1.10.2.jar:1.10.2]
	at org.junit.platform.launcher.core.DefaultLauncher.execute(DefaultLauncher.java:85) ~[junit-platform-launcher-1.10.2.jar:1.10.2]
	at org.junit.platform.launcher.core.DelegatingLauncher.execute(DelegatingLauncher.java:47) ~[junit-platform-launcher-1.10.2.jar:1.10.2]
	at org.apache.maven.surefire.junitplatform.LazyLauncher.execute(LazyLauncher.java:56) ~[surefire-junit-platform-3.1.2.jar:3.1.2]
	at org.apache.maven.surefire.junitplatform.JUnitPlatformProvider.execute(JUnitPlatformProvider.java:184) ~[surefire-junit-platform-3.1.2.jar:3.1.2]
	at org.apache.maven.surefire.junitplatform.JUnitPlatformProvider.invokeAllTests(JUnitPlatformProvider.java:148) ~[surefire-junit-platform-3.1.2.jar:3.1.2]
	at org.apache.maven.surefire.junitplatform.JUnitPlatformProvider.invoke(JUnitPlatformProvider.java:122) ~[surefire-junit-platform-3.1.2.jar:3.1.2]
	at org.apache.maven.surefire.booter.ForkedBooter.runSuitesInProcess(ForkedBooter.java:385) ~[surefire-booter-3.1.2.jar:3.1.2]
	at org.apache.maven.surefire.booter.ForkedBooter.execute(ForkedBooter.java:162) ~[surefire-booter-3.1.2.jar:3.1.2]
	at org.apache.maven.surefire.booter.ForkedBooter.run(ForkedBooter.java:507) ~[surefire-booter-3.1.2.jar:3.1.2]
	at org.apache.maven.surefire.booter.ForkedBooter.main(ForkedBooter.java:495) ~[surefire-booter-3.1.2.jar:3.1.2]

2024-05-17T15:11:55.362+02:00 DEBUG 4684 --- [clothlogix] [           main] org.hibernate.orm.sql.ast.tree           : SQL AST Tree:
    SelectStatement {
      FromClause {
        StandardTableGroup (pe1 : com.fabless.clothlogix.model.entities.ProfiloEntity) {
          primaryTableReference : profili as pe1_0
        }
      }
    }

2024-05-17T15:11:55.362+02:00 DEBUG 4684 --- [clothlogix] [           main] o.h.p.entity.AbstractEntityPersister     : Static SQL for entity: com.fabless.clothlogix.model.entities.ProfiloEntity
2024-05-17T15:11:55.362+02:00 DEBUG 4684 --- [clothlogix] [           main] o.h.p.entity.AbstractEntityPersister     :  Version select: select id from profili where id=?
2024-05-17T15:11:55.362+02:00 DEBUG 4684 --- [clothlogix] [           main] o.h.p.entity.AbstractEntityPersister     :  Insert (0): insert into profili (can_create,can_delete,can_read,can_update,descrizione) values (?,?,?,?,?)
2024-05-17T15:11:55.362+02:00 DEBUG 4684 --- [clothlogix] [           main] o.h.p.entity.AbstractEntityPersister     :  Update (0): update profili set can_create=?,can_delete=?,can_read=?,can_update=?,descrizione=? where id=?
2024-05-17T15:11:55.362+02:00 DEBUG 4684 --- [clothlogix] [           main] o.h.p.entity.AbstractEntityPersister     :  Delete (0): delete from profili where id=?
2024-05-17T15:11:55.362+02:00 DEBUG 4684 --- [clothlogix] [           main] org.hibernate.orm.sql.ast.create         : Created new SQL alias : me1_0
2024-05-17T15:11:55.362+02:00 DEBUG 4684 --- [clothlogix] [           main] org.hibernate.orm.sql.ast.create         : Registration of TableGroup [StandardTableGroup(com.fabless.clothlogix.model.entities.MaterialeEntity)] with identifierForTableGroup [com.fabless.clothlogix.model.entities.MaterialeEntity] for NavigablePath [com.fabless.clothlogix.model.entities.MaterialeEntity] 
2024-05-17T15:11:55.362+02:00 TRACE 4684 --- [clothlogix] [           main] o.h.l.ast.internal.LoaderSelectBuilder   : Starting visitation of FetchParent's Fetchables : com.fabless.clothlogix.model.entities.MaterialeEntity
2024-05-17T15:11:55.362+02:00 DEBUG 4684 --- [clothlogix] [           main] org.hibernate.orm.results.graph.AST      : DomainResult Graph:
 \-EntityResultImpl [com.fabless.clothlogix.model.entities.MaterialeEntity]
 |  +-BasicFetch [com.fabless.clothlogix.model.entities.MaterialeEntity.descrizione]
 |  \-DelayedCollectionFetch [com.fabless.clothlogix.model.entities.MaterialeEntity.prodotti]

2024-05-17T15:11:55.362+02:00 TRACE 4684 --- [clothlogix] [           main] org.hibernate.orm.results.graph.AST      : Stack trace calling DomainResultGraphPrinter

java.lang.Exception: null
	at org.hibernate.sql.results.graph.DomainResultGraphPrinter.visitDomainResults(DomainResultGraphPrinter.java:70) ~[hibernate-core-6.4.4.Final.jar:6.4.4.Final]
	at org.hibernate.sql.results.graph.DomainResultGraphPrinter.logDomainResultGraph(DomainResultGraphPrinter.java:46) ~[hibernate-core-6.4.4.Final.jar:6.4.4.Final]
	at org.hibernate.sql.results.graph.DomainResultGraphPrinter.logDomainResultGraph(DomainResultGraphPrinter.java:37) ~[hibernate-core-6.4.4.Final.jar:6.4.4.Final]
	at org.hibernate.sql.ast.spi.AbstractSqlAstTranslator.translateSelect(AbstractSqlAstTranslator.java:858) ~[hibernate-core-6.4.4.Final.jar:6.4.4.Final]
	at org.hibernate.sql.ast.spi.AbstractSqlAstTranslator.translate(AbstractSqlAstTranslator.java:811) ~[hibernate-core-6.4.4.Final.jar:6.4.4.Final]
	at org.hibernate.loader.ast.internal.SingleIdLoadPlan.<init>(SingleIdLoadPlan.java:66) ~[hibernate-core-6.4.4.Final.jar:6.4.4.Final]
	at org.hibernate.loader.ast.internal.SingleIdEntityLoaderStandardImpl.createLoadPlan(SingleIdEntityLoaderStandardImpl.java:198) ~[hibernate-core-6.4.4.Final.jar:6.4.4.Final]
	at org.hibernate.loader.ast.internal.SingleIdEntityLoaderStandardImpl.lambda$new$0(SingleIdEntityLoaderStandardImpl.java:41) ~[hibernate-core-6.4.4.Final.jar:6.4.4.Final]
	at org.hibernate.loader.ast.internal.SingleIdEntityLoaderStandardImpl.<init>(SingleIdEntityLoaderStandardImpl.java:62) ~[hibernate-core-6.4.4.Final.jar:6.4.4.Final]
	at org.hibernate.loader.ast.internal.SingleIdEntityLoaderStandardImpl.<init>(SingleIdEntityLoaderStandardImpl.java:38) ~[hibernate-core-6.4.4.Final.jar:6.4.4.Final]
	at org.hibernate.persister.entity.AbstractEntityPersister.buildSingleIdEntityLoader(AbstractEntityPersister.java:864) ~[hibernate-core-6.4.4.Final.jar:6.4.4.Final]
	at org.hibernate.persister.entity.AbstractEntityPersister.buildSingleIdEntityLoader(AbstractEntityPersister.java:853) ~[hibernate-core-6.4.4.Final.jar:6.4.4.Final]
	at org.hibernate.persister.entity.AbstractEntityPersister.prepareLoaders(AbstractEntityPersister.java:3419) ~[hibernate-core-6.4.4.Final.jar:6.4.4.Final]
	at org.hibernate.metamodel.model.domain.internal.MappingMetamodelImpl.finishInitialization(MappingMetamodelImpl.java:206) ~[hibernate-core-6.4.4.Final.jar:6.4.4.Final]
	at org.hibernate.internal.SessionFactoryImpl.initializeMappingModel(SessionFactoryImpl.java:364) ~[hibernate-core-6.4.4.Final.jar:6.4.4.Final]
	at org.hibernate.internal.SessionFactoryImpl.<init>(SessionFactoryImpl.java:293) ~[hibernate-core-6.4.4.Final.jar:6.4.4.Final]
	at org.hibernate.boot.internal.SessionFactoryBuilderImpl.build(SessionFactoryBuilderImpl.java:450) ~[hibernate-core-6.4.4.Final.jar:6.4.4.Final]
	at org.hibernate.jpa.boot.internal.EntityManagerFactoryBuilderImpl.build(EntityManagerFactoryBuilderImpl.java:1507) ~[hibernate-core-6.4.4.Final.jar:6.4.4.Final]
	at org.springframework.orm.jpa.vendor.SpringHibernateJpaPersistenceProvider.createContainerEntityManagerFactory(SpringHibernateJpaPersistenceProvider.java:75) ~[spring-orm-6.1.6.jar:6.1.6]
	at org.springframework.orm.jpa.LocalContainerEntityManagerFactoryBean.createNativeEntityManagerFactory(LocalContainerEntityManagerFactoryBean.java:390) ~[spring-orm-6.1.6.jar:6.1.6]
	at org.springframework.orm.jpa.AbstractEntityManagerFactoryBean.buildNativeEntityManagerFactory(AbstractEntityManagerFactoryBean.java:409) ~[spring-orm-6.1.6.jar:6.1.6]
	at org.springframework.orm.jpa.AbstractEntityManagerFactoryBean.afterPropertiesSet(AbstractEntityManagerFactoryBean.java:396) ~[spring-orm-6.1.6.jar:6.1.6]
	at org.springframework.orm.jpa.LocalContainerEntityManagerFactoryBean.afterPropertiesSet(LocalContainerEntityManagerFactoryBean.java:366) ~[spring-orm-6.1.6.jar:6.1.6]
	at org.springframework.beans.factory.support.AbstractAutowireCapableBeanFactory.invokeInitMethods(AbstractAutowireCapableBeanFactory.java:1833) ~[spring-beans-6.1.6.jar:6.1.6]
	at org.springframework.beans.factory.support.AbstractAutowireCapableBeanFactory.initializeBean(AbstractAutowireCapableBeanFactory.java:1782) ~[spring-beans-6.1.6.jar:6.1.6]
	at org.springframework.beans.factory.support.AbstractAutowireCapableBeanFactory.doCreateBean(AbstractAutowireCapableBeanFactory.java:600) ~[spring-beans-6.1.6.jar:6.1.6]
	at org.springframework.beans.factory.support.AbstractAutowireCapableBeanFactory.createBean(AbstractAutowireCapableBeanFactory.java:522) ~[spring-beans-6.1.6.jar:6.1.6]
	at org.springframework.beans.factory.support.AbstractBeanFactory.lambda$doGetBean$0(AbstractBeanFactory.java:326) ~[spring-beans-6.1.6.jar:6.1.6]
	at org.springframework.beans.factory.support.DefaultSingletonBeanRegistry.getSingleton(DefaultSingletonBeanRegistry.java:234) ~[spring-beans-6.1.6.jar:6.1.6]
	at org.springframework.beans.factory.support.AbstractBeanFactory.doGetBean(AbstractBeanFactory.java:324) ~[spring-beans-6.1.6.jar:6.1.6]
	at org.springframework.beans.factory.support.AbstractBeanFactory.getBean(AbstractBeanFactory.java:200) ~[spring-beans-6.1.6.jar:6.1.6]
	at org.springframework.context.support.AbstractApplicationContext.getBean(AbstractApplicationContext.java:1234) ~[spring-context-6.1.6.jar:6.1.6]
	at org.springframework.context.support.AbstractApplicationContext.finishBeanFactoryInitialization(AbstractApplicationContext.java:952) ~[spring-context-6.1.6.jar:6.1.6]
	at org.springframework.context.support.AbstractApplicationContext.refresh(AbstractApplicationContext.java:624) ~[spring-context-6.1.6.jar:6.1.6]
	at org.springframework.boot.SpringApplication.refresh(SpringApplication.java:754) ~[spring-boot-3.2.5.jar:3.2.5]
	at org.springframework.boot.SpringApplication.refreshContext(SpringApplication.java:456) ~[spring-boot-3.2.5.jar:3.2.5]
	at org.springframework.boot.SpringApplication.run(SpringApplication.java:334) ~[spring-boot-3.2.5.jar:3.2.5]
	at org.springframework.boot.test.context.SpringBootContextLoader.lambda$loadContext$3(SpringBootContextLoader.java:137) ~[spring-boot-test-3.2.5.jar:3.2.5]
	at org.springframework.util.function.ThrowingSupplier.get(ThrowingSupplier.java:58) ~[spring-core-6.1.6.jar:6.1.6]
	at org.springframework.util.function.ThrowingSupplier.get(ThrowingSupplier.java:46) ~[spring-core-6.1.6.jar:6.1.6]
	at org.springframework.boot.SpringApplication.withHook(SpringApplication.java:1454) ~[spring-boot-3.2.5.jar:3.2.5]
	at org.springframework.boot.test.context.SpringBootContextLoader$ContextLoaderHook.run(SpringBootContextLoader.java:553) ~[spring-boot-test-3.2.5.jar:3.2.5]
	at org.springframework.boot.test.context.SpringBootContextLoader.loadContext(SpringBootContextLoader.java:137) ~[spring-boot-test-3.2.5.jar:3.2.5]
	at org.springframework.boot.test.context.SpringBootContextLoader.loadContext(SpringBootContextLoader.java:108) ~[spring-boot-test-3.2.5.jar:3.2.5]
	at org.springframework.test.context.cache.DefaultCacheAwareContextLoaderDelegate.loadContextInternal(DefaultCacheAwareContextLoaderDelegate.java:225) ~[spring-test-6.1.6.jar:6.1.6]
	at org.springframework.test.context.cache.DefaultCacheAwareContextLoaderDelegate.loadContext(DefaultCacheAwareContextLoaderDelegate.java:152) ~[spring-test-6.1.6.jar:6.1.6]
	at org.springframework.test.context.support.DefaultTestContext.getApplicationContext(DefaultTestContext.java:130) ~[spring-test-6.1.6.jar:6.1.6]
	at org.springframework.test.context.web.ServletTestExecutionListener.setUpRequestContextIfNecessary(ServletTestExecutionListener.java:191) ~[spring-test-6.1.6.jar:6.1.6]
	at org.springframework.test.context.web.ServletTestExecutionListener.prepareTestInstance(ServletTestExecutionListener.java:130) ~[spring-test-6.1.6.jar:6.1.6]
	at org.springframework.test.context.TestContextManager.prepareTestInstance(TestContextManager.java:260) ~[spring-test-6.1.6.jar:6.1.6]
	at org.springframework.test.context.junit.jupiter.SpringExtension.postProcessTestInstance(SpringExtension.java:163) ~[spring-test-6.1.6.jar:6.1.6]
	at org.junit.jupiter.engine.descriptor.ClassBasedTestDescriptor.lambda$invokeTestInstancePostProcessors$10(ClassBasedTestDescriptor.java:378) ~[junit-jupiter-engine-5.10.2.jar:5.10.2]
	at org.junit.jupiter.engine.descriptor.ClassBasedTestDescriptor.executeAndMaskThrowable(ClassBasedTestDescriptor.java:383) ~[junit-jupiter-engine-5.10.2.jar:5.10.2]
	at org.junit.jupiter.engine.descriptor.ClassBasedTestDescriptor.lambda$invokeTestInstancePostProcessors$11(ClassBasedTestDescriptor.java:378) ~[junit-jupiter-engine-5.10.2.jar:5.10.2]
	at java.base/java.util.stream.ReferencePipeline$3$1.accept(ReferencePipeline.java:197) ~[na:na]
	at java.base/java.util.stream.ReferencePipeline$2$1.accept(ReferencePipeline.java:179) ~[na:na]
	at java.base/java.util.ArrayList$ArrayListSpliterator.forEachRemaining(ArrayList.java:1625) ~[na:na]
	at java.base/java.util.stream.AbstractPipeline.copyInto(AbstractPipeline.java:509) ~[na:na]
	at java.base/java.util.stream.AbstractPipeline.wrapAndCopyInto(AbstractPipeline.java:499) ~[na:na]
	at java.base/java.util.stream.StreamSpliterators$WrappingSpliterator.forEachRemaining(StreamSpliterators.java:310) ~[na:na]
	at java.base/java.util.stream.Streams$ConcatSpliterator.forEachRemaining(Streams.java:735) ~[na:na]
	at java.base/java.util.stream.Streams$ConcatSpliterator.forEachRemaining(Streams.java:734) ~[na:na]
	at java.base/java.util.stream.ReferencePipeline$Head.forEach(ReferencePipeline.java:762) ~[na:na]
	at org.junit.jupiter.engine.descriptor.ClassBasedTestDescriptor.invokeTestInstancePostProcessors(ClassBasedTestDescriptor.java:377) ~[junit-jupiter-engine-5.10.2.jar:5.10.2]
	at org.junit.jupiter.engine.descriptor.ClassBasedTestDescriptor.lambda$instantiateAndPostProcessTestInstance$6(ClassBasedTestDescriptor.java:290) ~[junit-jupiter-engine-5.10.2.jar:5.10.2]
	at org.junit.platform.engine.support.hierarchical.ThrowableCollector.execute(ThrowableCollector.java:73) ~[junit-platform-engine-1.10.2.jar:1.10.2]
	at org.junit.jupiter.engine.descriptor.ClassBasedTestDescriptor.instantiateAndPostProcessTestInstance(ClassBasedTestDescriptor.java:289) ~[junit-jupiter-engine-5.10.2.jar:5.10.2]
	at org.junit.jupiter.engine.descriptor.ClassBasedTestDescriptor.lambda$testInstancesProvider$4(ClassBasedTestDescriptor.java:279) ~[junit-jupiter-engine-5.10.2.jar:5.10.2]
	at java.base/java.util.Optional.orElseGet(Optional.java:364) ~[na:na]
	at org.junit.jupiter.engine.descriptor.ClassBasedTestDescriptor.lambda$testInstancesProvider$5(ClassBasedTestDescriptor.java:278) ~[junit-jupiter-engine-5.10.2.jar:5.10.2]
	at org.junit.jupiter.engine.execution.TestInstancesProvider.getTestInstances(TestInstancesProvider.java:31) ~[junit-jupiter-engine-5.10.2.jar:5.10.2]
	at org.junit.jupiter.engine.descriptor.TestMethodTestDescriptor.lambda$prepare$0(TestMethodTestDescriptor.java:106) ~[junit-jupiter-engine-5.10.2.jar:5.10.2]
	at org.junit.platform.engine.support.hierarchical.ThrowableCollector.execute(ThrowableCollector.java:73) ~[junit-platform-engine-1.10.2.jar:1.10.2]
	at org.junit.jupiter.engine.descriptor.TestMethodTestDescriptor.prepare(TestMethodTestDescriptor.java:105) ~[junit-jupiter-engine-5.10.2.jar:5.10.2]
	at org.junit.jupiter.engine.descriptor.TestMethodTestDescriptor.prepare(TestMethodTestDescriptor.java:69) ~[junit-jupiter-engine-5.10.2.jar:5.10.2]
	at org.junit.platform.engine.support.hierarchical.NodeTestTask.lambda$prepare$2(NodeTestTask.java:123) ~[junit-platform-engine-1.10.2.jar:1.10.2]
	at org.junit.platform.engine.support.hierarchical.ThrowableCollector.execute(ThrowableCollector.java:73) ~[junit-platform-engine-1.10.2.jar:1.10.2]
	at org.junit.platform.engine.support.hierarchical.NodeTestTask.prepare(NodeTestTask.java:123) ~[junit-platform-engine-1.10.2.jar:1.10.2]
	at org.junit.platform.engine.support.hierarchical.NodeTestTask.execute(NodeTestTask.java:90) ~[junit-platform-engine-1.10.2.jar:1.10.2]
	at java.base/java.util.ArrayList.forEach(ArrayList.java:1511) ~[na:na]
	at org.junit.platform.engine.support.hierarchical.SameThreadHierarchicalTestExecutorService.invokeAll(SameThreadHierarchicalTestExecutorService.java:41) ~[junit-platform-engine-1.10.2.jar:1.10.2]
	at org.junit.platform.engine.support.hierarchical.NodeTestTask.lambda$executeRecursively$6(NodeTestTask.java:155) ~[junit-platform-engine-1.10.2.jar:1.10.2]
	at org.junit.platform.engine.support.hierarchical.ThrowableCollector.execute(ThrowableCollector.java:73) ~[junit-platform-engine-1.10.2.jar:1.10.2]
	at org.junit.platform.engine.support.hierarchical.NodeTestTask.lambda$executeRecursively$8(NodeTestTask.java:141) ~[junit-platform-engine-1.10.2.jar:1.10.2]
	at org.junit.platform.engine.support.hierarchical.Node.around(Node.java:137) ~[junit-platform-engine-1.10.2.jar:1.10.2]
	at org.junit.platform.engine.support.hierarchical.NodeTestTask.lambda$executeRecursively$9(NodeTestTask.java:139) ~[junit-platform-engine-1.10.2.jar:1.10.2]
	at org.junit.platform.engine.support.hierarchical.ThrowableCollector.execute(ThrowableCollector.java:73) ~[junit-platform-engine-1.10.2.jar:1.10.2]
	at org.junit.platform.engine.support.hierarchical.NodeTestTask.executeRecursively(NodeTestTask.java:138) ~[junit-platform-engine-1.10.2.jar:1.10.2]
	at org.junit.platform.engine.support.hierarchical.NodeTestTask.execute(NodeTestTask.java:95) ~[junit-platform-engine-1.10.2.jar:1.10.2]
	at java.base/java.util.ArrayList.forEach(ArrayList.java:1511) ~[na:na]
	at org.junit.platform.engine.support.hierarchical.SameThreadHierarchicalTestExecutorService.invokeAll(SameThreadHierarchicalTestExecutorService.java:41) ~[junit-platform-engine-1.10.2.jar:1.10.2]
	at org.junit.platform.engine.support.hierarchical.NodeTestTask.lambda$executeRecursively$6(NodeTestTask.java:155) ~[junit-platform-engine-1.10.2.jar:1.10.2]
	at org.junit.platform.engine.support.hierarchical.ThrowableCollector.execute(ThrowableCollector.java:73) ~[junit-platform-engine-1.10.2.jar:1.10.2]
	at org.junit.platform.engine.support.hierarchical.NodeTestTask.lambda$executeRecursively$8(NodeTestTask.java:141) ~[junit-platform-engine-1.10.2.jar:1.10.2]
	at org.junit.platform.engine.support.hierarchical.Node.around(Node.java:137) ~[junit-platform-engine-1.10.2.jar:1.10.2]
	at org.junit.platform.engine.support.hierarchical.NodeTestTask.lambda$executeRecursively$9(NodeTestTask.java:139) ~[junit-platform-engine-1.10.2.jar:1.10.2]
	at org.junit.platform.engine.support.hierarchical.ThrowableCollector.execute(ThrowableCollector.java:73) ~[junit-platform-engine-1.10.2.jar:1.10.2]
	at org.junit.platform.engine.support.hierarchical.NodeTestTask.executeRecursively(NodeTestTask.java:138) ~[junit-platform-engine-1.10.2.jar:1.10.2]
	at org.junit.platform.engine.support.hierarchical.NodeTestTask.execute(NodeTestTask.java:95) ~[junit-platform-engine-1.10.2.jar:1.10.2]
	at org.junit.platform.engine.support.hierarchical.SameThreadHierarchicalTestExecutorService.submit(SameThreadHierarchicalTestExecutorService.java:35) ~[junit-platform-engine-1.10.2.jar:1.10.2]
	at org.junit.platform.engine.support.hierarchical.HierarchicalTestExecutor.execute(HierarchicalTestExecutor.java:57) ~[junit-platform-engine-1.10.2.jar:1.10.2]
	at org.junit.platform.engine.support.hierarchical.HierarchicalTestEngine.execute(HierarchicalTestEngine.java:54) ~[junit-platform-engine-1.10.2.jar:1.10.2]
	at org.junit.platform.launcher.core.EngineExecutionOrchestrator.execute(EngineExecutionOrchestrator.java:198) ~[junit-platform-launcher-1.10.2.jar:1.10.2]
	at org.junit.platform.launcher.core.EngineExecutionOrchestrator.execute(EngineExecutionOrchestrator.java:169) ~[junit-platform-launcher-1.10.2.jar:1.10.2]
	at org.junit.platform.launcher.core.EngineExecutionOrchestrator.execute(EngineExecutionOrchestrator.java:93) ~[junit-platform-launcher-1.10.2.jar:1.10.2]
	at org.junit.platform.launcher.core.EngineExecutionOrchestrator.lambda$execute$0(EngineExecutionOrchestrator.java:58) ~[junit-platform-launcher-1.10.2.jar:1.10.2]
	at org.junit.platform.launcher.core.EngineExecutionOrchestrator.withInterceptedStreams(EngineExecutionOrchestrator.java:141) ~[junit-platform-launcher-1.10.2.jar:1.10.2]
	at org.junit.platform.launcher.core.EngineExecutionOrchestrator.execute(EngineExecutionOrchestrator.java:57) ~[junit-platform-launcher-1.10.2.jar:1.10.2]
	at org.junit.platform.launcher.core.DefaultLauncher.execute(DefaultLauncher.java:103) ~[junit-platform-launcher-1.10.2.jar:1.10.2]
	at org.junit.platform.launcher.core.DefaultLauncher.execute(DefaultLauncher.java:85) ~[junit-platform-launcher-1.10.2.jar:1.10.2]
	at org.junit.platform.launcher.core.DelegatingLauncher.execute(DelegatingLauncher.java:47) ~[junit-platform-launcher-1.10.2.jar:1.10.2]
	at org.apache.maven.surefire.junitplatform.LazyLauncher.execute(LazyLauncher.java:56) ~[surefire-junit-platform-3.1.2.jar:3.1.2]
	at org.apache.maven.surefire.junitplatform.JUnitPlatformProvider.execute(JUnitPlatformProvider.java:184) ~[surefire-junit-platform-3.1.2.jar:3.1.2]
	at org.apache.maven.surefire.junitplatform.JUnitPlatformProvider.invokeAllTests(JUnitPlatformProvider.java:148) ~[surefire-junit-platform-3.1.2.jar:3.1.2]
	at org.apache.maven.surefire.junitplatform.JUnitPlatformProvider.invoke(JUnitPlatformProvider.java:122) ~[surefire-junit-platform-3.1.2.jar:3.1.2]
	at org.apache.maven.surefire.booter.ForkedBooter.runSuitesInProcess(ForkedBooter.java:385) ~[surefire-booter-3.1.2.jar:3.1.2]
	at org.apache.maven.surefire.booter.ForkedBooter.execute(ForkedBooter.java:162) ~[surefire-booter-3.1.2.jar:3.1.2]
	at org.apache.maven.surefire.booter.ForkedBooter.run(ForkedBooter.java:507) ~[surefire-booter-3.1.2.jar:3.1.2]
	at org.apache.maven.surefire.booter.ForkedBooter.main(ForkedBooter.java:495) ~[surefire-booter-3.1.2.jar:3.1.2]

2024-05-17T15:11:55.362+02:00 DEBUG 4684 --- [clothlogix] [           main] org.hibernate.orm.sql.ast.tree           : SQL AST Tree:
    SelectStatement {
      FromClause {
        StandardTableGroup (me1 : com.fabless.clothlogix.model.entities.MaterialeEntity) {
          primaryTableReference : materiale as me1_0
        }
      }
    }

2024-05-17T15:11:55.362+02:00 DEBUG 4684 --- [clothlogix] [           main] o.h.p.entity.AbstractEntityPersister     : Static SQL for entity: com.fabless.clothlogix.model.entities.MaterialeEntity
2024-05-17T15:11:55.362+02:00 DEBUG 4684 --- [clothlogix] [           main] o.h.p.entity.AbstractEntityPersister     :  Version select: select id from materiale where id=?
2024-05-17T15:11:55.362+02:00 DEBUG 4684 --- [clothlogix] [           main] o.h.p.entity.AbstractEntityPersister     :  Insert (0): insert into materiale (descrizione) values (?)
2024-05-17T15:11:55.362+02:00 DEBUG 4684 --- [clothlogix] [           main] o.h.p.entity.AbstractEntityPersister     :  Update (0): update materiale set descrizione=? where id=?
2024-05-17T15:11:55.362+02:00 DEBUG 4684 --- [clothlogix] [           main] o.h.p.entity.AbstractEntityPersister     :  Delete (0): delete from materiale where id=?
2024-05-17T15:11:55.362+02:00 DEBUG 4684 --- [clothlogix] [           main] org.hibernate.orm.sql.ast.create         : Created new SQL alias : p1_0
2024-05-17T15:11:55.362+02:00 DEBUG 4684 --- [clothlogix] [           main] org.hibernate.orm.sql.ast.create         : Registration of TableGroup [CollectionTableGroup(com.fabless.clothlogix.model.entities.MaterialeEntity.prodotti)] with identifierForTableGroup [com.fabless.clothlogix.model.entities.MaterialeEntity.prodotti] for NavigablePath [com.fabless.clothlogix.model.entities.MaterialeEntity.prodotti] 
2024-05-17T15:11:55.362+02:00 DEBUG 4684 --- [clothlogix] [           main] org.hibernate.orm.sql.ast.create         : Registration of TableGroup [org.hibernate.sql.ast.tree.from.LazyTableGroup@3ee2d546] with identifierForTableGroup [com.fabless.clothlogix.model.entities.MaterialeEntity.prodotti.{element}] for NavigablePath [com.fabless.clothlogix.model.entities.MaterialeEntity.prodotti.{element}] 
2024-05-17T15:11:55.374+02:00 DEBUG 4684 --- [clothlogix] [           main] org.hibernate.orm.sql.ast.create         : Created new SQL alias : p1_1
2024-05-17T15:11:55.374+02:00 TRACE 4684 --- [clothlogix] [           main] o.h.l.ast.internal.LoaderSelectBuilder   : Starting visitation of FetchParent's Fetchables : com.fabless.clothlogix.model.entities.MaterialeEntity.prodotti.{element}
2024-05-17T15:11:55.374+02:00 DEBUG 4684 --- [clothlogix] [           main] org.hibernate.orm.sql.ast.create         : Registration of TableGroup [org.hibernate.sql.ast.tree.from.LazyTableGroup@40f15786] with identifierForTableGroup [com.fabless.clothlogix.model.entities.MaterialeEntity.prodotti.{element}.sezioni] for NavigablePath [com.fabless.clothlogix.model.entities.MaterialeEntity.prodotti.{element}.sezioni] 
2024-05-17T15:11:55.374+02:00 DEBUG 4684 --- [clothlogix] [           main] org.hibernate.orm.sql.ast.create         : Created new SQL alias : s1_0
2024-05-17T15:11:55.374+02:00 TRACE 4684 --- [clothlogix] [           main] o.h.l.ast.internal.LoaderSelectBuilder   : Starting visitation of FetchParent's Fetchables : com.fabless.clothlogix.model.entities.MaterialeEntity.prodotti.{element}.sezioni
2024-05-17T15:11:55.382+02:00 DEBUG 4684 --- [clothlogix] [           main] org.hibernate.orm.results.graph.AST      : DomainResult Graph:
 \-CollectionDomainResult [com.fabless.clothlogix.model.entities.MaterialeEntity.prodotti]

2024-05-17T15:11:55.382+02:00 TRACE 4684 --- [clothlogix] [           main] org.hibernate.orm.results.graph.AST      : Stack trace calling DomainResultGraphPrinter

java.lang.Exception: null
	at org.hibernate.sql.results.graph.DomainResultGraphPrinter.visitDomainResults(DomainResultGraphPrinter.java:70) ~[hibernate-core-6.4.4.Final.jar:6.4.4.Final]
	at org.hibernate.sql.results.graph.DomainResultGraphPrinter.logDomainResultGraph(DomainResultGraphPrinter.java:46) ~[hibernate-core-6.4.4.Final.jar:6.4.4.Final]
	at org.hibernate.sql.results.graph.DomainResultGraphPrinter.logDomainResultGraph(DomainResultGraphPrinter.java:37) ~[hibernate-core-6.4.4.Final.jar:6.4.4.Final]
	at org.hibernate.sql.ast.spi.AbstractSqlAstTranslator.translateSelect(AbstractSqlAstTranslator.java:858) ~[hibernate-core-6.4.4.Final.jar:6.4.4.Final]
	at org.hibernate.sql.ast.spi.AbstractSqlAstTranslator.translate(AbstractSqlAstTranslator.java:811) ~[hibernate-core-6.4.4.Final.jar:6.4.4.Final]
	at org.hibernate.loader.ast.internal.CollectionLoaderSingleKey.<init>(CollectionLoaderSingleKey.java:78) ~[hibernate-core-6.4.4.Final.jar:6.4.4.Final]
	at org.hibernate.persister.collection.AbstractCollectionPersister.createSingleKeyCollectionLoader(AbstractCollectionPersister.java:791) ~[hibernate-core-6.4.4.Final.jar:6.4.4.Final]
	at org.hibernate.persister.collection.AbstractCollectionPersister.createNamedQueryCollectionLoader(AbstractCollectionPersister.java:776) ~[hibernate-core-6.4.4.Final.jar:6.4.4.Final]
	at org.hibernate.persister.collection.AbstractCollectionPersister.postInstantiate(AbstractCollectionPersister.java:619) ~[hibernate-core-6.4.4.Final.jar:6.4.4.Final]
	at java.base/java.util.concurrent.ConcurrentHashMap$ValuesView.forEach(ConcurrentHashMap.java:4783) ~[na:na]
	at org.hibernate.metamodel.model.domain.internal.MappingMetamodelImpl.finishInitialization(MappingMetamodelImpl.java:209) ~[hibernate-core-6.4.4.Final.jar:6.4.4.Final]
	at org.hibernate.internal.SessionFactoryImpl.initializeMappingModel(SessionFactoryImpl.java:364) ~[hibernate-core-6.4.4.Final.jar:6.4.4.Final]
	at org.hibernate.internal.SessionFactoryImpl.<init>(SessionFactoryImpl.java:293) ~[hibernate-core-6.4.4.Final.jar:6.4.4.Final]
	at org.hibernate.boot.internal.SessionFactoryBuilderImpl.build(SessionFactoryBuilderImpl.java:450) ~[hibernate-core-6.4.4.Final.jar:6.4.4.Final]
	at org.hibernate.jpa.boot.internal.EntityManagerFactoryBuilderImpl.build(EntityManagerFactoryBuilderImpl.java:1507) ~[hibernate-core-6.4.4.Final.jar:6.4.4.Final]
	at org.springframework.orm.jpa.vendor.SpringHibernateJpaPersistenceProvider.createContainerEntityManagerFactory(SpringHibernateJpaPersistenceProvider.java:75) ~[spring-orm-6.1.6.jar:6.1.6]
	at org.springframework.orm.jpa.LocalContainerEntityManagerFactoryBean.createNativeEntityManagerFactory(LocalContainerEntityManagerFactoryBean.java:390) ~[spring-orm-6.1.6.jar:6.1.6]
	at org.springframework.orm.jpa.AbstractEntityManagerFactoryBean.buildNativeEntityManagerFactory(AbstractEntityManagerFactoryBean.java:409) ~[spring-orm-6.1.6.jar:6.1.6]
	at org.springframework.orm.jpa.AbstractEntityManagerFactoryBean.afterPropertiesSet(AbstractEntityManagerFactoryBean.java:396) ~[spring-orm-6.1.6.jar:6.1.6]
	at org.springframework.orm.jpa.LocalContainerEntityManagerFactoryBean.afterPropertiesSet(LocalContainerEntityManagerFactoryBean.java:366) ~[spring-orm-6.1.6.jar:6.1.6]
	at org.springframework.beans.factory.support.AbstractAutowireCapableBeanFactory.invokeInitMethods(AbstractAutowireCapableBeanFactory.java:1833) ~[spring-beans-6.1.6.jar:6.1.6]
	at org.springframework.beans.factory.support.AbstractAutowireCapableBeanFactory.initializeBean(AbstractAutowireCapableBeanFactory.java:1782) ~[spring-beans-6.1.6.jar:6.1.6]
	at org.springframework.beans.factory.support.AbstractAutowireCapableBeanFactory.doCreateBean(AbstractAutowireCapableBeanFactory.java:600) ~[spring-beans-6.1.6.jar:6.1.6]
	at org.springframework.beans.factory.support.AbstractAutowireCapableBeanFactory.createBean(AbstractAutowireCapableBeanFactory.java:522) ~[spring-beans-6.1.6.jar:6.1.6]
	at org.springframework.beans.factory.support.AbstractBeanFactory.lambda$doGetBean$0(AbstractBeanFactory.java:326) ~[spring-beans-6.1.6.jar:6.1.6]
	at org.springframework.beans.factory.support.DefaultSingletonBeanRegistry.getSingleton(DefaultSingletonBeanRegistry.java:234) ~[spring-beans-6.1.6.jar:6.1.6]
	at org.springframework.beans.factory.support.AbstractBeanFactory.doGetBean(AbstractBeanFactory.java:324) ~[spring-beans-6.1.6.jar:6.1.6]
	at org.springframework.beans.factory.support.AbstractBeanFactory.getBean(AbstractBeanFactory.java:200) ~[spring-beans-6.1.6.jar:6.1.6]
	at org.springframework.context.support.AbstractApplicationContext.getBean(AbstractApplicationContext.java:1234) ~[spring-context-6.1.6.jar:6.1.6]
	at org.springframework.context.support.AbstractApplicationContext.finishBeanFactoryInitialization(AbstractApplicationContext.java:952) ~[spring-context-6.1.6.jar:6.1.6]
	at org.springframework.context.support.AbstractApplicationContext.refresh(AbstractApplicationContext.java:624) ~[spring-context-6.1.6.jar:6.1.6]
	at org.springframework.boot.SpringApplication.refresh(SpringApplication.java:754) ~[spring-boot-3.2.5.jar:3.2.5]
	at org.springframework.boot.SpringApplication.refreshContext(SpringApplication.java:456) ~[spring-boot-3.2.5.jar:3.2.5]
	at org.springframework.boot.SpringApplication.run(SpringApplication.java:334) ~[spring-boot-3.2.5.jar:3.2.5]
	at org.springframework.boot.test.context.SpringBootContextLoader.lambda$loadContext$3(SpringBootContextLoader.java:137) ~[spring-boot-test-3.2.5.jar:3.2.5]
	at org.springframework.util.function.ThrowingSupplier.get(ThrowingSupplier.java:58) ~[spring-core-6.1.6.jar:6.1.6]
	at org.springframework.util.function.ThrowingSupplier.get(ThrowingSupplier.java:46) ~[spring-core-6.1.6.jar:6.1.6]
	at org.springframework.boot.SpringApplication.withHook(SpringApplication.java:1454) ~[spring-boot-3.2.5.jar:3.2.5]
	at org.springframework.boot.test.context.SpringBootContextLoader$ContextLoaderHook.run(SpringBootContextLoader.java:553) ~[spring-boot-test-3.2.5.jar:3.2.5]
	at org.springframework.boot.test.context.SpringBootContextLoader.loadContext(SpringBootContextLoader.java:137) ~[spring-boot-test-3.2.5.jar:3.2.5]
	at org.springframework.boot.test.context.SpringBootContextLoader.loadContext(SpringBootContextLoader.java:108) ~[spring-boot-test-3.2.5.jar:3.2.5]
	at org.springframework.test.context.cache.DefaultCacheAwareContextLoaderDelegate.loadContextInternal(DefaultCacheAwareContextLoaderDelegate.java:225) ~[spring-test-6.1.6.jar:6.1.6]
	at org.springframework.test.context.cache.DefaultCacheAwareContextLoaderDelegate.loadContext(DefaultCacheAwareContextLoaderDelegate.java:152) ~[spring-test-6.1.6.jar:6.1.6]
	at org.springframework.test.context.support.DefaultTestContext.getApplicationContext(DefaultTestContext.java:130) ~[spring-test-6.1.6.jar:6.1.6]
	at org.springframework.test.context.web.ServletTestExecutionListener.setUpRequestContextIfNecessary(ServletTestExecutionListener.java:191) ~[spring-test-6.1.6.jar:6.1.6]
	at org.springframework.test.context.web.ServletTestExecutionListener.prepareTestInstance(ServletTestExecutionListener.java:130) ~[spring-test-6.1.6.jar:6.1.6]
	at org.springframework.test.context.TestContextManager.prepareTestInstance(TestContextManager.java:260) ~[spring-test-6.1.6.jar:6.1.6]
	at org.springframework.test.context.junit.jupiter.SpringExtension.postProcessTestInstance(SpringExtension.java:163) ~[spring-test-6.1.6.jar:6.1.6]
	at org.junit.jupiter.engine.descriptor.ClassBasedTestDescriptor.lambda$invokeTestInstancePostProcessors$10(ClassBasedTestDescriptor.java:378) ~[junit-jupiter-engine-5.10.2.jar:5.10.2]
	at org.junit.jupiter.engine.descriptor.ClassBasedTestDescriptor.executeAndMaskThrowable(ClassBasedTestDescriptor.java:383) ~[junit-jupiter-engine-5.10.2.jar:5.10.2]
	at org.junit.jupiter.engine.descriptor.ClassBasedTestDescriptor.lambda$invokeTestInstancePostProcessors$11(ClassBasedTestDescriptor.java:378) ~[junit-jupiter-engine-5.10.2.jar:5.10.2]
	at java.base/java.util.stream.ReferencePipeline$3$1.accept(ReferencePipeline.java:197) ~[na:na]
	at java.base/java.util.stream.ReferencePipeline$2$1.accept(ReferencePipeline.java:179) ~[na:na]
	at java.base/java.util.ArrayList$ArrayListSpliterator.forEachRemaining(ArrayList.java:1625) ~[na:na]
	at java.base/java.util.stream.AbstractPipeline.copyInto(AbstractPipeline.java:509) ~[na:na]
	at java.base/java.util.stream.AbstractPipeline.wrapAndCopyInto(AbstractPipeline.java:499) ~[na:na]
	at java.base/java.util.stream.StreamSpliterators$WrappingSpliterator.forEachRemaining(StreamSpliterators.java:310) ~[na:na]
	at java.base/java.util.stream.Streams$ConcatSpliterator.forEachRemaining(Streams.java:735) ~[na:na]
	at java.base/java.util.stream.Streams$ConcatSpliterator.forEachRemaining(Streams.java:734) ~[na:na]
	at java.base/java.util.stream.ReferencePipeline$Head.forEach(ReferencePipeline.java:762) ~[na:na]
	at org.junit.jupiter.engine.descriptor.ClassBasedTestDescriptor.invokeTestInstancePostProcessors(ClassBasedTestDescriptor.java:377) ~[junit-jupiter-engine-5.10.2.jar:5.10.2]
	at org.junit.jupiter.engine.descriptor.ClassBasedTestDescriptor.lambda$instantiateAndPostProcessTestInstance$6(ClassBasedTestDescriptor.java:290) ~[junit-jupiter-engine-5.10.2.jar:5.10.2]
	at org.junit.platform.engine.support.hierarchical.ThrowableCollector.execute(ThrowableCollector.java:73) ~[junit-platform-engine-1.10.2.jar:1.10.2]
	at org.junit.jupiter.engine.descriptor.ClassBasedTestDescriptor.instantiateAndPostProcessTestInstance(ClassBasedTestDescriptor.java:289) ~[junit-jupiter-engine-5.10.2.jar:5.10.2]
	at org.junit.jupiter.engine.descriptor.ClassBasedTestDescriptor.lambda$testInstancesProvider$4(ClassBasedTestDescriptor.java:279) ~[junit-jupiter-engine-5.10.2.jar:5.10.2]
	at java.base/java.util.Optional.orElseGet(Optional.java:364) ~[na:na]
	at org.junit.jupiter.engine.descriptor.ClassBasedTestDescriptor.lambda$testInstancesProvider$5(ClassBasedTestDescriptor.java:278) ~[junit-jupiter-engine-5.10.2.jar:5.10.2]
	at org.junit.jupiter.engine.execution.TestInstancesProvider.getTestInstances(TestInstancesProvider.java:31) ~[junit-jupiter-engine-5.10.2.jar:5.10.2]
	at org.junit.jupiter.engine.descriptor.TestMethodTestDescriptor.lambda$prepare$0(TestMethodTestDescriptor.java:106) ~[junit-jupiter-engine-5.10.2.jar:5.10.2]
	at org.junit.platform.engine.support.hierarchical.ThrowableCollector.execute(ThrowableCollector.java:73) ~[junit-platform-engine-1.10.2.jar:1.10.2]
	at org.junit.jupiter.engine.descriptor.TestMethodTestDescriptor.prepare(TestMethodTestDescriptor.java:105) ~[junit-jupiter-engine-5.10.2.jar:5.10.2]
	at org.junit.jupiter.engine.descriptor.TestMethodTestDescriptor.prepare(TestMethodTestDescriptor.java:69) ~[junit-jupiter-engine-5.10.2.jar:5.10.2]
	at org.junit.platform.engine.support.hierarchical.NodeTestTask.lambda$prepare$2(NodeTestTask.java:123) ~[junit-platform-engine-1.10.2.jar:1.10.2]
	at org.junit.platform.engine.support.hierarchical.ThrowableCollector.execute(ThrowableCollector.java:73) ~[junit-platform-engine-1.10.2.jar:1.10.2]
	at org.junit.platform.engine.support.hierarchical.NodeTestTask.prepare(NodeTestTask.java:123) ~[junit-platform-engine-1.10.2.jar:1.10.2]
	at org.junit.platform.engine.support.hierarchical.NodeTestTask.execute(NodeTestTask.java:90) ~[junit-platform-engine-1.10.2.jar:1.10.2]
	at java.base/java.util.ArrayList.forEach(ArrayList.java:1511) ~[na:na]
	at org.junit.platform.engine.support.hierarchical.SameThreadHierarchicalTestExecutorService.invokeAll(SameThreadHierarchicalTestExecutorService.java:41) ~[junit-platform-engine-1.10.2.jar:1.10.2]
	at org.junit.platform.engine.support.hierarchical.NodeTestTask.lambda$executeRecursively$6(NodeTestTask.java:155) ~[junit-platform-engine-1.10.2.jar:1.10.2]
	at org.junit.platform.engine.support.hierarchical.ThrowableCollector.execute(ThrowableCollector.java:73) ~[junit-platform-engine-1.10.2.jar:1.10.2]
	at org.junit.platform.engine.support.hierarchical.NodeTestTask.lambda$executeRecursively$8(NodeTestTask.java:141) ~[junit-platform-engine-1.10.2.jar:1.10.2]
	at org.junit.platform.engine.support.hierarchical.Node.around(Node.java:137) ~[junit-platform-engine-1.10.2.jar:1.10.2]
	at org.junit.platform.engine.support.hierarchical.NodeTestTask.lambda$executeRecursively$9(NodeTestTask.java:139) ~[junit-platform-engine-1.10.2.jar:1.10.2]
	at org.junit.platform.engine.support.hierarchical.ThrowableCollector.execute(ThrowableCollector.java:73) ~[junit-platform-engine-1.10.2.jar:1.10.2]
	at org.junit.platform.engine.support.hierarchical.NodeTestTask.executeRecursively(NodeTestTask.java:138) ~[junit-platform-engine-1.10.2.jar:1.10.2]
	at org.junit.platform.engine.support.hierarchical.NodeTestTask.execute(NodeTestTask.java:95) ~[junit-platform-engine-1.10.2.jar:1.10.2]
	at java.base/java.util.ArrayList.forEach(ArrayList.java:1511) ~[na:na]
	at org.junit.platform.engine.support.hierarchical.SameThreadHierarchicalTestExecutorService.invokeAll(SameThreadHierarchicalTestExecutorService.java:41) ~[junit-platform-engine-1.10.2.jar:1.10.2]
	at org.junit.platform.engine.support.hierarchical.NodeTestTask.lambda$executeRecursively$6(NodeTestTask.java:155) ~[junit-platform-engine-1.10.2.jar:1.10.2]
	at org.junit.platform.engine.support.hierarchical.ThrowableCollector.execute(ThrowableCollector.java:73) ~[junit-platform-engine-1.10.2.jar:1.10.2]
	at org.junit.platform.engine.support.hierarchical.NodeTestTask.lambda$executeRecursively$8(NodeTestTask.java:141) ~[junit-platform-engine-1.10.2.jar:1.10.2]
	at org.junit.platform.engine.support.hierarchical.Node.around(Node.java:137) ~[junit-platform-engine-1.10.2.jar:1.10.2]
	at org.junit.platform.engine.support.hierarchical.NodeTestTask.lambda$executeRecursively$9(NodeTestTask.java:139) ~[junit-platform-engine-1.10.2.jar:1.10.2]
	at org.junit.platform.engine.support.hierarchical.ThrowableCollector.execute(ThrowableCollector.java:73) ~[junit-platform-engine-1.10.2.jar:1.10.2]
	at org.junit.platform.engine.support.hierarchical.NodeTestTask.executeRecursively(NodeTestTask.java:138) ~[junit-platform-engine-1.10.2.jar:1.10.2]
	at org.junit.platform.engine.support.hierarchical.NodeTestTask.execute(NodeTestTask.java:95) ~[junit-platform-engine-1.10.2.jar:1.10.2]
	at org.junit.platform.engine.support.hierarchical.SameThreadHierarchicalTestExecutorService.submit(SameThreadHierarchicalTestExecutorService.java:35) ~[junit-platform-engine-1.10.2.jar:1.10.2]
	at org.junit.platform.engine.support.hierarchical.HierarchicalTestExecutor.execute(HierarchicalTestExecutor.java:57) ~[junit-platform-engine-1.10.2.jar:1.10.2]
	at org.junit.platform.engine.support.hierarchical.HierarchicalTestEngine.execute(HierarchicalTestEngine.java:54) ~[junit-platform-engine-1.10.2.jar:1.10.2]
	at org.junit.platform.launcher.core.EngineExecutionOrchestrator.execute(EngineExecutionOrchestrator.java:198) ~[junit-platform-launcher-1.10.2.jar:1.10.2]
	at org.junit.platform.launcher.core.EngineExecutionOrchestrator.execute(EngineExecutionOrchestrator.java:169) ~[junit-platform-launcher-1.10.2.jar:1.10.2]
	at org.junit.platform.launcher.core.EngineExecutionOrchestrator.execute(EngineExecutionOrchestrator.java:93) ~[junit-platform-launcher-1.10.2.jar:1.10.2]
	at org.junit.platform.launcher.core.EngineExecutionOrchestrator.lambda$execute$0(EngineExecutionOrchestrator.java:58) ~[junit-platform-launcher-1.10.2.jar:1.10.2]
	at org.junit.platform.launcher.core.EngineExecutionOrchestrator.withInterceptedStreams(EngineExecutionOrchestrator.java:141) ~[junit-platform-launcher-1.10.2.jar:1.10.2]
	at org.junit.platform.launcher.core.EngineExecutionOrchestrator.execute(EngineExecutionOrchestrator.java:57) ~[junit-platform-launcher-1.10.2.jar:1.10.2]
	at org.junit.platform.launcher.core.DefaultLauncher.execute(DefaultLauncher.java:103) ~[junit-platform-launcher-1.10.2.jar:1.10.2]
	at org.junit.platform.launcher.core.DefaultLauncher.execute(DefaultLauncher.java:85) ~[junit-platform-launcher-1.10.2.jar:1.10.2]
	at org.junit.platform.launcher.core.DelegatingLauncher.execute(DelegatingLauncher.java:47) ~[junit-platform-launcher-1.10.2.jar:1.10.2]
	at org.apache.maven.surefire.junitplatform.LazyLauncher.execute(LazyLauncher.java:56) ~[surefire-junit-platform-3.1.2.jar:3.1.2]
	at org.apache.maven.surefire.junitplatform.JUnitPlatformProvider.execute(JUnitPlatformProvider.java:184) ~[surefire-junit-platform-3.1.2.jar:3.1.2]
	at org.apache.maven.surefire.junitplatform.JUnitPlatformProvider.invokeAllTests(JUnitPlatformProvider.java:148) ~[surefire-junit-platform-3.1.2.jar:3.1.2]
	at org.apache.maven.surefire.junitplatform.JUnitPlatformProvider.invoke(JUnitPlatformProvider.java:122) ~[surefire-junit-platform-3.1.2.jar:3.1.2]
	at org.apache.maven.surefire.booter.ForkedBooter.runSuitesInProcess(ForkedBooter.java:385) ~[surefire-booter-3.1.2.jar:3.1.2]
	at org.apache.maven.surefire.booter.ForkedBooter.execute(ForkedBooter.java:162) ~[surefire-booter-3.1.2.jar:3.1.2]
	at org.apache.maven.surefire.booter.ForkedBooter.run(ForkedBooter.java:507) ~[surefire-booter-3.1.2.jar:3.1.2]
	at org.apache.maven.surefire.booter.ForkedBooter.main(ForkedBooter.java:495) ~[surefire-booter-3.1.2.jar:3.1.2]

2024-05-17T15:11:55.382+02:00 DEBUG 4684 --- [clothlogix] [           main] org.hibernate.orm.sql.ast.tree           : SQL AST Tree:
    SelectStatement {
      FromClause {
        CollectionTableGroup (p1 : com.fabless.clothlogix.model.entities.MaterialeEntity.prodotti) {
          primaryTableReference : prodotto_materiale_rel as p1_0
          TableGroupJoins {
             join LazyTableGroup (p1 : com.fabless.clothlogix.model.entities.MaterialeEntity.prodotti.{element}) {
              primaryTableReference : prodotto as p1_1
              TableGroupJoins {
                left  join LazyTableGroup (s1 : com.fabless.clothlogix.model.entities.MaterialeEntity.prodotti.{element}.sezioni) {
                  primaryTableReference : sezione as s1_0
                }
              }
            }
          }
        }
      }
    }

2024-05-17T15:11:55.382+02:00 DEBUG 4684 --- [clothlogix] [           main] org.hibernate.orm.jdbc.mutation          : Static SQL for collection: com.fabless.clothlogix.model.entities.MaterialeEntity.prodotti
2024-05-17T15:11:55.382+02:00 DEBUG 4684 --- [clothlogix] [           main] org.hibernate.orm.sql.ast.create         : Created new SQL alias : p1_0
2024-05-17T15:11:55.382+02:00 DEBUG 4684 --- [clothlogix] [           main] org.hibernate.orm.sql.ast.create         : Registration of TableGroup [CollectionTableGroup(com.fabless.clothlogix.model.entities.TagliaEntity.prodotti)] with identifierForTableGroup [com.fabless.clothlogix.model.entities.TagliaEntity.prodotti] for NavigablePath [com.fabless.clothlogix.model.entities.TagliaEntity.prodotti] 
2024-05-17T15:11:55.382+02:00 DEBUG 4684 --- [clothlogix] [           main] org.hibernate.orm.sql.ast.create         : Registration of TableGroup [org.hibernate.sql.ast.tree.from.LazyTableGroup@73bcd9b4] with identifierForTableGroup [com.fabless.clothlogix.model.entities.TagliaEntity.prodotti.{element}] for NavigablePath [com.fabless.clothlogix.model.entities.TagliaEntity.prodotti.{element}] 
2024-05-17T15:11:55.382+02:00 DEBUG 4684 --- [clothlogix] [           main] org.hibernate.orm.sql.ast.create         : Created new SQL alias : p1_1
2024-05-17T15:11:55.382+02:00 TRACE 4684 --- [clothlogix] [           main] o.h.l.ast.internal.LoaderSelectBuilder   : Starting visitation of FetchParent's Fetchables : com.fabless.clothlogix.model.entities.TagliaEntity.prodotti.{element}
2024-05-17T15:11:55.382+02:00 DEBUG 4684 --- [clothlogix] [           main] org.hibernate.orm.sql.ast.create         : Registration of TableGroup [org.hibernate.sql.ast.tree.from.LazyTableGroup@27aa7294] with identifierForTableGroup [com.fabless.clothlogix.model.entities.TagliaEntity.prodotti.{element}.sezioni] for NavigablePath [com.fabless.clothlogix.model.entities.TagliaEntity.prodotti.{element}.sezioni] 
2024-05-17T15:11:55.382+02:00 DEBUG 4684 --- [clothlogix] [           main] org.hibernate.orm.sql.ast.create         : Created new SQL alias : s1_0
2024-05-17T15:11:55.382+02:00 TRACE 4684 --- [clothlogix] [           main] o.h.l.ast.internal.LoaderSelectBuilder   : Starting visitation of FetchParent's Fetchables : com.fabless.clothlogix.model.entities.TagliaEntity.prodotti.{element}.sezioni
2024-05-17T15:11:55.382+02:00 DEBUG 4684 --- [clothlogix] [           main] org.hibernate.orm.results.graph.AST      : DomainResult Graph:
 \-CollectionDomainResult [com.fabless.clothlogix.model.entities.TagliaEntity.prodotti]

2024-05-17T15:11:55.382+02:00 TRACE 4684 --- [clothlogix] [           main] org.hibernate.orm.results.graph.AST      : Stack trace calling DomainResultGraphPrinter

java.lang.Exception: null
	at org.hibernate.sql.results.graph.DomainResultGraphPrinter.visitDomainResults(DomainResultGraphPrinter.java:70) ~[hibernate-core-6.4.4.Final.jar:6.4.4.Final]
	at org.hibernate.sql.results.graph.DomainResultGraphPrinter.logDomainResultGraph(DomainResultGraphPrinter.java:46) ~[hibernate-core-6.4.4.Final.jar:6.4.4.Final]
	at org.hibernate.sql.results.graph.DomainResultGraphPrinter.logDomainResultGraph(DomainResultGraphPrinter.java:37) ~[hibernate-core-6.4.4.Final.jar:6.4.4.Final]
	at org.hibernate.sql.ast.spi.AbstractSqlAstTranslator.translateSelect(AbstractSqlAstTranslator.java:858) ~[hibernate-core-6.4.4.Final.jar:6.4.4.Final]
	at org.hibernate.sql.ast.spi.AbstractSqlAstTranslator.translate(AbstractSqlAstTranslator.java:811) ~[hibernate-core-6.4.4.Final.jar:6.4.4.Final]
	at org.hibernate.loader.ast.internal.CollectionLoaderSingleKey.<init>(CollectionLoaderSingleKey.java:78) ~[hibernate-core-6.4.4.Final.jar:6.4.4.Final]
	at org.hibernate.persister.collection.AbstractCollectionPersister.createSingleKeyCollectionLoader(AbstractCollectionPersister.java:791) ~[hibernate-core-6.4.4.Final.jar:6.4.4.Final]
	at org.hibernate.persister.collection.AbstractCollectionPersister.createNamedQueryCollectionLoader(AbstractCollectionPersister.java:776) ~[hibernate-core-6.4.4.Final.jar:6.4.4.Final]
	at org.hibernate.persister.collection.AbstractCollectionPersister.postInstantiate(AbstractCollectionPersister.java:619) ~[hibernate-core-6.4.4.Final.jar:6.4.4.Final]
	at java.base/java.util.concurrent.ConcurrentHashMap$ValuesView.forEach(ConcurrentHashMap.java:4783) ~[na:na]
	at org.hibernate.metamodel.model.domain.internal.MappingMetamodelImpl.finishInitialization(MappingMetamodelImpl.java:209) ~[hibernate-core-6.4.4.Final.jar:6.4.4.Final]
	at org.hibernate.internal.SessionFactoryImpl.initializeMappingModel(SessionFactoryImpl.java:364) ~[hibernate-core-6.4.4.Final.jar:6.4.4.Final]
	at org.hibernate.internal.SessionFactoryImpl.<init>(SessionFactoryImpl.java:293) ~[hibernate-core-6.4.4.Final.jar:6.4.4.Final]
	at org.hibernate.boot.internal.SessionFactoryBuilderImpl.build(SessionFactoryBuilderImpl.java:450) ~[hibernate-core-6.4.4.Final.jar:6.4.4.Final]
	at org.hibernate.jpa.boot.internal.EntityManagerFactoryBuilderImpl.build(EntityManagerFactoryBuilderImpl.java:1507) ~[hibernate-core-6.4.4.Final.jar:6.4.4.Final]
	at org.springframework.orm.jpa.vendor.SpringHibernateJpaPersistenceProvider.createContainerEntityManagerFactory(SpringHibernateJpaPersistenceProvider.java:75) ~[spring-orm-6.1.6.jar:6.1.6]
	at org.springframework.orm.jpa.LocalContainerEntityManagerFactoryBean.createNativeEntityManagerFactory(LocalContainerEntityManagerFactoryBean.java:390) ~[spring-orm-6.1.6.jar:6.1.6]
	at org.springframework.orm.jpa.AbstractEntityManagerFactoryBean.buildNativeEntityManagerFactory(AbstractEntityManagerFactoryBean.java:409) ~[spring-orm-6.1.6.jar:6.1.6]
	at org.springframework.orm.jpa.AbstractEntityManagerFactoryBean.afterPropertiesSet(AbstractEntityManagerFactoryBean.java:396) ~[spring-orm-6.1.6.jar:6.1.6]
	at org.springframework.orm.jpa.LocalContainerEntityManagerFactoryBean.afterPropertiesSet(LocalContainerEntityManagerFactoryBean.java:366) ~[spring-orm-6.1.6.jar:6.1.6]
	at org.springframework.beans.factory.support.AbstractAutowireCapableBeanFactory.invokeInitMethods(AbstractAutowireCapableBeanFactory.java:1833) ~[spring-beans-6.1.6.jar:6.1.6]
	at org.springframework.beans.factory.support.AbstractAutowireCapableBeanFactory.initializeBean(AbstractAutowireCapableBeanFactory.java:1782) ~[spring-beans-6.1.6.jar:6.1.6]
	at org.springframework.beans.factory.support.AbstractAutowireCapableBeanFactory.doCreateBean(AbstractAutowireCapableBeanFactory.java:600) ~[spring-beans-6.1.6.jar:6.1.6]
	at org.springframework.beans.factory.support.AbstractAutowireCapableBeanFactory.createBean(AbstractAutowireCapableBeanFactory.java:522) ~[spring-beans-6.1.6.jar:6.1.6]
	at org.springframework.beans.factory.support.AbstractBeanFactory.lambda$doGetBean$0(AbstractBeanFactory.java:326) ~[spring-beans-6.1.6.jar:6.1.6]
	at org.springframework.beans.factory.support.DefaultSingletonBeanRegistry.getSingleton(DefaultSingletonBeanRegistry.java:234) ~[spring-beans-6.1.6.jar:6.1.6]
	at org.springframework.beans.factory.support.AbstractBeanFactory.doGetBean(AbstractBeanFactory.java:324) ~[spring-beans-6.1.6.jar:6.1.6]
	at org.springframework.beans.factory.support.AbstractBeanFactory.getBean(AbstractBeanFactory.java:200) ~[spring-beans-6.1.6.jar:6.1.6]
	at org.springframework.context.support.AbstractApplicationContext.getBean(AbstractApplicationContext.java:1234) ~[spring-context-6.1.6.jar:6.1.6]
	at org.springframework.context.support.AbstractApplicationContext.finishBeanFactoryInitialization(AbstractApplicationContext.java:952) ~[spring-context-6.1.6.jar:6.1.6]
	at org.springframework.context.support.AbstractApplicationContext.refresh(AbstractApplicationContext.java:624) ~[spring-context-6.1.6.jar:6.1.6]
	at org.springframework.boot.SpringApplication.refresh(SpringApplication.java:754) ~[spring-boot-3.2.5.jar:3.2.5]
	at org.springframework.boot.SpringApplication.refreshContext(SpringApplication.java:456) ~[spring-boot-3.2.5.jar:3.2.5]
	at org.springframework.boot.SpringApplication.run(SpringApplication.java:334) ~[spring-boot-3.2.5.jar:3.2.5]
	at org.springframework.boot.test.context.SpringBootContextLoader.lambda$loadContext$3(SpringBootContextLoader.java:137) ~[spring-boot-test-3.2.5.jar:3.2.5]
	at org.springframework.util.function.ThrowingSupplier.get(ThrowingSupplier.java:58) ~[spring-core-6.1.6.jar:6.1.6]
	at org.springframework.util.function.ThrowingSupplier.get(ThrowingSupplier.java:46) ~[spring-core-6.1.6.jar:6.1.6]
	at org.springframework.boot.SpringApplication.withHook(SpringApplication.java:1454) ~[spring-boot-3.2.5.jar:3.2.5]
	at org.springframework.boot.test.context.SpringBootContextLoader$ContextLoaderHook.run(SpringBootContextLoader.java:553) ~[spring-boot-test-3.2.5.jar:3.2.5]
	at org.springframework.boot.test.context.SpringBootContextLoader.loadContext(SpringBootContextLoader.java:137) ~[spring-boot-test-3.2.5.jar:3.2.5]
	at org.springframework.boot.test.context.SpringBootContextLoader.loadContext(SpringBootContextLoader.java:108) ~[spring-boot-test-3.2.5.jar:3.2.5]
	at org.springframework.test.context.cache.DefaultCacheAwareContextLoaderDelegate.loadContextInternal(DefaultCacheAwareContextLoaderDelegate.java:225) ~[spring-test-6.1.6.jar:6.1.6]
	at org.springframework.test.context.cache.DefaultCacheAwareContextLoaderDelegate.loadContext(DefaultCacheAwareContextLoaderDelegate.java:152) ~[spring-test-6.1.6.jar:6.1.6]
	at org.springframework.test.context.support.DefaultTestContext.getApplicationContext(DefaultTestContext.java:130) ~[spring-test-6.1.6.jar:6.1.6]
	at org.springframework.test.context.web.ServletTestExecutionListener.setUpRequestContextIfNecessary(ServletTestExecutionListener.java:191) ~[spring-test-6.1.6.jar:6.1.6]
	at org.springframework.test.context.web.ServletTestExecutionListener.prepareTestInstance(ServletTestExecutionListener.java:130) ~[spring-test-6.1.6.jar:6.1.6]
	at org.springframework.test.context.TestContextManager.prepareTestInstance(TestContextManager.java:260) ~[spring-test-6.1.6.jar:6.1.6]
	at org.springframework.test.context.junit.jupiter.SpringExtension.postProcessTestInstance(SpringExtension.java:163) ~[spring-test-6.1.6.jar:6.1.6]
	at org.junit.jupiter.engine.descriptor.ClassBasedTestDescriptor.lambda$invokeTestInstancePostProcessors$10(ClassBasedTestDescriptor.java:378) ~[junit-jupiter-engine-5.10.2.jar:5.10.2]
	at org.junit.jupiter.engine.descriptor.ClassBasedTestDescriptor.executeAndMaskThrowable(ClassBasedTestDescriptor.java:383) ~[junit-jupiter-engine-5.10.2.jar:5.10.2]
	at org.junit.jupiter.engine.descriptor.ClassBasedTestDescriptor.lambda$invokeTestInstancePostProcessors$11(ClassBasedTestDescriptor.java:378) ~[junit-jupiter-engine-5.10.2.jar:5.10.2]
	at java.base/java.util.stream.ReferencePipeline$3$1.accept(ReferencePipeline.java:197) ~[na:na]
	at java.base/java.util.stream.ReferencePipeline$2$1.accept(ReferencePipeline.java:179) ~[na:na]
	at java.base/java.util.ArrayList$ArrayListSpliterator.forEachRemaining(ArrayList.java:1625) ~[na:na]
	at java.base/java.util.stream.AbstractPipeline.copyInto(AbstractPipeline.java:509) ~[na:na]
	at java.base/java.util.stream.AbstractPipeline.wrapAndCopyInto(AbstractPipeline.java:499) ~[na:na]
	at java.base/java.util.stream.StreamSpliterators$WrappingSpliterator.forEachRemaining(StreamSpliterators.java:310) ~[na:na]
	at java.base/java.util.stream.Streams$ConcatSpliterator.forEachRemaining(Streams.java:735) ~[na:na]
	at java.base/java.util.stream.Streams$ConcatSpliterator.forEachRemaining(Streams.java:734) ~[na:na]
	at java.base/java.util.stream.ReferencePipeline$Head.forEach(ReferencePipeline.java:762) ~[na:na]
	at org.junit.jupiter.engine.descriptor.ClassBasedTestDescriptor.invokeTestInstancePostProcessors(ClassBasedTestDescriptor.java:377) ~[junit-jupiter-engine-5.10.2.jar:5.10.2]
	at org.junit.jupiter.engine.descriptor.ClassBasedTestDescriptor.lambda$instantiateAndPostProcessTestInstance$6(ClassBasedTestDescriptor.java:290) ~[junit-jupiter-engine-5.10.2.jar:5.10.2]
	at org.junit.platform.engine.support.hierarchical.ThrowableCollector.execute(ThrowableCollector.java:73) ~[junit-platform-engine-1.10.2.jar:1.10.2]
	at org.junit.jupiter.engine.descriptor.ClassBasedTestDescriptor.instantiateAndPostProcessTestInstance(ClassBasedTestDescriptor.java:289) ~[junit-jupiter-engine-5.10.2.jar:5.10.2]
	at org.junit.jupiter.engine.descriptor.ClassBasedTestDescriptor.lambda$testInstancesProvider$4(ClassBasedTestDescriptor.java:279) ~[junit-jupiter-engine-5.10.2.jar:5.10.2]
	at java.base/java.util.Optional.orElseGet(Optional.java:364) ~[na:na]
	at org.junit.jupiter.engine.descriptor.ClassBasedTestDescriptor.lambda$testInstancesProvider$5(ClassBasedTestDescriptor.java:278) ~[junit-jupiter-engine-5.10.2.jar:5.10.2]
	at org.junit.jupiter.engine.execution.TestInstancesProvider.getTestInstances(TestInstancesProvider.java:31) ~[junit-jupiter-engine-5.10.2.jar:5.10.2]
	at org.junit.jupiter.engine.descriptor.TestMethodTestDescriptor.lambda$prepare$0(TestMethodTestDescriptor.java:106) ~[junit-jupiter-engine-5.10.2.jar:5.10.2]
	at org.junit.platform.engine.support.hierarchical.ThrowableCollector.execute(ThrowableCollector.java:73) ~[junit-platform-engine-1.10.2.jar:1.10.2]
	at org.junit.jupiter.engine.descriptor.TestMethodTestDescriptor.prepare(TestMethodTestDescriptor.java:105) ~[junit-jupiter-engine-5.10.2.jar:5.10.2]
	at org.junit.jupiter.engine.descriptor.TestMethodTestDescriptor.prepare(TestMethodTestDescriptor.java:69) ~[junit-jupiter-engine-5.10.2.jar:5.10.2]
	at org.junit.platform.engine.support.hierarchical.NodeTestTask.lambda$prepare$2(NodeTestTask.java:123) ~[junit-platform-engine-1.10.2.jar:1.10.2]
	at org.junit.platform.engine.support.hierarchical.ThrowableCollector.execute(ThrowableCollector.java:73) ~[junit-platform-engine-1.10.2.jar:1.10.2]
	at org.junit.platform.engine.support.hierarchical.NodeTestTask.prepare(NodeTestTask.java:123) ~[junit-platform-engine-1.10.2.jar:1.10.2]
	at org.junit.platform.engine.support.hierarchical.NodeTestTask.execute(NodeTestTask.java:90) ~[junit-platform-engine-1.10.2.jar:1.10.2]
	at java.base/java.util.ArrayList.forEach(ArrayList.java:1511) ~[na:na]
	at org.junit.platform.engine.support.hierarchical.SameThreadHierarchicalTestExecutorService.invokeAll(SameThreadHierarchicalTestExecutorService.java:41) ~[junit-platform-engine-1.10.2.jar:1.10.2]
	at org.junit.platform.engine.support.hierarchical.NodeTestTask.lambda$executeRecursively$6(NodeTestTask.java:155) ~[junit-platform-engine-1.10.2.jar:1.10.2]
	at org.junit.platform.engine.support.hierarchical.ThrowableCollector.execute(ThrowableCollector.java:73) ~[junit-platform-engine-1.10.2.jar:1.10.2]
	at org.junit.platform.engine.support.hierarchical.NodeTestTask.lambda$executeRecursively$8(NodeTestTask.java:141) ~[junit-platform-engine-1.10.2.jar:1.10.2]
	at org.junit.platform.engine.support.hierarchical.Node.around(Node.java:137) ~[junit-platform-engine-1.10.2.jar:1.10.2]
	at org.junit.platform.engine.support.hierarchical.NodeTestTask.lambda$executeRecursively$9(NodeTestTask.java:139) ~[junit-platform-engine-1.10.2.jar:1.10.2]
	at org.junit.platform.engine.support.hierarchical.ThrowableCollector.execute(ThrowableCollector.java:73) ~[junit-platform-engine-1.10.2.jar:1.10.2]
	at org.junit.platform.engine.support.hierarchical.NodeTestTask.executeRecursively(NodeTestTask.java:138) ~[junit-platform-engine-1.10.2.jar:1.10.2]
	at org.junit.platform.engine.support.hierarchical.NodeTestTask.execute(NodeTestTask.java:95) ~[junit-platform-engine-1.10.2.jar:1.10.2]
	at java.base/java.util.ArrayList.forEach(ArrayList.java:1511) ~[na:na]
	at org.junit.platform.engine.support.hierarchical.SameThreadHierarchicalTestExecutorService.invokeAll(SameThreadHierarchicalTestExecutorService.java:41) ~[junit-platform-engine-1.10.2.jar:1.10.2]
	at org.junit.platform.engine.support.hierarchical.NodeTestTask.lambda$executeRecursively$6(NodeTestTask.java:155) ~[junit-platform-engine-1.10.2.jar:1.10.2]
	at org.junit.platform.engine.support.hierarchical.ThrowableCollector.execute(ThrowableCollector.java:73) ~[junit-platform-engine-1.10.2.jar:1.10.2]
	at org.junit.platform.engine.support.hierarchical.NodeTestTask.lambda$executeRecursively$8(NodeTestTask.java:141) ~[junit-platform-engine-1.10.2.jar:1.10.2]
	at org.junit.platform.engine.support.hierarchical.Node.around(Node.java:137) ~[junit-platform-engine-1.10.2.jar:1.10.2]
	at org.junit.platform.engine.support.hierarchical.NodeTestTask.lambda$executeRecursively$9(NodeTestTask.java:139) ~[junit-platform-engine-1.10.2.jar:1.10.2]
	at org.junit.platform.engine.support.hierarchical.ThrowableCollector.execute(ThrowableCollector.java:73) ~[junit-platform-engine-1.10.2.jar:1.10.2]
	at org.junit.platform.engine.support.hierarchical.NodeTestTask.executeRecursively(NodeTestTask.java:138) ~[junit-platform-engine-1.10.2.jar:1.10.2]
	at org.junit.platform.engine.support.hierarchical.NodeTestTask.execute(NodeTestTask.java:95) ~[junit-platform-engine-1.10.2.jar:1.10.2]
	at org.junit.platform.engine.support.hierarchical.SameThreadHierarchicalTestExecutorService.submit(SameThreadHierarchicalTestExecutorService.java:35) ~[junit-platform-engine-1.10.2.jar:1.10.2]
	at org.junit.platform.engine.support.hierarchical.HierarchicalTestExecutor.execute(HierarchicalTestExecutor.java:57) ~[junit-platform-engine-1.10.2.jar:1.10.2]
	at org.junit.platform.engine.support.hierarchical.HierarchicalTestEngine.execute(HierarchicalTestEngine.java:54) ~[junit-platform-engine-1.10.2.jar:1.10.2]
	at org.junit.platform.launcher.core.EngineExecutionOrchestrator.execute(EngineExecutionOrchestrator.java:198) ~[junit-platform-launcher-1.10.2.jar:1.10.2]
	at org.junit.platform.launcher.core.EngineExecutionOrchestrator.execute(EngineExecutionOrchestrator.java:169) ~[junit-platform-launcher-1.10.2.jar:1.10.2]
	at org.junit.platform.launcher.core.EngineExecutionOrchestrator.execute(EngineExecutionOrchestrator.java:93) ~[junit-platform-launcher-1.10.2.jar:1.10.2]
	at org.junit.platform.launcher.core.EngineExecutionOrchestrator.lambda$execute$0(EngineExecutionOrchestrator.java:58) ~[junit-platform-launcher-1.10.2.jar:1.10.2]
	at org.junit.platform.launcher.core.EngineExecutionOrchestrator.withInterceptedStreams(EngineExecutionOrchestrator.java:141) ~[junit-platform-launcher-1.10.2.jar:1.10.2]
	at org.junit.platform.launcher.core.EngineExecutionOrchestrator.execute(EngineExecutionOrchestrator.java:57) ~[junit-platform-launcher-1.10.2.jar:1.10.2]
	at org.junit.platform.launcher.core.DefaultLauncher.execute(DefaultLauncher.java:103) ~[junit-platform-launcher-1.10.2.jar:1.10.2]
	at org.junit.platform.launcher.core.DefaultLauncher.execute(DefaultLauncher.java:85) ~[junit-platform-launcher-1.10.2.jar:1.10.2]
	at org.junit.platform.launcher.core.DelegatingLauncher.execute(DelegatingLauncher.java:47) ~[junit-platform-launcher-1.10.2.jar:1.10.2]
	at org.apache.maven.surefire.junitplatform.LazyLauncher.execute(LazyLauncher.java:56) ~[surefire-junit-platform-3.1.2.jar:3.1.2]
	at org.apache.maven.surefire.junitplatform.JUnitPlatformProvider.execute(JUnitPlatformProvider.java:184) ~[surefire-junit-platform-3.1.2.jar:3.1.2]
	at org.apache.maven.surefire.junitplatform.JUnitPlatformProvider.invokeAllTests(JUnitPlatformProvider.java:148) ~[surefire-junit-platform-3.1.2.jar:3.1.2]
	at org.apache.maven.surefire.junitplatform.JUnitPlatformProvider.invoke(JUnitPlatformProvider.java:122) ~[surefire-junit-platform-3.1.2.jar:3.1.2]
	at org.apache.maven.surefire.booter.ForkedBooter.runSuitesInProcess(ForkedBooter.java:385) ~[surefire-booter-3.1.2.jar:3.1.2]
	at org.apache.maven.surefire.booter.ForkedBooter.execute(ForkedBooter.java:162) ~[surefire-booter-3.1.2.jar:3.1.2]
	at org.apache.maven.surefire.booter.ForkedBooter.run(ForkedBooter.java:507) ~[surefire-booter-3.1.2.jar:3.1.2]
	at org.apache.maven.surefire.booter.ForkedBooter.main(ForkedBooter.java:495) ~[surefire-booter-3.1.2.jar:3.1.2]

2024-05-17T15:11:55.382+02:00 DEBUG 4684 --- [clothlogix] [           main] org.hibernate.orm.sql.ast.tree           : SQL AST Tree:
    SelectStatement {
      FromClause {
        CollectionTableGroup (p1 : com.fabless.clothlogix.model.entities.TagliaEntity.prodotti) {
          primaryTableReference : prodotto_taglia_rel as p1_0
          TableGroupJoins {
             join LazyTableGroup (p1 : com.fabless.clothlogix.model.entities.TagliaEntity.prodotti.{element}) {
              primaryTableReference : prodotto as p1_1
              TableGroupJoins {
                left  join LazyTableGroup (s1 : com.fabless.clothlogix.model.entities.TagliaEntity.prodotti.{element}.sezioni) {
                  primaryTableReference : sezione as s1_0
                }
              }
            }
          }
        }
      }
    }

2024-05-17T15:11:55.382+02:00 DEBUG 4684 --- [clothlogix] [           main] org.hibernate.orm.jdbc.mutation          : Static SQL for collection: com.fabless.clothlogix.model.entities.TagliaEntity.prodotti
2024-05-17T15:11:55.382+02:00 DEBUG 4684 --- [clothlogix] [           main] org.hibernate.orm.sql.ast.create         : Created new SQL alias : m1_0
2024-05-17T15:11:55.382+02:00 DEBUG 4684 --- [clothlogix] [           main] org.hibernate.orm.sql.ast.create         : Registration of TableGroup [CollectionTableGroup(com.fabless.clothlogix.model.entities.ProdottoEntity.materiali)] with identifierForTableGroup [com.fabless.clothlogix.model.entities.ProdottoEntity.materiali] for NavigablePath [com.fabless.clothlogix.model.entities.ProdottoEntity.materiali] 
2024-05-17T15:11:55.382+02:00 DEBUG 4684 --- [clothlogix] [           main] org.hibernate.orm.sql.ast.create         : Registration of TableGroup [org.hibernate.sql.ast.tree.from.LazyTableGroup@43b7bd5a] with identifierForTableGroup [com.fabless.clothlogix.model.entities.ProdottoEntity.materiali.{element}] for NavigablePath [com.fabless.clothlogix.model.entities.ProdottoEntity.materiali.{element}] 
2024-05-17T15:11:55.382+02:00 DEBUG 4684 --- [clothlogix] [           main] org.hibernate.orm.sql.ast.create         : Created new SQL alias : m1_1
2024-05-17T15:11:55.382+02:00 TRACE 4684 --- [clothlogix] [           main] o.h.l.ast.internal.LoaderSelectBuilder   : Starting visitation of FetchParent's Fetchables : com.fabless.clothlogix.model.entities.ProdottoEntity.materiali.{element}
2024-05-17T15:11:55.382+02:00 DEBUG 4684 --- [clothlogix] [           main] org.hibernate.orm.results.graph.AST      : DomainResult Graph:
 \-CollectionDomainResult [com.fabless.clothlogix.model.entities.ProdottoEntity.materiali]

2024-05-17T15:11:55.382+02:00 TRACE 4684 --- [clothlogix] [           main] org.hibernate.orm.results.graph.AST      : Stack trace calling DomainResultGraphPrinter

java.lang.Exception: null
	at org.hibernate.sql.results.graph.DomainResultGraphPrinter.visitDomainResults(DomainResultGraphPrinter.java:70) ~[hibernate-core-6.4.4.Final.jar:6.4.4.Final]
	at org.hibernate.sql.results.graph.DomainResultGraphPrinter.logDomainResultGraph(DomainResultGraphPrinter.java:46) ~[hibernate-core-6.4.4.Final.jar:6.4.4.Final]
	at org.hibernate.sql.results.graph.DomainResultGraphPrinter.logDomainResultGraph(DomainResultGraphPrinter.java:37) ~[hibernate-core-6.4.4.Final.jar:6.4.4.Final]
	at org.hibernate.sql.ast.spi.AbstractSqlAstTranslator.translateSelect(AbstractSqlAstTranslator.java:858) ~[hibernate-core-6.4.4.Final.jar:6.4.4.Final]
	at org.hibernate.sql.ast.spi.AbstractSqlAstTranslator.translate(AbstractSqlAstTranslator.java:811) ~[hibernate-core-6.4.4.Final.jar:6.4.4.Final]
	at org.hibernate.loader.ast.internal.CollectionLoaderSingleKey.<init>(CollectionLoaderSingleKey.java:78) ~[hibernate-core-6.4.4.Final.jar:6.4.4.Final]
	at org.hibernate.persister.collection.AbstractCollectionPersister.createSingleKeyCollectionLoader(AbstractCollectionPersister.java:791) ~[hibernate-core-6.4.4.Final.jar:6.4.4.Final]
	at org.hibernate.persister.collection.AbstractCollectionPersister.createNamedQueryCollectionLoader(AbstractCollectionPersister.java:776) ~[hibernate-core-6.4.4.Final.jar:6.4.4.Final]
	at org.hibernate.persister.collection.AbstractCollectionPersister.postInstantiate(AbstractCollectionPersister.java:619) ~[hibernate-core-6.4.4.Final.jar:6.4.4.Final]
	at java.base/java.util.concurrent.ConcurrentHashMap$ValuesView.forEach(ConcurrentHashMap.java:4783) ~[na:na]
	at org.hibernate.metamodel.model.domain.internal.MappingMetamodelImpl.finishInitialization(MappingMetamodelImpl.java:209) ~[hibernate-core-6.4.4.Final.jar:6.4.4.Final]
	at org.hibernate.internal.SessionFactoryImpl.initializeMappingModel(SessionFactoryImpl.java:364) ~[hibernate-core-6.4.4.Final.jar:6.4.4.Final]
	at org.hibernate.internal.SessionFactoryImpl.<init>(SessionFactoryImpl.java:293) ~[hibernate-core-6.4.4.Final.jar:6.4.4.Final]
	at org.hibernate.boot.internal.SessionFactoryBuilderImpl.build(SessionFactoryBuilderImpl.java:450) ~[hibernate-core-6.4.4.Final.jar:6.4.4.Final]
	at org.hibernate.jpa.boot.internal.EntityManagerFactoryBuilderImpl.build(EntityManagerFactoryBuilderImpl.java:1507) ~[hibernate-core-6.4.4.Final.jar:6.4.4.Final]
	at org.springframework.orm.jpa.vendor.SpringHibernateJpaPersistenceProvider.createContainerEntityManagerFactory(SpringHibernateJpaPersistenceProvider.java:75) ~[spring-orm-6.1.6.jar:6.1.6]
	at org.springframework.orm.jpa.LocalContainerEntityManagerFactoryBean.createNativeEntityManagerFactory(LocalContainerEntityManagerFactoryBean.java:390) ~[spring-orm-6.1.6.jar:6.1.6]
	at org.springframework.orm.jpa.AbstractEntityManagerFactoryBean.buildNativeEntityManagerFactory(AbstractEntityManagerFactoryBean.java:409) ~[spring-orm-6.1.6.jar:6.1.6]
	at org.springframework.orm.jpa.AbstractEntityManagerFactoryBean.afterPropertiesSet(AbstractEntityManagerFactoryBean.java:396) ~[spring-orm-6.1.6.jar:6.1.6]
	at org.springframework.orm.jpa.LocalContainerEntityManagerFactoryBean.afterPropertiesSet(LocalContainerEntityManagerFactoryBean.java:366) ~[spring-orm-6.1.6.jar:6.1.6]
	at org.springframework.beans.factory.support.AbstractAutowireCapableBeanFactory.invokeInitMethods(AbstractAutowireCapableBeanFactory.java:1833) ~[spring-beans-6.1.6.jar:6.1.6]
	at org.springframework.beans.factory.support.AbstractAutowireCapableBeanFactory.initializeBean(AbstractAutowireCapableBeanFactory.java:1782) ~[spring-beans-6.1.6.jar:6.1.6]
	at org.springframework.beans.factory.support.AbstractAutowireCapableBeanFactory.doCreateBean(AbstractAutowireCapableBeanFactory.java:600) ~[spring-beans-6.1.6.jar:6.1.6]
	at org.springframework.beans.factory.support.AbstractAutowireCapableBeanFactory.createBean(AbstractAutowireCapableBeanFactory.java:522) ~[spring-beans-6.1.6.jar:6.1.6]
	at org.springframework.beans.factory.support.AbstractBeanFactory.lambda$doGetBean$0(AbstractBeanFactory.java:326) ~[spring-beans-6.1.6.jar:6.1.6]
	at org.springframework.beans.factory.support.DefaultSingletonBeanRegistry.getSingleton(DefaultSingletonBeanRegistry.java:234) ~[spring-beans-6.1.6.jar:6.1.6]
	at org.springframework.beans.factory.support.AbstractBeanFactory.doGetBean(AbstractBeanFactory.java:324) ~[spring-beans-6.1.6.jar:6.1.6]
	at org.springframework.beans.factory.support.AbstractBeanFactory.getBean(AbstractBeanFactory.java:200) ~[spring-beans-6.1.6.jar:6.1.6]
	at org.springframework.context.support.AbstractApplicationContext.getBean(AbstractApplicationContext.java:1234) ~[spring-context-6.1.6.jar:6.1.6]
	at org.springframework.context.support.AbstractApplicationContext.finishBeanFactoryInitialization(AbstractApplicationContext.java:952) ~[spring-context-6.1.6.jar:6.1.6]
	at org.springframework.context.support.AbstractApplicationContext.refresh(AbstractApplicationContext.java:624) ~[spring-context-6.1.6.jar:6.1.6]
	at org.springframework.boot.SpringApplication.refresh(SpringApplication.java:754) ~[spring-boot-3.2.5.jar:3.2.5]
	at org.springframework.boot.SpringApplication.refreshContext(SpringApplication.java:456) ~[spring-boot-3.2.5.jar:3.2.5]
	at org.springframework.boot.SpringApplication.run(SpringApplication.java:334) ~[spring-boot-3.2.5.jar:3.2.5]
	at org.springframework.boot.test.context.SpringBootContextLoader.lambda$loadContext$3(SpringBootContextLoader.java:137) ~[spring-boot-test-3.2.5.jar:3.2.5]
	at org.springframework.util.function.ThrowingSupplier.get(ThrowingSupplier.java:58) ~[spring-core-6.1.6.jar:6.1.6]
	at org.springframework.util.function.ThrowingSupplier.get(ThrowingSupplier.java:46) ~[spring-core-6.1.6.jar:6.1.6]
	at org.springframework.boot.SpringApplication.withHook(SpringApplication.java:1454) ~[spring-boot-3.2.5.jar:3.2.5]
	at org.springframework.boot.test.context.SpringBootContextLoader$ContextLoaderHook.run(SpringBootContextLoader.java:553) ~[spring-boot-test-3.2.5.jar:3.2.5]
	at org.springframework.boot.test.context.SpringBootContextLoader.loadContext(SpringBootContextLoader.java:137) ~[spring-boot-test-3.2.5.jar:3.2.5]
	at org.springframework.boot.test.context.SpringBootContextLoader.loadContext(SpringBootContextLoader.java:108) ~[spring-boot-test-3.2.5.jar:3.2.5]
	at org.springframework.test.context.cache.DefaultCacheAwareContextLoaderDelegate.loadContextInternal(DefaultCacheAwareContextLoaderDelegate.java:225) ~[spring-test-6.1.6.jar:6.1.6]
	at org.springframework.test.context.cache.DefaultCacheAwareContextLoaderDelegate.loadContext(DefaultCacheAwareContextLoaderDelegate.java:152) ~[spring-test-6.1.6.jar:6.1.6]
	at org.springframework.test.context.support.DefaultTestContext.getApplicationContext(DefaultTestContext.java:130) ~[spring-test-6.1.6.jar:6.1.6]
	at org.springframework.test.context.web.ServletTestExecutionListener.setUpRequestContextIfNecessary(ServletTestExecutionListener.java:191) ~[spring-test-6.1.6.jar:6.1.6]
	at org.springframework.test.context.web.ServletTestExecutionListener.prepareTestInstance(ServletTestExecutionListener.java:130) ~[spring-test-6.1.6.jar:6.1.6]
	at org.springframework.test.context.TestContextManager.prepareTestInstance(TestContextManager.java:260) ~[spring-test-6.1.6.jar:6.1.6]
	at org.springframework.test.context.junit.jupiter.SpringExtension.postProcessTestInstance(SpringExtension.java:163) ~[spring-test-6.1.6.jar:6.1.6]
	at org.junit.jupiter.engine.descriptor.ClassBasedTestDescriptor.lambda$invokeTestInstancePostProcessors$10(ClassBasedTestDescriptor.java:378) ~[junit-jupiter-engine-5.10.2.jar:5.10.2]
	at org.junit.jupiter.engine.descriptor.ClassBasedTestDescriptor.executeAndMaskThrowable(ClassBasedTestDescriptor.java:383) ~[junit-jupiter-engine-5.10.2.jar:5.10.2]
	at org.junit.jupiter.engine.descriptor.ClassBasedTestDescriptor.lambda$invokeTestInstancePostProcessors$11(ClassBasedTestDescriptor.java:378) ~[junit-jupiter-engine-5.10.2.jar:5.10.2]
	at java.base/java.util.stream.ReferencePipeline$3$1.accept(ReferencePipeline.java:197) ~[na:na]
	at java.base/java.util.stream.ReferencePipeline$2$1.accept(ReferencePipeline.java:179) ~[na:na]
	at java.base/java.util.ArrayList$ArrayListSpliterator.forEachRemaining(ArrayList.java:1625) ~[na:na]
	at java.base/java.util.stream.AbstractPipeline.copyInto(AbstractPipeline.java:509) ~[na:na]
	at java.base/java.util.stream.AbstractPipeline.wrapAndCopyInto(AbstractPipeline.java:499) ~[na:na]
	at java.base/java.util.stream.StreamSpliterators$WrappingSpliterator.forEachRemaining(StreamSpliterators.java:310) ~[na:na]
	at java.base/java.util.stream.Streams$ConcatSpliterator.forEachRemaining(Streams.java:735) ~[na:na]
	at java.base/java.util.stream.Streams$ConcatSpliterator.forEachRemaining(Streams.java:734) ~[na:na]
	at java.base/java.util.stream.ReferencePipeline$Head.forEach(ReferencePipeline.java:762) ~[na:na]
	at org.junit.jupiter.engine.descriptor.ClassBasedTestDescriptor.invokeTestInstancePostProcessors(ClassBasedTestDescriptor.java:377) ~[junit-jupiter-engine-5.10.2.jar:5.10.2]
	at org.junit.jupiter.engine.descriptor.ClassBasedTestDescriptor.lambda$instantiateAndPostProcessTestInstance$6(ClassBasedTestDescriptor.java:290) ~[junit-jupiter-engine-5.10.2.jar:5.10.2]
	at org.junit.platform.engine.support.hierarchical.ThrowableCollector.execute(ThrowableCollector.java:73) ~[junit-platform-engine-1.10.2.jar:1.10.2]
	at org.junit.jupiter.engine.descriptor.ClassBasedTestDescriptor.instantiateAndPostProcessTestInstance(ClassBasedTestDescriptor.java:289) ~[junit-jupiter-engine-5.10.2.jar:5.10.2]
	at org.junit.jupiter.engine.descriptor.ClassBasedTestDescriptor.lambda$testInstancesProvider$4(ClassBasedTestDescriptor.java:279) ~[junit-jupiter-engine-5.10.2.jar:5.10.2]
	at java.base/java.util.Optional.orElseGet(Optional.java:364) ~[na:na]
	at org.junit.jupiter.engine.descriptor.ClassBasedTestDescriptor.lambda$testInstancesProvider$5(ClassBasedTestDescriptor.java:278) ~[junit-jupiter-engine-5.10.2.jar:5.10.2]
	at org.junit.jupiter.engine.execution.TestInstancesProvider.getTestInstances(TestInstancesProvider.java:31) ~[junit-jupiter-engine-5.10.2.jar:5.10.2]
	at org.junit.jupiter.engine.descriptor.TestMethodTestDescriptor.lambda$prepare$0(TestMethodTestDescriptor.java:106) ~[junit-jupiter-engine-5.10.2.jar:5.10.2]
	at org.junit.platform.engine.support.hierarchical.ThrowableCollector.execute(ThrowableCollector.java:73) ~[junit-platform-engine-1.10.2.jar:1.10.2]
	at org.junit.jupiter.engine.descriptor.TestMethodTestDescriptor.prepare(TestMethodTestDescriptor.java:105) ~[junit-jupiter-engine-5.10.2.jar:5.10.2]
	at org.junit.jupiter.engine.descriptor.TestMethodTestDescriptor.prepare(TestMethodTestDescriptor.java:69) ~[junit-jupiter-engine-5.10.2.jar:5.10.2]
	at org.junit.platform.engine.support.hierarchical.NodeTestTask.lambda$prepare$2(NodeTestTask.java:123) ~[junit-platform-engine-1.10.2.jar:1.10.2]
	at org.junit.platform.engine.support.hierarchical.ThrowableCollector.execute(ThrowableCollector.java:73) ~[junit-platform-engine-1.10.2.jar:1.10.2]
	at org.junit.platform.engine.support.hierarchical.NodeTestTask.prepare(NodeTestTask.java:123) ~[junit-platform-engine-1.10.2.jar:1.10.2]
	at org.junit.platform.engine.support.hierarchical.NodeTestTask.execute(NodeTestTask.java:90) ~[junit-platform-engine-1.10.2.jar:1.10.2]
	at java.base/java.util.ArrayList.forEach(ArrayList.java:1511) ~[na:na]
	at org.junit.platform.engine.support.hierarchical.SameThreadHierarchicalTestExecutorService.invokeAll(SameThreadHierarchicalTestExecutorService.java:41) ~[junit-platform-engine-1.10.2.jar:1.10.2]
	at org.junit.platform.engine.support.hierarchical.NodeTestTask.lambda$executeRecursively$6(NodeTestTask.java:155) ~[junit-platform-engine-1.10.2.jar:1.10.2]
	at org.junit.platform.engine.support.hierarchical.ThrowableCollector.execute(ThrowableCollector.java:73) ~[junit-platform-engine-1.10.2.jar:1.10.2]
	at org.junit.platform.engine.support.hierarchical.NodeTestTask.lambda$executeRecursively$8(NodeTestTask.java:141) ~[junit-platform-engine-1.10.2.jar:1.10.2]
	at org.junit.platform.engine.support.hierarchical.Node.around(Node.java:137) ~[junit-platform-engine-1.10.2.jar:1.10.2]
	at org.junit.platform.engine.support.hierarchical.NodeTestTask.lambda$executeRecursively$9(NodeTestTask.java:139) ~[junit-platform-engine-1.10.2.jar:1.10.2]
	at org.junit.platform.engine.support.hierarchical.ThrowableCollector.execute(ThrowableCollector.java:73) ~[junit-platform-engine-1.10.2.jar:1.10.2]
	at org.junit.platform.engine.support.hierarchical.NodeTestTask.executeRecursively(NodeTestTask.java:138) ~[junit-platform-engine-1.10.2.jar:1.10.2]
	at org.junit.platform.engine.support.hierarchical.NodeTestTask.execute(NodeTestTask.java:95) ~[junit-platform-engine-1.10.2.jar:1.10.2]
	at java.base/java.util.ArrayList.forEach(ArrayList.java:1511) ~[na:na]
	at org.junit.platform.engine.support.hierarchical.SameThreadHierarchicalTestExecutorService.invokeAll(SameThreadHierarchicalTestExecutorService.java:41) ~[junit-platform-engine-1.10.2.jar:1.10.2]
	at org.junit.platform.engine.support.hierarchical.NodeTestTask.lambda$executeRecursively$6(NodeTestTask.java:155) ~[junit-platform-engine-1.10.2.jar:1.10.2]
	at org.junit.platform.engine.support.hierarchical.ThrowableCollector.execute(ThrowableCollector.java:73) ~[junit-platform-engine-1.10.2.jar:1.10.2]
	at org.junit.platform.engine.support.hierarchical.NodeTestTask.lambda$executeRecursively$8(NodeTestTask.java:141) ~[junit-platform-engine-1.10.2.jar:1.10.2]
	at org.junit.platform.engine.support.hierarchical.Node.around(Node.java:137) ~[junit-platform-engine-1.10.2.jar:1.10.2]
	at org.junit.platform.engine.support.hierarchical.NodeTestTask.lambda$executeRecursively$9(NodeTestTask.java:139) ~[junit-platform-engine-1.10.2.jar:1.10.2]
	at org.junit.platform.engine.support.hierarchical.ThrowableCollector.execute(ThrowableCollector.java:73) ~[junit-platform-engine-1.10.2.jar:1.10.2]
	at org.junit.platform.engine.support.hierarchical.NodeTestTask.executeRecursively(NodeTestTask.java:138) ~[junit-platform-engine-1.10.2.jar:1.10.2]
	at org.junit.platform.engine.support.hierarchical.NodeTestTask.execute(NodeTestTask.java:95) ~[junit-platform-engine-1.10.2.jar:1.10.2]
	at org.junit.platform.engine.support.hierarchical.SameThreadHierarchicalTestExecutorService.submit(SameThreadHierarchicalTestExecutorService.java:35) ~[junit-platform-engine-1.10.2.jar:1.10.2]
	at org.junit.platform.engine.support.hierarchical.HierarchicalTestExecutor.execute(HierarchicalTestExecutor.java:57) ~[junit-platform-engine-1.10.2.jar:1.10.2]
	at org.junit.platform.engine.support.hierarchical.HierarchicalTestEngine.execute(HierarchicalTestEngine.java:54) ~[junit-platform-engine-1.10.2.jar:1.10.2]
	at org.junit.platform.launcher.core.EngineExecutionOrchestrator.execute(EngineExecutionOrchestrator.java:198) ~[junit-platform-launcher-1.10.2.jar:1.10.2]
	at org.junit.platform.launcher.core.EngineExecutionOrchestrator.execute(EngineExecutionOrchestrator.java:169) ~[junit-platform-launcher-1.10.2.jar:1.10.2]
	at org.junit.platform.launcher.core.EngineExecutionOrchestrator.execute(EngineExecutionOrchestrator.java:93) ~[junit-platform-launcher-1.10.2.jar:1.10.2]
	at org.junit.platform.launcher.core.EngineExecutionOrchestrator.lambda$execute$0(EngineExecutionOrchestrator.java:58) ~[junit-platform-launcher-1.10.2.jar:1.10.2]
	at org.junit.platform.launcher.core.EngineExecutionOrchestrator.withInterceptedStreams(EngineExecutionOrchestrator.java:141) ~[junit-platform-launcher-1.10.2.jar:1.10.2]
	at org.junit.platform.launcher.core.EngineExecutionOrchestrator.execute(EngineExecutionOrchestrator.java:57) ~[junit-platform-launcher-1.10.2.jar:1.10.2]
	at org.junit.platform.launcher.core.DefaultLauncher.execute(DefaultLauncher.java:103) ~[junit-platform-launcher-1.10.2.jar:1.10.2]
	at org.junit.platform.launcher.core.DefaultLauncher.execute(DefaultLauncher.java:85) ~[junit-platform-launcher-1.10.2.jar:1.10.2]
	at org.junit.platform.launcher.core.DelegatingLauncher.execute(DelegatingLauncher.java:47) ~[junit-platform-launcher-1.10.2.jar:1.10.2]
	at org.apache.maven.surefire.junitplatform.LazyLauncher.execute(LazyLauncher.java:56) ~[surefire-junit-platform-3.1.2.jar:3.1.2]
	at org.apache.maven.surefire.junitplatform.JUnitPlatformProvider.execute(JUnitPlatformProvider.java:184) ~[surefire-junit-platform-3.1.2.jar:3.1.2]
	at org.apache.maven.surefire.junitplatform.JUnitPlatformProvider.invokeAllTests(JUnitPlatformProvider.java:148) ~[surefire-junit-platform-3.1.2.jar:3.1.2]
	at org.apache.maven.surefire.junitplatform.JUnitPlatformProvider.invoke(JUnitPlatformProvider.java:122) ~[surefire-junit-platform-3.1.2.jar:3.1.2]
	at org.apache.maven.surefire.booter.ForkedBooter.runSuitesInProcess(ForkedBooter.java:385) ~[surefire-booter-3.1.2.jar:3.1.2]
	at org.apache.maven.surefire.booter.ForkedBooter.execute(ForkedBooter.java:162) ~[surefire-booter-3.1.2.jar:3.1.2]
	at org.apache.maven.surefire.booter.ForkedBooter.run(ForkedBooter.java:507) ~[surefire-booter-3.1.2.jar:3.1.2]
	at org.apache.maven.surefire.booter.ForkedBooter.main(ForkedBooter.java:495) ~[surefire-booter-3.1.2.jar:3.1.2]

2024-05-17T15:11:55.382+02:00 DEBUG 4684 --- [clothlogix] [           main] org.hibernate.orm.sql.ast.tree           : SQL AST Tree:
    SelectStatement {
      FromClause {
        CollectionTableGroup (m1 : com.fabless.clothlogix.model.entities.ProdottoEntity.materiali) {
          primaryTableReference : prodotto_materiale_rel as m1_0
          TableGroupJoins {
             join LazyTableGroup (m1 : com.fabless.clothlogix.model.entities.ProdottoEntity.materiali.{element}) {
              primaryTableReference : materiale as m1_1
            }
          }
        }
      }
    }

2024-05-17T15:11:55.382+02:00 DEBUG 4684 --- [clothlogix] [           main] org.hibernate.orm.jdbc.mutation          : Static SQL for collection: com.fabless.clothlogix.model.entities.ProdottoEntity.materiali
2024-05-17T15:11:55.382+02:00 DEBUG 4684 --- [clothlogix] [           main] org.hibernate.orm.jdbc.mutation          :  Row insert: insert into prodotto_materiale_rel (id_prodotto,id_materiale) values (?,?)
2024-05-17T15:11:55.382+02:00 DEBUG 4684 --- [clothlogix] [           main] org.hibernate.orm.jdbc.mutation          :  Row delete: delete from prodotto_materiale_rel where id_prodotto=? and id_materiale=?
2024-05-17T15:11:55.382+02:00 TRACE 4684 --- [clothlogix] [           main] org.hibernate.orm.jdbc.mutation          : Starting RemoveCoordinator#buildOperationGroup - com.fabless.clothlogix.model.entities.ProdottoEntity.materiali
2024-05-17T15:11:55.392+02:00 DEBUG 4684 --- [clothlogix] [           main] org.hibernate.orm.jdbc.mutation          :  One-shot delete: delete from prodotto_materiale_rel where id_prodotto=?
2024-05-17T15:11:55.392+02:00 DEBUG 4684 --- [clothlogix] [           main] org.hibernate.orm.sql.ast.create         : Created new SQL alias : c1_0
2024-05-17T15:11:55.392+02:00 DEBUG 4684 --- [clothlogix] [           main] org.hibernate.orm.sql.ast.create         : Registration of TableGroup [CollectionTableGroup(com.fabless.clothlogix.model.entities.ProdottoEntity.colori)] with identifierForTableGroup [com.fabless.clothlogix.model.entities.ProdottoEntity.colori] for NavigablePath [com.fabless.clothlogix.model.entities.ProdottoEntity.colori] 
2024-05-17T15:11:55.392+02:00 DEBUG 4684 --- [clothlogix] [           main] org.hibernate.orm.sql.ast.create         : Registration of TableGroup [org.hibernate.sql.ast.tree.from.LazyTableGroup@1812b564] with identifierForTableGroup [com.fabless.clothlogix.model.entities.ProdottoEntity.colori.{element}] for NavigablePath [com.fabless.clothlogix.model.entities.ProdottoEntity.colori.{element}] 
2024-05-17T15:11:55.392+02:00 DEBUG 4684 --- [clothlogix] [           main] org.hibernate.orm.sql.ast.create         : Created new SQL alias : c1_1
2024-05-17T15:11:55.392+02:00 TRACE 4684 --- [clothlogix] [           main] o.h.l.ast.internal.LoaderSelectBuilder   : Starting visitation of FetchParent's Fetchables : com.fabless.clothlogix.model.entities.ProdottoEntity.colori.{element}
2024-05-17T15:11:55.392+02:00 DEBUG 4684 --- [clothlogix] [           main] org.hibernate.orm.results.graph.AST      : DomainResult Graph:
 \-CollectionDomainResult [com.fabless.clothlogix.model.entities.ProdottoEntity.colori]

2024-05-17T15:11:55.392+02:00 TRACE 4684 --- [clothlogix] [           main] org.hibernate.orm.results.graph.AST      : Stack trace calling DomainResultGraphPrinter

java.lang.Exception: null
	at org.hibernate.sql.results.graph.DomainResultGraphPrinter.visitDomainResults(DomainResultGraphPrinter.java:70) ~[hibernate-core-6.4.4.Final.jar:6.4.4.Final]
	at org.hibernate.sql.results.graph.DomainResultGraphPrinter.logDomainResultGraph(DomainResultGraphPrinter.java:46) ~[hibernate-core-6.4.4.Final.jar:6.4.4.Final]
	at org.hibernate.sql.results.graph.DomainResultGraphPrinter.logDomainResultGraph(DomainResultGraphPrinter.java:37) ~[hibernate-core-6.4.4.Final.jar:6.4.4.Final]
	at org.hibernate.sql.ast.spi.AbstractSqlAstTranslator.translateSelect(AbstractSqlAstTranslator.java:858) ~[hibernate-core-6.4.4.Final.jar:6.4.4.Final]
	at org.hibernate.sql.ast.spi.AbstractSqlAstTranslator.translate(AbstractSqlAstTranslator.java:811) ~[hibernate-core-6.4.4.Final.jar:6.4.4.Final]
	at org.hibernate.loader.ast.internal.CollectionLoaderSingleKey.<init>(CollectionLoaderSingleKey.java:78) ~[hibernate-core-6.4.4.Final.jar:6.4.4.Final]
	at org.hibernate.persister.collection.AbstractCollectionPersister.createSingleKeyCollectionLoader(AbstractCollectionPersister.java:791) ~[hibernate-core-6.4.4.Final.jar:6.4.4.Final]
	at org.hibernate.persister.collection.AbstractCollectionPersister.createNamedQueryCollectionLoader(AbstractCollectionPersister.java:776) ~[hibernate-core-6.4.4.Final.jar:6.4.4.Final]
	at org.hibernate.persister.collection.AbstractCollectionPersister.postInstantiate(AbstractCollectionPersister.java:619) ~[hibernate-core-6.4.4.Final.jar:6.4.4.Final]
	at java.base/java.util.concurrent.ConcurrentHashMap$ValuesView.forEach(ConcurrentHashMap.java:4783) ~[na:na]
	at org.hibernate.metamodel.model.domain.internal.MappingMetamodelImpl.finishInitialization(MappingMetamodelImpl.java:209) ~[hibernate-core-6.4.4.Final.jar:6.4.4.Final]
	at org.hibernate.internal.SessionFactoryImpl.initializeMappingModel(SessionFactoryImpl.java:364) ~[hibernate-core-6.4.4.Final.jar:6.4.4.Final]
	at org.hibernate.internal.SessionFactoryImpl.<init>(SessionFactoryImpl.java:293) ~[hibernate-core-6.4.4.Final.jar:6.4.4.Final]
	at org.hibernate.boot.internal.SessionFactoryBuilderImpl.build(SessionFactoryBuilderImpl.java:450) ~[hibernate-core-6.4.4.Final.jar:6.4.4.Final]
	at org.hibernate.jpa.boot.internal.EntityManagerFactoryBuilderImpl.build(EntityManagerFactoryBuilderImpl.java:1507) ~[hibernate-core-6.4.4.Final.jar:6.4.4.Final]
	at org.springframework.orm.jpa.vendor.SpringHibernateJpaPersistenceProvider.createContainerEntityManagerFactory(SpringHibernateJpaPersistenceProvider.java:75) ~[spring-orm-6.1.6.jar:6.1.6]
	at org.springframework.orm.jpa.LocalContainerEntityManagerFactoryBean.createNativeEntityManagerFactory(LocalContainerEntityManagerFactoryBean.java:390) ~[spring-orm-6.1.6.jar:6.1.6]
	at org.springframework.orm.jpa.AbstractEntityManagerFactoryBean.buildNativeEntityManagerFactory(AbstractEntityManagerFactoryBean.java:409) ~[spring-orm-6.1.6.jar:6.1.6]
	at org.springframework.orm.jpa.AbstractEntityManagerFactoryBean.afterPropertiesSet(AbstractEntityManagerFactoryBean.java:396) ~[spring-orm-6.1.6.jar:6.1.6]
	at org.springframework.orm.jpa.LocalContainerEntityManagerFactoryBean.afterPropertiesSet(LocalContainerEntityManagerFactoryBean.java:366) ~[spring-orm-6.1.6.jar:6.1.6]
	at org.springframework.beans.factory.support.AbstractAutowireCapableBeanFactory.invokeInitMethods(AbstractAutowireCapableBeanFactory.java:1833) ~[spring-beans-6.1.6.jar:6.1.6]
	at org.springframework.beans.factory.support.AbstractAutowireCapableBeanFactory.initializeBean(AbstractAutowireCapableBeanFactory.java:1782) ~[spring-beans-6.1.6.jar:6.1.6]
	at org.springframework.beans.factory.support.AbstractAutowireCapableBeanFactory.doCreateBean(AbstractAutowireCapableBeanFactory.java:600) ~[spring-beans-6.1.6.jar:6.1.6]
	at org.springframework.beans.factory.support.AbstractAutowireCapableBeanFactory.createBean(AbstractAutowireCapableBeanFactory.java:522) ~[spring-beans-6.1.6.jar:6.1.6]
	at org.springframework.beans.factory.support.AbstractBeanFactory.lambda$doGetBean$0(AbstractBeanFactory.java:326) ~[spring-beans-6.1.6.jar:6.1.6]
	at org.springframework.beans.factory.support.DefaultSingletonBeanRegistry.getSingleton(DefaultSingletonBeanRegistry.java:234) ~[spring-beans-6.1.6.jar:6.1.6]
	at org.springframework.beans.factory.support.AbstractBeanFactory.doGetBean(AbstractBeanFactory.java:324) ~[spring-beans-6.1.6.jar:6.1.6]
	at org.springframework.beans.factory.support.AbstractBeanFactory.getBean(AbstractBeanFactory.java:200) ~[spring-beans-6.1.6.jar:6.1.6]
	at org.springframework.context.support.AbstractApplicationContext.getBean(AbstractApplicationContext.java:1234) ~[spring-context-6.1.6.jar:6.1.6]
	at org.springframework.context.support.AbstractApplicationContext.finishBeanFactoryInitialization(AbstractApplicationContext.java:952) ~[spring-context-6.1.6.jar:6.1.6]
	at org.springframework.context.support.AbstractApplicationContext.refresh(AbstractApplicationContext.java:624) ~[spring-context-6.1.6.jar:6.1.6]
	at org.springframework.boot.SpringApplication.refresh(SpringApplication.java:754) ~[spring-boot-3.2.5.jar:3.2.5]
	at org.springframework.boot.SpringApplication.refreshContext(SpringApplication.java:456) ~[spring-boot-3.2.5.jar:3.2.5]
	at org.springframework.boot.SpringApplication.run(SpringApplication.java:334) ~[spring-boot-3.2.5.jar:3.2.5]
	at org.springframework.boot.test.context.SpringBootContextLoader.lambda$loadContext$3(SpringBootContextLoader.java:137) ~[spring-boot-test-3.2.5.jar:3.2.5]
	at org.springframework.util.function.ThrowingSupplier.get(ThrowingSupplier.java:58) ~[spring-core-6.1.6.jar:6.1.6]
	at org.springframework.util.function.ThrowingSupplier.get(ThrowingSupplier.java:46) ~[spring-core-6.1.6.jar:6.1.6]
	at org.springframework.boot.SpringApplication.withHook(SpringApplication.java:1454) ~[spring-boot-3.2.5.jar:3.2.5]
	at org.springframework.boot.test.context.SpringBootContextLoader$ContextLoaderHook.run(SpringBootContextLoader.java:553) ~[spring-boot-test-3.2.5.jar:3.2.5]
	at org.springframework.boot.test.context.SpringBootContextLoader.loadContext(SpringBootContextLoader.java:137) ~[spring-boot-test-3.2.5.jar:3.2.5]
	at org.springframework.boot.test.context.SpringBootContextLoader.loadContext(SpringBootContextLoader.java:108) ~[spring-boot-test-3.2.5.jar:3.2.5]
	at org.springframework.test.context.cache.DefaultCacheAwareContextLoaderDelegate.loadContextInternal(DefaultCacheAwareContextLoaderDelegate.java:225) ~[spring-test-6.1.6.jar:6.1.6]
	at org.springframework.test.context.cache.DefaultCacheAwareContextLoaderDelegate.loadContext(DefaultCacheAwareContextLoaderDelegate.java:152) ~[spring-test-6.1.6.jar:6.1.6]
	at org.springframework.test.context.support.DefaultTestContext.getApplicationContext(DefaultTestContext.java:130) ~[spring-test-6.1.6.jar:6.1.6]
	at org.springframework.test.context.web.ServletTestExecutionListener.setUpRequestContextIfNecessary(ServletTestExecutionListener.java:191) ~[spring-test-6.1.6.jar:6.1.6]
	at org.springframework.test.context.web.ServletTestExecutionListener.prepareTestInstance(ServletTestExecutionListener.java:130) ~[spring-test-6.1.6.jar:6.1.6]
	at org.springframework.test.context.TestContextManager.prepareTestInstance(TestContextManager.java:260) ~[spring-test-6.1.6.jar:6.1.6]
	at org.springframework.test.context.junit.jupiter.SpringExtension.postProcessTestInstance(SpringExtension.java:163) ~[spring-test-6.1.6.jar:6.1.6]
	at org.junit.jupiter.engine.descriptor.ClassBasedTestDescriptor.lambda$invokeTestInstancePostProcessors$10(ClassBasedTestDescriptor.java:378) ~[junit-jupiter-engine-5.10.2.jar:5.10.2]
	at org.junit.jupiter.engine.descriptor.ClassBasedTestDescriptor.executeAndMaskThrowable(ClassBasedTestDescriptor.java:383) ~[junit-jupiter-engine-5.10.2.jar:5.10.2]
	at org.junit.jupiter.engine.descriptor.ClassBasedTestDescriptor.lambda$invokeTestInstancePostProcessors$11(ClassBasedTestDescriptor.java:378) ~[junit-jupiter-engine-5.10.2.jar:5.10.2]
	at java.base/java.util.stream.ReferencePipeline$3$1.accept(ReferencePipeline.java:197) ~[na:na]
	at java.base/java.util.stream.ReferencePipeline$2$1.accept(ReferencePipeline.java:179) ~[na:na]
	at java.base/java.util.ArrayList$ArrayListSpliterator.forEachRemaining(ArrayList.java:1625) ~[na:na]
	at java.base/java.util.stream.AbstractPipeline.copyInto(AbstractPipeline.java:509) ~[na:na]
	at java.base/java.util.stream.AbstractPipeline.wrapAndCopyInto(AbstractPipeline.java:499) ~[na:na]
	at java.base/java.util.stream.StreamSpliterators$WrappingSpliterator.forEachRemaining(StreamSpliterators.java:310) ~[na:na]
	at java.base/java.util.stream.Streams$ConcatSpliterator.forEachRemaining(Streams.java:735) ~[na:na]
	at java.base/java.util.stream.Streams$ConcatSpliterator.forEachRemaining(Streams.java:734) ~[na:na]
	at java.base/java.util.stream.ReferencePipeline$Head.forEach(ReferencePipeline.java:762) ~[na:na]
	at org.junit.jupiter.engine.descriptor.ClassBasedTestDescriptor.invokeTestInstancePostProcessors(ClassBasedTestDescriptor.java:377) ~[junit-jupiter-engine-5.10.2.jar:5.10.2]
	at org.junit.jupiter.engine.descriptor.ClassBasedTestDescriptor.lambda$instantiateAndPostProcessTestInstance$6(ClassBasedTestDescriptor.java:290) ~[junit-jupiter-engine-5.10.2.jar:5.10.2]
	at org.junit.platform.engine.support.hierarchical.ThrowableCollector.execute(ThrowableCollector.java:73) ~[junit-platform-engine-1.10.2.jar:1.10.2]
	at org.junit.jupiter.engine.descriptor.ClassBasedTestDescriptor.instantiateAndPostProcessTestInstance(ClassBasedTestDescriptor.java:289) ~[junit-jupiter-engine-5.10.2.jar:5.10.2]
	at org.junit.jupiter.engine.descriptor.ClassBasedTestDescriptor.lambda$testInstancesProvider$4(ClassBasedTestDescriptor.java:279) ~[junit-jupiter-engine-5.10.2.jar:5.10.2]
	at java.base/java.util.Optional.orElseGet(Optional.java:364) ~[na:na]
	at org.junit.jupiter.engine.descriptor.ClassBasedTestDescriptor.lambda$testInstancesProvider$5(ClassBasedTestDescriptor.java:278) ~[junit-jupiter-engine-5.10.2.jar:5.10.2]
	at org.junit.jupiter.engine.execution.TestInstancesProvider.getTestInstances(TestInstancesProvider.java:31) ~[junit-jupiter-engine-5.10.2.jar:5.10.2]
	at org.junit.jupiter.engine.descriptor.TestMethodTestDescriptor.lambda$prepare$0(TestMethodTestDescriptor.java:106) ~[junit-jupiter-engine-5.10.2.jar:5.10.2]
	at org.junit.platform.engine.support.hierarchical.ThrowableCollector.execute(ThrowableCollector.java:73) ~[junit-platform-engine-1.10.2.jar:1.10.2]
	at org.junit.jupiter.engine.descriptor.TestMethodTestDescriptor.prepare(TestMethodTestDescriptor.java:105) ~[junit-jupiter-engine-5.10.2.jar:5.10.2]
	at org.junit.jupiter.engine.descriptor.TestMethodTestDescriptor.prepare(TestMethodTestDescriptor.java:69) ~[junit-jupiter-engine-5.10.2.jar:5.10.2]
	at org.junit.platform.engine.support.hierarchical.NodeTestTask.lambda$prepare$2(NodeTestTask.java:123) ~[junit-platform-engine-1.10.2.jar:1.10.2]
	at org.junit.platform.engine.support.hierarchical.ThrowableCollector.execute(ThrowableCollector.java:73) ~[junit-platform-engine-1.10.2.jar:1.10.2]
	at org.junit.platform.engine.support.hierarchical.NodeTestTask.prepare(NodeTestTask.java:123) ~[junit-platform-engine-1.10.2.jar:1.10.2]
	at org.junit.platform.engine.support.hierarchical.NodeTestTask.execute(NodeTestTask.java:90) ~[junit-platform-engine-1.10.2.jar:1.10.2]
	at java.base/java.util.ArrayList.forEach(ArrayList.java:1511) ~[na:na]
	at org.junit.platform.engine.support.hierarchical.SameThreadHierarchicalTestExecutorService.invokeAll(SameThreadHierarchicalTestExecutorService.java:41) ~[junit-platform-engine-1.10.2.jar:1.10.2]
	at org.junit.platform.engine.support.hierarchical.NodeTestTask.lambda$executeRecursively$6(NodeTestTask.java:155) ~[junit-platform-engine-1.10.2.jar:1.10.2]
	at org.junit.platform.engine.support.hierarchical.ThrowableCollector.execute(ThrowableCollector.java:73) ~[junit-platform-engine-1.10.2.jar:1.10.2]
	at org.junit.platform.engine.support.hierarchical.NodeTestTask.lambda$executeRecursively$8(NodeTestTask.java:141) ~[junit-platform-engine-1.10.2.jar:1.10.2]
	at org.junit.platform.engine.support.hierarchical.Node.around(Node.java:137) ~[junit-platform-engine-1.10.2.jar:1.10.2]
	at org.junit.platform.engine.support.hierarchical.NodeTestTask.lambda$executeRecursively$9(NodeTestTask.java:139) ~[junit-platform-engine-1.10.2.jar:1.10.2]
	at org.junit.platform.engine.support.hierarchical.ThrowableCollector.execute(ThrowableCollector.java:73) ~[junit-platform-engine-1.10.2.jar:1.10.2]
	at org.junit.platform.engine.support.hierarchical.NodeTestTask.executeRecursively(NodeTestTask.java:138) ~[junit-platform-engine-1.10.2.jar:1.10.2]
	at org.junit.platform.engine.support.hierarchical.NodeTestTask.execute(NodeTestTask.java:95) ~[junit-platform-engine-1.10.2.jar:1.10.2]
	at java.base/java.util.ArrayList.forEach(ArrayList.java:1511) ~[na:na]
	at org.junit.platform.engine.support.hierarchical.SameThreadHierarchicalTestExecutorService.invokeAll(SameThreadHierarchicalTestExecutorService.java:41) ~[junit-platform-engine-1.10.2.jar:1.10.2]
	at org.junit.platform.engine.support.hierarchical.NodeTestTask.lambda$executeRecursively$6(NodeTestTask.java:155) ~[junit-platform-engine-1.10.2.jar:1.10.2]
	at org.junit.platform.engine.support.hierarchical.ThrowableCollector.execute(ThrowableCollector.java:73) ~[junit-platform-engine-1.10.2.jar:1.10.2]
	at org.junit.platform.engine.support.hierarchical.NodeTestTask.lambda$executeRecursively$8(NodeTestTask.java:141) ~[junit-platform-engine-1.10.2.jar:1.10.2]
	at org.junit.platform.engine.support.hierarchical.Node.around(Node.java:137) ~[junit-platform-engine-1.10.2.jar:1.10.2]
	at org.junit.platform.engine.support.hierarchical.NodeTestTask.lambda$executeRecursively$9(NodeTestTask.java:139) ~[junit-platform-engine-1.10.2.jar:1.10.2]
	at org.junit.platform.engine.support.hierarchical.ThrowableCollector.execute(ThrowableCollector.java:73) ~[junit-platform-engine-1.10.2.jar:1.10.2]
	at org.junit.platform.engine.support.hierarchical.NodeTestTask.executeRecursively(NodeTestTask.java:138) ~[junit-platform-engine-1.10.2.jar:1.10.2]
	at org.junit.platform.engine.support.hierarchical.NodeTestTask.execute(NodeTestTask.java:95) ~[junit-platform-engine-1.10.2.jar:1.10.2]
	at org.junit.platform.engine.support.hierarchical.SameThreadHierarchicalTestExecutorService.submit(SameThreadHierarchicalTestExecutorService.java:35) ~[junit-platform-engine-1.10.2.jar:1.10.2]
	at org.junit.platform.engine.support.hierarchical.HierarchicalTestExecutor.execute(HierarchicalTestExecutor.java:57) ~[junit-platform-engine-1.10.2.jar:1.10.2]
	at org.junit.platform.engine.support.hierarchical.HierarchicalTestEngine.execute(HierarchicalTestEngine.java:54) ~[junit-platform-engine-1.10.2.jar:1.10.2]
	at org.junit.platform.launcher.core.EngineExecutionOrchestrator.execute(EngineExecutionOrchestrator.java:198) ~[junit-platform-launcher-1.10.2.jar:1.10.2]
	at org.junit.platform.launcher.core.EngineExecutionOrchestrator.execute(EngineExecutionOrchestrator.java:169) ~[junit-platform-launcher-1.10.2.jar:1.10.2]
	at org.junit.platform.launcher.core.EngineExecutionOrchestrator.execute(EngineExecutionOrchestrator.java:93) ~[junit-platform-launcher-1.10.2.jar:1.10.2]
	at org.junit.platform.launcher.core.EngineExecutionOrchestrator.lambda$execute$0(EngineExecutionOrchestrator.java:58) ~[junit-platform-launcher-1.10.2.jar:1.10.2]
	at org.junit.platform.launcher.core.EngineExecutionOrchestrator.withInterceptedStreams(EngineExecutionOrchestrator.java:141) ~[junit-platform-launcher-1.10.2.jar:1.10.2]
	at org.junit.platform.launcher.core.EngineExecutionOrchestrator.execute(EngineExecutionOrchestrator.java:57) ~[junit-platform-launcher-1.10.2.jar:1.10.2]
	at org.junit.platform.launcher.core.DefaultLauncher.execute(DefaultLauncher.java:103) ~[junit-platform-launcher-1.10.2.jar:1.10.2]
	at org.junit.platform.launcher.core.DefaultLauncher.execute(DefaultLauncher.java:85) ~[junit-platform-launcher-1.10.2.jar:1.10.2]
	at org.junit.platform.launcher.core.DelegatingLauncher.execute(DelegatingLauncher.java:47) ~[junit-platform-launcher-1.10.2.jar:1.10.2]
	at org.apache.maven.surefire.junitplatform.LazyLauncher.execute(LazyLauncher.java:56) ~[surefire-junit-platform-3.1.2.jar:3.1.2]
	at org.apache.maven.surefire.junitplatform.JUnitPlatformProvider.execute(JUnitPlatformProvider.java:184) ~[surefire-junit-platform-3.1.2.jar:3.1.2]
	at org.apache.maven.surefire.junitplatform.JUnitPlatformProvider.invokeAllTests(JUnitPlatformProvider.java:148) ~[surefire-junit-platform-3.1.2.jar:3.1.2]
	at org.apache.maven.surefire.junitplatform.JUnitPlatformProvider.invoke(JUnitPlatformProvider.java:122) ~[surefire-junit-platform-3.1.2.jar:3.1.2]
	at org.apache.maven.surefire.booter.ForkedBooter.runSuitesInProcess(ForkedBooter.java:385) ~[surefire-booter-3.1.2.jar:3.1.2]
	at org.apache.maven.surefire.booter.ForkedBooter.execute(ForkedBooter.java:162) ~[surefire-booter-3.1.2.jar:3.1.2]
	at org.apache.maven.surefire.booter.ForkedBooter.run(ForkedBooter.java:507) ~[surefire-booter-3.1.2.jar:3.1.2]
	at org.apache.maven.surefire.booter.ForkedBooter.main(ForkedBooter.java:495) ~[surefire-booter-3.1.2.jar:3.1.2]

2024-05-17T15:11:55.392+02:00 DEBUG 4684 --- [clothlogix] [           main] org.hibernate.orm.sql.ast.tree           : SQL AST Tree:
    SelectStatement {
      FromClause {
        CollectionTableGroup (c1 : com.fabless.clothlogix.model.entities.ProdottoEntity.colori) {
          primaryTableReference : prodotto_colore_rel as c1_0
          TableGroupJoins {
             join LazyTableGroup (c1 : com.fabless.clothlogix.model.entities.ProdottoEntity.colori.{element}) {
              primaryTableReference : colore as c1_1
            }
          }
        }
      }
    }

2024-05-17T15:11:55.392+02:00 DEBUG 4684 --- [clothlogix] [           main] org.hibernate.orm.jdbc.mutation          : Static SQL for collection: com.fabless.clothlogix.model.entities.ProdottoEntity.colori
2024-05-17T15:11:55.392+02:00 DEBUG 4684 --- [clothlogix] [           main] org.hibernate.orm.jdbc.mutation          :  Row insert: insert into prodotto_colore_rel (id_prodotto,id_colore) values (?,?)
2024-05-17T15:11:55.392+02:00 DEBUG 4684 --- [clothlogix] [           main] org.hibernate.orm.jdbc.mutation          :  Row delete: delete from prodotto_colore_rel where id_prodotto=? and id_colore=?
2024-05-17T15:11:55.392+02:00 TRACE 4684 --- [clothlogix] [           main] org.hibernate.orm.jdbc.mutation          : Starting RemoveCoordinator#buildOperationGroup - com.fabless.clothlogix.model.entities.ProdottoEntity.colori
2024-05-17T15:11:55.392+02:00 DEBUG 4684 --- [clothlogix] [           main] org.hibernate.orm.jdbc.mutation          :  One-shot delete: delete from prodotto_colore_rel where id_prodotto=?
2024-05-17T15:11:55.392+02:00 DEBUG 4684 --- [clothlogix] [           main] org.hibernate.orm.sql.ast.create         : Created new SQL alias : s1_0
2024-05-17T15:11:55.392+02:00 DEBUG 4684 --- [clothlogix] [           main] org.hibernate.orm.sql.ast.create         : Registration of TableGroup [org.hibernate.sql.ast.tree.from.OneToManyTableGroup@6a9ac8b] with identifierForTableGroup [com.fabless.clothlogix.model.entities.MagazzinoEntity.sezioni] for NavigablePath [com.fabless.clothlogix.model.entities.MagazzinoEntity.sezioni] 
2024-05-17T15:11:55.392+02:00 DEBUG 4684 --- [clothlogix] [           main] org.hibernate.orm.sql.ast.create         : Registration of TableGroup [StandardTableGroup(com.fabless.clothlogix.model.entities.MagazzinoEntity.sezioni.{element})] with identifierForTableGroup [com.fabless.clothlogix.model.entities.MagazzinoEntity.sezioni.{element}] for NavigablePath [com.fabless.clothlogix.model.entities.MagazzinoEntity.sezioni.{element}] 
2024-05-17T15:11:55.392+02:00 TRACE 4684 --- [clothlogix] [           main] o.h.l.ast.internal.LoaderSelectBuilder   : Starting visitation of FetchParent's Fetchables : com.fabless.clothlogix.model.entities.MagazzinoEntity.sezioni.{element}
2024-05-17T15:11:55.392+02:00 DEBUG 4684 --- [clothlogix] [           main] org.hibernate.orm.results.graph.AST      : DomainResult Graph:
 \-CollectionDomainResult [com.fabless.clothlogix.model.entities.MagazzinoEntity.sezioni]

2024-05-17T15:11:55.392+02:00 TRACE 4684 --- [clothlogix] [           main] org.hibernate.orm.results.graph.AST      : Stack trace calling DomainResultGraphPrinter

java.lang.Exception: null
	at org.hibernate.sql.results.graph.DomainResultGraphPrinter.visitDomainResults(DomainResultGraphPrinter.java:70) ~[hibernate-core-6.4.4.Final.jar:6.4.4.Final]
	at org.hibernate.sql.results.graph.DomainResultGraphPrinter.logDomainResultGraph(DomainResultGraphPrinter.java:46) ~[hibernate-core-6.4.4.Final.jar:6.4.4.Final]
	at org.hibernate.sql.results.graph.DomainResultGraphPrinter.logDomainResultGraph(DomainResultGraphPrinter.java:37) ~[hibernate-core-6.4.4.Final.jar:6.4.4.Final]
	at org.hibernate.sql.ast.spi.AbstractSqlAstTranslator.translateSelect(AbstractSqlAstTranslator.java:858) ~[hibernate-core-6.4.4.Final.jar:6.4.4.Final]
	at org.hibernate.sql.ast.spi.AbstractSqlAstTranslator.translate(AbstractSqlAstTranslator.java:811) ~[hibernate-core-6.4.4.Final.jar:6.4.4.Final]
	at org.hibernate.loader.ast.internal.CollectionLoaderSingleKey.<init>(CollectionLoaderSingleKey.java:78) ~[hibernate-core-6.4.4.Final.jar:6.4.4.Final]
	at org.hibernate.persister.collection.AbstractCollectionPersister.createSingleKeyCollectionLoader(AbstractCollectionPersister.java:791) ~[hibernate-core-6.4.4.Final.jar:6.4.4.Final]
	at org.hibernate.persister.collection.AbstractCollectionPersister.createNamedQueryCollectionLoader(AbstractCollectionPersister.java:776) ~[hibernate-core-6.4.4.Final.jar:6.4.4.Final]
	at org.hibernate.persister.collection.AbstractCollectionPersister.postInstantiate(AbstractCollectionPersister.java:619) ~[hibernate-core-6.4.4.Final.jar:6.4.4.Final]
	at java.base/java.util.concurrent.ConcurrentHashMap$ValuesView.forEach(ConcurrentHashMap.java:4783) ~[na:na]
	at org.hibernate.metamodel.model.domain.internal.MappingMetamodelImpl.finishInitialization(MappingMetamodelImpl.java:209) ~[hibernate-core-6.4.4.Final.jar:6.4.4.Final]
	at org.hibernate.internal.SessionFactoryImpl.initializeMappingModel(SessionFactoryImpl.java:364) ~[hibernate-core-6.4.4.Final.jar:6.4.4.Final]
	at org.hibernate.internal.SessionFactoryImpl.<init>(SessionFactoryImpl.java:293) ~[hibernate-core-6.4.4.Final.jar:6.4.4.Final]
	at org.hibernate.boot.internal.SessionFactoryBuilderImpl.build(SessionFactoryBuilderImpl.java:450) ~[hibernate-core-6.4.4.Final.jar:6.4.4.Final]
	at org.hibernate.jpa.boot.internal.EntityManagerFactoryBuilderImpl.build(EntityManagerFactoryBuilderImpl.java:1507) ~[hibernate-core-6.4.4.Final.jar:6.4.4.Final]
	at org.springframework.orm.jpa.vendor.SpringHibernateJpaPersistenceProvider.createContainerEntityManagerFactory(SpringHibernateJpaPersistenceProvider.java:75) ~[spring-orm-6.1.6.jar:6.1.6]
	at org.springframework.orm.jpa.LocalContainerEntityManagerFactoryBean.createNativeEntityManagerFactory(LocalContainerEntityManagerFactoryBean.java:390) ~[spring-orm-6.1.6.jar:6.1.6]
	at org.springframework.orm.jpa.AbstractEntityManagerFactoryBean.buildNativeEntityManagerFactory(AbstractEntityManagerFactoryBean.java:409) ~[spring-orm-6.1.6.jar:6.1.6]
	at org.springframework.orm.jpa.AbstractEntityManagerFactoryBean.afterPropertiesSet(AbstractEntityManagerFactoryBean.java:396) ~[spring-orm-6.1.6.jar:6.1.6]
	at org.springframework.orm.jpa.LocalContainerEntityManagerFactoryBean.afterPropertiesSet(LocalContainerEntityManagerFactoryBean.java:366) ~[spring-orm-6.1.6.jar:6.1.6]
	at org.springframework.beans.factory.support.AbstractAutowireCapableBeanFactory.invokeInitMethods(AbstractAutowireCapableBeanFactory.java:1833) ~[spring-beans-6.1.6.jar:6.1.6]
	at org.springframework.beans.factory.support.AbstractAutowireCapableBeanFactory.initializeBean(AbstractAutowireCapableBeanFactory.java:1782) ~[spring-beans-6.1.6.jar:6.1.6]
	at org.springframework.beans.factory.support.AbstractAutowireCapableBeanFactory.doCreateBean(AbstractAutowireCapableBeanFactory.java:600) ~[spring-beans-6.1.6.jar:6.1.6]
	at org.springframework.beans.factory.support.AbstractAutowireCapableBeanFactory.createBean(AbstractAutowireCapableBeanFactory.java:522) ~[spring-beans-6.1.6.jar:6.1.6]
	at org.springframework.beans.factory.support.AbstractBeanFactory.lambda$doGetBean$0(AbstractBeanFactory.java:326) ~[spring-beans-6.1.6.jar:6.1.6]
	at org.springframework.beans.factory.support.DefaultSingletonBeanRegistry.getSingleton(DefaultSingletonBeanRegistry.java:234) ~[spring-beans-6.1.6.jar:6.1.6]
	at org.springframework.beans.factory.support.AbstractBeanFactory.doGetBean(AbstractBeanFactory.java:324) ~[spring-beans-6.1.6.jar:6.1.6]
	at org.springframework.beans.factory.support.AbstractBeanFactory.getBean(AbstractBeanFactory.java:200) ~[spring-beans-6.1.6.jar:6.1.6]
	at org.springframework.context.support.AbstractApplicationContext.getBean(AbstractApplicationContext.java:1234) ~[spring-context-6.1.6.jar:6.1.6]
	at org.springframework.context.support.AbstractApplicationContext.finishBeanFactoryInitialization(AbstractApplicationContext.java:952) ~[spring-context-6.1.6.jar:6.1.6]
	at org.springframework.context.support.AbstractApplicationContext.refresh(AbstractApplicationContext.java:624) ~[spring-context-6.1.6.jar:6.1.6]
	at org.springframework.boot.SpringApplication.refresh(SpringApplication.java:754) ~[spring-boot-3.2.5.jar:3.2.5]
	at org.springframework.boot.SpringApplication.refreshContext(SpringApplication.java:456) ~[spring-boot-3.2.5.jar:3.2.5]
	at org.springframework.boot.SpringApplication.run(SpringApplication.java:334) ~[spring-boot-3.2.5.jar:3.2.5]
	at org.springframework.boot.test.context.SpringBootContextLoader.lambda$loadContext$3(SpringBootContextLoader.java:137) ~[spring-boot-test-3.2.5.jar:3.2.5]
	at org.springframework.util.function.ThrowingSupplier.get(ThrowingSupplier.java:58) ~[spring-core-6.1.6.jar:6.1.6]
	at org.springframework.util.function.ThrowingSupplier.get(ThrowingSupplier.java:46) ~[spring-core-6.1.6.jar:6.1.6]
	at org.springframework.boot.SpringApplication.withHook(SpringApplication.java:1454) ~[spring-boot-3.2.5.jar:3.2.5]
	at org.springframework.boot.test.context.SpringBootContextLoader$ContextLoaderHook.run(SpringBootContextLoader.java:553) ~[spring-boot-test-3.2.5.jar:3.2.5]
	at org.springframework.boot.test.context.SpringBootContextLoader.loadContext(SpringBootContextLoader.java:137) ~[spring-boot-test-3.2.5.jar:3.2.5]
	at org.springframework.boot.test.context.SpringBootContextLoader.loadContext(SpringBootContextLoader.java:108) ~[spring-boot-test-3.2.5.jar:3.2.5]
	at org.springframework.test.context.cache.DefaultCacheAwareContextLoaderDelegate.loadContextInternal(DefaultCacheAwareContextLoaderDelegate.java:225) ~[spring-test-6.1.6.jar:6.1.6]
	at org.springframework.test.context.cache.DefaultCacheAwareContextLoaderDelegate.loadContext(DefaultCacheAwareContextLoaderDelegate.java:152) ~[spring-test-6.1.6.jar:6.1.6]
	at org.springframework.test.context.support.DefaultTestContext.getApplicationContext(DefaultTestContext.java:130) ~[spring-test-6.1.6.jar:6.1.6]
	at org.springframework.test.context.web.ServletTestExecutionListener.setUpRequestContextIfNecessary(ServletTestExecutionListener.java:191) ~[spring-test-6.1.6.jar:6.1.6]
	at org.springframework.test.context.web.ServletTestExecutionListener.prepareTestInstance(ServletTestExecutionListener.java:130) ~[spring-test-6.1.6.jar:6.1.6]
	at org.springframework.test.context.TestContextManager.prepareTestInstance(TestContextManager.java:260) ~[spring-test-6.1.6.jar:6.1.6]
	at org.springframework.test.context.junit.jupiter.SpringExtension.postProcessTestInstance(SpringExtension.java:163) ~[spring-test-6.1.6.jar:6.1.6]
	at org.junit.jupiter.engine.descriptor.ClassBasedTestDescriptor.lambda$invokeTestInstancePostProcessors$10(ClassBasedTestDescriptor.java:378) ~[junit-jupiter-engine-5.10.2.jar:5.10.2]
	at org.junit.jupiter.engine.descriptor.ClassBasedTestDescriptor.executeAndMaskThrowable(ClassBasedTestDescriptor.java:383) ~[junit-jupiter-engine-5.10.2.jar:5.10.2]
	at org.junit.jupiter.engine.descriptor.ClassBasedTestDescriptor.lambda$invokeTestInstancePostProcessors$11(ClassBasedTestDescriptor.java:378) ~[junit-jupiter-engine-5.10.2.jar:5.10.2]
	at java.base/java.util.stream.ReferencePipeline$3$1.accept(ReferencePipeline.java:197) ~[na:na]
	at java.base/java.util.stream.ReferencePipeline$2$1.accept(ReferencePipeline.java:179) ~[na:na]
	at java.base/java.util.ArrayList$ArrayListSpliterator.forEachRemaining(ArrayList.java:1625) ~[na:na]
	at java.base/java.util.stream.AbstractPipeline.copyInto(AbstractPipeline.java:509) ~[na:na]
	at java.base/java.util.stream.AbstractPipeline.wrapAndCopyInto(AbstractPipeline.java:499) ~[na:na]
	at java.base/java.util.stream.StreamSpliterators$WrappingSpliterator.forEachRemaining(StreamSpliterators.java:310) ~[na:na]
	at java.base/java.util.stream.Streams$ConcatSpliterator.forEachRemaining(Streams.java:735) ~[na:na]
	at java.base/java.util.stream.Streams$ConcatSpliterator.forEachRemaining(Streams.java:734) ~[na:na]
	at java.base/java.util.stream.ReferencePipeline$Head.forEach(ReferencePipeline.java:762) ~[na:na]
	at org.junit.jupiter.engine.descriptor.ClassBasedTestDescriptor.invokeTestInstancePostProcessors(ClassBasedTestDescriptor.java:377) ~[junit-jupiter-engine-5.10.2.jar:5.10.2]
	at org.junit.jupiter.engine.descriptor.ClassBasedTestDescriptor.lambda$instantiateAndPostProcessTestInstance$6(ClassBasedTestDescriptor.java:290) ~[junit-jupiter-engine-5.10.2.jar:5.10.2]
	at org.junit.platform.engine.support.hierarchical.ThrowableCollector.execute(ThrowableCollector.java:73) ~[junit-platform-engine-1.10.2.jar:1.10.2]
	at org.junit.jupiter.engine.descriptor.ClassBasedTestDescriptor.instantiateAndPostProcessTestInstance(ClassBasedTestDescriptor.java:289) ~[junit-jupiter-engine-5.10.2.jar:5.10.2]
	at org.junit.jupiter.engine.descriptor.ClassBasedTestDescriptor.lambda$testInstancesProvider$4(ClassBasedTestDescriptor.java:279) ~[junit-jupiter-engine-5.10.2.jar:5.10.2]
	at java.base/java.util.Optional.orElseGet(Optional.java:364) ~[na:na]
	at org.junit.jupiter.engine.descriptor.ClassBasedTestDescriptor.lambda$testInstancesProvider$5(ClassBasedTestDescriptor.java:278) ~[junit-jupiter-engine-5.10.2.jar:5.10.2]
	at org.junit.jupiter.engine.execution.TestInstancesProvider.getTestInstances(TestInstancesProvider.java:31) ~[junit-jupiter-engine-5.10.2.jar:5.10.2]
	at org.junit.jupiter.engine.descriptor.TestMethodTestDescriptor.lambda$prepare$0(TestMethodTestDescriptor.java:106) ~[junit-jupiter-engine-5.10.2.jar:5.10.2]
	at org.junit.platform.engine.support.hierarchical.ThrowableCollector.execute(ThrowableCollector.java:73) ~[junit-platform-engine-1.10.2.jar:1.10.2]
	at org.junit.jupiter.engine.descriptor.TestMethodTestDescriptor.prepare(TestMethodTestDescriptor.java:105) ~[junit-jupiter-engine-5.10.2.jar:5.10.2]
	at org.junit.jupiter.engine.descriptor.TestMethodTestDescriptor.prepare(TestMethodTestDescriptor.java:69) ~[junit-jupiter-engine-5.10.2.jar:5.10.2]
	at org.junit.platform.engine.support.hierarchical.NodeTestTask.lambda$prepare$2(NodeTestTask.java:123) ~[junit-platform-engine-1.10.2.jar:1.10.2]
	at org.junit.platform.engine.support.hierarchical.ThrowableCollector.execute(ThrowableCollector.java:73) ~[junit-platform-engine-1.10.2.jar:1.10.2]
	at org.junit.platform.engine.support.hierarchical.NodeTestTask.prepare(NodeTestTask.java:123) ~[junit-platform-engine-1.10.2.jar:1.10.2]
	at org.junit.platform.engine.support.hierarchical.NodeTestTask.execute(NodeTestTask.java:90) ~[junit-platform-engine-1.10.2.jar:1.10.2]
	at java.base/java.util.ArrayList.forEach(ArrayList.java:1511) ~[na:na]
	at org.junit.platform.engine.support.hierarchical.SameThreadHierarchicalTestExecutorService.invokeAll(SameThreadHierarchicalTestExecutorService.java:41) ~[junit-platform-engine-1.10.2.jar:1.10.2]
	at org.junit.platform.engine.support.hierarchical.NodeTestTask.lambda$executeRecursively$6(NodeTestTask.java:155) ~[junit-platform-engine-1.10.2.jar:1.10.2]
	at org.junit.platform.engine.support.hierarchical.ThrowableCollector.execute(ThrowableCollector.java:73) ~[junit-platform-engine-1.10.2.jar:1.10.2]
	at org.junit.platform.engine.support.hierarchical.NodeTestTask.lambda$executeRecursively$8(NodeTestTask.java:141) ~[junit-platform-engine-1.10.2.jar:1.10.2]
	at org.junit.platform.engine.support.hierarchical.Node.around(Node.java:137) ~[junit-platform-engine-1.10.2.jar:1.10.2]
	at org.junit.platform.engine.support.hierarchical.NodeTestTask.lambda$executeRecursively$9(NodeTestTask.java:139) ~[junit-platform-engine-1.10.2.jar:1.10.2]
	at org.junit.platform.engine.support.hierarchical.ThrowableCollector.execute(ThrowableCollector.java:73) ~[junit-platform-engine-1.10.2.jar:1.10.2]
	at org.junit.platform.engine.support.hierarchical.NodeTestTask.executeRecursively(NodeTestTask.java:138) ~[junit-platform-engine-1.10.2.jar:1.10.2]
	at org.junit.platform.engine.support.hierarchical.NodeTestTask.execute(NodeTestTask.java:95) ~[junit-platform-engine-1.10.2.jar:1.10.2]
	at java.base/java.util.ArrayList.forEach(ArrayList.java:1511) ~[na:na]
	at org.junit.platform.engine.support.hierarchical.SameThreadHierarchicalTestExecutorService.invokeAll(SameThreadHierarchicalTestExecutorService.java:41) ~[junit-platform-engine-1.10.2.jar:1.10.2]
	at org.junit.platform.engine.support.hierarchical.NodeTestTask.lambda$executeRecursively$6(NodeTestTask.java:155) ~[junit-platform-engine-1.10.2.jar:1.10.2]
	at org.junit.platform.engine.support.hierarchical.ThrowableCollector.execute(ThrowableCollector.java:73) ~[junit-platform-engine-1.10.2.jar:1.10.2]
	at org.junit.platform.engine.support.hierarchical.NodeTestTask.lambda$executeRecursively$8(NodeTestTask.java:141) ~[junit-platform-engine-1.10.2.jar:1.10.2]
	at org.junit.platform.engine.support.hierarchical.Node.around(Node.java:137) ~[junit-platform-engine-1.10.2.jar:1.10.2]
	at org.junit.platform.engine.support.hierarchical.NodeTestTask.lambda$executeRecursively$9(NodeTestTask.java:139) ~[junit-platform-engine-1.10.2.jar:1.10.2]
	at org.junit.platform.engine.support.hierarchical.ThrowableCollector.execute(ThrowableCollector.java:73) ~[junit-platform-engine-1.10.2.jar:1.10.2]
	at org.junit.platform.engine.support.hierarchical.NodeTestTask.executeRecursively(NodeTestTask.java:138) ~[junit-platform-engine-1.10.2.jar:1.10.2]
	at org.junit.platform.engine.support.hierarchical.NodeTestTask.execute(NodeTestTask.java:95) ~[junit-platform-engine-1.10.2.jar:1.10.2]
	at org.junit.platform.engine.support.hierarchical.SameThreadHierarchicalTestExecutorService.submit(SameThreadHierarchicalTestExecutorService.java:35) ~[junit-platform-engine-1.10.2.jar:1.10.2]
	at org.junit.platform.engine.support.hierarchical.HierarchicalTestExecutor.execute(HierarchicalTestExecutor.java:57) ~[junit-platform-engine-1.10.2.jar:1.10.2]
	at org.junit.platform.engine.support.hierarchical.HierarchicalTestEngine.execute(HierarchicalTestEngine.java:54) ~[junit-platform-engine-1.10.2.jar:1.10.2]
	at org.junit.platform.launcher.core.EngineExecutionOrchestrator.execute(EngineExecutionOrchestrator.java:198) ~[junit-platform-launcher-1.10.2.jar:1.10.2]
	at org.junit.platform.launcher.core.EngineExecutionOrchestrator.execute(EngineExecutionOrchestrator.java:169) ~[junit-platform-launcher-1.10.2.jar:1.10.2]
	at org.junit.platform.launcher.core.EngineExecutionOrchestrator.execute(EngineExecutionOrchestrator.java:93) ~[junit-platform-launcher-1.10.2.jar:1.10.2]
	at org.junit.platform.launcher.core.EngineExecutionOrchestrator.lambda$execute$0(EngineExecutionOrchestrator.java:58) ~[junit-platform-launcher-1.10.2.jar:1.10.2]
	at org.junit.platform.launcher.core.EngineExecutionOrchestrator.withInterceptedStreams(EngineExecutionOrchestrator.java:141) ~[junit-platform-launcher-1.10.2.jar:1.10.2]
	at org.junit.platform.launcher.core.EngineExecutionOrchestrator.execute(EngineExecutionOrchestrator.java:57) ~[junit-platform-launcher-1.10.2.jar:1.10.2]
	at org.junit.platform.launcher.core.DefaultLauncher.execute(DefaultLauncher.java:103) ~[junit-platform-launcher-1.10.2.jar:1.10.2]
	at org.junit.platform.launcher.core.DefaultLauncher.execute(DefaultLauncher.java:85) ~[junit-platform-launcher-1.10.2.jar:1.10.2]
	at org.junit.platform.launcher.core.DelegatingLauncher.execute(DelegatingLauncher.java:47) ~[junit-platform-launcher-1.10.2.jar:1.10.2]
	at org.apache.maven.surefire.junitplatform.LazyLauncher.execute(LazyLauncher.java:56) ~[surefire-junit-platform-3.1.2.jar:3.1.2]
	at org.apache.maven.surefire.junitplatform.JUnitPlatformProvider.execute(JUnitPlatformProvider.java:184) ~[surefire-junit-platform-3.1.2.jar:3.1.2]
	at org.apache.maven.surefire.junitplatform.JUnitPlatformProvider.invokeAllTests(JUnitPlatformProvider.java:148) ~[surefire-junit-platform-3.1.2.jar:3.1.2]
	at org.apache.maven.surefire.junitplatform.JUnitPlatformProvider.invoke(JUnitPlatformProvider.java:122) ~[surefire-junit-platform-3.1.2.jar:3.1.2]
	at org.apache.maven.surefire.booter.ForkedBooter.runSuitesInProcess(ForkedBooter.java:385) ~[surefire-booter-3.1.2.jar:3.1.2]
	at org.apache.maven.surefire.booter.ForkedBooter.execute(ForkedBooter.java:162) ~[surefire-booter-3.1.2.jar:3.1.2]
	at org.apache.maven.surefire.booter.ForkedBooter.run(ForkedBooter.java:507) ~[surefire-booter-3.1.2.jar:3.1.2]
	at org.apache.maven.surefire.booter.ForkedBooter.main(ForkedBooter.java:495) ~[surefire-booter-3.1.2.jar:3.1.2]

2024-05-17T15:11:55.392+02:00 DEBUG 4684 --- [clothlogix] [           main] org.hibernate.orm.sql.ast.tree           : SQL AST Tree:
    SelectStatement {
      FromClause {
        OneToManyTableGroup (s1 : com.fabless.clothlogix.model.entities.MagazzinoEntity.sezioni) {
          primaryTableReference : sezione as s1_0
        }
      }
    }

2024-05-17T15:11:55.392+02:00 DEBUG 4684 --- [clothlogix] [           main] org.hibernate.orm.jdbc.mutation          : Static SQL for collection: com.fabless.clothlogix.model.entities.MagazzinoEntity.sezioni
2024-05-17T15:11:55.392+02:00 DEBUG 4684 --- [clothlogix] [           main] org.hibernate.orm.jdbc.mutation          :  Row insert: update sezione set id_sezione=? where id=?
2024-05-17T15:11:55.392+02:00 DEBUG 4684 --- [clothlogix] [           main] org.hibernate.orm.jdbc.mutation          :  Row delete: update sezione set id_sezione=null where id_sezione=? and id=?
2024-05-17T15:11:55.392+02:00 TRACE 4684 --- [clothlogix] [           main] org.hibernate.orm.jdbc.mutation          : Starting RemoveCoordinator#buildOperationGroup - com.fabless.clothlogix.model.entities.MagazzinoEntity.sezioni
2024-05-17T15:11:55.392+02:00 DEBUG 4684 --- [clothlogix] [           main] org.hibernate.orm.jdbc.mutation          :  One-shot delete: update sezione set id_sezione=null where id_sezione=?
2024-05-17T15:11:55.392+02:00 DEBUG 4684 --- [clothlogix] [           main] org.hibernate.orm.sql.ast.create         : Created new SQL alias : t1_0
2024-05-17T15:11:55.392+02:00 DEBUG 4684 --- [clothlogix] [           main] org.hibernate.orm.sql.ast.create         : Registration of TableGroup [CollectionTableGroup(com.fabless.clothlogix.model.entities.ProdottoEntity.taglie)] with identifierForTableGroup [com.fabless.clothlogix.model.entities.ProdottoEntity.taglie] for NavigablePath [com.fabless.clothlogix.model.entities.ProdottoEntity.taglie] 
2024-05-17T15:11:55.392+02:00 DEBUG 4684 --- [clothlogix] [           main] org.hibernate.orm.sql.ast.create         : Registration of TableGroup [org.hibernate.sql.ast.tree.from.LazyTableGroup@1631dbbc] with identifierForTableGroup [com.fabless.clothlogix.model.entities.ProdottoEntity.taglie.{element}] for NavigablePath [com.fabless.clothlogix.model.entities.ProdottoEntity.taglie.{element}] 
2024-05-17T15:11:55.392+02:00 DEBUG 4684 --- [clothlogix] [           main] org.hibernate.orm.sql.ast.create         : Created new SQL alias : t1_1
2024-05-17T15:11:55.392+02:00 TRACE 4684 --- [clothlogix] [           main] o.h.l.ast.internal.LoaderSelectBuilder   : Starting visitation of FetchParent's Fetchables : com.fabless.clothlogix.model.entities.ProdottoEntity.taglie.{element}
2024-05-17T15:11:55.392+02:00 DEBUG 4684 --- [clothlogix] [           main] org.hibernate.orm.results.graph.AST      : DomainResult Graph:
 \-CollectionDomainResult [com.fabless.clothlogix.model.entities.ProdottoEntity.taglie]

2024-05-17T15:11:55.392+02:00 TRACE 4684 --- [clothlogix] [           main] org.hibernate.orm.results.graph.AST      : Stack trace calling DomainResultGraphPrinter

java.lang.Exception: null
	at org.hibernate.sql.results.graph.DomainResultGraphPrinter.visitDomainResults(DomainResultGraphPrinter.java:70) ~[hibernate-core-6.4.4.Final.jar:6.4.4.Final]
	at org.hibernate.sql.results.graph.DomainResultGraphPrinter.logDomainResultGraph(DomainResultGraphPrinter.java:46) ~[hibernate-core-6.4.4.Final.jar:6.4.4.Final]
	at org.hibernate.sql.results.graph.DomainResultGraphPrinter.logDomainResultGraph(DomainResultGraphPrinter.java:37) ~[hibernate-core-6.4.4.Final.jar:6.4.4.Final]
	at org.hibernate.sql.ast.spi.AbstractSqlAstTranslator.translateSelect(AbstractSqlAstTranslator.java:858) ~[hibernate-core-6.4.4.Final.jar:6.4.4.Final]
	at org.hibernate.sql.ast.spi.AbstractSqlAstTranslator.translate(AbstractSqlAstTranslator.java:811) ~[hibernate-core-6.4.4.Final.jar:6.4.4.Final]
	at org.hibernate.loader.ast.internal.CollectionLoaderSingleKey.<init>(CollectionLoaderSingleKey.java:78) ~[hibernate-core-6.4.4.Final.jar:6.4.4.Final]
	at org.hibernate.persister.collection.AbstractCollectionPersister.createSingleKeyCollectionLoader(AbstractCollectionPersister.java:791) ~[hibernate-core-6.4.4.Final.jar:6.4.4.Final]
	at org.hibernate.persister.collection.AbstractCollectionPersister.createNamedQueryCollectionLoader(AbstractCollectionPersister.java:776) ~[hibernate-core-6.4.4.Final.jar:6.4.4.Final]
	at org.hibernate.persister.collection.AbstractCollectionPersister.postInstantiate(AbstractCollectionPersister.java:619) ~[hibernate-core-6.4.4.Final.jar:6.4.4.Final]
	at java.base/java.util.concurrent.ConcurrentHashMap$ValuesView.forEach(ConcurrentHashMap.java:4783) ~[na:na]
	at org.hibernate.metamodel.model.domain.internal.MappingMetamodelImpl.finishInitialization(MappingMetamodelImpl.java:209) ~[hibernate-core-6.4.4.Final.jar:6.4.4.Final]
	at org.hibernate.internal.SessionFactoryImpl.initializeMappingModel(SessionFactoryImpl.java:364) ~[hibernate-core-6.4.4.Final.jar:6.4.4.Final]
	at org.hibernate.internal.SessionFactoryImpl.<init>(SessionFactoryImpl.java:293) ~[hibernate-core-6.4.4.Final.jar:6.4.4.Final]
	at org.hibernate.boot.internal.SessionFactoryBuilderImpl.build(SessionFactoryBuilderImpl.java:450) ~[hibernate-core-6.4.4.Final.jar:6.4.4.Final]
	at org.hibernate.jpa.boot.internal.EntityManagerFactoryBuilderImpl.build(EntityManagerFactoryBuilderImpl.java:1507) ~[hibernate-core-6.4.4.Final.jar:6.4.4.Final]
	at org.springframework.orm.jpa.vendor.SpringHibernateJpaPersistenceProvider.createContainerEntityManagerFactory(SpringHibernateJpaPersistenceProvider.java:75) ~[spring-orm-6.1.6.jar:6.1.6]
	at org.springframework.orm.jpa.LocalContainerEntityManagerFactoryBean.createNativeEntityManagerFactory(LocalContainerEntityManagerFactoryBean.java:390) ~[spring-orm-6.1.6.jar:6.1.6]
	at org.springframework.orm.jpa.AbstractEntityManagerFactoryBean.buildNativeEntityManagerFactory(AbstractEntityManagerFactoryBean.java:409) ~[spring-orm-6.1.6.jar:6.1.6]
	at org.springframework.orm.jpa.AbstractEntityManagerFactoryBean.afterPropertiesSet(AbstractEntityManagerFactoryBean.java:396) ~[spring-orm-6.1.6.jar:6.1.6]
	at org.springframework.orm.jpa.LocalContainerEntityManagerFactoryBean.afterPropertiesSet(LocalContainerEntityManagerFactoryBean.java:366) ~[spring-orm-6.1.6.jar:6.1.6]
	at org.springframework.beans.factory.support.AbstractAutowireCapableBeanFactory.invokeInitMethods(AbstractAutowireCapableBeanFactory.java:1833) ~[spring-beans-6.1.6.jar:6.1.6]
	at org.springframework.beans.factory.support.AbstractAutowireCapableBeanFactory.initializeBean(AbstractAutowireCapableBeanFactory.java:1782) ~[spring-beans-6.1.6.jar:6.1.6]
	at org.springframework.beans.factory.support.AbstractAutowireCapableBeanFactory.doCreateBean(AbstractAutowireCapableBeanFactory.java:600) ~[spring-beans-6.1.6.jar:6.1.6]
	at org.springframework.beans.factory.support.AbstractAutowireCapableBeanFactory.createBean(AbstractAutowireCapableBeanFactory.java:522) ~[spring-beans-6.1.6.jar:6.1.6]
	at org.springframework.beans.factory.support.AbstractBeanFactory.lambda$doGetBean$0(AbstractBeanFactory.java:326) ~[spring-beans-6.1.6.jar:6.1.6]
	at org.springframework.beans.factory.support.DefaultSingletonBeanRegistry.getSingleton(DefaultSingletonBeanRegistry.java:234) ~[spring-beans-6.1.6.jar:6.1.6]
	at org.springframework.beans.factory.support.AbstractBeanFactory.doGetBean(AbstractBeanFactory.java:324) ~[spring-beans-6.1.6.jar:6.1.6]
	at org.springframework.beans.factory.support.AbstractBeanFactory.getBean(AbstractBeanFactory.java:200) ~[spring-beans-6.1.6.jar:6.1.6]
	at org.springframework.context.support.AbstractApplicationContext.getBean(AbstractApplicationContext.java:1234) ~[spring-context-6.1.6.jar:6.1.6]
	at org.springframework.context.support.AbstractApplicationContext.finishBeanFactoryInitialization(AbstractApplicationContext.java:952) ~[spring-context-6.1.6.jar:6.1.6]
	at org.springframework.context.support.AbstractApplicationContext.refresh(AbstractApplicationContext.java:624) ~[spring-context-6.1.6.jar:6.1.6]
	at org.springframework.boot.SpringApplication.refresh(SpringApplication.java:754) ~[spring-boot-3.2.5.jar:3.2.5]
	at org.springframework.boot.SpringApplication.refreshContext(SpringApplication.java:456) ~[spring-boot-3.2.5.jar:3.2.5]
	at org.springframework.boot.SpringApplication.run(SpringApplication.java:334) ~[spring-boot-3.2.5.jar:3.2.5]
	at org.springframework.boot.test.context.SpringBootContextLoader.lambda$loadContext$3(SpringBootContextLoader.java:137) ~[spring-boot-test-3.2.5.jar:3.2.5]
	at org.springframework.util.function.ThrowingSupplier.get(ThrowingSupplier.java:58) ~[spring-core-6.1.6.jar:6.1.6]
	at org.springframework.util.function.ThrowingSupplier.get(ThrowingSupplier.java:46) ~[spring-core-6.1.6.jar:6.1.6]
	at org.springframework.boot.SpringApplication.withHook(SpringApplication.java:1454) ~[spring-boot-3.2.5.jar:3.2.5]
	at org.springframework.boot.test.context.SpringBootContextLoader$ContextLoaderHook.run(SpringBootContextLoader.java:553) ~[spring-boot-test-3.2.5.jar:3.2.5]
	at org.springframework.boot.test.context.SpringBootContextLoader.loadContext(SpringBootContextLoader.java:137) ~[spring-boot-test-3.2.5.jar:3.2.5]
	at org.springframework.boot.test.context.SpringBootContextLoader.loadContext(SpringBootContextLoader.java:108) ~[spring-boot-test-3.2.5.jar:3.2.5]
	at org.springframework.test.context.cache.DefaultCacheAwareContextLoaderDelegate.loadContextInternal(DefaultCacheAwareContextLoaderDelegate.java:225) ~[spring-test-6.1.6.jar:6.1.6]
	at org.springframework.test.context.cache.DefaultCacheAwareContextLoaderDelegate.loadContext(DefaultCacheAwareContextLoaderDelegate.java:152) ~[spring-test-6.1.6.jar:6.1.6]
	at org.springframework.test.context.support.DefaultTestContext.getApplicationContext(DefaultTestContext.java:130) ~[spring-test-6.1.6.jar:6.1.6]
	at org.springframework.test.context.web.ServletTestExecutionListener.setUpRequestContextIfNecessary(ServletTestExecutionListener.java:191) ~[spring-test-6.1.6.jar:6.1.6]
	at org.springframework.test.context.web.ServletTestExecutionListener.prepareTestInstance(ServletTestExecutionListener.java:130) ~[spring-test-6.1.6.jar:6.1.6]
	at org.springframework.test.context.TestContextManager.prepareTestInstance(TestContextManager.java:260) ~[spring-test-6.1.6.jar:6.1.6]
	at org.springframework.test.context.junit.jupiter.SpringExtension.postProcessTestInstance(SpringExtension.java:163) ~[spring-test-6.1.6.jar:6.1.6]
	at org.junit.jupiter.engine.descriptor.ClassBasedTestDescriptor.lambda$invokeTestInstancePostProcessors$10(ClassBasedTestDescriptor.java:378) ~[junit-jupiter-engine-5.10.2.jar:5.10.2]
	at org.junit.jupiter.engine.descriptor.ClassBasedTestDescriptor.executeAndMaskThrowable(ClassBasedTestDescriptor.java:383) ~[junit-jupiter-engine-5.10.2.jar:5.10.2]
	at org.junit.jupiter.engine.descriptor.ClassBasedTestDescriptor.lambda$invokeTestInstancePostProcessors$11(ClassBasedTestDescriptor.java:378) ~[junit-jupiter-engine-5.10.2.jar:5.10.2]
	at java.base/java.util.stream.ReferencePipeline$3$1.accept(ReferencePipeline.java:197) ~[na:na]
	at java.base/java.util.stream.ReferencePipeline$2$1.accept(ReferencePipeline.java:179) ~[na:na]
	at java.base/java.util.ArrayList$ArrayListSpliterator.forEachRemaining(ArrayList.java:1625) ~[na:na]
	at java.base/java.util.stream.AbstractPipeline.copyInto(AbstractPipeline.java:509) ~[na:na]
	at java.base/java.util.stream.AbstractPipeline.wrapAndCopyInto(AbstractPipeline.java:499) ~[na:na]
	at java.base/java.util.stream.StreamSpliterators$WrappingSpliterator.forEachRemaining(StreamSpliterators.java:310) ~[na:na]
	at java.base/java.util.stream.Streams$ConcatSpliterator.forEachRemaining(Streams.java:735) ~[na:na]
	at java.base/java.util.stream.Streams$ConcatSpliterator.forEachRemaining(Streams.java:734) ~[na:na]
	at java.base/java.util.stream.ReferencePipeline$Head.forEach(ReferencePipeline.java:762) ~[na:na]
	at org.junit.jupiter.engine.descriptor.ClassBasedTestDescriptor.invokeTestInstancePostProcessors(ClassBasedTestDescriptor.java:377) ~[junit-jupiter-engine-5.10.2.jar:5.10.2]
	at org.junit.jupiter.engine.descriptor.ClassBasedTestDescriptor.lambda$instantiateAndPostProcessTestInstance$6(ClassBasedTestDescriptor.java:290) ~[junit-jupiter-engine-5.10.2.jar:5.10.2]
	at org.junit.platform.engine.support.hierarchical.ThrowableCollector.execute(ThrowableCollector.java:73) ~[junit-platform-engine-1.10.2.jar:1.10.2]
	at org.junit.jupiter.engine.descriptor.ClassBasedTestDescriptor.instantiateAndPostProcessTestInstance(ClassBasedTestDescriptor.java:289) ~[junit-jupiter-engine-5.10.2.jar:5.10.2]
	at org.junit.jupiter.engine.descriptor.ClassBasedTestDescriptor.lambda$testInstancesProvider$4(ClassBasedTestDescriptor.java:279) ~[junit-jupiter-engine-5.10.2.jar:5.10.2]
	at java.base/java.util.Optional.orElseGet(Optional.java:364) ~[na:na]
	at org.junit.jupiter.engine.descriptor.ClassBasedTestDescriptor.lambda$testInstancesProvider$5(ClassBasedTestDescriptor.java:278) ~[junit-jupiter-engine-5.10.2.jar:5.10.2]
	at org.junit.jupiter.engine.execution.TestInstancesProvider.getTestInstances(TestInstancesProvider.java:31) ~[junit-jupiter-engine-5.10.2.jar:5.10.2]
	at org.junit.jupiter.engine.descriptor.TestMethodTestDescriptor.lambda$prepare$0(TestMethodTestDescriptor.java:106) ~[junit-jupiter-engine-5.10.2.jar:5.10.2]
	at org.junit.platform.engine.support.hierarchical.ThrowableCollector.execute(ThrowableCollector.java:73) ~[junit-platform-engine-1.10.2.jar:1.10.2]
	at org.junit.jupiter.engine.descriptor.TestMethodTestDescriptor.prepare(TestMethodTestDescriptor.java:105) ~[junit-jupiter-engine-5.10.2.jar:5.10.2]
	at org.junit.jupiter.engine.descriptor.TestMethodTestDescriptor.prepare(TestMethodTestDescriptor.java:69) ~[junit-jupiter-engine-5.10.2.jar:5.10.2]
	at org.junit.platform.engine.support.hierarchical.NodeTestTask.lambda$prepare$2(NodeTestTask.java:123) ~[junit-platform-engine-1.10.2.jar:1.10.2]
	at org.junit.platform.engine.support.hierarchical.ThrowableCollector.execute(ThrowableCollector.java:73) ~[junit-platform-engine-1.10.2.jar:1.10.2]
	at org.junit.platform.engine.support.hierarchical.NodeTestTask.prepare(NodeTestTask.java:123) ~[junit-platform-engine-1.10.2.jar:1.10.2]
	at org.junit.platform.engine.support.hierarchical.NodeTestTask.execute(NodeTestTask.java:90) ~[junit-platform-engine-1.10.2.jar:1.10.2]
	at java.base/java.util.ArrayList.forEach(ArrayList.java:1511) ~[na:na]
	at org.junit.platform.engine.support.hierarchical.SameThreadHierarchicalTestExecutorService.invokeAll(SameThreadHierarchicalTestExecutorService.java:41) ~[junit-platform-engine-1.10.2.jar:1.10.2]
	at org.junit.platform.engine.support.hierarchical.NodeTestTask.lambda$executeRecursively$6(NodeTestTask.java:155) ~[junit-platform-engine-1.10.2.jar:1.10.2]
	at org.junit.platform.engine.support.hierarchical.ThrowableCollector.execute(ThrowableCollector.java:73) ~[junit-platform-engine-1.10.2.jar:1.10.2]
	at org.junit.platform.engine.support.hierarchical.NodeTestTask.lambda$executeRecursively$8(NodeTestTask.java:141) ~[junit-platform-engine-1.10.2.jar:1.10.2]
	at org.junit.platform.engine.support.hierarchical.Node.around(Node.java:137) ~[junit-platform-engine-1.10.2.jar:1.10.2]
	at org.junit.platform.engine.support.hierarchical.NodeTestTask.lambda$executeRecursively$9(NodeTestTask.java:139) ~[junit-platform-engine-1.10.2.jar:1.10.2]
	at org.junit.platform.engine.support.hierarchical.ThrowableCollector.execute(ThrowableCollector.java:73) ~[junit-platform-engine-1.10.2.jar:1.10.2]
	at org.junit.platform.engine.support.hierarchical.NodeTestTask.executeRecursively(NodeTestTask.java:138) ~[junit-platform-engine-1.10.2.jar:1.10.2]
	at org.junit.platform.engine.support.hierarchical.NodeTestTask.execute(NodeTestTask.java:95) ~[junit-platform-engine-1.10.2.jar:1.10.2]
	at java.base/java.util.ArrayList.forEach(ArrayList.java:1511) ~[na:na]
	at org.junit.platform.engine.support.hierarchical.SameThreadHierarchicalTestExecutorService.invokeAll(SameThreadHierarchicalTestExecutorService.java:41) ~[junit-platform-engine-1.10.2.jar:1.10.2]
	at org.junit.platform.engine.support.hierarchical.NodeTestTask.lambda$executeRecursively$6(NodeTestTask.java:155) ~[junit-platform-engine-1.10.2.jar:1.10.2]
	at org.junit.platform.engine.support.hierarchical.ThrowableCollector.execute(ThrowableCollector.java:73) ~[junit-platform-engine-1.10.2.jar:1.10.2]
	at org.junit.platform.engine.support.hierarchical.NodeTestTask.lambda$executeRecursively$8(NodeTestTask.java:141) ~[junit-platform-engine-1.10.2.jar:1.10.2]
	at org.junit.platform.engine.support.hierarchical.Node.around(Node.java:137) ~[junit-platform-engine-1.10.2.jar:1.10.2]
	at org.junit.platform.engine.support.hierarchical.NodeTestTask.lambda$executeRecursively$9(NodeTestTask.java:139) ~[junit-platform-engine-1.10.2.jar:1.10.2]
	at org.junit.platform.engine.support.hierarchical.ThrowableCollector.execute(ThrowableCollector.java:73) ~[junit-platform-engine-1.10.2.jar:1.10.2]
	at org.junit.platform.engine.support.hierarchical.NodeTestTask.executeRecursively(NodeTestTask.java:138) ~[junit-platform-engine-1.10.2.jar:1.10.2]
	at org.junit.platform.engine.support.hierarchical.NodeTestTask.execute(NodeTestTask.java:95) ~[junit-platform-engine-1.10.2.jar:1.10.2]
	at org.junit.platform.engine.support.hierarchical.SameThreadHierarchicalTestExecutorService.submit(SameThreadHierarchicalTestExecutorService.java:35) ~[junit-platform-engine-1.10.2.jar:1.10.2]
	at org.junit.platform.engine.support.hierarchical.HierarchicalTestExecutor.execute(HierarchicalTestExecutor.java:57) ~[junit-platform-engine-1.10.2.jar:1.10.2]
	at org.junit.platform.engine.support.hierarchical.HierarchicalTestEngine.execute(HierarchicalTestEngine.java:54) ~[junit-platform-engine-1.10.2.jar:1.10.2]
	at org.junit.platform.launcher.core.EngineExecutionOrchestrator.execute(EngineExecutionOrchestrator.java:198) ~[junit-platform-launcher-1.10.2.jar:1.10.2]
	at org.junit.platform.launcher.core.EngineExecutionOrchestrator.execute(EngineExecutionOrchestrator.java:169) ~[junit-platform-launcher-1.10.2.jar:1.10.2]
	at org.junit.platform.launcher.core.EngineExecutionOrchestrator.execute(EngineExecutionOrchestrator.java:93) ~[junit-platform-launcher-1.10.2.jar:1.10.2]
	at org.junit.platform.launcher.core.EngineExecutionOrchestrator.lambda$execute$0(EngineExecutionOrchestrator.java:58) ~[junit-platform-launcher-1.10.2.jar:1.10.2]
	at org.junit.platform.launcher.core.EngineExecutionOrchestrator.withInterceptedStreams(EngineExecutionOrchestrator.java:141) ~[junit-platform-launcher-1.10.2.jar:1.10.2]
	at org.junit.platform.launcher.core.EngineExecutionOrchestrator.execute(EngineExecutionOrchestrator.java:57) ~[junit-platform-launcher-1.10.2.jar:1.10.2]
	at org.junit.platform.launcher.core.DefaultLauncher.execute(DefaultLauncher.java:103) ~[junit-platform-launcher-1.10.2.jar:1.10.2]
	at org.junit.platform.launcher.core.DefaultLauncher.execute(DefaultLauncher.java:85) ~[junit-platform-launcher-1.10.2.jar:1.10.2]
	at org.junit.platform.launcher.core.DelegatingLauncher.execute(DelegatingLauncher.java:47) ~[junit-platform-launcher-1.10.2.jar:1.10.2]
	at org.apache.maven.surefire.junitplatform.LazyLauncher.execute(LazyLauncher.java:56) ~[surefire-junit-platform-3.1.2.jar:3.1.2]
	at org.apache.maven.surefire.junitplatform.JUnitPlatformProvider.execute(JUnitPlatformProvider.java:184) ~[surefire-junit-platform-3.1.2.jar:3.1.2]
	at org.apache.maven.surefire.junitplatform.JUnitPlatformProvider.invokeAllTests(JUnitPlatformProvider.java:148) ~[surefire-junit-platform-3.1.2.jar:3.1.2]
	at org.apache.maven.surefire.junitplatform.JUnitPlatformProvider.invoke(JUnitPlatformProvider.java:122) ~[surefire-junit-platform-3.1.2.jar:3.1.2]
	at org.apache.maven.surefire.booter.ForkedBooter.runSuitesInProcess(ForkedBooter.java:385) ~[surefire-booter-3.1.2.jar:3.1.2]
	at org.apache.maven.surefire.booter.ForkedBooter.execute(ForkedBooter.java:162) ~[surefire-booter-3.1.2.jar:3.1.2]
	at org.apache.maven.surefire.booter.ForkedBooter.run(ForkedBooter.java:507) ~[surefire-booter-3.1.2.jar:3.1.2]
	at org.apache.maven.surefire.booter.ForkedBooter.main(ForkedBooter.java:495) ~[surefire-booter-3.1.2.jar:3.1.2]

2024-05-17T15:11:55.392+02:00 DEBUG 4684 --- [clothlogix] [           main] org.hibernate.orm.sql.ast.tree           : SQL AST Tree:
    SelectStatement {
      FromClause {
        CollectionTableGroup (t1 : com.fabless.clothlogix.model.entities.ProdottoEntity.taglie) {
          primaryTableReference : prodotto_taglia_rel as t1_0
          TableGroupJoins {
             join LazyTableGroup (t1 : com.fabless.clothlogix.model.entities.ProdottoEntity.taglie.{element}) {
              primaryTableReference : taglia as t1_1
            }
          }
        }
      }
    }

2024-05-17T15:11:55.392+02:00 DEBUG 4684 --- [clothlogix] [           main] org.hibernate.orm.jdbc.mutation          : Static SQL for collection: com.fabless.clothlogix.model.entities.ProdottoEntity.taglie
2024-05-17T15:11:55.392+02:00 DEBUG 4684 --- [clothlogix] [           main] org.hibernate.orm.jdbc.mutation          :  Row insert: insert into prodotto_taglia_rel (id_prodotto,id_taglia) values (?,?)
2024-05-17T15:11:55.392+02:00 DEBUG 4684 --- [clothlogix] [           main] org.hibernate.orm.jdbc.mutation          :  Row delete: delete from prodotto_taglia_rel where id_prodotto=? and id_taglia=?
2024-05-17T15:11:55.392+02:00 TRACE 4684 --- [clothlogix] [           main] org.hibernate.orm.jdbc.mutation          : Starting RemoveCoordinator#buildOperationGroup - com.fabless.clothlogix.model.entities.ProdottoEntity.taglie
2024-05-17T15:11:55.392+02:00 DEBUG 4684 --- [clothlogix] [           main] org.hibernate.orm.jdbc.mutation          :  One-shot delete: delete from prodotto_taglia_rel where id_prodotto=?
2024-05-17T15:11:55.392+02:00 DEBUG 4684 --- [clothlogix] [           main] org.hibernate.orm.sql.ast.create         : Created new SQL alias : u1_0
2024-05-17T15:11:55.392+02:00 DEBUG 4684 --- [clothlogix] [           main] org.hibernate.orm.sql.ast.create         : Registration of TableGroup [org.hibernate.sql.ast.tree.from.OneToManyTableGroup@23ee70a7] with identifierForTableGroup [com.fabless.clothlogix.model.entities.ProfiloEntity.utenti] for NavigablePath [com.fabless.clothlogix.model.entities.ProfiloEntity.utenti] 
2024-05-17T15:11:55.392+02:00 DEBUG 4684 --- [clothlogix] [           main] org.hibernate.orm.sql.ast.create         : Registration of TableGroup [StandardTableGroup(com.fabless.clothlogix.model.entities.ProfiloEntity.utenti.{element})] with identifierForTableGroup [com.fabless.clothlogix.model.entities.ProfiloEntity.utenti.{element}] for NavigablePath [com.fabless.clothlogix.model.entities.ProfiloEntity.utenti.{element}] 
2024-05-17T15:11:55.392+02:00 TRACE 4684 --- [clothlogix] [           main] o.h.l.ast.internal.LoaderSelectBuilder   : Starting visitation of FetchParent's Fetchables : com.fabless.clothlogix.model.entities.ProfiloEntity.utenti.{element}
2024-05-17T15:11:55.402+02:00 DEBUG 4684 --- [clothlogix] [           main] org.hibernate.orm.sql.ast.create         : Registration of TableGroup [org.hibernate.sql.ast.tree.from.LazyTableGroup@47f416d0] with identifierForTableGroup [com.fabless.clothlogix.model.entities.ProfiloEntity.utenti.{element}.login] for NavigablePath [com.fabless.clothlogix.model.entities.ProfiloEntity.utenti.{element}.login] 
2024-05-17T15:11:55.402+02:00 DEBUG 4684 --- [clothlogix] [           main] org.hibernate.orm.sql.ast.create         : Created new SQL alias : l1_0
2024-05-17T15:11:55.402+02:00 TRACE 4684 --- [clothlogix] [           main] o.h.l.ast.internal.LoaderSelectBuilder   : Starting visitation of FetchParent's Fetchables : com.fabless.clothlogix.model.entities.ProfiloEntity.utenti.{element}.login
2024-05-17T15:11:55.402+02:00 DEBUG 4684 --- [clothlogix] [           main] org.hibernate.orm.results.graph.AST      : DomainResult Graph:
 \-CollectionDomainResult [com.fabless.clothlogix.model.entities.ProfiloEntity.utenti]

2024-05-17T15:11:55.402+02:00 TRACE 4684 --- [clothlogix] [           main] org.hibernate.orm.results.graph.AST      : Stack trace calling DomainResultGraphPrinter

java.lang.Exception: null
	at org.hibernate.sql.results.graph.DomainResultGraphPrinter.visitDomainResults(DomainResultGraphPrinter.java:70) ~[hibernate-core-6.4.4.Final.jar:6.4.4.Final]
	at org.hibernate.sql.results.graph.DomainResultGraphPrinter.logDomainResultGraph(DomainResultGraphPrinter.java:46) ~[hibernate-core-6.4.4.Final.jar:6.4.4.Final]
	at org.hibernate.sql.results.graph.DomainResultGraphPrinter.logDomainResultGraph(DomainResultGraphPrinter.java:37) ~[hibernate-core-6.4.4.Final.jar:6.4.4.Final]
	at org.hibernate.sql.ast.spi.AbstractSqlAstTranslator.translateSelect(AbstractSqlAstTranslator.java:858) ~[hibernate-core-6.4.4.Final.jar:6.4.4.Final]
	at org.hibernate.sql.ast.spi.AbstractSqlAstTranslator.translate(AbstractSqlAstTranslator.java:811) ~[hibernate-core-6.4.4.Final.jar:6.4.4.Final]
	at org.hibernate.loader.ast.internal.CollectionLoaderSingleKey.<init>(CollectionLoaderSingleKey.java:78) ~[hibernate-core-6.4.4.Final.jar:6.4.4.Final]
	at org.hibernate.persister.collection.AbstractCollectionPersister.createSingleKeyCollectionLoader(AbstractCollectionPersister.java:791) ~[hibernate-core-6.4.4.Final.jar:6.4.4.Final]
	at org.hibernate.persister.collection.AbstractCollectionPersister.createNamedQueryCollectionLoader(AbstractCollectionPersister.java:776) ~[hibernate-core-6.4.4.Final.jar:6.4.4.Final]
	at org.hibernate.persister.collection.AbstractCollectionPersister.postInstantiate(AbstractCollectionPersister.java:619) ~[hibernate-core-6.4.4.Final.jar:6.4.4.Final]
	at java.base/java.util.concurrent.ConcurrentHashMap$ValuesView.forEach(ConcurrentHashMap.java:4783) ~[na:na]
	at org.hibernate.metamodel.model.domain.internal.MappingMetamodelImpl.finishInitialization(MappingMetamodelImpl.java:209) ~[hibernate-core-6.4.4.Final.jar:6.4.4.Final]
	at org.hibernate.internal.SessionFactoryImpl.initializeMappingModel(SessionFactoryImpl.java:364) ~[hibernate-core-6.4.4.Final.jar:6.4.4.Final]
	at org.hibernate.internal.SessionFactoryImpl.<init>(SessionFactoryImpl.java:293) ~[hibernate-core-6.4.4.Final.jar:6.4.4.Final]
	at org.hibernate.boot.internal.SessionFactoryBuilderImpl.build(SessionFactoryBuilderImpl.java:450) ~[hibernate-core-6.4.4.Final.jar:6.4.4.Final]
	at org.hibernate.jpa.boot.internal.EntityManagerFactoryBuilderImpl.build(EntityManagerFactoryBuilderImpl.java:1507) ~[hibernate-core-6.4.4.Final.jar:6.4.4.Final]
	at org.springframework.orm.jpa.vendor.SpringHibernateJpaPersistenceProvider.createContainerEntityManagerFactory(SpringHibernateJpaPersistenceProvider.java:75) ~[spring-orm-6.1.6.jar:6.1.6]
	at org.springframework.orm.jpa.LocalContainerEntityManagerFactoryBean.createNativeEntityManagerFactory(LocalContainerEntityManagerFactoryBean.java:390) ~[spring-orm-6.1.6.jar:6.1.6]
	at org.springframework.orm.jpa.AbstractEntityManagerFactoryBean.buildNativeEntityManagerFactory(AbstractEntityManagerFactoryBean.java:409) ~[spring-orm-6.1.6.jar:6.1.6]
	at org.springframework.orm.jpa.AbstractEntityManagerFactoryBean.afterPropertiesSet(AbstractEntityManagerFactoryBean.java:396) ~[spring-orm-6.1.6.jar:6.1.6]
	at org.springframework.orm.jpa.LocalContainerEntityManagerFactoryBean.afterPropertiesSet(LocalContainerEntityManagerFactoryBean.java:366) ~[spring-orm-6.1.6.jar:6.1.6]
	at org.springframework.beans.factory.support.AbstractAutowireCapableBeanFactory.invokeInitMethods(AbstractAutowireCapableBeanFactory.java:1833) ~[spring-beans-6.1.6.jar:6.1.6]
	at org.springframework.beans.factory.support.AbstractAutowireCapableBeanFactory.initializeBean(AbstractAutowireCapableBeanFactory.java:1782) ~[spring-beans-6.1.6.jar:6.1.6]
	at org.springframework.beans.factory.support.AbstractAutowireCapableBeanFactory.doCreateBean(AbstractAutowireCapableBeanFactory.java:600) ~[spring-beans-6.1.6.jar:6.1.6]
	at org.springframework.beans.factory.support.AbstractAutowireCapableBeanFactory.createBean(AbstractAutowireCapableBeanFactory.java:522) ~[spring-beans-6.1.6.jar:6.1.6]
	at org.springframework.beans.factory.support.AbstractBeanFactory.lambda$doGetBean$0(AbstractBeanFactory.java:326) ~[spring-beans-6.1.6.jar:6.1.6]
	at org.springframework.beans.factory.support.DefaultSingletonBeanRegistry.getSingleton(DefaultSingletonBeanRegistry.java:234) ~[spring-beans-6.1.6.jar:6.1.6]
	at org.springframework.beans.factory.support.AbstractBeanFactory.doGetBean(AbstractBeanFactory.java:324) ~[spring-beans-6.1.6.jar:6.1.6]
	at org.springframework.beans.factory.support.AbstractBeanFactory.getBean(AbstractBeanFactory.java:200) ~[spring-beans-6.1.6.jar:6.1.6]
	at org.springframework.context.support.AbstractApplicationContext.getBean(AbstractApplicationContext.java:1234) ~[spring-context-6.1.6.jar:6.1.6]
	at org.springframework.context.support.AbstractApplicationContext.finishBeanFactoryInitialization(AbstractApplicationContext.java:952) ~[spring-context-6.1.6.jar:6.1.6]
	at org.springframework.context.support.AbstractApplicationContext.refresh(AbstractApplicationContext.java:624) ~[spring-context-6.1.6.jar:6.1.6]
	at org.springframework.boot.SpringApplication.refresh(SpringApplication.java:754) ~[spring-boot-3.2.5.jar:3.2.5]
	at org.springframework.boot.SpringApplication.refreshContext(SpringApplication.java:456) ~[spring-boot-3.2.5.jar:3.2.5]
	at org.springframework.boot.SpringApplication.run(SpringApplication.java:334) ~[spring-boot-3.2.5.jar:3.2.5]
	at org.springframework.boot.test.context.SpringBootContextLoader.lambda$loadContext$3(SpringBootContextLoader.java:137) ~[spring-boot-test-3.2.5.jar:3.2.5]
	at org.springframework.util.function.ThrowingSupplier.get(ThrowingSupplier.java:58) ~[spring-core-6.1.6.jar:6.1.6]
	at org.springframework.util.function.ThrowingSupplier.get(ThrowingSupplier.java:46) ~[spring-core-6.1.6.jar:6.1.6]
	at org.springframework.boot.SpringApplication.withHook(SpringApplication.java:1454) ~[spring-boot-3.2.5.jar:3.2.5]
	at org.springframework.boot.test.context.SpringBootContextLoader$ContextLoaderHook.run(SpringBootContextLoader.java:553) ~[spring-boot-test-3.2.5.jar:3.2.5]
	at org.springframework.boot.test.context.SpringBootContextLoader.loadContext(SpringBootContextLoader.java:137) ~[spring-boot-test-3.2.5.jar:3.2.5]
	at org.springframework.boot.test.context.SpringBootContextLoader.loadContext(SpringBootContextLoader.java:108) ~[spring-boot-test-3.2.5.jar:3.2.5]
	at org.springframework.test.context.cache.DefaultCacheAwareContextLoaderDelegate.loadContextInternal(DefaultCacheAwareContextLoaderDelegate.java:225) ~[spring-test-6.1.6.jar:6.1.6]
	at org.springframework.test.context.cache.DefaultCacheAwareContextLoaderDelegate.loadContext(DefaultCacheAwareContextLoaderDelegate.java:152) ~[spring-test-6.1.6.jar:6.1.6]
	at org.springframework.test.context.support.DefaultTestContext.getApplicationContext(DefaultTestContext.java:130) ~[spring-test-6.1.6.jar:6.1.6]
	at org.springframework.test.context.web.ServletTestExecutionListener.setUpRequestContextIfNecessary(ServletTestExecutionListener.java:191) ~[spring-test-6.1.6.jar:6.1.6]
	at org.springframework.test.context.web.ServletTestExecutionListener.prepareTestInstance(ServletTestExecutionListener.java:130) ~[spring-test-6.1.6.jar:6.1.6]
	at org.springframework.test.context.TestContextManager.prepareTestInstance(TestContextManager.java:260) ~[spring-test-6.1.6.jar:6.1.6]
	at org.springframework.test.context.junit.jupiter.SpringExtension.postProcessTestInstance(SpringExtension.java:163) ~[spring-test-6.1.6.jar:6.1.6]
	at org.junit.jupiter.engine.descriptor.ClassBasedTestDescriptor.lambda$invokeTestInstancePostProcessors$10(ClassBasedTestDescriptor.java:378) ~[junit-jupiter-engine-5.10.2.jar:5.10.2]
	at org.junit.jupiter.engine.descriptor.ClassBasedTestDescriptor.executeAndMaskThrowable(ClassBasedTestDescriptor.java:383) ~[junit-jupiter-engine-5.10.2.jar:5.10.2]
	at org.junit.jupiter.engine.descriptor.ClassBasedTestDescriptor.lambda$invokeTestInstancePostProcessors$11(ClassBasedTestDescriptor.java:378) ~[junit-jupiter-engine-5.10.2.jar:5.10.2]
	at java.base/java.util.stream.ReferencePipeline$3$1.accept(ReferencePipeline.java:197) ~[na:na]
	at java.base/java.util.stream.ReferencePipeline$2$1.accept(ReferencePipeline.java:179) ~[na:na]
	at java.base/java.util.ArrayList$ArrayListSpliterator.forEachRemaining(ArrayList.java:1625) ~[na:na]
	at java.base/java.util.stream.AbstractPipeline.copyInto(AbstractPipeline.java:509) ~[na:na]
	at java.base/java.util.stream.AbstractPipeline.wrapAndCopyInto(AbstractPipeline.java:499) ~[na:na]
	at java.base/java.util.stream.StreamSpliterators$WrappingSpliterator.forEachRemaining(StreamSpliterators.java:310) ~[na:na]
	at java.base/java.util.stream.Streams$ConcatSpliterator.forEachRemaining(Streams.java:735) ~[na:na]
	at java.base/java.util.stream.Streams$ConcatSpliterator.forEachRemaining(Streams.java:734) ~[na:na]
	at java.base/java.util.stream.ReferencePipeline$Head.forEach(ReferencePipeline.java:762) ~[na:na]
	at org.junit.jupiter.engine.descriptor.ClassBasedTestDescriptor.invokeTestInstancePostProcessors(ClassBasedTestDescriptor.java:377) ~[junit-jupiter-engine-5.10.2.jar:5.10.2]
	at org.junit.jupiter.engine.descriptor.ClassBasedTestDescriptor.lambda$instantiateAndPostProcessTestInstance$6(ClassBasedTestDescriptor.java:290) ~[junit-jupiter-engine-5.10.2.jar:5.10.2]
	at org.junit.platform.engine.support.hierarchical.ThrowableCollector.execute(ThrowableCollector.java:73) ~[junit-platform-engine-1.10.2.jar:1.10.2]
	at org.junit.jupiter.engine.descriptor.ClassBasedTestDescriptor.instantiateAndPostProcessTestInstance(ClassBasedTestDescriptor.java:289) ~[junit-jupiter-engine-5.10.2.jar:5.10.2]
	at org.junit.jupiter.engine.descriptor.ClassBasedTestDescriptor.lambda$testInstancesProvider$4(ClassBasedTestDescriptor.java:279) ~[junit-jupiter-engine-5.10.2.jar:5.10.2]
	at java.base/java.util.Optional.orElseGet(Optional.java:364) ~[na:na]
	at org.junit.jupiter.engine.descriptor.ClassBasedTestDescriptor.lambda$testInstancesProvider$5(ClassBasedTestDescriptor.java:278) ~[junit-jupiter-engine-5.10.2.jar:5.10.2]
	at org.junit.jupiter.engine.execution.TestInstancesProvider.getTestInstances(TestInstancesProvider.java:31) ~[junit-jupiter-engine-5.10.2.jar:5.10.2]
	at org.junit.jupiter.engine.descriptor.TestMethodTestDescriptor.lambda$prepare$0(TestMethodTestDescriptor.java:106) ~[junit-jupiter-engine-5.10.2.jar:5.10.2]
	at org.junit.platform.engine.support.hierarchical.ThrowableCollector.execute(ThrowableCollector.java:73) ~[junit-platform-engine-1.10.2.jar:1.10.2]
	at org.junit.jupiter.engine.descriptor.TestMethodTestDescriptor.prepare(TestMethodTestDescriptor.java:105) ~[junit-jupiter-engine-5.10.2.jar:5.10.2]
	at org.junit.jupiter.engine.descriptor.TestMethodTestDescriptor.prepare(TestMethodTestDescriptor.java:69) ~[junit-jupiter-engine-5.10.2.jar:5.10.2]
	at org.junit.platform.engine.support.hierarchical.NodeTestTask.lambda$prepare$2(NodeTestTask.java:123) ~[junit-platform-engine-1.10.2.jar:1.10.2]
	at org.junit.platform.engine.support.hierarchical.ThrowableCollector.execute(ThrowableCollector.java:73) ~[junit-platform-engine-1.10.2.jar:1.10.2]
	at org.junit.platform.engine.support.hierarchical.NodeTestTask.prepare(NodeTestTask.java:123) ~[junit-platform-engine-1.10.2.jar:1.10.2]
	at org.junit.platform.engine.support.hierarchical.NodeTestTask.execute(NodeTestTask.java:90) ~[junit-platform-engine-1.10.2.jar:1.10.2]
	at java.base/java.util.ArrayList.forEach(ArrayList.java:1511) ~[na:na]
	at org.junit.platform.engine.support.hierarchical.SameThreadHierarchicalTestExecutorService.invokeAll(SameThreadHierarchicalTestExecutorService.java:41) ~[junit-platform-engine-1.10.2.jar:1.10.2]
	at org.junit.platform.engine.support.hierarchical.NodeTestTask.lambda$executeRecursively$6(NodeTestTask.java:155) ~[junit-platform-engine-1.10.2.jar:1.10.2]
	at org.junit.platform.engine.support.hierarchical.ThrowableCollector.execute(ThrowableCollector.java:73) ~[junit-platform-engine-1.10.2.jar:1.10.2]
	at org.junit.platform.engine.support.hierarchical.NodeTestTask.lambda$executeRecursively$8(NodeTestTask.java:141) ~[junit-platform-engine-1.10.2.jar:1.10.2]
	at org.junit.platform.engine.support.hierarchical.Node.around(Node.java:137) ~[junit-platform-engine-1.10.2.jar:1.10.2]
	at org.junit.platform.engine.support.hierarchical.NodeTestTask.lambda$executeRecursively$9(NodeTestTask.java:139) ~[junit-platform-engine-1.10.2.jar:1.10.2]
	at org.junit.platform.engine.support.hierarchical.ThrowableCollector.execute(ThrowableCollector.java:73) ~[junit-platform-engine-1.10.2.jar:1.10.2]
	at org.junit.platform.engine.support.hierarchical.NodeTestTask.executeRecursively(NodeTestTask.java:138) ~[junit-platform-engine-1.10.2.jar:1.10.2]
	at org.junit.platform.engine.support.hierarchical.NodeTestTask.execute(NodeTestTask.java:95) ~[junit-platform-engine-1.10.2.jar:1.10.2]
	at java.base/java.util.ArrayList.forEach(ArrayList.java:1511) ~[na:na]
	at org.junit.platform.engine.support.hierarchical.SameThreadHierarchicalTestExecutorService.invokeAll(SameThreadHierarchicalTestExecutorService.java:41) ~[junit-platform-engine-1.10.2.jar:1.10.2]
	at org.junit.platform.engine.support.hierarchical.NodeTestTask.lambda$executeRecursively$6(NodeTestTask.java:155) ~[junit-platform-engine-1.10.2.jar:1.10.2]
	at org.junit.platform.engine.support.hierarchical.ThrowableCollector.execute(ThrowableCollector.java:73) ~[junit-platform-engine-1.10.2.jar:1.10.2]
	at org.junit.platform.engine.support.hierarchical.NodeTestTask.lambda$executeRecursively$8(NodeTestTask.java:141) ~[junit-platform-engine-1.10.2.jar:1.10.2]
	at org.junit.platform.engine.support.hierarchical.Node.around(Node.java:137) ~[junit-platform-engine-1.10.2.jar:1.10.2]
	at org.junit.platform.engine.support.hierarchical.NodeTestTask.lambda$executeRecursively$9(NodeTestTask.java:139) ~[junit-platform-engine-1.10.2.jar:1.10.2]
	at org.junit.platform.engine.support.hierarchical.ThrowableCollector.execute(ThrowableCollector.java:73) ~[junit-platform-engine-1.10.2.jar:1.10.2]
	at org.junit.platform.engine.support.hierarchical.NodeTestTask.executeRecursively(NodeTestTask.java:138) ~[junit-platform-engine-1.10.2.jar:1.10.2]
	at org.junit.platform.engine.support.hierarchical.NodeTestTask.execute(NodeTestTask.java:95) ~[junit-platform-engine-1.10.2.jar:1.10.2]
	at org.junit.platform.engine.support.hierarchical.SameThreadHierarchicalTestExecutorService.submit(SameThreadHierarchicalTestExecutorService.java:35) ~[junit-platform-engine-1.10.2.jar:1.10.2]
	at org.junit.platform.engine.support.hierarchical.HierarchicalTestExecutor.execute(HierarchicalTestExecutor.java:57) ~[junit-platform-engine-1.10.2.jar:1.10.2]
	at org.junit.platform.engine.support.hierarchical.HierarchicalTestEngine.execute(HierarchicalTestEngine.java:54) ~[junit-platform-engine-1.10.2.jar:1.10.2]
	at org.junit.platform.launcher.core.EngineExecutionOrchestrator.execute(EngineExecutionOrchestrator.java:198) ~[junit-platform-launcher-1.10.2.jar:1.10.2]
	at org.junit.platform.launcher.core.EngineExecutionOrchestrator.execute(EngineExecutionOrchestrator.java:169) ~[junit-platform-launcher-1.10.2.jar:1.10.2]
	at org.junit.platform.launcher.core.EngineExecutionOrchestrator.execute(EngineExecutionOrchestrator.java:93) ~[junit-platform-launcher-1.10.2.jar:1.10.2]
	at org.junit.platform.launcher.core.EngineExecutionOrchestrator.lambda$execute$0(EngineExecutionOrchestrator.java:58) ~[junit-platform-launcher-1.10.2.jar:1.10.2]
	at org.junit.platform.launcher.core.EngineExecutionOrchestrator.withInterceptedStreams(EngineExecutionOrchestrator.java:141) ~[junit-platform-launcher-1.10.2.jar:1.10.2]
	at org.junit.platform.launcher.core.EngineExecutionOrchestrator.execute(EngineExecutionOrchestrator.java:57) ~[junit-platform-launcher-1.10.2.jar:1.10.2]
	at org.junit.platform.launcher.core.DefaultLauncher.execute(DefaultLauncher.java:103) ~[junit-platform-launcher-1.10.2.jar:1.10.2]
	at org.junit.platform.launcher.core.DefaultLauncher.execute(DefaultLauncher.java:85) ~[junit-platform-launcher-1.10.2.jar:1.10.2]
	at org.junit.platform.launcher.core.DelegatingLauncher.execute(DelegatingLauncher.java:47) ~[junit-platform-launcher-1.10.2.jar:1.10.2]
	at org.apache.maven.surefire.junitplatform.LazyLauncher.execute(LazyLauncher.java:56) ~[surefire-junit-platform-3.1.2.jar:3.1.2]
	at org.apache.maven.surefire.junitplatform.JUnitPlatformProvider.execute(JUnitPlatformProvider.java:184) ~[surefire-junit-platform-3.1.2.jar:3.1.2]
	at org.apache.maven.surefire.junitplatform.JUnitPlatformProvider.invokeAllTests(JUnitPlatformProvider.java:148) ~[surefire-junit-platform-3.1.2.jar:3.1.2]
	at org.apache.maven.surefire.junitplatform.JUnitPlatformProvider.invoke(JUnitPlatformProvider.java:122) ~[surefire-junit-platform-3.1.2.jar:3.1.2]
	at org.apache.maven.surefire.booter.ForkedBooter.runSuitesInProcess(ForkedBooter.java:385) ~[surefire-booter-3.1.2.jar:3.1.2]
	at org.apache.maven.surefire.booter.ForkedBooter.execute(ForkedBooter.java:162) ~[surefire-booter-3.1.2.jar:3.1.2]
	at org.apache.maven.surefire.booter.ForkedBooter.run(ForkedBooter.java:507) ~[surefire-booter-3.1.2.jar:3.1.2]
	at org.apache.maven.surefire.booter.ForkedBooter.main(ForkedBooter.java:495) ~[surefire-booter-3.1.2.jar:3.1.2]

2024-05-17T15:11:55.402+02:00 DEBUG 4684 --- [clothlogix] [           main] org.hibernate.orm.sql.ast.tree           : SQL AST Tree:
    SelectStatement {
      FromClause {
        OneToManyTableGroup (u1 : com.fabless.clothlogix.model.entities.ProfiloEntity.utenti) {
          primaryTableReference : utente as u1_0
          TableGroupJoins {
            left  join LazyTableGroup (l1 : com.fabless.clothlogix.model.entities.ProfiloEntity.utenti.{element}.login) {
              primaryTableReference : login as l1_0
            }
          }
        }
      }
    }

2024-05-17T15:11:55.402+02:00 DEBUG 4684 --- [clothlogix] [           main] org.hibernate.orm.jdbc.mutation          : Static SQL for collection: com.fabless.clothlogix.model.entities.ProfiloEntity.utenti
2024-05-17T15:11:55.402+02:00 DEBUG 4684 --- [clothlogix] [           main] org.hibernate.orm.jdbc.mutation          :  Row insert: update utente set id_utenti=? where id=?
2024-05-17T15:11:55.402+02:00 DEBUG 4684 --- [clothlogix] [           main] org.hibernate.orm.jdbc.mutation          :  Row delete: update utente set id_utenti=null where id_utenti=? and id=?
2024-05-17T15:11:55.402+02:00 TRACE 4684 --- [clothlogix] [           main] org.hibernate.orm.jdbc.mutation          : Starting RemoveCoordinator#buildOperationGroup - com.fabless.clothlogix.model.entities.ProfiloEntity.utenti
2024-05-17T15:11:55.402+02:00 DEBUG 4684 --- [clothlogix] [           main] org.hibernate.orm.jdbc.mutation          :  One-shot delete: update utente set id_utenti=null where id_utenti=?
2024-05-17T15:11:55.402+02:00 DEBUG 4684 --- [clothlogix] [           main] org.hibernate.orm.sql.ast.create         : Created new SQL alias : p1_0
2024-05-17T15:11:55.402+02:00 DEBUG 4684 --- [clothlogix] [           main] org.hibernate.orm.sql.ast.create         : Registration of TableGroup [CollectionTableGroup(com.fabless.clothlogix.model.entities.ColoreEntity.prodotti)] with identifierForTableGroup [com.fabless.clothlogix.model.entities.ColoreEntity.prodotti] for NavigablePath [com.fabless.clothlogix.model.entities.ColoreEntity.prodotti] 
2024-05-17T15:11:55.402+02:00 DEBUG 4684 --- [clothlogix] [           main] org.hibernate.orm.sql.ast.create         : Registration of TableGroup [org.hibernate.sql.ast.tree.from.LazyTableGroup@1d686622] with identifierForTableGroup [com.fabless.clothlogix.model.entities.ColoreEntity.prodotti.{element}] for NavigablePath [com.fabless.clothlogix.model.entities.ColoreEntity.prodotti.{element}] 
2024-05-17T15:11:55.402+02:00 DEBUG 4684 --- [clothlogix] [           main] org.hibernate.orm.sql.ast.create         : Created new SQL alias : p1_1
2024-05-17T15:11:55.402+02:00 TRACE 4684 --- [clothlogix] [           main] o.h.l.ast.internal.LoaderSelectBuilder   : Starting visitation of FetchParent's Fetchables : com.fabless.clothlogix.model.entities.ColoreEntity.prodotti.{element}
2024-05-17T15:11:55.402+02:00 DEBUG 4684 --- [clothlogix] [           main] org.hibernate.orm.sql.ast.create         : Registration of TableGroup [org.hibernate.sql.ast.tree.from.LazyTableGroup@400df2b3] with identifierForTableGroup [com.fabless.clothlogix.model.entities.ColoreEntity.prodotti.{element}.sezioni] for NavigablePath [com.fabless.clothlogix.model.entities.ColoreEntity.prodotti.{element}.sezioni] 
2024-05-17T15:11:55.402+02:00 DEBUG 4684 --- [clothlogix] [           main] org.hibernate.orm.sql.ast.create         : Created new SQL alias : s1_0
2024-05-17T15:11:55.402+02:00 TRACE 4684 --- [clothlogix] [           main] o.h.l.ast.internal.LoaderSelectBuilder   : Starting visitation of FetchParent's Fetchables : com.fabless.clothlogix.model.entities.ColoreEntity.prodotti.{element}.sezioni
2024-05-17T15:11:55.402+02:00 DEBUG 4684 --- [clothlogix] [           main] org.hibernate.orm.results.graph.AST      : DomainResult Graph:
 \-CollectionDomainResult [com.fabless.clothlogix.model.entities.ColoreEntity.prodotti]

2024-05-17T15:11:55.402+02:00 TRACE 4684 --- [clothlogix] [           main] org.hibernate.orm.results.graph.AST      : Stack trace calling DomainResultGraphPrinter

java.lang.Exception: null
	at org.hibernate.sql.results.graph.DomainResultGraphPrinter.visitDomainResults(DomainResultGraphPrinter.java:70) ~[hibernate-core-6.4.4.Final.jar:6.4.4.Final]
	at org.hibernate.sql.results.graph.DomainResultGraphPrinter.logDomainResultGraph(DomainResultGraphPrinter.java:46) ~[hibernate-core-6.4.4.Final.jar:6.4.4.Final]
	at org.hibernate.sql.results.graph.DomainResultGraphPrinter.logDomainResultGraph(DomainResultGraphPrinter.java:37) ~[hibernate-core-6.4.4.Final.jar:6.4.4.Final]
	at org.hibernate.sql.ast.spi.AbstractSqlAstTranslator.translateSelect(AbstractSqlAstTranslator.java:858) ~[hibernate-core-6.4.4.Final.jar:6.4.4.Final]
	at org.hibernate.sql.ast.spi.AbstractSqlAstTranslator.translate(AbstractSqlAstTranslator.java:811) ~[hibernate-core-6.4.4.Final.jar:6.4.4.Final]
	at org.hibernate.loader.ast.internal.CollectionLoaderSingleKey.<init>(CollectionLoaderSingleKey.java:78) ~[hibernate-core-6.4.4.Final.jar:6.4.4.Final]
	at org.hibernate.persister.collection.AbstractCollectionPersister.createSingleKeyCollectionLoader(AbstractCollectionPersister.java:791) ~[hibernate-core-6.4.4.Final.jar:6.4.4.Final]
	at org.hibernate.persister.collection.AbstractCollectionPersister.createNamedQueryCollectionLoader(AbstractCollectionPersister.java:776) ~[hibernate-core-6.4.4.Final.jar:6.4.4.Final]
	at org.hibernate.persister.collection.AbstractCollectionPersister.postInstantiate(AbstractCollectionPersister.java:619) ~[hibernate-core-6.4.4.Final.jar:6.4.4.Final]
	at java.base/java.util.concurrent.ConcurrentHashMap$ValuesView.forEach(ConcurrentHashMap.java:4783) ~[na:na]
	at org.hibernate.metamodel.model.domain.internal.MappingMetamodelImpl.finishInitialization(MappingMetamodelImpl.java:209) ~[hibernate-core-6.4.4.Final.jar:6.4.4.Final]
	at org.hibernate.internal.SessionFactoryImpl.initializeMappingModel(SessionFactoryImpl.java:364) ~[hibernate-core-6.4.4.Final.jar:6.4.4.Final]
	at org.hibernate.internal.SessionFactoryImpl.<init>(SessionFactoryImpl.java:293) ~[hibernate-core-6.4.4.Final.jar:6.4.4.Final]
	at org.hibernate.boot.internal.SessionFactoryBuilderImpl.build(SessionFactoryBuilderImpl.java:450) ~[hibernate-core-6.4.4.Final.jar:6.4.4.Final]
	at org.hibernate.jpa.boot.internal.EntityManagerFactoryBuilderImpl.build(EntityManagerFactoryBuilderImpl.java:1507) ~[hibernate-core-6.4.4.Final.jar:6.4.4.Final]
	at org.springframework.orm.jpa.vendor.SpringHibernateJpaPersistenceProvider.createContainerEntityManagerFactory(SpringHibernateJpaPersistenceProvider.java:75) ~[spring-orm-6.1.6.jar:6.1.6]
	at org.springframework.orm.jpa.LocalContainerEntityManagerFactoryBean.createNativeEntityManagerFactory(LocalContainerEntityManagerFactoryBean.java:390) ~[spring-orm-6.1.6.jar:6.1.6]
	at org.springframework.orm.jpa.AbstractEntityManagerFactoryBean.buildNativeEntityManagerFactory(AbstractEntityManagerFactoryBean.java:409) ~[spring-orm-6.1.6.jar:6.1.6]
	at org.springframework.orm.jpa.AbstractEntityManagerFactoryBean.afterPropertiesSet(AbstractEntityManagerFactoryBean.java:396) ~[spring-orm-6.1.6.jar:6.1.6]
	at org.springframework.orm.jpa.LocalContainerEntityManagerFactoryBean.afterPropertiesSet(LocalContainerEntityManagerFactoryBean.java:366) ~[spring-orm-6.1.6.jar:6.1.6]
	at org.springframework.beans.factory.support.AbstractAutowireCapableBeanFactory.invokeInitMethods(AbstractAutowireCapableBeanFactory.java:1833) ~[spring-beans-6.1.6.jar:6.1.6]
	at org.springframework.beans.factory.support.AbstractAutowireCapableBeanFactory.initializeBean(AbstractAutowireCapableBeanFactory.java:1782) ~[spring-beans-6.1.6.jar:6.1.6]
	at org.springframework.beans.factory.support.AbstractAutowireCapableBeanFactory.doCreateBean(AbstractAutowireCapableBeanFactory.java:600) ~[spring-beans-6.1.6.jar:6.1.6]
	at org.springframework.beans.factory.support.AbstractAutowireCapableBeanFactory.createBean(AbstractAutowireCapableBeanFactory.java:522) ~[spring-beans-6.1.6.jar:6.1.6]
	at org.springframework.beans.factory.support.AbstractBeanFactory.lambda$doGetBean$0(AbstractBeanFactory.java:326) ~[spring-beans-6.1.6.jar:6.1.6]
	at org.springframework.beans.factory.support.DefaultSingletonBeanRegistry.getSingleton(DefaultSingletonBeanRegistry.java:234) ~[spring-beans-6.1.6.jar:6.1.6]
	at org.springframework.beans.factory.support.AbstractBeanFactory.doGetBean(AbstractBeanFactory.java:324) ~[spring-beans-6.1.6.jar:6.1.6]
	at org.springframework.beans.factory.support.AbstractBeanFactory.getBean(AbstractBeanFactory.java:200) ~[spring-beans-6.1.6.jar:6.1.6]
	at org.springframework.context.support.AbstractApplicationContext.getBean(AbstractApplicationContext.java:1234) ~[spring-context-6.1.6.jar:6.1.6]
	at org.springframework.context.support.AbstractApplicationContext.finishBeanFactoryInitialization(AbstractApplicationContext.java:952) ~[spring-context-6.1.6.jar:6.1.6]
	at org.springframework.context.support.AbstractApplicationContext.refresh(AbstractApplicationContext.java:624) ~[spring-context-6.1.6.jar:6.1.6]
	at org.springframework.boot.SpringApplication.refresh(SpringApplication.java:754) ~[spring-boot-3.2.5.jar:3.2.5]
	at org.springframework.boot.SpringApplication.refreshContext(SpringApplication.java:456) ~[spring-boot-3.2.5.jar:3.2.5]
	at org.springframework.boot.SpringApplication.run(SpringApplication.java:334) ~[spring-boot-3.2.5.jar:3.2.5]
	at org.springframework.boot.test.context.SpringBootContextLoader.lambda$loadContext$3(SpringBootContextLoader.java:137) ~[spring-boot-test-3.2.5.jar:3.2.5]
	at org.springframework.util.function.ThrowingSupplier.get(ThrowingSupplier.java:58) ~[spring-core-6.1.6.jar:6.1.6]
	at org.springframework.util.function.ThrowingSupplier.get(ThrowingSupplier.java:46) ~[spring-core-6.1.6.jar:6.1.6]
	at org.springframework.boot.SpringApplication.withHook(SpringApplication.java:1454) ~[spring-boot-3.2.5.jar:3.2.5]
	at org.springframework.boot.test.context.SpringBootContextLoader$ContextLoaderHook.run(SpringBootContextLoader.java:553) ~[spring-boot-test-3.2.5.jar:3.2.5]
	at org.springframework.boot.test.context.SpringBootContextLoader.loadContext(SpringBootContextLoader.java:137) ~[spring-boot-test-3.2.5.jar:3.2.5]
	at org.springframework.boot.test.context.SpringBootContextLoader.loadContext(SpringBootContextLoader.java:108) ~[spring-boot-test-3.2.5.jar:3.2.5]
	at org.springframework.test.context.cache.DefaultCacheAwareContextLoaderDelegate.loadContextInternal(DefaultCacheAwareContextLoaderDelegate.java:225) ~[spring-test-6.1.6.jar:6.1.6]
	at org.springframework.test.context.cache.DefaultCacheAwareContextLoaderDelegate.loadContext(DefaultCacheAwareContextLoaderDelegate.java:152) ~[spring-test-6.1.6.jar:6.1.6]
	at org.springframework.test.context.support.DefaultTestContext.getApplicationContext(DefaultTestContext.java:130) ~[spring-test-6.1.6.jar:6.1.6]
	at org.springframework.test.context.web.ServletTestExecutionListener.setUpRequestContextIfNecessary(ServletTestExecutionListener.java:191) ~[spring-test-6.1.6.jar:6.1.6]
	at org.springframework.test.context.web.ServletTestExecutionListener.prepareTestInstance(ServletTestExecutionListener.java:130) ~[spring-test-6.1.6.jar:6.1.6]
	at org.springframework.test.context.TestContextManager.prepareTestInstance(TestContextManager.java:260) ~[spring-test-6.1.6.jar:6.1.6]
	at org.springframework.test.context.junit.jupiter.SpringExtension.postProcessTestInstance(SpringExtension.java:163) ~[spring-test-6.1.6.jar:6.1.6]
	at org.junit.jupiter.engine.descriptor.ClassBasedTestDescriptor.lambda$invokeTestInstancePostProcessors$10(ClassBasedTestDescriptor.java:378) ~[junit-jupiter-engine-5.10.2.jar:5.10.2]
	at org.junit.jupiter.engine.descriptor.ClassBasedTestDescriptor.executeAndMaskThrowable(ClassBasedTestDescriptor.java:383) ~[junit-jupiter-engine-5.10.2.jar:5.10.2]
	at org.junit.jupiter.engine.descriptor.ClassBasedTestDescriptor.lambda$invokeTestInstancePostProcessors$11(ClassBasedTestDescriptor.java:378) ~[junit-jupiter-engine-5.10.2.jar:5.10.2]
	at java.base/java.util.stream.ReferencePipeline$3$1.accept(ReferencePipeline.java:197) ~[na:na]
	at java.base/java.util.stream.ReferencePipeline$2$1.accept(ReferencePipeline.java:179) ~[na:na]
	at java.base/java.util.ArrayList$ArrayListSpliterator.forEachRemaining(ArrayList.java:1625) ~[na:na]
	at java.base/java.util.stream.AbstractPipeline.copyInto(AbstractPipeline.java:509) ~[na:na]
	at java.base/java.util.stream.AbstractPipeline.wrapAndCopyInto(AbstractPipeline.java:499) ~[na:na]
	at java.base/java.util.stream.StreamSpliterators$WrappingSpliterator.forEachRemaining(StreamSpliterators.java:310) ~[na:na]
	at java.base/java.util.stream.Streams$ConcatSpliterator.forEachRemaining(Streams.java:735) ~[na:na]
	at java.base/java.util.stream.Streams$ConcatSpliterator.forEachRemaining(Streams.java:734) ~[na:na]
	at java.base/java.util.stream.ReferencePipeline$Head.forEach(ReferencePipeline.java:762) ~[na:na]
	at org.junit.jupiter.engine.descriptor.ClassBasedTestDescriptor.invokeTestInstancePostProcessors(ClassBasedTestDescriptor.java:377) ~[junit-jupiter-engine-5.10.2.jar:5.10.2]
	at org.junit.jupiter.engine.descriptor.ClassBasedTestDescriptor.lambda$instantiateAndPostProcessTestInstance$6(ClassBasedTestDescriptor.java:290) ~[junit-jupiter-engine-5.10.2.jar:5.10.2]
	at org.junit.platform.engine.support.hierarchical.ThrowableCollector.execute(ThrowableCollector.java:73) ~[junit-platform-engine-1.10.2.jar:1.10.2]
	at org.junit.jupiter.engine.descriptor.ClassBasedTestDescriptor.instantiateAndPostProcessTestInstance(ClassBasedTestDescriptor.java:289) ~[junit-jupiter-engine-5.10.2.jar:5.10.2]
	at org.junit.jupiter.engine.descriptor.ClassBasedTestDescriptor.lambda$testInstancesProvider$4(ClassBasedTestDescriptor.java:279) ~[junit-jupiter-engine-5.10.2.jar:5.10.2]
	at java.base/java.util.Optional.orElseGet(Optional.java:364) ~[na:na]
	at org.junit.jupiter.engine.descriptor.ClassBasedTestDescriptor.lambda$testInstancesProvider$5(ClassBasedTestDescriptor.java:278) ~[junit-jupiter-engine-5.10.2.jar:5.10.2]
	at org.junit.jupiter.engine.execution.TestInstancesProvider.getTestInstances(TestInstancesProvider.java:31) ~[junit-jupiter-engine-5.10.2.jar:5.10.2]
	at org.junit.jupiter.engine.descriptor.TestMethodTestDescriptor.lambda$prepare$0(TestMethodTestDescriptor.java:106) ~[junit-jupiter-engine-5.10.2.jar:5.10.2]
	at org.junit.platform.engine.support.hierarchical.ThrowableCollector.execute(ThrowableCollector.java:73) ~[junit-platform-engine-1.10.2.jar:1.10.2]
	at org.junit.jupiter.engine.descriptor.TestMethodTestDescriptor.prepare(TestMethodTestDescriptor.java:105) ~[junit-jupiter-engine-5.10.2.jar:5.10.2]
	at org.junit.jupiter.engine.descriptor.TestMethodTestDescriptor.prepare(TestMethodTestDescriptor.java:69) ~[junit-jupiter-engine-5.10.2.jar:5.10.2]
	at org.junit.platform.engine.support.hierarchical.NodeTestTask.lambda$prepare$2(NodeTestTask.java:123) ~[junit-platform-engine-1.10.2.jar:1.10.2]
	at org.junit.platform.engine.support.hierarchical.ThrowableCollector.execute(ThrowableCollector.java:73) ~[junit-platform-engine-1.10.2.jar:1.10.2]
	at org.junit.platform.engine.support.hierarchical.NodeTestTask.prepare(NodeTestTask.java:123) ~[junit-platform-engine-1.10.2.jar:1.10.2]
	at org.junit.platform.engine.support.hierarchical.NodeTestTask.execute(NodeTestTask.java:90) ~[junit-platform-engine-1.10.2.jar:1.10.2]
	at java.base/java.util.ArrayList.forEach(ArrayList.java:1511) ~[na:na]
	at org.junit.platform.engine.support.hierarchical.SameThreadHierarchicalTestExecutorService.invokeAll(SameThreadHierarchicalTestExecutorService.java:41) ~[junit-platform-engine-1.10.2.jar:1.10.2]
	at org.junit.platform.engine.support.hierarchical.NodeTestTask.lambda$executeRecursively$6(NodeTestTask.java:155) ~[junit-platform-engine-1.10.2.jar:1.10.2]
	at org.junit.platform.engine.support.hierarchical.ThrowableCollector.execute(ThrowableCollector.java:73) ~[junit-platform-engine-1.10.2.jar:1.10.2]
	at org.junit.platform.engine.support.hierarchical.NodeTestTask.lambda$executeRecursively$8(NodeTestTask.java:141) ~[junit-platform-engine-1.10.2.jar:1.10.2]
	at org.junit.platform.engine.support.hierarchical.Node.around(Node.java:137) ~[junit-platform-engine-1.10.2.jar:1.10.2]
	at org.junit.platform.engine.support.hierarchical.NodeTestTask.lambda$executeRecursively$9(NodeTestTask.java:139) ~[junit-platform-engine-1.10.2.jar:1.10.2]
	at org.junit.platform.engine.support.hierarchical.ThrowableCollector.execute(ThrowableCollector.java:73) ~[junit-platform-engine-1.10.2.jar:1.10.2]
	at org.junit.platform.engine.support.hierarchical.NodeTestTask.executeRecursively(NodeTestTask.java:138) ~[junit-platform-engine-1.10.2.jar:1.10.2]
	at org.junit.platform.engine.support.hierarchical.NodeTestTask.execute(NodeTestTask.java:95) ~[junit-platform-engine-1.10.2.jar:1.10.2]
	at java.base/java.util.ArrayList.forEach(ArrayList.java:1511) ~[na:na]
	at org.junit.platform.engine.support.hierarchical.SameThreadHierarchicalTestExecutorService.invokeAll(SameThreadHierarchicalTestExecutorService.java:41) ~[junit-platform-engine-1.10.2.jar:1.10.2]
	at org.junit.platform.engine.support.hierarchical.NodeTestTask.lambda$executeRecursively$6(NodeTestTask.java:155) ~[junit-platform-engine-1.10.2.jar:1.10.2]
	at org.junit.platform.engine.support.hierarchical.ThrowableCollector.execute(ThrowableCollector.java:73) ~[junit-platform-engine-1.10.2.jar:1.10.2]
	at org.junit.platform.engine.support.hierarchical.NodeTestTask.lambda$executeRecursively$8(NodeTestTask.java:141) ~[junit-platform-engine-1.10.2.jar:1.10.2]
	at org.junit.platform.engine.support.hierarchical.Node.around(Node.java:137) ~[junit-platform-engine-1.10.2.jar:1.10.2]
	at org.junit.platform.engine.support.hierarchical.NodeTestTask.lambda$executeRecursively$9(NodeTestTask.java:139) ~[junit-platform-engine-1.10.2.jar:1.10.2]
	at org.junit.platform.engine.support.hierarchical.ThrowableCollector.execute(ThrowableCollector.java:73) ~[junit-platform-engine-1.10.2.jar:1.10.2]
	at org.junit.platform.engine.support.hierarchical.NodeTestTask.executeRecursively(NodeTestTask.java:138) ~[junit-platform-engine-1.10.2.jar:1.10.2]
	at org.junit.platform.engine.support.hierarchical.NodeTestTask.execute(NodeTestTask.java:95) ~[junit-platform-engine-1.10.2.jar:1.10.2]
	at org.junit.platform.engine.support.hierarchical.SameThreadHierarchicalTestExecutorService.submit(SameThreadHierarchicalTestExecutorService.java:35) ~[junit-platform-engine-1.10.2.jar:1.10.2]
	at org.junit.platform.engine.support.hierarchical.HierarchicalTestExecutor.execute(HierarchicalTestExecutor.java:57) ~[junit-platform-engine-1.10.2.jar:1.10.2]
	at org.junit.platform.engine.support.hierarchical.HierarchicalTestEngine.execute(HierarchicalTestEngine.java:54) ~[junit-platform-engine-1.10.2.jar:1.10.2]
	at org.junit.platform.launcher.core.EngineExecutionOrchestrator.execute(EngineExecutionOrchestrator.java:198) ~[junit-platform-launcher-1.10.2.jar:1.10.2]
	at org.junit.platform.launcher.core.EngineExecutionOrchestrator.execute(EngineExecutionOrchestrator.java:169) ~[junit-platform-launcher-1.10.2.jar:1.10.2]
	at org.junit.platform.launcher.core.EngineExecutionOrchestrator.execute(EngineExecutionOrchestrator.java:93) ~[junit-platform-launcher-1.10.2.jar:1.10.2]
	at org.junit.platform.launcher.core.EngineExecutionOrchestrator.lambda$execute$0(EngineExecutionOrchestrator.java:58) ~[junit-platform-launcher-1.10.2.jar:1.10.2]
	at org.junit.platform.launcher.core.EngineExecutionOrchestrator.withInterceptedStreams(EngineExecutionOrchestrator.java:141) ~[junit-platform-launcher-1.10.2.jar:1.10.2]
	at org.junit.platform.launcher.core.EngineExecutionOrchestrator.execute(EngineExecutionOrchestrator.java:57) ~[junit-platform-launcher-1.10.2.jar:1.10.2]
	at org.junit.platform.launcher.core.DefaultLauncher.execute(DefaultLauncher.java:103) ~[junit-platform-launcher-1.10.2.jar:1.10.2]
	at org.junit.platform.launcher.core.DefaultLauncher.execute(DefaultLauncher.java:85) ~[junit-platform-launcher-1.10.2.jar:1.10.2]
	at org.junit.platform.launcher.core.DelegatingLauncher.execute(DelegatingLauncher.java:47) ~[junit-platform-launcher-1.10.2.jar:1.10.2]
	at org.apache.maven.surefire.junitplatform.LazyLauncher.execute(LazyLauncher.java:56) ~[surefire-junit-platform-3.1.2.jar:3.1.2]
	at org.apache.maven.surefire.junitplatform.JUnitPlatformProvider.execute(JUnitPlatformProvider.java:184) ~[surefire-junit-platform-3.1.2.jar:3.1.2]
	at org.apache.maven.surefire.junitplatform.JUnitPlatformProvider.invokeAllTests(JUnitPlatformProvider.java:148) ~[surefire-junit-platform-3.1.2.jar:3.1.2]
	at org.apache.maven.surefire.junitplatform.JUnitPlatformProvider.invoke(JUnitPlatformProvider.java:122) ~[surefire-junit-platform-3.1.2.jar:3.1.2]
	at org.apache.maven.surefire.booter.ForkedBooter.runSuitesInProcess(ForkedBooter.java:385) ~[surefire-booter-3.1.2.jar:3.1.2]
	at org.apache.maven.surefire.booter.ForkedBooter.execute(ForkedBooter.java:162) ~[surefire-booter-3.1.2.jar:3.1.2]
	at org.apache.maven.surefire.booter.ForkedBooter.run(ForkedBooter.java:507) ~[surefire-booter-3.1.2.jar:3.1.2]
	at org.apache.maven.surefire.booter.ForkedBooter.main(ForkedBooter.java:495) ~[surefire-booter-3.1.2.jar:3.1.2]

2024-05-17T15:11:55.406+02:00 DEBUG 4684 --- [clothlogix] [           main] org.hibernate.orm.sql.ast.tree           : SQL AST Tree:
    SelectStatement {
      FromClause {
        CollectionTableGroup (p1 : com.fabless.clothlogix.model.entities.ColoreEntity.prodotti) {
          primaryTableReference : prodotto_colore_rel as p1_0
          TableGroupJoins {
             join LazyTableGroup (p1 : com.fabless.clothlogix.model.entities.ColoreEntity.prodotti.{element}) {
              primaryTableReference : prodotto as p1_1
              TableGroupJoins {
                left  join LazyTableGroup (s1 : com.fabless.clothlogix.model.entities.ColoreEntity.prodotti.{element}.sezioni) {
                  primaryTableReference : sezione as s1_0
                }
              }
            }
          }
        }
      }
    }

2024-05-17T15:11:55.406+02:00 DEBUG 4684 --- [clothlogix] [           main] org.hibernate.orm.jdbc.mutation          : Static SQL for collection: com.fabless.clothlogix.model.entities.ColoreEntity.prodotti
2024-05-17T15:11:55.406+02:00 DEBUG 4684 --- [clothlogix] [           main] org.hibernate.orm.sql.ast.create         : Created new SQL alias : p1_0
2024-05-17T15:11:55.406+02:00 DEBUG 4684 --- [clothlogix] [           main] org.hibernate.orm.sql.ast.create         : Registration of TableGroup [CollectionTableGroup(com.fabless.clothlogix.model.entities.TipoEntity.prodotti)] with identifierForTableGroup [com.fabless.clothlogix.model.entities.TipoEntity.prodotti] for NavigablePath [com.fabless.clothlogix.model.entities.TipoEntity.prodotti] 
2024-05-17T15:11:55.406+02:00 DEBUG 4684 --- [clothlogix] [           main] org.hibernate.orm.sql.ast.create         : Registration of TableGroup [org.hibernate.sql.ast.tree.from.LazyTableGroup@4678ec43] with identifierForTableGroup [com.fabless.clothlogix.model.entities.TipoEntity.prodotti.{element}] for NavigablePath [com.fabless.clothlogix.model.entities.TipoEntity.prodotti.{element}] 
2024-05-17T15:11:55.406+02:00 DEBUG 4684 --- [clothlogix] [           main] org.hibernate.orm.sql.ast.create         : Created new SQL alias : p1_1
2024-05-17T15:11:55.406+02:00 TRACE 4684 --- [clothlogix] [           main] o.h.l.ast.internal.LoaderSelectBuilder   : Starting visitation of FetchParent's Fetchables : com.fabless.clothlogix.model.entities.TipoEntity.prodotti.{element}
2024-05-17T15:11:55.406+02:00 DEBUG 4684 --- [clothlogix] [           main] org.hibernate.orm.sql.ast.create         : Registration of TableGroup [org.hibernate.sql.ast.tree.from.LazyTableGroup@694f0655] with identifierForTableGroup [com.fabless.clothlogix.model.entities.TipoEntity.prodotti.{element}.sezioni] for NavigablePath [com.fabless.clothlogix.model.entities.TipoEntity.prodotti.{element}.sezioni] 
2024-05-17T15:11:55.406+02:00 DEBUG 4684 --- [clothlogix] [           main] org.hibernate.orm.sql.ast.create         : Created new SQL alias : s1_0
2024-05-17T15:11:55.406+02:00 TRACE 4684 --- [clothlogix] [           main] o.h.l.ast.internal.LoaderSelectBuilder   : Starting visitation of FetchParent's Fetchables : com.fabless.clothlogix.model.entities.TipoEntity.prodotti.{element}.sezioni
2024-05-17T15:11:55.406+02:00 DEBUG 4684 --- [clothlogix] [           main] org.hibernate.orm.results.graph.AST      : DomainResult Graph:
 \-CollectionDomainResult [com.fabless.clothlogix.model.entities.TipoEntity.prodotti]

2024-05-17T15:11:55.406+02:00 TRACE 4684 --- [clothlogix] [           main] org.hibernate.orm.results.graph.AST      : Stack trace calling DomainResultGraphPrinter

java.lang.Exception: null
	at org.hibernate.sql.results.graph.DomainResultGraphPrinter.visitDomainResults(DomainResultGraphPrinter.java:70) ~[hibernate-core-6.4.4.Final.jar:6.4.4.Final]
	at org.hibernate.sql.results.graph.DomainResultGraphPrinter.logDomainResultGraph(DomainResultGraphPrinter.java:46) ~[hibernate-core-6.4.4.Final.jar:6.4.4.Final]
	at org.hibernate.sql.results.graph.DomainResultGraphPrinter.logDomainResultGraph(DomainResultGraphPrinter.java:37) ~[hibernate-core-6.4.4.Final.jar:6.4.4.Final]
	at org.hibernate.sql.ast.spi.AbstractSqlAstTranslator.translateSelect(AbstractSqlAstTranslator.java:858) ~[hibernate-core-6.4.4.Final.jar:6.4.4.Final]
	at org.hibernate.sql.ast.spi.AbstractSqlAstTranslator.translate(AbstractSqlAstTranslator.java:811) ~[hibernate-core-6.4.4.Final.jar:6.4.4.Final]
	at org.hibernate.loader.ast.internal.CollectionLoaderSingleKey.<init>(CollectionLoaderSingleKey.java:78) ~[hibernate-core-6.4.4.Final.jar:6.4.4.Final]
	at org.hibernate.persister.collection.AbstractCollectionPersister.createSingleKeyCollectionLoader(AbstractCollectionPersister.java:791) ~[hibernate-core-6.4.4.Final.jar:6.4.4.Final]
	at org.hibernate.persister.collection.AbstractCollectionPersister.createNamedQueryCollectionLoader(AbstractCollectionPersister.java:776) ~[hibernate-core-6.4.4.Final.jar:6.4.4.Final]
	at org.hibernate.persister.collection.AbstractCollectionPersister.postInstantiate(AbstractCollectionPersister.java:619) ~[hibernate-core-6.4.4.Final.jar:6.4.4.Final]
	at java.base/java.util.concurrent.ConcurrentHashMap$ValuesView.forEach(ConcurrentHashMap.java:4783) ~[na:na]
	at org.hibernate.metamodel.model.domain.internal.MappingMetamodelImpl.finishInitialization(MappingMetamodelImpl.java:209) ~[hibernate-core-6.4.4.Final.jar:6.4.4.Final]
	at org.hibernate.internal.SessionFactoryImpl.initializeMappingModel(SessionFactoryImpl.java:364) ~[hibernate-core-6.4.4.Final.jar:6.4.4.Final]
	at org.hibernate.internal.SessionFactoryImpl.<init>(SessionFactoryImpl.java:293) ~[hibernate-core-6.4.4.Final.jar:6.4.4.Final]
	at org.hibernate.boot.internal.SessionFactoryBuilderImpl.build(SessionFactoryBuilderImpl.java:450) ~[hibernate-core-6.4.4.Final.jar:6.4.4.Final]
	at org.hibernate.jpa.boot.internal.EntityManagerFactoryBuilderImpl.build(EntityManagerFactoryBuilderImpl.java:1507) ~[hibernate-core-6.4.4.Final.jar:6.4.4.Final]
	at org.springframework.orm.jpa.vendor.SpringHibernateJpaPersistenceProvider.createContainerEntityManagerFactory(SpringHibernateJpaPersistenceProvider.java:75) ~[spring-orm-6.1.6.jar:6.1.6]
	at org.springframework.orm.jpa.LocalContainerEntityManagerFactoryBean.createNativeEntityManagerFactory(LocalContainerEntityManagerFactoryBean.java:390) ~[spring-orm-6.1.6.jar:6.1.6]
	at org.springframework.orm.jpa.AbstractEntityManagerFactoryBean.buildNativeEntityManagerFactory(AbstractEntityManagerFactoryBean.java:409) ~[spring-orm-6.1.6.jar:6.1.6]
	at org.springframework.orm.jpa.AbstractEntityManagerFactoryBean.afterPropertiesSet(AbstractEntityManagerFactoryBean.java:396) ~[spring-orm-6.1.6.jar:6.1.6]
	at org.springframework.orm.jpa.LocalContainerEntityManagerFactoryBean.afterPropertiesSet(LocalContainerEntityManagerFactoryBean.java:366) ~[spring-orm-6.1.6.jar:6.1.6]
	at org.springframework.beans.factory.support.AbstractAutowireCapableBeanFactory.invokeInitMethods(AbstractAutowireCapableBeanFactory.java:1833) ~[spring-beans-6.1.6.jar:6.1.6]
	at org.springframework.beans.factory.support.AbstractAutowireCapableBeanFactory.initializeBean(AbstractAutowireCapableBeanFactory.java:1782) ~[spring-beans-6.1.6.jar:6.1.6]
	at org.springframework.beans.factory.support.AbstractAutowireCapableBeanFactory.doCreateBean(AbstractAutowireCapableBeanFactory.java:600) ~[spring-beans-6.1.6.jar:6.1.6]
	at org.springframework.beans.factory.support.AbstractAutowireCapableBeanFactory.createBean(AbstractAutowireCapableBeanFactory.java:522) ~[spring-beans-6.1.6.jar:6.1.6]
	at org.springframework.beans.factory.support.AbstractBeanFactory.lambda$doGetBean$0(AbstractBeanFactory.java:326) ~[spring-beans-6.1.6.jar:6.1.6]
	at org.springframework.beans.factory.support.DefaultSingletonBeanRegistry.getSingleton(DefaultSingletonBeanRegistry.java:234) ~[spring-beans-6.1.6.jar:6.1.6]
	at org.springframework.beans.factory.support.AbstractBeanFactory.doGetBean(AbstractBeanFactory.java:324) ~[spring-beans-6.1.6.jar:6.1.6]
	at org.springframework.beans.factory.support.AbstractBeanFactory.getBean(AbstractBeanFactory.java:200) ~[spring-beans-6.1.6.jar:6.1.6]
	at org.springframework.context.support.AbstractApplicationContext.getBean(AbstractApplicationContext.java:1234) ~[spring-context-6.1.6.jar:6.1.6]
	at org.springframework.context.support.AbstractApplicationContext.finishBeanFactoryInitialization(AbstractApplicationContext.java:952) ~[spring-context-6.1.6.jar:6.1.6]
	at org.springframework.context.support.AbstractApplicationContext.refresh(AbstractApplicationContext.java:624) ~[spring-context-6.1.6.jar:6.1.6]
	at org.springframework.boot.SpringApplication.refresh(SpringApplication.java:754) ~[spring-boot-3.2.5.jar:3.2.5]
	at org.springframework.boot.SpringApplication.refreshContext(SpringApplication.java:456) ~[spring-boot-3.2.5.jar:3.2.5]
	at org.springframework.boot.SpringApplication.run(SpringApplication.java:334) ~[spring-boot-3.2.5.jar:3.2.5]
	at org.springframework.boot.test.context.SpringBootContextLoader.lambda$loadContext$3(SpringBootContextLoader.java:137) ~[spring-boot-test-3.2.5.jar:3.2.5]
	at org.springframework.util.function.ThrowingSupplier.get(ThrowingSupplier.java:58) ~[spring-core-6.1.6.jar:6.1.6]
	at org.springframework.util.function.ThrowingSupplier.get(ThrowingSupplier.java:46) ~[spring-core-6.1.6.jar:6.1.6]
	at org.springframework.boot.SpringApplication.withHook(SpringApplication.java:1454) ~[spring-boot-3.2.5.jar:3.2.5]
	at org.springframework.boot.test.context.SpringBootContextLoader$ContextLoaderHook.run(SpringBootContextLoader.java:553) ~[spring-boot-test-3.2.5.jar:3.2.5]
	at org.springframework.boot.test.context.SpringBootContextLoader.loadContext(SpringBootContextLoader.java:137) ~[spring-boot-test-3.2.5.jar:3.2.5]
	at org.springframework.boot.test.context.SpringBootContextLoader.loadContext(SpringBootContextLoader.java:108) ~[spring-boot-test-3.2.5.jar:3.2.5]
	at org.springframework.test.context.cache.DefaultCacheAwareContextLoaderDelegate.loadContextInternal(DefaultCacheAwareContextLoaderDelegate.java:225) ~[spring-test-6.1.6.jar:6.1.6]
	at org.springframework.test.context.cache.DefaultCacheAwareContextLoaderDelegate.loadContext(DefaultCacheAwareContextLoaderDelegate.java:152) ~[spring-test-6.1.6.jar:6.1.6]
	at org.springframework.test.context.support.DefaultTestContext.getApplicationContext(DefaultTestContext.java:130) ~[spring-test-6.1.6.jar:6.1.6]
	at org.springframework.test.context.web.ServletTestExecutionListener.setUpRequestContextIfNecessary(ServletTestExecutionListener.java:191) ~[spring-test-6.1.6.jar:6.1.6]
	at org.springframework.test.context.web.ServletTestExecutionListener.prepareTestInstance(ServletTestExecutionListener.java:130) ~[spring-test-6.1.6.jar:6.1.6]
	at org.springframework.test.context.TestContextManager.prepareTestInstance(TestContextManager.java:260) ~[spring-test-6.1.6.jar:6.1.6]
	at org.springframework.test.context.junit.jupiter.SpringExtension.postProcessTestInstance(SpringExtension.java:163) ~[spring-test-6.1.6.jar:6.1.6]
	at org.junit.jupiter.engine.descriptor.ClassBasedTestDescriptor.lambda$invokeTestInstancePostProcessors$10(ClassBasedTestDescriptor.java:378) ~[junit-jupiter-engine-5.10.2.jar:5.10.2]
	at org.junit.jupiter.engine.descriptor.ClassBasedTestDescriptor.executeAndMaskThrowable(ClassBasedTestDescriptor.java:383) ~[junit-jupiter-engine-5.10.2.jar:5.10.2]
	at org.junit.jupiter.engine.descriptor.ClassBasedTestDescriptor.lambda$invokeTestInstancePostProcessors$11(ClassBasedTestDescriptor.java:378) ~[junit-jupiter-engine-5.10.2.jar:5.10.2]
	at java.base/java.util.stream.ReferencePipeline$3$1.accept(ReferencePipeline.java:197) ~[na:na]
	at java.base/java.util.stream.ReferencePipeline$2$1.accept(ReferencePipeline.java:179) ~[na:na]
	at java.base/java.util.ArrayList$ArrayListSpliterator.forEachRemaining(ArrayList.java:1625) ~[na:na]
	at java.base/java.util.stream.AbstractPipeline.copyInto(AbstractPipeline.java:509) ~[na:na]
	at java.base/java.util.stream.AbstractPipeline.wrapAndCopyInto(AbstractPipeline.java:499) ~[na:na]
	at java.base/java.util.stream.StreamSpliterators$WrappingSpliterator.forEachRemaining(StreamSpliterators.java:310) ~[na:na]
	at java.base/java.util.stream.Streams$ConcatSpliterator.forEachRemaining(Streams.java:735) ~[na:na]
	at java.base/java.util.stream.Streams$ConcatSpliterator.forEachRemaining(Streams.java:734) ~[na:na]
	at java.base/java.util.stream.ReferencePipeline$Head.forEach(ReferencePipeline.java:762) ~[na:na]
	at org.junit.jupiter.engine.descriptor.ClassBasedTestDescriptor.invokeTestInstancePostProcessors(ClassBasedTestDescriptor.java:377) ~[junit-jupiter-engine-5.10.2.jar:5.10.2]
	at org.junit.jupiter.engine.descriptor.ClassBasedTestDescriptor.lambda$instantiateAndPostProcessTestInstance$6(ClassBasedTestDescriptor.java:290) ~[junit-jupiter-engine-5.10.2.jar:5.10.2]
	at org.junit.platform.engine.support.hierarchical.ThrowableCollector.execute(ThrowableCollector.java:73) ~[junit-platform-engine-1.10.2.jar:1.10.2]
	at org.junit.jupiter.engine.descriptor.ClassBasedTestDescriptor.instantiateAndPostProcessTestInstance(ClassBasedTestDescriptor.java:289) ~[junit-jupiter-engine-5.10.2.jar:5.10.2]
	at org.junit.jupiter.engine.descriptor.ClassBasedTestDescriptor.lambda$testInstancesProvider$4(ClassBasedTestDescriptor.java:279) ~[junit-jupiter-engine-5.10.2.jar:5.10.2]
	at java.base/java.util.Optional.orElseGet(Optional.java:364) ~[na:na]
	at org.junit.jupiter.engine.descriptor.ClassBasedTestDescriptor.lambda$testInstancesProvider$5(ClassBasedTestDescriptor.java:278) ~[junit-jupiter-engine-5.10.2.jar:5.10.2]
	at org.junit.jupiter.engine.execution.TestInstancesProvider.getTestInstances(TestInstancesProvider.java:31) ~[junit-jupiter-engine-5.10.2.jar:5.10.2]
	at org.junit.jupiter.engine.descriptor.TestMethodTestDescriptor.lambda$prepare$0(TestMethodTestDescriptor.java:106) ~[junit-jupiter-engine-5.10.2.jar:5.10.2]
	at org.junit.platform.engine.support.hierarchical.ThrowableCollector.execute(ThrowableCollector.java:73) ~[junit-platform-engine-1.10.2.jar:1.10.2]
	at org.junit.jupiter.engine.descriptor.TestMethodTestDescriptor.prepare(TestMethodTestDescriptor.java:105) ~[junit-jupiter-engine-5.10.2.jar:5.10.2]
	at org.junit.jupiter.engine.descriptor.TestMethodTestDescriptor.prepare(TestMethodTestDescriptor.java:69) ~[junit-jupiter-engine-5.10.2.jar:5.10.2]
	at org.junit.platform.engine.support.hierarchical.NodeTestTask.lambda$prepare$2(NodeTestTask.java:123) ~[junit-platform-engine-1.10.2.jar:1.10.2]
	at org.junit.platform.engine.support.hierarchical.ThrowableCollector.execute(ThrowableCollector.java:73) ~[junit-platform-engine-1.10.2.jar:1.10.2]
	at org.junit.platform.engine.support.hierarchical.NodeTestTask.prepare(NodeTestTask.java:123) ~[junit-platform-engine-1.10.2.jar:1.10.2]
	at org.junit.platform.engine.support.hierarchical.NodeTestTask.execute(NodeTestTask.java:90) ~[junit-platform-engine-1.10.2.jar:1.10.2]
	at java.base/java.util.ArrayList.forEach(ArrayList.java:1511) ~[na:na]
	at org.junit.platform.engine.support.hierarchical.SameThreadHierarchicalTestExecutorService.invokeAll(SameThreadHierarchicalTestExecutorService.java:41) ~[junit-platform-engine-1.10.2.jar:1.10.2]
	at org.junit.platform.engine.support.hierarchical.NodeTestTask.lambda$executeRecursively$6(NodeTestTask.java:155) ~[junit-platform-engine-1.10.2.jar:1.10.2]
	at org.junit.platform.engine.support.hierarchical.ThrowableCollector.execute(ThrowableCollector.java:73) ~[junit-platform-engine-1.10.2.jar:1.10.2]
	at org.junit.platform.engine.support.hierarchical.NodeTestTask.lambda$executeRecursively$8(NodeTestTask.java:141) ~[junit-platform-engine-1.10.2.jar:1.10.2]
	at org.junit.platform.engine.support.hierarchical.Node.around(Node.java:137) ~[junit-platform-engine-1.10.2.jar:1.10.2]
	at org.junit.platform.engine.support.hierarchical.NodeTestTask.lambda$executeRecursively$9(NodeTestTask.java:139) ~[junit-platform-engine-1.10.2.jar:1.10.2]
	at org.junit.platform.engine.support.hierarchical.ThrowableCollector.execute(ThrowableCollector.java:73) ~[junit-platform-engine-1.10.2.jar:1.10.2]
	at org.junit.platform.engine.support.hierarchical.NodeTestTask.executeRecursively(NodeTestTask.java:138) ~[junit-platform-engine-1.10.2.jar:1.10.2]
	at org.junit.platform.engine.support.hierarchical.NodeTestTask.execute(NodeTestTask.java:95) ~[junit-platform-engine-1.10.2.jar:1.10.2]
	at java.base/java.util.ArrayList.forEach(ArrayList.java:1511) ~[na:na]
	at org.junit.platform.engine.support.hierarchical.SameThreadHierarchicalTestExecutorService.invokeAll(SameThreadHierarchicalTestExecutorService.java:41) ~[junit-platform-engine-1.10.2.jar:1.10.2]
	at org.junit.platform.engine.support.hierarchical.NodeTestTask.lambda$executeRecursively$6(NodeTestTask.java:155) ~[junit-platform-engine-1.10.2.jar:1.10.2]
	at org.junit.platform.engine.support.hierarchical.ThrowableCollector.execute(ThrowableCollector.java:73) ~[junit-platform-engine-1.10.2.jar:1.10.2]
	at org.junit.platform.engine.support.hierarchical.NodeTestTask.lambda$executeRecursively$8(NodeTestTask.java:141) ~[junit-platform-engine-1.10.2.jar:1.10.2]
	at org.junit.platform.engine.support.hierarchical.Node.around(Node.java:137) ~[junit-platform-engine-1.10.2.jar:1.10.2]
	at org.junit.platform.engine.support.hierarchical.NodeTestTask.lambda$executeRecursively$9(NodeTestTask.java:139) ~[junit-platform-engine-1.10.2.jar:1.10.2]
	at org.junit.platform.engine.support.hierarchical.ThrowableCollector.execute(ThrowableCollector.java:73) ~[junit-platform-engine-1.10.2.jar:1.10.2]
	at org.junit.platform.engine.support.hierarchical.NodeTestTask.executeRecursively(NodeTestTask.java:138) ~[junit-platform-engine-1.10.2.jar:1.10.2]
	at org.junit.platform.engine.support.hierarchical.NodeTestTask.execute(NodeTestTask.java:95) ~[junit-platform-engine-1.10.2.jar:1.10.2]
	at org.junit.platform.engine.support.hierarchical.SameThreadHierarchicalTestExecutorService.submit(SameThreadHierarchicalTestExecutorService.java:35) ~[junit-platform-engine-1.10.2.jar:1.10.2]
	at org.junit.platform.engine.support.hierarchical.HierarchicalTestExecutor.execute(HierarchicalTestExecutor.java:57) ~[junit-platform-engine-1.10.2.jar:1.10.2]
	at org.junit.platform.engine.support.hierarchical.HierarchicalTestEngine.execute(HierarchicalTestEngine.java:54) ~[junit-platform-engine-1.10.2.jar:1.10.2]
	at org.junit.platform.launcher.core.EngineExecutionOrchestrator.execute(EngineExecutionOrchestrator.java:198) ~[junit-platform-launcher-1.10.2.jar:1.10.2]
	at org.junit.platform.launcher.core.EngineExecutionOrchestrator.execute(EngineExecutionOrchestrator.java:169) ~[junit-platform-launcher-1.10.2.jar:1.10.2]
	at org.junit.platform.launcher.core.EngineExecutionOrchestrator.execute(EngineExecutionOrchestrator.java:93) ~[junit-platform-launcher-1.10.2.jar:1.10.2]
	at org.junit.platform.launcher.core.EngineExecutionOrchestrator.lambda$execute$0(EngineExecutionOrchestrator.java:58) ~[junit-platform-launcher-1.10.2.jar:1.10.2]
	at org.junit.platform.launcher.core.EngineExecutionOrchestrator.withInterceptedStreams(EngineExecutionOrchestrator.java:141) ~[junit-platform-launcher-1.10.2.jar:1.10.2]
	at org.junit.platform.launcher.core.EngineExecutionOrchestrator.execute(EngineExecutionOrchestrator.java:57) ~[junit-platform-launcher-1.10.2.jar:1.10.2]
	at org.junit.platform.launcher.core.DefaultLauncher.execute(DefaultLauncher.java:103) ~[junit-platform-launcher-1.10.2.jar:1.10.2]
	at org.junit.platform.launcher.core.DefaultLauncher.execute(DefaultLauncher.java:85) ~[junit-platform-launcher-1.10.2.jar:1.10.2]
	at org.junit.platform.launcher.core.DelegatingLauncher.execute(DelegatingLauncher.java:47) ~[junit-platform-launcher-1.10.2.jar:1.10.2]
	at org.apache.maven.surefire.junitplatform.LazyLauncher.execute(LazyLauncher.java:56) ~[surefire-junit-platform-3.1.2.jar:3.1.2]
	at org.apache.maven.surefire.junitplatform.JUnitPlatformProvider.execute(JUnitPlatformProvider.java:184) ~[surefire-junit-platform-3.1.2.jar:3.1.2]
	at org.apache.maven.surefire.junitplatform.JUnitPlatformProvider.invokeAllTests(JUnitPlatformProvider.java:148) ~[surefire-junit-platform-3.1.2.jar:3.1.2]
	at org.apache.maven.surefire.junitplatform.JUnitPlatformProvider.invoke(JUnitPlatformProvider.java:122) ~[surefire-junit-platform-3.1.2.jar:3.1.2]
	at org.apache.maven.surefire.booter.ForkedBooter.runSuitesInProcess(ForkedBooter.java:385) ~[surefire-booter-3.1.2.jar:3.1.2]
	at org.apache.maven.surefire.booter.ForkedBooter.execute(ForkedBooter.java:162) ~[surefire-booter-3.1.2.jar:3.1.2]
	at org.apache.maven.surefire.booter.ForkedBooter.run(ForkedBooter.java:507) ~[surefire-booter-3.1.2.jar:3.1.2]
	at org.apache.maven.surefire.booter.ForkedBooter.main(ForkedBooter.java:495) ~[surefire-booter-3.1.2.jar:3.1.2]

2024-05-17T15:11:55.406+02:00 DEBUG 4684 --- [clothlogix] [           main] org.hibernate.orm.sql.ast.tree           : SQL AST Tree:
    SelectStatement {
      FromClause {
        CollectionTableGroup (p1 : com.fabless.clothlogix.model.entities.TipoEntity.prodotti) {
          primaryTableReference : prodotto_tipo_rel as p1_0
          TableGroupJoins {
             join LazyTableGroup (p1 : com.fabless.clothlogix.model.entities.TipoEntity.prodotti.{element}) {
              primaryTableReference : prodotto as p1_1
              TableGroupJoins {
                left  join LazyTableGroup (s1 : com.fabless.clothlogix.model.entities.TipoEntity.prodotti.{element}.sezioni) {
                  primaryTableReference : sezione as s1_0
                }
              }
            }
          }
        }
      }
    }

2024-05-17T15:11:55.406+02:00 DEBUG 4684 --- [clothlogix] [           main] org.hibernate.orm.jdbc.mutation          : Static SQL for collection: com.fabless.clothlogix.model.entities.TipoEntity.prodotti
2024-05-17T15:11:55.406+02:00 DEBUG 4684 --- [clothlogix] [           main] org.hibernate.orm.sql.ast.create         : Created new SQL alias : t1_0
2024-05-17T15:11:55.406+02:00 DEBUG 4684 --- [clothlogix] [           main] org.hibernate.orm.sql.ast.create         : Registration of TableGroup [CollectionTableGroup(com.fabless.clothlogix.model.entities.ProdottoEntity.tipi)] with identifierForTableGroup [com.fabless.clothlogix.model.entities.ProdottoEntity.tipi] for NavigablePath [com.fabless.clothlogix.model.entities.ProdottoEntity.tipi] 
2024-05-17T15:11:55.406+02:00 DEBUG 4684 --- [clothlogix] [           main] org.hibernate.orm.sql.ast.create         : Registration of TableGroup [org.hibernate.sql.ast.tree.from.LazyTableGroup@5c13534a] with identifierForTableGroup [com.fabless.clothlogix.model.entities.ProdottoEntity.tipi.{element}] for NavigablePath [com.fabless.clothlogix.model.entities.ProdottoEntity.tipi.{element}] 
2024-05-17T15:11:55.406+02:00 DEBUG 4684 --- [clothlogix] [           main] org.hibernate.orm.sql.ast.create         : Created new SQL alias : t1_1
2024-05-17T15:11:55.406+02:00 TRACE 4684 --- [clothlogix] [           main] o.h.l.ast.internal.LoaderSelectBuilder   : Starting visitation of FetchParent's Fetchables : com.fabless.clothlogix.model.entities.ProdottoEntity.tipi.{element}
2024-05-17T15:11:55.406+02:00 DEBUG 4684 --- [clothlogix] [           main] org.hibernate.orm.results.graph.AST      : DomainResult Graph:
 \-CollectionDomainResult [com.fabless.clothlogix.model.entities.ProdottoEntity.tipi]

2024-05-17T15:11:55.406+02:00 TRACE 4684 --- [clothlogix] [           main] org.hibernate.orm.results.graph.AST      : Stack trace calling DomainResultGraphPrinter

java.lang.Exception: null
	at org.hibernate.sql.results.graph.DomainResultGraphPrinter.visitDomainResults(DomainResultGraphPrinter.java:70) ~[hibernate-core-6.4.4.Final.jar:6.4.4.Final]
	at org.hibernate.sql.results.graph.DomainResultGraphPrinter.logDomainResultGraph(DomainResultGraphPrinter.java:46) ~[hibernate-core-6.4.4.Final.jar:6.4.4.Final]
	at org.hibernate.sql.results.graph.DomainResultGraphPrinter.logDomainResultGraph(DomainResultGraphPrinter.java:37) ~[hibernate-core-6.4.4.Final.jar:6.4.4.Final]
	at org.hibernate.sql.ast.spi.AbstractSqlAstTranslator.translateSelect(AbstractSqlAstTranslator.java:858) ~[hibernate-core-6.4.4.Final.jar:6.4.4.Final]
	at org.hibernate.sql.ast.spi.AbstractSqlAstTranslator.translate(AbstractSqlAstTranslator.java:811) ~[hibernate-core-6.4.4.Final.jar:6.4.4.Final]
	at org.hibernate.loader.ast.internal.CollectionLoaderSingleKey.<init>(CollectionLoaderSingleKey.java:78) ~[hibernate-core-6.4.4.Final.jar:6.4.4.Final]
	at org.hibernate.persister.collection.AbstractCollectionPersister.createSingleKeyCollectionLoader(AbstractCollectionPersister.java:791) ~[hibernate-core-6.4.4.Final.jar:6.4.4.Final]
	at org.hibernate.persister.collection.AbstractCollectionPersister.createNamedQueryCollectionLoader(AbstractCollectionPersister.java:776) ~[hibernate-core-6.4.4.Final.jar:6.4.4.Final]
	at org.hibernate.persister.collection.AbstractCollectionPersister.postInstantiate(AbstractCollectionPersister.java:619) ~[hibernate-core-6.4.4.Final.jar:6.4.4.Final]
	at java.base/java.util.concurrent.ConcurrentHashMap$ValuesView.forEach(ConcurrentHashMap.java:4783) ~[na:na]
	at org.hibernate.metamodel.model.domain.internal.MappingMetamodelImpl.finishInitialization(MappingMetamodelImpl.java:209) ~[hibernate-core-6.4.4.Final.jar:6.4.4.Final]
	at org.hibernate.internal.SessionFactoryImpl.initializeMappingModel(SessionFactoryImpl.java:364) ~[hibernate-core-6.4.4.Final.jar:6.4.4.Final]
	at org.hibernate.internal.SessionFactoryImpl.<init>(SessionFactoryImpl.java:293) ~[hibernate-core-6.4.4.Final.jar:6.4.4.Final]
	at org.hibernate.boot.internal.SessionFactoryBuilderImpl.build(SessionFactoryBuilderImpl.java:450) ~[hibernate-core-6.4.4.Final.jar:6.4.4.Final]
	at org.hibernate.jpa.boot.internal.EntityManagerFactoryBuilderImpl.build(EntityManagerFactoryBuilderImpl.java:1507) ~[hibernate-core-6.4.4.Final.jar:6.4.4.Final]
	at org.springframework.orm.jpa.vendor.SpringHibernateJpaPersistenceProvider.createContainerEntityManagerFactory(SpringHibernateJpaPersistenceProvider.java:75) ~[spring-orm-6.1.6.jar:6.1.6]
	at org.springframework.orm.jpa.LocalContainerEntityManagerFactoryBean.createNativeEntityManagerFactory(LocalContainerEntityManagerFactoryBean.java:390) ~[spring-orm-6.1.6.jar:6.1.6]
	at org.springframework.orm.jpa.AbstractEntityManagerFactoryBean.buildNativeEntityManagerFactory(AbstractEntityManagerFactoryBean.java:409) ~[spring-orm-6.1.6.jar:6.1.6]
	at org.springframework.orm.jpa.AbstractEntityManagerFactoryBean.afterPropertiesSet(AbstractEntityManagerFactoryBean.java:396) ~[spring-orm-6.1.6.jar:6.1.6]
	at org.springframework.orm.jpa.LocalContainerEntityManagerFactoryBean.afterPropertiesSet(LocalContainerEntityManagerFactoryBean.java:366) ~[spring-orm-6.1.6.jar:6.1.6]
	at org.springframework.beans.factory.support.AbstractAutowireCapableBeanFactory.invokeInitMethods(AbstractAutowireCapableBeanFactory.java:1833) ~[spring-beans-6.1.6.jar:6.1.6]
	at org.springframework.beans.factory.support.AbstractAutowireCapableBeanFactory.initializeBean(AbstractAutowireCapableBeanFactory.java:1782) ~[spring-beans-6.1.6.jar:6.1.6]
	at org.springframework.beans.factory.support.AbstractAutowireCapableBeanFactory.doCreateBean(AbstractAutowireCapableBeanFactory.java:600) ~[spring-beans-6.1.6.jar:6.1.6]
	at org.springframework.beans.factory.support.AbstractAutowireCapableBeanFactory.createBean(AbstractAutowireCapableBeanFactory.java:522) ~[spring-beans-6.1.6.jar:6.1.6]
	at org.springframework.beans.factory.support.AbstractBeanFactory.lambda$doGetBean$0(AbstractBeanFactory.java:326) ~[spring-beans-6.1.6.jar:6.1.6]
	at org.springframework.beans.factory.support.DefaultSingletonBeanRegistry.getSingleton(DefaultSingletonBeanRegistry.java:234) ~[spring-beans-6.1.6.jar:6.1.6]
	at org.springframework.beans.factory.support.AbstractBeanFactory.doGetBean(AbstractBeanFactory.java:324) ~[spring-beans-6.1.6.jar:6.1.6]
	at org.springframework.beans.factory.support.AbstractBeanFactory.getBean(AbstractBeanFactory.java:200) ~[spring-beans-6.1.6.jar:6.1.6]
	at org.springframework.context.support.AbstractApplicationContext.getBean(AbstractApplicationContext.java:1234) ~[spring-context-6.1.6.jar:6.1.6]
	at org.springframework.context.support.AbstractApplicationContext.finishBeanFactoryInitialization(AbstractApplicationContext.java:952) ~[spring-context-6.1.6.jar:6.1.6]
	at org.springframework.context.support.AbstractApplicationContext.refresh(AbstractApplicationContext.java:624) ~[spring-context-6.1.6.jar:6.1.6]
	at org.springframework.boot.SpringApplication.refresh(SpringApplication.java:754) ~[spring-boot-3.2.5.jar:3.2.5]
	at org.springframework.boot.SpringApplication.refreshContext(SpringApplication.java:456) ~[spring-boot-3.2.5.jar:3.2.5]
	at org.springframework.boot.SpringApplication.run(SpringApplication.java:334) ~[spring-boot-3.2.5.jar:3.2.5]
	at org.springframework.boot.test.context.SpringBootContextLoader.lambda$loadContext$3(SpringBootContextLoader.java:137) ~[spring-boot-test-3.2.5.jar:3.2.5]
	at org.springframework.util.function.ThrowingSupplier.get(ThrowingSupplier.java:58) ~[spring-core-6.1.6.jar:6.1.6]
	at org.springframework.util.function.ThrowingSupplier.get(ThrowingSupplier.java:46) ~[spring-core-6.1.6.jar:6.1.6]
	at org.springframework.boot.SpringApplication.withHook(SpringApplication.java:1454) ~[spring-boot-3.2.5.jar:3.2.5]
	at org.springframework.boot.test.context.SpringBootContextLoader$ContextLoaderHook.run(SpringBootContextLoader.java:553) ~[spring-boot-test-3.2.5.jar:3.2.5]
	at org.springframework.boot.test.context.SpringBootContextLoader.loadContext(SpringBootContextLoader.java:137) ~[spring-boot-test-3.2.5.jar:3.2.5]
	at org.springframework.boot.test.context.SpringBootContextLoader.loadContext(SpringBootContextLoader.java:108) ~[spring-boot-test-3.2.5.jar:3.2.5]
	at org.springframework.test.context.cache.DefaultCacheAwareContextLoaderDelegate.loadContextInternal(DefaultCacheAwareContextLoaderDelegate.java:225) ~[spring-test-6.1.6.jar:6.1.6]
	at org.springframework.test.context.cache.DefaultCacheAwareContextLoaderDelegate.loadContext(DefaultCacheAwareContextLoaderDelegate.java:152) ~[spring-test-6.1.6.jar:6.1.6]
	at org.springframework.test.context.support.DefaultTestContext.getApplicationContext(DefaultTestContext.java:130) ~[spring-test-6.1.6.jar:6.1.6]
	at org.springframework.test.context.web.ServletTestExecutionListener.setUpRequestContextIfNecessary(ServletTestExecutionListener.java:191) ~[spring-test-6.1.6.jar:6.1.6]
	at org.springframework.test.context.web.ServletTestExecutionListener.prepareTestInstance(ServletTestExecutionListener.java:130) ~[spring-test-6.1.6.jar:6.1.6]
	at org.springframework.test.context.TestContextManager.prepareTestInstance(TestContextManager.java:260) ~[spring-test-6.1.6.jar:6.1.6]
	at org.springframework.test.context.junit.jupiter.SpringExtension.postProcessTestInstance(SpringExtension.java:163) ~[spring-test-6.1.6.jar:6.1.6]
	at org.junit.jupiter.engine.descriptor.ClassBasedTestDescriptor.lambda$invokeTestInstancePostProcessors$10(ClassBasedTestDescriptor.java:378) ~[junit-jupiter-engine-5.10.2.jar:5.10.2]
	at org.junit.jupiter.engine.descriptor.ClassBasedTestDescriptor.executeAndMaskThrowable(ClassBasedTestDescriptor.java:383) ~[junit-jupiter-engine-5.10.2.jar:5.10.2]
	at org.junit.jupiter.engine.descriptor.ClassBasedTestDescriptor.lambda$invokeTestInstancePostProcessors$11(ClassBasedTestDescriptor.java:378) ~[junit-jupiter-engine-5.10.2.jar:5.10.2]
	at java.base/java.util.stream.ReferencePipeline$3$1.accept(ReferencePipeline.java:197) ~[na:na]
	at java.base/java.util.stream.ReferencePipeline$2$1.accept(ReferencePipeline.java:179) ~[na:na]
	at java.base/java.util.ArrayList$ArrayListSpliterator.forEachRemaining(ArrayList.java:1625) ~[na:na]
	at java.base/java.util.stream.AbstractPipeline.copyInto(AbstractPipeline.java:509) ~[na:na]
	at java.base/java.util.stream.AbstractPipeline.wrapAndCopyInto(AbstractPipeline.java:499) ~[na:na]
	at java.base/java.util.stream.StreamSpliterators$WrappingSpliterator.forEachRemaining(StreamSpliterators.java:310) ~[na:na]
	at java.base/java.util.stream.Streams$ConcatSpliterator.forEachRemaining(Streams.java:735) ~[na:na]
	at java.base/java.util.stream.Streams$ConcatSpliterator.forEachRemaining(Streams.java:734) ~[na:na]
	at java.base/java.util.stream.ReferencePipeline$Head.forEach(ReferencePipeline.java:762) ~[na:na]
	at org.junit.jupiter.engine.descriptor.ClassBasedTestDescriptor.invokeTestInstancePostProcessors(ClassBasedTestDescriptor.java:377) ~[junit-jupiter-engine-5.10.2.jar:5.10.2]
	at org.junit.jupiter.engine.descriptor.ClassBasedTestDescriptor.lambda$instantiateAndPostProcessTestInstance$6(ClassBasedTestDescriptor.java:290) ~[junit-jupiter-engine-5.10.2.jar:5.10.2]
	at org.junit.platform.engine.support.hierarchical.ThrowableCollector.execute(ThrowableCollector.java:73) ~[junit-platform-engine-1.10.2.jar:1.10.2]
	at org.junit.jupiter.engine.descriptor.ClassBasedTestDescriptor.instantiateAndPostProcessTestInstance(ClassBasedTestDescriptor.java:289) ~[junit-jupiter-engine-5.10.2.jar:5.10.2]
	at org.junit.jupiter.engine.descriptor.ClassBasedTestDescriptor.lambda$testInstancesProvider$4(ClassBasedTestDescriptor.java:279) ~[junit-jupiter-engine-5.10.2.jar:5.10.2]
	at java.base/java.util.Optional.orElseGet(Optional.java:364) ~[na:na]
	at org.junit.jupiter.engine.descriptor.ClassBasedTestDescriptor.lambda$testInstancesProvider$5(ClassBasedTestDescriptor.java:278) ~[junit-jupiter-engine-5.10.2.jar:5.10.2]
	at org.junit.jupiter.engine.execution.TestInstancesProvider.getTestInstances(TestInstancesProvider.java:31) ~[junit-jupiter-engine-5.10.2.jar:5.10.2]
	at org.junit.jupiter.engine.descriptor.TestMethodTestDescriptor.lambda$prepare$0(TestMethodTestDescriptor.java:106) ~[junit-jupiter-engine-5.10.2.jar:5.10.2]
	at org.junit.platform.engine.support.hierarchical.ThrowableCollector.execute(ThrowableCollector.java:73) ~[junit-platform-engine-1.10.2.jar:1.10.2]
	at org.junit.jupiter.engine.descriptor.TestMethodTestDescriptor.prepare(TestMethodTestDescriptor.java:105) ~[junit-jupiter-engine-5.10.2.jar:5.10.2]
	at org.junit.jupiter.engine.descriptor.TestMethodTestDescriptor.prepare(TestMethodTestDescriptor.java:69) ~[junit-jupiter-engine-5.10.2.jar:5.10.2]
	at org.junit.platform.engine.support.hierarchical.NodeTestTask.lambda$prepare$2(NodeTestTask.java:123) ~[junit-platform-engine-1.10.2.jar:1.10.2]
	at org.junit.platform.engine.support.hierarchical.ThrowableCollector.execute(ThrowableCollector.java:73) ~[junit-platform-engine-1.10.2.jar:1.10.2]
	at org.junit.platform.engine.support.hierarchical.NodeTestTask.prepare(NodeTestTask.java:123) ~[junit-platform-engine-1.10.2.jar:1.10.2]
	at org.junit.platform.engine.support.hierarchical.NodeTestTask.execute(NodeTestTask.java:90) ~[junit-platform-engine-1.10.2.jar:1.10.2]
	at java.base/java.util.ArrayList.forEach(ArrayList.java:1511) ~[na:na]
	at org.junit.platform.engine.support.hierarchical.SameThreadHierarchicalTestExecutorService.invokeAll(SameThreadHierarchicalTestExecutorService.java:41) ~[junit-platform-engine-1.10.2.jar:1.10.2]
	at org.junit.platform.engine.support.hierarchical.NodeTestTask.lambda$executeRecursively$6(NodeTestTask.java:155) ~[junit-platform-engine-1.10.2.jar:1.10.2]
	at org.junit.platform.engine.support.hierarchical.ThrowableCollector.execute(ThrowableCollector.java:73) ~[junit-platform-engine-1.10.2.jar:1.10.2]
	at org.junit.platform.engine.support.hierarchical.NodeTestTask.lambda$executeRecursively$8(NodeTestTask.java:141) ~[junit-platform-engine-1.10.2.jar:1.10.2]
	at org.junit.platform.engine.support.hierarchical.Node.around(Node.java:137) ~[junit-platform-engine-1.10.2.jar:1.10.2]
	at org.junit.platform.engine.support.hierarchical.NodeTestTask.lambda$executeRecursively$9(NodeTestTask.java:139) ~[junit-platform-engine-1.10.2.jar:1.10.2]
	at org.junit.platform.engine.support.hierarchical.ThrowableCollector.execute(ThrowableCollector.java:73) ~[junit-platform-engine-1.10.2.jar:1.10.2]
	at org.junit.platform.engine.support.hierarchical.NodeTestTask.executeRecursively(NodeTestTask.java:138) ~[junit-platform-engine-1.10.2.jar:1.10.2]
	at org.junit.platform.engine.support.hierarchical.NodeTestTask.execute(NodeTestTask.java:95) ~[junit-platform-engine-1.10.2.jar:1.10.2]
	at java.base/java.util.ArrayList.forEach(ArrayList.java:1511) ~[na:na]
	at org.junit.platform.engine.support.hierarchical.SameThreadHierarchicalTestExecutorService.invokeAll(SameThreadHierarchicalTestExecutorService.java:41) ~[junit-platform-engine-1.10.2.jar:1.10.2]
	at org.junit.platform.engine.support.hierarchical.NodeTestTask.lambda$executeRecursively$6(NodeTestTask.java:155) ~[junit-platform-engine-1.10.2.jar:1.10.2]
	at org.junit.platform.engine.support.hierarchical.ThrowableCollector.execute(ThrowableCollector.java:73) ~[junit-platform-engine-1.10.2.jar:1.10.2]
	at org.junit.platform.engine.support.hierarchical.NodeTestTask.lambda$executeRecursively$8(NodeTestTask.java:141) ~[junit-platform-engine-1.10.2.jar:1.10.2]
	at org.junit.platform.engine.support.hierarchical.Node.around(Node.java:137) ~[junit-platform-engine-1.10.2.jar:1.10.2]
	at org.junit.platform.engine.support.hierarchical.NodeTestTask.lambda$executeRecursively$9(NodeTestTask.java:139) ~[junit-platform-engine-1.10.2.jar:1.10.2]
	at org.junit.platform.engine.support.hierarchical.ThrowableCollector.execute(ThrowableCollector.java:73) ~[junit-platform-engine-1.10.2.jar:1.10.2]
	at org.junit.platform.engine.support.hierarchical.NodeTestTask.executeRecursively(NodeTestTask.java:138) ~[junit-platform-engine-1.10.2.jar:1.10.2]
	at org.junit.platform.engine.support.hierarchical.NodeTestTask.execute(NodeTestTask.java:95) ~[junit-platform-engine-1.10.2.jar:1.10.2]
	at org.junit.platform.engine.support.hierarchical.SameThreadHierarchicalTestExecutorService.submit(SameThreadHierarchicalTestExecutorService.java:35) ~[junit-platform-engine-1.10.2.jar:1.10.2]
	at org.junit.platform.engine.support.hierarchical.HierarchicalTestExecutor.execute(HierarchicalTestExecutor.java:57) ~[junit-platform-engine-1.10.2.jar:1.10.2]
	at org.junit.platform.engine.support.hierarchical.HierarchicalTestEngine.execute(HierarchicalTestEngine.java:54) ~[junit-platform-engine-1.10.2.jar:1.10.2]
	at org.junit.platform.launcher.core.EngineExecutionOrchestrator.execute(EngineExecutionOrchestrator.java:198) ~[junit-platform-launcher-1.10.2.jar:1.10.2]
	at org.junit.platform.launcher.core.EngineExecutionOrchestrator.execute(EngineExecutionOrchestrator.java:169) ~[junit-platform-launcher-1.10.2.jar:1.10.2]
	at org.junit.platform.launcher.core.EngineExecutionOrchestrator.execute(EngineExecutionOrchestrator.java:93) ~[junit-platform-launcher-1.10.2.jar:1.10.2]
	at org.junit.platform.launcher.core.EngineExecutionOrchestrator.lambda$execute$0(EngineExecutionOrchestrator.java:58) ~[junit-platform-launcher-1.10.2.jar:1.10.2]
	at org.junit.platform.launcher.core.EngineExecutionOrchestrator.withInterceptedStreams(EngineExecutionOrchestrator.java:141) ~[junit-platform-launcher-1.10.2.jar:1.10.2]
	at org.junit.platform.launcher.core.EngineExecutionOrchestrator.execute(EngineExecutionOrchestrator.java:57) ~[junit-platform-launcher-1.10.2.jar:1.10.2]
	at org.junit.platform.launcher.core.DefaultLauncher.execute(DefaultLauncher.java:103) ~[junit-platform-launcher-1.10.2.jar:1.10.2]
	at org.junit.platform.launcher.core.DefaultLauncher.execute(DefaultLauncher.java:85) ~[junit-platform-launcher-1.10.2.jar:1.10.2]
	at org.junit.platform.launcher.core.DelegatingLauncher.execute(DelegatingLauncher.java:47) ~[junit-platform-launcher-1.10.2.jar:1.10.2]
	at org.apache.maven.surefire.junitplatform.LazyLauncher.execute(LazyLauncher.java:56) ~[surefire-junit-platform-3.1.2.jar:3.1.2]
	at org.apache.maven.surefire.junitplatform.JUnitPlatformProvider.execute(JUnitPlatformProvider.java:184) ~[surefire-junit-platform-3.1.2.jar:3.1.2]
	at org.apache.maven.surefire.junitplatform.JUnitPlatformProvider.invokeAllTests(JUnitPlatformProvider.java:148) ~[surefire-junit-platform-3.1.2.jar:3.1.2]
	at org.apache.maven.surefire.junitplatform.JUnitPlatformProvider.invoke(JUnitPlatformProvider.java:122) ~[surefire-junit-platform-3.1.2.jar:3.1.2]
	at org.apache.maven.surefire.booter.ForkedBooter.runSuitesInProcess(ForkedBooter.java:385) ~[surefire-booter-3.1.2.jar:3.1.2]
	at org.apache.maven.surefire.booter.ForkedBooter.execute(ForkedBooter.java:162) ~[surefire-booter-3.1.2.jar:3.1.2]
	at org.apache.maven.surefire.booter.ForkedBooter.run(ForkedBooter.java:507) ~[surefire-booter-3.1.2.jar:3.1.2]
	at org.apache.maven.surefire.booter.ForkedBooter.main(ForkedBooter.java:495) ~[surefire-booter-3.1.2.jar:3.1.2]

2024-05-17T15:11:55.406+02:00 DEBUG 4684 --- [clothlogix] [           main] org.hibernate.orm.sql.ast.tree           : SQL AST Tree:
    SelectStatement {
      FromClause {
        CollectionTableGroup (t1 : com.fabless.clothlogix.model.entities.ProdottoEntity.tipi) {
          primaryTableReference : prodotto_tipo_rel as t1_0
          TableGroupJoins {
             join LazyTableGroup (t1 : com.fabless.clothlogix.model.entities.ProdottoEntity.tipi.{element}) {
              primaryTableReference : tipo as t1_1
            }
          }
        }
      }
    }

2024-05-17T15:11:55.406+02:00 DEBUG 4684 --- [clothlogix] [           main] org.hibernate.orm.jdbc.mutation          : Static SQL for collection: com.fabless.clothlogix.model.entities.ProdottoEntity.tipi
2024-05-17T15:11:55.406+02:00 DEBUG 4684 --- [clothlogix] [           main] org.hibernate.orm.jdbc.mutation          :  Row insert: insert into prodotto_tipo_rel (id_prodotto,id_tipo) values (?,?)
2024-05-17T15:11:55.406+02:00 DEBUG 4684 --- [clothlogix] [           main] org.hibernate.orm.jdbc.mutation          :  Row delete: delete from prodotto_tipo_rel where id_prodotto=? and id_tipo=?
2024-05-17T15:11:55.406+02:00 TRACE 4684 --- [clothlogix] [           main] org.hibernate.orm.jdbc.mutation          : Starting RemoveCoordinator#buildOperationGroup - com.fabless.clothlogix.model.entities.ProdottoEntity.tipi
2024-05-17T15:11:55.406+02:00 DEBUG 4684 --- [clothlogix] [           main] org.hibernate.orm.jdbc.mutation          :  One-shot delete: delete from prodotto_tipo_rel where id_prodotto=?
2024-05-17T15:11:55.406+02:00 DEBUG 4684 --- [clothlogix] [           main] org.hibernate.orm.sql.ast.create         : Created new SQL alias : p1_0
2024-05-17T15:11:55.406+02:00 DEBUG 4684 --- [clothlogix] [           main] org.hibernate.orm.sql.ast.create         : Registration of TableGroup [org.hibernate.sql.ast.tree.from.OneToManyTableGroup@25f73119] with identifierForTableGroup [com.fabless.clothlogix.model.entities.MagazzinoEntity.prodotti] for NavigablePath [com.fabless.clothlogix.model.entities.MagazzinoEntity.prodotti] 
2024-05-17T15:11:55.406+02:00 DEBUG 4684 --- [clothlogix] [           main] org.hibernate.orm.sql.ast.create         : Registration of TableGroup [StandardTableGroup(com.fabless.clothlogix.model.entities.MagazzinoEntity.prodotti.{element})] with identifierForTableGroup [com.fabless.clothlogix.model.entities.MagazzinoEntity.prodotti.{element}] for NavigablePath [com.fabless.clothlogix.model.entities.MagazzinoEntity.prodotti.{element}] 
2024-05-17T15:11:55.406+02:00 TRACE 4684 --- [clothlogix] [           main] o.h.l.ast.internal.LoaderSelectBuilder   : Starting visitation of FetchParent's Fetchables : com.fabless.clothlogix.model.entities.MagazzinoEntity.prodotti.{element}
2024-05-17T15:11:55.406+02:00 DEBUG 4684 --- [clothlogix] [           main] org.hibernate.orm.sql.ast.create         : Registration of TableGroup [org.hibernate.sql.ast.tree.from.LazyTableGroup@10f192d8] with identifierForTableGroup [com.fabless.clothlogix.model.entities.MagazzinoEntity.prodotti.{element}.sezioni] for NavigablePath [com.fabless.clothlogix.model.entities.MagazzinoEntity.prodotti.{element}.sezioni] 
2024-05-17T15:11:55.406+02:00 DEBUG 4684 --- [clothlogix] [           main] org.hibernate.orm.sql.ast.create         : Created new SQL alias : s1_0
2024-05-17T15:11:55.406+02:00 TRACE 4684 --- [clothlogix] [           main] o.h.l.ast.internal.LoaderSelectBuilder   : Starting visitation of FetchParent's Fetchables : com.fabless.clothlogix.model.entities.MagazzinoEntity.prodotti.{element}.sezioni
2024-05-17T15:11:55.406+02:00 DEBUG 4684 --- [clothlogix] [           main] org.hibernate.orm.results.graph.AST      : DomainResult Graph:
 \-CollectionDomainResult [com.fabless.clothlogix.model.entities.MagazzinoEntity.prodotti]

2024-05-17T15:11:55.406+02:00 TRACE 4684 --- [clothlogix] [           main] org.hibernate.orm.results.graph.AST      : Stack trace calling DomainResultGraphPrinter

java.lang.Exception: null
	at org.hibernate.sql.results.graph.DomainResultGraphPrinter.visitDomainResults(DomainResultGraphPrinter.java:70) ~[hibernate-core-6.4.4.Final.jar:6.4.4.Final]
	at org.hibernate.sql.results.graph.DomainResultGraphPrinter.logDomainResultGraph(DomainResultGraphPrinter.java:46) ~[hibernate-core-6.4.4.Final.jar:6.4.4.Final]
	at org.hibernate.sql.results.graph.DomainResultGraphPrinter.logDomainResultGraph(DomainResultGraphPrinter.java:37) ~[hibernate-core-6.4.4.Final.jar:6.4.4.Final]
	at org.hibernate.sql.ast.spi.AbstractSqlAstTranslator.translateSelect(AbstractSqlAstTranslator.java:858) ~[hibernate-core-6.4.4.Final.jar:6.4.4.Final]
	at org.hibernate.sql.ast.spi.AbstractSqlAstTranslator.translate(AbstractSqlAstTranslator.java:811) ~[hibernate-core-6.4.4.Final.jar:6.4.4.Final]
	at org.hibernate.loader.ast.internal.CollectionLoaderSingleKey.<init>(CollectionLoaderSingleKey.java:78) ~[hibernate-core-6.4.4.Final.jar:6.4.4.Final]
	at org.hibernate.persister.collection.AbstractCollectionPersister.createSingleKeyCollectionLoader(AbstractCollectionPersister.java:791) ~[hibernate-core-6.4.4.Final.jar:6.4.4.Final]
	at org.hibernate.persister.collection.AbstractCollectionPersister.createNamedQueryCollectionLoader(AbstractCollectionPersister.java:776) ~[hibernate-core-6.4.4.Final.jar:6.4.4.Final]
	at org.hibernate.persister.collection.AbstractCollectionPersister.postInstantiate(AbstractCollectionPersister.java:619) ~[hibernate-core-6.4.4.Final.jar:6.4.4.Final]
	at java.base/java.util.concurrent.ConcurrentHashMap$ValuesView.forEach(ConcurrentHashMap.java:4783) ~[na:na]
	at org.hibernate.metamodel.model.domain.internal.MappingMetamodelImpl.finishInitialization(MappingMetamodelImpl.java:209) ~[hibernate-core-6.4.4.Final.jar:6.4.4.Final]
	at org.hibernate.internal.SessionFactoryImpl.initializeMappingModel(SessionFactoryImpl.java:364) ~[hibernate-core-6.4.4.Final.jar:6.4.4.Final]
	at org.hibernate.internal.SessionFactoryImpl.<init>(SessionFactoryImpl.java:293) ~[hibernate-core-6.4.4.Final.jar:6.4.4.Final]
	at org.hibernate.boot.internal.SessionFactoryBuilderImpl.build(SessionFactoryBuilderImpl.java:450) ~[hibernate-core-6.4.4.Final.jar:6.4.4.Final]
	at org.hibernate.jpa.boot.internal.EntityManagerFactoryBuilderImpl.build(EntityManagerFactoryBuilderImpl.java:1507) ~[hibernate-core-6.4.4.Final.jar:6.4.4.Final]
	at org.springframework.orm.jpa.vendor.SpringHibernateJpaPersistenceProvider.createContainerEntityManagerFactory(SpringHibernateJpaPersistenceProvider.java:75) ~[spring-orm-6.1.6.jar:6.1.6]
	at org.springframework.orm.jpa.LocalContainerEntityManagerFactoryBean.createNativeEntityManagerFactory(LocalContainerEntityManagerFactoryBean.java:390) ~[spring-orm-6.1.6.jar:6.1.6]
	at org.springframework.orm.jpa.AbstractEntityManagerFactoryBean.buildNativeEntityManagerFactory(AbstractEntityManagerFactoryBean.java:409) ~[spring-orm-6.1.6.jar:6.1.6]
	at org.springframework.orm.jpa.AbstractEntityManagerFactoryBean.afterPropertiesSet(AbstractEntityManagerFactoryBean.java:396) ~[spring-orm-6.1.6.jar:6.1.6]
	at org.springframework.orm.jpa.LocalContainerEntityManagerFactoryBean.afterPropertiesSet(LocalContainerEntityManagerFactoryBean.java:366) ~[spring-orm-6.1.6.jar:6.1.6]
	at org.springframework.beans.factory.support.AbstractAutowireCapableBeanFactory.invokeInitMethods(AbstractAutowireCapableBeanFactory.java:1833) ~[spring-beans-6.1.6.jar:6.1.6]
	at org.springframework.beans.factory.support.AbstractAutowireCapableBeanFactory.initializeBean(AbstractAutowireCapableBeanFactory.java:1782) ~[spring-beans-6.1.6.jar:6.1.6]
	at org.springframework.beans.factory.support.AbstractAutowireCapableBeanFactory.doCreateBean(AbstractAutowireCapableBeanFactory.java:600) ~[spring-beans-6.1.6.jar:6.1.6]
	at org.springframework.beans.factory.support.AbstractAutowireCapableBeanFactory.createBean(AbstractAutowireCapableBeanFactory.java:522) ~[spring-beans-6.1.6.jar:6.1.6]
	at org.springframework.beans.factory.support.AbstractBeanFactory.lambda$doGetBean$0(AbstractBeanFactory.java:326) ~[spring-beans-6.1.6.jar:6.1.6]
	at org.springframework.beans.factory.support.DefaultSingletonBeanRegistry.getSingleton(DefaultSingletonBeanRegistry.java:234) ~[spring-beans-6.1.6.jar:6.1.6]
	at org.springframework.beans.factory.support.AbstractBeanFactory.doGetBean(AbstractBeanFactory.java:324) ~[spring-beans-6.1.6.jar:6.1.6]
	at org.springframework.beans.factory.support.AbstractBeanFactory.getBean(AbstractBeanFactory.java:200) ~[spring-beans-6.1.6.jar:6.1.6]
	at org.springframework.context.support.AbstractApplicationContext.getBean(AbstractApplicationContext.java:1234) ~[spring-context-6.1.6.jar:6.1.6]
	at org.springframework.context.support.AbstractApplicationContext.finishBeanFactoryInitialization(AbstractApplicationContext.java:952) ~[spring-context-6.1.6.jar:6.1.6]
	at org.springframework.context.support.AbstractApplicationContext.refresh(AbstractApplicationContext.java:624) ~[spring-context-6.1.6.jar:6.1.6]
	at org.springframework.boot.SpringApplication.refresh(SpringApplication.java:754) ~[spring-boot-3.2.5.jar:3.2.5]
	at org.springframework.boot.SpringApplication.refreshContext(SpringApplication.java:456) ~[spring-boot-3.2.5.jar:3.2.5]
	at org.springframework.boot.SpringApplication.run(SpringApplication.java:334) ~[spring-boot-3.2.5.jar:3.2.5]
	at org.springframework.boot.test.context.SpringBootContextLoader.lambda$loadContext$3(SpringBootContextLoader.java:137) ~[spring-boot-test-3.2.5.jar:3.2.5]
	at org.springframework.util.function.ThrowingSupplier.get(ThrowingSupplier.java:58) ~[spring-core-6.1.6.jar:6.1.6]
	at org.springframework.util.function.ThrowingSupplier.get(ThrowingSupplier.java:46) ~[spring-core-6.1.6.jar:6.1.6]
	at org.springframework.boot.SpringApplication.withHook(SpringApplication.java:1454) ~[spring-boot-3.2.5.jar:3.2.5]
	at org.springframework.boot.test.context.SpringBootContextLoader$ContextLoaderHook.run(SpringBootContextLoader.java:553) ~[spring-boot-test-3.2.5.jar:3.2.5]
	at org.springframework.boot.test.context.SpringBootContextLoader.loadContext(SpringBootContextLoader.java:137) ~[spring-boot-test-3.2.5.jar:3.2.5]
	at org.springframework.boot.test.context.SpringBootContextLoader.loadContext(SpringBootContextLoader.java:108) ~[spring-boot-test-3.2.5.jar:3.2.5]
	at org.springframework.test.context.cache.DefaultCacheAwareContextLoaderDelegate.loadContextInternal(DefaultCacheAwareContextLoaderDelegate.java:225) ~[spring-test-6.1.6.jar:6.1.6]
	at org.springframework.test.context.cache.DefaultCacheAwareContextLoaderDelegate.loadContext(DefaultCacheAwareContextLoaderDelegate.java:152) ~[spring-test-6.1.6.jar:6.1.6]
	at org.springframework.test.context.support.DefaultTestContext.getApplicationContext(DefaultTestContext.java:130) ~[spring-test-6.1.6.jar:6.1.6]
	at org.springframework.test.context.web.ServletTestExecutionListener.setUpRequestContextIfNecessary(ServletTestExecutionListener.java:191) ~[spring-test-6.1.6.jar:6.1.6]
	at org.springframework.test.context.web.ServletTestExecutionListener.prepareTestInstance(ServletTestExecutionListener.java:130) ~[spring-test-6.1.6.jar:6.1.6]
	at org.springframework.test.context.TestContextManager.prepareTestInstance(TestContextManager.java:260) ~[spring-test-6.1.6.jar:6.1.6]
	at org.springframework.test.context.junit.jupiter.SpringExtension.postProcessTestInstance(SpringExtension.java:163) ~[spring-test-6.1.6.jar:6.1.6]
	at org.junit.jupiter.engine.descriptor.ClassBasedTestDescriptor.lambda$invokeTestInstancePostProcessors$10(ClassBasedTestDescriptor.java:378) ~[junit-jupiter-engine-5.10.2.jar:5.10.2]
	at org.junit.jupiter.engine.descriptor.ClassBasedTestDescriptor.executeAndMaskThrowable(ClassBasedTestDescriptor.java:383) ~[junit-jupiter-engine-5.10.2.jar:5.10.2]
	at org.junit.jupiter.engine.descriptor.ClassBasedTestDescriptor.lambda$invokeTestInstancePostProcessors$11(ClassBasedTestDescriptor.java:378) ~[junit-jupiter-engine-5.10.2.jar:5.10.2]
	at java.base/java.util.stream.ReferencePipeline$3$1.accept(ReferencePipeline.java:197) ~[na:na]
	at java.base/java.util.stream.ReferencePipeline$2$1.accept(ReferencePipeline.java:179) ~[na:na]
	at java.base/java.util.ArrayList$ArrayListSpliterator.forEachRemaining(ArrayList.java:1625) ~[na:na]
	at java.base/java.util.stream.AbstractPipeline.copyInto(AbstractPipeline.java:509) ~[na:na]
	at java.base/java.util.stream.AbstractPipeline.wrapAndCopyInto(AbstractPipeline.java:499) ~[na:na]
	at java.base/java.util.stream.StreamSpliterators$WrappingSpliterator.forEachRemaining(StreamSpliterators.java:310) ~[na:na]
	at java.base/java.util.stream.Streams$ConcatSpliterator.forEachRemaining(Streams.java:735) ~[na:na]
	at java.base/java.util.stream.Streams$ConcatSpliterator.forEachRemaining(Streams.java:734) ~[na:na]
	at java.base/java.util.stream.ReferencePipeline$Head.forEach(ReferencePipeline.java:762) ~[na:na]
	at org.junit.jupiter.engine.descriptor.ClassBasedTestDescriptor.invokeTestInstancePostProcessors(ClassBasedTestDescriptor.java:377) ~[junit-jupiter-engine-5.10.2.jar:5.10.2]
	at org.junit.jupiter.engine.descriptor.ClassBasedTestDescriptor.lambda$instantiateAndPostProcessTestInstance$6(ClassBasedTestDescriptor.java:290) ~[junit-jupiter-engine-5.10.2.jar:5.10.2]
	at org.junit.platform.engine.support.hierarchical.ThrowableCollector.execute(ThrowableCollector.java:73) ~[junit-platform-engine-1.10.2.jar:1.10.2]
	at org.junit.jupiter.engine.descriptor.ClassBasedTestDescriptor.instantiateAndPostProcessTestInstance(ClassBasedTestDescriptor.java:289) ~[junit-jupiter-engine-5.10.2.jar:5.10.2]
	at org.junit.jupiter.engine.descriptor.ClassBasedTestDescriptor.lambda$testInstancesProvider$4(ClassBasedTestDescriptor.java:279) ~[junit-jupiter-engine-5.10.2.jar:5.10.2]
	at java.base/java.util.Optional.orElseGet(Optional.java:364) ~[na:na]
	at org.junit.jupiter.engine.descriptor.ClassBasedTestDescriptor.lambda$testInstancesProvider$5(ClassBasedTestDescriptor.java:278) ~[junit-jupiter-engine-5.10.2.jar:5.10.2]
	at org.junit.jupiter.engine.execution.TestInstancesProvider.getTestInstances(TestInstancesProvider.java:31) ~[junit-jupiter-engine-5.10.2.jar:5.10.2]
	at org.junit.jupiter.engine.descriptor.TestMethodTestDescriptor.lambda$prepare$0(TestMethodTestDescriptor.java:106) ~[junit-jupiter-engine-5.10.2.jar:5.10.2]
	at org.junit.platform.engine.support.hierarchical.ThrowableCollector.execute(ThrowableCollector.java:73) ~[junit-platform-engine-1.10.2.jar:1.10.2]
	at org.junit.jupiter.engine.descriptor.TestMethodTestDescriptor.prepare(TestMethodTestDescriptor.java:105) ~[junit-jupiter-engine-5.10.2.jar:5.10.2]
	at org.junit.jupiter.engine.descriptor.TestMethodTestDescriptor.prepare(TestMethodTestDescriptor.java:69) ~[junit-jupiter-engine-5.10.2.jar:5.10.2]
	at org.junit.platform.engine.support.hierarchical.NodeTestTask.lambda$prepare$2(NodeTestTask.java:123) ~[junit-platform-engine-1.10.2.jar:1.10.2]
	at org.junit.platform.engine.support.hierarchical.ThrowableCollector.execute(ThrowableCollector.java:73) ~[junit-platform-engine-1.10.2.jar:1.10.2]
	at org.junit.platform.engine.support.hierarchical.NodeTestTask.prepare(NodeTestTask.java:123) ~[junit-platform-engine-1.10.2.jar:1.10.2]
	at org.junit.platform.engine.support.hierarchical.NodeTestTask.execute(NodeTestTask.java:90) ~[junit-platform-engine-1.10.2.jar:1.10.2]
	at java.base/java.util.ArrayList.forEach(ArrayList.java:1511) ~[na:na]
	at org.junit.platform.engine.support.hierarchical.SameThreadHierarchicalTestExecutorService.invokeAll(SameThreadHierarchicalTestExecutorService.java:41) ~[junit-platform-engine-1.10.2.jar:1.10.2]
	at org.junit.platform.engine.support.hierarchical.NodeTestTask.lambda$executeRecursively$6(NodeTestTask.java:155) ~[junit-platform-engine-1.10.2.jar:1.10.2]
	at org.junit.platform.engine.support.hierarchical.ThrowableCollector.execute(ThrowableCollector.java:73) ~[junit-platform-engine-1.10.2.jar:1.10.2]
	at org.junit.platform.engine.support.hierarchical.NodeTestTask.lambda$executeRecursively$8(NodeTestTask.java:141) ~[junit-platform-engine-1.10.2.jar:1.10.2]
	at org.junit.platform.engine.support.hierarchical.Node.around(Node.java:137) ~[junit-platform-engine-1.10.2.jar:1.10.2]
	at org.junit.platform.engine.support.hierarchical.NodeTestTask.lambda$executeRecursively$9(NodeTestTask.java:139) ~[junit-platform-engine-1.10.2.jar:1.10.2]
	at org.junit.platform.engine.support.hierarchical.ThrowableCollector.execute(ThrowableCollector.java:73) ~[junit-platform-engine-1.10.2.jar:1.10.2]
	at org.junit.platform.engine.support.hierarchical.NodeTestTask.executeRecursively(NodeTestTask.java:138) ~[junit-platform-engine-1.10.2.jar:1.10.2]
	at org.junit.platform.engine.support.hierarchical.NodeTestTask.execute(NodeTestTask.java:95) ~[junit-platform-engine-1.10.2.jar:1.10.2]
	at java.base/java.util.ArrayList.forEach(ArrayList.java:1511) ~[na:na]
	at org.junit.platform.engine.support.hierarchical.SameThreadHierarchicalTestExecutorService.invokeAll(SameThreadHierarchicalTestExecutorService.java:41) ~[junit-platform-engine-1.10.2.jar:1.10.2]
	at org.junit.platform.engine.support.hierarchical.NodeTestTask.lambda$executeRecursively$6(NodeTestTask.java:155) ~[junit-platform-engine-1.10.2.jar:1.10.2]
	at org.junit.platform.engine.support.hierarchical.ThrowableCollector.execute(ThrowableCollector.java:73) ~[junit-platform-engine-1.10.2.jar:1.10.2]
	at org.junit.platform.engine.support.hierarchical.NodeTestTask.lambda$executeRecursively$8(NodeTestTask.java:141) ~[junit-platform-engine-1.10.2.jar:1.10.2]
	at org.junit.platform.engine.support.hierarchical.Node.around(Node.java:137) ~[junit-platform-engine-1.10.2.jar:1.10.2]
	at org.junit.platform.engine.support.hierarchical.NodeTestTask.lambda$executeRecursively$9(NodeTestTask.java:139) ~[junit-platform-engine-1.10.2.jar:1.10.2]
	at org.junit.platform.engine.support.hierarchical.ThrowableCollector.execute(ThrowableCollector.java:73) ~[junit-platform-engine-1.10.2.jar:1.10.2]
	at org.junit.platform.engine.support.hierarchical.NodeTestTask.executeRecursively(NodeTestTask.java:138) ~[junit-platform-engine-1.10.2.jar:1.10.2]
	at org.junit.platform.engine.support.hierarchical.NodeTestTask.execute(NodeTestTask.java:95) ~[junit-platform-engine-1.10.2.jar:1.10.2]
	at org.junit.platform.engine.support.hierarchical.SameThreadHierarchicalTestExecutorService.submit(SameThreadHierarchicalTestExecutorService.java:35) ~[junit-platform-engine-1.10.2.jar:1.10.2]
	at org.junit.platform.engine.support.hierarchical.HierarchicalTestExecutor.execute(HierarchicalTestExecutor.java:57) ~[junit-platform-engine-1.10.2.jar:1.10.2]
	at org.junit.platform.engine.support.hierarchical.HierarchicalTestEngine.execute(HierarchicalTestEngine.java:54) ~[junit-platform-engine-1.10.2.jar:1.10.2]
	at org.junit.platform.launcher.core.EngineExecutionOrchestrator.execute(EngineExecutionOrchestrator.java:198) ~[junit-platform-launcher-1.10.2.jar:1.10.2]
	at org.junit.platform.launcher.core.EngineExecutionOrchestrator.execute(EngineExecutionOrchestrator.java:169) ~[junit-platform-launcher-1.10.2.jar:1.10.2]
	at org.junit.platform.launcher.core.EngineExecutionOrchestrator.execute(EngineExecutionOrchestrator.java:93) ~[junit-platform-launcher-1.10.2.jar:1.10.2]
	at org.junit.platform.launcher.core.EngineExecutionOrchestrator.lambda$execute$0(EngineExecutionOrchestrator.java:58) ~[junit-platform-launcher-1.10.2.jar:1.10.2]
	at org.junit.platform.launcher.core.EngineExecutionOrchestrator.withInterceptedStreams(EngineExecutionOrchestrator.java:141) ~[junit-platform-launcher-1.10.2.jar:1.10.2]
	at org.junit.platform.launcher.core.EngineExecutionOrchestrator.execute(EngineExecutionOrchestrator.java:57) ~[junit-platform-launcher-1.10.2.jar:1.10.2]
	at org.junit.platform.launcher.core.DefaultLauncher.execute(DefaultLauncher.java:103) ~[junit-platform-launcher-1.10.2.jar:1.10.2]
	at org.junit.platform.launcher.core.DefaultLauncher.execute(DefaultLauncher.java:85) ~[junit-platform-launcher-1.10.2.jar:1.10.2]
	at org.junit.platform.launcher.core.DelegatingLauncher.execute(DelegatingLauncher.java:47) ~[junit-platform-launcher-1.10.2.jar:1.10.2]
	at org.apache.maven.surefire.junitplatform.LazyLauncher.execute(LazyLauncher.java:56) ~[surefire-junit-platform-3.1.2.jar:3.1.2]
	at org.apache.maven.surefire.junitplatform.JUnitPlatformProvider.execute(JUnitPlatformProvider.java:184) ~[surefire-junit-platform-3.1.2.jar:3.1.2]
	at org.apache.maven.surefire.junitplatform.JUnitPlatformProvider.invokeAllTests(JUnitPlatformProvider.java:148) ~[surefire-junit-platform-3.1.2.jar:3.1.2]
	at org.apache.maven.surefire.junitplatform.JUnitPlatformProvider.invoke(JUnitPlatformProvider.java:122) ~[surefire-junit-platform-3.1.2.jar:3.1.2]
	at org.apache.maven.surefire.booter.ForkedBooter.runSuitesInProcess(ForkedBooter.java:385) ~[surefire-booter-3.1.2.jar:3.1.2]
	at org.apache.maven.surefire.booter.ForkedBooter.execute(ForkedBooter.java:162) ~[surefire-booter-3.1.2.jar:3.1.2]
	at org.apache.maven.surefire.booter.ForkedBooter.run(ForkedBooter.java:507) ~[surefire-booter-3.1.2.jar:3.1.2]
	at org.apache.maven.surefire.booter.ForkedBooter.main(ForkedBooter.java:495) ~[surefire-booter-3.1.2.jar:3.1.2]

2024-05-17T15:11:55.412+02:00 DEBUG 4684 --- [clothlogix] [           main] org.hibernate.orm.sql.ast.tree           : SQL AST Tree:
    SelectStatement {
      FromClause {
        OneToManyTableGroup (p1 : com.fabless.clothlogix.model.entities.MagazzinoEntity.prodotti) {
          primaryTableReference : prodotto as p1_0
          TableGroupJoins {
            left  join LazyTableGroup (s1 : com.fabless.clothlogix.model.entities.MagazzinoEntity.prodotti.{element}.sezioni) {
              primaryTableReference : sezione as s1_0
            }
          }
        }
      }
    }

2024-05-17T15:11:55.412+02:00 DEBUG 4684 --- [clothlogix] [           main] org.hibernate.orm.jdbc.mutation          : Static SQL for collection: com.fabless.clothlogix.model.entities.MagazzinoEntity.prodotti
2024-05-17T15:11:55.412+02:00 DEBUG 4684 --- [clothlogix] [           main] org.hibernate.orm.jdbc.mutation          :  Row insert: update prodotto set id_prodotto=? where id=?
2024-05-17T15:11:55.412+02:00 DEBUG 4684 --- [clothlogix] [           main] org.hibernate.orm.jdbc.mutation          :  Row delete: update prodotto set id_prodotto=null where id_prodotto=? and id=?
2024-05-17T15:11:55.412+02:00 TRACE 4684 --- [clothlogix] [           main] org.hibernate.orm.jdbc.mutation          : Starting RemoveCoordinator#buildOperationGroup - com.fabless.clothlogix.model.entities.MagazzinoEntity.prodotti
2024-05-17T15:11:55.412+02:00 DEBUG 4684 --- [clothlogix] [           main] org.hibernate.orm.jdbc.mutation          :  One-shot delete: update prodotto set id_prodotto=null where id_prodotto=?
2024-05-17T15:11:55.412+02:00 DEBUG 4684 --- [clothlogix] [           main] org.hibernate.orm.sql.ast.create         : Created new SQL alias : p1_0
2024-05-17T15:11:55.412+02:00 DEBUG 4684 --- [clothlogix] [           main] org.hibernate.orm.sql.ast.create         : Registration of TableGroup [org.hibernate.sql.ast.tree.from.OneToManyTableGroup@6520625f] with identifierForTableGroup [com.fabless.clothlogix.model.entities.SezioneEntity.prodotti] for NavigablePath [com.fabless.clothlogix.model.entities.SezioneEntity.prodotti] 
2024-05-17T15:11:55.412+02:00 DEBUG 4684 --- [clothlogix] [           main] org.hibernate.orm.sql.ast.create         : Registration of TableGroup [StandardTableGroup(com.fabless.clothlogix.model.entities.SezioneEntity.prodotti.{element})] with identifierForTableGroup [com.fabless.clothlogix.model.entities.SezioneEntity.prodotti.{element}] for NavigablePath [com.fabless.clothlogix.model.entities.SezioneEntity.prodotti.{element}] 
2024-05-17T15:11:55.412+02:00 TRACE 4684 --- [clothlogix] [           main] o.h.l.ast.internal.LoaderSelectBuilder   : Starting visitation of FetchParent's Fetchables : com.fabless.clothlogix.model.entities.SezioneEntity.prodotti.{element}
2024-05-17T15:11:55.412+02:00 DEBUG 4684 --- [clothlogix] [           main] org.hibernate.orm.sql.ast.create         : Registration of TableGroup [org.hibernate.sql.ast.tree.from.LazyTableGroup@7bbe532b] with identifierForTableGroup [com.fabless.clothlogix.model.entities.SezioneEntity.prodotti.{element}.sezioni] for NavigablePath [com.fabless.clothlogix.model.entities.SezioneEntity.prodotti.{element}.sezioni] 
2024-05-17T15:11:55.422+02:00 DEBUG 4684 --- [clothlogix] [           main] org.hibernate.orm.results.graph.AST      : DomainResult Graph:
 \-CollectionDomainResult [com.fabless.clothlogix.model.entities.SezioneEntity.prodotti]

2024-05-17T15:11:55.422+02:00 TRACE 4684 --- [clothlogix] [           main] org.hibernate.orm.results.graph.AST      : Stack trace calling DomainResultGraphPrinter

java.lang.Exception: null
	at org.hibernate.sql.results.graph.DomainResultGraphPrinter.visitDomainResults(DomainResultGraphPrinter.java:70) ~[hibernate-core-6.4.4.Final.jar:6.4.4.Final]
	at org.hibernate.sql.results.graph.DomainResultGraphPrinter.logDomainResultGraph(DomainResultGraphPrinter.java:46) ~[hibernate-core-6.4.4.Final.jar:6.4.4.Final]
	at org.hibernate.sql.results.graph.DomainResultGraphPrinter.logDomainResultGraph(DomainResultGraphPrinter.java:37) ~[hibernate-core-6.4.4.Final.jar:6.4.4.Final]
	at org.hibernate.sql.ast.spi.AbstractSqlAstTranslator.translateSelect(AbstractSqlAstTranslator.java:858) ~[hibernate-core-6.4.4.Final.jar:6.4.4.Final]
	at org.hibernate.sql.ast.spi.AbstractSqlAstTranslator.translate(AbstractSqlAstTranslator.java:811) ~[hibernate-core-6.4.4.Final.jar:6.4.4.Final]
	at org.hibernate.loader.ast.internal.CollectionLoaderSingleKey.<init>(CollectionLoaderSingleKey.java:78) ~[hibernate-core-6.4.4.Final.jar:6.4.4.Final]
	at org.hibernate.persister.collection.AbstractCollectionPersister.createSingleKeyCollectionLoader(AbstractCollectionPersister.java:791) ~[hibernate-core-6.4.4.Final.jar:6.4.4.Final]
	at org.hibernate.persister.collection.AbstractCollectionPersister.createNamedQueryCollectionLoader(AbstractCollectionPersister.java:776) ~[hibernate-core-6.4.4.Final.jar:6.4.4.Final]
	at org.hibernate.persister.collection.AbstractCollectionPersister.postInstantiate(AbstractCollectionPersister.java:619) ~[hibernate-core-6.4.4.Final.jar:6.4.4.Final]
	at java.base/java.util.concurrent.ConcurrentHashMap$ValuesView.forEach(ConcurrentHashMap.java:4783) ~[na:na]
	at org.hibernate.metamodel.model.domain.internal.MappingMetamodelImpl.finishInitialization(MappingMetamodelImpl.java:209) ~[hibernate-core-6.4.4.Final.jar:6.4.4.Final]
	at org.hibernate.internal.SessionFactoryImpl.initializeMappingModel(SessionFactoryImpl.java:364) ~[hibernate-core-6.4.4.Final.jar:6.4.4.Final]
	at org.hibernate.internal.SessionFactoryImpl.<init>(SessionFactoryImpl.java:293) ~[hibernate-core-6.4.4.Final.jar:6.4.4.Final]
	at org.hibernate.boot.internal.SessionFactoryBuilderImpl.build(SessionFactoryBuilderImpl.java:450) ~[hibernate-core-6.4.4.Final.jar:6.4.4.Final]
	at org.hibernate.jpa.boot.internal.EntityManagerFactoryBuilderImpl.build(EntityManagerFactoryBuilderImpl.java:1507) ~[hibernate-core-6.4.4.Final.jar:6.4.4.Final]
	at org.springframework.orm.jpa.vendor.SpringHibernateJpaPersistenceProvider.createContainerEntityManagerFactory(SpringHibernateJpaPersistenceProvider.java:75) ~[spring-orm-6.1.6.jar:6.1.6]
	at org.springframework.orm.jpa.LocalContainerEntityManagerFactoryBean.createNativeEntityManagerFactory(LocalContainerEntityManagerFactoryBean.java:390) ~[spring-orm-6.1.6.jar:6.1.6]
	at org.springframework.orm.jpa.AbstractEntityManagerFactoryBean.buildNativeEntityManagerFactory(AbstractEntityManagerFactoryBean.java:409) ~[spring-orm-6.1.6.jar:6.1.6]
	at org.springframework.orm.jpa.AbstractEntityManagerFactoryBean.afterPropertiesSet(AbstractEntityManagerFactoryBean.java:396) ~[spring-orm-6.1.6.jar:6.1.6]
	at org.springframework.orm.jpa.LocalContainerEntityManagerFactoryBean.afterPropertiesSet(LocalContainerEntityManagerFactoryBean.java:366) ~[spring-orm-6.1.6.jar:6.1.6]
	at org.springframework.beans.factory.support.AbstractAutowireCapableBeanFactory.invokeInitMethods(AbstractAutowireCapableBeanFactory.java:1833) ~[spring-beans-6.1.6.jar:6.1.6]
	at org.springframework.beans.factory.support.AbstractAutowireCapableBeanFactory.initializeBean(AbstractAutowireCapableBeanFactory.java:1782) ~[spring-beans-6.1.6.jar:6.1.6]
	at org.springframework.beans.factory.support.AbstractAutowireCapableBeanFactory.doCreateBean(AbstractAutowireCapableBeanFactory.java:600) ~[spring-beans-6.1.6.jar:6.1.6]
	at org.springframework.beans.factory.support.AbstractAutowireCapableBeanFactory.createBean(AbstractAutowireCapableBeanFactory.java:522) ~[spring-beans-6.1.6.jar:6.1.6]
	at org.springframework.beans.factory.support.AbstractBeanFactory.lambda$doGetBean$0(AbstractBeanFactory.java:326) ~[spring-beans-6.1.6.jar:6.1.6]
	at org.springframework.beans.factory.support.DefaultSingletonBeanRegistry.getSingleton(DefaultSingletonBeanRegistry.java:234) ~[spring-beans-6.1.6.jar:6.1.6]
	at org.springframework.beans.factory.support.AbstractBeanFactory.doGetBean(AbstractBeanFactory.java:324) ~[spring-beans-6.1.6.jar:6.1.6]
	at org.springframework.beans.factory.support.AbstractBeanFactory.getBean(AbstractBeanFactory.java:200) ~[spring-beans-6.1.6.jar:6.1.6]
	at org.springframework.context.support.AbstractApplicationContext.getBean(AbstractApplicationContext.java:1234) ~[spring-context-6.1.6.jar:6.1.6]
	at org.springframework.context.support.AbstractApplicationContext.finishBeanFactoryInitialization(AbstractApplicationContext.java:952) ~[spring-context-6.1.6.jar:6.1.6]
	at org.springframework.context.support.AbstractApplicationContext.refresh(AbstractApplicationContext.java:624) ~[spring-context-6.1.6.jar:6.1.6]
	at org.springframework.boot.SpringApplication.refresh(SpringApplication.java:754) ~[spring-boot-3.2.5.jar:3.2.5]
	at org.springframework.boot.SpringApplication.refreshContext(SpringApplication.java:456) ~[spring-boot-3.2.5.jar:3.2.5]
	at org.springframework.boot.SpringApplication.run(SpringApplication.java:334) ~[spring-boot-3.2.5.jar:3.2.5]
	at org.springframework.boot.test.context.SpringBootContextLoader.lambda$loadContext$3(SpringBootContextLoader.java:137) ~[spring-boot-test-3.2.5.jar:3.2.5]
	at org.springframework.util.function.ThrowingSupplier.get(ThrowingSupplier.java:58) ~[spring-core-6.1.6.jar:6.1.6]
	at org.springframework.util.function.ThrowingSupplier.get(ThrowingSupplier.java:46) ~[spring-core-6.1.6.jar:6.1.6]
	at org.springframework.boot.SpringApplication.withHook(SpringApplication.java:1454) ~[spring-boot-3.2.5.jar:3.2.5]
	at org.springframework.boot.test.context.SpringBootContextLoader$ContextLoaderHook.run(SpringBootContextLoader.java:553) ~[spring-boot-test-3.2.5.jar:3.2.5]
	at org.springframework.boot.test.context.SpringBootContextLoader.loadContext(SpringBootContextLoader.java:137) ~[spring-boot-test-3.2.5.jar:3.2.5]
	at org.springframework.boot.test.context.SpringBootContextLoader.loadContext(SpringBootContextLoader.java:108) ~[spring-boot-test-3.2.5.jar:3.2.5]
	at org.springframework.test.context.cache.DefaultCacheAwareContextLoaderDelegate.loadContextInternal(DefaultCacheAwareContextLoaderDelegate.java:225) ~[spring-test-6.1.6.jar:6.1.6]
	at org.springframework.test.context.cache.DefaultCacheAwareContextLoaderDelegate.loadContext(DefaultCacheAwareContextLoaderDelegate.java:152) ~[spring-test-6.1.6.jar:6.1.6]
	at org.springframework.test.context.support.DefaultTestContext.getApplicationContext(DefaultTestContext.java:130) ~[spring-test-6.1.6.jar:6.1.6]
	at org.springframework.test.context.web.ServletTestExecutionListener.setUpRequestContextIfNecessary(ServletTestExecutionListener.java:191) ~[spring-test-6.1.6.jar:6.1.6]
	at org.springframework.test.context.web.ServletTestExecutionListener.prepareTestInstance(ServletTestExecutionListener.java:130) ~[spring-test-6.1.6.jar:6.1.6]
	at org.springframework.test.context.TestContextManager.prepareTestInstance(TestContextManager.java:260) ~[spring-test-6.1.6.jar:6.1.6]
	at org.springframework.test.context.junit.jupiter.SpringExtension.postProcessTestInstance(SpringExtension.java:163) ~[spring-test-6.1.6.jar:6.1.6]
	at org.junit.jupiter.engine.descriptor.ClassBasedTestDescriptor.lambda$invokeTestInstancePostProcessors$10(ClassBasedTestDescriptor.java:378) ~[junit-jupiter-engine-5.10.2.jar:5.10.2]
	at org.junit.jupiter.engine.descriptor.ClassBasedTestDescriptor.executeAndMaskThrowable(ClassBasedTestDescriptor.java:383) ~[junit-jupiter-engine-5.10.2.jar:5.10.2]
	at org.junit.jupiter.engine.descriptor.ClassBasedTestDescriptor.lambda$invokeTestInstancePostProcessors$11(ClassBasedTestDescriptor.java:378) ~[junit-jupiter-engine-5.10.2.jar:5.10.2]
	at java.base/java.util.stream.ReferencePipeline$3$1.accept(ReferencePipeline.java:197) ~[na:na]
	at java.base/java.util.stream.ReferencePipeline$2$1.accept(ReferencePipeline.java:179) ~[na:na]
	at java.base/java.util.ArrayList$ArrayListSpliterator.forEachRemaining(ArrayList.java:1625) ~[na:na]
	at java.base/java.util.stream.AbstractPipeline.copyInto(AbstractPipeline.java:509) ~[na:na]
	at java.base/java.util.stream.AbstractPipeline.wrapAndCopyInto(AbstractPipeline.java:499) ~[na:na]
	at java.base/java.util.stream.StreamSpliterators$WrappingSpliterator.forEachRemaining(StreamSpliterators.java:310) ~[na:na]
	at java.base/java.util.stream.Streams$ConcatSpliterator.forEachRemaining(Streams.java:735) ~[na:na]
	at java.base/java.util.stream.Streams$ConcatSpliterator.forEachRemaining(Streams.java:734) ~[na:na]
	at java.base/java.util.stream.ReferencePipeline$Head.forEach(ReferencePipeline.java:762) ~[na:na]
	at org.junit.jupiter.engine.descriptor.ClassBasedTestDescriptor.invokeTestInstancePostProcessors(ClassBasedTestDescriptor.java:377) ~[junit-jupiter-engine-5.10.2.jar:5.10.2]
	at org.junit.jupiter.engine.descriptor.ClassBasedTestDescriptor.lambda$instantiateAndPostProcessTestInstance$6(ClassBasedTestDescriptor.java:290) ~[junit-jupiter-engine-5.10.2.jar:5.10.2]
	at org.junit.platform.engine.support.hierarchical.ThrowableCollector.execute(ThrowableCollector.java:73) ~[junit-platform-engine-1.10.2.jar:1.10.2]
	at org.junit.jupiter.engine.descriptor.ClassBasedTestDescriptor.instantiateAndPostProcessTestInstance(ClassBasedTestDescriptor.java:289) ~[junit-jupiter-engine-5.10.2.jar:5.10.2]
	at org.junit.jupiter.engine.descriptor.ClassBasedTestDescriptor.lambda$testInstancesProvider$4(ClassBasedTestDescriptor.java:279) ~[junit-jupiter-engine-5.10.2.jar:5.10.2]
	at java.base/java.util.Optional.orElseGet(Optional.java:364) ~[na:na]
	at org.junit.jupiter.engine.descriptor.ClassBasedTestDescriptor.lambda$testInstancesProvider$5(ClassBasedTestDescriptor.java:278) ~[junit-jupiter-engine-5.10.2.jar:5.10.2]
	at org.junit.jupiter.engine.execution.TestInstancesProvider.getTestInstances(TestInstancesProvider.java:31) ~[junit-jupiter-engine-5.10.2.jar:5.10.2]
	at org.junit.jupiter.engine.descriptor.TestMethodTestDescriptor.lambda$prepare$0(TestMethodTestDescriptor.java:106) ~[junit-jupiter-engine-5.10.2.jar:5.10.2]
	at org.junit.platform.engine.support.hierarchical.ThrowableCollector.execute(ThrowableCollector.java:73) ~[junit-platform-engine-1.10.2.jar:1.10.2]
	at org.junit.jupiter.engine.descriptor.TestMethodTestDescriptor.prepare(TestMethodTestDescriptor.java:105) ~[junit-jupiter-engine-5.10.2.jar:5.10.2]
	at org.junit.jupiter.engine.descriptor.TestMethodTestDescriptor.prepare(TestMethodTestDescriptor.java:69) ~[junit-jupiter-engine-5.10.2.jar:5.10.2]
	at org.junit.platform.engine.support.hierarchical.NodeTestTask.lambda$prepare$2(NodeTestTask.java:123) ~[junit-platform-engine-1.10.2.jar:1.10.2]
	at org.junit.platform.engine.support.hierarchical.ThrowableCollector.execute(ThrowableCollector.java:73) ~[junit-platform-engine-1.10.2.jar:1.10.2]
	at org.junit.platform.engine.support.hierarchical.NodeTestTask.prepare(NodeTestTask.java:123) ~[junit-platform-engine-1.10.2.jar:1.10.2]
	at org.junit.platform.engine.support.hierarchical.NodeTestTask.execute(NodeTestTask.java:90) ~[junit-platform-engine-1.10.2.jar:1.10.2]
	at java.base/java.util.ArrayList.forEach(ArrayList.java:1511) ~[na:na]
	at org.junit.platform.engine.support.hierarchical.SameThreadHierarchicalTestExecutorService.invokeAll(SameThreadHierarchicalTestExecutorService.java:41) ~[junit-platform-engine-1.10.2.jar:1.10.2]
	at org.junit.platform.engine.support.hierarchical.NodeTestTask.lambda$executeRecursively$6(NodeTestTask.java:155) ~[junit-platform-engine-1.10.2.jar:1.10.2]
	at org.junit.platform.engine.support.hierarchical.ThrowableCollector.execute(ThrowableCollector.java:73) ~[junit-platform-engine-1.10.2.jar:1.10.2]
	at org.junit.platform.engine.support.hierarchical.NodeTestTask.lambda$executeRecursively$8(NodeTestTask.java:141) ~[junit-platform-engine-1.10.2.jar:1.10.2]
	at org.junit.platform.engine.support.hierarchical.Node.around(Node.java:137) ~[junit-platform-engine-1.10.2.jar:1.10.2]
	at org.junit.platform.engine.support.hierarchical.NodeTestTask.lambda$executeRecursively$9(NodeTestTask.java:139) ~[junit-platform-engine-1.10.2.jar:1.10.2]
	at org.junit.platform.engine.support.hierarchical.ThrowableCollector.execute(ThrowableCollector.java:73) ~[junit-platform-engine-1.10.2.jar:1.10.2]
	at org.junit.platform.engine.support.hierarchical.NodeTestTask.executeRecursively(NodeTestTask.java:138) ~[junit-platform-engine-1.10.2.jar:1.10.2]
	at org.junit.platform.engine.support.hierarchical.NodeTestTask.execute(NodeTestTask.java:95) ~[junit-platform-engine-1.10.2.jar:1.10.2]
	at java.base/java.util.ArrayList.forEach(ArrayList.java:1511) ~[na:na]
	at org.junit.platform.engine.support.hierarchical.SameThreadHierarchicalTestExecutorService.invokeAll(SameThreadHierarchicalTestExecutorService.java:41) ~[junit-platform-engine-1.10.2.jar:1.10.2]
	at org.junit.platform.engine.support.hierarchical.NodeTestTask.lambda$executeRecursively$6(NodeTestTask.java:155) ~[junit-platform-engine-1.10.2.jar:1.10.2]
	at org.junit.platform.engine.support.hierarchical.ThrowableCollector.execute(ThrowableCollector.java:73) ~[junit-platform-engine-1.10.2.jar:1.10.2]
	at org.junit.platform.engine.support.hierarchical.NodeTestTask.lambda$executeRecursively$8(NodeTestTask.java:141) ~[junit-platform-engine-1.10.2.jar:1.10.2]
	at org.junit.platform.engine.support.hierarchical.Node.around(Node.java:137) ~[junit-platform-engine-1.10.2.jar:1.10.2]
	at org.junit.platform.engine.support.hierarchical.NodeTestTask.lambda$executeRecursively$9(NodeTestTask.java:139) ~[junit-platform-engine-1.10.2.jar:1.10.2]
	at org.junit.platform.engine.support.hierarchical.ThrowableCollector.execute(ThrowableCollector.java:73) ~[junit-platform-engine-1.10.2.jar:1.10.2]
	at org.junit.platform.engine.support.hierarchical.NodeTestTask.executeRecursively(NodeTestTask.java:138) ~[junit-platform-engine-1.10.2.jar:1.10.2]
	at org.junit.platform.engine.support.hierarchical.NodeTestTask.execute(NodeTestTask.java:95) ~[junit-platform-engine-1.10.2.jar:1.10.2]
	at org.junit.platform.engine.support.hierarchical.SameThreadHierarchicalTestExecutorService.submit(SameThreadHierarchicalTestExecutorService.java:35) ~[junit-platform-engine-1.10.2.jar:1.10.2]
	at org.junit.platform.engine.support.hierarchical.HierarchicalTestExecutor.execute(HierarchicalTestExecutor.java:57) ~[junit-platform-engine-1.10.2.jar:1.10.2]
	at org.junit.platform.engine.support.hierarchical.HierarchicalTestEngine.execute(HierarchicalTestEngine.java:54) ~[junit-platform-engine-1.10.2.jar:1.10.2]
	at org.junit.platform.launcher.core.EngineExecutionOrchestrator.execute(EngineExecutionOrchestrator.java:198) ~[junit-platform-launcher-1.10.2.jar:1.10.2]
	at org.junit.platform.launcher.core.EngineExecutionOrchestrator.execute(EngineExecutionOrchestrator.java:169) ~[junit-platform-launcher-1.10.2.jar:1.10.2]
	at org.junit.platform.launcher.core.EngineExecutionOrchestrator.execute(EngineExecutionOrchestrator.java:93) ~[junit-platform-launcher-1.10.2.jar:1.10.2]
	at org.junit.platform.launcher.core.EngineExecutionOrchestrator.lambda$execute$0(EngineExecutionOrchestrator.java:58) ~[junit-platform-launcher-1.10.2.jar:1.10.2]
	at org.junit.platform.launcher.core.EngineExecutionOrchestrator.withInterceptedStreams(EngineExecutionOrchestrator.java:141) ~[junit-platform-launcher-1.10.2.jar:1.10.2]
	at org.junit.platform.launcher.core.EngineExecutionOrchestrator.execute(EngineExecutionOrchestrator.java:57) ~[junit-platform-launcher-1.10.2.jar:1.10.2]
	at org.junit.platform.launcher.core.DefaultLauncher.execute(DefaultLauncher.java:103) ~[junit-platform-launcher-1.10.2.jar:1.10.2]
	at org.junit.platform.launcher.core.DefaultLauncher.execute(DefaultLauncher.java:85) ~[junit-platform-launcher-1.10.2.jar:1.10.2]
	at org.junit.platform.launcher.core.DelegatingLauncher.execute(DelegatingLauncher.java:47) ~[junit-platform-launcher-1.10.2.jar:1.10.2]
	at org.apache.maven.surefire.junitplatform.LazyLauncher.execute(LazyLauncher.java:56) ~[surefire-junit-platform-3.1.2.jar:3.1.2]
	at org.apache.maven.surefire.junitplatform.JUnitPlatformProvider.execute(JUnitPlatformProvider.java:184) ~[surefire-junit-platform-3.1.2.jar:3.1.2]
	at org.apache.maven.surefire.junitplatform.JUnitPlatformProvider.invokeAllTests(JUnitPlatformProvider.java:148) ~[surefire-junit-platform-3.1.2.jar:3.1.2]
	at org.apache.maven.surefire.junitplatform.JUnitPlatformProvider.invoke(JUnitPlatformProvider.java:122) ~[surefire-junit-platform-3.1.2.jar:3.1.2]
	at org.apache.maven.surefire.booter.ForkedBooter.runSuitesInProcess(ForkedBooter.java:385) ~[surefire-booter-3.1.2.jar:3.1.2]
	at org.apache.maven.surefire.booter.ForkedBooter.execute(ForkedBooter.java:162) ~[surefire-booter-3.1.2.jar:3.1.2]
	at org.apache.maven.surefire.booter.ForkedBooter.run(ForkedBooter.java:507) ~[surefire-booter-3.1.2.jar:3.1.2]
	at org.apache.maven.surefire.booter.ForkedBooter.main(ForkedBooter.java:495) ~[surefire-booter-3.1.2.jar:3.1.2]

2024-05-17T15:11:55.422+02:00 DEBUG 4684 --- [clothlogix] [           main] org.hibernate.orm.sql.ast.tree           : SQL AST Tree:
    SelectStatement {
      FromClause {
        OneToManyTableGroup (p1 : com.fabless.clothlogix.model.entities.SezioneEntity.prodotti) {
          primaryTableReference : prodotto as p1_0
          TableGroupJoins {
            left  join LazyTableGroup (s1 : com.fabless.clothlogix.model.entities.SezioneEntity.prodotti.{element}.sezioni) {
            }
          }
        }
      }
    }

2024-05-17T15:11:55.422+02:00 DEBUG 4684 --- [clothlogix] [           main] org.hibernate.orm.jdbc.mutation          : Static SQL for collection: com.fabless.clothlogix.model.entities.SezioneEntity.prodotti
2024-05-17T15:11:55.432+02:00 TRACE 4684 --- [clothlogix] [           main] o.h.metamodel.internal.MetadataContext   : Wrapping up metadata context...
2024-05-17T15:11:55.432+02:00 TRACE 4684 --- [clothlogix] [           main] o.h.metamodel.internal.MetadataContext   : Starting entity [com.fabless.clothlogix.model.entities.ProdottoEntity]
2024-05-17T15:11:55.432+02:00 TRACE 4684 --- [clothlogix] [           main] o.h.metamodel.internal.AttributeFactory  : Building identifier attribute [com.fabless.clothlogix.model.entities.ProdottoEntity.id]
2024-05-17T15:11:55.432+02:00 TRACE 4684 --- [clothlogix] [           main] o.h.metamodel.internal.AttributeFactory  : Starting attribute metadata determination [id]
2024-05-17T15:11:55.432+02:00 TRACE 4684 --- [clothlogix] [           main] o.h.metamodel.internal.AttributeFactory  :     Determined member [private java.lang.Long com.fabless.clothlogix.model.entities.ProdottoEntity.id]
2024-05-17T15:11:55.432+02:00 TRACE 4684 --- [clothlogix] [           main] o.h.metamodel.internal.AttributeFactory  :     Determined type [name=long, class=org.hibernate.type.internal.NamedBasicTypeImpl]
2024-05-17T15:11:55.432+02:00 TRACE 4684 --- [clothlogix] [           main] o.h.metamodel.internal.AttributeFactory  : Building attribute [com.fabless.clothlogix.model.entities.ProdottoEntity.codiceProdotto]
2024-05-17T15:11:55.432+02:00 TRACE 4684 --- [clothlogix] [           main] o.h.metamodel.internal.AttributeFactory  : Starting attribute metadata determination [codiceProdotto]
2024-05-17T15:11:55.432+02:00 TRACE 4684 --- [clothlogix] [           main] o.h.metamodel.internal.AttributeFactory  :     Determined member [private java.lang.String com.fabless.clothlogix.model.entities.ProdottoEntity.codiceProdotto]
2024-05-17T15:11:55.432+02:00 TRACE 4684 --- [clothlogix] [           main] o.h.metamodel.internal.AttributeFactory  :     Determined type [name=string, class=org.hibernate.type.internal.NamedBasicTypeImpl]
2024-05-17T15:11:55.432+02:00 TRACE 4684 --- [clothlogix] [           main] o.h.metamodel.internal.AttributeFactory  : Building attribute [com.fabless.clothlogix.model.entities.ProdottoEntity.colori]
2024-05-17T15:11:55.432+02:00 TRACE 4684 --- [clothlogix] [           main] o.h.metamodel.internal.AttributeFactory  : Starting attribute metadata determination [colori]
2024-05-17T15:11:55.432+02:00 TRACE 4684 --- [clothlogix] [           main] o.h.metamodel.internal.AttributeFactory  :     Determined member [private java.util.Set com.fabless.clothlogix.model.entities.ProdottoEntity.colori]
2024-05-17T15:11:55.432+02:00 TRACE 4684 --- [clothlogix] [           main] o.h.metamodel.internal.AttributeFactory  :     Determined type [name=java.util.Set(com.fabless.clothlogix.model.entities.ProdottoEntity.colori), class=org.hibernate.type.SetType]
2024-05-17T15:11:55.437+02:00 TRACE 4684 --- [clothlogix] [           main] o.h.metamodel.internal.AttributeFactory  : Building attribute [com.fabless.clothlogix.model.entities.ProdottoEntity.descrizione]
2024-05-17T15:11:55.437+02:00 TRACE 4684 --- [clothlogix] [           main] o.h.metamodel.internal.AttributeFactory  : Starting attribute metadata determination [descrizione]
2024-05-17T15:11:55.437+02:00 TRACE 4684 --- [clothlogix] [           main] o.h.metamodel.internal.AttributeFactory  :     Determined member [private java.lang.String com.fabless.clothlogix.model.entities.ProdottoEntity.descrizione]
2024-05-17T15:11:55.437+02:00 TRACE 4684 --- [clothlogix] [           main] o.h.metamodel.internal.AttributeFactory  :     Determined type [name=string, class=org.hibernate.type.internal.NamedBasicTypeImpl]
2024-05-17T15:11:55.437+02:00 TRACE 4684 --- [clothlogix] [           main] o.h.metamodel.internal.AttributeFactory  : Building attribute [com.fabless.clothlogix.model.entities.ProdottoEntity.materiali]
2024-05-17T15:11:55.437+02:00 TRACE 4684 --- [clothlogix] [           main] o.h.metamodel.internal.AttributeFactory  : Starting attribute metadata determination [materiali]
2024-05-17T15:11:55.437+02:00 TRACE 4684 --- [clothlogix] [           main] o.h.metamodel.internal.AttributeFactory  :     Determined member [private java.util.Set com.fabless.clothlogix.model.entities.ProdottoEntity.materiali]
2024-05-17T15:11:55.437+02:00 TRACE 4684 --- [clothlogix] [           main] o.h.metamodel.internal.AttributeFactory  :     Determined type [name=java.util.Set(com.fabless.clothlogix.model.entities.ProdottoEntity.materiali), class=org.hibernate.type.SetType]
2024-05-17T15:11:55.437+02:00 TRACE 4684 --- [clothlogix] [           main] o.h.metamodel.internal.AttributeFactory  : Building attribute [com.fabless.clothlogix.model.entities.ProdottoEntity.prezzo]
2024-05-17T15:11:55.437+02:00 TRACE 4684 --- [clothlogix] [           main] o.h.metamodel.internal.AttributeFactory  : Starting attribute metadata determination [prezzo]
2024-05-17T15:11:55.437+02:00 TRACE 4684 --- [clothlogix] [           main] o.h.metamodel.internal.AttributeFactory  :     Determined member [private java.lang.Integer com.fabless.clothlogix.model.entities.ProdottoEntity.prezzo]
2024-05-17T15:11:55.437+02:00 TRACE 4684 --- [clothlogix] [           main] o.h.metamodel.internal.AttributeFactory  :     Determined type [name=integer, class=org.hibernate.type.internal.NamedBasicTypeImpl]
2024-05-17T15:11:55.437+02:00 TRACE 4684 --- [clothlogix] [           main] o.h.metamodel.internal.AttributeFactory  : Building attribute [com.fabless.clothlogix.model.entities.ProdottoEntity.sezioni]
2024-05-17T15:11:55.437+02:00 TRACE 4684 --- [clothlogix] [           main] o.h.metamodel.internal.AttributeFactory  : Starting attribute metadata determination [sezioni]
2024-05-17T15:11:55.437+02:00 TRACE 4684 --- [clothlogix] [           main] o.h.metamodel.internal.AttributeFactory  :     Determined member [private com.fabless.clothlogix.model.entities.SezioneEntity com.fabless.clothlogix.model.entities.ProdottoEntity.sezioni]
2024-05-17T15:11:55.437+02:00 TRACE 4684 --- [clothlogix] [           main] o.h.metamodel.internal.AttributeFactory  :     Determined type [name=com.fabless.clothlogix.model.entities.SezioneEntity, class=org.hibernate.type.ManyToOneType]
2024-05-17T15:11:55.437+02:00 TRACE 4684 --- [clothlogix] [           main] o.h.metamodel.internal.AttributeFactory  : Building attribute [com.fabless.clothlogix.model.entities.ProdottoEntity.taglie]
2024-05-17T15:11:55.437+02:00 TRACE 4684 --- [clothlogix] [           main] o.h.metamodel.internal.AttributeFactory  : Starting attribute metadata determination [taglie]
2024-05-17T15:11:55.437+02:00 TRACE 4684 --- [clothlogix] [           main] o.h.metamodel.internal.AttributeFactory  :     Determined member [private java.util.Set com.fabless.clothlogix.model.entities.ProdottoEntity.taglie]
2024-05-17T15:11:55.437+02:00 TRACE 4684 --- [clothlogix] [           main] o.h.metamodel.internal.AttributeFactory  :     Determined type [name=java.util.Set(com.fabless.clothlogix.model.entities.ProdottoEntity.taglie), class=org.hibernate.type.SetType]
2024-05-17T15:11:55.437+02:00 TRACE 4684 --- [clothlogix] [           main] o.h.metamodel.internal.AttributeFactory  : Building attribute [com.fabless.clothlogix.model.entities.ProdottoEntity.tipi]
2024-05-17T15:11:55.437+02:00 TRACE 4684 --- [clothlogix] [           main] o.h.metamodel.internal.AttributeFactory  : Starting attribute metadata determination [tipi]
2024-05-17T15:11:55.437+02:00 TRACE 4684 --- [clothlogix] [           main] o.h.metamodel.internal.AttributeFactory  :     Determined member [private java.util.Set com.fabless.clothlogix.model.entities.ProdottoEntity.tipi]
2024-05-17T15:11:55.437+02:00 TRACE 4684 --- [clothlogix] [           main] o.h.metamodel.internal.AttributeFactory  :     Determined type [name=java.util.Set(com.fabless.clothlogix.model.entities.ProdottoEntity.tipi), class=org.hibernate.type.SetType]
2024-05-17T15:11:55.437+02:00 TRACE 4684 --- [clothlogix] [           main] o.h.m.m.domain.AbstractIdentifiableType  : Interpreting domain-model identifier descriptor
2024-05-17T15:11:55.437+02:00 TRACE 4684 --- [clothlogix] [           main] o.h.metamodel.internal.MetadataContext   : Completed entity [com.fabless.clothlogix.model.entities.ProdottoEntity]
2024-05-17T15:11:55.437+02:00 TRACE 4684 --- [clothlogix] [           main] o.h.metamodel.internal.MetadataContext   : Starting entity [com.fabless.clothlogix.model.entities.TipoEntity]
2024-05-17T15:11:55.437+02:00 TRACE 4684 --- [clothlogix] [           main] o.h.metamodel.internal.AttributeFactory  : Building identifier attribute [com.fabless.clothlogix.model.entities.TipoEntity.id]
2024-05-17T15:11:55.437+02:00 TRACE 4684 --- [clothlogix] [           main] o.h.metamodel.internal.AttributeFactory  : Starting attribute metadata determination [id]
2024-05-17T15:11:55.437+02:00 TRACE 4684 --- [clothlogix] [           main] o.h.metamodel.internal.AttributeFactory  :     Determined member [private java.lang.Long com.fabless.clothlogix.model.entities.TipoEntity.id]
2024-05-17T15:11:55.437+02:00 TRACE 4684 --- [clothlogix] [           main] o.h.metamodel.internal.AttributeFactory  :     Determined type [name=long, class=org.hibernate.type.internal.NamedBasicTypeImpl]
2024-05-17T15:11:55.437+02:00 TRACE 4684 --- [clothlogix] [           main] o.h.metamodel.internal.AttributeFactory  : Building attribute [com.fabless.clothlogix.model.entities.TipoEntity.descrizione]
2024-05-17T15:11:55.437+02:00 TRACE 4684 --- [clothlogix] [           main] o.h.metamodel.internal.AttributeFactory  : Starting attribute metadata determination [descrizione]
2024-05-17T15:11:55.437+02:00 TRACE 4684 --- [clothlogix] [           main] o.h.metamodel.internal.AttributeFactory  :     Determined member [private java.lang.String com.fabless.clothlogix.model.entities.TipoEntity.descrizione]
2024-05-17T15:11:55.437+02:00 TRACE 4684 --- [clothlogix] [           main] o.h.metamodel.internal.AttributeFactory  :     Determined type [name=string, class=org.hibernate.type.internal.NamedBasicTypeImpl]
2024-05-17T15:11:55.437+02:00 TRACE 4684 --- [clothlogix] [           main] o.h.metamodel.internal.AttributeFactory  : Building attribute [com.fabless.clothlogix.model.entities.TipoEntity.prodotti]
2024-05-17T15:11:55.437+02:00 TRACE 4684 --- [clothlogix] [           main] o.h.metamodel.internal.AttributeFactory  : Starting attribute metadata determination [prodotti]
2024-05-17T15:11:55.437+02:00 TRACE 4684 --- [clothlogix] [           main] o.h.metamodel.internal.AttributeFactory  :     Determined member [private java.util.Set com.fabless.clothlogix.model.entities.TipoEntity.prodotti]
2024-05-17T15:11:55.437+02:00 TRACE 4684 --- [clothlogix] [           main] o.h.metamodel.internal.AttributeFactory  :     Determined type [name=java.util.Set(com.fabless.clothlogix.model.entities.TipoEntity.prodotti), class=org.hibernate.type.SetType]
2024-05-17T15:11:55.437+02:00 TRACE 4684 --- [clothlogix] [           main] o.h.m.m.domain.AbstractIdentifiableType  : Interpreting domain-model identifier descriptor
2024-05-17T15:11:55.437+02:00 TRACE 4684 --- [clothlogix] [           main] o.h.metamodel.internal.MetadataContext   : Completed entity [com.fabless.clothlogix.model.entities.TipoEntity]
2024-05-17T15:11:55.437+02:00 TRACE 4684 --- [clothlogix] [           main] o.h.metamodel.internal.MetadataContext   : Starting entity [com.fabless.clothlogix.model.entities.SezioneEntity]
2024-05-17T15:11:55.437+02:00 TRACE 4684 --- [clothlogix] [           main] o.h.metamodel.internal.AttributeFactory  : Building identifier attribute [com.fabless.clothlogix.model.entities.SezioneEntity.id]
2024-05-17T15:11:55.437+02:00 TRACE 4684 --- [clothlogix] [           main] o.h.metamodel.internal.AttributeFactory  : Starting attribute metadata determination [id]
2024-05-17T15:11:55.437+02:00 TRACE 4684 --- [clothlogix] [           main] o.h.metamodel.internal.AttributeFactory  :     Determined member [private java.lang.Long com.fabless.clothlogix.model.entities.SezioneEntity.id]
2024-05-17T15:11:55.437+02:00 TRACE 4684 --- [clothlogix] [           main] o.h.metamodel.internal.AttributeFactory  :     Determined type [name=long, class=org.hibernate.type.internal.NamedBasicTypeImpl]
2024-05-17T15:11:55.437+02:00 TRACE 4684 --- [clothlogix] [           main] o.h.metamodel.internal.AttributeFactory  : Building attribute [com.fabless.clothlogix.model.entities.SezioneEntity.fila]
2024-05-17T15:11:55.437+02:00 TRACE 4684 --- [clothlogix] [           main] o.h.metamodel.internal.AttributeFactory  : Starting attribute metadata determination [fila]
2024-05-17T15:11:55.437+02:00 TRACE 4684 --- [clothlogix] [           main] o.h.metamodel.internal.AttributeFactory  :     Determined member [private java.lang.String com.fabless.clothlogix.model.entities.SezioneEntity.fila]
2024-05-17T15:11:55.437+02:00 TRACE 4684 --- [clothlogix] [           main] o.h.metamodel.internal.AttributeFactory  :     Determined type [name=string, class=org.hibernate.type.internal.NamedBasicTypeImpl]
2024-05-17T15:11:55.437+02:00 TRACE 4684 --- [clothlogix] [           main] o.h.metamodel.internal.AttributeFactory  : Building attribute [com.fabless.clothlogix.model.entities.SezioneEntity.prodotti]
2024-05-17T15:11:55.437+02:00 TRACE 4684 --- [clothlogix] [           main] o.h.metamodel.internal.AttributeFactory  : Starting attribute metadata determination [prodotti]
2024-05-17T15:11:55.437+02:00 TRACE 4684 --- [clothlogix] [           main] o.h.metamodel.internal.AttributeFactory  :     Determined member [private java.util.Set com.fabless.clothlogix.model.entities.SezioneEntity.prodotti]
2024-05-17T15:11:55.437+02:00 TRACE 4684 --- [clothlogix] [           main] o.h.metamodel.internal.AttributeFactory  :     Determined type [name=java.util.Set(com.fabless.clothlogix.model.entities.SezioneEntity.prodotti), class=org.hibernate.type.SetType]
2024-05-17T15:11:55.437+02:00 TRACE 4684 --- [clothlogix] [           main] o.h.metamodel.internal.AttributeFactory  : Building attribute [com.fabless.clothlogix.model.entities.SezioneEntity.scaffale]
2024-05-17T15:11:55.437+02:00 TRACE 4684 --- [clothlogix] [           main] o.h.metamodel.internal.AttributeFactory  : Starting attribute metadata determination [scaffale]
2024-05-17T15:11:55.437+02:00 TRACE 4684 --- [clothlogix] [           main] o.h.metamodel.internal.AttributeFactory  :     Determined member [private java.lang.String com.fabless.clothlogix.model.entities.SezioneEntity.scaffale]
2024-05-17T15:11:55.437+02:00 TRACE 4684 --- [clothlogix] [           main] o.h.metamodel.internal.AttributeFactory  :     Determined type [name=string, class=org.hibernate.type.internal.NamedBasicTypeImpl]
2024-05-17T15:11:55.437+02:00 TRACE 4684 --- [clothlogix] [           main] o.h.m.m.domain.AbstractIdentifiableType  : Interpreting domain-model identifier descriptor
2024-05-17T15:11:55.437+02:00 TRACE 4684 --- [clothlogix] [           main] o.h.metamodel.internal.MetadataContext   : Completed entity [com.fabless.clothlogix.model.entities.SezioneEntity]
2024-05-17T15:11:55.437+02:00 TRACE 4684 --- [clothlogix] [           main] o.h.metamodel.internal.MetadataContext   : Starting entity [com.fabless.clothlogix.model.entities.TagliaEntity]
2024-05-17T15:11:55.437+02:00 TRACE 4684 --- [clothlogix] [           main] o.h.metamodel.internal.AttributeFactory  : Building identifier attribute [com.fabless.clothlogix.model.entities.TagliaEntity.id]
2024-05-17T15:11:55.437+02:00 TRACE 4684 --- [clothlogix] [           main] o.h.metamodel.internal.AttributeFactory  : Starting attribute metadata determination [id]
2024-05-17T15:11:55.437+02:00 TRACE 4684 --- [clothlogix] [           main] o.h.metamodel.internal.AttributeFactory  :     Determined member [private java.lang.Long com.fabless.clothlogix.model.entities.TagliaEntity.id]
2024-05-17T15:11:55.437+02:00 TRACE 4684 --- [clothlogix] [           main] o.h.metamodel.internal.AttributeFactory  :     Determined type [name=long, class=org.hibernate.type.internal.NamedBasicTypeImpl]
2024-05-17T15:11:55.437+02:00 TRACE 4684 --- [clothlogix] [           main] o.h.metamodel.internal.AttributeFactory  : Building attribute [com.fabless.clothlogix.model.entities.TagliaEntity.descrizione]
2024-05-17T15:11:55.437+02:00 TRACE 4684 --- [clothlogix] [           main] o.h.metamodel.internal.AttributeFactory  : Starting attribute metadata determination [descrizione]
2024-05-17T15:11:55.437+02:00 TRACE 4684 --- [clothlogix] [           main] o.h.metamodel.internal.AttributeFactory  :     Determined member [private java.lang.String com.fabless.clothlogix.model.entities.TagliaEntity.descrizione]
2024-05-17T15:11:55.437+02:00 TRACE 4684 --- [clothlogix] [           main] o.h.metamodel.internal.AttributeFactory  :     Determined type [name=string, class=org.hibernate.type.internal.NamedBasicTypeImpl]
2024-05-17T15:11:55.437+02:00 TRACE 4684 --- [clothlogix] [           main] o.h.metamodel.internal.AttributeFactory  : Building attribute [com.fabless.clothlogix.model.entities.TagliaEntity.prodotti]
2024-05-17T15:11:55.437+02:00 TRACE 4684 --- [clothlogix] [           main] o.h.metamodel.internal.AttributeFactory  : Starting attribute metadata determination [prodotti]
2024-05-17T15:11:55.437+02:00 TRACE 4684 --- [clothlogix] [           main] o.h.metamodel.internal.AttributeFactory  :     Determined member [private java.util.Set com.fabless.clothlogix.model.entities.TagliaEntity.prodotti]
2024-05-17T15:11:55.437+02:00 TRACE 4684 --- [clothlogix] [           main] o.h.metamodel.internal.AttributeFactory  :     Determined type [name=java.util.Set(com.fabless.clothlogix.model.entities.TagliaEntity.prodotti), class=org.hibernate.type.SetType]
2024-05-17T15:11:55.437+02:00 TRACE 4684 --- [clothlogix] [           main] o.h.m.m.domain.AbstractIdentifiableType  : Interpreting domain-model identifier descriptor
2024-05-17T15:11:55.437+02:00 TRACE 4684 --- [clothlogix] [           main] o.h.metamodel.internal.MetadataContext   : Completed entity [com.fabless.clothlogix.model.entities.TagliaEntity]
2024-05-17T15:11:55.437+02:00 TRACE 4684 --- [clothlogix] [           main] o.h.metamodel.internal.MetadataContext   : Starting entity [com.fabless.clothlogix.model.entities.LoginEntity]
2024-05-17T15:11:55.437+02:00 TRACE 4684 --- [clothlogix] [           main] o.h.metamodel.internal.AttributeFactory  : Building identifier attribute [com.fabless.clothlogix.model.entities.LoginEntity.id]
2024-05-17T15:11:55.437+02:00 TRACE 4684 --- [clothlogix] [           main] o.h.metamodel.internal.AttributeFactory  : Starting attribute metadata determination [id]
2024-05-17T15:11:55.437+02:00 TRACE 4684 --- [clothlogix] [           main] o.h.metamodel.internal.AttributeFactory  :     Determined member [private java.lang.Long com.fabless.clothlogix.model.entities.LoginEntity.id]
2024-05-17T15:11:55.437+02:00 TRACE 4684 --- [clothlogix] [           main] o.h.metamodel.internal.AttributeFactory  :     Determined type [name=long, class=org.hibernate.type.internal.NamedBasicTypeImpl]
2024-05-17T15:11:55.437+02:00 TRACE 4684 --- [clothlogix] [           main] o.h.metamodel.internal.AttributeFactory  : Building attribute [com.fabless.clothlogix.model.entities.LoginEntity.password]
2024-05-17T15:11:55.437+02:00 TRACE 4684 --- [clothlogix] [           main] o.h.metamodel.internal.AttributeFactory  : Starting attribute metadata determination [password]
2024-05-17T15:11:55.437+02:00 TRACE 4684 --- [clothlogix] [           main] o.h.metamodel.internal.AttributeFactory  :     Determined member [private java.lang.String com.fabless.clothlogix.model.entities.LoginEntity.password]
2024-05-17T15:11:55.437+02:00 TRACE 4684 --- [clothlogix] [           main] o.h.metamodel.internal.AttributeFactory  :     Determined type [name=string, class=org.hibernate.type.internal.NamedBasicTypeImpl]
2024-05-17T15:11:55.437+02:00 TRACE 4684 --- [clothlogix] [           main] o.h.metamodel.internal.AttributeFactory  : Building attribute [com.fabless.clothlogix.model.entities.LoginEntity.username]
2024-05-17T15:11:55.437+02:00 TRACE 4684 --- [clothlogix] [           main] o.h.metamodel.internal.AttributeFactory  : Starting attribute metadata determination [username]
2024-05-17T15:11:55.437+02:00 TRACE 4684 --- [clothlogix] [           main] o.h.metamodel.internal.AttributeFactory  :     Determined member [private java.lang.String com.fabless.clothlogix.model.entities.LoginEntity.username]
2024-05-17T15:11:55.437+02:00 TRACE 4684 --- [clothlogix] [           main] o.h.metamodel.internal.AttributeFactory  :     Determined type [name=string, class=org.hibernate.type.internal.NamedBasicTypeImpl]
2024-05-17T15:11:55.437+02:00 TRACE 4684 --- [clothlogix] [           main] o.h.m.m.domain.AbstractIdentifiableType  : Interpreting domain-model identifier descriptor
2024-05-17T15:11:55.442+02:00 TRACE 4684 --- [clothlogix] [           main] o.h.metamodel.internal.MetadataContext   : Completed entity [com.fabless.clothlogix.model.entities.LoginEntity]
2024-05-17T15:11:55.442+02:00 TRACE 4684 --- [clothlogix] [           main] o.h.metamodel.internal.MetadataContext   : Starting entity [com.fabless.clothlogix.model.entities.UtenteEntity]
2024-05-17T15:11:55.442+02:00 TRACE 4684 --- [clothlogix] [           main] o.h.metamodel.internal.AttributeFactory  : Building identifier attribute [com.fabless.clothlogix.model.entities.UtenteEntity.id]
2024-05-17T15:11:55.442+02:00 TRACE 4684 --- [clothlogix] [           main] o.h.metamodel.internal.AttributeFactory  : Starting attribute metadata determination [id]
2024-05-17T15:11:55.442+02:00 TRACE 4684 --- [clothlogix] [           main] o.h.metamodel.internal.AttributeFactory  :     Determined member [private java.lang.Long com.fabless.clothlogix.model.entities.UtenteEntity.id]
2024-05-17T15:11:55.442+02:00 TRACE 4684 --- [clothlogix] [           main] o.h.metamodel.internal.AttributeFactory  :     Determined type [name=long, class=org.hibernate.type.internal.NamedBasicTypeImpl]
2024-05-17T15:11:55.442+02:00 TRACE 4684 --- [clothlogix] [           main] o.h.metamodel.internal.AttributeFactory  : Building attribute [com.fabless.clothlogix.model.entities.UtenteEntity.cap]
2024-05-17T15:11:55.442+02:00 TRACE 4684 --- [clothlogix] [           main] o.h.metamodel.internal.AttributeFactory  : Starting attribute metadata determination [cap]
2024-05-17T15:11:55.442+02:00 TRACE 4684 --- [clothlogix] [           main] o.h.metamodel.internal.AttributeFactory  :     Determined member [private java.lang.String com.fabless.clothlogix.model.entities.UtenteEntity.cap]
2024-05-17T15:11:55.442+02:00 TRACE 4684 --- [clothlogix] [           main] o.h.metamodel.internal.AttributeFactory  :     Determined type [name=string, class=org.hibernate.type.internal.NamedBasicTypeImpl]
2024-05-17T15:11:55.442+02:00 TRACE 4684 --- [clothlogix] [           main] o.h.metamodel.internal.AttributeFactory  : Building attribute [com.fabless.clothlogix.model.entities.UtenteEntity.citta]
2024-05-17T15:11:55.442+02:00 TRACE 4684 --- [clothlogix] [           main] o.h.metamodel.internal.AttributeFactory  : Starting attribute metadata determination [citta]
2024-05-17T15:11:55.442+02:00 TRACE 4684 --- [clothlogix] [           main] o.h.metamodel.internal.AttributeFactory  :     Determined member [private java.lang.String com.fabless.clothlogix.model.entities.UtenteEntity.citta]
2024-05-17T15:11:55.442+02:00 TRACE 4684 --- [clothlogix] [           main] o.h.metamodel.internal.AttributeFactory  :     Determined type [name=string, class=org.hibernate.type.internal.NamedBasicTypeImpl]
2024-05-17T15:11:55.442+02:00 TRACE 4684 --- [clothlogix] [           main] o.h.metamodel.internal.AttributeFactory  : Building attribute [com.fabless.clothlogix.model.entities.UtenteEntity.cognome]
2024-05-17T15:11:55.442+02:00 TRACE 4684 --- [clothlogix] [           main] o.h.metamodel.internal.AttributeFactory  : Starting attribute metadata determination [cognome]
2024-05-17T15:11:55.442+02:00 TRACE 4684 --- [clothlogix] [           main] o.h.metamodel.internal.AttributeFactory  :     Determined member [private java.lang.String com.fabless.clothlogix.model.entities.UtenteEntity.cognome]
2024-05-17T15:11:55.442+02:00 TRACE 4684 --- [clothlogix] [           main] o.h.metamodel.internal.AttributeFactory  :     Determined type [name=string, class=org.hibernate.type.internal.NamedBasicTypeImpl]
2024-05-17T15:11:55.442+02:00 TRACE 4684 --- [clothlogix] [           main] o.h.metamodel.internal.AttributeFactory  : Building attribute [com.fabless.clothlogix.model.entities.UtenteEntity.dataDiNascita]
2024-05-17T15:11:55.442+02:00 TRACE 4684 --- [clothlogix] [           main] o.h.metamodel.internal.AttributeFactory  : Starting attribute metadata determination [dataDiNascita]
2024-05-17T15:11:55.442+02:00 TRACE 4684 --- [clothlogix] [           main] o.h.metamodel.internal.AttributeFactory  :     Determined member [private java.sql.Date com.fabless.clothlogix.model.entities.UtenteEntity.dataDiNascita]
2024-05-17T15:11:55.442+02:00 TRACE 4684 --- [clothlogix] [           main] o.h.metamodel.internal.AttributeFactory  :     Determined type [name=date, class=org.hibernate.type.internal.NamedBasicTypeImpl]
2024-05-17T15:11:55.442+02:00 TRACE 4684 --- [clothlogix] [           main] o.h.metamodel.internal.AttributeFactory  : Building attribute [com.fabless.clothlogix.model.entities.UtenteEntity.indirizzo]
2024-05-17T15:11:55.442+02:00 TRACE 4684 --- [clothlogix] [           main] o.h.metamodel.internal.AttributeFactory  : Starting attribute metadata determination [indirizzo]
2024-05-17T15:11:55.442+02:00 TRACE 4684 --- [clothlogix] [           main] o.h.metamodel.internal.AttributeFactory  :     Determined member [private java.lang.String com.fabless.clothlogix.model.entities.UtenteEntity.indirizzo]
2024-05-17T15:11:55.442+02:00 TRACE 4684 --- [clothlogix] [           main] o.h.metamodel.internal.AttributeFactory  :     Determined type [name=string, class=org.hibernate.type.internal.NamedBasicTypeImpl]
2024-05-17T15:11:55.442+02:00 TRACE 4684 --- [clothlogix] [           main] o.h.metamodel.internal.AttributeFactory  : Building attribute [com.fabless.clothlogix.model.entities.UtenteEntity.login]
2024-05-17T15:11:55.442+02:00 TRACE 4684 --- [clothlogix] [           main] o.h.metamodel.internal.AttributeFactory  : Starting attribute metadata determination [login]
2024-05-17T15:11:55.442+02:00 TRACE 4684 --- [clothlogix] [           main] o.h.metamodel.internal.AttributeFactory  :     Determined member [private com.fabless.clothlogix.model.entities.LoginEntity com.fabless.clothlogix.model.entities.UtenteEntity.login]
2024-05-17T15:11:55.442+02:00 TRACE 4684 --- [clothlogix] [           main] o.h.metamodel.internal.AttributeFactory  :     Determined type [name=com.fabless.clothlogix.model.entities.LoginEntity, class=org.hibernate.type.ManyToOneType]
2024-05-17T15:11:55.442+02:00 TRACE 4684 --- [clothlogix] [           main] o.h.metamodel.internal.AttributeFactory  : Building attribute [com.fabless.clothlogix.model.entities.UtenteEntity.nazionalita]
2024-05-17T15:11:55.442+02:00 TRACE 4684 --- [clothlogix] [           main] o.h.metamodel.internal.AttributeFactory  : Starting attribute metadata determination [nazionalita]
2024-05-17T15:11:55.442+02:00 TRACE 4684 --- [clothlogix] [           main] o.h.metamodel.internal.AttributeFactory  :     Determined member [private java.lang.String com.fabless.clothlogix.model.entities.UtenteEntity.nazionalita]
2024-05-17T15:11:55.442+02:00 TRACE 4684 --- [clothlogix] [           main] o.h.metamodel.internal.AttributeFactory  :     Determined type [name=string, class=org.hibernate.type.internal.NamedBasicTypeImpl]
2024-05-17T15:11:55.442+02:00 TRACE 4684 --- [clothlogix] [           main] o.h.metamodel.internal.AttributeFactory  : Building attribute [com.fabless.clothlogix.model.entities.UtenteEntity.nome]
2024-05-17T15:11:55.442+02:00 TRACE 4684 --- [clothlogix] [           main] o.h.metamodel.internal.AttributeFactory  : Starting attribute metadata determination [nome]
2024-05-17T15:11:55.442+02:00 TRACE 4684 --- [clothlogix] [           main] o.h.metamodel.internal.AttributeFactory  :     Determined member [private java.lang.String com.fabless.clothlogix.model.entities.UtenteEntity.nome]
2024-05-17T15:11:55.442+02:00 TRACE 4684 --- [clothlogix] [           main] o.h.metamodel.internal.AttributeFactory  :     Determined type [name=string, class=org.hibernate.type.internal.NamedBasicTypeImpl]
2024-05-17T15:11:55.442+02:00 TRACE 4684 --- [clothlogix] [           main] o.h.metamodel.internal.AttributeFactory  : Building attribute [com.fabless.clothlogix.model.entities.UtenteEntity.regione]
2024-05-17T15:11:55.442+02:00 TRACE 4684 --- [clothlogix] [           main] o.h.metamodel.internal.AttributeFactory  : Starting attribute metadata determination [regione]
2024-05-17T15:11:55.442+02:00 TRACE 4684 --- [clothlogix] [           main] o.h.metamodel.internal.AttributeFactory  :     Determined member [private java.lang.String com.fabless.clothlogix.model.entities.UtenteEntity.regione]
2024-05-17T15:11:55.442+02:00 TRACE 4684 --- [clothlogix] [           main] o.h.metamodel.internal.AttributeFactory  :     Determined type [name=string, class=org.hibernate.type.internal.NamedBasicTypeImpl]
2024-05-17T15:11:55.442+02:00 TRACE 4684 --- [clothlogix] [           main] o.h.m.m.domain.AbstractIdentifiableType  : Interpreting domain-model identifier descriptor
2024-05-17T15:11:55.442+02:00 TRACE 4684 --- [clothlogix] [           main] o.h.metamodel.internal.MetadataContext   : Completed entity [com.fabless.clothlogix.model.entities.UtenteEntity]
2024-05-17T15:11:55.442+02:00 TRACE 4684 --- [clothlogix] [           main] o.h.metamodel.internal.MetadataContext   : Starting entity [com.fabless.clothlogix.model.entities.MagazzinoEntity]
2024-05-17T15:11:55.442+02:00 TRACE 4684 --- [clothlogix] [           main] o.h.metamodel.internal.AttributeFactory  : Building identifier attribute [com.fabless.clothlogix.model.entities.MagazzinoEntity.id]
2024-05-17T15:11:55.442+02:00 TRACE 4684 --- [clothlogix] [           main] o.h.metamodel.internal.AttributeFactory  : Starting attribute metadata determination [id]
2024-05-17T15:11:55.442+02:00 TRACE 4684 --- [clothlogix] [           main] o.h.metamodel.internal.AttributeFactory  :     Determined member [private java.lang.Long com.fabless.clothlogix.model.entities.MagazzinoEntity.id]
2024-05-17T15:11:55.442+02:00 TRACE 4684 --- [clothlogix] [           main] o.h.metamodel.internal.AttributeFactory  :     Determined type [name=long, class=org.hibernate.type.internal.NamedBasicTypeImpl]
2024-05-17T15:11:55.442+02:00 TRACE 4684 --- [clothlogix] [           main] o.h.metamodel.internal.AttributeFactory  : Building attribute [com.fabless.clothlogix.model.entities.MagazzinoEntity.disponibilita]
2024-05-17T15:11:55.442+02:00 TRACE 4684 --- [clothlogix] [           main] o.h.metamodel.internal.AttributeFactory  : Starting attribute metadata determination [disponibilita]
2024-05-17T15:11:55.442+02:00 TRACE 4684 --- [clothlogix] [           main] o.h.metamodel.internal.AttributeFactory  :     Determined member [private java.lang.Boolean com.fabless.clothlogix.model.entities.MagazzinoEntity.disponibilita]
2024-05-17T15:11:55.442+02:00 TRACE 4684 --- [clothlogix] [           main] o.h.metamodel.internal.AttributeFactory  :     Determined type [name=boolean, class=org.hibernate.type.internal.NamedBasicTypeImpl]
2024-05-17T15:11:55.442+02:00 TRACE 4684 --- [clothlogix] [           main] o.h.metamodel.internal.AttributeFactory  : Building attribute [com.fabless.clothlogix.model.entities.MagazzinoEntity.prodotti]
2024-05-17T15:11:55.442+02:00 TRACE 4684 --- [clothlogix] [           main] o.h.metamodel.internal.AttributeFactory  : Starting attribute metadata determination [prodotti]
2024-05-17T15:11:55.442+02:00 TRACE 4684 --- [clothlogix] [           main] o.h.metamodel.internal.AttributeFactory  :     Determined member [private java.util.Set com.fabless.clothlogix.model.entities.MagazzinoEntity.prodotti]
2024-05-17T15:11:55.442+02:00 TRACE 4684 --- [clothlogix] [           main] o.h.metamodel.internal.AttributeFactory  :     Determined type [name=java.util.Set(com.fabless.clothlogix.model.entities.MagazzinoEntity.prodotti), class=org.hibernate.type.SetType]
2024-05-17T15:11:55.442+02:00 TRACE 4684 --- [clothlogix] [           main] o.h.metamodel.internal.AttributeFactory  : Building attribute [com.fabless.clothlogix.model.entities.MagazzinoEntity.quantita]
2024-05-17T15:11:55.442+02:00 TRACE 4684 --- [clothlogix] [           main] o.h.metamodel.internal.AttributeFactory  : Starting attribute metadata determination [quantita]
2024-05-17T15:11:55.442+02:00 TRACE 4684 --- [clothlogix] [           main] o.h.metamodel.internal.AttributeFactory  :     Determined member [private java.lang.Integer com.fabless.clothlogix.model.entities.MagazzinoEntity.quantita]
2024-05-17T15:11:55.442+02:00 TRACE 4684 --- [clothlogix] [           main] o.h.metamodel.internal.AttributeFactory  :     Determined type [name=integer, class=org.hibernate.type.internal.NamedBasicTypeImpl]
2024-05-17T15:11:55.442+02:00 TRACE 4684 --- [clothlogix] [           main] o.h.metamodel.internal.AttributeFactory  : Building attribute [com.fabless.clothlogix.model.entities.MagazzinoEntity.sezioni]
2024-05-17T15:11:55.442+02:00 TRACE 4684 --- [clothlogix] [           main] o.h.metamodel.internal.AttributeFactory  : Starting attribute metadata determination [sezioni]
2024-05-17T15:11:55.442+02:00 TRACE 4684 --- [clothlogix] [           main] o.h.metamodel.internal.AttributeFactory  :     Determined member [private java.util.Set com.fabless.clothlogix.model.entities.MagazzinoEntity.sezioni]
2024-05-17T15:11:55.442+02:00 TRACE 4684 --- [clothlogix] [           main] o.h.metamodel.internal.AttributeFactory  :     Determined type [name=java.util.Set(com.fabless.clothlogix.model.entities.MagazzinoEntity.sezioni), class=org.hibernate.type.SetType]
2024-05-17T15:11:55.442+02:00 TRACE 4684 --- [clothlogix] [           main] o.h.m.m.domain.AbstractIdentifiableType  : Interpreting domain-model identifier descriptor
2024-05-17T15:11:55.442+02:00 TRACE 4684 --- [clothlogix] [           main] o.h.metamodel.internal.MetadataContext   : Completed entity [com.fabless.clothlogix.model.entities.MagazzinoEntity]
2024-05-17T15:11:55.442+02:00 TRACE 4684 --- [clothlogix] [           main] o.h.metamodel.internal.MetadataContext   : Starting entity [com.fabless.clothlogix.model.entities.ColoreEntity]
2024-05-17T15:11:55.442+02:00 TRACE 4684 --- [clothlogix] [           main] o.h.metamodel.internal.AttributeFactory  : Building identifier attribute [com.fabless.clothlogix.model.entities.ColoreEntity.id]
2024-05-17T15:11:55.442+02:00 TRACE 4684 --- [clothlogix] [           main] o.h.metamodel.internal.AttributeFactory  : Starting attribute metadata determination [id]
2024-05-17T15:11:55.442+02:00 TRACE 4684 --- [clothlogix] [           main] o.h.metamodel.internal.AttributeFactory  :     Determined member [private java.lang.Long com.fabless.clothlogix.model.entities.ColoreEntity.id]
2024-05-17T15:11:55.442+02:00 TRACE 4684 --- [clothlogix] [           main] o.h.metamodel.internal.AttributeFactory  :     Determined type [name=long, class=org.hibernate.type.internal.NamedBasicTypeImpl]
2024-05-17T15:11:55.442+02:00 TRACE 4684 --- [clothlogix] [           main] o.h.metamodel.internal.AttributeFactory  : Building attribute [com.fabless.clothlogix.model.entities.ColoreEntity.descrizione]
2024-05-17T15:11:55.442+02:00 TRACE 4684 --- [clothlogix] [           main] o.h.metamodel.internal.AttributeFactory  : Starting attribute metadata determination [descrizione]
2024-05-17T15:11:55.442+02:00 TRACE 4684 --- [clothlogix] [           main] o.h.metamodel.internal.AttributeFactory  :     Determined member [private java.lang.String com.fabless.clothlogix.model.entities.ColoreEntity.descrizione]
2024-05-17T15:11:55.442+02:00 TRACE 4684 --- [clothlogix] [           main] o.h.metamodel.internal.AttributeFactory  :     Determined type [name=string, class=org.hibernate.type.internal.NamedBasicTypeImpl]
2024-05-17T15:11:55.442+02:00 TRACE 4684 --- [clothlogix] [           main] o.h.metamodel.internal.AttributeFactory  : Building attribute [com.fabless.clothlogix.model.entities.ColoreEntity.prodotti]
2024-05-17T15:11:55.442+02:00 TRACE 4684 --- [clothlogix] [           main] o.h.metamodel.internal.AttributeFactory  : Starting attribute metadata determination [prodotti]
2024-05-17T15:11:55.442+02:00 TRACE 4684 --- [clothlogix] [           main] o.h.metamodel.internal.AttributeFactory  :     Determined member [private java.util.Set com.fabless.clothlogix.model.entities.ColoreEntity.prodotti]
2024-05-17T15:11:55.442+02:00 TRACE 4684 --- [clothlogix] [           main] o.h.metamodel.internal.AttributeFactory  :     Determined type [name=java.util.Set(com.fabless.clothlogix.model.entities.ColoreEntity.prodotti), class=org.hibernate.type.SetType]
2024-05-17T15:11:55.442+02:00 TRACE 4684 --- [clothlogix] [           main] o.h.m.m.domain.AbstractIdentifiableType  : Interpreting domain-model identifier descriptor
2024-05-17T15:11:55.442+02:00 TRACE 4684 --- [clothlogix] [           main] o.h.metamodel.internal.MetadataContext   : Completed entity [com.fabless.clothlogix.model.entities.ColoreEntity]
2024-05-17T15:11:55.442+02:00 TRACE 4684 --- [clothlogix] [           main] o.h.metamodel.internal.MetadataContext   : Starting entity [com.fabless.clothlogix.model.entities.ProfiloEntity]
2024-05-17T15:11:55.442+02:00 TRACE 4684 --- [clothlogix] [           main] o.h.metamodel.internal.AttributeFactory  : Building identifier attribute [com.fabless.clothlogix.model.entities.ProfiloEntity.id]
2024-05-17T15:11:55.442+02:00 TRACE 4684 --- [clothlogix] [           main] o.h.metamodel.internal.AttributeFactory  : Starting attribute metadata determination [id]
2024-05-17T15:11:55.442+02:00 TRACE 4684 --- [clothlogix] [           main] o.h.metamodel.internal.AttributeFactory  :     Determined member [private java.lang.Long com.fabless.clothlogix.model.entities.ProfiloEntity.id]
2024-05-17T15:11:55.442+02:00 TRACE 4684 --- [clothlogix] [           main] o.h.metamodel.internal.AttributeFactory  :     Determined type [name=long, class=org.hibernate.type.internal.NamedBasicTypeImpl]
2024-05-17T15:11:55.442+02:00 TRACE 4684 --- [clothlogix] [           main] o.h.metamodel.internal.AttributeFactory  : Building attribute [com.fabless.clothlogix.model.entities.ProfiloEntity.canCreate]
2024-05-17T15:11:55.442+02:00 TRACE 4684 --- [clothlogix] [           main] o.h.metamodel.internal.AttributeFactory  : Starting attribute metadata determination [canCreate]
2024-05-17T15:11:55.442+02:00 TRACE 4684 --- [clothlogix] [           main] o.h.metamodel.internal.AttributeFactory  :     Determined member [private java.lang.Boolean com.fabless.clothlogix.model.entities.ProfiloEntity.canCreate]
2024-05-17T15:11:55.442+02:00 TRACE 4684 --- [clothlogix] [           main] o.h.metamodel.internal.AttributeFactory  :     Determined type [name=boolean, class=org.hibernate.type.internal.NamedBasicTypeImpl]
2024-05-17T15:11:55.442+02:00 TRACE 4684 --- [clothlogix] [           main] o.h.metamodel.internal.AttributeFactory  : Building attribute [com.fabless.clothlogix.model.entities.ProfiloEntity.canDelete]
2024-05-17T15:11:55.442+02:00 TRACE 4684 --- [clothlogix] [           main] o.h.metamodel.internal.AttributeFactory  : Starting attribute metadata determination [canDelete]
2024-05-17T15:11:55.442+02:00 TRACE 4684 --- [clothlogix] [           main] o.h.metamodel.internal.AttributeFactory  :     Determined member [private java.lang.Boolean com.fabless.clothlogix.model.entities.ProfiloEntity.canDelete]
2024-05-17T15:11:55.442+02:00 TRACE 4684 --- [clothlogix] [           main] o.h.metamodel.internal.AttributeFactory  :     Determined type [name=boolean, class=org.hibernate.type.internal.NamedBasicTypeImpl]
2024-05-17T15:11:55.442+02:00 TRACE 4684 --- [clothlogix] [           main] o.h.metamodel.internal.AttributeFactory  : Building attribute [com.fabless.clothlogix.model.entities.ProfiloEntity.canRead]
2024-05-17T15:11:55.442+02:00 TRACE 4684 --- [clothlogix] [           main] o.h.metamodel.internal.AttributeFactory  : Starting attribute metadata determination [canRead]
2024-05-17T15:11:55.442+02:00 TRACE 4684 --- [clothlogix] [           main] o.h.metamodel.internal.AttributeFactory  :     Determined member [private java.lang.Boolean com.fabless.clothlogix.model.entities.ProfiloEntity.canRead]
2024-05-17T15:11:55.442+02:00 TRACE 4684 --- [clothlogix] [           main] o.h.metamodel.internal.AttributeFactory  :     Determined type [name=boolean, class=org.hibernate.type.internal.NamedBasicTypeImpl]
2024-05-17T15:11:55.442+02:00 TRACE 4684 --- [clothlogix] [           main] o.h.metamodel.internal.AttributeFactory  : Building attribute [com.fabless.clothlogix.model.entities.ProfiloEntity.canUpdate]
2024-05-17T15:11:55.442+02:00 TRACE 4684 --- [clothlogix] [           main] o.h.metamodel.internal.AttributeFactory  : Starting attribute metadata determination [canUpdate]
2024-05-17T15:11:55.442+02:00 TRACE 4684 --- [clothlogix] [           main] o.h.metamodel.internal.AttributeFactory  :     Determined member [private java.lang.Boolean com.fabless.clothlogix.model.entities.ProfiloEntity.canUpdate]
2024-05-17T15:11:55.442+02:00 TRACE 4684 --- [clothlogix] [           main] o.h.metamodel.internal.AttributeFactory  :     Determined type [name=boolean, class=org.hibernate.type.internal.NamedBasicTypeImpl]
2024-05-17T15:11:55.442+02:00 TRACE 4684 --- [clothlogix] [           main] o.h.metamodel.internal.AttributeFactory  : Building attribute [com.fabless.clothlogix.model.entities.ProfiloEntity.descrizione]
2024-05-17T15:11:55.442+02:00 TRACE 4684 --- [clothlogix] [           main] o.h.metamodel.internal.AttributeFactory  : Starting attribute metadata determination [descrizione]
2024-05-17T15:11:55.442+02:00 TRACE 4684 --- [clothlogix] [           main] o.h.metamodel.internal.AttributeFactory  :     Determined member [private java.lang.String com.fabless.clothlogix.model.entities.ProfiloEntity.descrizione]
2024-05-17T15:11:55.442+02:00 TRACE 4684 --- [clothlogix] [           main] o.h.metamodel.internal.AttributeFactory  :     Determined type [name=string, class=org.hibernate.type.internal.NamedBasicTypeImpl]
2024-05-17T15:11:55.442+02:00 TRACE 4684 --- [clothlogix] [           main] o.h.metamodel.internal.AttributeFactory  : Building attribute [com.fabless.clothlogix.model.entities.ProfiloEntity.utenti]
2024-05-17T15:11:55.442+02:00 TRACE 4684 --- [clothlogix] [           main] o.h.metamodel.internal.AttributeFactory  : Starting attribute metadata determination [utenti]
2024-05-17T15:11:55.442+02:00 TRACE 4684 --- [clothlogix] [           main] o.h.metamodel.internal.AttributeFactory  :     Determined member [private java.util.Set com.fabless.clothlogix.model.entities.ProfiloEntity.utenti]
2024-05-17T15:11:55.442+02:00 TRACE 4684 --- [clothlogix] [           main] o.h.metamodel.internal.AttributeFactory  :     Determined type [name=java.util.Set(com.fabless.clothlogix.model.entities.ProfiloEntity.utenti), class=org.hibernate.type.SetType]
2024-05-17T15:11:55.442+02:00 TRACE 4684 --- [clothlogix] [           main] o.h.m.m.domain.AbstractIdentifiableType  : Interpreting domain-model identifier descriptor
2024-05-17T15:11:55.442+02:00 TRACE 4684 --- [clothlogix] [           main] o.h.metamodel.internal.MetadataContext   : Completed entity [com.fabless.clothlogix.model.entities.ProfiloEntity]
2024-05-17T15:11:55.442+02:00 TRACE 4684 --- [clothlogix] [           main] o.h.metamodel.internal.MetadataContext   : Starting entity [com.fabless.clothlogix.model.entities.MaterialeEntity]
2024-05-17T15:11:55.442+02:00 TRACE 4684 --- [clothlogix] [           main] o.h.metamodel.internal.AttributeFactory  : Building identifier attribute [com.fabless.clothlogix.model.entities.MaterialeEntity.id]
2024-05-17T15:11:55.442+02:00 TRACE 4684 --- [clothlogix] [           main] o.h.metamodel.internal.AttributeFactory  : Starting attribute metadata determination [id]
2024-05-17T15:11:55.442+02:00 TRACE 4684 --- [clothlogix] [           main] o.h.metamodel.internal.AttributeFactory  :     Determined member [private java.lang.Long com.fabless.clothlogix.model.entities.MaterialeEntity.id]
2024-05-17T15:11:55.442+02:00 TRACE 4684 --- [clothlogix] [           main] o.h.metamodel.internal.AttributeFactory  :     Determined type [name=long, class=org.hibernate.type.internal.NamedBasicTypeImpl]
2024-05-17T15:11:55.442+02:00 TRACE 4684 --- [clothlogix] [           main] o.h.metamodel.internal.AttributeFactory  : Building attribute [com.fabless.clothlogix.model.entities.MaterialeEntity.descrizione]
2024-05-17T15:11:55.442+02:00 TRACE 4684 --- [clothlogix] [           main] o.h.metamodel.internal.AttributeFactory  : Starting attribute metadata determination [descrizione]
2024-05-17T15:11:55.442+02:00 TRACE 4684 --- [clothlogix] [           main] o.h.metamodel.internal.AttributeFactory  :     Determined member [private java.lang.String com.fabless.clothlogix.model.entities.MaterialeEntity.descrizione]
2024-05-17T15:11:55.442+02:00 TRACE 4684 --- [clothlogix] [           main] o.h.metamodel.internal.AttributeFactory  :     Determined type [name=string, class=org.hibernate.type.internal.NamedBasicTypeImpl]
2024-05-17T15:11:55.442+02:00 TRACE 4684 --- [clothlogix] [           main] o.h.metamodel.internal.AttributeFactory  : Building attribute [com.fabless.clothlogix.model.entities.MaterialeEntity.prodotti]
2024-05-17T15:11:55.442+02:00 TRACE 4684 --- [clothlogix] [           main] o.h.metamodel.internal.AttributeFactory  : Starting attribute metadata determination [prodotti]
2024-05-17T15:11:55.442+02:00 TRACE 4684 --- [clothlogix] [           main] o.h.metamodel.internal.AttributeFactory  :     Determined member [private java.util.Set com.fabless.clothlogix.model.entities.MaterialeEntity.prodotti]
2024-05-17T15:11:55.442+02:00 TRACE 4684 --- [clothlogix] [           main] o.h.metamodel.internal.AttributeFactory  :     Determined type [name=java.util.Set(com.fabless.clothlogix.model.entities.MaterialeEntity.prodotti), class=org.hibernate.type.SetType]
2024-05-17T15:11:55.442+02:00 TRACE 4684 --- [clothlogix] [           main] o.h.m.m.domain.AbstractIdentifiableType  : Interpreting domain-model identifier descriptor
2024-05-17T15:11:55.442+02:00 TRACE 4684 --- [clothlogix] [           main] o.h.metamodel.internal.MetadataContext   : Completed entity [com.fabless.clothlogix.model.entities.MaterialeEntity]
2024-05-17T15:11:55.442+02:00 TRACE 4684 --- [clothlogix] [           main] o.h.s.i.AbstractServiceRegistryImpl      : Initializing service [role=org.hibernate.engine.transaction.jta.platform.spi.JtaPlatform]
2024-05-17T15:11:55.442+02:00 DEBUG 4684 --- [clothlogix] [           main] o.h.e.t.j.p.i.JtaPlatformInitiator       : No JtaPlatform was specified, checking resolver
2024-05-17T15:11:55.442+02:00 TRACE 4684 --- [clothlogix] [           main] o.h.s.i.AbstractServiceRegistryImpl      : Initializing service [role=org.hibernate.engine.transaction.jta.platform.spi.JtaPlatformResolver]
2024-05-17T15:11:55.442+02:00 DEBUG 4684 --- [clothlogix] [           main] h.e.t.j.p.i.JtaPlatformResolverInitiator : No JtaPlatformResolver was specified, using default [org.hibernate.engine.transaction.jta.platform.internal.StandardJtaPlatformResolver]
2024-05-17T15:11:55.442+02:00 DEBUG 4684 --- [clothlogix] [           main] .h.e.t.j.p.i.StandardJtaPlatformResolver : Could not resolve JtaPlatform, using default [org.hibernate.engine.transaction.jta.platform.internal.NoJtaPlatform]
2024-05-17T15:11:55.442+02:00  INFO 4684 --- [clothlogix] [           main] o.h.e.t.j.p.i.JtaPlatformInitiator       : HHH000489: No JTA platform available (set 'hibernate.transaction.jta.platform' to enable JTA platform integration)
2024-05-17T15:11:55.442+02:00 DEBUG 4684 --- [clothlogix] [           main] o.h.type.spi.TypeConfiguration$Scope     : Scoping TypeConfiguration [org.hibernate.type.spi.TypeConfiguration@5dd747c1] to SessionFactoryImplementor [org.hibernate.internal.SessionFactoryImpl@47400608]
2024-05-17T15:11:55.442+02:00 DEBUG 4684 --- [clothlogix] [           main] o.h.query.named.NamedObjectRepository    : Checking 0 named HQL queries
2024-05-17T15:11:55.442+02:00 DEBUG 4684 --- [clothlogix] [           main] o.h.query.named.NamedObjectRepository    : Checking 0 named SQL queries
2024-05-17T15:11:55.442+02:00 DEBUG 4684 --- [clothlogix] [           main] .h.t.s.s.SchemaManagementToolCoordinator : No schema actions specified for contributor `orm`; doing nothing
2024-05-17T15:11:55.442+02:00 DEBUG 4684 --- [clothlogix] [           main] .h.t.s.s.SchemaManagementToolCoordinator : No actions found; doing nothing
2024-05-17T15:11:55.452+02:00 DEBUG 4684 --- [clothlogix] [           main] o.h.internal.SessionFactoryRegistry      : Initializing SessionFactoryRegistry : org.hibernate.internal.SessionFactoryRegistry@629cf53c
2024-05-17T15:11:55.452+02:00 DEBUG 4684 --- [clothlogix] [           main] o.h.internal.SessionFactoryRegistry      : Registering SessionFactory: e5a6f231-2ccf-4fac-b695-698598b9ee65 (<unnamed>)
2024-05-17T15:11:55.452+02:00 DEBUG 4684 --- [clothlogix] [           main] o.h.internal.SessionFactoryRegistry      : Not binding SessionFactory to JNDI, no JNDI name configured
2024-05-17T15:11:55.452+02:00 TRACE 4684 --- [clothlogix] [           main] o.h.type.spi.TypeConfiguration$Scope     : Handling #sessionFactoryCreated from [org.hibernate.internal.SessionFactoryImpl@47400608] for TypeConfiguration
2024-05-17T15:11:55.452+02:00 DEBUG 4684 --- [clothlogix] [           main] o.hibernate.internal.SessionFactoryImpl  : Instantiated SessionFactory
2024-05-17T15:11:55.452+02:00  INFO 4684 --- [clothlogix] [           main] j.LocalContainerEntityManagerFactoryBean : Initialized JPA EntityManagerFactory for persistence unit 'default'
2024-05-17T15:11:55.453+02:00 TRACE 4684 --- [clothlogix] [           main] o.s.b.f.s.DefaultListableBeanFactory     : Returning cached instance of singleton bean 'org.springframework.transaction.config.internalTransactionAdvisor'
2024-05-17T15:11:55.453+02:00 TRACE 4684 --- [clothlogix] [           main] o.s.b.f.s.DefaultListableBeanFactory     : Returning cached instance of singleton bean 'org.springframework.transaction.config.internalTransactionAdvisor'
2024-05-17T15:11:55.453+02:00 TRACE 4684 --- [clothlogix] [           main] o.s.b.f.s.DefaultListableBeanFactory     : Finished creating instance of bean 'entityManagerFactory'
2024-05-17T15:11:55.453+02:00 TRACE 4684 --- [clothlogix] [           main] o.s.b.f.s.DefaultListableBeanFactory     : Pre-instantiating singletons in org.springframework.beans.factory.support.DefaultListableBeanFactory@75b21c3b: defining beans [org.springframework.boot.test.mock.mockito.MockitoPostProcessor$SpyPostProcessor,org.springframework.boot.test.mock.mockito.MockitoPostProcessor,org.springframework.context.annotation.internalConfigurationAnnotationProcessor,org.springframework.context.annotation.internalAutowiredAnnotationProcessor,org.springframework.context.annotation.internalCommonAnnotationProcessor,org.springframework.context.annotation.internalPersistenceAnnotationProcessor,org.springframework.context.event.internalEventListenerProcessor,org.springframework.context.event.internalEventListenerFactory,clothlogixApplication,org.springframework.boot.autoconfigure.internalCachingMetadataReaderFactory,hibernateConf,coloreController,coloreDAOImpl,loginDAOImpl,magazzinoDAOImpl,materialeDAOImpl,prodottoDAOImpl,profiloDAOImpl,sezioneDAOImpl,tagliaDAOImpl,tipoDAOImpl,utenteDAOImpl,superClassMapperImpl,coloreService,loginService,magazzinoService,materialeService,prodottoService,profiloService,sezioneService,tagliaService,tipoService,utenteService,org.springframework.transaction.annotation.ProxyTransactionManagementConfiguration,org.springframework.transaction.config.internalTransactionAdvisor,transactionAttributeSource,transactionInterceptor,org.springframework.transaction.config.internalTransactionalEventListenerFactory,dataSource,hibernateTransactionManager,entityManagerFactory,org.springframework.aop.config.internalAutoProxyCreator,org.springframework.boot.autoconfigure.AutoConfigurationPackages,org.springframework.boot.autoconfigure.context.PropertyPlaceholderAutoConfiguration,propertySourcesPlaceholderConfigurer,org.springframework.boot.autoconfigure.ssl.SslAutoConfiguration,fileWatcher,sslPropertiesSslBundleRegistrar,sslBundleRegistry,org.springframework.boot.context.properties.ConfigurationPropertiesBindingPostProcessor,org.springframework.boot.context.internalConfigurationPropertiesBinder,org.springframework.boot.context.properties.BoundConfigurationProperties,org.springframework.boot.context.properties.EnableConfigurationPropertiesRegistrar.methodValidationExcludeFilter,spring.ssl-org.springframework.boot.autoconfigure.ssl.SslProperties,org.springframework.boot.autoconfigure.websocket.servlet.WebSocketServletAutoConfiguration$TomcatWebSocketConfiguration,websocketServletWebServerCustomizer,org.springframework.boot.autoconfigure.websocket.servlet.WebSocketServletAutoConfiguration,org.springframework.boot.autoconfigure.web.servlet.ServletWebServerFactoryConfiguration$EmbeddedTomcat,tomcatServletWebServerFactory,org.springframework.boot.autoconfigure.web.servlet.ServletWebServerFactoryAutoConfiguration,servletWebServerFactoryCustomizer,tomcatServletWebServerFactoryCustomizer,server-org.springframework.boot.autoconfigure.web.ServerProperties,webServerFactoryCustomizerBeanPostProcessor,errorPageRegistrarBeanPostProcessor,org.springframework.boot.autoconfigure.web.servlet.DispatcherServletAutoConfiguration$DispatcherServletConfiguration,dispatcherServlet,spring.mvc-org.springframework.boot.autoconfigure.web.servlet.WebMvcProperties,org.springframework.boot.autoconfigure.web.servlet.DispatcherServletAutoConfiguration$DispatcherServletRegistrationConfiguration,dispatcherServletRegistration,org.springframework.boot.autoconfigure.web.servlet.DispatcherServletAutoConfiguration,org.springframework.boot.autoconfigure.task.TaskExecutorConfigurations$ThreadPoolTaskExecutorBuilderConfiguration,threadPoolTaskExecutorBuilder,org.springframework.boot.autoconfigure.task.TaskExecutorConfigurations$TaskExecutorBuilderConfiguration,taskExecutorBuilder,org.springframework.boot.autoconfigure.task.TaskExecutorConfigurations$SimpleAsyncTaskExecutorBuilderConfiguration,simpleAsyncTaskExecutorBuilder,org.springframework.boot.autoconfigure.task.TaskExecutorConfigurations$TaskExecutorConfiguration,applicationTaskExecutor,org.springframework.boot.autoconfigure.task.TaskExecutionAutoConfiguration,spring.task.execution-org.springframework.boot.autoconfigure.task.TaskExecutionProperties,org.springframework.boot.autoconfigure.validation.ValidationAutoConfiguration,defaultValidator,methodValidationPostProcessor,org.springframework.boot.autoconfigure.web.servlet.error.ErrorMvcAutoConfiguration$WhitelabelErrorViewConfiguration,error,beanNameViewResolver,org.springframework.boot.autoconfigure.web.servlet.error.ErrorMvcAutoConfiguration$DefaultErrorViewResolverConfiguration,conventionErrorViewResolver,spring.web-org.springframework.boot.autoconfigure.web.WebProperties,org.springframework.boot.autoconfigure.web.servlet.error.ErrorMvcAutoConfiguration,errorAttributes,basicErrorController,errorPageCustomizer,preserveErrorControllerTargetClassPostProcessor,org.springframework.boot.autoconfigure.web.servlet.WebMvcAutoConfiguration$EnableWebMvcConfiguration,welcomePageHandlerMapping,welcomePageNotAcceptableHandlerMapping,localeResolver,themeResolver,flashMapManager,mvcConversionService,mvcValidator,mvcContentNegotiationManager,requestMappingHandlerMapping,mvcPatternParser,mvcUrlPathHelper,mvcPathMatcher,viewControllerHandlerMapping,beanNameHandlerMapping,routerFunctionMapping,resourceHandlerMapping,mvcResourceUrlProvider,defaultServletHandlerMapping,requestMappingHandlerAdapter,handlerFunctionAdapter,mvcUriComponentsContributor,httpRequestHandlerAdapter,simpleControllerHandlerAdapter,handlerExceptionResolver,mvcViewResolver,mvcHandlerMappingIntrospector,viewNameTranslator,org.springframework.boot.autoconfigure.web.servlet.WebMvcAutoConfiguration$WebMvcAutoConfigurationAdapter,defaultViewResolver,viewResolver,requestContextFilter,org.springframework.boot.autoconfigure.web.servlet.WebMvcAutoConfiguration,formContentFilter,org.springframework.boot.autoconfigure.aop.AopAutoConfiguration$AspectJAutoProxyingConfiguration$CglibAutoProxyConfiguration,org.springframework.boot.autoconfigure.aop.AopAutoConfiguration$AspectJAutoProxyingConfiguration,org.springframework.boot.autoconfigure.aop.AopAutoConfiguration,org.springframework.boot.autoconfigure.availability.ApplicationAvailabilityAutoConfiguration,applicationAvailability,org.springframework.boot.autoconfigure.transaction.jta.JtaAutoConfiguration,org.springframework.boot.autoconfigure.jdbc.metadata.DataSourcePoolMetadataProvidersConfiguration$CommonsDbcp2PoolDataSourceMetadataProviderConfiguration,commonsDbcp2PoolDataSourceMetadataProvider,org.springframework.boot.autoconfigure.jdbc.metadata.DataSourcePoolMetadataProvidersConfiguration$HikariPoolDataSourceMetadataProviderConfiguration,hikariPoolDataSourceMetadataProvider,org.springframework.boot.autoconfigure.jdbc.metadata.DataSourcePoolMetadataProvidersConfiguration,org.springframework.boot.autoconfigure.jdbc.DataSourceAutoConfiguration,spring.datasource-org.springframework.boot.autoconfigure.jdbc.DataSourceProperties,org.springframework.boot.autoconfigure.transaction.TransactionManagerCustomizationAutoConfiguration,platformTransactionManagerCustomizers,transactionExecutionListeners,spring.transaction-org.springframework.boot.autoconfigure.transaction.TransactionProperties,org.springframework.boot.autoconfigure.orm.jpa.JpaBaseConfiguration$JpaWebConfiguration,openEntityManagerInViewInterceptor,openEntityManagerInViewInterceptorConfigurer,org.springframework.boot.autoconfigure.orm.jpa.HibernateJpaConfiguration,jpaVendorAdapter,entityManagerFactoryBuilder,spring.jpa.hibernate-org.springframework.boot.autoconfigure.orm.jpa.HibernateProperties,spring.jpa-org.springframework.boot.autoconfigure.orm.jpa.JpaProperties,org.springframework.boot.autoconfigure.orm.jpa.HibernateJpaAutoConfiguration,org.springframework.boot.autoconfigure.jackson.JacksonAutoConfiguration$Jackson2ObjectMapperBuilderCustomizerConfiguration,standardJacksonObjectMapperBuilderCustomizer,spring.jackson-org.springframework.boot.autoconfigure.jackson.JacksonProperties,org.springframework.boot.autoconfigure.jackson.JacksonAutoConfiguration$JacksonObjectMapperBuilderConfiguration,jacksonObjectMapperBuilder,org.springframework.boot.autoconfigure.jackson.JacksonAutoConfiguration$ParameterNamesModuleConfiguration,parameterNamesModule,org.springframework.boot.autoconfigure.jackson.JacksonAutoConfiguration$JacksonObjectMapperConfiguration,jacksonObjectMapper,org.springframework.boot.autoconfigure.jackson.JacksonAutoConfiguration$JacksonMixinConfiguration,jsonMixinModuleEntries,jsonMixinModule,org.springframework.boot.autoconfigure.jackson.JacksonAutoConfiguration,jsonComponentModule,org.springframework.boot.autoconfigure.context.ConfigurationPropertiesAutoConfiguration,org.springframework.boot.autoconfigure.context.LifecycleAutoConfiguration,lifecycleProcessor,spring.lifecycle-org.springframework.boot.autoconfigure.context.LifecycleProperties,org.springframework.boot.autoconfigure.dao.PersistenceExceptionTranslationAutoConfiguration,persistenceExceptionTranslationPostProcessor,org.springframework.boot.autoconfigure.data.jpa.JpaRepositoriesAutoConfiguration,jpaSharedEM_entityManagerFactory,emBeanDefinitionRegistrarPostProcessor,jpaMappingContext,jpaContext,org.springframework.data.jpa.util.JpaMetamodelCacheCleanup,org.springframework.data.jpa.repository.support.JpaEvaluationContextExtension,data-jpa.repository-aot-processor#0,org.springframework.boot.autoconfigure.http.HttpMessageConvertersAutoConfiguration$StringHttpMessageConverterConfiguration,stringHttpMessageConverter,org.springframework.boot.autoconfigure.http.JacksonHttpMessageConvertersConfiguration$MappingJackson2HttpMessageConverterConfiguration,mappingJackson2HttpMessageConverter,org.springframework.boot.autoconfigure.http.JacksonHttpMessageConvertersConfiguration,org.springframework.boot.autoconfigure.http.HttpMessageConvertersAutoConfiguration,messageConverters,org.springframework.hateoas.mediatype.hal.HalMediaTypeConfiguration,halLinkDisocoverer,org.springframework.hateoas.mediatype.hal.forms.HalFormsMediaTypeConfiguration,halFormsLinkDiscoverer,halFormsTemplatePropertyWriter,org.springframework.hateoas.config.WebTestHateoasConfiguration,webTestClientConfigurer,org.springframework.hateoas.config.HateoasConfiguration,messageResolver,hypermediaWebMvcConverters,defaultRelProvider,annotationRelProvider,_relProvider,relProviderPluginRegistry,linkDiscoverers,linkDiscovererRegistry,org.springframework.hateoas.config.WebMvcEntityLinksConfiguration,webMvcEntityLinks,entityLinksPluginRegistry,delegatingEntityLinks,org.springframework.hateoas.config.WebMvcHateoasConfiguration,hypermediaWebMvcConfigurer,representationModelProcessorInvoker,hypermediaRepresentionModelProcessorConfigurator,webMvcLinkBuilderFactory,org.springframework.hateoas.config.RestTemplateHateoasConfiguration,hypermediaRestTemplateBeanPostProcessor,hypermediaRestTemplateConfigurer,org.springframework.data.rest.webmvc.RestControllerConfiguration,repositoryController,repositoryEntityController,repositoryPropertyReferenceController,repositorySearchController,repositorySchemaController,alpsController,profileController,org.springframework.data.web.config.SpringDataJacksonConfiguration,jacksonGeoModule,pageModule,org.springframework.data.rest.webmvc.config.RepositoryRestMvcConfiguration,repositories,repositoryRelProvider,persistentEntities,defaultConversionService,validatingRepositoryEventListener,jpaHelper,repositoryRestConfiguration,projectionDefinitionRegistrar,metadataConfiguration,baseUri,annotatedEventHandlerInvoker,repoRequestArgumentResolver,resourceMetadataHandlerMethodArgumentResolver,backendIdHandlerMethodArgumentResolver,eTagArgumentResolver,entityLinks,persistentEntityArgumentResolver,jsonSchemaConverter,jacksonHttpMessageConverter,halJacksonHttpMessageConverter,halFormsJacksonHttpMessageConverter,uriListHttpMessageConverter,repositoryExporterHandlerAdapter,restHandlerMapping,resourceMappings,linkCollector,excerptProjector,repositoryRestExceptionHandler,repositoryInvokerFactory,defaultMessageConverters,alpsJsonHttpMessageConverter,pageableResolver,sortResolver,backendIdConverterRegistry,auditableBeanWrapperFactory,httpHeadersPreparer,selfLinkProvider,associationLinks,representationModelAssemblersArgumentResolver,persistentEntityResourceAssemblerArgumentResolver,enumTranslator,alpsConverter,profileResourceProcessor,pagedResourcesAssembler,pagedResourcesAssemblerArgumentResolver,slicedResourcesAssembler,slicedResourcesAssemblerArgumentResolver,offsetResolver,org.springframework.boot.autoconfigure.data.rest.RepositoryRestMvcAutoConfiguration,springBootRepositoryRestConfigurer,spring.data.rest-org.springframework.boot.autoconfigure.data.rest.RepositoryRestProperties,org.springframework.boot.autoconfigure.hateoas.HypermediaAutoConfiguration,applicationJsonHalConfiguration,spring.hateoas-org.springframework.boot.autoconfigure.hateoas.HateoasProperties,org.springframework.boot.autoconfigure.info.ProjectInfoAutoConfiguration,spring.info-org.springframework.boot.autoconfigure.info.ProjectInfoProperties,org.springframework.boot.autoconfigure.jdbc.JdbcTemplateConfiguration,jdbcTemplate,org.springframework.boot.autoconfigure.jdbc.NamedParameterJdbcTemplateConfiguration,namedParameterJdbcTemplate,org.springframework.boot.autoconfigure.jdbc.JdbcTemplateAutoConfiguration,spring.jdbc-org.springframework.boot.autoconfigure.jdbc.JdbcProperties,org.springframework.boot.sql.init.dependency.DatabaseInitializationDependencyConfigurer$DependsOnDatabaseInitializationPostProcessor,org.springframework.boot.autoconfigure.jdbc.JdbcClientAutoConfiguration,jdbcClient,org.springframework.security.config.annotation.configuration.ObjectPostProcessorConfiguration,objectPostProcessor,org.springframework.security.config.annotation.authentication.configuration.AuthenticationConfiguration,authenticationManagerBuilder,enableGlobalAuthenticationAutowiredConfigurer,initializeUserDetailsBeanManagerConfigurer,initializeAuthenticationProviderBeanManagerConfigurer,org.springframework.security.config.annotation.web.configuration.WebSecurityConfiguration,delegatingApplicationListener,webSecurityExpressionHandler,privilegeEvaluator,conversionServicePostProcessor,org.springframework.security.config.annotation.web.configuration.WebMvcSecurityConfiguration,requestDataValueProcessor,springSecurityHandlerMappingIntrospectorBeanDefinitionRegistryPostProcessor,org.springframework.security.config.annotation.web.configuration.HttpSecurityConfiguration,org.springframework.security.config.annotation.web.configuration.HttpSecurityConfiguration.httpSecurity,org.springframework.boot.autoconfigure.security.servlet.SpringBootWebSecurityConfiguration$WebSecurityEnablerConfiguration,org.springframework.boot.autoconfigure.security.servlet.SpringBootWebSecurityConfiguration$SecurityFilterChainConfiguration,defaultSecurityFilterChain,org.springframework.boot.autoconfigure.security.servlet.SpringBootWebSecurityConfiguration,org.springframework.boot.autoconfigure.security.servlet.SecurityAutoConfiguration,authenticationEventPublisher,spring.security-org.springframework.boot.autoconfigure.security.SecurityProperties,org.springframework.boot.autoconfigure.security.servlet.SecurityFilterAutoConfiguration,securityFilterChainRegistration,org.springframework.boot.autoconfigure.security.servlet.UserDetailsServiceAutoConfiguration,inMemoryUserDetailsManager,org.springframework.boot.autoconfigure.sql.init.DataSourceInitializationConfiguration,dataSourceScriptDatabaseInitializer,org.springframework.boot.autoconfigure.sql.init.SqlInitializationAutoConfiguration,spring.sql.init-org.springframework.boot.autoconfigure.sql.init.SqlInitializationProperties,org.springframework.boot.autoconfigure.task.TaskSchedulingConfigurations$ThreadPoolTaskSchedulerBuilderConfiguration,threadPoolTaskSchedulerBuilder,org.springframework.boot.autoconfigure.task.TaskSchedulingConfigurations$TaskSchedulerBuilderConfiguration,taskSchedulerBuilder,org.springframework.boot.autoconfigure.task.TaskSchedulingConfigurations$SimpleAsyncTaskSchedulerBuilderConfiguration,simpleAsyncTaskSchedulerBuilder,org.springframework.boot.autoconfigure.task.TaskSchedulingAutoConfiguration,spring.task.scheduling-org.springframework.boot.autoconfigure.task.TaskSchedulingProperties,org.springframework.boot.autoconfigure.jdbc.DataSourceTransactionManagerAutoConfiguration$JdbcTransactionManagerConfiguration,org.springframework.boot.autoconfigure.jdbc.DataSourceTransactionManagerAutoConfiguration,org.springframework.boot.autoconfigure.transaction.TransactionAutoConfiguration$TransactionTemplateConfiguration,transactionTemplate,org.springframework.boot.autoconfigure.transaction.TransactionAutoConfiguration,org.springframework.boot.autoconfigure.web.client.RestClientAutoConfiguration,httpMessageConvertersRestClientCustomizer,restClientSsl,restClientBuilderConfigurer,restClientBuilder,org.springframework.boot.autoconfigure.web.client.RestTemplateAutoConfiguration,restTemplateBuilderConfigurer,restTemplateBuilder,org.springframework.boot.autoconfigure.web.servlet.HttpEncodingAutoConfiguration,characterEncodingFilter,localeCharsetMappingsCustomizer,org.springframework.boot.autoconfigure.web.servlet.MultipartAutoConfiguration,multipartConfigElement,multipartResolver,spring.servlet.multipart-org.springframework.boot.autoconfigure.web.servlet.MultipartProperties,mvcHandlerMappingIntrospectorRequestTransformer,springSecurityFilterChain,jpaSharedEM_AWC_entityManagerFactory]; root of factory hierarchy
2024-05-17T15:11:55.453+02:00 TRACE 4684 --- [clothlogix] [           main] o.s.b.f.s.DefaultListableBeanFactory     : Returning cached instance of singleton bean 'org.springframework.boot.test.mock.mockito.MockitoPostProcessor$SpyPostProcessor'
2024-05-17T15:11:55.453+02:00 TRACE 4684 --- [clothlogix] [           main] o.s.b.f.s.DefaultListableBeanFactory     : Returning cached instance of singleton bean 'org.springframework.boot.test.mock.mockito.MockitoPostProcessor'
2024-05-17T15:11:55.453+02:00 TRACE 4684 --- [clothlogix] [           main] o.s.b.f.s.DefaultListableBeanFactory     : Returning cached instance of singleton bean 'org.springframework.context.annotation.internalConfigurationAnnotationProcessor'
2024-05-17T15:11:55.453+02:00 TRACE 4684 --- [clothlogix] [           main] o.s.b.f.s.DefaultListableBeanFactory     : Returning cached instance of singleton bean 'org.springframework.context.annotation.internalAutowiredAnnotationProcessor'
2024-05-17T15:11:55.453+02:00 TRACE 4684 --- [clothlogix] [           main] o.s.b.f.s.DefaultListableBeanFactory     : Returning cached instance of singleton bean 'org.springframework.context.annotation.internalCommonAnnotationProcessor'
2024-05-17T15:11:55.453+02:00 TRACE 4684 --- [clothlogix] [           main] o.s.b.f.s.DefaultListableBeanFactory     : Returning cached instance of singleton bean 'org.springframework.context.annotation.internalPersistenceAnnotationProcessor'
2024-05-17T15:11:55.453+02:00 TRACE 4684 --- [clothlogix] [           main] o.s.b.f.s.DefaultListableBeanFactory     : Returning cached instance of singleton bean 'org.springframework.context.event.internalEventListenerProcessor'
2024-05-17T15:11:55.453+02:00 TRACE 4684 --- [clothlogix] [           main] o.s.b.f.s.DefaultListableBeanFactory     : Returning cached instance of singleton bean 'org.springframework.context.event.internalEventListenerFactory'
2024-05-17T15:11:55.453+02:00 DEBUG 4684 --- [clothlogix] [           main] o.s.b.f.s.DefaultListableBeanFactory     : Creating shared instance of singleton bean 'clothlogixApplication'
2024-05-17T15:11:55.453+02:00 TRACE 4684 --- [clothlogix] [           main] o.s.b.f.s.DefaultListableBeanFactory     : Creating instance of bean 'clothlogixApplication'
2024-05-17T15:11:55.453+02:00 TRACE 4684 --- [clothlogix] [           main] o.s.b.f.s.DefaultListableBeanFactory     : Returning cached instance of singleton bean 'org.springframework.transaction.config.internalTransactionAdvisor'
2024-05-17T15:11:55.453+02:00 TRACE 4684 --- [clothlogix] [           main] o.s.b.f.s.DefaultListableBeanFactory     : Returning cached instance of singleton bean 'org.springframework.transaction.config.internalTransactionAdvisor'
2024-05-17T15:11:55.453+02:00 TRACE 4684 --- [clothlogix] [           main] o.s.b.f.s.DefaultListableBeanFactory     : Returning cached instance of singleton bean 'org.springframework.transaction.config.internalTransactionAdvisor'
2024-05-17T15:11:55.453+02:00 TRACE 4684 --- [clothlogix] [           main] o.s.b.f.s.DefaultListableBeanFactory     : Finished creating instance of bean 'clothlogixApplication'
2024-05-17T15:11:55.453+02:00 TRACE 4684 --- [clothlogix] [           main] o.s.b.f.s.DefaultListableBeanFactory     : Returning cached instance of singleton bean 'org.springframework.boot.autoconfigure.internalCachingMetadataReaderFactory'
2024-05-17T15:11:55.453+02:00 TRACE 4684 --- [clothlogix] [           main] o.s.b.f.s.DefaultListableBeanFactory     : Returning cached instance of singleton bean 'hibernateConf'
2024-05-17T15:11:55.453+02:00 DEBUG 4684 --- [clothlogix] [           main] o.s.b.f.s.DefaultListableBeanFactory     : Creating shared instance of singleton bean 'coloreController'
2024-05-17T15:11:55.453+02:00 TRACE 4684 --- [clothlogix] [           main] o.s.b.f.s.DefaultListableBeanFactory     : Creating instance of bean 'coloreController'
2024-05-17T15:11:55.453+02:00 TRACE 4684 --- [clothlogix] [           main] o.s.b.f.s.DefaultListableBeanFactory     : Returning cached instance of singleton bean 'org.springframework.transaction.config.internalTransactionAdvisor'
2024-05-17T15:11:55.462+02:00 DEBUG 4684 --- [clothlogix] [           main] o.s.b.f.s.DefaultListableBeanFactory     : Creating shared instance of singleton bean 'coloreService'
2024-05-17T15:11:55.462+02:00 TRACE 4684 --- [clothlogix] [           main] o.s.b.f.s.DefaultListableBeanFactory     : Creating instance of bean 'coloreService'
2024-05-17T15:11:55.462+02:00 TRACE 4684 --- [clothlogix] [           main] o.s.b.f.s.DefaultListableBeanFactory     : Returning cached instance of singleton bean 'org.springframework.transaction.config.internalTransactionAdvisor'
2024-05-17T15:11:55.462+02:00 DEBUG 4684 --- [clothlogix] [           main] o.s.b.f.s.DefaultListableBeanFactory     : Creating shared instance of singleton bean 'coloreDAOImpl'
2024-05-17T15:11:55.462+02:00 TRACE 4684 --- [clothlogix] [           main] o.s.b.f.s.DefaultListableBeanFactory     : Creating instance of bean 'coloreDAOImpl'
2024-05-17T15:11:55.462+02:00 TRACE 4684 --- [clothlogix] [           main] o.s.b.f.s.DefaultListableBeanFactory     : Returning cached instance of singleton bean 'org.springframework.transaction.config.internalTransactionAdvisor'
2024-05-17T15:11:55.467+02:00 TRACE 4684 --- [clothlogix] [           main] o.s.b.f.s.DefaultListableBeanFactory     : Returning cached instance of singleton bean 'entityManagerFactory'
2024-05-17T15:11:55.467+02:00 TRACE 4684 --- [clothlogix] [           main] o.s.b.f.s.DefaultListableBeanFactory     : Returning cached instance of singleton bean 'org.springframework.transaction.config.internalTransactionAdvisor'
2024-05-17T15:11:55.467+02:00 TRACE 4684 --- [clothlogix] [           main] o.s.b.f.s.DefaultListableBeanFactory     : Returning cached instance of singleton bean 'org.springframework.transaction.config.internalTransactionAdvisor'
2024-05-17T15:11:55.482+02:00 TRACE 4684 --- [clothlogix] [           main] o.s.b.f.s.DefaultListableBeanFactory     : Returning cached instance of singleton bean 'org.springframework.transaction.config.internalTransactionAdvisor'
2024-05-17T15:11:55.482+02:00 TRACE 4684 --- [clothlogix] [           main] o.s.b.f.s.DefaultListableBeanFactory     : Returning cached instance of singleton bean 'org.springframework.transaction.config.internalTransactionAdvisor'
2024-05-17T15:11:55.485+02:00 TRACE 4684 --- [clothlogix] [           main] o.s.aop.framework.CglibAopProxy          : Creating CGLIB proxy: SingletonTargetSource for target object [com.fabless.clothlogix.DAO.impl.ColoreDAOImpl@15a5cc6e]
2024-05-17T15:11:55.492+02:00 TRACE 4684 --- [clothlogix] [           main] o.s.aop.framework.CglibAopProxy          : Unable to apply any optimizations to advised method: public void com.fabless.clothlogix.DAO.impl.ColoreDAOImpl.eliminaColore(java.lang.Long,java.util.Map)
2024-05-17T15:11:55.492+02:00 TRACE 4684 --- [clothlogix] [           main] o.s.aop.framework.CglibAopProxy          : Unable to apply any optimizations to advised method: public void com.fabless.clothlogix.DAO.impl.ColoreDAOImpl.inserisciColore(com.fabless.clothlogix.model.entities.ColoreEntity,java.util.Map)
2024-05-17T15:11:55.492+02:00 TRACE 4684 --- [clothlogix] [           main] o.s.aop.framework.CglibAopProxy          : Unable to apply any optimizations to advised method: public void com.fabless.clothlogix.DAO.impl.ColoreDAOImpl.aggiornaColore(com.fabless.clothlogix.model.entities.ColoreEntity,java.util.Map)
2024-05-17T15:11:55.492+02:00 TRACE 4684 --- [clothlogix] [           main] o.s.aop.framework.CglibAopProxy          : Unable to apply any optimizations to advised method: public java.util.Optional com.fabless.clothlogix.DAO.impl.ColoreDAOImpl.coloreFindById(java.lang.Long,java.util.Map)
2024-05-17T15:11:55.492+02:00 TRACE 4684 --- [clothlogix] [           main] o.s.aop.framework.CglibAopProxy          : Unable to apply any optimizations to advised method: public java.util.List com.fabless.clothlogix.DAO.impl.ColoreDAOImpl.getListColore(java.util.Map)
2024-05-17T15:11:55.492+02:00 TRACE 4684 --- [clothlogix] [           main] o.s.aop.framework.CglibAopProxy          : Found 'equals' method: public boolean java.lang.Object.equals(java.lang.Object)
2024-05-17T15:11:55.492+02:00 TRACE 4684 --- [clothlogix] [           main] o.s.aop.framework.CglibAopProxy          : Unable to apply any optimizations to advised method: public java.lang.String java.lang.Object.toString()
2024-05-17T15:11:55.492+02:00 TRACE 4684 --- [clothlogix] [           main] o.s.aop.framework.CglibAopProxy          : Found 'hashCode' method: public native int java.lang.Object.hashCode()
2024-05-17T15:11:55.492+02:00 TRACE 4684 --- [clothlogix] [           main] o.s.aop.framework.CglibAopProxy          : Unable to apply any optimizations to advised method: protected native java.lang.Object java.lang.Object.clone() throws java.lang.CloneNotSupportedException
2024-05-17T15:11:55.492+02:00 TRACE 4684 --- [clothlogix] [           main] o.s.aop.framework.CglibAopProxy          : Method is declared on Advised interface: public abstract int org.springframework.aop.framework.Advised.indexOf(org.springframework.aop.Advisor)
2024-05-17T15:11:55.492+02:00 TRACE 4684 --- [clothlogix] [           main] o.s.aop.framework.CglibAopProxy          : Method is declared on Advised interface: public abstract int org.springframework.aop.framework.Advised.indexOf(org.aopalliance.aop.Advice)
2024-05-17T15:11:55.492+02:00 TRACE 4684 --- [clothlogix] [           main] o.s.aop.framework.CglibAopProxy          : Method is declared on Advised interface: public abstract boolean org.springframework.aop.framework.Advised.isFrozen()
2024-05-17T15:11:55.492+02:00 TRACE 4684 --- [clothlogix] [           main] o.s.aop.framework.CglibAopProxy          : Method is declared on Advised interface: public abstract java.lang.String org.springframework.aop.framework.Advised.toProxyConfigString()
2024-05-17T15:11:55.492+02:00 TRACE 4684 --- [clothlogix] [           main] o.s.aop.framework.CglibAopProxy          : Method is declared on Advised interface: public abstract java.lang.Class[] org.springframework.aop.framework.Advised.getProxiedInterfaces()
2024-05-17T15:11:55.492+02:00 TRACE 4684 --- [clothlogix] [           main] o.s.aop.framework.CglibAopProxy          : Method is declared on Advised interface: public default int org.springframework.aop.framework.Advised.getAdvisorCount()
2024-05-17T15:11:55.492+02:00 TRACE 4684 --- [clothlogix] [           main] o.s.aop.framework.CglibAopProxy          : Method is declared on Advised interface: public abstract org.springframework.aop.Advisor[] org.springframework.aop.framework.Advised.getAdvisors()
2024-05-17T15:11:55.492+02:00 TRACE 4684 --- [clothlogix] [           main] o.s.aop.framework.CglibAopProxy          : Method is declared on Advised interface: public abstract boolean org.springframework.aop.framework.Advised.isInterfaceProxied(java.lang.Class)
2024-05-17T15:11:55.492+02:00 TRACE 4684 --- [clothlogix] [           main] o.s.aop.framework.CglibAopProxy          : Method is declared on Advised interface: public abstract org.springframework.aop.TargetSource org.springframework.aop.framework.Advised.getTargetSource()
2024-05-17T15:11:55.492+02:00 TRACE 4684 --- [clothlogix] [           main] o.s.aop.framework.CglibAopProxy          : Method is declared on Advised interface: public abstract boolean org.springframework.aop.framework.Advised.isPreFiltered()
2024-05-17T15:11:55.492+02:00 TRACE 4684 --- [clothlogix] [           main] o.s.aop.framework.CglibAopProxy          : Method is declared on Advised interface: public abstract void org.springframework.aop.framework.Advised.setPreFiltered(boolean)
2024-05-17T15:11:55.492+02:00 TRACE 4684 --- [clothlogix] [           main] o.s.aop.framework.CglibAopProxy          : Method is declared on Advised interface: public abstract void org.springframework.aop.framework.Advised.addAdvisor(int,org.springframework.aop.Advisor) throws org.springframework.aop.framework.AopConfigException
2024-05-17T15:11:55.492+02:00 TRACE 4684 --- [clothlogix] [           main] o.s.aop.framework.CglibAopProxy          : Method is declared on Advised interface: public abstract void org.springframework.aop.framework.Advised.addAdvisor(org.springframework.aop.Advisor) throws org.springframework.aop.framework.AopConfigException
2024-05-17T15:11:55.492+02:00 TRACE 4684 --- [clothlogix] [           main] o.s.aop.framework.CglibAopProxy          : Method is declared on Advised interface: public abstract void org.springframework.aop.framework.Advised.removeAdvisor(int) throws org.springframework.aop.framework.AopConfigException
2024-05-17T15:11:55.492+02:00 TRACE 4684 --- [clothlogix] [           main] o.s.aop.framework.CglibAopProxy          : Method is declared on Advised interface: public abstract boolean org.springframework.aop.framework.Advised.removeAdvisor(org.springframework.aop.Advisor)
2024-05-17T15:11:55.492+02:00 TRACE 4684 --- [clothlogix] [           main] o.s.aop.framework.CglibAopProxy          : Method is declared on Advised interface: public abstract boolean org.springframework.aop.framework.Advised.replaceAdvisor(org.springframework.aop.Advisor,org.springframework.aop.Advisor) throws org.springframework.aop.framework.AopConfigException
2024-05-17T15:11:55.492+02:00 TRACE 4684 --- [clothlogix] [           main] o.s.aop.framework.CglibAopProxy          : Method is declared on Advised interface: public abstract boolean org.springframework.aop.framework.Advised.isProxyTargetClass()
2024-05-17T15:11:55.492+02:00 TRACE 4684 --- [clothlogix] [           main] o.s.aop.framework.CglibAopProxy          : Method is declared on Advised interface: public abstract void org.springframework.aop.framework.Advised.setTargetSource(org.springframework.aop.TargetSource)
2024-05-17T15:11:55.492+02:00 TRACE 4684 --- [clothlogix] [           main] o.s.aop.framework.CglibAopProxy          : Method is declared on Advised interface: public abstract void org.springframework.aop.framework.Advised.setExposeProxy(boolean)
2024-05-17T15:11:55.492+02:00 TRACE 4684 --- [clothlogix] [           main] o.s.aop.framework.CglibAopProxy          : Method is declared on Advised interface: public abstract boolean org.springframework.aop.framework.Advised.isExposeProxy()
2024-05-17T15:11:55.492+02:00 TRACE 4684 --- [clothlogix] [           main] o.s.aop.framework.CglibAopProxy          : Method is declared on Advised interface: public abstract void org.springframework.aop.framework.Advised.addAdvice(org.aopalliance.aop.Advice) throws org.springframework.aop.framework.AopConfigException
2024-05-17T15:11:55.492+02:00 TRACE 4684 --- [clothlogix] [           main] o.s.aop.framework.CglibAopProxy          : Method is declared on Advised interface: public abstract void org.springframework.aop.framework.Advised.addAdvice(int,org.aopalliance.aop.Advice) throws org.springframework.aop.framework.AopConfigException
2024-05-17T15:11:55.492+02:00 TRACE 4684 --- [clothlogix] [           main] o.s.aop.framework.CglibAopProxy          : Method is declared on Advised interface: public abstract boolean org.springframework.aop.framework.Advised.removeAdvice(org.aopalliance.aop.Advice)
2024-05-17T15:11:55.492+02:00 TRACE 4684 --- [clothlogix] [           main] o.s.aop.framework.CglibAopProxy          : Method is declared on Advised interface: public abstract java.lang.Class org.springframework.aop.TargetClassAware.getTargetClass()
2024-05-17T15:11:55.502+02:00 TRACE 4684 --- [clothlogix] [           main] o.s.b.f.s.DefaultListableBeanFactory     : Finished creating instance of bean 'coloreDAOImpl'
2024-05-17T15:11:55.502+02:00 DEBUG 4684 --- [clothlogix] [           main] o.s.b.f.s.DefaultListableBeanFactory     : Autowiring by type from bean name 'coloreService' via constructor to bean named 'coloreDAOImpl'
2024-05-17T15:11:55.502+02:00 TRACE 4684 --- [clothlogix] [           main] o.s.b.f.s.DefaultListableBeanFactory     : Returning cached instance of singleton bean 'org.springframework.transaction.config.internalTransactionAdvisor'
2024-05-17T15:11:55.502+02:00 TRACE 4684 --- [clothlogix] [           main] o.s.b.f.s.DefaultListableBeanFactory     : Returning cached instance of singleton bean 'org.springframework.transaction.config.internalTransactionAdvisor'
2024-05-17T15:11:55.502+02:00 TRACE 4684 --- [clothlogix] [           main] t.a.AnnotationTransactionAttributeSource : Adding transactional method 'com.fabless.clothlogix.Service.Impl.ColoreService.create' with attribute: PROPAGATION_REQUIRED,ISOLATION_DEFAULT
2024-05-17T15:11:55.507+02:00 TRACE 4684 --- [clothlogix] [           main] a.AnnotationAwareAspectJAutoProxyCreator : Creating implicit proxy for bean 'coloreService' with 0 common interceptors and 1 specific interceptors
2024-05-17T15:11:55.507+02:00 TRACE 4684 --- [clothlogix] [           main] o.s.aop.framework.CglibAopProxy          : Creating CGLIB proxy: SingletonTargetSource for target object [com.fabless.clothlogix.Service.Impl.ColoreService@6a358906]
2024-05-17T15:11:55.507+02:00 TRACE 4684 --- [clothlogix] [           main] o.s.aop.framework.CglibAopProxy          : Unable to apply any optimizations to advised method: public void com.fabless.clothlogix.Service.Impl.ColoreService.create(com.fabless.clothlogix.model.entities.ColoreEntity,java.util.Map) throws org.hibernate.exception.DataException
2024-05-17T15:11:55.507+02:00 TRACE 4684 --- [clothlogix] [           main] o.s.aop.framework.CglibAopProxy          : Unable to apply any optimizations to advised method: public java.lang.Iterable com.fabless.clothlogix.Service.Impl.ColoreService.findAll(java.util.Map) throws org.hibernate.exception.DataException
2024-05-17T15:11:55.507+02:00 TRACE 4684 --- [clothlogix] [           main] t.a.AnnotationTransactionAttributeSource : Adding transactional method 'com.fabless.clothlogix.Service.Impl.ColoreService.deleteByid' with attribute: PROPAGATION_REQUIRED,ISOLATION_DEFAULT
2024-05-17T15:11:55.507+02:00 TRACE 4684 --- [clothlogix] [           main] o.s.aop.framework.CglibAopProxy          : Unable to apply any optimizations to advised method: public void com.fabless.clothlogix.Service.Impl.ColoreService.deleteByid(java.lang.Long,java.util.Map) throws org.hibernate.exception.DataException
2024-05-17T15:11:55.512+02:00 TRACE 4684 --- [clothlogix] [           main] t.a.AnnotationTransactionAttributeSource : Adding transactional method 'com.fabless.clothlogix.Service.Impl.ColoreService.upload' with attribute: PROPAGATION_REQUIRED,ISOLATION_DEFAULT
2024-05-17T15:11:55.512+02:00 TRACE 4684 --- [clothlogix] [           main] o.s.aop.framework.CglibAopProxy          : Unable to apply any optimizations to advised method: public void com.fabless.clothlogix.Service.Impl.ColoreService.upload(com.fabless.clothlogix.model.entities.ColoreEntity,java.util.Map) throws org.hibernate.exception.DataException
2024-05-17T15:11:55.512+02:00 TRACE 4684 --- [clothlogix] [           main] o.s.aop.framework.CglibAopProxy          : Unable to apply any optimizations to advised method: public java.util.Optional com.fabless.clothlogix.Service.Impl.ColoreService.findById(java.lang.Long,java.util.Map) throws org.hibernate.exception.DataException
2024-05-17T15:11:55.512+02:00 TRACE 4684 --- [clothlogix] [           main] o.s.aop.framework.CglibAopProxy          : Found 'equals' method: public boolean java.lang.Object.equals(java.lang.Object)
2024-05-17T15:11:55.512+02:00 TRACE 4684 --- [clothlogix] [           main] o.s.aop.framework.CglibAopProxy          : Unable to apply any optimizations to advised method: public java.lang.String java.lang.Object.toString()
2024-05-17T15:11:55.512+02:00 TRACE 4684 --- [clothlogix] [           main] o.s.aop.framework.CglibAopProxy          : Found 'hashCode' method: public native int java.lang.Object.hashCode()
2024-05-17T15:11:55.512+02:00 TRACE 4684 --- [clothlogix] [           main] o.s.aop.framework.CglibAopProxy          : Unable to apply any optimizations to advised method: protected native java.lang.Object java.lang.Object.clone() throws java.lang.CloneNotSupportedException
2024-05-17T15:11:55.512+02:00 TRACE 4684 --- [clothlogix] [           main] o.s.aop.framework.CglibAopProxy          : Method is declared on Advised interface: public abstract int org.springframework.aop.framework.Advised.indexOf(org.springframework.aop.Advisor)
2024-05-17T15:11:55.512+02:00 TRACE 4684 --- [clothlogix] [           main] o.s.aop.framework.CglibAopProxy          : Method is declared on Advised interface: public abstract int org.springframework.aop.framework.Advised.indexOf(org.aopalliance.aop.Advice)
2024-05-17T15:11:55.512+02:00 TRACE 4684 --- [clothlogix] [           main] o.s.aop.framework.CglibAopProxy          : Method is declared on Advised interface: public abstract boolean org.springframework.aop.framework.Advised.isFrozen()
2024-05-17T15:11:55.512+02:00 TRACE 4684 --- [clothlogix] [           main] o.s.aop.framework.CglibAopProxy          : Method is declared on Advised interface: public abstract java.lang.String org.springframework.aop.framework.Advised.toProxyConfigString()
2024-05-17T15:11:55.512+02:00 TRACE 4684 --- [clothlogix] [           main] o.s.aop.framework.CglibAopProxy          : Method is declared on Advised interface: public abstract java.lang.Class[] org.springframework.aop.framework.Advised.getProxiedInterfaces()
2024-05-17T15:11:55.512+02:00 TRACE 4684 --- [clothlogix] [           main] o.s.aop.framework.CglibAopProxy          : Method is declared on Advised interface: public default int org.springframework.aop.framework.Advised.getAdvisorCount()
2024-05-17T15:11:55.512+02:00 TRACE 4684 --- [clothlogix] [           main] o.s.aop.framework.CglibAopProxy          : Method is declared on Advised interface: public abstract org.springframework.aop.Advisor[] org.springframework.aop.framework.Advised.getAdvisors()
2024-05-17T15:11:55.512+02:00 TRACE 4684 --- [clothlogix] [           main] o.s.aop.framework.CglibAopProxy          : Method is declared on Advised interface: public abstract boolean org.springframework.aop.framework.Advised.isInterfaceProxied(java.lang.Class)
2024-05-17T15:11:55.512+02:00 TRACE 4684 --- [clothlogix] [           main] o.s.aop.framework.CglibAopProxy          : Method is declared on Advised interface: public abstract org.springframework.aop.TargetSource org.springframework.aop.framework.Advised.getTargetSource()
2024-05-17T15:11:55.512+02:00 TRACE 4684 --- [clothlogix] [           main] o.s.aop.framework.CglibAopProxy          : Method is declared on Advised interface: public abstract boolean org.springframework.aop.framework.Advised.isPreFiltered()
2024-05-17T15:11:55.512+02:00 TRACE 4684 --- [clothlogix] [           main] o.s.aop.framework.CglibAopProxy          : Method is declared on Advised interface: public abstract void org.springframework.aop.framework.Advised.setPreFiltered(boolean)
2024-05-17T15:11:55.512+02:00 TRACE 4684 --- [clothlogix] [           main] o.s.aop.framework.CglibAopProxy          : Method is declared on Advised interface: public abstract void org.springframework.aop.framework.Advised.addAdvisor(int,org.springframework.aop.Advisor) throws org.springframework.aop.framework.AopConfigException
2024-05-17T15:11:55.512+02:00 TRACE 4684 --- [clothlogix] [           main] o.s.aop.framework.CglibAopProxy          : Method is declared on Advised interface: public abstract void org.springframework.aop.framework.Advised.addAdvisor(org.springframework.aop.Advisor) throws org.springframework.aop.framework.AopConfigException
2024-05-17T15:11:55.512+02:00 TRACE 4684 --- [clothlogix] [           main] o.s.aop.framework.CglibAopProxy          : Method is declared on Advised interface: public abstract void org.springframework.aop.framework.Advised.removeAdvisor(int) throws org.springframework.aop.framework.AopConfigException
2024-05-17T15:11:55.512+02:00 TRACE 4684 --- [clothlogix] [           main] o.s.aop.framework.CglibAopProxy          : Method is declared on Advised interface: public abstract boolean org.springframework.aop.framework.Advised.removeAdvisor(org.springframework.aop.Advisor)
2024-05-17T15:11:55.512+02:00 TRACE 4684 --- [clothlogix] [           main] o.s.aop.framework.CglibAopProxy          : Method is declared on Advised interface: public abstract boolean org.springframework.aop.framework.Advised.replaceAdvisor(org.springframework.aop.Advisor,org.springframework.aop.Advisor) throws org.springframework.aop.framework.AopConfigException
2024-05-17T15:11:55.512+02:00 TRACE 4684 --- [clothlogix] [           main] o.s.aop.framework.CglibAopProxy          : Method is declared on Advised interface: public abstract boolean org.springframework.aop.framework.Advised.isProxyTargetClass()
2024-05-17T15:11:55.512+02:00 TRACE 4684 --- [clothlogix] [           main] o.s.aop.framework.CglibAopProxy          : Method is declared on Advised interface: public abstract void org.springframework.aop.framework.Advised.setTargetSource(org.springframework.aop.TargetSource)
2024-05-17T15:11:55.512+02:00 TRACE 4684 --- [clothlogix] [           main] o.s.aop.framework.CglibAopProxy          : Method is declared on Advised interface: public abstract void org.springframework.aop.framework.Advised.setExposeProxy(boolean)
2024-05-17T15:11:55.512+02:00 TRACE 4684 --- [clothlogix] [           main] o.s.aop.framework.CglibAopProxy          : Method is declared on Advised interface: public abstract boolean org.springframework.aop.framework.Advised.isExposeProxy()
2024-05-17T15:11:55.512+02:00 TRACE 4684 --- [clothlogix] [           main] o.s.aop.framework.CglibAopProxy          : Method is declared on Advised interface: public abstract void org.springframework.aop.framework.Advised.addAdvice(org.aopalliance.aop.Advice) throws org.springframework.aop.framework.AopConfigException
2024-05-17T15:11:55.512+02:00 TRACE 4684 --- [clothlogix] [           main] o.s.aop.framework.CglibAopProxy          : Method is declared on Advised interface: public abstract void org.springframework.aop.framework.Advised.addAdvice(int,org.aopalliance.aop.Advice) throws org.springframework.aop.framework.AopConfigException
2024-05-17T15:11:55.512+02:00 TRACE 4684 --- [clothlogix] [           main] o.s.aop.framework.CglibAopProxy          : Method is declared on Advised interface: public abstract boolean org.springframework.aop.framework.Advised.removeAdvice(org.aopalliance.aop.Advice)
2024-05-17T15:11:55.512+02:00 TRACE 4684 --- [clothlogix] [           main] o.s.aop.framework.CglibAopProxy          : Method is declared on Advised interface: public abstract java.lang.Class org.springframework.aop.TargetClassAware.getTargetClass()
2024-05-17T15:11:55.517+02:00 TRACE 4684 --- [clothlogix] [           main] o.s.b.f.s.DefaultListableBeanFactory     : Finished creating instance of bean 'coloreService'
2024-05-17T15:11:55.517+02:00 DEBUG 4684 --- [clothlogix] [           main] o.s.b.f.s.DefaultListableBeanFactory     : Creating shared instance of singleton bean 'superClassMapperImpl'
2024-05-17T15:11:55.517+02:00 TRACE 4684 --- [clothlogix] [           main] o.s.b.f.s.DefaultListableBeanFactory     : Creating instance of bean 'superClassMapperImpl'
2024-05-17T15:11:55.517+02:00 TRACE 4684 --- [clothlogix] [           main] o.s.b.f.s.DefaultListableBeanFactory     : Returning cached instance of singleton bean 'org.springframework.transaction.config.internalTransactionAdvisor'
2024-05-17T15:11:55.517+02:00 TRACE 4684 --- [clothlogix] [           main] o.s.b.f.s.DefaultListableBeanFactory     : Returning cached instance of singleton bean 'org.springframework.transaction.config.internalTransactionAdvisor'
2024-05-17T15:11:55.517+02:00 TRACE 4684 --- [clothlogix] [           main] o.s.b.f.s.DefaultListableBeanFactory     : Returning cached instance of singleton bean 'org.springframework.transaction.config.internalTransactionAdvisor'
2024-05-17T15:11:55.517+02:00 TRACE 4684 --- [clothlogix] [           main] o.s.b.f.s.DefaultListableBeanFactory     : Finished creating instance of bean 'superClassMapperImpl'
2024-05-17T15:11:55.517+02:00 DEBUG 4684 --- [clothlogix] [           main] o.s.b.f.s.DefaultListableBeanFactory     : Autowiring by type from bean name 'coloreController' via constructor to bean named 'coloreService'
2024-05-17T15:11:55.517+02:00 DEBUG 4684 --- [clothlogix] [           main] o.s.b.f.s.DefaultListableBeanFactory     : Autowiring by type from bean name 'coloreController' via constructor to bean named 'superClassMapperImpl'
2024-05-17T15:11:55.517+02:00 TRACE 4684 --- [clothlogix] [           main] o.s.b.f.s.DefaultListableBeanFactory     : Returning cached instance of singleton bean 'org.springframework.transaction.config.internalTransactionAdvisor'
2024-05-17T15:11:55.517+02:00 TRACE 4684 --- [clothlogix] [           main] o.s.b.f.s.DefaultListableBeanFactory     : Returning cached instance of singleton bean 'org.springframework.transaction.config.internalTransactionAdvisor'
2024-05-17T15:11:55.517+02:00 TRACE 4684 --- [clothlogix] [           main] o.s.b.f.s.DefaultListableBeanFactory     : Finished creating instance of bean 'coloreController'
2024-05-17T15:11:55.517+02:00 TRACE 4684 --- [clothlogix] [           main] o.s.b.f.s.DefaultListableBeanFactory     : Returning cached instance of singleton bean 'coloreDAOImpl'
2024-05-17T15:11:55.517+02:00 DEBUG 4684 --- [clothlogix] [           main] o.s.b.f.s.DefaultListableBeanFactory     : Creating shared instance of singleton bean 'loginDAOImpl'
2024-05-17T15:11:55.517+02:00 TRACE 4684 --- [clothlogix] [           main] o.s.b.f.s.DefaultListableBeanFactory     : Creating instance of bean 'loginDAOImpl'
2024-05-17T15:11:55.517+02:00 TRACE 4684 --- [clothlogix] [           main] o.s.b.f.s.DefaultListableBeanFactory     : Returning cached instance of singleton bean 'org.springframework.transaction.config.internalTransactionAdvisor'
2024-05-17T15:11:55.517+02:00 TRACE 4684 --- [clothlogix] [           main] o.s.b.f.s.DefaultListableBeanFactory     : Returning cached instance of singleton bean 'org.springframework.transaction.config.internalTransactionAdvisor'
2024-05-17T15:11:55.517+02:00 TRACE 4684 --- [clothlogix] [           main] o.s.b.f.s.DefaultListableBeanFactory     : Returning cached instance of singleton bean 'org.springframework.transaction.config.internalTransactionAdvisor'
2024-05-17T15:11:55.517+02:00 TRACE 4684 --- [clothlogix] [           main] o.s.aop.framework.CglibAopProxy          : Creating CGLIB proxy: SingletonTargetSource for target object [com.fabless.clothlogix.DAO.impl.LoginDAOImpl@3cd89c72]
2024-05-17T15:11:55.522+02:00 TRACE 4684 --- [clothlogix] [           main] o.s.aop.framework.CglibAopProxy          : Unable to apply any optimizations to advised method: public void com.fabless.clothlogix.DAO.impl.LoginDAOImpl.inserisciLogin(com.fabless.clothlogix.model.entities.LoginEntity,java.util.Map)
2024-05-17T15:11:55.522+02:00 TRACE 4684 --- [clothlogix] [           main] o.s.aop.framework.CglibAopProxy          : Unable to apply any optimizations to advised method: public void com.fabless.clothlogix.DAO.impl.LoginDAOImpl.eliminaLogin(java.lang.Long,java.util.Map)
2024-05-17T15:11:55.522+02:00 TRACE 4684 --- [clothlogix] [           main] o.s.aop.framework.CglibAopProxy          : Unable to apply any optimizations to advised method: public void com.fabless.clothlogix.DAO.impl.LoginDAOImpl.aggiornaLogin(com.fabless.clothlogix.model.entities.LoginEntity,java.util.Map)
2024-05-17T15:11:55.522+02:00 TRACE 4684 --- [clothlogix] [           main] o.s.aop.framework.CglibAopProxy          : Unable to apply any optimizations to advised method: public java.util.List com.fabless.clothlogix.DAO.impl.LoginDAOImpl.getListLoing(java.util.Map)
2024-05-17T15:11:55.522+02:00 TRACE 4684 --- [clothlogix] [           main] o.s.aop.framework.CglibAopProxy          : Unable to apply any optimizations to advised method: public java.util.Optional com.fabless.clothlogix.DAO.impl.LoginDAOImpl.loginFindById(java.lang.Long,java.util.Map)
2024-05-17T15:11:55.522+02:00 TRACE 4684 --- [clothlogix] [           main] o.s.aop.framework.CglibAopProxy          : Found 'equals' method: public boolean java.lang.Object.equals(java.lang.Object)
2024-05-17T15:11:55.522+02:00 TRACE 4684 --- [clothlogix] [           main] o.s.aop.framework.CglibAopProxy          : Unable to apply any optimizations to advised method: public java.lang.String java.lang.Object.toString()
2024-05-17T15:11:55.522+02:00 TRACE 4684 --- [clothlogix] [           main] o.s.aop.framework.CglibAopProxy          : Found 'hashCode' method: public native int java.lang.Object.hashCode()
2024-05-17T15:11:55.522+02:00 TRACE 4684 --- [clothlogix] [           main] o.s.aop.framework.CglibAopProxy          : Unable to apply any optimizations to advised method: protected native java.lang.Object java.lang.Object.clone() throws java.lang.CloneNotSupportedException
2024-05-17T15:11:55.522+02:00 TRACE 4684 --- [clothlogix] [           main] o.s.aop.framework.CglibAopProxy          : Method is declared on Advised interface: public abstract int org.springframework.aop.framework.Advised.indexOf(org.springframework.aop.Advisor)
2024-05-17T15:11:55.522+02:00 TRACE 4684 --- [clothlogix] [           main] o.s.aop.framework.CglibAopProxy          : Method is declared on Advised interface: public abstract int org.springframework.aop.framework.Advised.indexOf(org.aopalliance.aop.Advice)
2024-05-17T15:11:55.522+02:00 TRACE 4684 --- [clothlogix] [           main] o.s.aop.framework.CglibAopProxy          : Method is declared on Advised interface: public abstract boolean org.springframework.aop.framework.Advised.isFrozen()
2024-05-17T15:11:55.522+02:00 TRACE 4684 --- [clothlogix] [           main] o.s.aop.framework.CglibAopProxy          : Method is declared on Advised interface: public abstract java.lang.String org.springframework.aop.framework.Advised.toProxyConfigString()
2024-05-17T15:11:55.522+02:00 TRACE 4684 --- [clothlogix] [           main] o.s.aop.framework.CglibAopProxy          : Method is declared on Advised interface: public abstract java.lang.Class[] org.springframework.aop.framework.Advised.getProxiedInterfaces()
2024-05-17T15:11:55.522+02:00 TRACE 4684 --- [clothlogix] [           main] o.s.aop.framework.CglibAopProxy          : Method is declared on Advised interface: public default int org.springframework.aop.framework.Advised.getAdvisorCount()
2024-05-17T15:11:55.522+02:00 TRACE 4684 --- [clothlogix] [           main] o.s.aop.framework.CglibAopProxy          : Method is declared on Advised interface: public abstract org.springframework.aop.Advisor[] org.springframework.aop.framework.Advised.getAdvisors()
2024-05-17T15:11:55.522+02:00 TRACE 4684 --- [clothlogix] [           main] o.s.aop.framework.CglibAopProxy          : Method is declared on Advised interface: public abstract boolean org.springframework.aop.framework.Advised.isInterfaceProxied(java.lang.Class)
2024-05-17T15:11:55.522+02:00 TRACE 4684 --- [clothlogix] [           main] o.s.aop.framework.CglibAopProxy          : Method is declared on Advised interface: public abstract org.springframework.aop.TargetSource org.springframework.aop.framework.Advised.getTargetSource()
2024-05-17T15:11:55.522+02:00 TRACE 4684 --- [clothlogix] [           main] o.s.aop.framework.CglibAopProxy          : Method is declared on Advised interface: public abstract boolean org.springframework.aop.framework.Advised.isPreFiltered()
2024-05-17T15:11:55.522+02:00 TRACE 4684 --- [clothlogix] [           main] o.s.aop.framework.CglibAopProxy          : Method is declared on Advised interface: public abstract void org.springframework.aop.framework.Advised.setPreFiltered(boolean)
2024-05-17T15:11:55.522+02:00 TRACE 4684 --- [clothlogix] [           main] o.s.aop.framework.CglibAopProxy          : Method is declared on Advised interface: public abstract void org.springframework.aop.framework.Advised.addAdvisor(int,org.springframework.aop.Advisor) throws org.springframework.aop.framework.AopConfigException
2024-05-17T15:11:55.522+02:00 TRACE 4684 --- [clothlogix] [           main] o.s.aop.framework.CglibAopProxy          : Method is declared on Advised interface: public abstract void org.springframework.aop.framework.Advised.addAdvisor(org.springframework.aop.Advisor) throws org.springframework.aop.framework.AopConfigException
2024-05-17T15:11:55.522+02:00 TRACE 4684 --- [clothlogix] [           main] o.s.aop.framework.CglibAopProxy          : Method is declared on Advised interface: public abstract void org.springframework.aop.framework.Advised.removeAdvisor(int) throws org.springframework.aop.framework.AopConfigException
2024-05-17T15:11:55.522+02:00 TRACE 4684 --- [clothlogix] [           main] o.s.aop.framework.CglibAopProxy          : Method is declared on Advised interface: public abstract boolean org.springframework.aop.framework.Advised.removeAdvisor(org.springframework.aop.Advisor)
2024-05-17T15:11:55.522+02:00 TRACE 4684 --- [clothlogix] [           main] o.s.aop.framework.CglibAopProxy          : Method is declared on Advised interface: public abstract boolean org.springframework.aop.framework.Advised.replaceAdvisor(org.springframework.aop.Advisor,org.springframework.aop.Advisor) throws org.springframework.aop.framework.AopConfigException
2024-05-17T15:11:55.522+02:00 TRACE 4684 --- [clothlogix] [           main] o.s.aop.framework.CglibAopProxy          : Method is declared on Advised interface: public abstract boolean org.springframework.aop.framework.Advised.isProxyTargetClass()
2024-05-17T15:11:55.522+02:00 TRACE 4684 --- [clothlogix] [           main] o.s.aop.framework.CglibAopProxy          : Method is declared on Advised interface: public abstract void org.springframework.aop.framework.Advised.setTargetSource(org.springframework.aop.TargetSource)
2024-05-17T15:11:55.522+02:00 TRACE 4684 --- [clothlogix] [           main] o.s.aop.framework.CglibAopProxy          : Method is declared on Advised interface: public abstract void org.springframework.aop.framework.Advised.setExposeProxy(boolean)
2024-05-17T15:11:55.522+02:00 TRACE 4684 --- [clothlogix] [           main] o.s.aop.framework.CglibAopProxy          : Method is declared on Advised interface: public abstract boolean org.springframework.aop.framework.Advised.isExposeProxy()
2024-05-17T15:11:55.522+02:00 TRACE 4684 --- [clothlogix] [           main] o.s.aop.framework.CglibAopProxy          : Method is declared on Advised interface: public abstract void org.springframework.aop.framework.Advised.addAdvice(org.aopalliance.aop.Advice) throws org.springframework.aop.framework.AopConfigException
2024-05-17T15:11:55.522+02:00 TRACE 4684 --- [clothlogix] [           main] o.s.aop.framework.CglibAopProxy          : Method is declared on Advised interface: public abstract void org.springframework.aop.framework.Advised.addAdvice(int,org.aopalliance.aop.Advice) throws org.springframework.aop.framework.AopConfigException
2024-05-17T15:11:55.522+02:00 TRACE 4684 --- [clothlogix] [           main] o.s.aop.framework.CglibAopProxy          : Method is declared on Advised interface: public abstract boolean org.springframework.aop.framework.Advised.removeAdvice(org.aopalliance.aop.Advice)
2024-05-17T15:11:55.522+02:00 TRACE 4684 --- [clothlogix] [           main] o.s.aop.framework.CglibAopProxy          : Method is declared on Advised interface: public abstract java.lang.Class org.springframework.aop.TargetClassAware.getTargetClass()
2024-05-17T15:11:55.527+02:00 TRACE 4684 --- [clothlogix] [           main] o.s.b.f.s.DefaultListableBeanFactory     : Finished creating instance of bean 'loginDAOImpl'
2024-05-17T15:11:55.527+02:00 DEBUG 4684 --- [clothlogix] [           main] o.s.b.f.s.DefaultListableBeanFactory     : Creating shared instance of singleton bean 'magazzinoDAOImpl'
2024-05-17T15:11:55.527+02:00 TRACE 4684 --- [clothlogix] [           main] o.s.b.f.s.DefaultListableBeanFactory     : Creating instance of bean 'magazzinoDAOImpl'
2024-05-17T15:11:55.527+02:00 TRACE 4684 --- [clothlogix] [           main] o.s.b.f.s.DefaultListableBeanFactory     : Returning cached instance of singleton bean 'org.springframework.transaction.config.internalTransactionAdvisor'
2024-05-17T15:11:55.527+02:00 TRACE 4684 --- [clothlogix] [           main] o.s.b.f.s.DefaultListableBeanFactory     : Returning cached instance of singleton bean 'org.springframework.transaction.config.internalTransactionAdvisor'
2024-05-17T15:11:55.527+02:00 TRACE 4684 --- [clothlogix] [           main] o.s.b.f.s.DefaultListableBeanFactory     : Returning cached instance of singleton bean 'org.springframework.transaction.config.internalTransactionAdvisor'
2024-05-17T15:11:55.527+02:00 TRACE 4684 --- [clothlogix] [           main] o.s.aop.framework.CglibAopProxy          : Creating CGLIB proxy: SingletonTargetSource for target object [com.fabless.clothlogix.DAO.impl.MagazzinoDAOImpl@3fb4beb1]
2024-05-17T15:11:55.529+02:00 TRACE 4684 --- [clothlogix] [           main] o.s.aop.framework.CglibAopProxy          : Unable to apply any optimizations to advised method: public java.util.List com.fabless.clothlogix.DAO.impl.MagazzinoDAOImpl.getListMagazzino(java.util.Map)
2024-05-17T15:11:55.529+02:00 TRACE 4684 --- [clothlogix] [           main] o.s.aop.framework.CglibAopProxy          : Unable to apply any optimizations to advised method: public java.util.Optional com.fabless.clothlogix.DAO.impl.MagazzinoDAOImpl.magazzinoFindById(java.lang.Long,java.util.Map)
2024-05-17T15:11:55.529+02:00 TRACE 4684 --- [clothlogix] [           main] o.s.aop.framework.CglibAopProxy          : Unable to apply any optimizations to advised method: public void com.fabless.clothlogix.DAO.impl.MagazzinoDAOImpl.aggiornaMagazzino(com.fabless.clothlogix.model.entities.MagazzinoEntity,java.util.Map)
2024-05-17T15:11:55.529+02:00 TRACE 4684 --- [clothlogix] [           main] o.s.aop.framework.CglibAopProxy          : Unable to apply any optimizations to advised method: public void com.fabless.clothlogix.DAO.impl.MagazzinoDAOImpl.eliminaMagazzino(java.lang.Long,java.util.Map)
2024-05-17T15:11:55.529+02:00 TRACE 4684 --- [clothlogix] [           main] o.s.aop.framework.CglibAopProxy          : Unable to apply any optimizations to advised method: public void com.fabless.clothlogix.DAO.impl.MagazzinoDAOImpl.inserisciMagazzino(com.fabless.clothlogix.model.entities.MagazzinoEntity,java.util.Map)
2024-05-17T15:11:55.529+02:00 TRACE 4684 --- [clothlogix] [           main] o.s.aop.framework.CglibAopProxy          : Found 'equals' method: public boolean java.lang.Object.equals(java.lang.Object)
2024-05-17T15:11:55.529+02:00 TRACE 4684 --- [clothlogix] [           main] o.s.aop.framework.CglibAopProxy          : Unable to apply any optimizations to advised method: public java.lang.String java.lang.Object.toString()
2024-05-17T15:11:55.529+02:00 TRACE 4684 --- [clothlogix] [           main] o.s.aop.framework.CglibAopProxy          : Found 'hashCode' method: public native int java.lang.Object.hashCode()
2024-05-17T15:11:55.529+02:00 TRACE 4684 --- [clothlogix] [           main] o.s.aop.framework.CglibAopProxy          : Unable to apply any optimizations to advised method: protected native java.lang.Object java.lang.Object.clone() throws java.lang.CloneNotSupportedException
2024-05-17T15:11:55.529+02:00 TRACE 4684 --- [clothlogix] [           main] o.s.aop.framework.CglibAopProxy          : Method is declared on Advised interface: public abstract int org.springframework.aop.framework.Advised.indexOf(org.springframework.aop.Advisor)
2024-05-17T15:11:55.529+02:00 TRACE 4684 --- [clothlogix] [           main] o.s.aop.framework.CglibAopProxy          : Method is declared on Advised interface: public abstract int org.springframework.aop.framework.Advised.indexOf(org.aopalliance.aop.Advice)
2024-05-17T15:11:55.529+02:00 TRACE 4684 --- [clothlogix] [           main] o.s.aop.framework.CglibAopProxy          : Method is declared on Advised interface: public abstract boolean org.springframework.aop.framework.Advised.isFrozen()
2024-05-17T15:11:55.529+02:00 TRACE 4684 --- [clothlogix] [           main] o.s.aop.framework.CglibAopProxy          : Method is declared on Advised interface: public abstract java.lang.String org.springframework.aop.framework.Advised.toProxyConfigString()
2024-05-17T15:11:55.529+02:00 TRACE 4684 --- [clothlogix] [           main] o.s.aop.framework.CglibAopProxy          : Method is declared on Advised interface: public abstract java.lang.Class[] org.springframework.aop.framework.Advised.getProxiedInterfaces()
2024-05-17T15:11:55.529+02:00 TRACE 4684 --- [clothlogix] [           main] o.s.aop.framework.CglibAopProxy          : Method is declared on Advised interface: public default int org.springframework.aop.framework.Advised.getAdvisorCount()
2024-05-17T15:11:55.529+02:00 TRACE 4684 --- [clothlogix] [           main] o.s.aop.framework.CglibAopProxy          : Method is declared on Advised interface: public abstract org.springframework.aop.Advisor[] org.springframework.aop.framework.Advised.getAdvisors()
2024-05-17T15:11:55.529+02:00 TRACE 4684 --- [clothlogix] [           main] o.s.aop.framework.CglibAopProxy          : Method is declared on Advised interface: public abstract boolean org.springframework.aop.framework.Advised.isInterfaceProxied(java.lang.Class)
2024-05-17T15:11:55.529+02:00 TRACE 4684 --- [clothlogix] [           main] o.s.aop.framework.CglibAopProxy          : Method is declared on Advised interface: public abstract org.springframework.aop.TargetSource org.springframework.aop.framework.Advised.getTargetSource()
2024-05-17T15:11:55.529+02:00 TRACE 4684 --- [clothlogix] [           main] o.s.aop.framework.CglibAopProxy          : Method is declared on Advised interface: public abstract boolean org.springframework.aop.framework.Advised.isPreFiltered()
2024-05-17T15:11:55.529+02:00 TRACE 4684 --- [clothlogix] [           main] o.s.aop.framework.CglibAopProxy          : Method is declared on Advised interface: public abstract void org.springframework.aop.framework.Advised.setPreFiltered(boolean)
2024-05-17T15:11:55.529+02:00 TRACE 4684 --- [clothlogix] [           main] o.s.aop.framework.CglibAopProxy          : Method is declared on Advised interface: public abstract void org.springframework.aop.framework.Advised.addAdvisor(int,org.springframework.aop.Advisor) throws org.springframework.aop.framework.AopConfigException
2024-05-17T15:11:55.529+02:00 TRACE 4684 --- [clothlogix] [           main] o.s.aop.framework.CglibAopProxy          : Method is declared on Advised interface: public abstract void org.springframework.aop.framework.Advised.addAdvisor(org.springframework.aop.Advisor) throws org.springframework.aop.framework.AopConfigException
2024-05-17T15:11:55.529+02:00 TRACE 4684 --- [clothlogix] [           main] o.s.aop.framework.CglibAopProxy          : Method is declared on Advised interface: public abstract void org.springframework.aop.framework.Advised.removeAdvisor(int) throws org.springframework.aop.framework.AopConfigException
2024-05-17T15:11:55.529+02:00 TRACE 4684 --- [clothlogix] [           main] o.s.aop.framework.CglibAopProxy          : Method is declared on Advised interface: public abstract boolean org.springframework.aop.framework.Advised.removeAdvisor(org.springframework.aop.Advisor)
2024-05-17T15:11:55.529+02:00 TRACE 4684 --- [clothlogix] [           main] o.s.aop.framework.CglibAopProxy          : Method is declared on Advised interface: public abstract boolean org.springframework.aop.framework.Advised.replaceAdvisor(org.springframework.aop.Advisor,org.springframework.aop.Advisor) throws org.springframework.aop.framework.AopConfigException
2024-05-17T15:11:55.529+02:00 TRACE 4684 --- [clothlogix] [           main] o.s.aop.framework.CglibAopProxy          : Method is declared on Advised interface: public abstract boolean org.springframework.aop.framework.Advised.isProxyTargetClass()
2024-05-17T15:11:55.529+02:00 TRACE 4684 --- [clothlogix] [           main] o.s.aop.framework.CglibAopProxy          : Method is declared on Advised interface: public abstract void org.springframework.aop.framework.Advised.setTargetSource(org.springframework.aop.TargetSource)
2024-05-17T15:11:55.529+02:00 TRACE 4684 --- [clothlogix] [           main] o.s.aop.framework.CglibAopProxy          : Method is declared on Advised interface: public abstract void org.springframework.aop.framework.Advised.setExposeProxy(boolean)
2024-05-17T15:11:55.529+02:00 TRACE 4684 --- [clothlogix] [           main] o.s.aop.framework.CglibAopProxy          : Method is declared on Advised interface: public abstract boolean org.springframework.aop.framework.Advised.isExposeProxy()
2024-05-17T15:11:55.529+02:00 TRACE 4684 --- [clothlogix] [           main] o.s.aop.framework.CglibAopProxy          : Method is declared on Advised interface: public abstract void org.springframework.aop.framework.Advised.addAdvice(org.aopalliance.aop.Advice) throws org.springframework.aop.framework.AopConfigException
2024-05-17T15:11:55.529+02:00 TRACE 4684 --- [clothlogix] [           main] o.s.aop.framework.CglibAopProxy          : Method is declared on Advised interface: public abstract void org.springframework.aop.framework.Advised.addAdvice(int,org.aopalliance.aop.Advice) throws org.springframework.aop.framework.AopConfigException
2024-05-17T15:11:55.529+02:00 TRACE 4684 --- [clothlogix] [           main] o.s.aop.framework.CglibAopProxy          : Method is declared on Advised interface: public abstract boolean org.springframework.aop.framework.Advised.removeAdvice(org.aopalliance.aop.Advice)
2024-05-17T15:11:55.529+02:00 TRACE 4684 --- [clothlogix] [           main] o.s.aop.framework.CglibAopProxy          : Method is declared on Advised interface: public abstract java.lang.Class org.springframework.aop.TargetClassAware.getTargetClass()
2024-05-17T15:11:55.532+02:00 TRACE 4684 --- [clothlogix] [           main] o.s.b.f.s.DefaultListableBeanFactory     : Finished creating instance of bean 'magazzinoDAOImpl'
2024-05-17T15:11:55.532+02:00 DEBUG 4684 --- [clothlogix] [           main] o.s.b.f.s.DefaultListableBeanFactory     : Creating shared instance of singleton bean 'materialeDAOImpl'
2024-05-17T15:11:55.532+02:00 TRACE 4684 --- [clothlogix] [           main] o.s.b.f.s.DefaultListableBeanFactory     : Creating instance of bean 'materialeDAOImpl'
2024-05-17T15:11:55.532+02:00 TRACE 4684 --- [clothlogix] [           main] o.s.b.f.s.DefaultListableBeanFactory     : Returning cached instance of singleton bean 'org.springframework.transaction.config.internalTransactionAdvisor'
2024-05-17T15:11:55.532+02:00 TRACE 4684 --- [clothlogix] [           main] o.s.b.f.s.DefaultListableBeanFactory     : Returning cached instance of singleton bean 'org.springframework.transaction.config.internalTransactionAdvisor'
2024-05-17T15:11:55.532+02:00 TRACE 4684 --- [clothlogix] [           main] o.s.b.f.s.DefaultListableBeanFactory     : Returning cached instance of singleton bean 'org.springframework.transaction.config.internalTransactionAdvisor'
2024-05-17T15:11:55.532+02:00 TRACE 4684 --- [clothlogix] [           main] o.s.aop.framework.CglibAopProxy          : Creating CGLIB proxy: SingletonTargetSource for target object [com.fabless.clothlogix.DAO.impl.MaterialeDAOImpl@1fa24e7]
2024-05-17T15:11:55.532+02:00 TRACE 4684 --- [clothlogix] [           main] o.s.aop.framework.CglibAopProxy          : Unable to apply any optimizations to advised method: public void com.fabless.clothlogix.DAO.impl.MaterialeDAOImpl.aggiornaMateriale(com.fabless.clothlogix.model.entities.MaterialeEntity,java.util.Map)
2024-05-17T15:11:55.532+02:00 TRACE 4684 --- [clothlogix] [           main] o.s.aop.framework.CglibAopProxy          : Unable to apply any optimizations to advised method: public void com.fabless.clothlogix.DAO.impl.MaterialeDAOImpl.eliminaMateriale(java.lang.Long,java.util.Map)
2024-05-17T15:11:55.532+02:00 TRACE 4684 --- [clothlogix] [           main] o.s.aop.framework.CglibAopProxy          : Unable to apply any optimizations to advised method: public java.util.Optional com.fabless.clothlogix.DAO.impl.MaterialeDAOImpl.materialeFindById(java.lang.Long,java.util.Map)
2024-05-17T15:11:55.532+02:00 TRACE 4684 --- [clothlogix] [           main] o.s.aop.framework.CglibAopProxy          : Unable to apply any optimizations to advised method: public java.util.List com.fabless.clothlogix.DAO.impl.MaterialeDAOImpl.getListMateriale(java.util.Map)
2024-05-17T15:11:55.532+02:00 TRACE 4684 --- [clothlogix] [           main] o.s.aop.framework.CglibAopProxy          : Unable to apply any optimizations to advised method: public void com.fabless.clothlogix.DAO.impl.MaterialeDAOImpl.inserisciMateriale(com.fabless.clothlogix.model.entities.MaterialeEntity,java.util.Map)
2024-05-17T15:11:55.532+02:00 TRACE 4684 --- [clothlogix] [           main] o.s.aop.framework.CglibAopProxy          : Found 'equals' method: public boolean java.lang.Object.equals(java.lang.Object)
2024-05-17T15:11:55.532+02:00 TRACE 4684 --- [clothlogix] [           main] o.s.aop.framework.CglibAopProxy          : Unable to apply any optimizations to advised method: public java.lang.String java.lang.Object.toString()
2024-05-17T15:11:55.532+02:00 TRACE 4684 --- [clothlogix] [           main] o.s.aop.framework.CglibAopProxy          : Found 'hashCode' method: public native int java.lang.Object.hashCode()
2024-05-17T15:11:55.532+02:00 TRACE 4684 --- [clothlogix] [           main] o.s.aop.framework.CglibAopProxy          : Unable to apply any optimizations to advised method: protected native java.lang.Object java.lang.Object.clone() throws java.lang.CloneNotSupportedException
2024-05-17T15:11:55.532+02:00 TRACE 4684 --- [clothlogix] [           main] o.s.aop.framework.CglibAopProxy          : Method is declared on Advised interface: public abstract int org.springframework.aop.framework.Advised.indexOf(org.springframework.aop.Advisor)
2024-05-17T15:11:55.532+02:00 TRACE 4684 --- [clothlogix] [           main] o.s.aop.framework.CglibAopProxy          : Method is declared on Advised interface: public abstract int org.springframework.aop.framework.Advised.indexOf(org.aopalliance.aop.Advice)
2024-05-17T15:11:55.532+02:00 TRACE 4684 --- [clothlogix] [           main] o.s.aop.framework.CglibAopProxy          : Method is declared on Advised interface: public abstract boolean org.springframework.aop.framework.Advised.isFrozen()
2024-05-17T15:11:55.532+02:00 TRACE 4684 --- [clothlogix] [           main] o.s.aop.framework.CglibAopProxy          : Method is declared on Advised interface: public abstract java.lang.String org.springframework.aop.framework.Advised.toProxyConfigString()
2024-05-17T15:11:55.532+02:00 TRACE 4684 --- [clothlogix] [           main] o.s.aop.framework.CglibAopProxy          : Method is declared on Advised interface: public abstract java.lang.Class[] org.springframework.aop.framework.Advised.getProxiedInterfaces()
2024-05-17T15:11:55.532+02:00 TRACE 4684 --- [clothlogix] [           main] o.s.aop.framework.CglibAopProxy          : Method is declared on Advised interface: public default int org.springframework.aop.framework.Advised.getAdvisorCount()
2024-05-17T15:11:55.532+02:00 TRACE 4684 --- [clothlogix] [           main] o.s.aop.framework.CglibAopProxy          : Method is declared on Advised interface: public abstract org.springframework.aop.Advisor[] org.springframework.aop.framework.Advised.getAdvisors()
2024-05-17T15:11:55.532+02:00 TRACE 4684 --- [clothlogix] [           main] o.s.aop.framework.CglibAopProxy          : Method is declared on Advised interface: public abstract boolean org.springframework.aop.framework.Advised.isInterfaceProxied(java.lang.Class)
2024-05-17T15:11:55.532+02:00 TRACE 4684 --- [clothlogix] [           main] o.s.aop.framework.CglibAopProxy          : Method is declared on Advised interface: public abstract org.springframework.aop.TargetSource org.springframework.aop.framework.Advised.getTargetSource()
2024-05-17T15:11:55.532+02:00 TRACE 4684 --- [clothlogix] [           main] o.s.aop.framework.CglibAopProxy          : Method is declared on Advised interface: public abstract boolean org.springframework.aop.framework.Advised.isPreFiltered()
2024-05-17T15:11:55.532+02:00 TRACE 4684 --- [clothlogix] [           main] o.s.aop.framework.CglibAopProxy          : Method is declared on Advised interface: public abstract void org.springframework.aop.framework.Advised.setPreFiltered(boolean)
2024-05-17T15:11:55.532+02:00 TRACE 4684 --- [clothlogix] [           main] o.s.aop.framework.CglibAopProxy          : Method is declared on Advised interface: public abstract void org.springframework.aop.framework.Advised.addAdvisor(int,org.springframework.aop.Advisor) throws org.springframework.aop.framework.AopConfigException
2024-05-17T15:11:55.532+02:00 TRACE 4684 --- [clothlogix] [           main] o.s.aop.framework.CglibAopProxy          : Method is declared on Advised interface: public abstract void org.springframework.aop.framework.Advised.addAdvisor(org.springframework.aop.Advisor) throws org.springframework.aop.framework.AopConfigException
2024-05-17T15:11:55.532+02:00 TRACE 4684 --- [clothlogix] [           main] o.s.aop.framework.CglibAopProxy          : Method is declared on Advised interface: public abstract void org.springframework.aop.framework.Advised.removeAdvisor(int) throws org.springframework.aop.framework.AopConfigException
2024-05-17T15:11:55.532+02:00 TRACE 4684 --- [clothlogix] [           main] o.s.aop.framework.CglibAopProxy          : Method is declared on Advised interface: public abstract boolean org.springframework.aop.framework.Advised.removeAdvisor(org.springframework.aop.Advisor)
2024-05-17T15:11:55.532+02:00 TRACE 4684 --- [clothlogix] [           main] o.s.aop.framework.CglibAopProxy          : Method is declared on Advised interface: public abstract boolean org.springframework.aop.framework.Advised.replaceAdvisor(org.springframework.aop.Advisor,org.springframework.aop.Advisor) throws org.springframework.aop.framework.AopConfigException
2024-05-17T15:11:55.532+02:00 TRACE 4684 --- [clothlogix] [           main] o.s.aop.framework.CglibAopProxy          : Method is declared on Advised interface: public abstract boolean org.springframework.aop.framework.Advised.isProxyTargetClass()
2024-05-17T15:11:55.532+02:00 TRACE 4684 --- [clothlogix] [           main] o.s.aop.framework.CglibAopProxy          : Method is declared on Advised interface: public abstract void org.springframework.aop.framework.Advised.setTargetSource(org.springframework.aop.TargetSource)
2024-05-17T15:11:55.532+02:00 TRACE 4684 --- [clothlogix] [           main] o.s.aop.framework.CglibAopProxy          : Method is declared on Advised interface: public abstract void org.springframework.aop.framework.Advised.setExposeProxy(boolean)
2024-05-17T15:11:55.532+02:00 TRACE 4684 --- [clothlogix] [           main] o.s.aop.framework.CglibAopProxy          : Method is declared on Advised interface: public abstract boolean org.springframework.aop.framework.Advised.isExposeProxy()
2024-05-17T15:11:55.532+02:00 TRACE 4684 --- [clothlogix] [           main] o.s.aop.framework.CglibAopProxy          : Method is declared on Advised interface: public abstract void org.springframework.aop.framework.Advised.addAdvice(org.aopalliance.aop.Advice) throws org.springframework.aop.framework.AopConfigException
2024-05-17T15:11:55.532+02:00 TRACE 4684 --- [clothlogix] [           main] o.s.aop.framework.CglibAopProxy          : Method is declared on Advised interface: public abstract void org.springframework.aop.framework.Advised.addAdvice(int,org.aopalliance.aop.Advice) throws org.springframework.aop.framework.AopConfigException
2024-05-17T15:11:55.532+02:00 TRACE 4684 --- [clothlogix] [           main] o.s.aop.framework.CglibAopProxy          : Method is declared on Advised interface: public abstract boolean org.springframework.aop.framework.Advised.removeAdvice(org.aopalliance.aop.Advice)
2024-05-17T15:11:55.532+02:00 TRACE 4684 --- [clothlogix] [           main] o.s.aop.framework.CglibAopProxy          : Method is declared on Advised interface: public abstract java.lang.Class org.springframework.aop.TargetClassAware.getTargetClass()
2024-05-17T15:11:55.542+02:00 TRACE 4684 --- [clothlogix] [           main] o.s.b.f.s.DefaultListableBeanFactory     : Finished creating instance of bean 'materialeDAOImpl'
2024-05-17T15:11:55.542+02:00 DEBUG 4684 --- [clothlogix] [           main] o.s.b.f.s.DefaultListableBeanFactory     : Creating shared instance of singleton bean 'prodottoDAOImpl'
2024-05-17T15:11:55.542+02:00 TRACE 4684 --- [clothlogix] [           main] o.s.b.f.s.DefaultListableBeanFactory     : Creating instance of bean 'prodottoDAOImpl'
2024-05-17T15:11:55.542+02:00 TRACE 4684 --- [clothlogix] [           main] o.s.b.f.s.DefaultListableBeanFactory     : Returning cached instance of singleton bean 'org.springframework.transaction.config.internalTransactionAdvisor'
2024-05-17T15:11:55.548+02:00 TRACE 4684 --- [clothlogix] [           main] o.s.b.f.s.DefaultListableBeanFactory     : Returning cached instance of singleton bean 'org.springframework.transaction.config.internalTransactionAdvisor'
2024-05-17T15:11:55.548+02:00 TRACE 4684 --- [clothlogix] [           main] o.s.b.f.s.DefaultListableBeanFactory     : Returning cached instance of singleton bean 'org.springframework.transaction.config.internalTransactionAdvisor'
2024-05-17T15:11:55.548+02:00 TRACE 4684 --- [clothlogix] [           main] o.s.aop.framework.CglibAopProxy          : Creating CGLIB proxy: SingletonTargetSource for target object [com.fabless.clothlogix.DAO.impl.ProdottoDAOImpl@2c7aba7c]
2024-05-17T15:11:55.548+02:00 TRACE 4684 --- [clothlogix] [           main] o.s.aop.framework.CglibAopProxy          : Unable to apply any optimizations to advised method: public void com.fabless.clothlogix.DAO.impl.ProdottoDAOImpl.inserisciProdotto(com.fabless.clothlogix.model.entities.ProdottoEntity,java.util.Map)
2024-05-17T15:11:55.548+02:00 TRACE 4684 --- [clothlogix] [           main] o.s.aop.framework.CglibAopProxy          : Unable to apply any optimizations to advised method: public void com.fabless.clothlogix.DAO.impl.ProdottoDAOImpl.aggiornaProdotto(com.fabless.clothlogix.model.entities.ProdottoEntity,java.util.Map)
2024-05-17T15:11:55.548+02:00 TRACE 4684 --- [clothlogix] [           main] o.s.aop.framework.CglibAopProxy          : Unable to apply any optimizations to advised method: public java.util.List com.fabless.clothlogix.DAO.impl.ProdottoDAOImpl.getListProdotto(java.util.Map)
2024-05-17T15:11:55.552+02:00 TRACE 4684 --- [clothlogix] [           main] o.s.aop.framework.CglibAopProxy          : Unable to apply any optimizations to advised method: public java.util.Optional com.fabless.clothlogix.DAO.impl.ProdottoDAOImpl.prodottoFindById(java.lang.Long,java.util.Map)
2024-05-17T15:11:55.552+02:00 TRACE 4684 --- [clothlogix] [           main] o.s.aop.framework.CglibAopProxy          : Unable to apply any optimizations to advised method: public void com.fabless.clothlogix.DAO.impl.ProdottoDAOImpl.eliminaProdotto(java.lang.Long,java.util.Map)
2024-05-17T15:11:55.552+02:00 TRACE 4684 --- [clothlogix] [           main] o.s.aop.framework.CglibAopProxy          : Found 'equals' method: public boolean java.lang.Object.equals(java.lang.Object)
2024-05-17T15:11:55.552+02:00 TRACE 4684 --- [clothlogix] [           main] o.s.aop.framework.CglibAopProxy          : Unable to apply any optimizations to advised method: public java.lang.String java.lang.Object.toString()
2024-05-17T15:11:55.552+02:00 TRACE 4684 --- [clothlogix] [           main] o.s.aop.framework.CglibAopProxy          : Found 'hashCode' method: public native int java.lang.Object.hashCode()
2024-05-17T15:11:55.552+02:00 TRACE 4684 --- [clothlogix] [           main] o.s.aop.framework.CglibAopProxy          : Unable to apply any optimizations to advised method: protected native java.lang.Object java.lang.Object.clone() throws java.lang.CloneNotSupportedException
2024-05-17T15:11:55.552+02:00 TRACE 4684 --- [clothlogix] [           main] o.s.aop.framework.CglibAopProxy          : Method is declared on Advised interface: public abstract int org.springframework.aop.framework.Advised.indexOf(org.springframework.aop.Advisor)
2024-05-17T15:11:55.552+02:00 TRACE 4684 --- [clothlogix] [           main] o.s.aop.framework.CglibAopProxy          : Method is declared on Advised interface: public abstract int org.springframework.aop.framework.Advised.indexOf(org.aopalliance.aop.Advice)
2024-05-17T15:11:55.552+02:00 TRACE 4684 --- [clothlogix] [           main] o.s.aop.framework.CglibAopProxy          : Method is declared on Advised interface: public abstract boolean org.springframework.aop.framework.Advised.isFrozen()
2024-05-17T15:11:55.552+02:00 TRACE 4684 --- [clothlogix] [           main] o.s.aop.framework.CglibAopProxy          : Method is declared on Advised interface: public abstract java.lang.String org.springframework.aop.framework.Advised.toProxyConfigString()
2024-05-17T15:11:55.552+02:00 TRACE 4684 --- [clothlogix] [           main] o.s.aop.framework.CglibAopProxy          : Method is declared on Advised interface: public abstract java.lang.Class[] org.springframework.aop.framework.Advised.getProxiedInterfaces()
2024-05-17T15:11:55.552+02:00 TRACE 4684 --- [clothlogix] [           main] o.s.aop.framework.CglibAopProxy          : Method is declared on Advised interface: public default int org.springframework.aop.framework.Advised.getAdvisorCount()
2024-05-17T15:11:55.552+02:00 TRACE 4684 --- [clothlogix] [           main] o.s.aop.framework.CglibAopProxy          : Method is declared on Advised interface: public abstract org.springframework.aop.Advisor[] org.springframework.aop.framework.Advised.getAdvisors()
2024-05-17T15:11:55.552+02:00 TRACE 4684 --- [clothlogix] [           main] o.s.aop.framework.CglibAopProxy          : Method is declared on Advised interface: public abstract boolean org.springframework.aop.framework.Advised.isInterfaceProxied(java.lang.Class)
2024-05-17T15:11:55.552+02:00 TRACE 4684 --- [clothlogix] [           main] o.s.aop.framework.CglibAopProxy          : Method is declared on Advised interface: public abstract org.springframework.aop.TargetSource org.springframework.aop.framework.Advised.getTargetSource()
2024-05-17T15:11:55.552+02:00 TRACE 4684 --- [clothlogix] [           main] o.s.aop.framework.CglibAopProxy          : Method is declared on Advised interface: public abstract boolean org.springframework.aop.framework.Advised.isPreFiltered()
2024-05-17T15:11:55.552+02:00 TRACE 4684 --- [clothlogix] [           main] o.s.aop.framework.CglibAopProxy          : Method is declared on Advised interface: public abstract void org.springframework.aop.framework.Advised.setPreFiltered(boolean)
2024-05-17T15:11:55.552+02:00 TRACE 4684 --- [clothlogix] [           main] o.s.aop.framework.CglibAopProxy          : Method is declared on Advised interface: public abstract void org.springframework.aop.framework.Advised.addAdvisor(int,org.springframework.aop.Advisor) throws org.springframework.aop.framework.AopConfigException
2024-05-17T15:11:55.552+02:00 TRACE 4684 --- [clothlogix] [           main] o.s.aop.framework.CglibAopProxy          : Method is declared on Advised interface: public abstract void org.springframework.aop.framework.Advised.addAdvisor(org.springframework.aop.Advisor) throws org.springframework.aop.framework.AopConfigException
2024-05-17T15:11:55.552+02:00 TRACE 4684 --- [clothlogix] [           main] o.s.aop.framework.CglibAopProxy          : Method is declared on Advised interface: public abstract void org.springframework.aop.framework.Advised.removeAdvisor(int) throws org.springframework.aop.framework.AopConfigException
2024-05-17T15:11:55.552+02:00 TRACE 4684 --- [clothlogix] [           main] o.s.aop.framework.CglibAopProxy          : Method is declared on Advised interface: public abstract boolean org.springframework.aop.framework.Advised.removeAdvisor(org.springframework.aop.Advisor)
2024-05-17T15:11:55.552+02:00 TRACE 4684 --- [clothlogix] [           main] o.s.aop.framework.CglibAopProxy          : Method is declared on Advised interface: public abstract boolean org.springframework.aop.framework.Advised.replaceAdvisor(org.springframework.aop.Advisor,org.springframework.aop.Advisor) throws org.springframework.aop.framework.AopConfigException
2024-05-17T15:11:55.552+02:00 TRACE 4684 --- [clothlogix] [           main] o.s.aop.framework.CglibAopProxy          : Method is declared on Advised interface: public abstract boolean org.springframework.aop.framework.Advised.isProxyTargetClass()
2024-05-17T15:11:55.552+02:00 TRACE 4684 --- [clothlogix] [           main] o.s.aop.framework.CglibAopProxy          : Method is declared on Advised interface: public abstract void org.springframework.aop.framework.Advised.setTargetSource(org.springframework.aop.TargetSource)
2024-05-17T15:11:55.552+02:00 TRACE 4684 --- [clothlogix] [           main] o.s.aop.framework.CglibAopProxy          : Method is declared on Advised interface: public abstract void org.springframework.aop.framework.Advised.setExposeProxy(boolean)
2024-05-17T15:11:55.552+02:00 TRACE 4684 --- [clothlogix] [           main] o.s.aop.framework.CglibAopProxy          : Method is declared on Advised interface: public abstract boolean org.springframework.aop.framework.Advised.isExposeProxy()
2024-05-17T15:11:55.552+02:00 TRACE 4684 --- [clothlogix] [           main] o.s.aop.framework.CglibAopProxy          : Method is declared on Advised interface: public abstract void org.springframework.aop.framework.Advised.addAdvice(org.aopalliance.aop.Advice) throws org.springframework.aop.framework.AopConfigException
2024-05-17T15:11:55.552+02:00 TRACE 4684 --- [clothlogix] [           main] o.s.aop.framework.CglibAopProxy          : Method is declared on Advised interface: public abstract void org.springframework.aop.framework.Advised.addAdvice(int,org.aopalliance.aop.Advice) throws org.springframework.aop.framework.AopConfigException
2024-05-17T15:11:55.552+02:00 TRACE 4684 --- [clothlogix] [           main] o.s.aop.framework.CglibAopProxy          : Method is declared on Advised interface: public abstract boolean org.springframework.aop.framework.Advised.removeAdvice(org.aopalliance.aop.Advice)
2024-05-17T15:11:55.552+02:00 TRACE 4684 --- [clothlogix] [           main] o.s.aop.framework.CglibAopProxy          : Method is declared on Advised interface: public abstract java.lang.Class org.springframework.aop.TargetClassAware.getTargetClass()
2024-05-17T15:11:55.562+02:00 TRACE 4684 --- [clothlogix] [           main] o.s.b.f.s.DefaultListableBeanFactory     : Finished creating instance of bean 'prodottoDAOImpl'
2024-05-17T15:11:55.562+02:00 DEBUG 4684 --- [clothlogix] [           main] o.s.b.f.s.DefaultListableBeanFactory     : Creating shared instance of singleton bean 'profiloDAOImpl'
2024-05-17T15:11:55.562+02:00 TRACE 4684 --- [clothlogix] [           main] o.s.b.f.s.DefaultListableBeanFactory     : Creating instance of bean 'profiloDAOImpl'
2024-05-17T15:11:55.562+02:00 TRACE 4684 --- [clothlogix] [           main] o.s.b.f.s.DefaultListableBeanFactory     : Returning cached instance of singleton bean 'org.springframework.transaction.config.internalTransactionAdvisor'
2024-05-17T15:11:55.562+02:00 TRACE 4684 --- [clothlogix] [           main] o.s.b.f.s.DefaultListableBeanFactory     : Returning cached instance of singleton bean 'org.springframework.transaction.config.internalTransactionAdvisor'
2024-05-17T15:11:55.562+02:00 TRACE 4684 --- [clothlogix] [           main] o.s.b.f.s.DefaultListableBeanFactory     : Returning cached instance of singleton bean 'org.springframework.transaction.config.internalTransactionAdvisor'
2024-05-17T15:11:55.564+02:00 TRACE 4684 --- [clothlogix] [           main] o.s.aop.framework.CglibAopProxy          : Creating CGLIB proxy: SingletonTargetSource for target object [com.fabless.clothlogix.DAO.impl.ProfiloDAOImpl@1185b0b7]
2024-05-17T15:11:55.564+02:00 TRACE 4684 --- [clothlogix] [           main] o.s.aop.framework.CglibAopProxy          : Unable to apply any optimizations to advised method: public java.util.Optional com.fabless.clothlogix.DAO.impl.ProfiloDAOImpl.profiloFindById(java.lang.Long,java.util.Map)
2024-05-17T15:11:55.564+02:00 TRACE 4684 --- [clothlogix] [           main] o.s.aop.framework.CglibAopProxy          : Unable to apply any optimizations to advised method: public void com.fabless.clothlogix.DAO.impl.ProfiloDAOImpl.eliminaProfilo(java.lang.Long,java.util.Map)
2024-05-17T15:11:55.564+02:00 TRACE 4684 --- [clothlogix] [           main] o.s.aop.framework.CglibAopProxy          : Unable to apply any optimizations to advised method: public void com.fabless.clothlogix.DAO.impl.ProfiloDAOImpl.inserisciProfilo(com.fabless.clothlogix.model.entities.ProfiloEntity,java.util.Map)
2024-05-17T15:11:55.564+02:00 TRACE 4684 --- [clothlogix] [           main] o.s.aop.framework.CglibAopProxy          : Unable to apply any optimizations to advised method: public void com.fabless.clothlogix.DAO.impl.ProfiloDAOImpl.aggiornaProfilo(com.fabless.clothlogix.model.entities.ProfiloEntity,java.util.Map)
2024-05-17T15:11:55.564+02:00 TRACE 4684 --- [clothlogix] [           main] o.s.aop.framework.CglibAopProxy          : Unable to apply any optimizations to advised method: public java.util.List com.fabless.clothlogix.DAO.impl.ProfiloDAOImpl.getListProfilo(java.util.Map)
2024-05-17T15:11:55.564+02:00 TRACE 4684 --- [clothlogix] [           main] o.s.aop.framework.CglibAopProxy          : Found 'equals' method: public boolean java.lang.Object.equals(java.lang.Object)
2024-05-17T15:11:55.564+02:00 TRACE 4684 --- [clothlogix] [           main] o.s.aop.framework.CglibAopProxy          : Unable to apply any optimizations to advised method: public java.lang.String java.lang.Object.toString()
2024-05-17T15:11:55.564+02:00 TRACE 4684 --- [clothlogix] [           main] o.s.aop.framework.CglibAopProxy          : Found 'hashCode' method: public native int java.lang.Object.hashCode()
2024-05-17T15:11:55.564+02:00 TRACE 4684 --- [clothlogix] [           main] o.s.aop.framework.CglibAopProxy          : Unable to apply any optimizations to advised method: protected native java.lang.Object java.lang.Object.clone() throws java.lang.CloneNotSupportedException
2024-05-17T15:11:55.564+02:00 TRACE 4684 --- [clothlogix] [           main] o.s.aop.framework.CglibAopProxy          : Method is declared on Advised interface: public abstract int org.springframework.aop.framework.Advised.indexOf(org.springframework.aop.Advisor)
2024-05-17T15:11:55.564+02:00 TRACE 4684 --- [clothlogix] [           main] o.s.aop.framework.CglibAopProxy          : Method is declared on Advised interface: public abstract int org.springframework.aop.framework.Advised.indexOf(org.aopalliance.aop.Advice)
2024-05-17T15:11:55.564+02:00 TRACE 4684 --- [clothlogix] [           main] o.s.aop.framework.CglibAopProxy          : Method is declared on Advised interface: public abstract boolean org.springframework.aop.framework.Advised.isFrozen()
2024-05-17T15:11:55.564+02:00 TRACE 4684 --- [clothlogix] [           main] o.s.aop.framework.CglibAopProxy          : Method is declared on Advised interface: public abstract java.lang.String org.springframework.aop.framework.Advised.toProxyConfigString()
2024-05-17T15:11:55.564+02:00 TRACE 4684 --- [clothlogix] [           main] o.s.aop.framework.CglibAopProxy          : Method is declared on Advised interface: public abstract java.lang.Class[] org.springframework.aop.framework.Advised.getProxiedInterfaces()
2024-05-17T15:11:55.564+02:00 TRACE 4684 --- [clothlogix] [           main] o.s.aop.framework.CglibAopProxy          : Method is declared on Advised interface: public default int org.springframework.aop.framework.Advised.getAdvisorCount()
2024-05-17T15:11:55.564+02:00 TRACE 4684 --- [clothlogix] [           main] o.s.aop.framework.CglibAopProxy          : Method is declared on Advised interface: public abstract org.springframework.aop.Advisor[] org.springframework.aop.framework.Advised.getAdvisors()
2024-05-17T15:11:55.564+02:00 TRACE 4684 --- [clothlogix] [           main] o.s.aop.framework.CglibAopProxy          : Method is declared on Advised interface: public abstract boolean org.springframework.aop.framework.Advised.isInterfaceProxied(java.lang.Class)
2024-05-17T15:11:55.564+02:00 TRACE 4684 --- [clothlogix] [           main] o.s.aop.framework.CglibAopProxy          : Method is declared on Advised interface: public abstract org.springframework.aop.TargetSource org.springframework.aop.framework.Advised.getTargetSource()
2024-05-17T15:11:55.564+02:00 TRACE 4684 --- [clothlogix] [           main] o.s.aop.framework.CglibAopProxy          : Method is declared on Advised interface: public abstract boolean org.springframework.aop.framework.Advised.isPreFiltered()
2024-05-17T15:11:55.564+02:00 TRACE 4684 --- [clothlogix] [           main] o.s.aop.framework.CglibAopProxy          : Method is declared on Advised interface: public abstract void org.springframework.aop.framework.Advised.setPreFiltered(boolean)
2024-05-17T15:11:55.564+02:00 TRACE 4684 --- [clothlogix] [           main] o.s.aop.framework.CglibAopProxy          : Method is declared on Advised interface: public abstract void org.springframework.aop.framework.Advised.addAdvisor(int,org.springframework.aop.Advisor) throws org.springframework.aop.framework.AopConfigException
2024-05-17T15:11:55.564+02:00 TRACE 4684 --- [clothlogix] [           main] o.s.aop.framework.CglibAopProxy          : Method is declared on Advised interface: public abstract void org.springframework.aop.framework.Advised.addAdvisor(org.springframework.aop.Advisor) throws org.springframework.aop.framework.AopConfigException
2024-05-17T15:11:55.564+02:00 TRACE 4684 --- [clothlogix] [           main] o.s.aop.framework.CglibAopProxy          : Method is declared on Advised interface: public abstract void org.springframework.aop.framework.Advised.removeAdvisor(int) throws org.springframework.aop.framework.AopConfigException
2024-05-17T15:11:55.564+02:00 TRACE 4684 --- [clothlogix] [           main] o.s.aop.framework.CglibAopProxy          : Method is declared on Advised interface: public abstract boolean org.springframework.aop.framework.Advised.removeAdvisor(org.springframework.aop.Advisor)
2024-05-17T15:11:55.564+02:00 TRACE 4684 --- [clothlogix] [           main] o.s.aop.framework.CglibAopProxy          : Method is declared on Advised interface: public abstract boolean org.springframework.aop.framework.Advised.replaceAdvisor(org.springframework.aop.Advisor,org.springframework.aop.Advisor) throws org.springframework.aop.framework.AopConfigException
2024-05-17T15:11:55.564+02:00 TRACE 4684 --- [clothlogix] [           main] o.s.aop.framework.CglibAopProxy          : Method is declared on Advised interface: public abstract boolean org.springframework.aop.framework.Advised.isProxyTargetClass()
2024-05-17T15:11:55.564+02:00 TRACE 4684 --- [clothlogix] [           main] o.s.aop.framework.CglibAopProxy          : Method is declared on Advised interface: public abstract void org.springframework.aop.framework.Advised.setTargetSource(org.springframework.aop.TargetSource)
2024-05-17T15:11:55.564+02:00 TRACE 4684 --- [clothlogix] [           main] o.s.aop.framework.CglibAopProxy          : Method is declared on Advised interface: public abstract void org.springframework.aop.framework.Advised.setExposeProxy(boolean)
2024-05-17T15:11:55.564+02:00 TRACE 4684 --- [clothlogix] [           main] o.s.aop.framework.CglibAopProxy          : Method is declared on Advised interface: public abstract boolean org.springframework.aop.framework.Advised.isExposeProxy()
2024-05-17T15:11:55.564+02:00 TRACE 4684 --- [clothlogix] [           main] o.s.aop.framework.CglibAopProxy          : Method is declared on Advised interface: public abstract void org.springframework.aop.framework.Advised.addAdvice(org.aopalliance.aop.Advice) throws org.springframework.aop.framework.AopConfigException
2024-05-17T15:11:55.564+02:00 TRACE 4684 --- [clothlogix] [           main] o.s.aop.framework.CglibAopProxy          : Method is declared on Advised interface: public abstract void org.springframework.aop.framework.Advised.addAdvice(int,org.aopalliance.aop.Advice) throws org.springframework.aop.framework.AopConfigException
2024-05-17T15:11:55.564+02:00 TRACE 4684 --- [clothlogix] [           main] o.s.aop.framework.CglibAopProxy          : Method is declared on Advised interface: public abstract boolean org.springframework.aop.framework.Advised.removeAdvice(org.aopalliance.aop.Advice)
2024-05-17T15:11:55.564+02:00 TRACE 4684 --- [clothlogix] [           main] o.s.aop.framework.CglibAopProxy          : Method is declared on Advised interface: public abstract java.lang.Class org.springframework.aop.TargetClassAware.getTargetClass()
2024-05-17T15:11:55.572+02:00 TRACE 4684 --- [clothlogix] [           main] o.s.b.f.s.DefaultListableBeanFactory     : Finished creating instance of bean 'profiloDAOImpl'
2024-05-17T15:11:55.572+02:00 DEBUG 4684 --- [clothlogix] [           main] o.s.b.f.s.DefaultListableBeanFactory     : Creating shared instance of singleton bean 'sezioneDAOImpl'
2024-05-17T15:11:55.572+02:00 TRACE 4684 --- [clothlogix] [           main] o.s.b.f.s.DefaultListableBeanFactory     : Creating instance of bean 'sezioneDAOImpl'
2024-05-17T15:11:55.572+02:00 TRACE 4684 --- [clothlogix] [           main] o.s.b.f.s.DefaultListableBeanFactory     : Returning cached instance of singleton bean 'org.springframework.transaction.config.internalTransactionAdvisor'
2024-05-17T15:11:55.572+02:00 TRACE 4684 --- [clothlogix] [           main] o.s.b.f.s.DefaultListableBeanFactory     : Returning cached instance of singleton bean 'org.springframework.transaction.config.internalTransactionAdvisor'
2024-05-17T15:11:55.572+02:00 TRACE 4684 --- [clothlogix] [           main] o.s.b.f.s.DefaultListableBeanFactory     : Returning cached instance of singleton bean 'org.springframework.transaction.config.internalTransactionAdvisor'
2024-05-17T15:11:55.572+02:00 TRACE 4684 --- [clothlogix] [           main] o.s.aop.framework.CglibAopProxy          : Creating CGLIB proxy: SingletonTargetSource for target object [com.fabless.clothlogix.DAO.impl.SezioneDAOImpl@5c945ee7]
2024-05-17T15:11:55.572+02:00 TRACE 4684 --- [clothlogix] [           main] o.s.aop.framework.CglibAopProxy          : Unable to apply any optimizations to advised method: public void com.fabless.clothlogix.DAO.impl.SezioneDAOImpl.inserisciSezione(com.fabless.clothlogix.model.entities.SezioneEntity,java.util.Map)
2024-05-17T15:11:55.572+02:00 TRACE 4684 --- [clothlogix] [           main] o.s.aop.framework.CglibAopProxy          : Unable to apply any optimizations to advised method: public void com.fabless.clothlogix.DAO.impl.SezioneDAOImpl.eliminaSezione(java.lang.Long,java.util.Map)
2024-05-17T15:11:55.572+02:00 TRACE 4684 --- [clothlogix] [           main] o.s.aop.framework.CglibAopProxy          : Unable to apply any optimizations to advised method: public void com.fabless.clothlogix.DAO.impl.SezioneDAOImpl.aggiornaSezione(com.fabless.clothlogix.model.entities.SezioneEntity,java.util.Map)
2024-05-17T15:11:55.572+02:00 TRACE 4684 --- [clothlogix] [           main] o.s.aop.framework.CglibAopProxy          : Unable to apply any optimizations to advised method: public java.util.Optional com.fabless.clothlogix.DAO.impl.SezioneDAOImpl.sezioneFindById(java.lang.Long,java.util.Map)
2024-05-17T15:11:55.572+02:00 TRACE 4684 --- [clothlogix] [           main] o.s.aop.framework.CglibAopProxy          : Unable to apply any optimizations to advised method: public java.util.List com.fabless.clothlogix.DAO.impl.SezioneDAOImpl.getListSezione(java.util.Map)
2024-05-17T15:11:55.572+02:00 TRACE 4684 --- [clothlogix] [           main] o.s.aop.framework.CglibAopProxy          : Found 'equals' method: public boolean java.lang.Object.equals(java.lang.Object)
2024-05-17T15:11:55.572+02:00 TRACE 4684 --- [clothlogix] [           main] o.s.aop.framework.CglibAopProxy          : Unable to apply any optimizations to advised method: public java.lang.String java.lang.Object.toString()
2024-05-17T15:11:55.572+02:00 TRACE 4684 --- [clothlogix] [           main] o.s.aop.framework.CglibAopProxy          : Found 'hashCode' method: public native int java.lang.Object.hashCode()
2024-05-17T15:11:55.572+02:00 TRACE 4684 --- [clothlogix] [           main] o.s.aop.framework.CglibAopProxy          : Unable to apply any optimizations to advised method: protected native java.lang.Object java.lang.Object.clone() throws java.lang.CloneNotSupportedException
2024-05-17T15:11:55.572+02:00 TRACE 4684 --- [clothlogix] [           main] o.s.aop.framework.CglibAopProxy          : Method is declared on Advised interface: public abstract int org.springframework.aop.framework.Advised.indexOf(org.springframework.aop.Advisor)
2024-05-17T15:11:55.572+02:00 TRACE 4684 --- [clothlogix] [           main] o.s.aop.framework.CglibAopProxy          : Method is declared on Advised interface: public abstract int org.springframework.aop.framework.Advised.indexOf(org.aopalliance.aop.Advice)
2024-05-17T15:11:55.572+02:00 TRACE 4684 --- [clothlogix] [           main] o.s.aop.framework.CglibAopProxy          : Method is declared on Advised interface: public abstract boolean org.springframework.aop.framework.Advised.isFrozen()
2024-05-17T15:11:55.572+02:00 TRACE 4684 --- [clothlogix] [           main] o.s.aop.framework.CglibAopProxy          : Method is declared on Advised interface: public abstract java.lang.String org.springframework.aop.framework.Advised.toProxyConfigString()
2024-05-17T15:11:55.572+02:00 TRACE 4684 --- [clothlogix] [           main] o.s.aop.framework.CglibAopProxy          : Method is declared on Advised interface: public abstract java.lang.Class[] org.springframework.aop.framework.Advised.getProxiedInterfaces()
2024-05-17T15:11:55.572+02:00 TRACE 4684 --- [clothlogix] [           main] o.s.aop.framework.CglibAopProxy          : Method is declared on Advised interface: public default int org.springframework.aop.framework.Advised.getAdvisorCount()
2024-05-17T15:11:55.572+02:00 TRACE 4684 --- [clothlogix] [           main] o.s.aop.framework.CglibAopProxy          : Method is declared on Advised interface: public abstract org.springframework.aop.Advisor[] org.springframework.aop.framework.Advised.getAdvisors()
2024-05-17T15:11:55.572+02:00 TRACE 4684 --- [clothlogix] [           main] o.s.aop.framework.CglibAopProxy          : Method is declared on Advised interface: public abstract boolean org.springframework.aop.framework.Advised.isInterfaceProxied(java.lang.Class)
2024-05-17T15:11:55.572+02:00 TRACE 4684 --- [clothlogix] [           main] o.s.aop.framework.CglibAopProxy          : Method is declared on Advised interface: public abstract org.springframework.aop.TargetSource org.springframework.aop.framework.Advised.getTargetSource()
2024-05-17T15:11:55.572+02:00 TRACE 4684 --- [clothlogix] [           main] o.s.aop.framework.CglibAopProxy          : Method is declared on Advised interface: public abstract boolean org.springframework.aop.framework.Advised.isPreFiltered()
2024-05-17T15:11:55.572+02:00 TRACE 4684 --- [clothlogix] [           main] o.s.aop.framework.CglibAopProxy          : Method is declared on Advised interface: public abstract void org.springframework.aop.framework.Advised.setPreFiltered(boolean)
2024-05-17T15:11:55.572+02:00 TRACE 4684 --- [clothlogix] [           main] o.s.aop.framework.CglibAopProxy          : Method is declared on Advised interface: public abstract void org.springframework.aop.framework.Advised.addAdvisor(int,org.springframework.aop.Advisor) throws org.springframework.aop.framework.AopConfigException
2024-05-17T15:11:55.572+02:00 TRACE 4684 --- [clothlogix] [           main] o.s.aop.framework.CglibAopProxy          : Method is declared on Advised interface: public abstract void org.springframework.aop.framework.Advised.addAdvisor(org.springframework.aop.Advisor) throws org.springframework.aop.framework.AopConfigException
2024-05-17T15:11:55.572+02:00 TRACE 4684 --- [clothlogix] [           main] o.s.aop.framework.CglibAopProxy          : Method is declared on Advised interface: public abstract void org.springframework.aop.framework.Advised.removeAdvisor(int) throws org.springframework.aop.framework.AopConfigException
2024-05-17T15:11:55.572+02:00 TRACE 4684 --- [clothlogix] [           main] o.s.aop.framework.CglibAopProxy          : Method is declared on Advised interface: public abstract boolean org.springframework.aop.framework.Advised.removeAdvisor(org.springframework.aop.Advisor)
2024-05-17T15:11:55.572+02:00 TRACE 4684 --- [clothlogix] [           main] o.s.aop.framework.CglibAopProxy          : Method is declared on Advised interface: public abstract boolean org.springframework.aop.framework.Advised.replaceAdvisor(org.springframework.aop.Advisor,org.springframework.aop.Advisor) throws org.springframework.aop.framework.AopConfigException
2024-05-17T15:11:55.572+02:00 TRACE 4684 --- [clothlogix] [           main] o.s.aop.framework.CglibAopProxy          : Method is declared on Advised interface: public abstract boolean org.springframework.aop.framework.Advised.isProxyTargetClass()
2024-05-17T15:11:55.572+02:00 TRACE 4684 --- [clothlogix] [           main] o.s.aop.framework.CglibAopProxy          : Method is declared on Advised interface: public abstract void org.springframework.aop.framework.Advised.setTargetSource(org.springframework.aop.TargetSource)
2024-05-17T15:11:55.572+02:00 TRACE 4684 --- [clothlogix] [           main] o.s.aop.framework.CglibAopProxy          : Method is declared on Advised interface: public abstract void org.springframework.aop.framework.Advised.setExposeProxy(boolean)
2024-05-17T15:11:55.572+02:00 TRACE 4684 --- [clothlogix] [           main] o.s.aop.framework.CglibAopProxy          : Method is declared on Advised interface: public abstract boolean org.springframework.aop.framework.Advised.isExposeProxy()
2024-05-17T15:11:55.572+02:00 TRACE 4684 --- [clothlogix] [           main] o.s.aop.framework.CglibAopProxy          : Method is declared on Advised interface: public abstract void org.springframework.aop.framework.Advised.addAdvice(org.aopalliance.aop.Advice) throws org.springframework.aop.framework.AopConfigException
2024-05-17T15:11:55.572+02:00 TRACE 4684 --- [clothlogix] [           main] o.s.aop.framework.CglibAopProxy          : Method is declared on Advised interface: public abstract void org.springframework.aop.framework.Advised.addAdvice(int,org.aopalliance.aop.Advice) throws org.springframework.aop.framework.AopConfigException
2024-05-17T15:11:55.572+02:00 TRACE 4684 --- [clothlogix] [           main] o.s.aop.framework.CglibAopProxy          : Method is declared on Advised interface: public abstract boolean org.springframework.aop.framework.Advised.removeAdvice(org.aopalliance.aop.Advice)
2024-05-17T15:11:55.572+02:00 TRACE 4684 --- [clothlogix] [           main] o.s.aop.framework.CglibAopProxy          : Method is declared on Advised interface: public abstract java.lang.Class org.springframework.aop.TargetClassAware.getTargetClass()
2024-05-17T15:11:55.582+02:00 TRACE 4684 --- [clothlogix] [           main] o.s.b.f.s.DefaultListableBeanFactory     : Finished creating instance of bean 'sezioneDAOImpl'
2024-05-17T15:11:55.582+02:00 DEBUG 4684 --- [clothlogix] [           main] o.s.b.f.s.DefaultListableBeanFactory     : Creating shared instance of singleton bean 'tagliaDAOImpl'
2024-05-17T15:11:55.582+02:00 TRACE 4684 --- [clothlogix] [           main] o.s.b.f.s.DefaultListableBeanFactory     : Creating instance of bean 'tagliaDAOImpl'
2024-05-17T15:11:55.582+02:00 TRACE 4684 --- [clothlogix] [           main] o.s.b.f.s.DefaultListableBeanFactory     : Returning cached instance of singleton bean 'org.springframework.transaction.config.internalTransactionAdvisor'
2024-05-17T15:11:55.582+02:00 TRACE 4684 --- [clothlogix] [           main] o.s.b.f.s.DefaultListableBeanFactory     : Returning cached instance of singleton bean 'org.springframework.transaction.config.internalTransactionAdvisor'
2024-05-17T15:11:55.582+02:00 TRACE 4684 --- [clothlogix] [           main] o.s.b.f.s.DefaultListableBeanFactory     : Returning cached instance of singleton bean 'org.springframework.transaction.config.internalTransactionAdvisor'
2024-05-17T15:11:55.582+02:00 TRACE 4684 --- [clothlogix] [           main] o.s.aop.framework.CglibAopProxy          : Creating CGLIB proxy: SingletonTargetSource for target object [com.fabless.clothlogix.DAO.impl.TagliaDAOImpl@7b9d602c]
2024-05-17T15:11:55.582+02:00 TRACE 4684 --- [clothlogix] [           main] o.s.aop.framework.CglibAopProxy          : Unable to apply any optimizations to advised method: public void com.fabless.clothlogix.DAO.impl.TagliaDAOImpl.inserisciTaglia(com.fabless.clothlogix.model.entities.TagliaEntity,java.util.Map)
2024-05-17T15:11:55.582+02:00 TRACE 4684 --- [clothlogix] [           main] o.s.aop.framework.CglibAopProxy          : Unable to apply any optimizations to advised method: public void com.fabless.clothlogix.DAO.impl.TagliaDAOImpl.eliminaTaglia(java.lang.Long,java.util.Map)
2024-05-17T15:11:55.582+02:00 TRACE 4684 --- [clothlogix] [           main] o.s.aop.framework.CglibAopProxy          : Unable to apply any optimizations to advised method: public java.util.Optional com.fabless.clothlogix.DAO.impl.TagliaDAOImpl.tagliaFindById(java.lang.Long,java.util.Map)
2024-05-17T15:11:55.582+02:00 TRACE 4684 --- [clothlogix] [           main] o.s.aop.framework.CglibAopProxy          : Unable to apply any optimizations to advised method: public java.util.List com.fabless.clothlogix.DAO.impl.TagliaDAOImpl.getListTaglia(java.util.Map)
2024-05-17T15:11:55.582+02:00 TRACE 4684 --- [clothlogix] [           main] o.s.aop.framework.CglibAopProxy          : Unable to apply any optimizations to advised method: public void com.fabless.clothlogix.DAO.impl.TagliaDAOImpl.aggiornaTaglia(com.fabless.clothlogix.model.entities.TagliaEntity,java.util.Map)
2024-05-17T15:11:55.582+02:00 TRACE 4684 --- [clothlogix] [           main] o.s.aop.framework.CglibAopProxy          : Found 'equals' method: public boolean java.lang.Object.equals(java.lang.Object)
2024-05-17T15:11:55.582+02:00 TRACE 4684 --- [clothlogix] [           main] o.s.aop.framework.CglibAopProxy          : Unable to apply any optimizations to advised method: public java.lang.String java.lang.Object.toString()
2024-05-17T15:11:55.582+02:00 TRACE 4684 --- [clothlogix] [           main] o.s.aop.framework.CglibAopProxy          : Found 'hashCode' method: public native int java.lang.Object.hashCode()
2024-05-17T15:11:55.582+02:00 TRACE 4684 --- [clothlogix] [           main] o.s.aop.framework.CglibAopProxy          : Unable to apply any optimizations to advised method: protected native java.lang.Object java.lang.Object.clone() throws java.lang.CloneNotSupportedException
2024-05-17T15:11:55.582+02:00 TRACE 4684 --- [clothlogix] [           main] o.s.aop.framework.CglibAopProxy          : Method is declared on Advised interface: public abstract int org.springframework.aop.framework.Advised.indexOf(org.springframework.aop.Advisor)
2024-05-17T15:11:55.582+02:00 TRACE 4684 --- [clothlogix] [           main] o.s.aop.framework.CglibAopProxy          : Method is declared on Advised interface: public abstract int org.springframework.aop.framework.Advised.indexOf(org.aopalliance.aop.Advice)
2024-05-17T15:11:55.582+02:00 TRACE 4684 --- [clothlogix] [           main] o.s.aop.framework.CglibAopProxy          : Method is declared on Advised interface: public abstract boolean org.springframework.aop.framework.Advised.isFrozen()
2024-05-17T15:11:55.582+02:00 TRACE 4684 --- [clothlogix] [           main] o.s.aop.framework.CglibAopProxy          : Method is declared on Advised interface: public abstract java.lang.String org.springframework.aop.framework.Advised.toProxyConfigString()
2024-05-17T15:11:55.582+02:00 TRACE 4684 --- [clothlogix] [           main] o.s.aop.framework.CglibAopProxy          : Method is declared on Advised interface: public abstract java.lang.Class[] org.springframework.aop.framework.Advised.getProxiedInterfaces()
2024-05-17T15:11:55.582+02:00 TRACE 4684 --- [clothlogix] [           main] o.s.aop.framework.CglibAopProxy          : Method is declared on Advised interface: public default int org.springframework.aop.framework.Advised.getAdvisorCount()
2024-05-17T15:11:55.582+02:00 TRACE 4684 --- [clothlogix] [           main] o.s.aop.framework.CglibAopProxy          : Method is declared on Advised interface: public abstract org.springframework.aop.Advisor[] org.springframework.aop.framework.Advised.getAdvisors()
2024-05-17T15:11:55.582+02:00 TRACE 4684 --- [clothlogix] [           main] o.s.aop.framework.CglibAopProxy          : Method is declared on Advised interface: public abstract boolean org.springframework.aop.framework.Advised.isInterfaceProxied(java.lang.Class)
2024-05-17T15:11:55.582+02:00 TRACE 4684 --- [clothlogix] [           main] o.s.aop.framework.CglibAopProxy          : Method is declared on Advised interface: public abstract org.springframework.aop.TargetSource org.springframework.aop.framework.Advised.getTargetSource()
2024-05-17T15:11:55.582+02:00 TRACE 4684 --- [clothlogix] [           main] o.s.aop.framework.CglibAopProxy          : Method is declared on Advised interface: public abstract boolean org.springframework.aop.framework.Advised.isPreFiltered()
2024-05-17T15:11:55.582+02:00 TRACE 4684 --- [clothlogix] [           main] o.s.aop.framework.CglibAopProxy          : Method is declared on Advised interface: public abstract void org.springframework.aop.framework.Advised.setPreFiltered(boolean)
2024-05-17T15:11:55.582+02:00 TRACE 4684 --- [clothlogix] [           main] o.s.aop.framework.CglibAopProxy          : Method is declared on Advised interface: public abstract void org.springframework.aop.framework.Advised.addAdvisor(int,org.springframework.aop.Advisor) throws org.springframework.aop.framework.AopConfigException
2024-05-17T15:11:55.582+02:00 TRACE 4684 --- [clothlogix] [           main] o.s.aop.framework.CglibAopProxy          : Method is declared on Advised interface: public abstract void org.springframework.aop.framework.Advised.addAdvisor(org.springframework.aop.Advisor) throws org.springframework.aop.framework.AopConfigException
2024-05-17T15:11:55.582+02:00 TRACE 4684 --- [clothlogix] [           main] o.s.aop.framework.CglibAopProxy          : Method is declared on Advised interface: public abstract void org.springframework.aop.framework.Advised.removeAdvisor(int) throws org.springframework.aop.framework.AopConfigException
2024-05-17T15:11:55.582+02:00 TRACE 4684 --- [clothlogix] [           main] o.s.aop.framework.CglibAopProxy          : Method is declared on Advised interface: public abstract boolean org.springframework.aop.framework.Advised.removeAdvisor(org.springframework.aop.Advisor)
2024-05-17T15:11:55.582+02:00 TRACE 4684 --- [clothlogix] [           main] o.s.aop.framework.CglibAopProxy          : Method is declared on Advised interface: public abstract boolean org.springframework.aop.framework.Advised.replaceAdvisor(org.springframework.aop.Advisor,org.springframework.aop.Advisor) throws org.springframework.aop.framework.AopConfigException
2024-05-17T15:11:55.582+02:00 TRACE 4684 --- [clothlogix] [           main] o.s.aop.framework.CglibAopProxy          : Method is declared on Advised interface: public abstract boolean org.springframework.aop.framework.Advised.isProxyTargetClass()
2024-05-17T15:11:55.582+02:00 TRACE 4684 --- [clothlogix] [           main] o.s.aop.framework.CglibAopProxy          : Method is declared on Advised interface: public abstract void org.springframework.aop.framework.Advised.setTargetSource(org.springframework.aop.TargetSource)
2024-05-17T15:11:55.582+02:00 TRACE 4684 --- [clothlogix] [           main] o.s.aop.framework.CglibAopProxy          : Method is declared on Advised interface: public abstract void org.springframework.aop.framework.Advised.setExposeProxy(boolean)
2024-05-17T15:11:55.582+02:00 TRACE 4684 --- [clothlogix] [           main] o.s.aop.framework.CglibAopProxy          : Method is declared on Advised interface: public abstract boolean org.springframework.aop.framework.Advised.isExposeProxy()
2024-05-17T15:11:55.582+02:00 TRACE 4684 --- [clothlogix] [           main] o.s.aop.framework.CglibAopProxy          : Method is declared on Advised interface: public abstract void org.springframework.aop.framework.Advised.addAdvice(org.aopalliance.aop.Advice) throws org.springframework.aop.framework.AopConfigException
2024-05-17T15:11:55.582+02:00 TRACE 4684 --- [clothlogix] [           main] o.s.aop.framework.CglibAopProxy          : Method is declared on Advised interface: public abstract void org.springframework.aop.framework.Advised.addAdvice(int,org.aopalliance.aop.Advice) throws org.springframework.aop.framework.AopConfigException
2024-05-17T15:11:55.582+02:00 TRACE 4684 --- [clothlogix] [           main] o.s.aop.framework.CglibAopProxy          : Method is declared on Advised interface: public abstract boolean org.springframework.aop.framework.Advised.removeAdvice(org.aopalliance.aop.Advice)
2024-05-17T15:11:55.582+02:00 TRACE 4684 --- [clothlogix] [           main] o.s.aop.framework.CglibAopProxy          : Method is declared on Advised interface: public abstract java.lang.Class org.springframework.aop.TargetClassAware.getTargetClass()
2024-05-17T15:11:55.587+02:00 TRACE 4684 --- [clothlogix] [           main] o.s.b.f.s.DefaultListableBeanFactory     : Finished creating instance of bean 'tagliaDAOImpl'
2024-05-17T15:11:55.587+02:00 DEBUG 4684 --- [clothlogix] [           main] o.s.b.f.s.DefaultListableBeanFactory     : Creating shared instance of singleton bean 'tipoDAOImpl'
2024-05-17T15:11:55.587+02:00 TRACE 4684 --- [clothlogix] [           main] o.s.b.f.s.DefaultListableBeanFactory     : Creating instance of bean 'tipoDAOImpl'
2024-05-17T15:11:55.587+02:00 TRACE 4684 --- [clothlogix] [           main] o.s.b.f.s.DefaultListableBeanFactory     : Returning cached instance of singleton bean 'org.springframework.transaction.config.internalTransactionAdvisor'
2024-05-17T15:11:55.587+02:00 TRACE 4684 --- [clothlogix] [           main] o.s.b.f.s.DefaultListableBeanFactory     : Returning cached instance of singleton bean 'org.springframework.transaction.config.internalTransactionAdvisor'
2024-05-17T15:11:55.587+02:00 TRACE 4684 --- [clothlogix] [           main] o.s.b.f.s.DefaultListableBeanFactory     : Returning cached instance of singleton bean 'org.springframework.transaction.config.internalTransactionAdvisor'
2024-05-17T15:11:55.587+02:00 TRACE 4684 --- [clothlogix] [           main] o.s.aop.framework.CglibAopProxy          : Creating CGLIB proxy: SingletonTargetSource for target object [com.fabless.clothlogix.DAO.impl.TipoDAOImpl@22a22f1]
2024-05-17T15:11:55.590+02:00 TRACE 4684 --- [clothlogix] [           main] o.s.aop.framework.CglibAopProxy          : Unable to apply any optimizations to advised method: public void com.fabless.clothlogix.DAO.impl.TipoDAOImpl.aggiornaTipo(com.fabless.clothlogix.model.entities.TipoEntity,java.util.Map)
2024-05-17T15:11:55.590+02:00 TRACE 4684 --- [clothlogix] [           main] o.s.aop.framework.CglibAopProxy          : Unable to apply any optimizations to advised method: public java.util.Optional com.fabless.clothlogix.DAO.impl.TipoDAOImpl.tipoFindById(java.lang.Long,java.util.Map)
2024-05-17T15:11:55.590+02:00 TRACE 4684 --- [clothlogix] [           main] o.s.aop.framework.CglibAopProxy          : Unable to apply any optimizations to advised method: public java.util.List com.fabless.clothlogix.DAO.impl.TipoDAOImpl.getListTipo(java.util.Map)
2024-05-17T15:11:55.590+02:00 TRACE 4684 --- [clothlogix] [           main] o.s.aop.framework.CglibAopProxy          : Unable to apply any optimizations to advised method: public void com.fabless.clothlogix.DAO.impl.TipoDAOImpl.eliminaTipo(java.lang.Long,java.util.Map)
2024-05-17T15:11:55.590+02:00 TRACE 4684 --- [clothlogix] [           main] o.s.aop.framework.CglibAopProxy          : Unable to apply any optimizations to advised method: public void com.fabless.clothlogix.DAO.impl.TipoDAOImpl.inserisciTipo(com.fabless.clothlogix.model.entities.TipoEntity,java.util.Map)
2024-05-17T15:11:55.590+02:00 TRACE 4684 --- [clothlogix] [           main] o.s.aop.framework.CglibAopProxy          : Found 'equals' method: public boolean java.lang.Object.equals(java.lang.Object)
2024-05-17T15:11:55.590+02:00 TRACE 4684 --- [clothlogix] [           main] o.s.aop.framework.CglibAopProxy          : Unable to apply any optimizations to advised method: public java.lang.String java.lang.Object.toString()
2024-05-17T15:11:55.590+02:00 TRACE 4684 --- [clothlogix] [           main] o.s.aop.framework.CglibAopProxy          : Found 'hashCode' method: public native int java.lang.Object.hashCode()
2024-05-17T15:11:55.590+02:00 TRACE 4684 --- [clothlogix] [           main] o.s.aop.framework.CglibAopProxy          : Unable to apply any optimizations to advised method: protected native java.lang.Object java.lang.Object.clone() throws java.lang.CloneNotSupportedException
2024-05-17T15:11:55.590+02:00 TRACE 4684 --- [clothlogix] [           main] o.s.aop.framework.CglibAopProxy          : Method is declared on Advised interface: public abstract int org.springframework.aop.framework.Advised.indexOf(org.springframework.aop.Advisor)
2024-05-17T15:11:55.590+02:00 TRACE 4684 --- [clothlogix] [           main] o.s.aop.framework.CglibAopProxy          : Method is declared on Advised interface: public abstract int org.springframework.aop.framework.Advised.indexOf(org.aopalliance.aop.Advice)
2024-05-17T15:11:55.590+02:00 TRACE 4684 --- [clothlogix] [           main] o.s.aop.framework.CglibAopProxy          : Method is declared on Advised interface: public abstract boolean org.springframework.aop.framework.Advised.isFrozen()
2024-05-17T15:11:55.590+02:00 TRACE 4684 --- [clothlogix] [           main] o.s.aop.framework.CglibAopProxy          : Method is declared on Advised interface: public abstract java.lang.String org.springframework.aop.framework.Advised.toProxyConfigString()
2024-05-17T15:11:55.590+02:00 TRACE 4684 --- [clothlogix] [           main] o.s.aop.framework.CglibAopProxy          : Method is declared on Advised interface: public abstract java.lang.Class[] org.springframework.aop.framework.Advised.getProxiedInterfaces()
2024-05-17T15:11:55.590+02:00 TRACE 4684 --- [clothlogix] [           main] o.s.aop.framework.CglibAopProxy          : Method is declared on Advised interface: public default int org.springframework.aop.framework.Advised.getAdvisorCount()
2024-05-17T15:11:55.590+02:00 TRACE 4684 --- [clothlogix] [           main] o.s.aop.framework.CglibAopProxy          : Method is declared on Advised interface: public abstract org.springframework.aop.Advisor[] org.springframework.aop.framework.Advised.getAdvisors()
2024-05-17T15:11:55.590+02:00 TRACE 4684 --- [clothlogix] [           main] o.s.aop.framework.CglibAopProxy          : Method is declared on Advised interface: public abstract boolean org.springframework.aop.framework.Advised.isInterfaceProxied(java.lang.Class)
2024-05-17T15:11:55.590+02:00 TRACE 4684 --- [clothlogix] [           main] o.s.aop.framework.CglibAopProxy          : Method is declared on Advised interface: public abstract org.springframework.aop.TargetSource org.springframework.aop.framework.Advised.getTargetSource()
2024-05-17T15:11:55.590+02:00 TRACE 4684 --- [clothlogix] [           main] o.s.aop.framework.CglibAopProxy          : Method is declared on Advised interface: public abstract boolean org.springframework.aop.framework.Advised.isPreFiltered()
2024-05-17T15:11:55.590+02:00 TRACE 4684 --- [clothlogix] [           main] o.s.aop.framework.CglibAopProxy          : Method is declared on Advised interface: public abstract void org.springframework.aop.framework.Advised.setPreFiltered(boolean)
2024-05-17T15:11:55.590+02:00 TRACE 4684 --- [clothlogix] [           main] o.s.aop.framework.CglibAopProxy          : Method is declared on Advised interface: public abstract void org.springframework.aop.framework.Advised.addAdvisor(int,org.springframework.aop.Advisor) throws org.springframework.aop.framework.AopConfigException
2024-05-17T15:11:55.590+02:00 TRACE 4684 --- [clothlogix] [           main] o.s.aop.framework.CglibAopProxy          : Method is declared on Advised interface: public abstract void org.springframework.aop.framework.Advised.addAdvisor(org.springframework.aop.Advisor) throws org.springframework.aop.framework.AopConfigException
2024-05-17T15:11:55.590+02:00 TRACE 4684 --- [clothlogix] [           main] o.s.aop.framework.CglibAopProxy          : Method is declared on Advised interface: public abstract void org.springframework.aop.framework.Advised.removeAdvisor(int) throws org.springframework.aop.framework.AopConfigException
2024-05-17T15:11:55.590+02:00 TRACE 4684 --- [clothlogix] [           main] o.s.aop.framework.CglibAopProxy          : Method is declared on Advised interface: public abstract boolean org.springframework.aop.framework.Advised.removeAdvisor(org.springframework.aop.Advisor)
2024-05-17T15:11:55.590+02:00 TRACE 4684 --- [clothlogix] [           main] o.s.aop.framework.CglibAopProxy          : Method is declared on Advised interface: public abstract boolean org.springframework.aop.framework.Advised.replaceAdvisor(org.springframework.aop.Advisor,org.springframework.aop.Advisor) throws org.springframework.aop.framework.AopConfigException
2024-05-17T15:11:55.590+02:00 TRACE 4684 --- [clothlogix] [           main] o.s.aop.framework.CglibAopProxy          : Method is declared on Advised interface: public abstract boolean org.springframework.aop.framework.Advised.isProxyTargetClass()
2024-05-17T15:11:55.590+02:00 TRACE 4684 --- [clothlogix] [           main] o.s.aop.framework.CglibAopProxy          : Method is declared on Advised interface: public abstract void org.springframework.aop.framework.Advised.setTargetSource(org.springframework.aop.TargetSource)
2024-05-17T15:11:55.590+02:00 TRACE 4684 --- [clothlogix] [           main] o.s.aop.framework.CglibAopProxy          : Method is declared on Advised interface: public abstract void org.springframework.aop.framework.Advised.setExposeProxy(boolean)
2024-05-17T15:11:55.590+02:00 TRACE 4684 --- [clothlogix] [           main] o.s.aop.framework.CglibAopProxy          : Method is declared on Advised interface: public abstract boolean org.springframework.aop.framework.Advised.isExposeProxy()
2024-05-17T15:11:55.590+02:00 TRACE 4684 --- [clothlogix] [           main] o.s.aop.framework.CglibAopProxy          : Method is declared on Advised interface: public abstract void org.springframework.aop.framework.Advised.addAdvice(org.aopalliance.aop.Advice) throws org.springframework.aop.framework.AopConfigException
2024-05-17T15:11:55.590+02:00 TRACE 4684 --- [clothlogix] [           main] o.s.aop.framework.CglibAopProxy          : Method is declared on Advised interface: public abstract void org.springframework.aop.framework.Advised.addAdvice(int,org.aopalliance.aop.Advice) throws org.springframework.aop.framework.AopConfigException
2024-05-17T15:11:55.590+02:00 TRACE 4684 --- [clothlogix] [           main] o.s.aop.framework.CglibAopProxy          : Method is declared on Advised interface: public abstract boolean org.springframework.aop.framework.Advised.removeAdvice(org.aopalliance.aop.Advice)
2024-05-17T15:11:55.590+02:00 TRACE 4684 --- [clothlogix] [           main] o.s.aop.framework.CglibAopProxy          : Method is declared on Advised interface: public abstract java.lang.Class org.springframework.aop.TargetClassAware.getTargetClass()
2024-05-17T15:11:55.594+02:00 TRACE 4684 --- [clothlogix] [           main] o.s.b.f.s.DefaultListableBeanFactory     : Finished creating instance of bean 'tipoDAOImpl'
2024-05-17T15:11:55.594+02:00 DEBUG 4684 --- [clothlogix] [           main] o.s.b.f.s.DefaultListableBeanFactory     : Creating shared instance of singleton bean 'utenteDAOImpl'
2024-05-17T15:11:55.594+02:00 TRACE 4684 --- [clothlogix] [           main] o.s.b.f.s.DefaultListableBeanFactory     : Creating instance of bean 'utenteDAOImpl'
2024-05-17T15:11:55.594+02:00 TRACE 4684 --- [clothlogix] [           main] o.s.b.f.s.DefaultListableBeanFactory     : Returning cached instance of singleton bean 'org.springframework.transaction.config.internalTransactionAdvisor'
2024-05-17T15:11:55.594+02:00 TRACE 4684 --- [clothlogix] [           main] o.s.b.f.s.DefaultListableBeanFactory     : Returning cached instance of singleton bean 'org.springframework.transaction.config.internalTransactionAdvisor'
2024-05-17T15:11:55.594+02:00 TRACE 4684 --- [clothlogix] [           main] o.s.b.f.s.DefaultListableBeanFactory     : Returning cached instance of singleton bean 'org.springframework.transaction.config.internalTransactionAdvisor'
2024-05-17T15:11:55.596+02:00 TRACE 4684 --- [clothlogix] [           main] o.s.aop.framework.CglibAopProxy          : Creating CGLIB proxy: SingletonTargetSource for target object [com.fabless.clothlogix.DAO.impl.UtenteDAOImpl@24fb752f]
2024-05-17T15:11:55.597+02:00 TRACE 4684 --- [clothlogix] [           main] o.s.aop.framework.CglibAopProxy          : Unable to apply any optimizations to advised method: public void com.fabless.clothlogix.DAO.impl.UtenteDAOImpl.inserisciUtente(com.fabless.clothlogix.model.entities.UtenteEntity,java.util.Map)
2024-05-17T15:11:55.597+02:00 TRACE 4684 --- [clothlogix] [           main] o.s.aop.framework.CglibAopProxy          : Unable to apply any optimizations to advised method: public void com.fabless.clothlogix.DAO.impl.UtenteDAOImpl.aggiornaUtente(com.fabless.clothlogix.model.entities.UtenteEntity,java.util.Map)
2024-05-17T15:11:55.597+02:00 TRACE 4684 --- [clothlogix] [           main] o.s.aop.framework.CglibAopProxy          : Unable to apply any optimizations to advised method: public java.util.List com.fabless.clothlogix.DAO.impl.UtenteDAOImpl.getListUtente(java.util.Map)
2024-05-17T15:11:55.597+02:00 TRACE 4684 --- [clothlogix] [           main] o.s.aop.framework.CglibAopProxy          : Unable to apply any optimizations to advised method: public void com.fabless.clothlogix.DAO.impl.UtenteDAOImpl.eliminaUtente(java.lang.Long,java.util.Map)
2024-05-17T15:11:55.597+02:00 TRACE 4684 --- [clothlogix] [           main] o.s.aop.framework.CglibAopProxy          : Unable to apply any optimizations to advised method: public java.util.Optional com.fabless.clothlogix.DAO.impl.UtenteDAOImpl.utenteFindById(java.lang.Long,java.util.Map)
2024-05-17T15:11:55.597+02:00 TRACE 4684 --- [clothlogix] [           main] o.s.aop.framework.CglibAopProxy          : Found 'equals' method: public boolean java.lang.Object.equals(java.lang.Object)
2024-05-17T15:11:55.597+02:00 TRACE 4684 --- [clothlogix] [           main] o.s.aop.framework.CglibAopProxy          : Unable to apply any optimizations to advised method: public java.lang.String java.lang.Object.toString()
2024-05-17T15:11:55.597+02:00 TRACE 4684 --- [clothlogix] [           main] o.s.aop.framework.CglibAopProxy          : Found 'hashCode' method: public native int java.lang.Object.hashCode()
2024-05-17T15:11:55.597+02:00 TRACE 4684 --- [clothlogix] [           main] o.s.aop.framework.CglibAopProxy          : Unable to apply any optimizations to advised method: protected native java.lang.Object java.lang.Object.clone() throws java.lang.CloneNotSupportedException
2024-05-17T15:11:55.597+02:00 TRACE 4684 --- [clothlogix] [           main] o.s.aop.framework.CglibAopProxy          : Method is declared on Advised interface: public abstract int org.springframework.aop.framework.Advised.indexOf(org.springframework.aop.Advisor)
2024-05-17T15:11:55.597+02:00 TRACE 4684 --- [clothlogix] [           main] o.s.aop.framework.CglibAopProxy          : Method is declared on Advised interface: public abstract int org.springframework.aop.framework.Advised.indexOf(org.aopalliance.aop.Advice)
2024-05-17T15:11:55.597+02:00 TRACE 4684 --- [clothlogix] [           main] o.s.aop.framework.CglibAopProxy          : Method is declared on Advised interface: public abstract boolean org.springframework.aop.framework.Advised.isFrozen()
2024-05-17T15:11:55.598+02:00 TRACE 4684 --- [clothlogix] [           main] o.s.aop.framework.CglibAopProxy          : Method is declared on Advised interface: public abstract java.lang.String org.springframework.aop.framework.Advised.toProxyConfigString()
2024-05-17T15:11:55.598+02:00 TRACE 4684 --- [clothlogix] [           main] o.s.aop.framework.CglibAopProxy          : Method is declared on Advised interface: public abstract java.lang.Class[] org.springframework.aop.framework.Advised.getProxiedInterfaces()
2024-05-17T15:11:55.598+02:00 TRACE 4684 --- [clothlogix] [           main] o.s.aop.framework.CglibAopProxy          : Method is declared on Advised interface: public default int org.springframework.aop.framework.Advised.getAdvisorCount()
2024-05-17T15:11:55.598+02:00 TRACE 4684 --- [clothlogix] [           main] o.s.aop.framework.CglibAopProxy          : Method is declared on Advised interface: public abstract org.springframework.aop.Advisor[] org.springframework.aop.framework.Advised.getAdvisors()
2024-05-17T15:11:55.598+02:00 TRACE 4684 --- [clothlogix] [           main] o.s.aop.framework.CglibAopProxy          : Method is declared on Advised interface: public abstract boolean org.springframework.aop.framework.Advised.isInterfaceProxied(java.lang.Class)
2024-05-17T15:11:55.598+02:00 TRACE 4684 --- [clothlogix] [           main] o.s.aop.framework.CglibAopProxy          : Method is declared on Advised interface: public abstract org.springframework.aop.TargetSource org.springframework.aop.framework.Advised.getTargetSource()
2024-05-17T15:11:55.598+02:00 TRACE 4684 --- [clothlogix] [           main] o.s.aop.framework.CglibAopProxy          : Method is declared on Advised interface: public abstract boolean org.springframework.aop.framework.Advised.isPreFiltered()
2024-05-17T15:11:55.598+02:00 TRACE 4684 --- [clothlogix] [           main] o.s.aop.framework.CglibAopProxy          : Method is declared on Advised interface: public abstract void org.springframework.aop.framework.Advised.setPreFiltered(boolean)
2024-05-17T15:11:55.598+02:00 TRACE 4684 --- [clothlogix] [           main] o.s.aop.framework.CglibAopProxy          : Method is declared on Advised interface: public abstract void org.springframework.aop.framework.Advised.addAdvisor(int,org.springframework.aop.Advisor) throws org.springframework.aop.framework.AopConfigException
2024-05-17T15:11:55.598+02:00 TRACE 4684 --- [clothlogix] [           main] o.s.aop.framework.CglibAopProxy          : Method is declared on Advised interface: public abstract void org.springframework.aop.framework.Advised.addAdvisor(org.springframework.aop.Advisor) throws org.springframework.aop.framework.AopConfigException
2024-05-17T15:11:55.598+02:00 TRACE 4684 --- [clothlogix] [           main] o.s.aop.framework.CglibAopProxy          : Method is declared on Advised interface: public abstract void org.springframework.aop.framework.Advised.removeAdvisor(int) throws org.springframework.aop.framework.AopConfigException
2024-05-17T15:11:55.598+02:00 TRACE 4684 --- [clothlogix] [           main] o.s.aop.framework.CglibAopProxy          : Method is declared on Advised interface: public abstract boolean org.springframework.aop.framework.Advised.removeAdvisor(org.springframework.aop.Advisor)
2024-05-17T15:11:55.598+02:00 TRACE 4684 --- [clothlogix] [           main] o.s.aop.framework.CglibAopProxy          : Method is declared on Advised interface: public abstract boolean org.springframework.aop.framework.Advised.replaceAdvisor(org.springframework.aop.Advisor,org.springframework.aop.Advisor) throws org.springframework.aop.framework.AopConfigException
2024-05-17T15:11:55.598+02:00 TRACE 4684 --- [clothlogix] [           main] o.s.aop.framework.CglibAopProxy          : Method is declared on Advised interface: public abstract boolean org.springframework.aop.framework.Advised.isProxyTargetClass()
2024-05-17T15:11:55.598+02:00 TRACE 4684 --- [clothlogix] [           main] o.s.aop.framework.CglibAopProxy          : Method is declared on Advised interface: public abstract void org.springframework.aop.framework.Advised.setTargetSource(org.springframework.aop.TargetSource)
2024-05-17T15:11:55.598+02:00 TRACE 4684 --- [clothlogix] [           main] o.s.aop.framework.CglibAopProxy          : Method is declared on Advised interface: public abstract void org.springframework.aop.framework.Advised.setExposeProxy(boolean)
2024-05-17T15:11:55.598+02:00 TRACE 4684 --- [clothlogix] [           main] o.s.aop.framework.CglibAopProxy          : Method is declared on Advised interface: public abstract boolean org.springframework.aop.framework.Advised.isExposeProxy()
2024-05-17T15:11:55.598+02:00 TRACE 4684 --- [clothlogix] [           main] o.s.aop.framework.CglibAopProxy          : Method is declared on Advised interface: public abstract void org.springframework.aop.framework.Advised.addAdvice(org.aopalliance.aop.Advice) throws org.springframework.aop.framework.AopConfigException
2024-05-17T15:11:55.598+02:00 TRACE 4684 --- [clothlogix] [           main] o.s.aop.framework.CglibAopProxy          : Method is declared on Advised interface: public abstract void org.springframework.aop.framework.Advised.addAdvice(int,org.aopalliance.aop.Advice) throws org.springframework.aop.framework.AopConfigException
2024-05-17T15:11:55.598+02:00 TRACE 4684 --- [clothlogix] [           main] o.s.aop.framework.CglibAopProxy          : Method is declared on Advised interface: public abstract boolean org.springframework.aop.framework.Advised.removeAdvice(org.aopalliance.aop.Advice)
2024-05-17T15:11:55.598+02:00 TRACE 4684 --- [clothlogix] [           main] o.s.aop.framework.CglibAopProxy          : Method is declared on Advised interface: public abstract java.lang.Class org.springframework.aop.TargetClassAware.getTargetClass()
2024-05-17T15:11:55.604+02:00 TRACE 4684 --- [clothlogix] [           main] o.s.b.f.s.DefaultListableBeanFactory     : Finished creating instance of bean 'utenteDAOImpl'
2024-05-17T15:11:55.604+02:00 TRACE 4684 --- [clothlogix] [           main] o.s.b.f.s.DefaultListableBeanFactory     : Returning cached instance of singleton bean 'superClassMapperImpl'
2024-05-17T15:11:55.604+02:00 TRACE 4684 --- [clothlogix] [           main] o.s.b.f.s.DefaultListableBeanFactory     : Returning cached instance of singleton bean 'coloreService'
2024-05-17T15:11:55.604+02:00 DEBUG 4684 --- [clothlogix] [           main] o.s.b.f.s.DefaultListableBeanFactory     : Creating shared instance of singleton bean 'loginService'
2024-05-17T15:11:55.604+02:00 TRACE 4684 --- [clothlogix] [           main] o.s.b.f.s.DefaultListableBeanFactory     : Creating instance of bean 'loginService'
2024-05-17T15:11:55.604+02:00 TRACE 4684 --- [clothlogix] [           main] o.s.b.f.s.DefaultListableBeanFactory     : Returning cached instance of singleton bean 'org.springframework.transaction.config.internalTransactionAdvisor'
2024-05-17T15:11:55.606+02:00 TRACE 4684 --- [clothlogix] [           main] o.s.b.f.s.DefaultListableBeanFactory     : Returning cached instance of singleton bean 'loginDAOImpl'
2024-05-17T15:11:55.606+02:00 DEBUG 4684 --- [clothlogix] [           main] o.s.b.f.s.DefaultListableBeanFactory     : Autowiring by type from bean name 'loginService' via constructor to bean named 'loginDAOImpl'
2024-05-17T15:11:55.606+02:00 TRACE 4684 --- [clothlogix] [           main] o.s.b.f.s.DefaultListableBeanFactory     : Returning cached instance of singleton bean 'org.springframework.transaction.config.internalTransactionAdvisor'
2024-05-17T15:11:55.606+02:00 TRACE 4684 --- [clothlogix] [           main] o.s.b.f.s.DefaultListableBeanFactory     : Returning cached instance of singleton bean 'org.springframework.transaction.config.internalTransactionAdvisor'
2024-05-17T15:11:55.606+02:00 TRACE 4684 --- [clothlogix] [           main] t.a.AnnotationTransactionAttributeSource : Adding transactional method 'com.fabless.clothlogix.Service.Impl.LoginService.create' with attribute: PROPAGATION_REQUIRED,ISOLATION_DEFAULT
2024-05-17T15:11:55.606+02:00 TRACE 4684 --- [clothlogix] [           main] a.AnnotationAwareAspectJAutoProxyCreator : Creating implicit proxy for bean 'loginService' with 0 common interceptors and 1 specific interceptors
2024-05-17T15:11:55.606+02:00 TRACE 4684 --- [clothlogix] [           main] o.s.aop.framework.CglibAopProxy          : Creating CGLIB proxy: SingletonTargetSource for target object [com.fabless.clothlogix.Service.Impl.LoginService@66b62ebd]
2024-05-17T15:11:55.607+02:00 TRACE 4684 --- [clothlogix] [           main] o.s.aop.framework.CglibAopProxy          : Unable to apply any optimizations to advised method: public void com.fabless.clothlogix.Service.Impl.LoginService.create(com.fabless.clothlogix.model.entities.LoginEntity,java.util.Map) throws org.hibernate.exception.DataException
2024-05-17T15:11:55.607+02:00 TRACE 4684 --- [clothlogix] [           main] o.s.aop.framework.CglibAopProxy          : Unable to apply any optimizations to advised method: public java.lang.Iterable com.fabless.clothlogix.Service.Impl.LoginService.findAll(java.util.Map) throws org.hibernate.exception.DataException
2024-05-17T15:11:55.607+02:00 TRACE 4684 --- [clothlogix] [           main] t.a.AnnotationTransactionAttributeSource : Adding transactional method 'com.fabless.clothlogix.Service.Impl.LoginService.deleteByid' with attribute: PROPAGATION_REQUIRED,ISOLATION_DEFAULT
2024-05-17T15:11:55.607+02:00 TRACE 4684 --- [clothlogix] [           main] o.s.aop.framework.CglibAopProxy          : Unable to apply any optimizations to advised method: public void com.fabless.clothlogix.Service.Impl.LoginService.deleteByid(java.lang.Long,java.util.Map) throws org.hibernate.exception.DataException
2024-05-17T15:11:55.607+02:00 TRACE 4684 --- [clothlogix] [           main] t.a.AnnotationTransactionAttributeSource : Adding transactional method 'com.fabless.clothlogix.Service.Impl.LoginService.upload' with attribute: PROPAGATION_REQUIRED,ISOLATION_DEFAULT
2024-05-17T15:11:55.607+02:00 TRACE 4684 --- [clothlogix] [           main] o.s.aop.framework.CglibAopProxy          : Unable to apply any optimizations to advised method: public void com.fabless.clothlogix.Service.Impl.LoginService.upload(com.fabless.clothlogix.model.entities.LoginEntity,java.util.Map) throws org.hibernate.exception.DataException
2024-05-17T15:11:55.607+02:00 TRACE 4684 --- [clothlogix] [           main] o.s.aop.framework.CglibAopProxy          : Unable to apply any optimizations to advised method: public java.util.Optional com.fabless.clothlogix.Service.Impl.LoginService.findById(java.lang.Long,java.util.Map) throws org.hibernate.exception.DataException
2024-05-17T15:11:55.607+02:00 TRACE 4684 --- [clothlogix] [           main] o.s.aop.framework.CglibAopProxy          : Found 'equals' method: public boolean java.lang.Object.equals(java.lang.Object)
2024-05-17T15:11:55.607+02:00 TRACE 4684 --- [clothlogix] [           main] o.s.aop.framework.CglibAopProxy          : Unable to apply any optimizations to advised method: public java.lang.String java.lang.Object.toString()
2024-05-17T15:11:55.607+02:00 TRACE 4684 --- [clothlogix] [           main] o.s.aop.framework.CglibAopProxy          : Found 'hashCode' method: public native int java.lang.Object.hashCode()
2024-05-17T15:11:55.607+02:00 TRACE 4684 --- [clothlogix] [           main] o.s.aop.framework.CglibAopProxy          : Unable to apply any optimizations to advised method: protected native java.lang.Object java.lang.Object.clone() throws java.lang.CloneNotSupportedException
2024-05-17T15:11:55.609+02:00 TRACE 4684 --- [clothlogix] [           main] o.s.aop.framework.CglibAopProxy          : Method is declared on Advised interface: public abstract int org.springframework.aop.framework.Advised.indexOf(org.springframework.aop.Advisor)
2024-05-17T15:11:55.609+02:00 TRACE 4684 --- [clothlogix] [           main] o.s.aop.framework.CglibAopProxy          : Method is declared on Advised interface: public abstract int org.springframework.aop.framework.Advised.indexOf(org.aopalliance.aop.Advice)
2024-05-17T15:11:55.609+02:00 TRACE 4684 --- [clothlogix] [           main] o.s.aop.framework.CglibAopProxy          : Method is declared on Advised interface: public abstract boolean org.springframework.aop.framework.Advised.isFrozen()
2024-05-17T15:11:55.609+02:00 TRACE 4684 --- [clothlogix] [           main] o.s.aop.framework.CglibAopProxy          : Method is declared on Advised interface: public abstract java.lang.String org.springframework.aop.framework.Advised.toProxyConfigString()
2024-05-17T15:11:55.609+02:00 TRACE 4684 --- [clothlogix] [           main] o.s.aop.framework.CglibAopProxy          : Method is declared on Advised interface: public abstract java.lang.Class[] org.springframework.aop.framework.Advised.getProxiedInterfaces()
2024-05-17T15:11:55.609+02:00 TRACE 4684 --- [clothlogix] [           main] o.s.aop.framework.CglibAopProxy          : Method is declared on Advised interface: public default int org.springframework.aop.framework.Advised.getAdvisorCount()
2024-05-17T15:11:55.609+02:00 TRACE 4684 --- [clothlogix] [           main] o.s.aop.framework.CglibAopProxy          : Method is declared on Advised interface: public abstract org.springframework.aop.Advisor[] org.springframework.aop.framework.Advised.getAdvisors()
2024-05-17T15:11:55.609+02:00 TRACE 4684 --- [clothlogix] [           main] o.s.aop.framework.CglibAopProxy          : Method is declared on Advised interface: public abstract boolean org.springframework.aop.framework.Advised.isInterfaceProxied(java.lang.Class)
2024-05-17T15:11:55.609+02:00 TRACE 4684 --- [clothlogix] [           main] o.s.aop.framework.CglibAopProxy          : Method is declared on Advised interface: public abstract org.springframework.aop.TargetSource org.springframework.aop.framework.Advised.getTargetSource()
2024-05-17T15:11:55.609+02:00 TRACE 4684 --- [clothlogix] [           main] o.s.aop.framework.CglibAopProxy          : Method is declared on Advised interface: public abstract boolean org.springframework.aop.framework.Advised.isPreFiltered()
2024-05-17T15:11:55.609+02:00 TRACE 4684 --- [clothlogix] [           main] o.s.aop.framework.CglibAopProxy          : Method is declared on Advised interface: public abstract void org.springframework.aop.framework.Advised.setPreFiltered(boolean)
2024-05-17T15:11:55.609+02:00 TRACE 4684 --- [clothlogix] [           main] o.s.aop.framework.CglibAopProxy          : Method is declared on Advised interface: public abstract void org.springframework.aop.framework.Advised.addAdvisor(int,org.springframework.aop.Advisor) throws org.springframework.aop.framework.AopConfigException
2024-05-17T15:11:55.609+02:00 TRACE 4684 --- [clothlogix] [           main] o.s.aop.framework.CglibAopProxy          : Method is declared on Advised interface: public abstract void org.springframework.aop.framework.Advised.addAdvisor(org.springframework.aop.Advisor) throws org.springframework.aop.framework.AopConfigException
2024-05-17T15:11:55.609+02:00 TRACE 4684 --- [clothlogix] [           main] o.s.aop.framework.CglibAopProxy          : Method is declared on Advised interface: public abstract void org.springframework.aop.framework.Advised.removeAdvisor(int) throws org.springframework.aop.framework.AopConfigException
2024-05-17T15:11:55.609+02:00 TRACE 4684 --- [clothlogix] [           main] o.s.aop.framework.CglibAopProxy          : Method is declared on Advised interface: public abstract boolean org.springframework.aop.framework.Advised.removeAdvisor(org.springframework.aop.Advisor)
2024-05-17T15:11:55.609+02:00 TRACE 4684 --- [clothlogix] [           main] o.s.aop.framework.CglibAopProxy          : Method is declared on Advised interface: public abstract boolean org.springframework.aop.framework.Advised.replaceAdvisor(org.springframework.aop.Advisor,org.springframework.aop.Advisor) throws org.springframework.aop.framework.AopConfigException
2024-05-17T15:11:55.609+02:00 TRACE 4684 --- [clothlogix] [           main] o.s.aop.framework.CglibAopProxy          : Method is declared on Advised interface: public abstract boolean org.springframework.aop.framework.Advised.isProxyTargetClass()
2024-05-17T15:11:55.609+02:00 TRACE 4684 --- [clothlogix] [           main] o.s.aop.framework.CglibAopProxy          : Method is declared on Advised interface: public abstract void org.springframework.aop.framework.Advised.setTargetSource(org.springframework.aop.TargetSource)
2024-05-17T15:11:55.609+02:00 TRACE 4684 --- [clothlogix] [           main] o.s.aop.framework.CglibAopProxy          : Method is declared on Advised interface: public abstract void org.springframework.aop.framework.Advised.setExposeProxy(boolean)
2024-05-17T15:11:55.609+02:00 TRACE 4684 --- [clothlogix] [           main] o.s.aop.framework.CglibAopProxy          : Method is declared on Advised interface: public abstract boolean org.springframework.aop.framework.Advised.isExposeProxy()
2024-05-17T15:11:55.609+02:00 TRACE 4684 --- [clothlogix] [           main] o.s.aop.framework.CglibAopProxy          : Method is declared on Advised interface: public abstract void org.springframework.aop.framework.Advised.addAdvice(org.aopalliance.aop.Advice) throws org.springframework.aop.framework.AopConfigException
2024-05-17T15:11:55.609+02:00 TRACE 4684 --- [clothlogix] [           main] o.s.aop.framework.CglibAopProxy          : Method is declared on Advised interface: public abstract void org.springframework.aop.framework.Advised.addAdvice(int,org.aopalliance.aop.Advice) throws org.springframework.aop.framework.AopConfigException
2024-05-17T15:11:55.609+02:00 TRACE 4684 --- [clothlogix] [           main] o.s.aop.framework.CglibAopProxy          : Method is declared on Advised interface: public abstract boolean org.springframework.aop.framework.Advised.removeAdvice(org.aopalliance.aop.Advice)
2024-05-17T15:11:55.609+02:00 TRACE 4684 --- [clothlogix] [           main] o.s.aop.framework.CglibAopProxy          : Method is declared on Advised interface: public abstract java.lang.Class org.springframework.aop.TargetClassAware.getTargetClass()
2024-05-17T15:11:55.612+02:00 TRACE 4684 --- [clothlogix] [           main] o.s.b.f.s.DefaultListableBeanFactory     : Finished creating instance of bean 'loginService'
2024-05-17T15:11:55.612+02:00 DEBUG 4684 --- [clothlogix] [           main] o.s.b.f.s.DefaultListableBeanFactory     : Creating shared instance of singleton bean 'magazzinoService'
2024-05-17T15:11:55.612+02:00 TRACE 4684 --- [clothlogix] [           main] o.s.b.f.s.DefaultListableBeanFactory     : Creating instance of bean 'magazzinoService'
2024-05-17T15:11:55.612+02:00 TRACE 4684 --- [clothlogix] [           main] o.s.b.f.s.DefaultListableBeanFactory     : Returning cached instance of singleton bean 'org.springframework.transaction.config.internalTransactionAdvisor'
2024-05-17T15:11:55.612+02:00 TRACE 4684 --- [clothlogix] [           main] o.s.b.f.s.DefaultListableBeanFactory     : Returning cached instance of singleton bean 'magazzinoDAOImpl'
2024-05-17T15:11:55.612+02:00 DEBUG 4684 --- [clothlogix] [           main] o.s.b.f.s.DefaultListableBeanFactory     : Autowiring by type from bean name 'magazzinoService' via constructor to bean named 'magazzinoDAOImpl'
2024-05-17T15:11:55.612+02:00 TRACE 4684 --- [clothlogix] [           main] o.s.b.f.s.DefaultListableBeanFactory     : Returning cached instance of singleton bean 'org.springframework.transaction.config.internalTransactionAdvisor'
2024-05-17T15:11:55.612+02:00 TRACE 4684 --- [clothlogix] [           main] o.s.b.f.s.DefaultListableBeanFactory     : Returning cached instance of singleton bean 'org.springframework.transaction.config.internalTransactionAdvisor'
2024-05-17T15:11:55.612+02:00 TRACE 4684 --- [clothlogix] [           main] t.a.AnnotationTransactionAttributeSource : Adding transactional method 'com.fabless.clothlogix.Service.Impl.MagazzinoService.create' with attribute: PROPAGATION_REQUIRED,ISOLATION_DEFAULT
2024-05-17T15:11:55.612+02:00 TRACE 4684 --- [clothlogix] [           main] a.AnnotationAwareAspectJAutoProxyCreator : Creating implicit proxy for bean 'magazzinoService' with 0 common interceptors and 1 specific interceptors
2024-05-17T15:11:55.612+02:00 TRACE 4684 --- [clothlogix] [           main] o.s.aop.framework.CglibAopProxy          : Creating CGLIB proxy: SingletonTargetSource for target object [com.fabless.clothlogix.Service.Impl.MagazzinoService@628f0936]
2024-05-17T15:11:55.612+02:00 TRACE 4684 --- [clothlogix] [           main] o.s.aop.framework.CglibAopProxy          : Unable to apply any optimizations to advised method: public void com.fabless.clothlogix.Service.Impl.MagazzinoService.create(com.fabless.clothlogix.model.entities.MagazzinoEntity,java.util.Map) throws org.hibernate.exception.DataException
2024-05-17T15:11:55.612+02:00 TRACE 4684 --- [clothlogix] [           main] o.s.aop.framework.CglibAopProxy          : Unable to apply any optimizations to advised method: public java.lang.Iterable com.fabless.clothlogix.Service.Impl.MagazzinoService.findAll(java.util.Map) throws org.hibernate.exception.DataException
2024-05-17T15:11:55.612+02:00 TRACE 4684 --- [clothlogix] [           main] t.a.AnnotationTransactionAttributeSource : Adding transactional method 'com.fabless.clothlogix.Service.Impl.MagazzinoService.deleteByid' with attribute: PROPAGATION_REQUIRED,ISOLATION_DEFAULT
2024-05-17T15:11:55.612+02:00 TRACE 4684 --- [clothlogix] [           main] o.s.aop.framework.CglibAopProxy          : Unable to apply any optimizations to advised method: public void com.fabless.clothlogix.Service.Impl.MagazzinoService.deleteByid(java.lang.Long,java.util.Map) throws org.hibernate.exception.DataException
2024-05-17T15:11:55.612+02:00 TRACE 4684 --- [clothlogix] [           main] t.a.AnnotationTransactionAttributeSource : Adding transactional method 'com.fabless.clothlogix.Service.Impl.MagazzinoService.upload' with attribute: PROPAGATION_REQUIRED,ISOLATION_DEFAULT
2024-05-17T15:11:55.612+02:00 TRACE 4684 --- [clothlogix] [           main] o.s.aop.framework.CglibAopProxy          : Unable to apply any optimizations to advised method: public void com.fabless.clothlogix.Service.Impl.MagazzinoService.upload(com.fabless.clothlogix.model.entities.MagazzinoEntity,java.util.Map) throws org.hibernate.exception.DataException
2024-05-17T15:11:55.612+02:00 TRACE 4684 --- [clothlogix] [           main] o.s.aop.framework.CglibAopProxy          : Unable to apply any optimizations to advised method: public java.util.Optional com.fabless.clothlogix.Service.Impl.MagazzinoService.findById(java.lang.Long,java.util.Map) throws org.hibernate.exception.DataException
2024-05-17T15:11:55.612+02:00 TRACE 4684 --- [clothlogix] [           main] o.s.aop.framework.CglibAopProxy          : Found 'equals' method: public boolean java.lang.Object.equals(java.lang.Object)
2024-05-17T15:11:55.612+02:00 TRACE 4684 --- [clothlogix] [           main] o.s.aop.framework.CglibAopProxy          : Unable to apply any optimizations to advised method: public java.lang.String java.lang.Object.toString()
2024-05-17T15:11:55.612+02:00 TRACE 4684 --- [clothlogix] [           main] o.s.aop.framework.CglibAopProxy          : Found 'hashCode' method: public native int java.lang.Object.hashCode()
2024-05-17T15:11:55.612+02:00 TRACE 4684 --- [clothlogix] [           main] o.s.aop.framework.CglibAopProxy          : Unable to apply any optimizations to advised method: protected native java.lang.Object java.lang.Object.clone() throws java.lang.CloneNotSupportedException
2024-05-17T15:11:55.612+02:00 TRACE 4684 --- [clothlogix] [           main] o.s.aop.framework.CglibAopProxy          : Method is declared on Advised interface: public abstract int org.springframework.aop.framework.Advised.indexOf(org.springframework.aop.Advisor)
2024-05-17T15:11:55.612+02:00 TRACE 4684 --- [clothlogix] [           main] o.s.aop.framework.CglibAopProxy          : Method is declared on Advised interface: public abstract int org.springframework.aop.framework.Advised.indexOf(org.aopalliance.aop.Advice)
2024-05-17T15:11:55.612+02:00 TRACE 4684 --- [clothlogix] [           main] o.s.aop.framework.CglibAopProxy          : Method is declared on Advised interface: public abstract boolean org.springframework.aop.framework.Advised.isFrozen()
2024-05-17T15:11:55.612+02:00 TRACE 4684 --- [clothlogix] [           main] o.s.aop.framework.CglibAopProxy          : Method is declared on Advised interface: public abstract java.lang.String org.springframework.aop.framework.Advised.toProxyConfigString()
2024-05-17T15:11:55.612+02:00 TRACE 4684 --- [clothlogix] [           main] o.s.aop.framework.CglibAopProxy          : Method is declared on Advised interface: public abstract java.lang.Class[] org.springframework.aop.framework.Advised.getProxiedInterfaces()
2024-05-17T15:11:55.612+02:00 TRACE 4684 --- [clothlogix] [           main] o.s.aop.framework.CglibAopProxy          : Method is declared on Advised interface: public default int org.springframework.aop.framework.Advised.getAdvisorCount()
2024-05-17T15:11:55.612+02:00 TRACE 4684 --- [clothlogix] [           main] o.s.aop.framework.CglibAopProxy          : Method is declared on Advised interface: public abstract org.springframework.aop.Advisor[] org.springframework.aop.framework.Advised.getAdvisors()
2024-05-17T15:11:55.612+02:00 TRACE 4684 --- [clothlogix] [           main] o.s.aop.framework.CglibAopProxy          : Method is declared on Advised interface: public abstract boolean org.springframework.aop.framework.Advised.isInterfaceProxied(java.lang.Class)
2024-05-17T15:11:55.612+02:00 TRACE 4684 --- [clothlogix] [           main] o.s.aop.framework.CglibAopProxy          : Method is declared on Advised interface: public abstract org.springframework.aop.TargetSource org.springframework.aop.framework.Advised.getTargetSource()
2024-05-17T15:11:55.612+02:00 TRACE 4684 --- [clothlogix] [           main] o.s.aop.framework.CglibAopProxy          : Method is declared on Advised interface: public abstract boolean org.springframework.aop.framework.Advised.isPreFiltered()
2024-05-17T15:11:55.612+02:00 TRACE 4684 --- [clothlogix] [           main] o.s.aop.framework.CglibAopProxy          : Method is declared on Advised interface: public abstract void org.springframework.aop.framework.Advised.setPreFiltered(boolean)
2024-05-17T15:11:55.612+02:00 TRACE 4684 --- [clothlogix] [           main] o.s.aop.framework.CglibAopProxy          : Method is declared on Advised interface: public abstract void org.springframework.aop.framework.Advised.addAdvisor(int,org.springframework.aop.Advisor) throws org.springframework.aop.framework.AopConfigException
2024-05-17T15:11:55.612+02:00 TRACE 4684 --- [clothlogix] [           main] o.s.aop.framework.CglibAopProxy          : Method is declared on Advised interface: public abstract void org.springframework.aop.framework.Advised.addAdvisor(org.springframework.aop.Advisor) throws org.springframework.aop.framework.AopConfigException
2024-05-17T15:11:55.612+02:00 TRACE 4684 --- [clothlogix] [           main] o.s.aop.framework.CglibAopProxy          : Method is declared on Advised interface: public abstract void org.springframework.aop.framework.Advised.removeAdvisor(int) throws org.springframework.aop.framework.AopConfigException
2024-05-17T15:11:55.612+02:00 TRACE 4684 --- [clothlogix] [           main] o.s.aop.framework.CglibAopProxy          : Method is declared on Advised interface: public abstract boolean org.springframework.aop.framework.Advised.removeAdvisor(org.springframework.aop.Advisor)
2024-05-17T15:11:55.612+02:00 TRACE 4684 --- [clothlogix] [           main] o.s.aop.framework.CglibAopProxy          : Method is declared on Advised interface: public abstract boolean org.springframework.aop.framework.Advised.replaceAdvisor(org.springframework.aop.Advisor,org.springframework.aop.Advisor) throws org.springframework.aop.framework.AopConfigException
2024-05-17T15:11:55.612+02:00 TRACE 4684 --- [clothlogix] [           main] o.s.aop.framework.CglibAopProxy          : Method is declared on Advised interface: public abstract boolean org.springframework.aop.framework.Advised.isProxyTargetClass()
2024-05-17T15:11:55.612+02:00 TRACE 4684 --- [clothlogix] [           main] o.s.aop.framework.CglibAopProxy          : Method is declared on Advised interface: public abstract void org.springframework.aop.framework.Advised.setTargetSource(org.springframework.aop.TargetSource)
2024-05-17T15:11:55.612+02:00 TRACE 4684 --- [clothlogix] [           main] o.s.aop.framework.CglibAopProxy          : Method is declared on Advised interface: public abstract void org.springframework.aop.framework.Advised.setExposeProxy(boolean)
2024-05-17T15:11:55.612+02:00 TRACE 4684 --- [clothlogix] [           main] o.s.aop.framework.CglibAopProxy          : Method is declared on Advised interface: public abstract boolean org.springframework.aop.framework.Advised.isExposeProxy()
2024-05-17T15:11:55.612+02:00 TRACE 4684 --- [clothlogix] [           main] o.s.aop.framework.CglibAopProxy          : Method is declared on Advised interface: public abstract void org.springframework.aop.framework.Advised.addAdvice(org.aopalliance.aop.Advice) throws org.springframework.aop.framework.AopConfigException
2024-05-17T15:11:55.612+02:00 TRACE 4684 --- [clothlogix] [           main] o.s.aop.framework.CglibAopProxy          : Method is declared on Advised interface: public abstract void org.springframework.aop.framework.Advised.addAdvice(int,org.aopalliance.aop.Advice) throws org.springframework.aop.framework.AopConfigException
2024-05-17T15:11:55.612+02:00 TRACE 4684 --- [clothlogix] [           main] o.s.aop.framework.CglibAopProxy          : Method is declared on Advised interface: public abstract boolean org.springframework.aop.framework.Advised.removeAdvice(org.aopalliance.aop.Advice)
2024-05-17T15:11:55.612+02:00 TRACE 4684 --- [clothlogix] [           main] o.s.aop.framework.CglibAopProxy          : Method is declared on Advised interface: public abstract java.lang.Class org.springframework.aop.TargetClassAware.getTargetClass()
2024-05-17T15:11:55.622+02:00 TRACE 4684 --- [clothlogix] [           main] o.s.b.f.s.DefaultListableBeanFactory     : Finished creating instance of bean 'magazzinoService'
2024-05-17T15:11:55.622+02:00 DEBUG 4684 --- [clothlogix] [           main] o.s.b.f.s.DefaultListableBeanFactory     : Creating shared instance of singleton bean 'materialeService'
2024-05-17T15:11:55.622+02:00 TRACE 4684 --- [clothlogix] [           main] o.s.b.f.s.DefaultListableBeanFactory     : Creating instance of bean 'materialeService'
2024-05-17T15:11:55.622+02:00 TRACE 4684 --- [clothlogix] [           main] o.s.b.f.s.DefaultListableBeanFactory     : Returning cached instance of singleton bean 'org.springframework.transaction.config.internalTransactionAdvisor'
2024-05-17T15:11:55.622+02:00 TRACE 4684 --- [clothlogix] [           main] o.s.b.f.s.DefaultListableBeanFactory     : Returning cached instance of singleton bean 'materialeDAOImpl'
2024-05-17T15:11:55.622+02:00 DEBUG 4684 --- [clothlogix] [           main] o.s.b.f.s.DefaultListableBeanFactory     : Autowiring by type from bean name 'materialeService' via constructor to bean named 'materialeDAOImpl'
2024-05-17T15:11:55.628+02:00 TRACE 4684 --- [clothlogix] [           main] o.s.b.f.s.DefaultListableBeanFactory     : Returning cached instance of singleton bean 'org.springframework.transaction.config.internalTransactionAdvisor'
2024-05-17T15:11:55.628+02:00 TRACE 4684 --- [clothlogix] [           main] o.s.b.f.s.DefaultListableBeanFactory     : Returning cached instance of singleton bean 'org.springframework.transaction.config.internalTransactionAdvisor'
2024-05-17T15:11:55.629+02:00 TRACE 4684 --- [clothlogix] [           main] t.a.AnnotationTransactionAttributeSource : Adding transactional method 'com.fabless.clothlogix.Service.Impl.MaterialeService.create' with attribute: PROPAGATION_REQUIRED,ISOLATION_DEFAULT
2024-05-17T15:11:55.629+02:00 TRACE 4684 --- [clothlogix] [           main] a.AnnotationAwareAspectJAutoProxyCreator : Creating implicit proxy for bean 'materialeService' with 0 common interceptors and 1 specific interceptors
2024-05-17T15:11:55.629+02:00 TRACE 4684 --- [clothlogix] [           main] o.s.aop.framework.CglibAopProxy          : Creating CGLIB proxy: SingletonTargetSource for target object [com.fabless.clothlogix.Service.Impl.MaterialeService@6e54bef6]
2024-05-17T15:11:55.629+02:00 TRACE 4684 --- [clothlogix] [           main] o.s.aop.framework.CglibAopProxy          : Unable to apply any optimizations to advised method: public void com.fabless.clothlogix.Service.Impl.MaterialeService.create(com.fabless.clothlogix.model.entities.MaterialeEntity,java.util.Map) throws org.hibernate.exception.DataException
2024-05-17T15:11:55.629+02:00 TRACE 4684 --- [clothlogix] [           main] o.s.aop.framework.CglibAopProxy          : Unable to apply any optimizations to advised method: public java.lang.Iterable com.fabless.clothlogix.Service.Impl.MaterialeService.findAll(java.util.Map) throws org.hibernate.exception.DataException
2024-05-17T15:11:55.629+02:00 TRACE 4684 --- [clothlogix] [           main] t.a.AnnotationTransactionAttributeSource : Adding transactional method 'com.fabless.clothlogix.Service.Impl.MaterialeService.deleteByid' with attribute: PROPAGATION_REQUIRED,ISOLATION_DEFAULT
2024-05-17T15:11:55.632+02:00 TRACE 4684 --- [clothlogix] [           main] o.s.aop.framework.CglibAopProxy          : Unable to apply any optimizations to advised method: public void com.fabless.clothlogix.Service.Impl.MaterialeService.deleteByid(java.lang.Long,java.util.Map) throws org.hibernate.exception.DataException
2024-05-17T15:11:55.632+02:00 TRACE 4684 --- [clothlogix] [           main] t.a.AnnotationTransactionAttributeSource : Adding transactional method 'com.fabless.clothlogix.Service.Impl.MaterialeService.upload' with attribute: PROPAGATION_REQUIRED,ISOLATION_DEFAULT
2024-05-17T15:11:55.632+02:00 TRACE 4684 --- [clothlogix] [           main] o.s.aop.framework.CglibAopProxy          : Unable to apply any optimizations to advised method: public void com.fabless.clothlogix.Service.Impl.MaterialeService.upload(com.fabless.clothlogix.model.entities.MaterialeEntity,java.util.Map) throws org.hibernate.exception.DataException
2024-05-17T15:11:55.632+02:00 TRACE 4684 --- [clothlogix] [           main] o.s.aop.framework.CglibAopProxy          : Unable to apply any optimizations to advised method: public java.util.Optional com.fabless.clothlogix.Service.Impl.MaterialeService.findById(java.lang.Long,java.util.Map) throws org.hibernate.exception.DataException
2024-05-17T15:11:55.632+02:00 TRACE 4684 --- [clothlogix] [           main] o.s.aop.framework.CglibAopProxy          : Found 'equals' method: public boolean java.lang.Object.equals(java.lang.Object)
2024-05-17T15:11:55.632+02:00 TRACE 4684 --- [clothlogix] [           main] o.s.aop.framework.CglibAopProxy          : Unable to apply any optimizations to advised method: public java.lang.String java.lang.Object.toString()
2024-05-17T15:11:55.632+02:00 TRACE 4684 --- [clothlogix] [           main] o.s.aop.framework.CglibAopProxy          : Found 'hashCode' method: public native int java.lang.Object.hashCode()
2024-05-17T15:11:55.632+02:00 TRACE 4684 --- [clothlogix] [           main] o.s.aop.framework.CglibAopProxy          : Unable to apply any optimizations to advised method: protected native java.lang.Object java.lang.Object.clone() throws java.lang.CloneNotSupportedException
2024-05-17T15:11:55.632+02:00 TRACE 4684 --- [clothlogix] [           main] o.s.aop.framework.CglibAopProxy          : Method is declared on Advised interface: public abstract int org.springframework.aop.framework.Advised.indexOf(org.springframework.aop.Advisor)
2024-05-17T15:11:55.632+02:00 TRACE 4684 --- [clothlogix] [           main] o.s.aop.framework.CglibAopProxy          : Method is declared on Advised interface: public abstract int org.springframework.aop.framework.Advised.indexOf(org.aopalliance.aop.Advice)
2024-05-17T15:11:55.632+02:00 TRACE 4684 --- [clothlogix] [           main] o.s.aop.framework.CglibAopProxy          : Method is declared on Advised interface: public abstract boolean org.springframework.aop.framework.Advised.isFrozen()
2024-05-17T15:11:55.632+02:00 TRACE 4684 --- [clothlogix] [           main] o.s.aop.framework.CglibAopProxy          : Method is declared on Advised interface: public abstract java.lang.String org.springframework.aop.framework.Advised.toProxyConfigString()
2024-05-17T15:11:55.632+02:00 TRACE 4684 --- [clothlogix] [           main] o.s.aop.framework.CglibAopProxy          : Method is declared on Advised interface: public abstract java.lang.Class[] org.springframework.aop.framework.Advised.getProxiedInterfaces()
2024-05-17T15:11:55.632+02:00 TRACE 4684 --- [clothlogix] [           main] o.s.aop.framework.CglibAopProxy          : Method is declared on Advised interface: public default int org.springframework.aop.framework.Advised.getAdvisorCount()
2024-05-17T15:11:55.632+02:00 TRACE 4684 --- [clothlogix] [           main] o.s.aop.framework.CglibAopProxy          : Method is declared on Advised interface: public abstract org.springframework.aop.Advisor[] org.springframework.aop.framework.Advised.getAdvisors()
2024-05-17T15:11:55.632+02:00 TRACE 4684 --- [clothlogix] [           main] o.s.aop.framework.CglibAopProxy          : Method is declared on Advised interface: public abstract boolean org.springframework.aop.framework.Advised.isInterfaceProxied(java.lang.Class)
2024-05-17T15:11:55.632+02:00 TRACE 4684 --- [clothlogix] [           main] o.s.aop.framework.CglibAopProxy          : Method is declared on Advised interface: public abstract org.springframework.aop.TargetSource org.springframework.aop.framework.Advised.getTargetSource()
2024-05-17T15:11:55.632+02:00 TRACE 4684 --- [clothlogix] [           main] o.s.aop.framework.CglibAopProxy          : Method is declared on Advised interface: public abstract boolean org.springframework.aop.framework.Advised.isPreFiltered()
2024-05-17T15:11:55.632+02:00 TRACE 4684 --- [clothlogix] [           main] o.s.aop.framework.CglibAopProxy          : Method is declared on Advised interface: public abstract void org.springframework.aop.framework.Advised.setPreFiltered(boolean)
2024-05-17T15:11:55.632+02:00 TRACE 4684 --- [clothlogix] [           main] o.s.aop.framework.CglibAopProxy          : Method is declared on Advised interface: public abstract void org.springframework.aop.framework.Advised.addAdvisor(int,org.springframework.aop.Advisor) throws org.springframework.aop.framework.AopConfigException
2024-05-17T15:11:55.632+02:00 TRACE 4684 --- [clothlogix] [           main] o.s.aop.framework.CglibAopProxy          : Method is declared on Advised interface: public abstract void org.springframework.aop.framework.Advised.addAdvisor(org.springframework.aop.Advisor) throws org.springframework.aop.framework.AopConfigException
2024-05-17T15:11:55.632+02:00 TRACE 4684 --- [clothlogix] [           main] o.s.aop.framework.CglibAopProxy          : Method is declared on Advised interface: public abstract void org.springframework.aop.framework.Advised.removeAdvisor(int) throws org.springframework.aop.framework.AopConfigException
2024-05-17T15:11:55.632+02:00 TRACE 4684 --- [clothlogix] [           main] o.s.aop.framework.CglibAopProxy          : Method is declared on Advised interface: public abstract boolean org.springframework.aop.framework.Advised.removeAdvisor(org.springframework.aop.Advisor)
2024-05-17T15:11:55.632+02:00 TRACE 4684 --- [clothlogix] [           main] o.s.aop.framework.CglibAopProxy          : Method is declared on Advised interface: public abstract boolean org.springframework.aop.framework.Advised.replaceAdvisor(org.springframework.aop.Advisor,org.springframework.aop.Advisor) throws org.springframework.aop.framework.AopConfigException
2024-05-17T15:11:55.632+02:00 TRACE 4684 --- [clothlogix] [           main] o.s.aop.framework.CglibAopProxy          : Method is declared on Advised interface: public abstract boolean org.springframework.aop.framework.Advised.isProxyTargetClass()
2024-05-17T15:11:55.632+02:00 TRACE 4684 --- [clothlogix] [           main] o.s.aop.framework.CglibAopProxy          : Method is declared on Advised interface: public abstract void org.springframework.aop.framework.Advised.setTargetSource(org.springframework.aop.TargetSource)
2024-05-17T15:11:55.632+02:00 TRACE 4684 --- [clothlogix] [           main] o.s.aop.framework.CglibAopProxy          : Method is declared on Advised interface: public abstract void org.springframework.aop.framework.Advised.setExposeProxy(boolean)
2024-05-17T15:11:55.632+02:00 TRACE 4684 --- [clothlogix] [           main] o.s.aop.framework.CglibAopProxy          : Method is declared on Advised interface: public abstract boolean org.springframework.aop.framework.Advised.isExposeProxy()
2024-05-17T15:11:55.632+02:00 TRACE 4684 --- [clothlogix] [           main] o.s.aop.framework.CglibAopProxy          : Method is declared on Advised interface: public abstract void org.springframework.aop.framework.Advised.addAdvice(org.aopalliance.aop.Advice) throws org.springframework.aop.framework.AopConfigException
2024-05-17T15:11:55.632+02:00 TRACE 4684 --- [clothlogix] [           main] o.s.aop.framework.CglibAopProxy          : Method is declared on Advised interface: public abstract void org.springframework.aop.framework.Advised.addAdvice(int,org.aopalliance.aop.Advice) throws org.springframework.aop.framework.AopConfigException
2024-05-17T15:11:55.632+02:00 TRACE 4684 --- [clothlogix] [           main] o.s.aop.framework.CglibAopProxy          : Method is declared on Advised interface: public abstract boolean org.springframework.aop.framework.Advised.removeAdvice(org.aopalliance.aop.Advice)
2024-05-17T15:11:55.632+02:00 TRACE 4684 --- [clothlogix] [           main] o.s.aop.framework.CglibAopProxy          : Method is declared on Advised interface: public abstract java.lang.Class org.springframework.aop.TargetClassAware.getTargetClass()
2024-05-17T15:11:55.632+02:00 TRACE 4684 --- [clothlogix] [           main] o.s.b.f.s.DefaultListableBeanFactory     : Finished creating instance of bean 'materialeService'
2024-05-17T15:11:55.632+02:00 DEBUG 4684 --- [clothlogix] [           main] o.s.b.f.s.DefaultListableBeanFactory     : Creating shared instance of singleton bean 'prodottoService'
2024-05-17T15:11:55.632+02:00 TRACE 4684 --- [clothlogix] [           main] o.s.b.f.s.DefaultListableBeanFactory     : Creating instance of bean 'prodottoService'
2024-05-17T15:11:55.632+02:00 TRACE 4684 --- [clothlogix] [           main] o.s.b.f.s.DefaultListableBeanFactory     : Returning cached instance of singleton bean 'org.springframework.transaction.config.internalTransactionAdvisor'
2024-05-17T15:11:55.632+02:00 TRACE 4684 --- [clothlogix] [           main] o.s.b.f.s.DefaultListableBeanFactory     : Returning cached instance of singleton bean 'prodottoDAOImpl'
2024-05-17T15:11:55.632+02:00 DEBUG 4684 --- [clothlogix] [           main] o.s.b.f.s.DefaultListableBeanFactory     : Autowiring by type from bean name 'prodottoService' via constructor to bean named 'prodottoDAOImpl'
2024-05-17T15:11:55.632+02:00 TRACE 4684 --- [clothlogix] [           main] o.s.b.f.s.DefaultListableBeanFactory     : Returning cached instance of singleton bean 'org.springframework.transaction.config.internalTransactionAdvisor'
2024-05-17T15:11:55.632+02:00 TRACE 4684 --- [clothlogix] [           main] o.s.b.f.s.DefaultListableBeanFactory     : Returning cached instance of singleton bean 'org.springframework.transaction.config.internalTransactionAdvisor'
2024-05-17T15:11:55.632+02:00 TRACE 4684 --- [clothlogix] [           main] t.a.AnnotationTransactionAttributeSource : Adding transactional method 'com.fabless.clothlogix.Service.Impl.ProdottoService.create' with attribute: PROPAGATION_REQUIRED,ISOLATION_DEFAULT
2024-05-17T15:11:55.632+02:00 TRACE 4684 --- [clothlogix] [           main] a.AnnotationAwareAspectJAutoProxyCreator : Creating implicit proxy for bean 'prodottoService' with 0 common interceptors and 1 specific interceptors
2024-05-17T15:11:55.632+02:00 TRACE 4684 --- [clothlogix] [           main] o.s.aop.framework.CglibAopProxy          : Creating CGLIB proxy: SingletonTargetSource for target object [com.fabless.clothlogix.Service.Impl.ProdottoService@526f8cb0]
2024-05-17T15:11:55.632+02:00 TRACE 4684 --- [clothlogix] [           main] o.s.aop.framework.CglibAopProxy          : Unable to apply any optimizations to advised method: public void com.fabless.clothlogix.Service.Impl.ProdottoService.create(com.fabless.clothlogix.model.entities.ProdottoEntity,java.util.Map) throws org.hibernate.exception.DataException
2024-05-17T15:11:55.632+02:00 TRACE 4684 --- [clothlogix] [           main] o.s.aop.framework.CglibAopProxy          : Unable to apply any optimizations to advised method: public java.lang.Iterable com.fabless.clothlogix.Service.Impl.ProdottoService.findAll(java.util.Map) throws org.hibernate.exception.DataException
2024-05-17T15:11:55.632+02:00 TRACE 4684 --- [clothlogix] [           main] t.a.AnnotationTransactionAttributeSource : Adding transactional method 'com.fabless.clothlogix.Service.Impl.ProdottoService.deleteByid' with attribute: PROPAGATION_REQUIRED,ISOLATION_DEFAULT
2024-05-17T15:11:55.632+02:00 TRACE 4684 --- [clothlogix] [           main] o.s.aop.framework.CglibAopProxy          : Unable to apply any optimizations to advised method: public void com.fabless.clothlogix.Service.Impl.ProdottoService.deleteByid(java.lang.Long,java.util.Map) throws org.hibernate.exception.DataException
2024-05-17T15:11:55.632+02:00 TRACE 4684 --- [clothlogix] [           main] t.a.AnnotationTransactionAttributeSource : Adding transactional method 'com.fabless.clothlogix.Service.Impl.ProdottoService.upload' with attribute: PROPAGATION_REQUIRED,ISOLATION_DEFAULT
2024-05-17T15:11:55.632+02:00 TRACE 4684 --- [clothlogix] [           main] o.s.aop.framework.CglibAopProxy          : Unable to apply any optimizations to advised method: public void com.fabless.clothlogix.Service.Impl.ProdottoService.upload(com.fabless.clothlogix.model.entities.ProdottoEntity,java.util.Map) throws org.hibernate.exception.DataException
2024-05-17T15:11:55.632+02:00 TRACE 4684 --- [clothlogix] [           main] o.s.aop.framework.CglibAopProxy          : Unable to apply any optimizations to advised method: public java.util.Optional com.fabless.clothlogix.Service.Impl.ProdottoService.findById(java.lang.Long,java.util.Map) throws org.hibernate.exception.DataException
2024-05-17T15:11:55.632+02:00 TRACE 4684 --- [clothlogix] [           main] o.s.aop.framework.CglibAopProxy          : Found 'equals' method: public boolean java.lang.Object.equals(java.lang.Object)
2024-05-17T15:11:55.632+02:00 TRACE 4684 --- [clothlogix] [           main] o.s.aop.framework.CglibAopProxy          : Unable to apply any optimizations to advised method: public java.lang.String java.lang.Object.toString()
2024-05-17T15:11:55.632+02:00 TRACE 4684 --- [clothlogix] [           main] o.s.aop.framework.CglibAopProxy          : Found 'hashCode' method: public native int java.lang.Object.hashCode()
2024-05-17T15:11:55.632+02:00 TRACE 4684 --- [clothlogix] [           main] o.s.aop.framework.CglibAopProxy          : Unable to apply any optimizations to advised method: protected native java.lang.Object java.lang.Object.clone() throws java.lang.CloneNotSupportedException
2024-05-17T15:11:55.632+02:00 TRACE 4684 --- [clothlogix] [           main] o.s.aop.framework.CglibAopProxy          : Method is declared on Advised interface: public abstract int org.springframework.aop.framework.Advised.indexOf(org.springframework.aop.Advisor)
2024-05-17T15:11:55.632+02:00 TRACE 4684 --- [clothlogix] [           main] o.s.aop.framework.CglibAopProxy          : Method is declared on Advised interface: public abstract int org.springframework.aop.framework.Advised.indexOf(org.aopalliance.aop.Advice)
2024-05-17T15:11:55.632+02:00 TRACE 4684 --- [clothlogix] [           main] o.s.aop.framework.CglibAopProxy          : Method is declared on Advised interface: public abstract boolean org.springframework.aop.framework.Advised.isFrozen()
2024-05-17T15:11:55.632+02:00 TRACE 4684 --- [clothlogix] [           main] o.s.aop.framework.CglibAopProxy          : Method is declared on Advised interface: public abstract java.lang.String org.springframework.aop.framework.Advised.toProxyConfigString()
2024-05-17T15:11:55.632+02:00 TRACE 4684 --- [clothlogix] [           main] o.s.aop.framework.CglibAopProxy          : Method is declared on Advised interface: public abstract java.lang.Class[] org.springframework.aop.framework.Advised.getProxiedInterfaces()
2024-05-17T15:11:55.632+02:00 TRACE 4684 --- [clothlogix] [           main] o.s.aop.framework.CglibAopProxy          : Method is declared on Advised interface: public default int org.springframework.aop.framework.Advised.getAdvisorCount()
2024-05-17T15:11:55.632+02:00 TRACE 4684 --- [clothlogix] [           main] o.s.aop.framework.CglibAopProxy          : Method is declared on Advised interface: public abstract org.springframework.aop.Advisor[] org.springframework.aop.framework.Advised.getAdvisors()
2024-05-17T15:11:55.642+02:00 TRACE 4684 --- [clothlogix] [           main] o.s.aop.framework.CglibAopProxy          : Method is declared on Advised interface: public abstract boolean org.springframework.aop.framework.Advised.isInterfaceProxied(java.lang.Class)
2024-05-17T15:11:55.642+02:00 TRACE 4684 --- [clothlogix] [           main] o.s.aop.framework.CglibAopProxy          : Method is declared on Advised interface: public abstract org.springframework.aop.TargetSource org.springframework.aop.framework.Advised.getTargetSource()
2024-05-17T15:11:55.642+02:00 TRACE 4684 --- [clothlogix] [           main] o.s.aop.framework.CglibAopProxy          : Method is declared on Advised interface: public abstract boolean org.springframework.aop.framework.Advised.isPreFiltered()
2024-05-17T15:11:55.642+02:00 TRACE 4684 --- [clothlogix] [           main] o.s.aop.framework.CglibAopProxy          : Method is declared on Advised interface: public abstract void org.springframework.aop.framework.Advised.setPreFiltered(boolean)
2024-05-17T15:11:55.642+02:00 TRACE 4684 --- [clothlogix] [           main] o.s.aop.framework.CglibAopProxy          : Method is declared on Advised interface: public abstract void org.springframework.aop.framework.Advised.addAdvisor(int,org.springframework.aop.Advisor) throws org.springframework.aop.framework.AopConfigException
2024-05-17T15:11:55.642+02:00 TRACE 4684 --- [clothlogix] [           main] o.s.aop.framework.CglibAopProxy          : Method is declared on Advised interface: public abstract void org.springframework.aop.framework.Advised.addAdvisor(org.springframework.aop.Advisor) throws org.springframework.aop.framework.AopConfigException
2024-05-17T15:11:55.642+02:00 TRACE 4684 --- [clothlogix] [           main] o.s.aop.framework.CglibAopProxy          : Method is declared on Advised interface: public abstract void org.springframework.aop.framework.Advised.removeAdvisor(int) throws org.springframework.aop.framework.AopConfigException
2024-05-17T15:11:55.642+02:00 TRACE 4684 --- [clothlogix] [           main] o.s.aop.framework.CglibAopProxy          : Method is declared on Advised interface: public abstract boolean org.springframework.aop.framework.Advised.removeAdvisor(org.springframework.aop.Advisor)
2024-05-17T15:11:55.642+02:00 TRACE 4684 --- [clothlogix] [           main] o.s.aop.framework.CglibAopProxy          : Method is declared on Advised interface: public abstract boolean org.springframework.aop.framework.Advised.replaceAdvisor(org.springframework.aop.Advisor,org.springframework.aop.Advisor) throws org.springframework.aop.framework.AopConfigException
2024-05-17T15:11:55.642+02:00 TRACE 4684 --- [clothlogix] [           main] o.s.aop.framework.CglibAopProxy          : Method is declared on Advised interface: public abstract boolean org.springframework.aop.framework.Advised.isProxyTargetClass()
2024-05-17T15:11:55.642+02:00 TRACE 4684 --- [clothlogix] [           main] o.s.aop.framework.CglibAopProxy          : Method is declared on Advised interface: public abstract void org.springframework.aop.framework.Advised.setTargetSource(org.springframework.aop.TargetSource)
2024-05-17T15:11:55.642+02:00 TRACE 4684 --- [clothlogix] [           main] o.s.aop.framework.CglibAopProxy          : Method is declared on Advised interface: public abstract void org.springframework.aop.framework.Advised.setExposeProxy(boolean)
2024-05-17T15:11:55.642+02:00 TRACE 4684 --- [clothlogix] [           main] o.s.aop.framework.CglibAopProxy          : Method is declared on Advised interface: public abstract boolean org.springframework.aop.framework.Advised.isExposeProxy()
2024-05-17T15:11:55.642+02:00 TRACE 4684 --- [clothlogix] [           main] o.s.aop.framework.CglibAopProxy          : Method is declared on Advised interface: public abstract void org.springframework.aop.framework.Advised.addAdvice(org.aopalliance.aop.Advice) throws org.springframework.aop.framework.AopConfigException
2024-05-17T15:11:55.642+02:00 TRACE 4684 --- [clothlogix] [           main] o.s.aop.framework.CglibAopProxy          : Method is declared on Advised interface: public abstract void org.springframework.aop.framework.Advised.addAdvice(int,org.aopalliance.aop.Advice) throws org.springframework.aop.framework.AopConfigException
2024-05-17T15:11:55.642+02:00 TRACE 4684 --- [clothlogix] [           main] o.s.aop.framework.CglibAopProxy          : Method is declared on Advised interface: public abstract boolean org.springframework.aop.framework.Advised.removeAdvice(org.aopalliance.aop.Advice)
2024-05-17T15:11:55.642+02:00 TRACE 4684 --- [clothlogix] [           main] o.s.aop.framework.CglibAopProxy          : Method is declared on Advised interface: public abstract java.lang.Class org.springframework.aop.TargetClassAware.getTargetClass()
2024-05-17T15:11:55.644+02:00 TRACE 4684 --- [clothlogix] [           main] o.s.b.f.s.DefaultListableBeanFactory     : Finished creating instance of bean 'prodottoService'
2024-05-17T15:11:55.644+02:00 DEBUG 4684 --- [clothlogix] [           main] o.s.b.f.s.DefaultListableBeanFactory     : Creating shared instance of singleton bean 'profiloService'
2024-05-17T15:11:55.644+02:00 TRACE 4684 --- [clothlogix] [           main] o.s.b.f.s.DefaultListableBeanFactory     : Creating instance of bean 'profiloService'
2024-05-17T15:11:55.644+02:00 TRACE 4684 --- [clothlogix] [           main] o.s.b.f.s.DefaultListableBeanFactory     : Returning cached instance of singleton bean 'org.springframework.transaction.config.internalTransactionAdvisor'
2024-05-17T15:11:55.644+02:00 TRACE 4684 --- [clothlogix] [           main] o.s.b.f.s.DefaultListableBeanFactory     : Returning cached instance of singleton bean 'profiloDAOImpl'
2024-05-17T15:11:55.644+02:00 DEBUG 4684 --- [clothlogix] [           main] o.s.b.f.s.DefaultListableBeanFactory     : Autowiring by type from bean name 'profiloService' via constructor to bean named 'profiloDAOImpl'
2024-05-17T15:11:55.644+02:00 TRACE 4684 --- [clothlogix] [           main] o.s.b.f.s.DefaultListableBeanFactory     : Returning cached instance of singleton bean 'org.springframework.transaction.config.internalTransactionAdvisor'
2024-05-17T15:11:55.644+02:00 TRACE 4684 --- [clothlogix] [           main] o.s.b.f.s.DefaultListableBeanFactory     : Returning cached instance of singleton bean 'org.springframework.transaction.config.internalTransactionAdvisor'
2024-05-17T15:11:55.644+02:00 TRACE 4684 --- [clothlogix] [           main] t.a.AnnotationTransactionAttributeSource : Adding transactional method 'com.fabless.clothlogix.Service.Impl.ProfiloService.create' with attribute: PROPAGATION_REQUIRED,ISOLATION_DEFAULT
2024-05-17T15:11:55.644+02:00 TRACE 4684 --- [clothlogix] [           main] a.AnnotationAwareAspectJAutoProxyCreator : Creating implicit proxy for bean 'profiloService' with 0 common interceptors and 1 specific interceptors
2024-05-17T15:11:55.644+02:00 TRACE 4684 --- [clothlogix] [           main] o.s.aop.framework.CglibAopProxy          : Creating CGLIB proxy: SingletonTargetSource for target object [com.fabless.clothlogix.Service.Impl.ProfiloService@6a24c41d]
2024-05-17T15:11:55.652+02:00 TRACE 4684 --- [clothlogix] [           main] o.s.aop.framework.CglibAopProxy          : Unable to apply any optimizations to advised method: public void com.fabless.clothlogix.Service.Impl.ProfiloService.create(com.fabless.clothlogix.model.entities.ProfiloEntity,java.util.Map) throws org.hibernate.exception.DataException
2024-05-17T15:11:55.652+02:00 TRACE 4684 --- [clothlogix] [           main] o.s.aop.framework.CglibAopProxy          : Unable to apply any optimizations to advised method: public java.lang.Iterable com.fabless.clothlogix.Service.Impl.ProfiloService.findAll(java.util.Map) throws org.hibernate.exception.DataException
2024-05-17T15:11:55.652+02:00 TRACE 4684 --- [clothlogix] [           main] t.a.AnnotationTransactionAttributeSource : Adding transactional method 'com.fabless.clothlogix.Service.Impl.ProfiloService.deleteByid' with attribute: PROPAGATION_REQUIRED,ISOLATION_DEFAULT
2024-05-17T15:11:55.652+02:00 TRACE 4684 --- [clothlogix] [           main] o.s.aop.framework.CglibAopProxy          : Unable to apply any optimizations to advised method: public void com.fabless.clothlogix.Service.Impl.ProfiloService.deleteByid(java.lang.Long,java.util.Map) throws org.hibernate.exception.DataException
2024-05-17T15:11:55.652+02:00 TRACE 4684 --- [clothlogix] [           main] t.a.AnnotationTransactionAttributeSource : Adding transactional method 'com.fabless.clothlogix.Service.Impl.ProfiloService.upload' with attribute: PROPAGATION_REQUIRED,ISOLATION_DEFAULT
2024-05-17T15:11:55.652+02:00 TRACE 4684 --- [clothlogix] [           main] o.s.aop.framework.CglibAopProxy          : Unable to apply any optimizations to advised method: public void com.fabless.clothlogix.Service.Impl.ProfiloService.upload(com.fabless.clothlogix.model.entities.ProfiloEntity,java.util.Map) throws org.hibernate.exception.DataException
2024-05-17T15:11:55.652+02:00 TRACE 4684 --- [clothlogix] [           main] o.s.aop.framework.CglibAopProxy          : Unable to apply any optimizations to advised method: public java.util.Optional com.fabless.clothlogix.Service.Impl.ProfiloService.findById(java.lang.Long,java.util.Map) throws org.hibernate.exception.DataException
2024-05-17T15:11:55.652+02:00 TRACE 4684 --- [clothlogix] [           main] o.s.aop.framework.CglibAopProxy          : Found 'equals' method: public boolean java.lang.Object.equals(java.lang.Object)
2024-05-17T15:11:55.652+02:00 TRACE 4684 --- [clothlogix] [           main] o.s.aop.framework.CglibAopProxy          : Unable to apply any optimizations to advised method: public java.lang.String java.lang.Object.toString()
2024-05-17T15:11:55.652+02:00 TRACE 4684 --- [clothlogix] [           main] o.s.aop.framework.CglibAopProxy          : Found 'hashCode' method: public native int java.lang.Object.hashCode()
2024-05-17T15:11:55.652+02:00 TRACE 4684 --- [clothlogix] [           main] o.s.aop.framework.CglibAopProxy          : Unable to apply any optimizations to advised method: protected native java.lang.Object java.lang.Object.clone() throws java.lang.CloneNotSupportedException
2024-05-17T15:11:55.652+02:00 TRACE 4684 --- [clothlogix] [           main] o.s.aop.framework.CglibAopProxy          : Method is declared on Advised interface: public abstract int org.springframework.aop.framework.Advised.indexOf(org.springframework.aop.Advisor)
2024-05-17T15:11:55.652+02:00 TRACE 4684 --- [clothlogix] [           main] o.s.aop.framework.CglibAopProxy          : Method is declared on Advised interface: public abstract int org.springframework.aop.framework.Advised.indexOf(org.aopalliance.aop.Advice)
2024-05-17T15:11:55.652+02:00 TRACE 4684 --- [clothlogix] [           main] o.s.aop.framework.CglibAopProxy          : Method is declared on Advised interface: public abstract boolean org.springframework.aop.framework.Advised.isFrozen()
2024-05-17T15:11:55.652+02:00 TRACE 4684 --- [clothlogix] [           main] o.s.aop.framework.CglibAopProxy          : Method is declared on Advised interface: public abstract java.lang.String org.springframework.aop.framework.Advised.toProxyConfigString()
2024-05-17T15:11:55.652+02:00 TRACE 4684 --- [clothlogix] [           main] o.s.aop.framework.CglibAopProxy          : Method is declared on Advised interface: public abstract java.lang.Class[] org.springframework.aop.framework.Advised.getProxiedInterfaces()
2024-05-17T15:11:55.652+02:00 TRACE 4684 --- [clothlogix] [           main] o.s.aop.framework.CglibAopProxy          : Method is declared on Advised interface: public default int org.springframework.aop.framework.Advised.getAdvisorCount()
2024-05-17T15:11:55.652+02:00 TRACE 4684 --- [clothlogix] [           main] o.s.aop.framework.CglibAopProxy          : Method is declared on Advised interface: public abstract org.springframework.aop.Advisor[] org.springframework.aop.framework.Advised.getAdvisors()
2024-05-17T15:11:55.652+02:00 TRACE 4684 --- [clothlogix] [           main] o.s.aop.framework.CglibAopProxy          : Method is declared on Advised interface: public abstract boolean org.springframework.aop.framework.Advised.isInterfaceProxied(java.lang.Class)
2024-05-17T15:11:55.652+02:00 TRACE 4684 --- [clothlogix] [           main] o.s.aop.framework.CglibAopProxy          : Method is declared on Advised interface: public abstract org.springframework.aop.TargetSource org.springframework.aop.framework.Advised.getTargetSource()
2024-05-17T15:11:55.652+02:00 TRACE 4684 --- [clothlogix] [           main] o.s.aop.framework.CglibAopProxy          : Method is declared on Advised interface: public abstract boolean org.springframework.aop.framework.Advised.isPreFiltered()
2024-05-17T15:11:55.652+02:00 TRACE 4684 --- [clothlogix] [           main] o.s.aop.framework.CglibAopProxy          : Method is declared on Advised interface: public abstract void org.springframework.aop.framework.Advised.setPreFiltered(boolean)
2024-05-17T15:11:55.652+02:00 TRACE 4684 --- [clothlogix] [           main] o.s.aop.framework.CglibAopProxy          : Method is declared on Advised interface: public abstract void org.springframework.aop.framework.Advised.addAdvisor(int,org.springframework.aop.Advisor) throws org.springframework.aop.framework.AopConfigException
2024-05-17T15:11:55.652+02:00 TRACE 4684 --- [clothlogix] [           main] o.s.aop.framework.CglibAopProxy          : Method is declared on Advised interface: public abstract void org.springframework.aop.framework.Advised.addAdvisor(org.springframework.aop.Advisor) throws org.springframework.aop.framework.AopConfigException
2024-05-17T15:11:55.652+02:00 TRACE 4684 --- [clothlogix] [           main] o.s.aop.framework.CglibAopProxy          : Method is declared on Advised interface: public abstract void org.springframework.aop.framework.Advised.removeAdvisor(int) throws org.springframework.aop.framework.AopConfigException
2024-05-17T15:11:55.652+02:00 TRACE 4684 --- [clothlogix] [           main] o.s.aop.framework.CglibAopProxy          : Method is declared on Advised interface: public abstract boolean org.springframework.aop.framework.Advised.removeAdvisor(org.springframework.aop.Advisor)
2024-05-17T15:11:55.652+02:00 TRACE 4684 --- [clothlogix] [           main] o.s.aop.framework.CglibAopProxy          : Method is declared on Advised interface: public abstract boolean org.springframework.aop.framework.Advised.replaceAdvisor(org.springframework.aop.Advisor,org.springframework.aop.Advisor) throws org.springframework.aop.framework.AopConfigException
2024-05-17T15:11:55.652+02:00 TRACE 4684 --- [clothlogix] [           main] o.s.aop.framework.CglibAopProxy          : Method is declared on Advised interface: public abstract boolean org.springframework.aop.framework.Advised.isProxyTargetClass()
2024-05-17T15:11:55.652+02:00 TRACE 4684 --- [clothlogix] [           main] o.s.aop.framework.CglibAopProxy          : Method is declared on Advised interface: public abstract void org.springframework.aop.framework.Advised.setTargetSource(org.springframework.aop.TargetSource)
2024-05-17T15:11:55.652+02:00 TRACE 4684 --- [clothlogix] [           main] o.s.aop.framework.CglibAopProxy          : Method is declared on Advised interface: public abstract void org.springframework.aop.framework.Advised.setExposeProxy(boolean)
2024-05-17T15:11:55.652+02:00 TRACE 4684 --- [clothlogix] [           main] o.s.aop.framework.CglibAopProxy          : Method is declared on Advised interface: public abstract boolean org.springframework.aop.framework.Advised.isExposeProxy()
2024-05-17T15:11:55.652+02:00 TRACE 4684 --- [clothlogix] [           main] o.s.aop.framework.CglibAopProxy          : Method is declared on Advised interface: public abstract void org.springframework.aop.framework.Advised.addAdvice(org.aopalliance.aop.Advice) throws org.springframework.aop.framework.AopConfigException
2024-05-17T15:11:55.652+02:00 TRACE 4684 --- [clothlogix] [           main] o.s.aop.framework.CglibAopProxy          : Method is declared on Advised interface: public abstract void org.springframework.aop.framework.Advised.addAdvice(int,org.aopalliance.aop.Advice) throws org.springframework.aop.framework.AopConfigException
2024-05-17T15:11:55.652+02:00 TRACE 4684 --- [clothlogix] [           main] o.s.aop.framework.CglibAopProxy          : Method is declared on Advised interface: public abstract boolean org.springframework.aop.framework.Advised.removeAdvice(org.aopalliance.aop.Advice)
2024-05-17T15:11:55.652+02:00 TRACE 4684 --- [clothlogix] [           main] o.s.aop.framework.CglibAopProxy          : Method is declared on Advised interface: public abstract java.lang.Class org.springframework.aop.TargetClassAware.getTargetClass()
2024-05-17T15:11:55.652+02:00 TRACE 4684 --- [clothlogix] [           main] o.s.b.f.s.DefaultListableBeanFactory     : Finished creating instance of bean 'profiloService'
2024-05-17T15:11:55.652+02:00 DEBUG 4684 --- [clothlogix] [           main] o.s.b.f.s.DefaultListableBeanFactory     : Creating shared instance of singleton bean 'sezioneService'
2024-05-17T15:11:55.652+02:00 TRACE 4684 --- [clothlogix] [           main] o.s.b.f.s.DefaultListableBeanFactory     : Creating instance of bean 'sezioneService'
2024-05-17T15:11:55.652+02:00 TRACE 4684 --- [clothlogix] [           main] o.s.b.f.s.DefaultListableBeanFactory     : Returning cached instance of singleton bean 'org.springframework.transaction.config.internalTransactionAdvisor'
2024-05-17T15:11:55.660+02:00 TRACE 4684 --- [clothlogix] [           main] o.s.b.f.s.DefaultListableBeanFactory     : Returning cached instance of singleton bean 'sezioneDAOImpl'
2024-05-17T15:11:55.660+02:00 DEBUG 4684 --- [clothlogix] [           main] o.s.b.f.s.DefaultListableBeanFactory     : Autowiring by type from bean name 'sezioneService' via constructor to bean named 'sezioneDAOImpl'
2024-05-17T15:11:55.662+02:00 TRACE 4684 --- [clothlogix] [           main] o.s.b.f.s.DefaultListableBeanFactory     : Returning cached instance of singleton bean 'org.springframework.transaction.config.internalTransactionAdvisor'
2024-05-17T15:11:55.662+02:00 TRACE 4684 --- [clothlogix] [           main] o.s.b.f.s.DefaultListableBeanFactory     : Returning cached instance of singleton bean 'org.springframework.transaction.config.internalTransactionAdvisor'
2024-05-17T15:11:55.662+02:00 TRACE 4684 --- [clothlogix] [           main] t.a.AnnotationTransactionAttributeSource : Adding transactional method 'com.fabless.clothlogix.Service.Impl.SezioneService.create' with attribute: PROPAGATION_REQUIRED,ISOLATION_DEFAULT
2024-05-17T15:11:55.662+02:00 TRACE 4684 --- [clothlogix] [           main] a.AnnotationAwareAspectJAutoProxyCreator : Creating implicit proxy for bean 'sezioneService' with 0 common interceptors and 1 specific interceptors
2024-05-17T15:11:55.662+02:00 TRACE 4684 --- [clothlogix] [           main] o.s.aop.framework.CglibAopProxy          : Creating CGLIB proxy: SingletonTargetSource for target object [com.fabless.clothlogix.Service.Impl.SezioneService@6b6e2c83]
2024-05-17T15:11:55.662+02:00 TRACE 4684 --- [clothlogix] [           main] o.s.aop.framework.CglibAopProxy          : Unable to apply any optimizations to advised method: public void com.fabless.clothlogix.Service.Impl.SezioneService.create(com.fabless.clothlogix.model.entities.SezioneEntity,java.util.Map) throws org.hibernate.exception.DataException
2024-05-17T15:11:55.662+02:00 TRACE 4684 --- [clothlogix] [           main] o.s.aop.framework.CglibAopProxy          : Unable to apply any optimizations to advised method: public java.lang.Iterable com.fabless.clothlogix.Service.Impl.SezioneService.findAll(java.util.Map) throws org.hibernate.exception.DataException
2024-05-17T15:11:55.662+02:00 TRACE 4684 --- [clothlogix] [           main] t.a.AnnotationTransactionAttributeSource : Adding transactional method 'com.fabless.clothlogix.Service.Impl.SezioneService.deleteByid' with attribute: PROPAGATION_REQUIRED,ISOLATION_DEFAULT
2024-05-17T15:11:55.662+02:00 TRACE 4684 --- [clothlogix] [           main] o.s.aop.framework.CglibAopProxy          : Unable to apply any optimizations to advised method: public void com.fabless.clothlogix.Service.Impl.SezioneService.deleteByid(java.lang.Long,java.util.Map) throws org.hibernate.exception.DataException
2024-05-17T15:11:55.662+02:00 TRACE 4684 --- [clothlogix] [           main] t.a.AnnotationTransactionAttributeSource : Adding transactional method 'com.fabless.clothlogix.Service.Impl.SezioneService.upload' with attribute: PROPAGATION_REQUIRED,ISOLATION_DEFAULT
2024-05-17T15:11:55.662+02:00 TRACE 4684 --- [clothlogix] [           main] o.s.aop.framework.CglibAopProxy          : Unable to apply any optimizations to advised method: public void com.fabless.clothlogix.Service.Impl.SezioneService.upload(com.fabless.clothlogix.model.entities.SezioneEntity,java.util.Map) throws org.hibernate.exception.DataException
2024-05-17T15:11:55.662+02:00 TRACE 4684 --- [clothlogix] [           main] o.s.aop.framework.CglibAopProxy          : Unable to apply any optimizations to advised method: public java.util.Optional com.fabless.clothlogix.Service.Impl.SezioneService.findById(java.lang.Long,java.util.Map) throws org.hibernate.exception.DataException
2024-05-17T15:11:55.662+02:00 TRACE 4684 --- [clothlogix] [           main] o.s.aop.framework.CglibAopProxy          : Found 'equals' method: public boolean java.lang.Object.equals(java.lang.Object)
2024-05-17T15:11:55.662+02:00 TRACE 4684 --- [clothlogix] [           main] o.s.aop.framework.CglibAopProxy          : Unable to apply any optimizations to advised method: public java.lang.String java.lang.Object.toString()
2024-05-17T15:11:55.662+02:00 TRACE 4684 --- [clothlogix] [           main] o.s.aop.framework.CglibAopProxy          : Found 'hashCode' method: public native int java.lang.Object.hashCode()
2024-05-17T15:11:55.662+02:00 TRACE 4684 --- [clothlogix] [           main] o.s.aop.framework.CglibAopProxy          : Unable to apply any optimizations to advised method: protected native java.lang.Object java.lang.Object.clone() throws java.lang.CloneNotSupportedException
2024-05-17T15:11:55.662+02:00 TRACE 4684 --- [clothlogix] [           main] o.s.aop.framework.CglibAopProxy          : Method is declared on Advised interface: public abstract int org.springframework.aop.framework.Advised.indexOf(org.springframework.aop.Advisor)
2024-05-17T15:11:55.662+02:00 TRACE 4684 --- [clothlogix] [           main] o.s.aop.framework.CglibAopProxy          : Method is declared on Advised interface: public abstract int org.springframework.aop.framework.Advised.indexOf(org.aopalliance.aop.Advice)
2024-05-17T15:11:55.662+02:00 TRACE 4684 --- [clothlogix] [           main] o.s.aop.framework.CglibAopProxy          : Method is declared on Advised interface: public abstract boolean org.springframework.aop.framework.Advised.isFrozen()
2024-05-17T15:11:55.662+02:00 TRACE 4684 --- [clothlogix] [           main] o.s.aop.framework.CglibAopProxy          : Method is declared on Advised interface: public abstract java.lang.String org.springframework.aop.framework.Advised.toProxyConfigString()
2024-05-17T15:11:55.662+02:00 TRACE 4684 --- [clothlogix] [           main] o.s.aop.framework.CglibAopProxy          : Method is declared on Advised interface: public abstract java.lang.Class[] org.springframework.aop.framework.Advised.getProxiedInterfaces()
2024-05-17T15:11:55.662+02:00 TRACE 4684 --- [clothlogix] [           main] o.s.aop.framework.CglibAopProxy          : Method is declared on Advised interface: public default int org.springframework.aop.framework.Advised.getAdvisorCount()
2024-05-17T15:11:55.662+02:00 TRACE 4684 --- [clothlogix] [           main] o.s.aop.framework.CglibAopProxy          : Method is declared on Advised interface: public abstract org.springframework.aop.Advisor[] org.springframework.aop.framework.Advised.getAdvisors()
2024-05-17T15:11:55.662+02:00 TRACE 4684 --- [clothlogix] [           main] o.s.aop.framework.CglibAopProxy          : Method is declared on Advised interface: public abstract boolean org.springframework.aop.framework.Advised.isInterfaceProxied(java.lang.Class)
2024-05-17T15:11:55.662+02:00 TRACE 4684 --- [clothlogix] [           main] o.s.aop.framework.CglibAopProxy          : Method is declared on Advised interface: public abstract org.springframework.aop.TargetSource org.springframework.aop.framework.Advised.getTargetSource()
2024-05-17T15:11:55.662+02:00 TRACE 4684 --- [clothlogix] [           main] o.s.aop.framework.CglibAopProxy          : Method is declared on Advised interface: public abstract boolean org.springframework.aop.framework.Advised.isPreFiltered()
2024-05-17T15:11:55.662+02:00 TRACE 4684 --- [clothlogix] [           main] o.s.aop.framework.CglibAopProxy          : Method is declared on Advised interface: public abstract void org.springframework.aop.framework.Advised.setPreFiltered(boolean)
2024-05-17T15:11:55.662+02:00 TRACE 4684 --- [clothlogix] [           main] o.s.aop.framework.CglibAopProxy          : Method is declared on Advised interface: public abstract void org.springframework.aop.framework.Advised.addAdvisor(int,org.springframework.aop.Advisor) throws org.springframework.aop.framework.AopConfigException
2024-05-17T15:11:55.662+02:00 TRACE 4684 --- [clothlogix] [           main] o.s.aop.framework.CglibAopProxy          : Method is declared on Advised interface: public abstract void org.springframework.aop.framework.Advised.addAdvisor(org.springframework.aop.Advisor) throws org.springframework.aop.framework.AopConfigException
2024-05-17T15:11:55.662+02:00 TRACE 4684 --- [clothlogix] [           main] o.s.aop.framework.CglibAopProxy          : Method is declared on Advised interface: public abstract void org.springframework.aop.framework.Advised.removeAdvisor(int) throws org.springframework.aop.framework.AopConfigException
2024-05-17T15:11:55.662+02:00 TRACE 4684 --- [clothlogix] [           main] o.s.aop.framework.CglibAopProxy          : Method is declared on Advised interface: public abstract boolean org.springframework.aop.framework.Advised.removeAdvisor(org.springframework.aop.Advisor)
2024-05-17T15:11:55.662+02:00 TRACE 4684 --- [clothlogix] [           main] o.s.aop.framework.CglibAopProxy          : Method is declared on Advised interface: public abstract boolean org.springframework.aop.framework.Advised.replaceAdvisor(org.springframework.aop.Advisor,org.springframework.aop.Advisor) throws org.springframework.aop.framework.AopConfigException
2024-05-17T15:11:55.662+02:00 TRACE 4684 --- [clothlogix] [           main] o.s.aop.framework.CglibAopProxy          : Method is declared on Advised interface: public abstract boolean org.springframework.aop.framework.Advised.isProxyTargetClass()
2024-05-17T15:11:55.662+02:00 TRACE 4684 --- [clothlogix] [           main] o.s.aop.framework.CglibAopProxy          : Method is declared on Advised interface: public abstract void org.springframework.aop.framework.Advised.setTargetSource(org.springframework.aop.TargetSource)
2024-05-17T15:11:55.662+02:00 TRACE 4684 --- [clothlogix] [           main] o.s.aop.framework.CglibAopProxy          : Method is declared on Advised interface: public abstract void org.springframework.aop.framework.Advised.setExposeProxy(boolean)
2024-05-17T15:11:55.662+02:00 TRACE 4684 --- [clothlogix] [           main] o.s.aop.framework.CglibAopProxy          : Method is declared on Advised interface: public abstract boolean org.springframework.aop.framework.Advised.isExposeProxy()
2024-05-17T15:11:55.662+02:00 TRACE 4684 --- [clothlogix] [           main] o.s.aop.framework.CglibAopProxy          : Method is declared on Advised interface: public abstract void org.springframework.aop.framework.Advised.addAdvice(org.aopalliance.aop.Advice) throws org.springframework.aop.framework.AopConfigException
2024-05-17T15:11:55.662+02:00 TRACE 4684 --- [clothlogix] [           main] o.s.aop.framework.CglibAopProxy          : Method is declared on Advised interface: public abstract void org.springframework.aop.framework.Advised.addAdvice(int,org.aopalliance.aop.Advice) throws org.springframework.aop.framework.AopConfigException
2024-05-17T15:11:55.662+02:00 TRACE 4684 --- [clothlogix] [           main] o.s.aop.framework.CglibAopProxy          : Method is declared on Advised interface: public abstract boolean org.springframework.aop.framework.Advised.removeAdvice(org.aopalliance.aop.Advice)
2024-05-17T15:11:55.662+02:00 TRACE 4684 --- [clothlogix] [           main] o.s.aop.framework.CglibAopProxy          : Method is declared on Advised interface: public abstract java.lang.Class org.springframework.aop.TargetClassAware.getTargetClass()
2024-05-17T15:11:55.662+02:00 TRACE 4684 --- [clothlogix] [           main] o.s.b.f.s.DefaultListableBeanFactory     : Finished creating instance of bean 'sezioneService'
2024-05-17T15:11:55.662+02:00 DEBUG 4684 --- [clothlogix] [           main] o.s.b.f.s.DefaultListableBeanFactory     : Creating shared instance of singleton bean 'tagliaService'
2024-05-17T15:11:55.662+02:00 TRACE 4684 --- [clothlogix] [           main] o.s.b.f.s.DefaultListableBeanFactory     : Creating instance of bean 'tagliaService'
2024-05-17T15:11:55.662+02:00 TRACE 4684 --- [clothlogix] [           main] o.s.b.f.s.DefaultListableBeanFactory     : Returning cached instance of singleton bean 'org.springframework.transaction.config.internalTransactionAdvisor'
2024-05-17T15:11:55.662+02:00 TRACE 4684 --- [clothlogix] [           main] o.s.b.f.s.DefaultListableBeanFactory     : Returning cached instance of singleton bean 'tagliaDAOImpl'
2024-05-17T15:11:55.662+02:00 DEBUG 4684 --- [clothlogix] [           main] o.s.b.f.s.DefaultListableBeanFactory     : Autowiring by type from bean name 'tagliaService' via constructor to bean named 'tagliaDAOImpl'
2024-05-17T15:11:55.662+02:00 TRACE 4684 --- [clothlogix] [           main] o.s.b.f.s.DefaultListableBeanFactory     : Returning cached instance of singleton bean 'org.springframework.transaction.config.internalTransactionAdvisor'
2024-05-17T15:11:55.662+02:00 TRACE 4684 --- [clothlogix] [           main] o.s.b.f.s.DefaultListableBeanFactory     : Returning cached instance of singleton bean 'org.springframework.transaction.config.internalTransactionAdvisor'
2024-05-17T15:11:55.662+02:00 TRACE 4684 --- [clothlogix] [           main] t.a.AnnotationTransactionAttributeSource : Adding transactional method 'com.fabless.clothlogix.Service.Impl.TagliaService.create' with attribute: PROPAGATION_REQUIRED,ISOLATION_DEFAULT
2024-05-17T15:11:55.662+02:00 TRACE 4684 --- [clothlogix] [           main] a.AnnotationAwareAspectJAutoProxyCreator : Creating implicit proxy for bean 'tagliaService' with 0 common interceptors and 1 specific interceptors
2024-05-17T15:11:55.662+02:00 TRACE 4684 --- [clothlogix] [           main] o.s.aop.framework.CglibAopProxy          : Creating CGLIB proxy: SingletonTargetSource for target object [com.fabless.clothlogix.Service.Impl.TagliaService@4f72078d]
2024-05-17T15:11:55.662+02:00 TRACE 4684 --- [clothlogix] [           main] o.s.aop.framework.CglibAopProxy          : Unable to apply any optimizations to advised method: public void com.fabless.clothlogix.Service.Impl.TagliaService.create(com.fabless.clothlogix.model.entities.TagliaEntity,java.util.Map) throws org.hibernate.exception.DataException
2024-05-17T15:11:55.662+02:00 TRACE 4684 --- [clothlogix] [           main] o.s.aop.framework.CglibAopProxy          : Unable to apply any optimizations to advised method: public java.lang.Iterable com.fabless.clothlogix.Service.Impl.TagliaService.findAll(java.util.Map) throws org.hibernate.exception.DataException
2024-05-17T15:11:55.662+02:00 TRACE 4684 --- [clothlogix] [           main] t.a.AnnotationTransactionAttributeSource : Adding transactional method 'com.fabless.clothlogix.Service.Impl.TagliaService.deleteByid' with attribute: PROPAGATION_REQUIRED,ISOLATION_DEFAULT
2024-05-17T15:11:55.662+02:00 TRACE 4684 --- [clothlogix] [           main] o.s.aop.framework.CglibAopProxy          : Unable to apply any optimizations to advised method: public void com.fabless.clothlogix.Service.Impl.TagliaService.deleteByid(java.lang.Long,java.util.Map) throws org.hibernate.exception.DataException
2024-05-17T15:11:55.662+02:00 TRACE 4684 --- [clothlogix] [           main] t.a.AnnotationTransactionAttributeSource : Adding transactional method 'com.fabless.clothlogix.Service.Impl.TagliaService.upload' with attribute: PROPAGATION_REQUIRED,ISOLATION_DEFAULT
2024-05-17T15:11:55.662+02:00 TRACE 4684 --- [clothlogix] [           main] o.s.aop.framework.CglibAopProxy          : Unable to apply any optimizations to advised method: public void com.fabless.clothlogix.Service.Impl.TagliaService.upload(com.fabless.clothlogix.model.entities.TagliaEntity,java.util.Map) throws org.hibernate.exception.DataException
2024-05-17T15:11:55.662+02:00 TRACE 4684 --- [clothlogix] [           main] o.s.aop.framework.CglibAopProxy          : Unable to apply any optimizations to advised method: public java.util.Optional com.fabless.clothlogix.Service.Impl.TagliaService.findById(java.lang.Long,java.util.Map) throws org.hibernate.exception.DataException
2024-05-17T15:11:55.662+02:00 TRACE 4684 --- [clothlogix] [           main] o.s.aop.framework.CglibAopProxy          : Found 'equals' method: public boolean java.lang.Object.equals(java.lang.Object)
2024-05-17T15:11:55.672+02:00 TRACE 4684 --- [clothlogix] [           main] o.s.aop.framework.CglibAopProxy          : Unable to apply any optimizations to advised method: public java.lang.String java.lang.Object.toString()
2024-05-17T15:11:55.672+02:00 TRACE 4684 --- [clothlogix] [           main] o.s.aop.framework.CglibAopProxy          : Found 'hashCode' method: public native int java.lang.Object.hashCode()
2024-05-17T15:11:55.672+02:00 TRACE 4684 --- [clothlogix] [           main] o.s.aop.framework.CglibAopProxy          : Unable to apply any optimizations to advised method: protected native java.lang.Object java.lang.Object.clone() throws java.lang.CloneNotSupportedException
2024-05-17T15:11:55.672+02:00 TRACE 4684 --- [clothlogix] [           main] o.s.aop.framework.CglibAopProxy          : Method is declared on Advised interface: public abstract int org.springframework.aop.framework.Advised.indexOf(org.springframework.aop.Advisor)
2024-05-17T15:11:55.672+02:00 TRACE 4684 --- [clothlogix] [           main] o.s.aop.framework.CglibAopProxy          : Method is declared on Advised interface: public abstract int org.springframework.aop.framework.Advised.indexOf(org.aopalliance.aop.Advice)
2024-05-17T15:11:55.672+02:00 TRACE 4684 --- [clothlogix] [           main] o.s.aop.framework.CglibAopProxy          : Method is declared on Advised interface: public abstract boolean org.springframework.aop.framework.Advised.isFrozen()
2024-05-17T15:11:55.672+02:00 TRACE 4684 --- [clothlogix] [           main] o.s.aop.framework.CglibAopProxy          : Method is declared on Advised interface: public abstract java.lang.String org.springframework.aop.framework.Advised.toProxyConfigString()
2024-05-17T15:11:55.672+02:00 TRACE 4684 --- [clothlogix] [           main] o.s.aop.framework.CglibAopProxy          : Method is declared on Advised interface: public abstract java.lang.Class[] org.springframework.aop.framework.Advised.getProxiedInterfaces()
2024-05-17T15:11:55.672+02:00 TRACE 4684 --- [clothlogix] [           main] o.s.aop.framework.CglibAopProxy          : Method is declared on Advised interface: public default int org.springframework.aop.framework.Advised.getAdvisorCount()
2024-05-17T15:11:55.672+02:00 TRACE 4684 --- [clothlogix] [           main] o.s.aop.framework.CglibAopProxy          : Method is declared on Advised interface: public abstract org.springframework.aop.Advisor[] org.springframework.aop.framework.Advised.getAdvisors()
2024-05-17T15:11:55.672+02:00 TRACE 4684 --- [clothlogix] [           main] o.s.aop.framework.CglibAopProxy          : Method is declared on Advised interface: public abstract boolean org.springframework.aop.framework.Advised.isInterfaceProxied(java.lang.Class)
2024-05-17T15:11:55.672+02:00 TRACE 4684 --- [clothlogix] [           main] o.s.aop.framework.CglibAopProxy          : Method is declared on Advised interface: public abstract org.springframework.aop.TargetSource org.springframework.aop.framework.Advised.getTargetSource()
2024-05-17T15:11:55.672+02:00 TRACE 4684 --- [clothlogix] [           main] o.s.aop.framework.CglibAopProxy          : Method is declared on Advised interface: public abstract boolean org.springframework.aop.framework.Advised.isPreFiltered()
2024-05-17T15:11:55.672+02:00 TRACE 4684 --- [clothlogix] [           main] o.s.aop.framework.CglibAopProxy          : Method is declared on Advised interface: public abstract void org.springframework.aop.framework.Advised.setPreFiltered(boolean)
2024-05-17T15:11:55.672+02:00 TRACE 4684 --- [clothlogix] [           main] o.s.aop.framework.CglibAopProxy          : Method is declared on Advised interface: public abstract void org.springframework.aop.framework.Advised.addAdvisor(int,org.springframework.aop.Advisor) throws org.springframework.aop.framework.AopConfigException
2024-05-17T15:11:55.672+02:00 TRACE 4684 --- [clothlogix] [           main] o.s.aop.framework.CglibAopProxy          : Method is declared on Advised interface: public abstract void org.springframework.aop.framework.Advised.addAdvisor(org.springframework.aop.Advisor) throws org.springframework.aop.framework.AopConfigException
2024-05-17T15:11:55.672+02:00 TRACE 4684 --- [clothlogix] [           main] o.s.aop.framework.CglibAopProxy          : Method is declared on Advised interface: public abstract void org.springframework.aop.framework.Advised.removeAdvisor(int) throws org.springframework.aop.framework.AopConfigException
2024-05-17T15:11:55.672+02:00 TRACE 4684 --- [clothlogix] [           main] o.s.aop.framework.CglibAopProxy          : Method is declared on Advised interface: public abstract boolean org.springframework.aop.framework.Advised.removeAdvisor(org.springframework.aop.Advisor)
2024-05-17T15:11:55.672+02:00 TRACE 4684 --- [clothlogix] [           main] o.s.aop.framework.CglibAopProxy          : Method is declared on Advised interface: public abstract boolean org.springframework.aop.framework.Advised.replaceAdvisor(org.springframework.aop.Advisor,org.springframework.aop.Advisor) throws org.springframework.aop.framework.AopConfigException
2024-05-17T15:11:55.672+02:00 TRACE 4684 --- [clothlogix] [           main] o.s.aop.framework.CglibAopProxy          : Method is declared on Advised interface: public abstract boolean org.springframework.aop.framework.Advised.isProxyTargetClass()
2024-05-17T15:11:55.672+02:00 TRACE 4684 --- [clothlogix] [           main] o.s.aop.framework.CglibAopProxy          : Method is declared on Advised interface: public abstract void org.springframework.aop.framework.Advised.setTargetSource(org.springframework.aop.TargetSource)
2024-05-17T15:11:55.672+02:00 TRACE 4684 --- [clothlogix] [           main] o.s.aop.framework.CglibAopProxy          : Method is declared on Advised interface: public abstract void org.springframework.aop.framework.Advised.setExposeProxy(boolean)
2024-05-17T15:11:55.672+02:00 TRACE 4684 --- [clothlogix] [           main] o.s.aop.framework.CglibAopProxy          : Method is declared on Advised interface: public abstract boolean org.springframework.aop.framework.Advised.isExposeProxy()
2024-05-17T15:11:55.672+02:00 TRACE 4684 --- [clothlogix] [           main] o.s.aop.framework.CglibAopProxy          : Method is declared on Advised interface: public abstract void org.springframework.aop.framework.Advised.addAdvice(org.aopalliance.aop.Advice) throws org.springframework.aop.framework.AopConfigException
2024-05-17T15:11:55.672+02:00 TRACE 4684 --- [clothlogix] [           main] o.s.aop.framework.CglibAopProxy          : Method is declared on Advised interface: public abstract void org.springframework.aop.framework.Advised.addAdvice(int,org.aopalliance.aop.Advice) throws org.springframework.aop.framework.AopConfigException
2024-05-17T15:11:55.672+02:00 TRACE 4684 --- [clothlogix] [           main] o.s.aop.framework.CglibAopProxy          : Method is declared on Advised interface: public abstract boolean org.springframework.aop.framework.Advised.removeAdvice(org.aopalliance.aop.Advice)
2024-05-17T15:11:55.672+02:00 TRACE 4684 --- [clothlogix] [           main] o.s.aop.framework.CglibAopProxy          : Method is declared on Advised interface: public abstract java.lang.Class org.springframework.aop.TargetClassAware.getTargetClass()
2024-05-17T15:11:55.676+02:00 TRACE 4684 --- [clothlogix] [           main] o.s.b.f.s.DefaultListableBeanFactory     : Finished creating instance of bean 'tagliaService'
2024-05-17T15:11:55.676+02:00 DEBUG 4684 --- [clothlogix] [           main] o.s.b.f.s.DefaultListableBeanFactory     : Creating shared instance of singleton bean 'tipoService'
2024-05-17T15:11:55.676+02:00 TRACE 4684 --- [clothlogix] [           main] o.s.b.f.s.DefaultListableBeanFactory     : Creating instance of bean 'tipoService'
2024-05-17T15:11:55.676+02:00 TRACE 4684 --- [clothlogix] [           main] o.s.b.f.s.DefaultListableBeanFactory     : Returning cached instance of singleton bean 'org.springframework.transaction.config.internalTransactionAdvisor'
2024-05-17T15:11:55.676+02:00 TRACE 4684 --- [clothlogix] [           main] o.s.b.f.s.DefaultListableBeanFactory     : Returning cached instance of singleton bean 'tipoDAOImpl'
2024-05-17T15:11:55.676+02:00 DEBUG 4684 --- [clothlogix] [           main] o.s.b.f.s.DefaultListableBeanFactory     : Autowiring by type from bean name 'tipoService' via constructor to bean named 'tipoDAOImpl'
2024-05-17T15:11:55.676+02:00 TRACE 4684 --- [clothlogix] [           main] o.s.b.f.s.DefaultListableBeanFactory     : Returning cached instance of singleton bean 'org.springframework.transaction.config.internalTransactionAdvisor'
2024-05-17T15:11:55.676+02:00 TRACE 4684 --- [clothlogix] [           main] o.s.b.f.s.DefaultListableBeanFactory     : Returning cached instance of singleton bean 'org.springframework.transaction.config.internalTransactionAdvisor'
2024-05-17T15:11:55.676+02:00 TRACE 4684 --- [clothlogix] [           main] t.a.AnnotationTransactionAttributeSource : Adding transactional method 'com.fabless.clothlogix.Service.Impl.TipoService.create' with attribute: PROPAGATION_REQUIRED,ISOLATION_DEFAULT
2024-05-17T15:11:55.676+02:00 TRACE 4684 --- [clothlogix] [           main] a.AnnotationAwareAspectJAutoProxyCreator : Creating implicit proxy for bean 'tipoService' with 0 common interceptors and 1 specific interceptors
2024-05-17T15:11:55.676+02:00 TRACE 4684 --- [clothlogix] [           main] o.s.aop.framework.CglibAopProxy          : Creating CGLIB proxy: SingletonTargetSource for target object [com.fabless.clothlogix.Service.Impl.TipoService@62fbefad]
2024-05-17T15:11:55.676+02:00 TRACE 4684 --- [clothlogix] [           main] o.s.aop.framework.CglibAopProxy          : Unable to apply any optimizations to advised method: public void com.fabless.clothlogix.Service.Impl.TipoService.create(com.fabless.clothlogix.model.entities.TipoEntity,java.util.Map) throws org.hibernate.exception.DataException
2024-05-17T15:11:55.676+02:00 TRACE 4684 --- [clothlogix] [           main] o.s.aop.framework.CglibAopProxy          : Unable to apply any optimizations to advised method: public java.lang.Iterable com.fabless.clothlogix.Service.Impl.TipoService.findAll(java.util.Map) throws org.hibernate.exception.DataException
2024-05-17T15:11:55.676+02:00 TRACE 4684 --- [clothlogix] [           main] t.a.AnnotationTransactionAttributeSource : Adding transactional method 'com.fabless.clothlogix.Service.Impl.TipoService.deleteByid' with attribute: PROPAGATION_REQUIRED,ISOLATION_DEFAULT
2024-05-17T15:11:55.676+02:00 TRACE 4684 --- [clothlogix] [           main] o.s.aop.framework.CglibAopProxy          : Unable to apply any optimizations to advised method: public void com.fabless.clothlogix.Service.Impl.TipoService.deleteByid(java.lang.Long,java.util.Map) throws org.hibernate.exception.DataException
2024-05-17T15:11:55.676+02:00 TRACE 4684 --- [clothlogix] [           main] t.a.AnnotationTransactionAttributeSource : Adding transactional method 'com.fabless.clothlogix.Service.Impl.TipoService.upload' with attribute: PROPAGATION_REQUIRED,ISOLATION_DEFAULT
2024-05-17T15:11:55.676+02:00 TRACE 4684 --- [clothlogix] [           main] o.s.aop.framework.CglibAopProxy          : Unable to apply any optimizations to advised method: public void com.fabless.clothlogix.Service.Impl.TipoService.upload(com.fabless.clothlogix.model.entities.TipoEntity,java.util.Map) throws org.hibernate.exception.DataException
2024-05-17T15:11:55.676+02:00 TRACE 4684 --- [clothlogix] [           main] o.s.aop.framework.CglibAopProxy          : Unable to apply any optimizations to advised method: public java.util.Optional com.fabless.clothlogix.Service.Impl.TipoService.findById(java.lang.Long,java.util.Map) throws org.hibernate.exception.DataException
2024-05-17T15:11:55.676+02:00 TRACE 4684 --- [clothlogix] [           main] o.s.aop.framework.CglibAopProxy          : Found 'equals' method: public boolean java.lang.Object.equals(java.lang.Object)
2024-05-17T15:11:55.676+02:00 TRACE 4684 --- [clothlogix] [           main] o.s.aop.framework.CglibAopProxy          : Unable to apply any optimizations to advised method: public java.lang.String java.lang.Object.toString()
2024-05-17T15:11:55.676+02:00 TRACE 4684 --- [clothlogix] [           main] o.s.aop.framework.CglibAopProxy          : Found 'hashCode' method: public native int java.lang.Object.hashCode()
2024-05-17T15:11:55.676+02:00 TRACE 4684 --- [clothlogix] [           main] o.s.aop.framework.CglibAopProxy          : Unable to apply any optimizations to advised method: protected native java.lang.Object java.lang.Object.clone() throws java.lang.CloneNotSupportedException
2024-05-17T15:11:55.676+02:00 TRACE 4684 --- [clothlogix] [           main] o.s.aop.framework.CglibAopProxy          : Method is declared on Advised interface: public abstract int org.springframework.aop.framework.Advised.indexOf(org.springframework.aop.Advisor)
2024-05-17T15:11:55.676+02:00 TRACE 4684 --- [clothlogix] [           main] o.s.aop.framework.CglibAopProxy          : Method is declared on Advised interface: public abstract int org.springframework.aop.framework.Advised.indexOf(org.aopalliance.aop.Advice)
2024-05-17T15:11:55.676+02:00 TRACE 4684 --- [clothlogix] [           main] o.s.aop.framework.CglibAopProxy          : Method is declared on Advised interface: public abstract boolean org.springframework.aop.framework.Advised.isFrozen()
2024-05-17T15:11:55.676+02:00 TRACE 4684 --- [clothlogix] [           main] o.s.aop.framework.CglibAopProxy          : Method is declared on Advised interface: public abstract java.lang.String org.springframework.aop.framework.Advised.toProxyConfigString()
2024-05-17T15:11:55.676+02:00 TRACE 4684 --- [clothlogix] [           main] o.s.aop.framework.CglibAopProxy          : Method is declared on Advised interface: public abstract java.lang.Class[] org.springframework.aop.framework.Advised.getProxiedInterfaces()
2024-05-17T15:11:55.676+02:00 TRACE 4684 --- [clothlogix] [           main] o.s.aop.framework.CglibAopProxy          : Method is declared on Advised interface: public default int org.springframework.aop.framework.Advised.getAdvisorCount()
2024-05-17T15:11:55.676+02:00 TRACE 4684 --- [clothlogix] [           main] o.s.aop.framework.CglibAopProxy          : Method is declared on Advised interface: public abstract org.springframework.aop.Advisor[] org.springframework.aop.framework.Advised.getAdvisors()
2024-05-17T15:11:55.676+02:00 TRACE 4684 --- [clothlogix] [           main] o.s.aop.framework.CglibAopProxy          : Method is declared on Advised interface: public abstract boolean org.springframework.aop.framework.Advised.isInterfaceProxied(java.lang.Class)
2024-05-17T15:11:55.676+02:00 TRACE 4684 --- [clothlogix] [           main] o.s.aop.framework.CglibAopProxy          : Method is declared on Advised interface: public abstract org.springframework.aop.TargetSource org.springframework.aop.framework.Advised.getTargetSource()
2024-05-17T15:11:55.676+02:00 TRACE 4684 --- [clothlogix] [           main] o.s.aop.framework.CglibAopProxy          : Method is declared on Advised interface: public abstract boolean org.springframework.aop.framework.Advised.isPreFiltered()
2024-05-17T15:11:55.676+02:00 TRACE 4684 --- [clothlogix] [           main] o.s.aop.framework.CglibAopProxy          : Method is declared on Advised interface: public abstract void org.springframework.aop.framework.Advised.setPreFiltered(boolean)
2024-05-17T15:11:55.676+02:00 TRACE 4684 --- [clothlogix] [           main] o.s.aop.framework.CglibAopProxy          : Method is declared on Advised interface: public abstract void org.springframework.aop.framework.Advised.addAdvisor(int,org.springframework.aop.Advisor) throws org.springframework.aop.framework.AopConfigException
2024-05-17T15:11:55.676+02:00 TRACE 4684 --- [clothlogix] [           main] o.s.aop.framework.CglibAopProxy          : Method is declared on Advised interface: public abstract void org.springframework.aop.framework.Advised.addAdvisor(org.springframework.aop.Advisor) throws org.springframework.aop.framework.AopConfigException
2024-05-17T15:11:55.676+02:00 TRACE 4684 --- [clothlogix] [           main] o.s.aop.framework.CglibAopProxy          : Method is declared on Advised interface: public abstract void org.springframework.aop.framework.Advised.removeAdvisor(int) throws org.springframework.aop.framework.AopConfigException
2024-05-17T15:11:55.676+02:00 TRACE 4684 --- [clothlogix] [           main] o.s.aop.framework.CglibAopProxy          : Method is declared on Advised interface: public abstract boolean org.springframework.aop.framework.Advised.removeAdvisor(org.springframework.aop.Advisor)
2024-05-17T15:11:55.676+02:00 TRACE 4684 --- [clothlogix] [           main] o.s.aop.framework.CglibAopProxy          : Method is declared on Advised interface: public abstract boolean org.springframework.aop.framework.Advised.replaceAdvisor(org.springframework.aop.Advisor,org.springframework.aop.Advisor) throws org.springframework.aop.framework.AopConfigException
2024-05-17T15:11:55.676+02:00 TRACE 4684 --- [clothlogix] [           main] o.s.aop.framework.CglibAopProxy          : Method is declared on Advised interface: public abstract boolean org.springframework.aop.framework.Advised.isProxyTargetClass()
2024-05-17T15:11:55.676+02:00 TRACE 4684 --- [clothlogix] [           main] o.s.aop.framework.CglibAopProxy          : Method is declared on Advised interface: public abstract void org.springframework.aop.framework.Advised.setTargetSource(org.springframework.aop.TargetSource)
2024-05-17T15:11:55.676+02:00 TRACE 4684 --- [clothlogix] [           main] o.s.aop.framework.CglibAopProxy          : Method is declared on Advised interface: public abstract void org.springframework.aop.framework.Advised.setExposeProxy(boolean)
2024-05-17T15:11:55.676+02:00 TRACE 4684 --- [clothlogix] [           main] o.s.aop.framework.CglibAopProxy          : Method is declared on Advised interface: public abstract boolean org.springframework.aop.framework.Advised.isExposeProxy()
2024-05-17T15:11:55.676+02:00 TRACE 4684 --- [clothlogix] [           main] o.s.aop.framework.CglibAopProxy          : Method is declared on Advised interface: public abstract void org.springframework.aop.framework.Advised.addAdvice(org.aopalliance.aop.Advice) throws org.springframework.aop.framework.AopConfigException
2024-05-17T15:11:55.676+02:00 TRACE 4684 --- [clothlogix] [           main] o.s.aop.framework.CglibAopProxy          : Method is declared on Advised interface: public abstract void org.springframework.aop.framework.Advised.addAdvice(int,org.aopalliance.aop.Advice) throws org.springframework.aop.framework.AopConfigException
2024-05-17T15:11:55.676+02:00 TRACE 4684 --- [clothlogix] [           main] o.s.aop.framework.CglibAopProxy          : Method is declared on Advised interface: public abstract boolean org.springframework.aop.framework.Advised.removeAdvice(org.aopalliance.aop.Advice)
2024-05-17T15:11:55.676+02:00 TRACE 4684 --- [clothlogix] [           main] o.s.aop.framework.CglibAopProxy          : Method is declared on Advised interface: public abstract java.lang.Class org.springframework.aop.TargetClassAware.getTargetClass()
2024-05-17T15:11:55.682+02:00 TRACE 4684 --- [clothlogix] [           main] o.s.b.f.s.DefaultListableBeanFactory     : Finished creating instance of bean 'tipoService'
2024-05-17T15:11:55.682+02:00 DEBUG 4684 --- [clothlogix] [           main] o.s.b.f.s.DefaultListableBeanFactory     : Creating shared instance of singleton bean 'utenteService'
2024-05-17T15:11:55.682+02:00 TRACE 4684 --- [clothlogix] [           main] o.s.b.f.s.DefaultListableBeanFactory     : Creating instance of bean 'utenteService'
2024-05-17T15:11:55.682+02:00 TRACE 4684 --- [clothlogix] [           main] o.s.b.f.s.DefaultListableBeanFactory     : Returning cached instance of singleton bean 'org.springframework.transaction.config.internalTransactionAdvisor'
2024-05-17T15:11:55.682+02:00 TRACE 4684 --- [clothlogix] [           main] o.s.b.f.s.DefaultListableBeanFactory     : Returning cached instance of singleton bean 'utenteDAOImpl'
2024-05-17T15:11:55.682+02:00 DEBUG 4684 --- [clothlogix] [           main] o.s.b.f.s.DefaultListableBeanFactory     : Autowiring by type from bean name 'utenteService' via constructor to bean named 'utenteDAOImpl'
2024-05-17T15:11:55.682+02:00 TRACE 4684 --- [clothlogix] [           main] o.s.b.f.s.DefaultListableBeanFactory     : Returning cached instance of singleton bean 'org.springframework.transaction.config.internalTransactionAdvisor'
2024-05-17T15:11:55.682+02:00 TRACE 4684 --- [clothlogix] [           main] o.s.b.f.s.DefaultListableBeanFactory     : Returning cached instance of singleton bean 'org.springframework.transaction.config.internalTransactionAdvisor'
2024-05-17T15:11:55.682+02:00 TRACE 4684 --- [clothlogix] [           main] t.a.AnnotationTransactionAttributeSource : Adding transactional method 'com.fabless.clothlogix.Service.Impl.UtenteService.create' with attribute: PROPAGATION_REQUIRED,ISOLATION_DEFAULT
2024-05-17T15:11:55.682+02:00 TRACE 4684 --- [clothlogix] [           main] a.AnnotationAwareAspectJAutoProxyCreator : Creating implicit proxy for bean 'utenteService' with 0 common interceptors and 1 specific interceptors
2024-05-17T15:11:55.682+02:00 TRACE 4684 --- [clothlogix] [           main] o.s.aop.framework.CglibAopProxy          : Creating CGLIB proxy: SingletonTargetSource for target object [com.fabless.clothlogix.Service.Impl.UtenteService@47cf65f1]
2024-05-17T15:11:55.682+02:00 TRACE 4684 --- [clothlogix] [           main] o.s.aop.framework.CglibAopProxy          : Unable to apply any optimizations to advised method: public void com.fabless.clothlogix.Service.Impl.UtenteService.create(com.fabless.clothlogix.model.entities.UtenteEntity,java.util.Map) throws org.hibernate.exception.DataException
2024-05-17T15:11:55.682+02:00 TRACE 4684 --- [clothlogix] [           main] o.s.aop.framework.CglibAopProxy          : Unable to apply any optimizations to advised method: public java.lang.Iterable com.fabless.clothlogix.Service.Impl.UtenteService.findAll(java.util.Map) throws org.hibernate.exception.DataException
2024-05-17T15:11:55.682+02:00 TRACE 4684 --- [clothlogix] [           main] t.a.AnnotationTransactionAttributeSource : Adding transactional method 'com.fabless.clothlogix.Service.Impl.UtenteService.deleteByid' with attribute: PROPAGATION_REQUIRED,ISOLATION_DEFAULT
2024-05-17T15:11:55.682+02:00 TRACE 4684 --- [clothlogix] [           main] o.s.aop.framework.CglibAopProxy          : Unable to apply any optimizations to advised method: public void com.fabless.clothlogix.Service.Impl.UtenteService.deleteByid(java.lang.Long,java.util.Map) throws org.hibernate.exception.DataException
2024-05-17T15:11:55.682+02:00 TRACE 4684 --- [clothlogix] [           main] t.a.AnnotationTransactionAttributeSource : Adding transactional method 'com.fabless.clothlogix.Service.Impl.UtenteService.upload' with attribute: PROPAGATION_REQUIRED,ISOLATION_DEFAULT
2024-05-17T15:11:55.682+02:00 TRACE 4684 --- [clothlogix] [           main] o.s.aop.framework.CglibAopProxy          : Unable to apply any optimizations to advised method: public void com.fabless.clothlogix.Service.Impl.UtenteService.upload(com.fabless.clothlogix.model.entities.UtenteEntity,java.util.Map) throws org.hibernate.exception.DataException
2024-05-17T15:11:55.682+02:00 TRACE 4684 --- [clothlogix] [           main] o.s.aop.framework.CglibAopProxy          : Unable to apply any optimizations to advised method: public java.util.Optional com.fabless.clothlogix.Service.Impl.UtenteService.findById(java.lang.Long,java.util.Map) throws org.hibernate.exception.DataException
2024-05-17T15:11:55.682+02:00 TRACE 4684 --- [clothlogix] [           main] o.s.aop.framework.CglibAopProxy          : Found 'equals' method: public boolean java.lang.Object.equals(java.lang.Object)
2024-05-17T15:11:55.682+02:00 TRACE 4684 --- [clothlogix] [           main] o.s.aop.framework.CglibAopProxy          : Unable to apply any optimizations to advised method: public java.lang.String java.lang.Object.toString()
2024-05-17T15:11:55.682+02:00 TRACE 4684 --- [clothlogix] [           main] o.s.aop.framework.CglibAopProxy          : Found 'hashCode' method: public native int java.lang.Object.hashCode()
2024-05-17T15:11:55.682+02:00 TRACE 4684 --- [clothlogix] [           main] o.s.aop.framework.CglibAopProxy          : Unable to apply any optimizations to advised method: protected native java.lang.Object java.lang.Object.clone() throws java.lang.CloneNotSupportedException
2024-05-17T15:11:55.682+02:00 TRACE 4684 --- [clothlogix] [           main] o.s.aop.framework.CglibAopProxy          : Method is declared on Advised interface: public abstract int org.springframework.aop.framework.Advised.indexOf(org.springframework.aop.Advisor)
2024-05-17T15:11:55.682+02:00 TRACE 4684 --- [clothlogix] [           main] o.s.aop.framework.CglibAopProxy          : Method is declared on Advised interface: public abstract int org.springframework.aop.framework.Advised.indexOf(org.aopalliance.aop.Advice)
2024-05-17T15:11:55.682+02:00 TRACE 4684 --- [clothlogix] [           main] o.s.aop.framework.CglibAopProxy          : Method is declared on Advised interface: public abstract boolean org.springframework.aop.framework.Advised.isFrozen()
2024-05-17T15:11:55.682+02:00 TRACE 4684 --- [clothlogix] [           main] o.s.aop.framework.CglibAopProxy          : Method is declared on Advised interface: public abstract java.lang.String org.springframework.aop.framework.Advised.toProxyConfigString()
2024-05-17T15:11:55.682+02:00 TRACE 4684 --- [clothlogix] [           main] o.s.aop.framework.CglibAopProxy          : Method is declared on Advised interface: public abstract java.lang.Class[] org.springframework.aop.framework.Advised.getProxiedInterfaces()
2024-05-17T15:11:55.682+02:00 TRACE 4684 --- [clothlogix] [           main] o.s.aop.framework.CglibAopProxy          : Method is declared on Advised interface: public default int org.springframework.aop.framework.Advised.getAdvisorCount()
2024-05-17T15:11:55.682+02:00 TRACE 4684 --- [clothlogix] [           main] o.s.aop.framework.CglibAopProxy          : Method is declared on Advised interface: public abstract org.springframework.aop.Advisor[] org.springframework.aop.framework.Advised.getAdvisors()
2024-05-17T15:11:55.682+02:00 TRACE 4684 --- [clothlogix] [           main] o.s.aop.framework.CglibAopProxy          : Method is declared on Advised interface: public abstract boolean org.springframework.aop.framework.Advised.isInterfaceProxied(java.lang.Class)
2024-05-17T15:11:55.682+02:00 TRACE 4684 --- [clothlogix] [           main] o.s.aop.framework.CglibAopProxy          : Method is declared on Advised interface: public abstract org.springframework.aop.TargetSource org.springframework.aop.framework.Advised.getTargetSource()
2024-05-17T15:11:55.682+02:00 TRACE 4684 --- [clothlogix] [           main] o.s.aop.framework.CglibAopProxy          : Method is declared on Advised interface: public abstract boolean org.springframework.aop.framework.Advised.isPreFiltered()
2024-05-17T15:11:55.682+02:00 TRACE 4684 --- [clothlogix] [           main] o.s.aop.framework.CglibAopProxy          : Method is declared on Advised interface: public abstract void org.springframework.aop.framework.Advised.setPreFiltered(boolean)
2024-05-17T15:11:55.682+02:00 TRACE 4684 --- [clothlogix] [           main] o.s.aop.framework.CglibAopProxy          : Method is declared on Advised interface: public abstract void org.springframework.aop.framework.Advised.addAdvisor(int,org.springframework.aop.Advisor) throws org.springframework.aop.framework.AopConfigException
2024-05-17T15:11:55.682+02:00 TRACE 4684 --- [clothlogix] [           main] o.s.aop.framework.CglibAopProxy          : Method is declared on Advised interface: public abstract void org.springframework.aop.framework.Advised.addAdvisor(org.springframework.aop.Advisor) throws org.springframework.aop.framework.AopConfigException
2024-05-17T15:11:55.682+02:00 TRACE 4684 --- [clothlogix] [           main] o.s.aop.framework.CglibAopProxy          : Method is declared on Advised interface: public abstract void org.springframework.aop.framework.Advised.removeAdvisor(int) throws org.springframework.aop.framework.AopConfigException
2024-05-17T15:11:55.682+02:00 TRACE 4684 --- [clothlogix] [           main] o.s.aop.framework.CglibAopProxy          : Method is declared on Advised interface: public abstract boolean org.springframework.aop.framework.Advised.removeAdvisor(org.springframework.aop.Advisor)
2024-05-17T15:11:55.682+02:00 TRACE 4684 --- [clothlogix] [           main] o.s.aop.framework.CglibAopProxy          : Method is declared on Advised interface: public abstract boolean org.springframework.aop.framework.Advised.replaceAdvisor(org.springframework.aop.Advisor,org.springframework.aop.Advisor) throws org.springframework.aop.framework.AopConfigException
2024-05-17T15:11:55.682+02:00 TRACE 4684 --- [clothlogix] [           main] o.s.aop.framework.CglibAopProxy          : Method is declared on Advised interface: public abstract boolean org.springframework.aop.framework.Advised.isProxyTargetClass()
2024-05-17T15:11:55.682+02:00 TRACE 4684 --- [clothlogix] [           main] o.s.aop.framework.CglibAopProxy          : Method is declared on Advised interface: public abstract void org.springframework.aop.framework.Advised.setTargetSource(org.springframework.aop.TargetSource)
2024-05-17T15:11:55.682+02:00 TRACE 4684 --- [clothlogix] [           main] o.s.aop.framework.CglibAopProxy          : Method is declared on Advised interface: public abstract void org.springframework.aop.framework.Advised.setExposeProxy(boolean)
2024-05-17T15:11:55.682+02:00 TRACE 4684 --- [clothlogix] [           main] o.s.aop.framework.CglibAopProxy          : Method is declared on Advised interface: public abstract boolean org.springframework.aop.framework.Advised.isExposeProxy()
2024-05-17T15:11:55.682+02:00 TRACE 4684 --- [clothlogix] [           main] o.s.aop.framework.CglibAopProxy          : Method is declared on Advised interface: public abstract void org.springframework.aop.framework.Advised.addAdvice(org.aopalliance.aop.Advice) throws org.springframework.aop.framework.AopConfigException
2024-05-17T15:11:55.682+02:00 TRACE 4684 --- [clothlogix] [           main] o.s.aop.framework.CglibAopProxy          : Method is declared on Advised interface: public abstract void org.springframework.aop.framework.Advised.addAdvice(int,org.aopalliance.aop.Advice) throws org.springframework.aop.framework.AopConfigException
2024-05-17T15:11:55.682+02:00 TRACE 4684 --- [clothlogix] [           main] o.s.aop.framework.CglibAopProxy          : Method is declared on Advised interface: public abstract boolean org.springframework.aop.framework.Advised.removeAdvice(org.aopalliance.aop.Advice)
2024-05-17T15:11:55.682+02:00 TRACE 4684 --- [clothlogix] [           main] o.s.aop.framework.CglibAopProxy          : Method is declared on Advised interface: public abstract java.lang.Class org.springframework.aop.TargetClassAware.getTargetClass()
2024-05-17T15:11:55.693+02:00 TRACE 4684 --- [clothlogix] [           main] o.s.b.f.s.DefaultListableBeanFactory     : Finished creating instance of bean 'utenteService'
2024-05-17T15:11:55.693+02:00 TRACE 4684 --- [clothlogix] [           main] o.s.b.f.s.DefaultListableBeanFactory     : Returning cached instance of singleton bean 'org.springframework.transaction.annotation.ProxyTransactionManagementConfiguration'
2024-05-17T15:11:55.693+02:00 TRACE 4684 --- [clothlogix] [           main] o.s.b.f.s.DefaultListableBeanFactory     : Returning cached instance of singleton bean 'org.springframework.transaction.config.internalTransactionAdvisor'
2024-05-17T15:11:55.693+02:00 TRACE 4684 --- [clothlogix] [           main] o.s.b.f.s.DefaultListableBeanFactory     : Returning cached instance of singleton bean 'transactionAttributeSource'
2024-05-17T15:11:55.693+02:00 TRACE 4684 --- [clothlogix] [           main] o.s.b.f.s.DefaultListableBeanFactory     : Returning cached instance of singleton bean 'transactionInterceptor'
2024-05-17T15:11:55.693+02:00 TRACE 4684 --- [clothlogix] [           main] o.s.b.f.s.DefaultListableBeanFactory     : Returning cached instance of singleton bean 'org.springframework.transaction.config.internalTransactionalEventListenerFactory'
2024-05-17T15:11:55.693+02:00 TRACE 4684 --- [clothlogix] [           main] o.s.b.f.s.DefaultListableBeanFactory     : Returning cached instance of singleton bean 'dataSource'
2024-05-17T15:11:55.693+02:00 DEBUG 4684 --- [clothlogix] [           main] o.s.b.f.s.DefaultListableBeanFactory     : Creating shared instance of singleton bean 'hibernateTransactionManager'
2024-05-17T15:11:55.693+02:00 TRACE 4684 --- [clothlogix] [           main] o.s.b.f.s.DefaultListableBeanFactory     : Creating instance of bean 'hibernateTransactionManager'
2024-05-17T15:11:55.693+02:00 TRACE 4684 --- [clothlogix] [           main] o.s.b.f.s.DefaultListableBeanFactory     : Returning cached instance of singleton bean 'org.springframework.transaction.config.internalTransactionAdvisor'
2024-05-17T15:11:55.693+02:00 TRACE 4684 --- [clothlogix] [           main] o.s.b.f.s.DefaultListableBeanFactory     : Returning cached instance of singleton bean 'hibernateConf'
2024-05-17T15:11:55.693+02:00 TRACE 4684 --- [clothlogix] [           main] o.s.b.f.s.DefaultListableBeanFactory     : Returning cached instance of singleton bean 'entityManagerFactory'
2024-05-17T15:11:55.693+02:00 DEBUG 4684 --- [clothlogix] [           main] o.s.b.f.s.DefaultListableBeanFactory     : Autowiring by type from bean name 'hibernateTransactionManager' via factory method to bean named 'entityManagerFactory'
2024-05-17T15:11:55.702+02:00 TRACE 4684 --- [clothlogix] [           main] o.s.b.f.s.DefaultListableBeanFactory     : Invoking afterPropertiesSet() on bean with name 'hibernateTransactionManager'
2024-05-17T15:11:55.702+02:00 DEBUG 4684 --- [clothlogix] [           main] o.s.o.h.HibernateTransactionManager      : Using DataSource [org.apache.commons.dbcp2.BasicDataSource@554188ac] of Hibernate SessionFactory for HibernateTransactionManager
2024-05-17T15:11:55.708+02:00 TRACE 4684 --- [clothlogix] [           main] o.s.b.f.s.DefaultListableBeanFactory     : Returning cached instance of singleton bean 'org.springframework.transaction.config.internalTransactionAdvisor'
2024-05-17T15:11:55.708+02:00 TRACE 4684 --- [clothlogix] [           main] o.s.b.f.s.DefaultListableBeanFactory     : Returning cached instance of singleton bean 'org.springframework.transaction.config.internalTransactionAdvisor'
2024-05-17T15:11:55.708+02:00 TRACE 4684 --- [clothlogix] [           main] o.s.b.f.s.DefaultListableBeanFactory     : Finished creating instance of bean 'hibernateTransactionManager'
2024-05-17T15:11:55.708+02:00 TRACE 4684 --- [clothlogix] [           main] o.s.b.f.s.DefaultListableBeanFactory     : Returning cached instance of singleton bean 'entityManagerFactory'
2024-05-17T15:11:55.708+02:00 TRACE 4684 --- [clothlogix] [           main] o.s.b.f.s.DefaultListableBeanFactory     : Returning cached instance of singleton bean 'org.springframework.aop.config.internalAutoProxyCreator'
2024-05-17T15:11:55.708+02:00 TRACE 4684 --- [clothlogix] [           main] o.s.b.f.s.DefaultListableBeanFactory     : Returning cached instance of singleton bean 'org.springframework.boot.autoconfigure.AutoConfigurationPackages'
2024-05-17T15:11:55.708+02:00 DEBUG 4684 --- [clothlogix] [           main] o.s.b.f.s.DefaultListableBeanFactory     : Creating shared instance of singleton bean 'org.springframework.boot.autoconfigure.context.PropertyPlaceholderAutoConfiguration'
2024-05-17T15:11:55.708+02:00 TRACE 4684 --- [clothlogix] [           main] o.s.b.f.s.DefaultListableBeanFactory     : Creating instance of bean 'org.springframework.boot.autoconfigure.context.PropertyPlaceholderAutoConfiguration'
2024-05-17T15:11:55.708+02:00 TRACE 4684 --- [clothlogix] [           main] o.s.b.f.s.DefaultListableBeanFactory     : Returning cached instance of singleton bean 'org.springframework.transaction.config.internalTransactionAdvisor'
2024-05-17T15:11:55.708+02:00 TRACE 4684 --- [clothlogix] [           main] o.s.b.f.s.DefaultListableBeanFactory     : Returning cached instance of singleton bean 'org.springframework.transaction.config.internalTransactionAdvisor'
2024-05-17T15:11:55.708+02:00 TRACE 4684 --- [clothlogix] [           main] o.s.b.f.s.DefaultListableBeanFactory     : Returning cached instance of singleton bean 'org.springframework.transaction.config.internalTransactionAdvisor'
2024-05-17T15:11:55.712+02:00 TRACE 4684 --- [clothlogix] [           main] o.s.b.f.s.DefaultListableBeanFactory     : Finished creating instance of bean 'org.springframework.boot.autoconfigure.context.PropertyPlaceholderAutoConfiguration'
2024-05-17T15:11:55.712+02:00 TRACE 4684 --- [clothlogix] [           main] o.s.b.f.s.DefaultListableBeanFactory     : Returning cached instance of singleton bean 'propertySourcesPlaceholderConfigurer'
2024-05-17T15:11:55.712+02:00 DEBUG 4684 --- [clothlogix] [           main] o.s.b.f.s.DefaultListableBeanFactory     : Creating shared instance of singleton bean 'org.springframework.boot.autoconfigure.ssl.SslAutoConfiguration'
2024-05-17T15:11:55.712+02:00 TRACE 4684 --- [clothlogix] [           main] o.s.b.f.s.DefaultListableBeanFactory     : Creating instance of bean 'org.springframework.boot.autoconfigure.ssl.SslAutoConfiguration'
2024-05-17T15:11:55.712+02:00 TRACE 4684 --- [clothlogix] [           main] o.s.b.f.s.DefaultListableBeanFactory     : Returning cached instance of singleton bean 'org.springframework.transaction.config.internalTransactionAdvisor'
2024-05-17T15:11:55.712+02:00 DEBUG 4684 --- [clothlogix] [           main] o.s.b.f.s.DefaultListableBeanFactory     : Creating shared instance of singleton bean 'spring.ssl-org.springframework.boot.autoconfigure.ssl.SslProperties'
2024-05-17T15:11:55.712+02:00 TRACE 4684 --- [clothlogix] [           main] o.s.b.f.s.DefaultListableBeanFactory     : Creating instance of bean 'spring.ssl-org.springframework.boot.autoconfigure.ssl.SslProperties'
2024-05-17T15:11:55.712+02:00 TRACE 4684 --- [clothlogix] [           main] o.s.b.f.s.DefaultListableBeanFactory     : Returning cached instance of singleton bean 'org.springframework.transaction.config.internalTransactionAdvisor'
2024-05-17T15:11:55.712+02:00 TRACE 4684 --- [clothlogix] [           main] o.s.b.f.s.DefaultListableBeanFactory     : Returning cached instance of singleton bean 'org.springframework.boot.context.properties.BoundConfigurationProperties'
2024-05-17T15:11:55.712+02:00 TRACE 4684 --- [clothlogix] [           main] o.s.b.f.s.DefaultListableBeanFactory     : Returning cached instance of singleton bean 'org.springframework.transaction.config.internalTransactionAdvisor'
2024-05-17T15:11:55.712+02:00 TRACE 4684 --- [clothlogix] [           main] o.s.b.f.s.DefaultListableBeanFactory     : Returning cached instance of singleton bean 'org.springframework.transaction.config.internalTransactionAdvisor'
2024-05-17T15:11:55.712+02:00 TRACE 4684 --- [clothlogix] [           main] o.s.b.f.s.DefaultListableBeanFactory     : Finished creating instance of bean 'spring.ssl-org.springframework.boot.autoconfigure.ssl.SslProperties'
2024-05-17T15:11:55.712+02:00 DEBUG 4684 --- [clothlogix] [           main] o.s.b.f.s.DefaultListableBeanFactory     : Autowiring by type from bean name 'org.springframework.boot.autoconfigure.ssl.SslAutoConfiguration' via constructor to bean named 'spring.ssl-org.springframework.boot.autoconfigure.ssl.SslProperties'
2024-05-17T15:11:55.717+02:00 TRACE 4684 --- [clothlogix] [           main] o.s.b.f.s.DefaultListableBeanFactory     : Returning cached instance of singleton bean 'org.springframework.transaction.config.internalTransactionAdvisor'
2024-05-17T15:11:55.717+02:00 TRACE 4684 --- [clothlogix] [           main] o.s.b.f.s.DefaultListableBeanFactory     : Returning cached instance of singleton bean 'org.springframework.transaction.config.internalTransactionAdvisor'
2024-05-17T15:11:55.717+02:00 TRACE 4684 --- [clothlogix] [           main] o.s.b.f.s.DefaultListableBeanFactory     : Finished creating instance of bean 'org.springframework.boot.autoconfigure.ssl.SslAutoConfiguration'
2024-05-17T15:11:55.717+02:00 DEBUG 4684 --- [clothlogix] [           main] o.s.b.f.s.DefaultListableBeanFactory     : Creating shared instance of singleton bean 'fileWatcher'
2024-05-17T15:11:55.717+02:00 TRACE 4684 --- [clothlogix] [           main] o.s.b.f.s.DefaultListableBeanFactory     : Creating instance of bean 'fileWatcher'
2024-05-17T15:11:55.717+02:00 TRACE 4684 --- [clothlogix] [           main] o.s.b.f.s.DefaultListableBeanFactory     : Returning cached instance of singleton bean 'org.springframework.transaction.config.internalTransactionAdvisor'
2024-05-17T15:11:55.717+02:00 TRACE 4684 --- [clothlogix] [           main] o.s.b.f.s.DefaultListableBeanFactory     : Returning cached instance of singleton bean 'org.springframework.boot.autoconfigure.ssl.SslAutoConfiguration'
2024-05-17T15:11:55.717+02:00 TRACE 4684 --- [clothlogix] [           main] o.s.b.f.s.DefaultListableBeanFactory     : Returning cached instance of singleton bean 'org.springframework.transaction.config.internalTransactionAdvisor'
2024-05-17T15:11:55.717+02:00 TRACE 4684 --- [clothlogix] [           main] o.s.b.f.s.DefaultListableBeanFactory     : Returning cached instance of singleton bean 'org.springframework.transaction.config.internalTransactionAdvisor'
2024-05-17T15:11:55.717+02:00 TRACE 4684 --- [clothlogix] [           main] o.s.b.f.s.DefaultListableBeanFactory     : Finished creating instance of bean 'fileWatcher'
2024-05-17T15:11:55.717+02:00 DEBUG 4684 --- [clothlogix] [           main] o.s.b.f.s.DefaultListableBeanFactory     : Creating shared instance of singleton bean 'sslPropertiesSslBundleRegistrar'
2024-05-17T15:11:55.717+02:00 TRACE 4684 --- [clothlogix] [           main] o.s.b.f.s.DefaultListableBeanFactory     : Creating instance of bean 'sslPropertiesSslBundleRegistrar'
2024-05-17T15:11:55.717+02:00 TRACE 4684 --- [clothlogix] [           main] o.s.b.f.s.DefaultListableBeanFactory     : Returning cached instance of singleton bean 'org.springframework.transaction.config.internalTransactionAdvisor'
2024-05-17T15:11:55.717+02:00 TRACE 4684 --- [clothlogix] [           main] o.s.b.f.s.DefaultListableBeanFactory     : Returning cached instance of singleton bean 'org.springframework.boot.autoconfigure.ssl.SslAutoConfiguration'
2024-05-17T15:11:55.717+02:00 TRACE 4684 --- [clothlogix] [           main] o.s.b.f.s.DefaultListableBeanFactory     : Returning cached instance of singleton bean 'fileWatcher'
2024-05-17T15:11:55.717+02:00 DEBUG 4684 --- [clothlogix] [           main] o.s.b.f.s.DefaultListableBeanFactory     : Autowiring by type from bean name 'sslPropertiesSslBundleRegistrar' via factory method to bean named 'fileWatcher'
2024-05-17T15:11:55.722+02:00 TRACE 4684 --- [clothlogix] [           main] o.s.b.f.s.DefaultListableBeanFactory     : Returning cached instance of singleton bean 'org.springframework.transaction.config.internalTransactionAdvisor'
2024-05-17T15:11:55.722+02:00 TRACE 4684 --- [clothlogix] [           main] o.s.b.f.s.DefaultListableBeanFactory     : Returning cached instance of singleton bean 'org.springframework.transaction.config.internalTransactionAdvisor'
2024-05-17T15:11:55.723+02:00 TRACE 4684 --- [clothlogix] [           main] o.s.b.f.s.DefaultListableBeanFactory     : Finished creating instance of bean 'sslPropertiesSslBundleRegistrar'
2024-05-17T15:11:55.723+02:00 DEBUG 4684 --- [clothlogix] [           main] o.s.b.f.s.DefaultListableBeanFactory     : Creating shared instance of singleton bean 'sslBundleRegistry'
2024-05-17T15:11:55.723+02:00 TRACE 4684 --- [clothlogix] [           main] o.s.b.f.s.DefaultListableBeanFactory     : Creating instance of bean 'sslBundleRegistry'
2024-05-17T15:11:55.723+02:00 TRACE 4684 --- [clothlogix] [           main] o.s.b.f.s.DefaultListableBeanFactory     : Returning cached instance of singleton bean 'org.springframework.transaction.config.internalTransactionAdvisor'
2024-05-17T15:11:55.723+02:00 TRACE 4684 --- [clothlogix] [           main] o.s.b.f.s.DefaultListableBeanFactory     : Returning cached instance of singleton bean 'org.springframework.boot.autoconfigure.ssl.SslAutoConfiguration'
2024-05-17T15:11:55.723+02:00 TRACE 4684 --- [clothlogix] [           main] o.s.b.f.s.DefaultListableBeanFactory     : Returning cached instance of singleton bean 'sslPropertiesSslBundleRegistrar'
2024-05-17T15:11:55.723+02:00 TRACE 4684 --- [clothlogix] [           main] o.s.b.f.s.DefaultListableBeanFactory     : Returning cached instance of singleton bean 'sslPropertiesSslBundleRegistrar'
2024-05-17T15:11:55.729+02:00 TRACE 4684 --- [clothlogix] [           main] o.s.b.f.s.DefaultListableBeanFactory     : Returning cached instance of singleton bean 'org.springframework.transaction.config.internalTransactionAdvisor'
2024-05-17T15:11:55.729+02:00 TRACE 4684 --- [clothlogix] [           main] o.s.b.f.s.DefaultListableBeanFactory     : Returning cached instance of singleton bean 'org.springframework.transaction.config.internalTransactionAdvisor'
2024-05-17T15:11:55.732+02:00 TRACE 4684 --- [clothlogix] [           main] o.s.b.f.s.DefaultListableBeanFactory     : Finished creating instance of bean 'sslBundleRegistry'
2024-05-17T15:11:55.732+02:00 TRACE 4684 --- [clothlogix] [           main] o.s.b.f.s.DefaultListableBeanFactory     : Returning cached instance of singleton bean 'org.springframework.boot.context.properties.ConfigurationPropertiesBindingPostProcessor'
2024-05-17T15:11:55.732+02:00 TRACE 4684 --- [clothlogix] [           main] o.s.b.f.s.DefaultListableBeanFactory     : Returning cached instance of singleton bean 'org.springframework.boot.context.internalConfigurationPropertiesBinder'
2024-05-17T15:11:55.732+02:00 TRACE 4684 --- [clothlogix] [           main] o.s.b.f.s.DefaultListableBeanFactory     : Returning cached instance of singleton bean 'org.springframework.boot.context.properties.BoundConfigurationProperties'
2024-05-17T15:11:55.732+02:00 TRACE 4684 --- [clothlogix] [           main] o.s.b.f.s.DefaultListableBeanFactory     : Returning cached instance of singleton bean 'org.springframework.boot.context.properties.EnableConfigurationPropertiesRegistrar.methodValidationExcludeFilter'
2024-05-17T15:11:55.732+02:00 TRACE 4684 --- [clothlogix] [           main] o.s.b.f.s.DefaultListableBeanFactory     : Returning cached instance of singleton bean 'spring.ssl-org.springframework.boot.autoconfigure.ssl.SslProperties'
2024-05-17T15:11:55.732+02:00 DEBUG 4684 --- [clothlogix] [           main] o.s.b.f.s.DefaultListableBeanFactory     : Creating shared instance of singleton bean 'org.springframework.boot.autoconfigure.websocket.servlet.WebSocketServletAutoConfiguration$TomcatWebSocketConfiguration'
2024-05-17T15:11:55.732+02:00 TRACE 4684 --- [clothlogix] [           main] o.s.b.f.s.DefaultListableBeanFactory     : Creating instance of bean 'org.springframework.boot.autoconfigure.websocket.servlet.WebSocketServletAutoConfiguration$TomcatWebSocketConfiguration'
2024-05-17T15:11:55.732+02:00 TRACE 4684 --- [clothlogix] [           main] o.s.b.f.s.DefaultListableBeanFactory     : Returning cached instance of singleton bean 'org.springframework.transaction.config.internalTransactionAdvisor'
2024-05-17T15:11:55.732+02:00 TRACE 4684 --- [clothlogix] [           main] o.s.b.f.s.DefaultListableBeanFactory     : Returning cached instance of singleton bean 'org.springframework.transaction.config.internalTransactionAdvisor'
2024-05-17T15:11:55.732+02:00 TRACE 4684 --- [clothlogix] [           main] o.s.b.f.s.DefaultListableBeanFactory     : Returning cached instance of singleton bean 'org.springframework.transaction.config.internalTransactionAdvisor'
2024-05-17T15:11:55.732+02:00 TRACE 4684 --- [clothlogix] [           main] o.s.b.f.s.DefaultListableBeanFactory     : Finished creating instance of bean 'org.springframework.boot.autoconfigure.websocket.servlet.WebSocketServletAutoConfiguration$TomcatWebSocketConfiguration'
2024-05-17T15:11:55.732+02:00 DEBUG 4684 --- [clothlogix] [           main] o.s.b.f.s.DefaultListableBeanFactory     : Creating shared instance of singleton bean 'websocketServletWebServerCustomizer'
2024-05-17T15:11:55.732+02:00 TRACE 4684 --- [clothlogix] [           main] o.s.b.f.s.DefaultListableBeanFactory     : Creating instance of bean 'websocketServletWebServerCustomizer'
2024-05-17T15:11:55.732+02:00 TRACE 4684 --- [clothlogix] [           main] o.s.b.f.s.DefaultListableBeanFactory     : Returning cached instance of singleton bean 'org.springframework.transaction.config.internalTransactionAdvisor'
2024-05-17T15:11:55.732+02:00 TRACE 4684 --- [clothlogix] [           main] o.s.b.f.s.DefaultListableBeanFactory     : Returning cached instance of singleton bean 'org.springframework.boot.autoconfigure.websocket.servlet.WebSocketServletAutoConfiguration$TomcatWebSocketConfiguration'
2024-05-17T15:11:55.732+02:00 TRACE 4684 --- [clothlogix] [           main] o.s.b.f.s.DefaultListableBeanFactory     : Returning cached instance of singleton bean 'org.springframework.transaction.config.internalTransactionAdvisor'
2024-05-17T15:11:55.732+02:00 TRACE 4684 --- [clothlogix] [           main] o.s.b.f.s.DefaultListableBeanFactory     : Returning cached instance of singleton bean 'org.springframework.transaction.config.internalTransactionAdvisor'
2024-05-17T15:11:55.732+02:00 TRACE 4684 --- [clothlogix] [           main] o.s.b.f.s.DefaultListableBeanFactory     : Finished creating instance of bean 'websocketServletWebServerCustomizer'
2024-05-17T15:11:55.732+02:00 DEBUG 4684 --- [clothlogix] [           main] o.s.b.f.s.DefaultListableBeanFactory     : Creating shared instance of singleton bean 'org.springframework.boot.autoconfigure.websocket.servlet.WebSocketServletAutoConfiguration'
2024-05-17T15:11:55.732+02:00 TRACE 4684 --- [clothlogix] [           main] o.s.b.f.s.DefaultListableBeanFactory     : Creating instance of bean 'org.springframework.boot.autoconfigure.websocket.servlet.WebSocketServletAutoConfiguration'
2024-05-17T15:11:55.732+02:00 TRACE 4684 --- [clothlogix] [           main] o.s.b.f.s.DefaultListableBeanFactory     : Returning cached instance of singleton bean 'org.springframework.transaction.config.internalTransactionAdvisor'
2024-05-17T15:11:55.732+02:00 TRACE 4684 --- [clothlogix] [           main] o.s.b.f.s.DefaultListableBeanFactory     : Returning cached instance of singleton bean 'org.springframework.transaction.config.internalTransactionAdvisor'
2024-05-17T15:11:55.732+02:00 TRACE 4684 --- [clothlogix] [           main] o.s.b.f.s.DefaultListableBeanFactory     : Returning cached instance of singleton bean 'org.springframework.transaction.config.internalTransactionAdvisor'
2024-05-17T15:11:55.732+02:00 TRACE 4684 --- [clothlogix] [           main] o.s.b.f.s.DefaultListableBeanFactory     : Finished creating instance of bean 'org.springframework.boot.autoconfigure.websocket.servlet.WebSocketServletAutoConfiguration'
2024-05-17T15:11:55.732+02:00 DEBUG 4684 --- [clothlogix] [           main] o.s.b.f.s.DefaultListableBeanFactory     : Creating shared instance of singleton bean 'org.springframework.boot.autoconfigure.web.servlet.ServletWebServerFactoryConfiguration$EmbeddedTomcat'
2024-05-17T15:11:55.732+02:00 TRACE 4684 --- [clothlogix] [           main] o.s.b.f.s.DefaultListableBeanFactory     : Creating instance of bean 'org.springframework.boot.autoconfigure.web.servlet.ServletWebServerFactoryConfiguration$EmbeddedTomcat'
2024-05-17T15:11:55.732+02:00 TRACE 4684 --- [clothlogix] [           main] o.s.b.f.s.DefaultListableBeanFactory     : Returning cached instance of singleton bean 'org.springframework.transaction.config.internalTransactionAdvisor'
2024-05-17T15:11:55.732+02:00 TRACE 4684 --- [clothlogix] [           main] o.s.b.f.s.DefaultListableBeanFactory     : Returning cached instance of singleton bean 'org.springframework.transaction.config.internalTransactionAdvisor'
2024-05-17T15:11:55.732+02:00 TRACE 4684 --- [clothlogix] [           main] o.s.b.f.s.DefaultListableBeanFactory     : Returning cached instance of singleton bean 'org.springframework.transaction.config.internalTransactionAdvisor'
2024-05-17T15:11:55.732+02:00 TRACE 4684 --- [clothlogix] [           main] o.s.b.f.s.DefaultListableBeanFactory     : Finished creating instance of bean 'org.springframework.boot.autoconfigure.web.servlet.ServletWebServerFactoryConfiguration$EmbeddedTomcat'
2024-05-17T15:11:55.732+02:00 DEBUG 4684 --- [clothlogix] [           main] o.s.b.f.s.DefaultListableBeanFactory     : Creating shared instance of singleton bean 'tomcatServletWebServerFactory'
2024-05-17T15:11:55.732+02:00 TRACE 4684 --- [clothlogix] [           main] o.s.b.f.s.DefaultListableBeanFactory     : Creating instance of bean 'tomcatServletWebServerFactory'
2024-05-17T15:11:55.732+02:00 TRACE 4684 --- [clothlogix] [           main] o.s.b.f.s.DefaultListableBeanFactory     : Returning cached instance of singleton bean 'org.springframework.transaction.config.internalTransactionAdvisor'
2024-05-17T15:11:55.732+02:00 TRACE 4684 --- [clothlogix] [           main] o.s.b.f.s.DefaultListableBeanFactory     : Returning cached instance of singleton bean 'org.springframework.boot.autoconfigure.web.servlet.ServletWebServerFactoryConfiguration$EmbeddedTomcat'
2024-05-17T15:11:55.762+02:00 DEBUG 4684 --- [clothlogix] [           main] o.a.catalina.core.AprLifecycleListener   : The Apache Tomcat Native library could not be found using names [tcnative-2, libtcnative-2, tcnative-1, libtcnative-1] on the java.library.path [C:\Users\salvatoresilvestri\.jdks\corretto-19.0.2\bin;C:\windows\Sun\Java\bin;C:\windows\system32;C:\windows;C:\Program Files\Common Files\Oracle\Java\javapath;C:\Program Files (x86)\Common Files\Oracle\Java\javapath;C:\ProgramData\Oracle\Java\javapath;C:\windows\system32;C:\windows;C:\windows\System32\Wbem;C:\windows\System32\WindowsPowerShell\v1.0\;C:\windows\System32\OpenSSH\;C:\Program Files\PuTTY\;C:\Program Files\TortoiseSVN\bin;C:\Program Files\Git\cmd;C:\Program Files\MySQL\MySQL Shell 8.0\bin\;C:\Users\salvatoresilvestri\AppData\Local\Microsoft\WindowsApps;;.]. The errors reported were [Can't load library: C:\Sviluppo\workArea\clothlogix\bin\tcnative-2.dll, Can't load library: C:\Sviluppo\workArea\clothlogix\bin\libtcnative-2.dll, Can't load library: C:\Sviluppo\workArea\clothlogix\bin\tcnative-1.dll, Can't load library: C:\Sviluppo\workArea\clothlogix\bin\libtcnative-1.dll, no tcnative-2 in java.library.path: C:\Users\salvatoresilvestri\.jdks\corretto-19.0.2\bin;C:\windows\Sun\Java\bin;C:\windows\system32;C:\windows;C:\Program Files\Common Files\Oracle\Java\javapath;C:\Program Files (x86)\Common Files\Oracle\Java\javapath;C:\ProgramData\Oracle\Java\javapath;C:\windows\system32;C:\windows;C:\windows\System32\Wbem;C:\windows\System32\WindowsPowerShell\v1.0\;C:\windows\System32\OpenSSH\;C:\Program Files\PuTTY\;C:\Program Files\TortoiseSVN\bin;C:\Program Files\Git\cmd;C:\Program Files\MySQL\MySQL Shell 8.0\bin\;C:\Users\salvatoresilvestri\AppData\Local\Microsoft\WindowsApps;;., no libtcnative-2 in java.library.path: C:\Users\salvatoresilvestri\.jdks\corretto-19.0.2\bin;C:\windows\Sun\Java\bin;C:\windows\system32;C:\windows;C:\Program Files\Common Files\Oracle\Java\javapath;C:\Program Files (x86)\Common Files\Oracle\Java\javapath;C:\ProgramData\Oracle\Java\javapath;C:\windows\system32;C:\windows;C:\windows\System32\Wbem;C:\windows\System32\WindowsPowerShell\v1.0\;C:\windows\System32\OpenSSH\;C:\Program Files\PuTTY\;C:\Program Files\TortoiseSVN\bin;C:\Program Files\Git\cmd;C:\Program Files\MySQL\MySQL Shell 8.0\bin\;C:\Users\salvatoresilvestri\AppData\Local\Microsoft\WindowsApps;;., no tcnative-1 in java.library.path: C:\Users\salvatoresilvestri\.jdks\corretto-19.0.2\bin;C:\windows\Sun\Java\bin;C:\windows\system32;C:\windows;C:\Program Files\Common Files\Oracle\Java\javapath;C:\Program Files (x86)\Common Files\Oracle\Java\javapath;C:\ProgramData\Oracle\Java\javapath;C:\windows\system32;C:\windows;C:\windows\System32\Wbem;C:\windows\System32\WindowsPowerShell\v1.0\;C:\windows\System32\OpenSSH\;C:\Program Files\PuTTY\;C:\Program Files\TortoiseSVN\bin;C:\Program Files\Git\cmd;C:\Program Files\MySQL\MySQL Shell 8.0\bin\;C:\Users\salvatoresilvestri\AppData\Local\Microsoft\WindowsApps;;., no libtcnative-1 in java.library.path: C:\Users\salvatoresilvestri\.jdks\corretto-19.0.2\bin;C:\windows\Sun\Java\bin;C:\windows\system32;C:\windows;C:\Program Files\Common Files\Oracle\Java\javapath;C:\Program Files (x86)\Common Files\Oracle\Java\javapath;C:\ProgramData\Oracle\Java\javapath;C:\windows\system32;C:\windows;C:\windows\System32\Wbem;C:\windows\System32\WindowsPowerShell\v1.0\;C:\windows\System32\OpenSSH\;C:\Program Files\PuTTY\;C:\Program Files\TortoiseSVN\bin;C:\Program Files\Git\cmd;C:\Program Files\MySQL\MySQL Shell 8.0\bin\;C:\Users\salvatoresilvestri\AppData\Local\Microsoft\WindowsApps;;.]

org.apache.tomcat.jni.LibraryNotFoundError: Can't load library: C:\Sviluppo\workArea\clothlogix\bin\tcnative-2.dll, Can't load library: C:\Sviluppo\workArea\clothlogix\bin\libtcnative-2.dll, Can't load library: C:\Sviluppo\workArea\clothlogix\bin\tcnative-1.dll, Can't load library: C:\Sviluppo\workArea\clothlogix\bin\libtcnative-1.dll, no tcnative-2 in java.library.path: C:\Users\salvatoresilvestri\.jdks\corretto-19.0.2\bin;C:\windows\Sun\Java\bin;C:\windows\system32;C:\windows;C:\Program Files\Common Files\Oracle\Java\javapath;C:\Program Files (x86)\Common Files\Oracle\Java\javapath;C:\ProgramData\Oracle\Java\javapath;C:\windows\system32;C:\windows;C:\windows\System32\Wbem;C:\windows\System32\WindowsPowerShell\v1.0\;C:\windows\System32\OpenSSH\;C:\Program Files\PuTTY\;C:\Program Files\TortoiseSVN\bin;C:\Program Files\Git\cmd;C:\Program Files\MySQL\MySQL Shell 8.0\bin\;C:\Users\salvatoresilvestri\AppData\Local\Microsoft\WindowsApps;;., no libtcnative-2 in java.library.path: C:\Users\salvatoresilvestri\.jdks\corretto-19.0.2\bin;C:\windows\Sun\Java\bin;C:\windows\system32;C:\windows;C:\Program Files\Common Files\Oracle\Java\javapath;C:\Program Files (x86)\Common Files\Oracle\Java\javapath;C:\ProgramData\Oracle\Java\javapath;C:\windows\system32;C:\windows;C:\windows\System32\Wbem;C:\windows\System32\WindowsPowerShell\v1.0\;C:\windows\System32\OpenSSH\;C:\Program Files\PuTTY\;C:\Program Files\TortoiseSVN\bin;C:\Program Files\Git\cmd;C:\Program Files\MySQL\MySQL Shell 8.0\bin\;C:\Users\salvatoresilvestri\AppData\Local\Microsoft\WindowsApps;;., no tcnative-1 in java.library.path: C:\Users\salvatoresilvestri\.jdks\corretto-19.0.2\bin;C:\windows\Sun\Java\bin;C:\windows\system32;C:\windows;C:\Program Files\Common Files\Oracle\Java\javapath;C:\Program Files (x86)\Common Files\Oracle\Java\javapath;C:\ProgramData\Oracle\Java\javapath;C:\windows\system32;C:\windows;C:\windows\System32\Wbem;C:\windows\System32\WindowsPowerShell\v1.0\;C:\windows\System32\OpenSSH\;C:\Program Files\PuTTY\;C:\Program Files\TortoiseSVN\bin;C:\Program Files\Git\cmd;C:\Program Files\MySQL\MySQL Shell 8.0\bin\;C:\Users\salvatoresilvestri\AppData\Local\Microsoft\WindowsApps;;., no libtcnative-1 in java.library.path: C:\Users\salvatoresilvestri\.jdks\corretto-19.0.2\bin;C:\windows\Sun\Java\bin;C:\windows\system32;C:\windows;C:\Program Files\Common Files\Oracle\Java\javapath;C:\Program Files (x86)\Common Files\Oracle\Java\javapath;C:\ProgramData\Oracle\Java\javapath;C:\windows\system32;C:\windows;C:\windows\System32\Wbem;C:\windows\System32\WindowsPowerShell\v1.0\;C:\windows\System32\OpenSSH\;C:\Program Files\PuTTY\;C:\Program Files\TortoiseSVN\bin;C:\Program Files\Git\cmd;C:\Program Files\MySQL\MySQL Shell 8.0\bin\;C:\Users\salvatoresilvestri\AppData\Local\Microsoft\WindowsApps;;.
	at org.apache.tomcat.jni.Library.<init>(Library.java:91) ~[tomcat-embed-core-10.1.20.jar:10.1.20]
	at org.apache.tomcat.jni.Library.initialize(Library.java:147) ~[tomcat-embed-core-10.1.20.jar:10.1.20]
	at org.apache.catalina.core.AprLifecycleListener.init(AprLifecycleListener.java:189) ~[tomcat-embed-core-10.1.20.jar:10.1.20]
	at org.apache.catalina.core.AprLifecycleListener.isAprAvailable(AprLifecycleListener.java:106) ~[tomcat-embed-core-10.1.20.jar:10.1.20]
	at org.springframework.boot.web.embedded.tomcat.TomcatServletWebServerFactory.getDefaultServerLifecycleListeners(TomcatServletWebServerFactory.java:189) ~[spring-boot-3.2.5.jar:3.2.5]
	at org.springframework.boot.web.embedded.tomcat.TomcatServletWebServerFactory.<init>(TomcatServletWebServerFactory.java:136) ~[spring-boot-3.2.5.jar:3.2.5]
	at org.springframework.boot.autoconfigure.web.servlet.ServletWebServerFactoryConfiguration$EmbeddedTomcat.tomcatServletWebServerFactory(ServletWebServerFactoryConfiguration.java:73) ~[spring-boot-autoconfigure-3.2.5.jar:3.2.5]
	at java.base/jdk.internal.reflect.DirectMethodHandleAccessor.invoke(DirectMethodHandleAccessor.java:104) ~[na:na]
	at java.base/java.lang.reflect.Method.invoke(Method.java:578) ~[na:na]
	at org.springframework.beans.factory.support.SimpleInstantiationStrategy.instantiate(SimpleInstantiationStrategy.java:140) ~[spring-beans-6.1.6.jar:6.1.6]
	at org.springframework.beans.factory.support.ConstructorResolver.instantiate(ConstructorResolver.java:644) ~[spring-beans-6.1.6.jar:6.1.6]
	at org.springframework.beans.factory.support.ConstructorResolver.instantiateUsingFactoryMethod(ConstructorResolver.java:636) ~[spring-beans-6.1.6.jar:6.1.6]
	at org.springframework.beans.factory.support.AbstractAutowireCapableBeanFactory.instantiateUsingFactoryMethod(AbstractAutowireCapableBeanFactory.java:1335) ~[spring-beans-6.1.6.jar:6.1.6]
	at org.springframework.beans.factory.support.AbstractAutowireCapableBeanFactory.createBeanInstance(AbstractAutowireCapableBeanFactory.java:1165) ~[spring-beans-6.1.6.jar:6.1.6]
	at org.springframework.beans.factory.support.AbstractAutowireCapableBeanFactory.doCreateBean(AbstractAutowireCapableBeanFactory.java:562) ~[spring-beans-6.1.6.jar:6.1.6]
	at org.springframework.beans.factory.support.AbstractAutowireCapableBeanFactory.createBean(AbstractAutowireCapableBeanFactory.java:522) ~[spring-beans-6.1.6.jar:6.1.6]
	at org.springframework.beans.factory.support.AbstractBeanFactory.lambda$doGetBean$0(AbstractBeanFactory.java:326) ~[spring-beans-6.1.6.jar:6.1.6]
	at org.springframework.beans.factory.support.DefaultSingletonBeanRegistry.getSingleton(DefaultSingletonBeanRegistry.java:234) ~[spring-beans-6.1.6.jar:6.1.6]
	at org.springframework.beans.factory.support.AbstractBeanFactory.doGetBean(AbstractBeanFactory.java:324) ~[spring-beans-6.1.6.jar:6.1.6]
	at org.springframework.beans.factory.support.AbstractBeanFactory.getBean(AbstractBeanFactory.java:200) ~[spring-beans-6.1.6.jar:6.1.6]
	at org.springframework.beans.factory.support.DefaultListableBeanFactory.preInstantiateSingletons(DefaultListableBeanFactory.java:975) ~[spring-beans-6.1.6.jar:6.1.6]
	at org.springframework.context.support.AbstractApplicationContext.finishBeanFactoryInitialization(AbstractApplicationContext.java:962) ~[spring-context-6.1.6.jar:6.1.6]
	at org.springframework.context.support.AbstractApplicationContext.refresh(AbstractApplicationContext.java:624) ~[spring-context-6.1.6.jar:6.1.6]
	at org.springframework.boot.SpringApplication.refresh(SpringApplication.java:754) ~[spring-boot-3.2.5.jar:3.2.5]
	at org.springframework.boot.SpringApplication.refreshContext(SpringApplication.java:456) ~[spring-boot-3.2.5.jar:3.2.5]
	at org.springframework.boot.SpringApplication.run(SpringApplication.java:334) ~[spring-boot-3.2.5.jar:3.2.5]
	at org.springframework.boot.test.context.SpringBootContextLoader.lambda$loadContext$3(SpringBootContextLoader.java:137) ~[spring-boot-test-3.2.5.jar:3.2.5]
	at org.springframework.util.function.ThrowingSupplier.get(ThrowingSupplier.java:58) ~[spring-core-6.1.6.jar:6.1.6]
	at org.springframework.util.function.ThrowingSupplier.get(ThrowingSupplier.java:46) ~[spring-core-6.1.6.jar:6.1.6]
	at org.springframework.boot.SpringApplication.withHook(SpringApplication.java:1454) ~[spring-boot-3.2.5.jar:3.2.5]
	at org.springframework.boot.test.context.SpringBootContextLoader$ContextLoaderHook.run(SpringBootContextLoader.java:553) ~[spring-boot-test-3.2.5.jar:3.2.5]
	at org.springframework.boot.test.context.SpringBootContextLoader.loadContext(SpringBootContextLoader.java:137) ~[spring-boot-test-3.2.5.jar:3.2.5]
	at org.springframework.boot.test.context.SpringBootContextLoader.loadContext(SpringBootContextLoader.java:108) ~[spring-boot-test-3.2.5.jar:3.2.5]
	at org.springframework.test.context.cache.DefaultCacheAwareContextLoaderDelegate.loadContextInternal(DefaultCacheAwareContextLoaderDelegate.java:225) ~[spring-test-6.1.6.jar:6.1.6]
	at org.springframework.test.context.cache.DefaultCacheAwareContextLoaderDelegate.loadContext(DefaultCacheAwareContextLoaderDelegate.java:152) ~[spring-test-6.1.6.jar:6.1.6]
	at org.springframework.test.context.support.DefaultTestContext.getApplicationContext(DefaultTestContext.java:130) ~[spring-test-6.1.6.jar:6.1.6]
	at org.springframework.test.context.web.ServletTestExecutionListener.setUpRequestContextIfNecessary(ServletTestExecutionListener.java:191) ~[spring-test-6.1.6.jar:6.1.6]
	at org.springframework.test.context.web.ServletTestExecutionListener.prepareTestInstance(ServletTestExecutionListener.java:130) ~[spring-test-6.1.6.jar:6.1.6]
	at org.springframework.test.context.TestContextManager.prepareTestInstance(TestContextManager.java:260) ~[spring-test-6.1.6.jar:6.1.6]
	at org.springframework.test.context.junit.jupiter.SpringExtension.postProcessTestInstance(SpringExtension.java:163) ~[spring-test-6.1.6.jar:6.1.6]
	at org.junit.jupiter.engine.descriptor.ClassBasedTestDescriptor.lambda$invokeTestInstancePostProcessors$10(ClassBasedTestDescriptor.java:378) ~[junit-jupiter-engine-5.10.2.jar:5.10.2]
	at org.junit.jupiter.engine.descriptor.ClassBasedTestDescriptor.executeAndMaskThrowable(ClassBasedTestDescriptor.java:383) ~[junit-jupiter-engine-5.10.2.jar:5.10.2]
	at org.junit.jupiter.engine.descriptor.ClassBasedTestDescriptor.lambda$invokeTestInstancePostProcessors$11(ClassBasedTestDescriptor.java:378) ~[junit-jupiter-engine-5.10.2.jar:5.10.2]
	at java.base/java.util.stream.ReferencePipeline$3$1.accept(ReferencePipeline.java:197) ~[na:na]
	at java.base/java.util.stream.ReferencePipeline$2$1.accept(ReferencePipeline.java:179) ~[na:na]
	at java.base/java.util.ArrayList$ArrayListSpliterator.forEachRemaining(ArrayList.java:1625) ~[na:na]
	at java.base/java.util.stream.AbstractPipeline.copyInto(AbstractPipeline.java:509) ~[na:na]
	at java.base/java.util.stream.AbstractPipeline.wrapAndCopyInto(AbstractPipeline.java:499) ~[na:na]
	at java.base/java.util.stream.StreamSpliterators$WrappingSpliterator.forEachRemaining(StreamSpliterators.java:310) ~[na:na]
	at java.base/java.util.stream.Streams$ConcatSpliterator.forEachRemaining(Streams.java:735) ~[na:na]
	at java.base/java.util.stream.Streams$ConcatSpliterator.forEachRemaining(Streams.java:734) ~[na:na]
	at java.base/java.util.stream.ReferencePipeline$Head.forEach(ReferencePipeline.java:762) ~[na:na]
	at org.junit.jupiter.engine.descriptor.ClassBasedTestDescriptor.invokeTestInstancePostProcessors(ClassBasedTestDescriptor.java:377) ~[junit-jupiter-engine-5.10.2.jar:5.10.2]
	at org.junit.jupiter.engine.descriptor.ClassBasedTestDescriptor.lambda$instantiateAndPostProcessTestInstance$6(ClassBasedTestDescriptor.java:290) ~[junit-jupiter-engine-5.10.2.jar:5.10.2]
	at org.junit.platform.engine.support.hierarchical.ThrowableCollector.execute(ThrowableCollector.java:73) ~[junit-platform-engine-1.10.2.jar:1.10.2]
	at org.junit.jupiter.engine.descriptor.ClassBasedTestDescriptor.instantiateAndPostProcessTestInstance(ClassBasedTestDescriptor.java:289) ~[junit-jupiter-engine-5.10.2.jar:5.10.2]
	at org.junit.jupiter.engine.descriptor.ClassBasedTestDescriptor.lambda$testInstancesProvider$4(ClassBasedTestDescriptor.java:279) ~[junit-jupiter-engine-5.10.2.jar:5.10.2]
	at java.base/java.util.Optional.orElseGet(Optional.java:364) ~[na:na]
	at org.junit.jupiter.engine.descriptor.ClassBasedTestDescriptor.lambda$testInstancesProvider$5(ClassBasedTestDescriptor.java:278) ~[junit-jupiter-engine-5.10.2.jar:5.10.2]
	at org.junit.jupiter.engine.execution.TestInstancesProvider.getTestInstances(TestInstancesProvider.java:31) ~[junit-jupiter-engine-5.10.2.jar:5.10.2]
	at org.junit.jupiter.engine.descriptor.TestMethodTestDescriptor.lambda$prepare$0(TestMethodTestDescriptor.java:106) ~[junit-jupiter-engine-5.10.2.jar:5.10.2]
	at org.junit.platform.engine.support.hierarchical.ThrowableCollector.execute(ThrowableCollector.java:73) ~[junit-platform-engine-1.10.2.jar:1.10.2]
	at org.junit.jupiter.engine.descriptor.TestMethodTestDescriptor.prepare(TestMethodTestDescriptor.java:105) ~[junit-jupiter-engine-5.10.2.jar:5.10.2]
	at org.junit.jupiter.engine.descriptor.TestMethodTestDescriptor.prepare(TestMethodTestDescriptor.java:69) ~[junit-jupiter-engine-5.10.2.jar:5.10.2]
	at org.junit.platform.engine.support.hierarchical.NodeTestTask.lambda$prepare$2(NodeTestTask.java:123) ~[junit-platform-engine-1.10.2.jar:1.10.2]
	at org.junit.platform.engine.support.hierarchical.ThrowableCollector.execute(ThrowableCollector.java:73) ~[junit-platform-engine-1.10.2.jar:1.10.2]
	at org.junit.platform.engine.support.hierarchical.NodeTestTask.prepare(NodeTestTask.java:123) ~[junit-platform-engine-1.10.2.jar:1.10.2]
	at org.junit.platform.engine.support.hierarchical.NodeTestTask.execute(NodeTestTask.java:90) ~[junit-platform-engine-1.10.2.jar:1.10.2]
	at java.base/java.util.ArrayList.forEach(ArrayList.java:1511) ~[na:na]
	at org.junit.platform.engine.support.hierarchical.SameThreadHierarchicalTestExecutorService.invokeAll(SameThreadHierarchicalTestExecutorService.java:41) ~[junit-platform-engine-1.10.2.jar:1.10.2]
	at org.junit.platform.engine.support.hierarchical.NodeTestTask.lambda$executeRecursively$6(NodeTestTask.java:155) ~[junit-platform-engine-1.10.2.jar:1.10.2]
	at org.junit.platform.engine.support.hierarchical.ThrowableCollector.execute(ThrowableCollector.java:73) ~[junit-platform-engine-1.10.2.jar:1.10.2]
	at org.junit.platform.engine.support.hierarchical.NodeTestTask.lambda$executeRecursively$8(NodeTestTask.java:141) ~[junit-platform-engine-1.10.2.jar:1.10.2]
	at org.junit.platform.engine.support.hierarchical.Node.around(Node.java:137) ~[junit-platform-engine-1.10.2.jar:1.10.2]
	at org.junit.platform.engine.support.hierarchical.NodeTestTask.lambda$executeRecursively$9(NodeTestTask.java:139) ~[junit-platform-engine-1.10.2.jar:1.10.2]
	at org.junit.platform.engine.support.hierarchical.ThrowableCollector.execute(ThrowableCollector.java:73) ~[junit-platform-engine-1.10.2.jar:1.10.2]
	at org.junit.platform.engine.support.hierarchical.NodeTestTask.executeRecursively(NodeTestTask.java:138) ~[junit-platform-engine-1.10.2.jar:1.10.2]
	at org.junit.platform.engine.support.hierarchical.NodeTestTask.execute(NodeTestTask.java:95) ~[junit-platform-engine-1.10.2.jar:1.10.2]
	at java.base/java.util.ArrayList.forEach(ArrayList.java:1511) ~[na:na]
	at org.junit.platform.engine.support.hierarchical.SameThreadHierarchicalTestExecutorService.invokeAll(SameThreadHierarchicalTestExecutorService.java:41) ~[junit-platform-engine-1.10.2.jar:1.10.2]
	at org.junit.platform.engine.support.hierarchical.NodeTestTask.lambda$executeRecursively$6(NodeTestTask.java:155) ~[junit-platform-engine-1.10.2.jar:1.10.2]
	at org.junit.platform.engine.support.hierarchical.ThrowableCollector.execute(ThrowableCollector.java:73) ~[junit-platform-engine-1.10.2.jar:1.10.2]
	at org.junit.platform.engine.support.hierarchical.NodeTestTask.lambda$executeRecursively$8(NodeTestTask.java:141) ~[junit-platform-engine-1.10.2.jar:1.10.2]
	at org.junit.platform.engine.support.hierarchical.Node.around(Node.java:137) ~[junit-platform-engine-1.10.2.jar:1.10.2]
	at org.junit.platform.engine.support.hierarchical.NodeTestTask.lambda$executeRecursively$9(NodeTestTask.java:139) ~[junit-platform-engine-1.10.2.jar:1.10.2]
	at org.junit.platform.engine.support.hierarchical.ThrowableCollector.execute(ThrowableCollector.java:73) ~[junit-platform-engine-1.10.2.jar:1.10.2]
	at org.junit.platform.engine.support.hierarchical.NodeTestTask.executeRecursively(NodeTestTask.java:138) ~[junit-platform-engine-1.10.2.jar:1.10.2]
	at org.junit.platform.engine.support.hierarchical.NodeTestTask.execute(NodeTestTask.java:95) ~[junit-platform-engine-1.10.2.jar:1.10.2]
	at org.junit.platform.engine.support.hierarchical.SameThreadHierarchicalTestExecutorService.submit(SameThreadHierarchicalTestExecutorService.java:35) ~[junit-platform-engine-1.10.2.jar:1.10.2]
	at org.junit.platform.engine.support.hierarchical.HierarchicalTestExecutor.execute(HierarchicalTestExecutor.java:57) ~[junit-platform-engine-1.10.2.jar:1.10.2]
	at org.junit.platform.engine.support.hierarchical.HierarchicalTestEngine.execute(HierarchicalTestEngine.java:54) ~[junit-platform-engine-1.10.2.jar:1.10.2]
	at org.junit.platform.launcher.core.EngineExecutionOrchestrator.execute(EngineExecutionOrchestrator.java:198) ~[junit-platform-launcher-1.10.2.jar:1.10.2]
	at org.junit.platform.launcher.core.EngineExecutionOrchestrator.execute(EngineExecutionOrchestrator.java:169) ~[junit-platform-launcher-1.10.2.jar:1.10.2]
	at org.junit.platform.launcher.core.EngineExecutionOrchestrator.execute(EngineExecutionOrchestrator.java:93) ~[junit-platform-launcher-1.10.2.jar:1.10.2]
	at org.junit.platform.launcher.core.EngineExecutionOrchestrator.lambda$execute$0(EngineExecutionOrchestrator.java:58) ~[junit-platform-launcher-1.10.2.jar:1.10.2]
	at org.junit.platform.launcher.core.EngineExecutionOrchestrator.withInterceptedStreams(EngineExecutionOrchestrator.java:141) ~[junit-platform-launcher-1.10.2.jar:1.10.2]
	at org.junit.platform.launcher.core.EngineExecutionOrchestrator.execute(EngineExecutionOrchestrator.java:57) ~[junit-platform-launcher-1.10.2.jar:1.10.2]
	at org.junit.platform.launcher.core.DefaultLauncher.execute(DefaultLauncher.java:103) ~[junit-platform-launcher-1.10.2.jar:1.10.2]
	at org.junit.platform.launcher.core.DefaultLauncher.execute(DefaultLauncher.java:85) ~[junit-platform-launcher-1.10.2.jar:1.10.2]
	at org.junit.platform.launcher.core.DelegatingLauncher.execute(DelegatingLauncher.java:47) ~[junit-platform-launcher-1.10.2.jar:1.10.2]
	at org.apache.maven.surefire.junitplatform.LazyLauncher.execute(LazyLauncher.java:56) ~[surefire-junit-platform-3.1.2.jar:3.1.2]
	at org.apache.maven.surefire.junitplatform.JUnitPlatformProvider.execute(JUnitPlatformProvider.java:184) ~[surefire-junit-platform-3.1.2.jar:3.1.2]
	at org.apache.maven.surefire.junitplatform.JUnitPlatformProvider.invokeAllTests(JUnitPlatformProvider.java:148) ~[surefire-junit-platform-3.1.2.jar:3.1.2]
	at org.apache.maven.surefire.junitplatform.JUnitPlatformProvider.invoke(JUnitPlatformProvider.java:122) ~[surefire-junit-platform-3.1.2.jar:3.1.2]
	at org.apache.maven.surefire.booter.ForkedBooter.runSuitesInProcess(ForkedBooter.java:385) ~[surefire-booter-3.1.2.jar:3.1.2]
	at org.apache.maven.surefire.booter.ForkedBooter.execute(ForkedBooter.java:162) ~[surefire-booter-3.1.2.jar:3.1.2]
	at org.apache.maven.surefire.booter.ForkedBooter.run(ForkedBooter.java:507) ~[surefire-booter-3.1.2.jar:3.1.2]
	at org.apache.maven.surefire.booter.ForkedBooter.main(ForkedBooter.java:495) ~[surefire-booter-3.1.2.jar:3.1.2]

2024-05-17T15:11:55.782+02:00 TRACE 4684 --- [clothlogix] [           main] o.s.b.f.s.DefaultListableBeanFactory     : Returning cached instance of singleton bean 'websocketServletWebServerCustomizer'
2024-05-17T15:11:55.782+02:00 DEBUG 4684 --- [clothlogix] [           main] o.s.b.f.s.DefaultListableBeanFactory     : Creating shared instance of singleton bean 'servletWebServerFactoryCustomizer'
2024-05-17T15:11:55.782+02:00 TRACE 4684 --- [clothlogix] [           main] o.s.b.f.s.DefaultListableBeanFactory     : Creating instance of bean 'servletWebServerFactoryCustomizer'
2024-05-17T15:11:55.782+02:00 TRACE 4684 --- [clothlogix] [           main] o.s.b.f.s.DefaultListableBeanFactory     : Returning cached instance of singleton bean 'org.springframework.transaction.config.internalTransactionAdvisor'
2024-05-17T15:11:55.782+02:00 DEBUG 4684 --- [clothlogix] [           main] o.s.b.f.s.DefaultListableBeanFactory     : Creating shared instance of singleton bean 'org.springframework.boot.autoconfigure.web.servlet.ServletWebServerFactoryAutoConfiguration'
2024-05-17T15:11:55.782+02:00 TRACE 4684 --- [clothlogix] [           main] o.s.b.f.s.DefaultListableBeanFactory     : Creating instance of bean 'org.springframework.boot.autoconfigure.web.servlet.ServletWebServerFactoryAutoConfiguration'
2024-05-17T15:11:55.782+02:00 TRACE 4684 --- [clothlogix] [           main] o.s.b.f.s.DefaultListableBeanFactory     : Returning cached instance of singleton bean 'org.springframework.transaction.config.internalTransactionAdvisor'
2024-05-17T15:11:55.788+02:00 TRACE 4684 --- [clothlogix] [           main] o.s.b.f.s.DefaultListableBeanFactory     : Returning cached instance of singleton bean 'org.springframework.transaction.config.internalTransactionAdvisor'
2024-05-17T15:11:55.788+02:00 TRACE 4684 --- [clothlogix] [           main] o.s.b.f.s.DefaultListableBeanFactory     : Returning cached instance of singleton bean 'org.springframework.transaction.config.internalTransactionAdvisor'
2024-05-17T15:11:55.788+02:00 TRACE 4684 --- [clothlogix] [           main] o.s.b.f.s.DefaultListableBeanFactory     : Finished creating instance of bean 'org.springframework.boot.autoconfigure.web.servlet.ServletWebServerFactoryAutoConfiguration'
2024-05-17T15:11:55.788+02:00 DEBUG 4684 --- [clothlogix] [           main] o.s.b.f.s.DefaultListableBeanFactory     : Creating shared instance of singleton bean 'server-org.springframework.boot.autoconfigure.web.ServerProperties'
2024-05-17T15:11:55.788+02:00 TRACE 4684 --- [clothlogix] [           main] o.s.b.f.s.DefaultListableBeanFactory     : Creating instance of bean 'server-org.springframework.boot.autoconfigure.web.ServerProperties'
2024-05-17T15:11:55.788+02:00 TRACE 4684 --- [clothlogix] [           main] o.s.b.f.s.DefaultListableBeanFactory     : Returning cached instance of singleton bean 'org.springframework.transaction.config.internalTransactionAdvisor'
2024-05-17T15:11:55.796+02:00 TRACE 4684 --- [clothlogix] [           main] o.s.b.f.s.DefaultListableBeanFactory     : Returning cached instance of singleton bean 'org.springframework.boot.context.properties.BoundConfigurationProperties'
2024-05-17T15:11:55.802+02:00 TRACE 4684 --- [clothlogix] [           main] o.s.b.f.s.DefaultListableBeanFactory     : Returning cached instance of singleton bean 'org.springframework.transaction.config.internalTransactionAdvisor'
2024-05-17T15:11:55.802+02:00 TRACE 4684 --- [clothlogix] [           main] o.s.b.f.s.DefaultListableBeanFactory     : Returning cached instance of singleton bean 'org.springframework.transaction.config.internalTransactionAdvisor'
2024-05-17T15:11:55.802+02:00 TRACE 4684 --- [clothlogix] [           main] o.s.b.f.s.DefaultListableBeanFactory     : Finished creating instance of bean 'server-org.springframework.boot.autoconfigure.web.ServerProperties'
2024-05-17T15:11:55.804+02:00 DEBUG 4684 --- [clothlogix] [           main] o.s.b.f.s.DefaultListableBeanFactory     : Autowiring by type from bean name 'servletWebServerFactoryCustomizer' via factory method to bean named 'server-org.springframework.boot.autoconfigure.web.ServerProperties'
2024-05-17T15:11:55.804+02:00 TRACE 4684 --- [clothlogix] [           main] o.s.b.f.s.DefaultListableBeanFactory     : Returning cached instance of singleton bean 'sslBundleRegistry'
2024-05-17T15:11:55.804+02:00 TRACE 4684 --- [clothlogix] [           main] o.s.b.f.s.DefaultListableBeanFactory     : Returning cached instance of singleton bean 'org.springframework.transaction.config.internalTransactionAdvisor'
2024-05-17T15:11:55.804+02:00 TRACE 4684 --- [clothlogix] [           main] o.s.b.f.s.DefaultListableBeanFactory     : Returning cached instance of singleton bean 'org.springframework.transaction.config.internalTransactionAdvisor'
2024-05-17T15:11:55.804+02:00 TRACE 4684 --- [clothlogix] [           main] o.s.b.f.s.DefaultListableBeanFactory     : Finished creating instance of bean 'servletWebServerFactoryCustomizer'
2024-05-17T15:11:55.804+02:00 DEBUG 4684 --- [clothlogix] [           main] o.s.b.f.s.DefaultListableBeanFactory     : Creating shared instance of singleton bean 'tomcatServletWebServerFactoryCustomizer'
2024-05-17T15:11:55.804+02:00 TRACE 4684 --- [clothlogix] [           main] o.s.b.f.s.DefaultListableBeanFactory     : Creating instance of bean 'tomcatServletWebServerFactoryCustomizer'
2024-05-17T15:11:55.804+02:00 TRACE 4684 --- [clothlogix] [           main] o.s.b.f.s.DefaultListableBeanFactory     : Returning cached instance of singleton bean 'org.springframework.transaction.config.internalTransactionAdvisor'
2024-05-17T15:11:55.804+02:00 TRACE 4684 --- [clothlogix] [           main] o.s.b.f.s.DefaultListableBeanFactory     : Returning cached instance of singleton bean 'org.springframework.boot.autoconfigure.web.servlet.ServletWebServerFactoryAutoConfiguration'
2024-05-17T15:11:55.804+02:00 TRACE 4684 --- [clothlogix] [           main] o.s.b.f.s.DefaultListableBeanFactory     : Returning cached instance of singleton bean 'server-org.springframework.boot.autoconfigure.web.ServerProperties'
2024-05-17T15:11:55.804+02:00 DEBUG 4684 --- [clothlogix] [           main] o.s.b.f.s.DefaultListableBeanFactory     : Autowiring by type from bean name 'tomcatServletWebServerFactoryCustomizer' via factory method to bean named 'server-org.springframework.boot.autoconfigure.web.ServerProperties'
2024-05-17T15:11:55.804+02:00 TRACE 4684 --- [clothlogix] [           main] o.s.b.f.s.DefaultListableBeanFactory     : Returning cached instance of singleton bean 'org.springframework.transaction.config.internalTransactionAdvisor'
2024-05-17T15:11:55.804+02:00 TRACE 4684 --- [clothlogix] [           main] o.s.b.f.s.DefaultListableBeanFactory     : Returning cached instance of singleton bean 'org.springframework.transaction.config.internalTransactionAdvisor'
2024-05-17T15:11:55.804+02:00 TRACE 4684 --- [clothlogix] [           main] o.s.b.f.s.DefaultListableBeanFactory     : Finished creating instance of bean 'tomcatServletWebServerFactoryCustomizer'
2024-05-17T15:11:55.804+02:00 DEBUG 4684 --- [clothlogix] [           main] o.s.b.f.s.DefaultListableBeanFactory     : Creating shared instance of singleton bean 'localeCharsetMappingsCustomizer'
2024-05-17T15:11:55.804+02:00 TRACE 4684 --- [clothlogix] [           main] o.s.b.f.s.DefaultListableBeanFactory     : Creating instance of bean 'localeCharsetMappingsCustomizer'
2024-05-17T15:11:55.804+02:00 TRACE 4684 --- [clothlogix] [           main] o.s.b.f.s.DefaultListableBeanFactory     : Returning cached instance of singleton bean 'org.springframework.transaction.config.internalTransactionAdvisor'
2024-05-17T15:11:55.804+02:00 DEBUG 4684 --- [clothlogix] [           main] o.s.b.f.s.DefaultListableBeanFactory     : Creating shared instance of singleton bean 'org.springframework.boot.autoconfigure.web.servlet.HttpEncodingAutoConfiguration'
2024-05-17T15:11:55.804+02:00 TRACE 4684 --- [clothlogix] [           main] o.s.b.f.s.DefaultListableBeanFactory     : Creating instance of bean 'org.springframework.boot.autoconfigure.web.servlet.HttpEncodingAutoConfiguration'
2024-05-17T15:11:55.804+02:00 TRACE 4684 --- [clothlogix] [           main] o.s.b.f.s.DefaultListableBeanFactory     : Returning cached instance of singleton bean 'org.springframework.transaction.config.internalTransactionAdvisor'
2024-05-17T15:11:55.804+02:00 TRACE 4684 --- [clothlogix] [           main] o.s.b.f.s.DefaultListableBeanFactory     : Returning cached instance of singleton bean 'server-org.springframework.boot.autoconfigure.web.ServerProperties'
2024-05-17T15:11:55.812+02:00 DEBUG 4684 --- [clothlogix] [           main] o.s.b.f.s.DefaultListableBeanFactory     : Autowiring by type from bean name 'org.springframework.boot.autoconfigure.web.servlet.HttpEncodingAutoConfiguration' via constructor to bean named 'server-org.springframework.boot.autoconfigure.web.ServerProperties'
2024-05-17T15:11:55.812+02:00 TRACE 4684 --- [clothlogix] [           main] o.s.b.f.s.DefaultListableBeanFactory     : Returning cached instance of singleton bean 'org.springframework.transaction.config.internalTransactionAdvisor'
2024-05-17T15:11:55.812+02:00 TRACE 4684 --- [clothlogix] [           main] o.s.b.f.s.DefaultListableBeanFactory     : Returning cached instance of singleton bean 'org.springframework.transaction.config.internalTransactionAdvisor'
2024-05-17T15:11:55.812+02:00 TRACE 4684 --- [clothlogix] [           main] o.s.b.f.s.DefaultListableBeanFactory     : Finished creating instance of bean 'org.springframework.boot.autoconfigure.web.servlet.HttpEncodingAutoConfiguration'
2024-05-17T15:11:55.812+02:00 TRACE 4684 --- [clothlogix] [           main] o.s.b.f.s.DefaultListableBeanFactory     : Returning cached instance of singleton bean 'org.springframework.transaction.config.internalTransactionAdvisor'
2024-05-17T15:11:55.812+02:00 TRACE 4684 --- [clothlogix] [           main] o.s.b.f.s.DefaultListableBeanFactory     : Returning cached instance of singleton bean 'org.springframework.transaction.config.internalTransactionAdvisor'
2024-05-17T15:11:55.812+02:00 TRACE 4684 --- [clothlogix] [           main] o.s.b.f.s.DefaultListableBeanFactory     : Finished creating instance of bean 'localeCharsetMappingsCustomizer'
2024-05-17T15:11:55.832+02:00 DEBUG 4684 --- [clothlogix] [           main] o.s.b.f.s.DefaultListableBeanFactory     : Creating shared instance of singleton bean 'errorPageCustomizer'
2024-05-17T15:11:55.832+02:00 TRACE 4684 --- [clothlogix] [           main] o.s.b.f.s.DefaultListableBeanFactory     : Creating instance of bean 'errorPageCustomizer'
2024-05-17T15:11:55.832+02:00 TRACE 4684 --- [clothlogix] [           main] o.s.b.f.s.DefaultListableBeanFactory     : Returning cached instance of singleton bean 'org.springframework.transaction.config.internalTransactionAdvisor'
2024-05-17T15:11:55.832+02:00 DEBUG 4684 --- [clothlogix] [           main] o.s.b.f.s.DefaultListableBeanFactory     : Creating shared instance of singleton bean 'org.springframework.boot.autoconfigure.web.servlet.error.ErrorMvcAutoConfiguration'
2024-05-17T15:11:55.832+02:00 TRACE 4684 --- [clothlogix] [           main] o.s.b.f.s.DefaultListableBeanFactory     : Creating instance of bean 'org.springframework.boot.autoconfigure.web.servlet.error.ErrorMvcAutoConfiguration'
2024-05-17T15:11:55.832+02:00 TRACE 4684 --- [clothlogix] [           main] o.s.b.f.s.DefaultListableBeanFactory     : Returning cached instance of singleton bean 'org.springframework.transaction.config.internalTransactionAdvisor'
2024-05-17T15:11:55.832+02:00 TRACE 4684 --- [clothlogix] [           main] o.s.b.f.s.DefaultListableBeanFactory     : Returning cached instance of singleton bean 'server-org.springframework.boot.autoconfigure.web.ServerProperties'
2024-05-17T15:11:55.832+02:00 DEBUG 4684 --- [clothlogix] [           main] o.s.b.f.s.DefaultListableBeanFactory     : Autowiring by type from bean name 'org.springframework.boot.autoconfigure.web.servlet.error.ErrorMvcAutoConfiguration' via constructor to bean named 'server-org.springframework.boot.autoconfigure.web.ServerProperties'
2024-05-17T15:11:55.832+02:00 TRACE 4684 --- [clothlogix] [           main] o.s.b.f.s.DefaultListableBeanFactory     : Returning cached instance of singleton bean 'org.springframework.transaction.config.internalTransactionAdvisor'
2024-05-17T15:11:55.832+02:00 TRACE 4684 --- [clothlogix] [           main] o.s.b.f.s.DefaultListableBeanFactory     : Returning cached instance of singleton bean 'org.springframework.transaction.config.internalTransactionAdvisor'
2024-05-17T15:11:55.836+02:00 TRACE 4684 --- [clothlogix] [           main] o.s.b.f.s.DefaultListableBeanFactory     : Finished creating instance of bean 'org.springframework.boot.autoconfigure.web.servlet.error.ErrorMvcAutoConfiguration'
2024-05-17T15:11:55.836+02:00 DEBUG 4684 --- [clothlogix] [           main] o.s.b.f.s.DefaultListableBeanFactory     : Creating shared instance of singleton bean 'dispatcherServletRegistration'
2024-05-17T15:11:55.836+02:00 TRACE 4684 --- [clothlogix] [           main] o.s.b.f.s.DefaultListableBeanFactory     : Creating instance of bean 'dispatcherServletRegistration'
2024-05-17T15:11:55.836+02:00 TRACE 4684 --- [clothlogix] [           main] o.s.b.f.s.DefaultListableBeanFactory     : Returning cached instance of singleton bean 'org.springframework.transaction.config.internalTransactionAdvisor'
2024-05-17T15:11:55.836+02:00 DEBUG 4684 --- [clothlogix] [           main] o.s.b.f.s.DefaultListableBeanFactory     : Creating shared instance of singleton bean 'org.springframework.boot.autoconfigure.web.servlet.DispatcherServletAutoConfiguration$DispatcherServletRegistrationConfiguration'
2024-05-17T15:11:55.836+02:00 TRACE 4684 --- [clothlogix] [           main] o.s.b.f.s.DefaultListableBeanFactory     : Creating instance of bean 'org.springframework.boot.autoconfigure.web.servlet.DispatcherServletAutoConfiguration$DispatcherServletRegistrationConfiguration'
2024-05-17T15:11:55.836+02:00 TRACE 4684 --- [clothlogix] [           main] o.s.b.f.s.DefaultListableBeanFactory     : Returning cached instance of singleton bean 'org.springframework.transaction.config.internalTransactionAdvisor'
2024-05-17T15:11:55.836+02:00 TRACE 4684 --- [clothlogix] [           main] o.s.b.f.s.DefaultListableBeanFactory     : Returning cached instance of singleton bean 'org.springframework.transaction.config.internalTransactionAdvisor'
2024-05-17T15:11:55.836+02:00 TRACE 4684 --- [clothlogix] [           main] o.s.b.f.s.DefaultListableBeanFactory     : Returning cached instance of singleton bean 'org.springframework.transaction.config.internalTransactionAdvisor'
2024-05-17T15:11:55.836+02:00 TRACE 4684 --- [clothlogix] [           main] o.s.b.f.s.DefaultListableBeanFactory     : Finished creating instance of bean 'org.springframework.boot.autoconfigure.web.servlet.DispatcherServletAutoConfiguration$DispatcherServletRegistrationConfiguration'
2024-05-17T15:11:55.836+02:00 DEBUG 4684 --- [clothlogix] [           main] o.s.b.f.s.DefaultListableBeanFactory     : Creating shared instance of singleton bean 'dispatcherServlet'
2024-05-17T15:11:55.836+02:00 TRACE 4684 --- [clothlogix] [           main] o.s.b.f.s.DefaultListableBeanFactory     : Creating instance of bean 'dispatcherServlet'
2024-05-17T15:11:55.836+02:00 TRACE 4684 --- [clothlogix] [           main] o.s.b.f.s.DefaultListableBeanFactory     : Returning cached instance of singleton bean 'org.springframework.transaction.config.internalTransactionAdvisor'
2024-05-17T15:11:55.836+02:00 DEBUG 4684 --- [clothlogix] [           main] o.s.b.f.s.DefaultListableBeanFactory     : Creating shared instance of singleton bean 'org.springframework.boot.autoconfigure.web.servlet.DispatcherServletAutoConfiguration$DispatcherServletConfiguration'
2024-05-17T15:11:55.836+02:00 TRACE 4684 --- [clothlogix] [           main] o.s.b.f.s.DefaultListableBeanFactory     : Creating instance of bean 'org.springframework.boot.autoconfigure.web.servlet.DispatcherServletAutoConfiguration$DispatcherServletConfiguration'
2024-05-17T15:11:55.836+02:00 TRACE 4684 --- [clothlogix] [           main] o.s.b.f.s.DefaultListableBeanFactory     : Returning cached instance of singleton bean 'org.springframework.transaction.config.internalTransactionAdvisor'
2024-05-17T15:11:55.836+02:00 TRACE 4684 --- [clothlogix] [           main] o.s.b.f.s.DefaultListableBeanFactory     : Returning cached instance of singleton bean 'org.springframework.transaction.config.internalTransactionAdvisor'
2024-05-17T15:11:55.836+02:00 TRACE 4684 --- [clothlogix] [           main] o.s.b.f.s.DefaultListableBeanFactory     : Returning cached instance of singleton bean 'org.springframework.transaction.config.internalTransactionAdvisor'
2024-05-17T15:11:55.836+02:00 TRACE 4684 --- [clothlogix] [           main] o.s.b.f.s.DefaultListableBeanFactory     : Finished creating instance of bean 'org.springframework.boot.autoconfigure.web.servlet.DispatcherServletAutoConfiguration$DispatcherServletConfiguration'
2024-05-17T15:11:55.836+02:00 DEBUG 4684 --- [clothlogix] [           main] o.s.b.f.s.DefaultListableBeanFactory     : Creating shared instance of singleton bean 'spring.mvc-org.springframework.boot.autoconfigure.web.servlet.WebMvcProperties'
2024-05-17T15:11:55.836+02:00 TRACE 4684 --- [clothlogix] [           main] o.s.b.f.s.DefaultListableBeanFactory     : Creating instance of bean 'spring.mvc-org.springframework.boot.autoconfigure.web.servlet.WebMvcProperties'
2024-05-17T15:11:55.836+02:00 TRACE 4684 --- [clothlogix] [           main] o.s.b.f.s.DefaultListableBeanFactory     : Returning cached instance of singleton bean 'org.springframework.transaction.config.internalTransactionAdvisor'
2024-05-17T15:11:55.842+02:00 TRACE 4684 --- [clothlogix] [           main] o.s.b.f.s.DefaultListableBeanFactory     : Returning cached instance of singleton bean 'org.springframework.boot.context.properties.BoundConfigurationProperties'
2024-05-17T15:11:55.847+02:00 TRACE 4684 --- [clothlogix] [           main] o.s.b.f.s.DefaultListableBeanFactory     : Returning cached instance of singleton bean 'org.springframework.transaction.config.internalTransactionAdvisor'
2024-05-17T15:11:55.847+02:00 TRACE 4684 --- [clothlogix] [           main] o.s.b.f.s.DefaultListableBeanFactory     : Returning cached instance of singleton bean 'org.springframework.transaction.config.internalTransactionAdvisor'
2024-05-17T15:11:55.847+02:00 TRACE 4684 --- [clothlogix] [           main] o.s.b.f.s.DefaultListableBeanFactory     : Finished creating instance of bean 'spring.mvc-org.springframework.boot.autoconfigure.web.servlet.WebMvcProperties'
2024-05-17T15:11:55.847+02:00 DEBUG 4684 --- [clothlogix] [           main] o.s.b.f.s.DefaultListableBeanFactory     : Autowiring by type from bean name 'dispatcherServlet' via factory method to bean named 'spring.mvc-org.springframework.boot.autoconfigure.web.servlet.WebMvcProperties'
2024-05-17T15:11:55.862+02:00 TRACE 4684 --- [clothlogix] [           main] o.s.b.f.s.DefaultListableBeanFactory     : Returning cached instance of singleton bean 'org.springframework.transaction.config.internalTransactionAdvisor'
2024-05-17T15:11:55.862+02:00 TRACE 4684 --- [clothlogix] [           main] o.s.b.f.s.DefaultListableBeanFactory     : Returning cached instance of singleton bean 'org.springframework.transaction.config.internalTransactionAdvisor'
2024-05-17T15:11:55.868+02:00 TRACE 4684 --- [clothlogix] [           main] o.s.b.f.s.DefaultListableBeanFactory     : Finished creating instance of bean 'dispatcherServlet'
2024-05-17T15:11:55.868+02:00 TRACE 4684 --- [clothlogix] [           main] o.s.b.f.s.DefaultListableBeanFactory     : Returning cached instance of singleton bean 'spring.mvc-org.springframework.boot.autoconfigure.web.servlet.WebMvcProperties'
2024-05-17T15:11:55.872+02:00 DEBUG 4684 --- [clothlogix] [           main] o.s.b.f.s.DefaultListableBeanFactory     : Autowiring by type from bean name 'dispatcherServletRegistration' via factory method to bean named 'dispatcherServlet'
2024-05-17T15:11:55.872+02:00 DEBUG 4684 --- [clothlogix] [           main] o.s.b.f.s.DefaultListableBeanFactory     : Autowiring by type from bean name 'dispatcherServletRegistration' via factory method to bean named 'spring.mvc-org.springframework.boot.autoconfigure.web.servlet.WebMvcProperties'
2024-05-17T15:11:55.877+02:00 DEBUG 4684 --- [clothlogix] [           main] o.s.b.f.s.DefaultListableBeanFactory     : Creating shared instance of singleton bean 'multipartConfigElement'
2024-05-17T15:11:55.877+02:00 TRACE 4684 --- [clothlogix] [           main] o.s.b.f.s.DefaultListableBeanFactory     : Creating instance of bean 'multipartConfigElement'
2024-05-17T15:11:55.877+02:00 TRACE 4684 --- [clothlogix] [           main] o.s.b.f.s.DefaultListableBeanFactory     : Returning cached instance of singleton bean 'org.springframework.transaction.config.internalTransactionAdvisor'
2024-05-17T15:11:55.877+02:00 DEBUG 4684 --- [clothlogix] [           main] o.s.b.f.s.DefaultListableBeanFactory     : Creating shared instance of singleton bean 'org.springframework.boot.autoconfigure.web.servlet.MultipartAutoConfiguration'
2024-05-17T15:11:55.877+02:00 TRACE 4684 --- [clothlogix] [           main] o.s.b.f.s.DefaultListableBeanFactory     : Creating instance of bean 'org.springframework.boot.autoconfigure.web.servlet.MultipartAutoConfiguration'
2024-05-17T15:11:55.877+02:00 TRACE 4684 --- [clothlogix] [           main] o.s.b.f.s.DefaultListableBeanFactory     : Returning cached instance of singleton bean 'org.springframework.transaction.config.internalTransactionAdvisor'
2024-05-17T15:11:55.877+02:00 DEBUG 4684 --- [clothlogix] [           main] o.s.b.f.s.DefaultListableBeanFactory     : Creating shared instance of singleton bean 'spring.servlet.multipart-org.springframework.boot.autoconfigure.web.servlet.MultipartProperties'
2024-05-17T15:11:55.877+02:00 TRACE 4684 --- [clothlogix] [           main] o.s.b.f.s.DefaultListableBeanFactory     : Creating instance of bean 'spring.servlet.multipart-org.springframework.boot.autoconfigure.web.servlet.MultipartProperties'
2024-05-17T15:11:55.877+02:00 TRACE 4684 --- [clothlogix] [           main] o.s.b.f.s.DefaultListableBeanFactory     : Returning cached instance of singleton bean 'org.springframework.transaction.config.internalTransactionAdvisor'
2024-05-17T15:11:55.877+02:00 TRACE 4684 --- [clothlogix] [           main] o.s.b.f.s.DefaultListableBeanFactory     : Returning cached instance of singleton bean 'org.springframework.boot.context.properties.BoundConfigurationProperties'
2024-05-17T15:11:55.884+02:00 TRACE 4684 --- [clothlogix] [           main] o.s.b.f.s.DefaultListableBeanFactory     : Returning cached instance of singleton bean 'org.springframework.transaction.config.internalTransactionAdvisor'
2024-05-17T15:11:55.884+02:00 TRACE 4684 --- [clothlogix] [           main] o.s.b.f.s.DefaultListableBeanFactory     : Returning cached instance of singleton bean 'org.springframework.transaction.config.internalTransactionAdvisor'
2024-05-17T15:11:55.884+02:00 TRACE 4684 --- [clothlogix] [           main] o.s.b.f.s.DefaultListableBeanFactory     : Finished creating instance of bean 'spring.servlet.multipart-org.springframework.boot.autoconfigure.web.servlet.MultipartProperties'
2024-05-17T15:11:55.884+02:00 DEBUG 4684 --- [clothlogix] [           main] o.s.b.f.s.DefaultListableBeanFactory     : Autowiring by type from bean name 'org.springframework.boot.autoconfigure.web.servlet.MultipartAutoConfiguration' via constructor to bean named 'spring.servlet.multipart-org.springframework.boot.autoconfigure.web.servlet.MultipartProperties'
2024-05-17T15:11:55.884+02:00 TRACE 4684 --- [clothlogix] [           main] o.s.b.f.s.DefaultListableBeanFactory     : Returning cached instance of singleton bean 'org.springframework.transaction.config.internalTransactionAdvisor'
2024-05-17T15:11:55.884+02:00 TRACE 4684 --- [clothlogix] [           main] o.s.b.f.s.DefaultListableBeanFactory     : Returning cached instance of singleton bean 'org.springframework.transaction.config.internalTransactionAdvisor'
2024-05-17T15:11:55.884+02:00 TRACE 4684 --- [clothlogix] [           main] o.s.b.f.s.DefaultListableBeanFactory     : Finished creating instance of bean 'org.springframework.boot.autoconfigure.web.servlet.MultipartAutoConfiguration'
2024-05-17T15:11:55.884+02:00 TRACE 4684 --- [clothlogix] [           main] o.s.b.f.s.DefaultListableBeanFactory     : Returning cached instance of singleton bean 'org.springframework.transaction.config.internalTransactionAdvisor'
2024-05-17T15:11:55.884+02:00 TRACE 4684 --- [clothlogix] [           main] o.s.b.f.s.DefaultListableBeanFactory     : Returning cached instance of singleton bean 'org.springframework.transaction.config.internalTransactionAdvisor'
2024-05-17T15:11:55.884+02:00 TRACE 4684 --- [clothlogix] [           main] o.s.b.f.s.DefaultListableBeanFactory     : Finished creating instance of bean 'multipartConfigElement'
2024-05-17T15:11:55.884+02:00 TRACE 4684 --- [clothlogix] [           main] o.s.b.f.s.DefaultListableBeanFactory     : Returning cached instance of singleton bean 'org.springframework.transaction.config.internalTransactionAdvisor'
2024-05-17T15:11:55.884+02:00 TRACE 4684 --- [clothlogix] [           main] o.s.b.f.s.DefaultListableBeanFactory     : Returning cached instance of singleton bean 'org.springframework.transaction.config.internalTransactionAdvisor'
2024-05-17T15:11:55.892+02:00 TRACE 4684 --- [clothlogix] [           main] o.s.b.f.s.DefaultListableBeanFactory     : Finished creating instance of bean 'dispatcherServletRegistration'
2024-05-17T15:11:55.892+02:00 DEBUG 4684 --- [clothlogix] [           main] o.s.b.f.s.DefaultListableBeanFactory     : Autowiring by type from bean name 'errorPageCustomizer' via factory method to bean named 'dispatcherServletRegistration'
2024-05-17T15:11:55.892+02:00 TRACE 4684 --- [clothlogix] [           main] o.s.b.f.s.DefaultListableBeanFactory     : Returning cached instance of singleton bean 'org.springframework.transaction.config.internalTransactionAdvisor'
2024-05-17T15:11:55.892+02:00 TRACE 4684 --- [clothlogix] [           main] o.s.b.f.s.DefaultListableBeanFactory     : Returning cached instance of singleton bean 'org.springframework.transaction.config.internalTransactionAdvisor'
2024-05-17T15:11:55.892+02:00 TRACE 4684 --- [clothlogix] [           main] o.s.b.f.s.DefaultListableBeanFactory     : Finished creating instance of bean 'errorPageCustomizer'
2024-05-17T15:11:55.892+02:00 TRACE 4684 --- [clothlogix] [           main] o.s.b.f.s.DefaultListableBeanFactory     : Returning cached instance of singleton bean 'org.springframework.transaction.config.internalTransactionAdvisor'
2024-05-17T15:11:55.892+02:00 TRACE 4684 --- [clothlogix] [           main] o.s.b.f.s.DefaultListableBeanFactory     : Returning cached instance of singleton bean 'org.springframework.transaction.config.internalTransactionAdvisor'
2024-05-17T15:11:55.897+02:00 TRACE 4684 --- [clothlogix] [           main] o.s.b.f.s.DefaultListableBeanFactory     : Finished creating instance of bean 'tomcatServletWebServerFactory'
2024-05-17T15:11:55.897+02:00 TRACE 4684 --- [clothlogix] [           main] o.s.b.f.s.DefaultListableBeanFactory     : Returning cached instance of singleton bean 'org.springframework.boot.autoconfigure.web.servlet.ServletWebServerFactoryAutoConfiguration'
2024-05-17T15:11:55.897+02:00 TRACE 4684 --- [clothlogix] [           main] o.s.b.f.s.DefaultListableBeanFactory     : Returning cached instance of singleton bean 'servletWebServerFactoryCustomizer'
2024-05-17T15:11:55.897+02:00 TRACE 4684 --- [clothlogix] [           main] o.s.b.f.s.DefaultListableBeanFactory     : Returning cached instance of singleton bean 'tomcatServletWebServerFactoryCustomizer'
2024-05-17T15:11:55.897+02:00 TRACE 4684 --- [clothlogix] [           main] o.s.b.f.s.DefaultListableBeanFactory     : Returning cached instance of singleton bean 'server-org.springframework.boot.autoconfigure.web.ServerProperties'
2024-05-17T15:11:55.897+02:00 TRACE 4684 --- [clothlogix] [           main] o.s.b.f.s.DefaultListableBeanFactory     : Returning cached instance of singleton bean 'webServerFactoryCustomizerBeanPostProcessor'
2024-05-17T15:11:55.897+02:00 TRACE 4684 --- [clothlogix] [           main] o.s.b.f.s.DefaultListableBeanFactory     : Returning cached instance of singleton bean 'errorPageRegistrarBeanPostProcessor'
2024-05-17T15:11:55.897+02:00 TRACE 4684 --- [clothlogix] [           main] o.s.b.f.s.DefaultListableBeanFactory     : Returning cached instance of singleton bean 'org.springframework.boot.autoconfigure.web.servlet.DispatcherServletAutoConfiguration$DispatcherServletConfiguration'
2024-05-17T15:11:55.897+02:00 TRACE 4684 --- [clothlogix] [           main] o.s.b.f.s.DefaultListableBeanFactory     : Returning cached instance of singleton bean 'dispatcherServlet'
2024-05-17T15:11:55.897+02:00 TRACE 4684 --- [clothlogix] [           main] o.s.b.f.s.DefaultListableBeanFactory     : Returning cached instance of singleton bean 'spring.mvc-org.springframework.boot.autoconfigure.web.servlet.WebMvcProperties'
2024-05-17T15:11:55.897+02:00 TRACE 4684 --- [clothlogix] [           main] o.s.b.f.s.DefaultListableBeanFactory     : Returning cached instance of singleton bean 'org.springframework.boot.autoconfigure.web.servlet.DispatcherServletAutoConfiguration$DispatcherServletRegistrationConfiguration'
2024-05-17T15:11:55.897+02:00 TRACE 4684 --- [clothlogix] [           main] o.s.b.f.s.DefaultListableBeanFactory     : Returning cached instance of singleton bean 'dispatcherServletRegistration'
2024-05-17T15:11:55.897+02:00 DEBUG 4684 --- [clothlogix] [           main] o.s.b.f.s.DefaultListableBeanFactory     : Creating shared instance of singleton bean 'org.springframework.boot.autoconfigure.web.servlet.DispatcherServletAutoConfiguration'
2024-05-17T15:11:55.897+02:00 TRACE 4684 --- [clothlogix] [           main] o.s.b.f.s.DefaultListableBeanFactory     : Creating instance of bean 'org.springframework.boot.autoconfigure.web.servlet.DispatcherServletAutoConfiguration'
2024-05-17T15:11:55.897+02:00 TRACE 4684 --- [clothlogix] [           main] o.s.b.f.s.DefaultListableBeanFactory     : Returning cached instance of singleton bean 'org.springframework.transaction.config.internalTransactionAdvisor'
2024-05-17T15:11:55.897+02:00 TRACE 4684 --- [clothlogix] [           main] o.s.b.f.s.DefaultListableBeanFactory     : Returning cached instance of singleton bean 'org.springframework.transaction.config.internalTransactionAdvisor'
2024-05-17T15:11:55.897+02:00 TRACE 4684 --- [clothlogix] [           main] o.s.b.f.s.DefaultListableBeanFactory     : Returning cached instance of singleton bean 'org.springframework.transaction.config.internalTransactionAdvisor'
2024-05-17T15:11:55.897+02:00 TRACE 4684 --- [clothlogix] [           main] o.s.b.f.s.DefaultListableBeanFactory     : Finished creating instance of bean 'org.springframework.boot.autoconfigure.web.servlet.DispatcherServletAutoConfiguration'
2024-05-17T15:11:55.897+02:00 DEBUG 4684 --- [clothlogix] [           main] o.s.b.f.s.DefaultListableBeanFactory     : Creating shared instance of singleton bean 'org.springframework.boot.autoconfigure.task.TaskExecutorConfigurations$ThreadPoolTaskExecutorBuilderConfiguration'
2024-05-17T15:11:55.897+02:00 TRACE 4684 --- [clothlogix] [           main] o.s.b.f.s.DefaultListableBeanFactory     : Creating instance of bean 'org.springframework.boot.autoconfigure.task.TaskExecutorConfigurations$ThreadPoolTaskExecutorBuilderConfiguration'
2024-05-17T15:11:55.897+02:00 TRACE 4684 --- [clothlogix] [           main] o.s.b.f.s.DefaultListableBeanFactory     : Returning cached instance of singleton bean 'org.springframework.transaction.config.internalTransactionAdvisor'
2024-05-17T15:11:55.897+02:00 TRACE 4684 --- [clothlogix] [           main] o.s.b.f.s.DefaultListableBeanFactory     : Returning cached instance of singleton bean 'org.springframework.transaction.config.internalTransactionAdvisor'
2024-05-17T15:11:55.897+02:00 TRACE 4684 --- [clothlogix] [           main] o.s.b.f.s.DefaultListableBeanFactory     : Returning cached instance of singleton bean 'org.springframework.transaction.config.internalTransactionAdvisor'
2024-05-17T15:11:55.897+02:00 TRACE 4684 --- [clothlogix] [           main] o.s.b.f.s.DefaultListableBeanFactory     : Finished creating instance of bean 'org.springframework.boot.autoconfigure.task.TaskExecutorConfigurations$ThreadPoolTaskExecutorBuilderConfiguration'
2024-05-17T15:11:55.897+02:00 DEBUG 4684 --- [clothlogix] [           main] o.s.b.f.s.DefaultListableBeanFactory     : Creating shared instance of singleton bean 'threadPoolTaskExecutorBuilder'
2024-05-17T15:11:55.897+02:00 TRACE 4684 --- [clothlogix] [           main] o.s.b.f.s.DefaultListableBeanFactory     : Creating instance of bean 'threadPoolTaskExecutorBuilder'
2024-05-17T15:11:55.897+02:00 TRACE 4684 --- [clothlogix] [           main] o.s.b.f.s.DefaultListableBeanFactory     : Returning cached instance of singleton bean 'org.springframework.transaction.config.internalTransactionAdvisor'
2024-05-17T15:11:55.897+02:00 TRACE 4684 --- [clothlogix] [           main] o.s.b.f.s.DefaultListableBeanFactory     : Returning cached instance of singleton bean 'org.springframework.boot.autoconfigure.task.TaskExecutorConfigurations$ThreadPoolTaskExecutorBuilderConfiguration'
2024-05-17T15:11:55.899+02:00 DEBUG 4684 --- [clothlogix] [           main] o.s.b.f.s.DefaultListableBeanFactory     : Creating shared instance of singleton bean 'spring.task.execution-org.springframework.boot.autoconfigure.task.TaskExecutionProperties'
2024-05-17T15:11:55.899+02:00 TRACE 4684 --- [clothlogix] [           main] o.s.b.f.s.DefaultListableBeanFactory     : Creating instance of bean 'spring.task.execution-org.springframework.boot.autoconfigure.task.TaskExecutionProperties'
2024-05-17T15:11:55.899+02:00 TRACE 4684 --- [clothlogix] [           main] o.s.b.f.s.DefaultListableBeanFactory     : Returning cached instance of singleton bean 'org.springframework.transaction.config.internalTransactionAdvisor'
2024-05-17T15:11:55.899+02:00 TRACE 4684 --- [clothlogix] [           main] o.s.b.f.s.DefaultListableBeanFactory     : Returning cached instance of singleton bean 'org.springframework.boot.context.properties.BoundConfigurationProperties'
2024-05-17T15:11:55.902+02:00 TRACE 4684 --- [clothlogix] [           main] o.s.b.f.s.DefaultListableBeanFactory     : Returning cached instance of singleton bean 'org.springframework.transaction.config.internalTransactionAdvisor'
2024-05-17T15:11:55.902+02:00 TRACE 4684 --- [clothlogix] [           main] o.s.b.f.s.DefaultListableBeanFactory     : Returning cached instance of singleton bean 'org.springframework.transaction.config.internalTransactionAdvisor'
2024-05-17T15:11:55.902+02:00 TRACE 4684 --- [clothlogix] [           main] o.s.b.f.s.DefaultListableBeanFactory     : Finished creating instance of bean 'spring.task.execution-org.springframework.boot.autoconfigure.task.TaskExecutionProperties'
2024-05-17T15:11:55.902+02:00 DEBUG 4684 --- [clothlogix] [           main] o.s.b.f.s.DefaultListableBeanFactory     : Autowiring by type from bean name 'threadPoolTaskExecutorBuilder' via factory method to bean named 'spring.task.execution-org.springframework.boot.autoconfigure.task.TaskExecutionProperties'
2024-05-17T15:11:55.902+02:00 TRACE 4684 --- [clothlogix] [           main] o.s.b.f.s.DefaultListableBeanFactory     : Returning cached instance of singleton bean 'org.springframework.transaction.config.internalTransactionAdvisor'
2024-05-17T15:11:55.902+02:00 TRACE 4684 --- [clothlogix] [           main] o.s.b.f.s.DefaultListableBeanFactory     : Returning cached instance of singleton bean 'org.springframework.transaction.config.internalTransactionAdvisor'
2024-05-17T15:11:55.902+02:00 TRACE 4684 --- [clothlogix] [           main] o.s.b.f.s.DefaultListableBeanFactory     : Finished creating instance of bean 'threadPoolTaskExecutorBuilder'
2024-05-17T15:11:55.902+02:00 DEBUG 4684 --- [clothlogix] [           main] o.s.b.f.s.DefaultListableBeanFactory     : Creating shared instance of singleton bean 'org.springframework.boot.autoconfigure.task.TaskExecutorConfigurations$TaskExecutorBuilderConfiguration'
2024-05-17T15:11:55.902+02:00 TRACE 4684 --- [clothlogix] [           main] o.s.b.f.s.DefaultListableBeanFactory     : Creating instance of bean 'org.springframework.boot.autoconfigure.task.TaskExecutorConfigurations$TaskExecutorBuilderConfiguration'
2024-05-17T15:11:55.902+02:00 TRACE 4684 --- [clothlogix] [           main] o.s.b.f.s.DefaultListableBeanFactory     : Returning cached instance of singleton bean 'org.springframework.transaction.config.internalTransactionAdvisor'
2024-05-17T15:11:55.902+02:00 TRACE 4684 --- [clothlogix] [           main] o.s.b.f.s.DefaultListableBeanFactory     : Returning cached instance of singleton bean 'org.springframework.transaction.config.internalTransactionAdvisor'
2024-05-17T15:11:55.902+02:00 TRACE 4684 --- [clothlogix] [           main] o.s.b.f.s.DefaultListableBeanFactory     : Returning cached instance of singleton bean 'org.springframework.transaction.config.internalTransactionAdvisor'
2024-05-17T15:11:55.902+02:00 TRACE 4684 --- [clothlogix] [           main] o.s.b.f.s.DefaultListableBeanFactory     : Finished creating instance of bean 'org.springframework.boot.autoconfigure.task.TaskExecutorConfigurations$TaskExecutorBuilderConfiguration'
2024-05-17T15:11:55.902+02:00 DEBUG 4684 --- [clothlogix] [           main] o.s.b.f.s.DefaultListableBeanFactory     : Creating shared instance of singleton bean 'taskExecutorBuilder'
2024-05-17T15:11:55.902+02:00 TRACE 4684 --- [clothlogix] [           main] o.s.b.f.s.DefaultListableBeanFactory     : Creating instance of bean 'taskExecutorBuilder'
2024-05-17T15:11:55.902+02:00 TRACE 4684 --- [clothlogix] [           main] o.s.b.f.s.DefaultListableBeanFactory     : Returning cached instance of singleton bean 'org.springframework.transaction.config.internalTransactionAdvisor'
2024-05-17T15:11:55.902+02:00 TRACE 4684 --- [clothlogix] [           main] o.s.b.f.s.DefaultListableBeanFactory     : Returning cached instance of singleton bean 'org.springframework.boot.autoconfigure.task.TaskExecutorConfigurations$TaskExecutorBuilderConfiguration'
2024-05-17T15:11:55.902+02:00 TRACE 4684 --- [clothlogix] [           main] o.s.b.f.s.DefaultListableBeanFactory     : Returning cached instance of singleton bean 'spring.task.execution-org.springframework.boot.autoconfigure.task.TaskExecutionProperties'
2024-05-17T15:11:55.902+02:00 DEBUG 4684 --- [clothlogix] [           main] o.s.b.f.s.DefaultListableBeanFactory     : Autowiring by type from bean name 'taskExecutorBuilder' via factory method to bean named 'spring.task.execution-org.springframework.boot.autoconfigure.task.TaskExecutionProperties'
2024-05-17T15:11:55.912+02:00 TRACE 4684 --- [clothlogix] [           main] o.s.b.f.s.DefaultListableBeanFactory     : Returning cached instance of singleton bean 'org.springframework.transaction.config.internalTransactionAdvisor'
2024-05-17T15:11:55.912+02:00 TRACE 4684 --- [clothlogix] [           main] o.s.b.f.s.DefaultListableBeanFactory     : Returning cached instance of singleton bean 'org.springframework.transaction.config.internalTransactionAdvisor'
2024-05-17T15:11:55.912+02:00 TRACE 4684 --- [clothlogix] [           main] o.s.b.f.s.DefaultListableBeanFactory     : Finished creating instance of bean 'taskExecutorBuilder'
2024-05-17T15:11:55.912+02:00 DEBUG 4684 --- [clothlogix] [           main] o.s.b.f.s.DefaultListableBeanFactory     : Creating shared instance of singleton bean 'org.springframework.boot.autoconfigure.task.TaskExecutorConfigurations$SimpleAsyncTaskExecutorBuilderConfiguration'
2024-05-17T15:11:55.912+02:00 TRACE 4684 --- [clothlogix] [           main] o.s.b.f.s.DefaultListableBeanFactory     : Creating instance of bean 'org.springframework.boot.autoconfigure.task.TaskExecutorConfigurations$SimpleAsyncTaskExecutorBuilderConfiguration'
2024-05-17T15:11:55.912+02:00 TRACE 4684 --- [clothlogix] [           main] o.s.b.f.s.DefaultListableBeanFactory     : Returning cached instance of singleton bean 'org.springframework.transaction.config.internalTransactionAdvisor'
2024-05-17T15:11:55.915+02:00 TRACE 4684 --- [clothlogix] [           main] o.s.b.f.s.DefaultListableBeanFactory     : Returning cached instance of singleton bean 'spring.task.execution-org.springframework.boot.autoconfigure.task.TaskExecutionProperties'
2024-05-17T15:11:55.915+02:00 DEBUG 4684 --- [clothlogix] [           main] o.s.b.f.s.DefaultListableBeanFactory     : Autowiring by type from bean name 'org.springframework.boot.autoconfigure.task.TaskExecutorConfigurations$SimpleAsyncTaskExecutorBuilderConfiguration' via constructor to bean named 'spring.task.execution-org.springframework.boot.autoconfigure.task.TaskExecutionProperties'
2024-05-17T15:11:55.915+02:00 TRACE 4684 --- [clothlogix] [           main] o.s.b.f.s.DefaultListableBeanFactory     : Returning cached instance of singleton bean 'org.springframework.transaction.config.internalTransactionAdvisor'
2024-05-17T15:11:55.915+02:00 TRACE 4684 --- [clothlogix] [           main] o.s.b.f.s.DefaultListableBeanFactory     : Returning cached instance of singleton bean 'org.springframework.transaction.config.internalTransactionAdvisor'
2024-05-17T15:11:55.915+02:00 TRACE 4684 --- [clothlogix] [           main] o.s.b.f.s.DefaultListableBeanFactory     : Finished creating instance of bean 'org.springframework.boot.autoconfigure.task.TaskExecutorConfigurations$SimpleAsyncTaskExecutorBuilderConfiguration'
2024-05-17T15:11:55.915+02:00 DEBUG 4684 --- [clothlogix] [           main] o.s.b.f.s.DefaultListableBeanFactory     : Creating shared instance of singleton bean 'simpleAsyncTaskExecutorBuilder'
2024-05-17T15:11:55.915+02:00 TRACE 4684 --- [clothlogix] [           main] o.s.b.f.s.DefaultListableBeanFactory     : Creating instance of bean 'simpleAsyncTaskExecutorBuilder'
2024-05-17T15:11:55.915+02:00 TRACE 4684 --- [clothlogix] [           main] o.s.b.f.s.DefaultListableBeanFactory     : Returning cached instance of singleton bean 'org.springframework.transaction.config.internalTransactionAdvisor'
2024-05-17T15:11:55.915+02:00 TRACE 4684 --- [clothlogix] [           main] o.s.b.f.s.DefaultListableBeanFactory     : Returning cached instance of singleton bean 'org.springframework.boot.autoconfigure.task.TaskExecutorConfigurations$SimpleAsyncTaskExecutorBuilderConfiguration'
2024-05-17T15:11:55.915+02:00 TRACE 4684 --- [clothlogix] [           main] o.s.b.f.s.DefaultListableBeanFactory     : Returning cached instance of singleton bean 'org.springframework.transaction.config.internalTransactionAdvisor'
2024-05-17T15:11:55.915+02:00 TRACE 4684 --- [clothlogix] [           main] o.s.b.f.s.DefaultListableBeanFactory     : Returning cached instance of singleton bean 'org.springframework.transaction.config.internalTransactionAdvisor'
2024-05-17T15:11:55.915+02:00 TRACE 4684 --- [clothlogix] [           main] o.s.b.f.s.DefaultListableBeanFactory     : Finished creating instance of bean 'simpleAsyncTaskExecutorBuilder'
2024-05-17T15:11:55.915+02:00 DEBUG 4684 --- [clothlogix] [           main] o.s.b.f.s.DefaultListableBeanFactory     : Creating shared instance of singleton bean 'org.springframework.boot.autoconfigure.task.TaskExecutorConfigurations$TaskExecutorConfiguration'
2024-05-17T15:11:55.915+02:00 TRACE 4684 --- [clothlogix] [           main] o.s.b.f.s.DefaultListableBeanFactory     : Creating instance of bean 'org.springframework.boot.autoconfigure.task.TaskExecutorConfigurations$TaskExecutorConfiguration'
2024-05-17T15:11:55.915+02:00 TRACE 4684 --- [clothlogix] [           main] o.s.b.f.s.DefaultListableBeanFactory     : Returning cached instance of singleton bean 'org.springframework.transaction.config.internalTransactionAdvisor'
2024-05-17T15:11:55.915+02:00 TRACE 4684 --- [clothlogix] [           main] o.s.b.f.s.DefaultListableBeanFactory     : Returning cached instance of singleton bean 'org.springframework.transaction.config.internalTransactionAdvisor'
2024-05-17T15:11:55.915+02:00 TRACE 4684 --- [clothlogix] [           main] o.s.b.f.s.DefaultListableBeanFactory     : Returning cached instance of singleton bean 'org.springframework.transaction.config.internalTransactionAdvisor'
2024-05-17T15:11:55.915+02:00 TRACE 4684 --- [clothlogix] [           main] o.s.b.f.s.DefaultListableBeanFactory     : Finished creating instance of bean 'org.springframework.boot.autoconfigure.task.TaskExecutorConfigurations$TaskExecutorConfiguration'
2024-05-17T15:11:55.915+02:00 DEBUG 4684 --- [clothlogix] [           main] o.s.b.f.s.DefaultListableBeanFactory     : Creating shared instance of singleton bean 'org.springframework.boot.autoconfigure.task.TaskExecutionAutoConfiguration'
2024-05-17T15:11:55.915+02:00 TRACE 4684 --- [clothlogix] [           main] o.s.b.f.s.DefaultListableBeanFactory     : Creating instance of bean 'org.springframework.boot.autoconfigure.task.TaskExecutionAutoConfiguration'
2024-05-17T15:11:55.915+02:00 TRACE 4684 --- [clothlogix] [           main] o.s.b.f.s.DefaultListableBeanFactory     : Returning cached instance of singleton bean 'org.springframework.transaction.config.internalTransactionAdvisor'
2024-05-17T15:11:55.915+02:00 TRACE 4684 --- [clothlogix] [           main] o.s.b.f.s.DefaultListableBeanFactory     : Returning cached instance of singleton bean 'org.springframework.transaction.config.internalTransactionAdvisor'
2024-05-17T15:11:55.915+02:00 TRACE 4684 --- [clothlogix] [           main] o.s.b.f.s.DefaultListableBeanFactory     : Returning cached instance of singleton bean 'org.springframework.transaction.config.internalTransactionAdvisor'
2024-05-17T15:11:55.915+02:00 TRACE 4684 --- [clothlogix] [           main] o.s.b.f.s.DefaultListableBeanFactory     : Finished creating instance of bean 'org.springframework.boot.autoconfigure.task.TaskExecutionAutoConfiguration'
2024-05-17T15:11:55.915+02:00 TRACE 4684 --- [clothlogix] [           main] o.s.b.f.s.DefaultListableBeanFactory     : Returning cached instance of singleton bean 'spring.task.execution-org.springframework.boot.autoconfigure.task.TaskExecutionProperties'
2024-05-17T15:11:55.915+02:00 DEBUG 4684 --- [clothlogix] [           main] o.s.b.f.s.DefaultListableBeanFactory     : Creating shared instance of singleton bean 'org.springframework.boot.autoconfigure.validation.ValidationAutoConfiguration'
2024-05-17T15:11:55.915+02:00 TRACE 4684 --- [clothlogix] [           main] o.s.b.f.s.DefaultListableBeanFactory     : Creating instance of bean 'org.springframework.boot.autoconfigure.validation.ValidationAutoConfiguration'
2024-05-17T15:11:55.915+02:00 TRACE 4684 --- [clothlogix] [           main] o.s.b.f.s.DefaultListableBeanFactory     : Returning cached instance of singleton bean 'org.springframework.transaction.config.internalTransactionAdvisor'
2024-05-17T15:11:55.922+02:00 TRACE 4684 --- [clothlogix] [           main] o.s.b.f.s.DefaultListableBeanFactory     : Returning cached instance of singleton bean 'org.springframework.transaction.config.internalTransactionAdvisor'
2024-05-17T15:11:55.922+02:00 TRACE 4684 --- [clothlogix] [           main] o.s.b.f.s.DefaultListableBeanFactory     : Returning cached instance of singleton bean 'org.springframework.transaction.config.internalTransactionAdvisor'
2024-05-17T15:11:55.922+02:00 TRACE 4684 --- [clothlogix] [           main] o.s.b.f.s.DefaultListableBeanFactory     : Finished creating instance of bean 'org.springframework.boot.autoconfigure.validation.ValidationAutoConfiguration'
2024-05-17T15:11:55.922+02:00 DEBUG 4684 --- [clothlogix] [           main] o.s.b.f.s.DefaultListableBeanFactory     : Creating shared instance of singleton bean 'defaultValidator'
2024-05-17T15:11:55.922+02:00 TRACE 4684 --- [clothlogix] [           main] o.s.b.f.s.DefaultListableBeanFactory     : Creating instance of bean 'defaultValidator'
2024-05-17T15:11:55.922+02:00 TRACE 4684 --- [clothlogix] [           main] o.s.b.f.s.DefaultListableBeanFactory     : Returning cached instance of singleton bean 'org.springframework.transaction.config.internalTransactionAdvisor'
2024-05-17T15:11:55.922+02:00 DEBUG 4684 --- [clothlogix] [           main] o.s.b.f.s.DefaultListableBeanFactory     : Autowiring by type from bean name 'defaultValidator' via factory method to bean named 'org.springframework.web.context.support.GenericWebApplicationContext@3f2049b6'
2024-05-17T15:11:55.922+02:00 DEBUG 4684 --- [clothlogix] [           main] .h.v.m.ResourceBundleMessageInterpolator : Loaded expression factory via original TCCL
2024-05-17T15:11:55.929+02:00 TRACE 4684 --- [clothlogix] [           main] o.s.b.f.s.DefaultListableBeanFactory     : Invoking afterPropertiesSet() on bean with name 'defaultValidator'
2024-05-17T15:11:55.929+02:00 DEBUG 4684 --- [clothlogix] [           main] o.h.v.i.e.AbstractConfigurationImpl      : Setting custom MessageInterpolator of type org.springframework.validation.beanvalidation.LocaleContextMessageInterpolator
2024-05-17T15:11:55.931+02:00 DEBUG 4684 --- [clothlogix] [           main] o.h.v.i.e.AbstractConfigurationImpl      : Setting custom ConstraintValidatorFactory of type org.springframework.validation.beanvalidation.SpringConstraintValidatorFactory
2024-05-17T15:11:55.932+02:00 DEBUG 4684 --- [clothlogix] [           main] o.h.v.i.xml.config.ValidationXmlParser   : Trying to load META-INF/validation.xml for XML based Validator configuration.
2024-05-17T15:11:55.932+02:00 DEBUG 4684 --- [clothlogix] [           main] o.h.v.i.xml.config.ResourceLoaderHelper  : Trying to load META-INF/validation.xml via user class loader
2024-05-17T15:11:55.932+02:00 DEBUG 4684 --- [clothlogix] [           main] o.h.v.i.xml.config.ResourceLoaderHelper  : Trying to load META-INF/validation.xml via TCCL
2024-05-17T15:11:55.932+02:00 DEBUG 4684 --- [clothlogix] [           main] o.h.v.i.xml.config.ResourceLoaderHelper  : Trying to load META-INF/validation.xml via Hibernate Validator's class loader
2024-05-17T15:11:55.932+02:00 DEBUG 4684 --- [clothlogix] [           main] o.h.v.i.xml.config.ValidationXmlParser   : No META-INF/validation.xml found. Using annotation based configuration only.
2024-05-17T15:11:55.932+02:00 DEBUG 4684 --- [clothlogix] [           main] o.h.v.i.e.resolver.TraversableResolvers  : Found jakarta.persistence.Persistence on classpath containing 'getPersistenceUtil'. Assuming JPA 2 environment. Trying to instantiate JPA aware TraversableResolver
2024-05-17T15:11:55.932+02:00 DEBUG 4684 --- [clothlogix] [           main] o.h.v.i.e.resolver.TraversableResolvers  : Instantiated JPA aware TraversableResolver of type org.hibernate.validator.internal.engine.resolver.JPATraversableResolver.
2024-05-17T15:11:55.932+02:00 DEBUG 4684 --- [clothlogix] [           main] .i.e.ValidatorFactoryConfigurationHelper : HV000252: Using org.hibernate.validator.internal.engine.DefaultPropertyNodeNameProvider as property node name provider.
2024-05-17T15:11:55.932+02:00 DEBUG 4684 --- [clothlogix] [           main] .i.e.ValidatorFactoryConfigurationHelper : HV000234: Using org.springframework.validation.beanvalidation.LocaleContextMessageInterpolator as ValidatorFactory-scoped message interpolator.
2024-05-17T15:11:55.932+02:00 DEBUG 4684 --- [clothlogix] [           main] .i.e.ValidatorFactoryConfigurationHelper : HV000234: Using org.hibernate.validator.internal.engine.resolver.JPATraversableResolver as ValidatorFactory-scoped traversable resolver.
2024-05-17T15:11:55.932+02:00 DEBUG 4684 --- [clothlogix] [           main] .i.e.ValidatorFactoryConfigurationHelper : HV000234: Using org.hibernate.validator.internal.util.ExecutableParameterNameProvider as ValidatorFactory-scoped parameter name provider.
2024-05-17T15:11:55.932+02:00 DEBUG 4684 --- [clothlogix] [           main] .i.e.ValidatorFactoryConfigurationHelper : HV000234: Using org.hibernate.validator.internal.engine.DefaultClockProvider as ValidatorFactory-scoped clock provider.
2024-05-17T15:11:55.932+02:00 DEBUG 4684 --- [clothlogix] [           main] .i.e.ValidatorFactoryConfigurationHelper : HV000234: Using org.hibernate.validator.internal.engine.scripting.DefaultScriptEvaluatorFactory as ValidatorFactory-scoped script evaluator factory.
2024-05-17T15:11:55.932+02:00 TRACE 4684 --- [clothlogix] [           main] o.s.b.f.s.DefaultListableBeanFactory     : Returning cached instance of singleton bean 'org.springframework.transaction.config.internalTransactionAdvisor'
2024-05-17T15:11:55.932+02:00 TRACE 4684 --- [clothlogix] [           main] o.s.b.f.s.DefaultListableBeanFactory     : Returning cached instance of singleton bean 'org.springframework.transaction.config.internalTransactionAdvisor'
2024-05-17T15:11:55.942+02:00 TRACE 4684 --- [clothlogix] [           main] o.s.b.f.s.DefaultListableBeanFactory     : Finished creating instance of bean 'defaultValidator'
2024-05-17T15:11:55.942+02:00 TRACE 4684 --- [clothlogix] [           main] o.s.b.f.s.DefaultListableBeanFactory     : Returning cached instance of singleton bean 'methodValidationPostProcessor'
2024-05-17T15:11:55.942+02:00 DEBUG 4684 --- [clothlogix] [           main] o.s.b.f.s.DefaultListableBeanFactory     : Creating shared instance of singleton bean 'org.springframework.boot.autoconfigure.web.servlet.error.ErrorMvcAutoConfiguration$WhitelabelErrorViewConfiguration'
2024-05-17T15:11:55.942+02:00 TRACE 4684 --- [clothlogix] [           main] o.s.b.f.s.DefaultListableBeanFactory     : Creating instance of bean 'org.springframework.boot.autoconfigure.web.servlet.error.ErrorMvcAutoConfiguration$WhitelabelErrorViewConfiguration'
2024-05-17T15:11:55.942+02:00 TRACE 4684 --- [clothlogix] [           main] o.s.b.f.s.DefaultListableBeanFactory     : Returning cached instance of singleton bean 'org.springframework.transaction.config.internalTransactionAdvisor'
2024-05-17T15:11:55.942+02:00 TRACE 4684 --- [clothlogix] [           main] o.s.b.f.s.DefaultListableBeanFactory     : Returning cached instance of singleton bean 'org.springframework.transaction.config.internalTransactionAdvisor'
2024-05-17T15:11:55.942+02:00 TRACE 4684 --- [clothlogix] [           main] o.s.b.f.s.DefaultListableBeanFactory     : Returning cached instance of singleton bean 'org.springframework.transaction.config.internalTransactionAdvisor'
2024-05-17T15:11:55.942+02:00 TRACE 4684 --- [clothlogix] [           main] o.s.b.f.s.DefaultListableBeanFactory     : Finished creating instance of bean 'org.springframework.boot.autoconfigure.web.servlet.error.ErrorMvcAutoConfiguration$WhitelabelErrorViewConfiguration'
2024-05-17T15:11:55.942+02:00 DEBUG 4684 --- [clothlogix] [           main] o.s.b.f.s.DefaultListableBeanFactory     : Creating shared instance of singleton bean 'error'
2024-05-17T15:11:55.942+02:00 TRACE 4684 --- [clothlogix] [           main] o.s.b.f.s.DefaultListableBeanFactory     : Creating instance of bean 'error'
2024-05-17T15:11:55.942+02:00 TRACE 4684 --- [clothlogix] [           main] o.s.b.f.s.DefaultListableBeanFactory     : Returning cached instance of singleton bean 'org.springframework.transaction.config.internalTransactionAdvisor'
2024-05-17T15:11:55.942+02:00 TRACE 4684 --- [clothlogix] [           main] o.s.b.f.s.DefaultListableBeanFactory     : Returning cached instance of singleton bean 'org.springframework.boot.autoconfigure.web.servlet.error.ErrorMvcAutoConfiguration$WhitelabelErrorViewConfiguration'
2024-05-17T15:11:55.942+02:00 TRACE 4684 --- [clothlogix] [           main] o.s.b.f.s.DefaultListableBeanFactory     : Returning cached instance of singleton bean 'org.springframework.transaction.config.internalTransactionAdvisor'
2024-05-17T15:11:55.942+02:00 TRACE 4684 --- [clothlogix] [           main] o.s.b.f.s.DefaultListableBeanFactory     : Returning cached instance of singleton bean 'org.springframework.transaction.config.internalTransactionAdvisor'
2024-05-17T15:11:55.947+02:00 TRACE 4684 --- [clothlogix] [           main] o.s.b.f.s.DefaultListableBeanFactory     : Finished creating instance of bean 'error'
2024-05-17T15:11:55.947+02:00 DEBUG 4684 --- [clothlogix] [           main] o.s.b.f.s.DefaultListableBeanFactory     : Creating shared instance of singleton bean 'beanNameViewResolver'
2024-05-17T15:11:55.947+02:00 TRACE 4684 --- [clothlogix] [           main] o.s.b.f.s.DefaultListableBeanFactory     : Creating instance of bean 'beanNameViewResolver'
2024-05-17T15:11:55.947+02:00 TRACE 4684 --- [clothlogix] [           main] o.s.b.f.s.DefaultListableBeanFactory     : Returning cached instance of singleton bean 'org.springframework.transaction.config.internalTransactionAdvisor'
2024-05-17T15:11:55.947+02:00 TRACE 4684 --- [clothlogix] [           main] o.s.b.f.s.DefaultListableBeanFactory     : Returning cached instance of singleton bean 'org.springframework.boot.autoconfigure.web.servlet.error.ErrorMvcAutoConfiguration$WhitelabelErrorViewConfiguration'
2024-05-17T15:11:55.947+02:00 TRACE 4684 --- [clothlogix] [           main] o.s.b.f.s.DefaultListableBeanFactory     : Returning cached instance of singleton bean 'org.springframework.transaction.config.internalTransactionAdvisor'
2024-05-17T15:11:55.947+02:00 TRACE 4684 --- [clothlogix] [           main] o.s.b.f.s.DefaultListableBeanFactory     : Returning cached instance of singleton bean 'org.springframework.transaction.config.internalTransactionAdvisor'
2024-05-17T15:11:55.947+02:00 TRACE 4684 --- [clothlogix] [           main] o.s.b.f.s.DefaultListableBeanFactory     : Finished creating instance of bean 'beanNameViewResolver'
2024-05-17T15:11:55.947+02:00 DEBUG 4684 --- [clothlogix] [           main] o.s.b.f.s.DefaultListableBeanFactory     : Creating shared instance of singleton bean 'org.springframework.boot.autoconfigure.web.servlet.error.ErrorMvcAutoConfiguration$DefaultErrorViewResolverConfiguration'
2024-05-17T15:11:55.947+02:00 TRACE 4684 --- [clothlogix] [           main] o.s.b.f.s.DefaultListableBeanFactory     : Creating instance of bean 'org.springframework.boot.autoconfigure.web.servlet.error.ErrorMvcAutoConfiguration$DefaultErrorViewResolverConfiguration'
2024-05-17T15:11:55.947+02:00 TRACE 4684 --- [clothlogix] [           main] o.s.b.f.s.DefaultListableBeanFactory     : Returning cached instance of singleton bean 'org.springframework.transaction.config.internalTransactionAdvisor'
2024-05-17T15:11:55.952+02:00 DEBUG 4684 --- [clothlogix] [           main] o.s.b.f.s.DefaultListableBeanFactory     : Creating shared instance of singleton bean 'spring.web-org.springframework.boot.autoconfigure.web.WebProperties'
2024-05-17T15:11:55.952+02:00 TRACE 4684 --- [clothlogix] [           main] o.s.b.f.s.DefaultListableBeanFactory     : Creating instance of bean 'spring.web-org.springframework.boot.autoconfigure.web.WebProperties'
2024-05-17T15:11:55.952+02:00 TRACE 4684 --- [clothlogix] [           main] o.s.b.f.s.DefaultListableBeanFactory     : Returning cached instance of singleton bean 'org.springframework.transaction.config.internalTransactionAdvisor'
2024-05-17T15:11:55.954+02:00 TRACE 4684 --- [clothlogix] [           main] o.s.b.f.s.DefaultListableBeanFactory     : Returning cached instance of singleton bean 'org.springframework.boot.context.properties.BoundConfigurationProperties'
2024-05-17T15:11:55.954+02:00 TRACE 4684 --- [clothlogix] [           main] o.s.b.f.s.DefaultListableBeanFactory     : Returning cached instance of singleton bean 'org.springframework.transaction.config.internalTransactionAdvisor'
2024-05-17T15:11:55.954+02:00 TRACE 4684 --- [clothlogix] [           main] o.s.b.f.s.DefaultListableBeanFactory     : Returning cached instance of singleton bean 'org.springframework.transaction.config.internalTransactionAdvisor'
2024-05-17T15:11:55.954+02:00 TRACE 4684 --- [clothlogix] [           main] o.s.b.f.s.DefaultListableBeanFactory     : Finished creating instance of bean 'spring.web-org.springframework.boot.autoconfigure.web.WebProperties'
2024-05-17T15:11:55.954+02:00 DEBUG 4684 --- [clothlogix] [           main] o.s.b.f.s.DefaultListableBeanFactory     : Autowiring by type from bean name 'org.springframework.boot.autoconfigure.web.servlet.error.ErrorMvcAutoConfiguration$DefaultErrorViewResolverConfiguration' via constructor to bean named 'org.springframework.web.context.support.GenericWebApplicationContext@3f2049b6'
2024-05-17T15:11:55.954+02:00 DEBUG 4684 --- [clothlogix] [           main] o.s.b.f.s.DefaultListableBeanFactory     : Autowiring by type from bean name 'org.springframework.boot.autoconfigure.web.servlet.error.ErrorMvcAutoConfiguration$DefaultErrorViewResolverConfiguration' via constructor to bean named 'spring.web-org.springframework.boot.autoconfigure.web.WebProperties'
2024-05-17T15:11:55.958+02:00 TRACE 4684 --- [clothlogix] [           main] o.s.b.f.s.DefaultListableBeanFactory     : Returning cached instance of singleton bean 'org.springframework.transaction.config.internalTransactionAdvisor'
2024-05-17T15:11:55.958+02:00 TRACE 4684 --- [clothlogix] [           main] o.s.b.f.s.DefaultListableBeanFactory     : Returning cached instance of singleton bean 'org.springframework.transaction.config.internalTransactionAdvisor'
2024-05-17T15:11:55.958+02:00 TRACE 4684 --- [clothlogix] [           main] o.s.b.f.s.DefaultListableBeanFactory     : Finished creating instance of bean 'org.springframework.boot.autoconfigure.web.servlet.error.ErrorMvcAutoConfiguration$DefaultErrorViewResolverConfiguration'
2024-05-17T15:11:55.958+02:00 DEBUG 4684 --- [clothlogix] [           main] o.s.b.f.s.DefaultListableBeanFactory     : Creating shared instance of singleton bean 'conventionErrorViewResolver'
2024-05-17T15:11:55.958+02:00 TRACE 4684 --- [clothlogix] [           main] o.s.b.f.s.DefaultListableBeanFactory     : Creating instance of bean 'conventionErrorViewResolver'
2024-05-17T15:11:55.958+02:00 TRACE 4684 --- [clothlogix] [           main] o.s.b.f.s.DefaultListableBeanFactory     : Returning cached instance of singleton bean 'org.springframework.transaction.config.internalTransactionAdvisor'
2024-05-17T15:11:55.958+02:00 TRACE 4684 --- [clothlogix] [           main] o.s.b.f.s.DefaultListableBeanFactory     : Returning cached instance of singleton bean 'org.springframework.boot.autoconfigure.web.servlet.error.ErrorMvcAutoConfiguration$DefaultErrorViewResolverConfiguration'
2024-05-17T15:11:55.958+02:00 TRACE 4684 --- [clothlogix] [           main] o.s.c.io.support.SpringFactoriesLoader   : Loaded [org.springframework.boot.autoconfigure.template.TemplateAvailabilityProvider] names: [org.springframework.boot.autoconfigure.freemarker.FreeMarkerTemplateAvailabilityProvider, org.springframework.boot.autoconfigure.mustache.MustacheTemplateAvailabilityProvider, org.springframework.boot.autoconfigure.groovy.template.GroovyTemplateAvailabilityProvider, org.springframework.boot.autoconfigure.thymeleaf.ThymeleafTemplateAvailabilityProvider, org.springframework.boot.autoconfigure.web.servlet.JspTemplateAvailabilityProvider]
2024-05-17T15:11:55.958+02:00 TRACE 4684 --- [clothlogix] [           main] o.s.b.f.s.DefaultListableBeanFactory     : Returning cached instance of singleton bean 'org.springframework.transaction.config.internalTransactionAdvisor'
2024-05-17T15:11:55.958+02:00 TRACE 4684 --- [clothlogix] [           main] o.s.b.f.s.DefaultListableBeanFactory     : Returning cached instance of singleton bean 'org.springframework.transaction.config.internalTransactionAdvisor'
2024-05-17T15:11:55.958+02:00 TRACE 4684 --- [clothlogix] [           main] o.s.b.f.s.DefaultListableBeanFactory     : Finished creating instance of bean 'conventionErrorViewResolver'
2024-05-17T15:11:55.958+02:00 TRACE 4684 --- [clothlogix] [           main] o.s.b.f.s.DefaultListableBeanFactory     : Returning cached instance of singleton bean 'spring.web-org.springframework.boot.autoconfigure.web.WebProperties'
2024-05-17T15:11:55.958+02:00 TRACE 4684 --- [clothlogix] [           main] o.s.b.f.s.DefaultListableBeanFactory     : Returning cached instance of singleton bean 'org.springframework.boot.autoconfigure.web.servlet.error.ErrorMvcAutoConfiguration'
2024-05-17T15:11:55.958+02:00 DEBUG 4684 --- [clothlogix] [           main] o.s.b.f.s.DefaultListableBeanFactory     : Creating shared instance of singleton bean 'errorAttributes'
2024-05-17T15:11:55.958+02:00 TRACE 4684 --- [clothlogix] [           main] o.s.b.f.s.DefaultListableBeanFactory     : Creating instance of bean 'errorAttributes'
2024-05-17T15:11:55.958+02:00 TRACE 4684 --- [clothlogix] [           main] o.s.b.f.s.DefaultListableBeanFactory     : Returning cached instance of singleton bean 'org.springframework.transaction.config.internalTransactionAdvisor'
2024-05-17T15:11:55.958+02:00 TRACE 4684 --- [clothlogix] [           main] o.s.b.f.s.DefaultListableBeanFactory     : Returning cached instance of singleton bean 'org.springframework.boot.autoconfigure.web.servlet.error.ErrorMvcAutoConfiguration'
2024-05-17T15:11:55.963+02:00 TRACE 4684 --- [clothlogix] [           main] o.s.b.f.s.DefaultListableBeanFactory     : Returning cached instance of singleton bean 'org.springframework.transaction.config.internalTransactionAdvisor'
2024-05-17T15:11:55.963+02:00 TRACE 4684 --- [clothlogix] [           main] o.s.b.f.s.DefaultListableBeanFactory     : Returning cached instance of singleton bean 'org.springframework.transaction.config.internalTransactionAdvisor'
2024-05-17T15:11:55.963+02:00 TRACE 4684 --- [clothlogix] [           main] o.s.b.f.s.DefaultListableBeanFactory     : Finished creating instance of bean 'errorAttributes'
2024-05-17T15:11:55.963+02:00 DEBUG 4684 --- [clothlogix] [           main] o.s.b.f.s.DefaultListableBeanFactory     : Creating shared instance of singleton bean 'basicErrorController'
2024-05-17T15:11:55.963+02:00 TRACE 4684 --- [clothlogix] [           main] o.s.b.f.s.DefaultListableBeanFactory     : Creating instance of bean 'basicErrorController'
2024-05-17T15:11:55.963+02:00 TRACE 4684 --- [clothlogix] [           main] o.s.b.f.s.DefaultListableBeanFactory     : Returning cached instance of singleton bean 'org.springframework.transaction.config.internalTransactionAdvisor'
2024-05-17T15:11:55.963+02:00 TRACE 4684 --- [clothlogix] [           main] o.s.b.f.s.DefaultListableBeanFactory     : Returning cached instance of singleton bean 'org.springframework.boot.autoconfigure.web.servlet.error.ErrorMvcAutoConfiguration'
2024-05-17T15:11:55.963+02:00 TRACE 4684 --- [clothlogix] [           main] o.s.b.f.s.DefaultListableBeanFactory     : Returning cached instance of singleton bean 'errorAttributes'
2024-05-17T15:11:55.963+02:00 DEBUG 4684 --- [clothlogix] [           main] o.s.b.f.s.DefaultListableBeanFactory     : Autowiring by type from bean name 'basicErrorController' via factory method to bean named 'errorAttributes'
2024-05-17T15:11:55.963+02:00 TRACE 4684 --- [clothlogix] [           main] o.s.b.f.s.DefaultListableBeanFactory     : Returning cached instance of singleton bean 'conventionErrorViewResolver'
2024-05-17T15:11:55.963+02:00 TRACE 4684 --- [clothlogix] [           main] o.s.b.f.s.DefaultListableBeanFactory     : Returning cached instance of singleton bean 'conventionErrorViewResolver'
2024-05-17T15:11:55.967+02:00 TRACE 4684 --- [clothlogix] [           main] o.s.b.f.s.DefaultListableBeanFactory     : Returning cached instance of singleton bean 'org.springframework.transaction.config.internalTransactionAdvisor'
2024-05-17T15:11:55.967+02:00 TRACE 4684 --- [clothlogix] [           main] o.s.b.f.s.DefaultListableBeanFactory     : Returning cached instance of singleton bean 'org.springframework.transaction.config.internalTransactionAdvisor'
2024-05-17T15:11:55.967+02:00 TRACE 4684 --- [clothlogix] [           main] o.s.b.f.s.DefaultListableBeanFactory     : Finished creating instance of bean 'basicErrorController'
2024-05-17T15:11:55.967+02:00 TRACE 4684 --- [clothlogix] [           main] o.s.b.f.s.DefaultListableBeanFactory     : Returning cached instance of singleton bean 'errorPageCustomizer'
2024-05-17T15:11:55.967+02:00 TRACE 4684 --- [clothlogix] [           main] o.s.b.f.s.DefaultListableBeanFactory     : Returning cached instance of singleton bean 'preserveErrorControllerTargetClassPostProcessor'
2024-05-17T15:11:55.967+02:00 DEBUG 4684 --- [clothlogix] [           main] o.s.b.f.s.DefaultListableBeanFactory     : Creating shared instance of singleton bean 'org.springframework.boot.autoconfigure.web.servlet.WebMvcAutoConfiguration$EnableWebMvcConfiguration'
2024-05-17T15:11:55.967+02:00 TRACE 4684 --- [clothlogix] [           main] o.s.b.f.s.DefaultListableBeanFactory     : Creating instance of bean 'org.springframework.boot.autoconfigure.web.servlet.WebMvcAutoConfiguration$EnableWebMvcConfiguration'
2024-05-17T15:11:55.967+02:00 TRACE 4684 --- [clothlogix] [           main] o.s.b.f.s.DefaultListableBeanFactory     : Returning cached instance of singleton bean 'org.springframework.transaction.config.internalTransactionAdvisor'
2024-05-17T15:11:55.972+02:00 TRACE 4684 --- [clothlogix] [           main] o.s.b.f.s.DefaultListableBeanFactory     : Returning cached instance of singleton bean 'spring.mvc-org.springframework.boot.autoconfigure.web.servlet.WebMvcProperties'
2024-05-17T15:11:55.972+02:00 TRACE 4684 --- [clothlogix] [           main] o.s.b.f.s.DefaultListableBeanFactory     : Returning cached instance of singleton bean 'spring.web-org.springframework.boot.autoconfigure.web.WebProperties'
2024-05-17T15:11:55.972+02:00 DEBUG 4684 --- [clothlogix] [           main] o.s.b.f.s.DefaultListableBeanFactory     : Autowiring by type from bean name 'org.springframework.boot.autoconfigure.web.servlet.WebMvcAutoConfiguration$EnableWebMvcConfiguration' via constructor to bean named 'spring.mvc-org.springframework.boot.autoconfigure.web.servlet.WebMvcProperties'
2024-05-17T15:11:55.972+02:00 DEBUG 4684 --- [clothlogix] [           main] o.s.b.f.s.DefaultListableBeanFactory     : Autowiring by type from bean name 'org.springframework.boot.autoconfigure.web.servlet.WebMvcAutoConfiguration$EnableWebMvcConfiguration' via constructor to bean named 'spring.web-org.springframework.boot.autoconfigure.web.WebProperties'
2024-05-17T15:11:55.972+02:00 DEBUG 4684 --- [clothlogix] [           main] o.s.b.f.s.DefaultListableBeanFactory     : Autowiring by type from bean name 'org.springframework.boot.autoconfigure.web.servlet.WebMvcAutoConfiguration$EnableWebMvcConfiguration' via constructor to bean named 'org.springframework.beans.factory.support.DefaultListableBeanFactory@75b21c3b'
2024-05-17T15:11:55.972+02:00 TRACE 4684 --- [clothlogix] [           main] o.s.beans.CachedIntrospectionResults     : Getting BeanInfo for class [org.springframework.boot.autoconfigure.web.servlet.WebMvcAutoConfiguration$EnableWebMvcConfiguration]
2024-05-17T15:11:55.972+02:00 TRACE 4684 --- [clothlogix] [           main] o.s.beans.CachedIntrospectionResults     : Caching PropertyDescriptors for class [org.springframework.boot.autoconfigure.web.servlet.WebMvcAutoConfiguration$EnableWebMvcConfiguration]
2024-05-17T15:11:55.972+02:00 TRACE 4684 --- [clothlogix] [           main] o.s.beans.CachedIntrospectionResults     : Found bean property 'applicationContext' of type [org.springframework.context.ApplicationContext]
2024-05-17T15:11:55.972+02:00 TRACE 4684 --- [clothlogix] [           main] o.s.beans.CachedIntrospectionResults     : Found bean property 'class' of type [java.lang.Class]
2024-05-17T15:11:55.972+02:00 TRACE 4684 --- [clothlogix] [           main] o.s.beans.CachedIntrospectionResults     : Found bean property 'configurers' of type [java.util.List]
2024-05-17T15:11:55.972+02:00 TRACE 4684 --- [clothlogix] [           main] o.s.beans.CachedIntrospectionResults     : Found bean property 'resourceLoader' of type [org.springframework.core.io.ResourceLoader]
2024-05-17T15:11:55.972+02:00 TRACE 4684 --- [clothlogix] [           main] o.s.beans.CachedIntrospectionResults     : Found bean property 'servletContext' of type [jakarta.servlet.ServletContext]
2024-05-17T15:11:55.979+02:00 DEBUG 4684 --- [clothlogix] [           main] o.s.b.f.s.DefaultListableBeanFactory     : Creating shared instance of singleton bean 'org.springframework.boot.autoconfigure.web.servlet.WebMvcAutoConfiguration$WebMvcAutoConfigurationAdapter'
2024-05-17T15:11:55.979+02:00 TRACE 4684 --- [clothlogix] [           main] o.s.b.f.s.DefaultListableBeanFactory     : Creating instance of bean 'org.springframework.boot.autoconfigure.web.servlet.WebMvcAutoConfiguration$WebMvcAutoConfigurationAdapter'
2024-05-17T15:11:55.979+02:00 TRACE 4684 --- [clothlogix] [           main] o.s.b.f.s.DefaultListableBeanFactory     : Returning cached instance of singleton bean 'org.springframework.transaction.config.internalTransactionAdvisor'
2024-05-17T15:11:55.979+02:00 TRACE 4684 --- [clothlogix] [           main] o.s.b.f.s.DefaultListableBeanFactory     : Returning cached instance of singleton bean 'spring.web-org.springframework.boot.autoconfigure.web.WebProperties'
2024-05-17T15:11:55.979+02:00 TRACE 4684 --- [clothlogix] [           main] o.s.b.f.s.DefaultListableBeanFactory     : Returning cached instance of singleton bean 'spring.mvc-org.springframework.boot.autoconfigure.web.servlet.WebMvcProperties'
2024-05-17T15:11:55.979+02:00 DEBUG 4684 --- [clothlogix] [           main] o.s.b.f.s.DefaultListableBeanFactory     : Autowiring by type from bean name 'org.springframework.boot.autoconfigure.web.servlet.WebMvcAutoConfiguration$WebMvcAutoConfigurationAdapter' via constructor to bean named 'spring.web-org.springframework.boot.autoconfigure.web.WebProperties'
2024-05-17T15:11:55.979+02:00 DEBUG 4684 --- [clothlogix] [           main] o.s.b.f.s.DefaultListableBeanFactory     : Autowiring by type from bean name 'org.springframework.boot.autoconfigure.web.servlet.WebMvcAutoConfiguration$WebMvcAutoConfigurationAdapter' via constructor to bean named 'spring.mvc-org.springframework.boot.autoconfigure.web.servlet.WebMvcProperties'
2024-05-17T15:11:55.979+02:00 DEBUG 4684 --- [clothlogix] [           main] o.s.b.f.s.DefaultListableBeanFactory     : Autowiring by type from bean name 'org.springframework.boot.autoconfigure.web.servlet.WebMvcAutoConfiguration$WebMvcAutoConfigurationAdapter' via constructor to bean named 'org.springframework.beans.factory.support.DefaultListableBeanFactory@75b21c3b'
2024-05-17T15:11:55.982+02:00 TRACE 4684 --- [clothlogix] [           main] o.s.b.f.s.DefaultListableBeanFactory     : Returning cached instance of singleton bean 'org.springframework.transaction.config.internalTransactionAdvisor'
2024-05-17T15:11:55.982+02:00 TRACE 4684 --- [clothlogix] [           main] o.s.b.f.s.DefaultListableBeanFactory     : Returning cached instance of singleton bean 'org.springframework.transaction.config.internalTransactionAdvisor'
2024-05-17T15:11:55.982+02:00 TRACE 4684 --- [clothlogix] [           main] o.s.b.f.s.DefaultListableBeanFactory     : Finished creating instance of bean 'org.springframework.boot.autoconfigure.web.servlet.WebMvcAutoConfiguration$WebMvcAutoConfigurationAdapter'
2024-05-17T15:11:55.982+02:00 DEBUG 4684 --- [clothlogix] [           main] o.s.b.f.s.DefaultListableBeanFactory     : Creating shared instance of singleton bean 'openEntityManagerInViewInterceptorConfigurer'
2024-05-17T15:11:55.982+02:00 TRACE 4684 --- [clothlogix] [           main] o.s.b.f.s.DefaultListableBeanFactory     : Creating instance of bean 'openEntityManagerInViewInterceptorConfigurer'
2024-05-17T15:11:55.982+02:00 TRACE 4684 --- [clothlogix] [           main] o.s.b.f.s.DefaultListableBeanFactory     : Returning cached instance of singleton bean 'org.springframework.transaction.config.internalTransactionAdvisor'
2024-05-17T15:11:55.982+02:00 DEBUG 4684 --- [clothlogix] [           main] o.s.b.f.s.DefaultListableBeanFactory     : Creating shared instance of singleton bean 'org.springframework.boot.autoconfigure.orm.jpa.JpaBaseConfiguration$JpaWebConfiguration'
2024-05-17T15:11:55.982+02:00 TRACE 4684 --- [clothlogix] [           main] o.s.b.f.s.DefaultListableBeanFactory     : Creating instance of bean 'org.springframework.boot.autoconfigure.orm.jpa.JpaBaseConfiguration$JpaWebConfiguration'
2024-05-17T15:11:55.982+02:00 TRACE 4684 --- [clothlogix] [           main] o.s.b.f.s.DefaultListableBeanFactory     : Returning cached instance of singleton bean 'org.springframework.transaction.config.internalTransactionAdvisor'
2024-05-17T15:11:55.982+02:00 DEBUG 4684 --- [clothlogix] [           main] o.s.b.f.s.DefaultListableBeanFactory     : Creating shared instance of singleton bean 'spring.jpa-org.springframework.boot.autoconfigure.orm.jpa.JpaProperties'
2024-05-17T15:11:55.982+02:00 TRACE 4684 --- [clothlogix] [           main] o.s.b.f.s.DefaultListableBeanFactory     : Creating instance of bean 'spring.jpa-org.springframework.boot.autoconfigure.orm.jpa.JpaProperties'
2024-05-17T15:11:55.982+02:00 TRACE 4684 --- [clothlogix] [           main] o.s.b.f.s.DefaultListableBeanFactory     : Returning cached instance of singleton bean 'org.springframework.transaction.config.internalTransactionAdvisor'
2024-05-17T15:11:55.982+02:00 TRACE 4684 --- [clothlogix] [           main] o.s.b.f.s.DefaultListableBeanFactory     : Returning cached instance of singleton bean 'org.springframework.boot.context.properties.BoundConfigurationProperties'
2024-05-17T15:11:55.982+02:00 TRACE 4684 --- [clothlogix] [           main] o.s.b.f.s.DefaultListableBeanFactory     : Returning cached instance of singleton bean 'org.springframework.transaction.config.internalTransactionAdvisor'
2024-05-17T15:11:55.982+02:00 TRACE 4684 --- [clothlogix] [           main] o.s.b.f.s.DefaultListableBeanFactory     : Returning cached instance of singleton bean 'org.springframework.transaction.config.internalTransactionAdvisor'
2024-05-17T15:11:55.982+02:00 TRACE 4684 --- [clothlogix] [           main] o.s.b.f.s.DefaultListableBeanFactory     : Finished creating instance of bean 'spring.jpa-org.springframework.boot.autoconfigure.orm.jpa.JpaProperties'
2024-05-17T15:11:55.982+02:00 DEBUG 4684 --- [clothlogix] [           main] o.s.b.f.s.DefaultListableBeanFactory     : Autowiring by type from bean name 'org.springframework.boot.autoconfigure.orm.jpa.JpaBaseConfiguration$JpaWebConfiguration' via constructor to bean named 'spring.jpa-org.springframework.boot.autoconfigure.orm.jpa.JpaProperties'
2024-05-17T15:11:55.982+02:00 TRACE 4684 --- [clothlogix] [           main] o.s.b.f.s.DefaultListableBeanFactory     : Returning cached instance of singleton bean 'org.springframework.transaction.config.internalTransactionAdvisor'
2024-05-17T15:11:55.982+02:00 TRACE 4684 --- [clothlogix] [           main] o.s.b.f.s.DefaultListableBeanFactory     : Returning cached instance of singleton bean 'org.springframework.transaction.config.internalTransactionAdvisor'
2024-05-17T15:11:55.992+02:00 TRACE 4684 --- [clothlogix] [           main] o.s.b.f.s.DefaultListableBeanFactory     : Finished creating instance of bean 'org.springframework.boot.autoconfigure.orm.jpa.JpaBaseConfiguration$JpaWebConfiguration'
2024-05-17T15:11:55.992+02:00 DEBUG 4684 --- [clothlogix] [           main] o.s.b.f.s.DefaultListableBeanFactory     : Creating shared instance of singleton bean 'openEntityManagerInViewInterceptor'
2024-05-17T15:11:55.992+02:00 TRACE 4684 --- [clothlogix] [           main] o.s.b.f.s.DefaultListableBeanFactory     : Creating instance of bean 'openEntityManagerInViewInterceptor'
2024-05-17T15:11:55.992+02:00 TRACE 4684 --- [clothlogix] [           main] o.s.b.f.s.DefaultListableBeanFactory     : Returning cached instance of singleton bean 'org.springframework.transaction.config.internalTransactionAdvisor'
2024-05-17T15:11:55.992+02:00 TRACE 4684 --- [clothlogix] [           main] o.s.b.f.s.DefaultListableBeanFactory     : Returning cached instance of singleton bean 'org.springframework.boot.autoconfigure.orm.jpa.JpaBaseConfiguration$JpaWebConfiguration'
2024-05-17T15:11:55.992+02:00  WARN 4684 --- [clothlogix] [           main] JpaBaseConfiguration$JpaWebConfiguration : spring.jpa.open-in-view is enabled by default. Therefore, database queries may be performed during view rendering. Explicitly configure spring.jpa.open-in-view to disable this warning
2024-05-17T15:11:55.995+02:00 TRACE 4684 --- [clothlogix] [           main] o.s.b.f.s.DefaultListableBeanFactory     : Returning cached instance of singleton bean 'entityManagerFactory'
2024-05-17T15:11:55.995+02:00 TRACE 4684 --- [clothlogix] [           main] o.s.b.f.s.DefaultListableBeanFactory     : Returning cached instance of singleton bean 'org.springframework.transaction.config.internalTransactionAdvisor'
2024-05-17T15:11:55.995+02:00 TRACE 4684 --- [clothlogix] [           main] o.s.b.f.s.DefaultListableBeanFactory     : Returning cached instance of singleton bean 'org.springframework.transaction.config.internalTransactionAdvisor'
2024-05-17T15:11:55.995+02:00 TRACE 4684 --- [clothlogix] [           main] o.s.b.f.s.DefaultListableBeanFactory     : Finished creating instance of bean 'openEntityManagerInViewInterceptor'
2024-05-17T15:11:55.995+02:00 DEBUG 4684 --- [clothlogix] [           main] o.s.b.f.s.DefaultListableBeanFactory     : Autowiring by type from bean name 'openEntityManagerInViewInterceptorConfigurer' via factory method to bean named 'openEntityManagerInViewInterceptor'
2024-05-17T15:11:55.995+02:00 TRACE 4684 --- [clothlogix] [           main] o.s.b.f.s.DefaultListableBeanFactory     : Returning cached instance of singleton bean 'org.springframework.transaction.config.internalTransactionAdvisor'
2024-05-17T15:11:55.995+02:00 TRACE 4684 --- [clothlogix] [           main] o.s.b.f.s.DefaultListableBeanFactory     : Returning cached instance of singleton bean 'org.springframework.transaction.config.internalTransactionAdvisor'
2024-05-17T15:11:55.995+02:00 TRACE 4684 --- [clothlogix] [           main] o.s.b.f.s.DefaultListableBeanFactory     : Finished creating instance of bean 'openEntityManagerInViewInterceptorConfigurer'
2024-05-17T15:11:55.995+02:00 DEBUG 4684 --- [clothlogix] [           main] o.s.b.f.s.DefaultListableBeanFactory     : Creating shared instance of singleton bean 'hypermediaWebMvcConfigurer'
2024-05-17T15:11:55.995+02:00 TRACE 4684 --- [clothlogix] [           main] o.s.b.f.s.DefaultListableBeanFactory     : Creating instance of bean 'hypermediaWebMvcConfigurer'
2024-05-17T15:11:55.995+02:00 TRACE 4684 --- [clothlogix] [           main] o.s.b.f.s.DefaultListableBeanFactory     : Returning cached instance of singleton bean 'org.springframework.transaction.config.internalTransactionAdvisor'
2024-05-17T15:11:55.995+02:00 DEBUG 4684 --- [clothlogix] [           main] o.s.b.f.s.DefaultListableBeanFactory     : Creating shared instance of singleton bean 'org.springframework.hateoas.config.WebMvcHateoasConfiguration'
2024-05-17T15:11:55.995+02:00 TRACE 4684 --- [clothlogix] [           main] o.s.b.f.s.DefaultListableBeanFactory     : Creating instance of bean 'org.springframework.hateoas.config.WebMvcHateoasConfiguration'
2024-05-17T15:11:55.995+02:00 TRACE 4684 --- [clothlogix] [           main] o.s.b.f.s.DefaultListableBeanFactory     : Returning cached instance of singleton bean 'org.springframework.transaction.config.internalTransactionAdvisor'
2024-05-17T15:11:55.995+02:00 TRACE 4684 --- [clothlogix] [           main] o.s.b.f.s.DefaultListableBeanFactory     : Returning cached instance of singleton bean 'org.springframework.transaction.config.internalTransactionAdvisor'
2024-05-17T15:11:55.995+02:00 TRACE 4684 --- [clothlogix] [           main] o.s.b.f.s.DefaultListableBeanFactory     : Returning cached instance of singleton bean 'org.springframework.transaction.config.internalTransactionAdvisor'
2024-05-17T15:11:56.002+02:00 TRACE 4684 --- [clothlogix] [           main] o.s.b.f.s.DefaultListableBeanFactory     : Finished creating instance of bean 'org.springframework.hateoas.config.WebMvcHateoasConfiguration'
2024-05-17T15:11:56.002+02:00 DEBUG 4684 --- [clothlogix] [           main] o.s.b.f.s.DefaultListableBeanFactory     : Creating shared instance of singleton bean 'hypermediaWebMvcConverters'
2024-05-17T15:11:56.002+02:00 TRACE 4684 --- [clothlogix] [           main] o.s.b.f.s.DefaultListableBeanFactory     : Creating instance of bean 'hypermediaWebMvcConverters'
2024-05-17T15:11:56.002+02:00 TRACE 4684 --- [clothlogix] [           main] o.s.b.f.s.DefaultListableBeanFactory     : Returning cached instance of singleton bean 'org.springframework.transaction.config.internalTransactionAdvisor'
2024-05-17T15:11:56.002+02:00 DEBUG 4684 --- [clothlogix] [           main] o.s.b.f.s.DefaultListableBeanFactory     : Creating shared instance of singleton bean 'org.springframework.hateoas.config.HateoasConfiguration'
2024-05-17T15:11:56.002+02:00 TRACE 4684 --- [clothlogix] [           main] o.s.b.f.s.DefaultListableBeanFactory     : Creating instance of bean 'org.springframework.hateoas.config.HateoasConfiguration'
2024-05-17T15:11:56.002+02:00 TRACE 4684 --- [clothlogix] [           main] o.s.b.f.s.DefaultListableBeanFactory     : Returning cached instance of singleton bean 'org.springframework.transaction.config.internalTransactionAdvisor'
2024-05-17T15:11:56.002+02:00 TRACE 4684 --- [clothlogix] [           main] f.a.AutowiredAnnotationBeanPostProcessor : Autowiring by type from bean name 'org.springframework.hateoas.config.HateoasConfiguration' to bean named 'org.springframework.web.context.support.GenericWebApplicationContext@3f2049b6'
2024-05-17T15:11:56.002+02:00 TRACE 4684 --- [clothlogix] [           main] o.s.b.f.s.DefaultListableBeanFactory     : Returning cached instance of singleton bean 'org.springframework.transaction.config.internalTransactionAdvisor'
2024-05-17T15:11:56.002+02:00 TRACE 4684 --- [clothlogix] [           main] o.s.b.f.s.DefaultListableBeanFactory     : Returning cached instance of singleton bean 'org.springframework.transaction.config.internalTransactionAdvisor'
2024-05-17T15:11:56.002+02:00 TRACE 4684 --- [clothlogix] [           main] o.s.b.f.s.DefaultListableBeanFactory     : Finished creating instance of bean 'org.springframework.hateoas.config.HateoasConfiguration'
2024-05-17T15:11:56.002+02:00 DEBUG 4684 --- [clothlogix] [           main] o.s.b.f.s.DefaultListableBeanFactory     : Creating shared instance of singleton bean 'org.springframework.hateoas.mediatype.hal.HalMediaTypeConfiguration'
2024-05-17T15:11:56.002+02:00 TRACE 4684 --- [clothlogix] [           main] o.s.b.f.s.DefaultListableBeanFactory     : Creating instance of bean 'org.springframework.hateoas.mediatype.hal.HalMediaTypeConfiguration'
2024-05-17T15:11:56.002+02:00 TRACE 4684 --- [clothlogix] [           main] o.s.b.f.s.DefaultListableBeanFactory     : Returning cached instance of singleton bean 'org.springframework.transaction.config.internalTransactionAdvisor'
2024-05-17T15:11:56.002+02:00 DEBUG 4684 --- [clothlogix] [           main] o.s.b.f.s.DefaultListableBeanFactory     : Creating shared instance of singleton bean '_relProvider'
2024-05-17T15:11:56.002+02:00 TRACE 4684 --- [clothlogix] [           main] o.s.b.f.s.DefaultListableBeanFactory     : Creating instance of bean '_relProvider'
2024-05-17T15:11:56.002+02:00 TRACE 4684 --- [clothlogix] [           main] o.s.b.f.s.DefaultListableBeanFactory     : Returning cached instance of singleton bean 'org.springframework.transaction.config.internalTransactionAdvisor'
2024-05-17T15:11:56.002+02:00 TRACE 4684 --- [clothlogix] [           main] o.s.b.f.s.DefaultListableBeanFactory     : Returning cached instance of singleton bean 'org.springframework.hateoas.config.HateoasConfiguration'
2024-05-17T15:11:56.002+02:00 DEBUG 4684 --- [clothlogix] [           main] o.s.b.f.s.DefaultListableBeanFactory     : Creating shared instance of singleton bean 'relProviderPluginRegistry'
2024-05-17T15:11:56.002+02:00 TRACE 4684 --- [clothlogix] [           main] o.s.b.f.s.DefaultListableBeanFactory     : Creating instance of bean 'relProviderPluginRegistry'
2024-05-17T15:11:56.002+02:00 TRACE 4684 --- [clothlogix] [           main] o.s.b.f.s.DefaultListableBeanFactory     : Returning cached instance of singleton bean 'org.springframework.transaction.config.internalTransactionAdvisor'
2024-05-17T15:11:56.002+02:00 TRACE 4684 --- [clothlogix] [           main] o.s.b.f.s.DefaultListableBeanFactory     : Returning cached instance of singleton bean 'org.springframework.hateoas.config.HateoasConfiguration'
2024-05-17T15:11:56.002+02:00 DEBUG 4684 --- [clothlogix] [           main] o.s.b.f.s.DefaultListableBeanFactory     : Autowiring by type from bean name 'relProviderPluginRegistry' via factory method to bean named 'org.springframework.web.context.support.GenericWebApplicationContext@3f2049b6'
2024-05-17T15:11:56.010+02:00 TRACE 4684 --- [clothlogix] [           main] o.s.aop.framework.JdkDynamicAopProxy     : Creating JDK dynamic proxy: org.springframework.plugin.core.support.AbstractTypeAwareSupport$BeansOfTypeTargetSource@4d529bc0
2024-05-17T15:11:56.012+02:00 TRACE 4684 --- [clothlogix] [           main] o.s.b.f.s.DefaultListableBeanFactory     : Returning cached instance of singleton bean 'org.springframework.transaction.config.internalTransactionAdvisor'
2024-05-17T15:11:56.012+02:00 TRACE 4684 --- [clothlogix] [           main] o.s.b.f.s.DefaultListableBeanFactory     : Returning cached instance of singleton bean 'org.springframework.transaction.config.internalTransactionAdvisor'
2024-05-17T15:11:56.012+02:00 TRACE 4684 --- [clothlogix] [           main] o.s.b.f.s.DefaultListableBeanFactory     : Finished creating instance of bean 'relProviderPluginRegistry'
2024-05-17T15:11:56.012+02:00 DEBUG 4684 --- [clothlogix] [           main] o.s.b.f.s.DefaultListableBeanFactory     : Autowiring by type from bean name '_relProvider' via factory method to bean named 'relProviderPluginRegistry'
2024-05-17T15:11:56.022+02:00 TRACE 4684 --- [clothlogix] [           main] o.s.b.f.s.DefaultListableBeanFactory     : Returning cached instance of singleton bean 'org.springframework.transaction.config.internalTransactionAdvisor'
2024-05-17T15:11:56.022+02:00 TRACE 4684 --- [clothlogix] [           main] o.s.b.f.s.DefaultListableBeanFactory     : Returning cached instance of singleton bean 'org.springframework.transaction.config.internalTransactionAdvisor'
2024-05-17T15:11:56.022+02:00 TRACE 4684 --- [clothlogix] [           main] o.s.b.f.s.DefaultListableBeanFactory     : Finished creating instance of bean '_relProvider'
2024-05-17T15:11:56.022+02:00 DEBUG 4684 --- [clothlogix] [           main] o.s.b.f.s.DefaultListableBeanFactory     : Creating shared instance of singleton bean 'messageResolver'
2024-05-17T15:11:56.022+02:00 TRACE 4684 --- [clothlogix] [           main] o.s.b.f.s.DefaultListableBeanFactory     : Creating instance of bean 'messageResolver'
2024-05-17T15:11:56.022+02:00 TRACE 4684 --- [clothlogix] [           main] o.s.b.f.s.DefaultListableBeanFactory     : Returning cached instance of singleton bean 'org.springframework.transaction.config.internalTransactionAdvisor'
2024-05-17T15:11:56.022+02:00 TRACE 4684 --- [clothlogix] [           main] o.s.b.f.s.DefaultListableBeanFactory     : Returning cached instance of singleton bean 'org.springframework.hateoas.config.HateoasConfiguration'
2024-05-17T15:11:56.027+02:00 TRACE 4684 --- [clothlogix] [           main] o.s.b.f.config.PropertiesFactoryBean     : Loading properties file from class path resource [rest-default-messages.properties]
2024-05-17T15:11:56.029+02:00 TRACE 4684 --- [clothlogix] [           main] o.s.b.f.s.DefaultListableBeanFactory     : Returning cached instance of singleton bean 'org.springframework.transaction.config.internalTransactionAdvisor'
2024-05-17T15:11:56.032+02:00 TRACE 4684 --- [clothlogix] [           main] o.s.b.f.s.DefaultListableBeanFactory     : Returning cached instance of singleton bean 'org.springframework.transaction.config.internalTransactionAdvisor'
2024-05-17T15:11:56.032+02:00 TRACE 4684 --- [clothlogix] [           main] o.s.b.f.s.DefaultListableBeanFactory     : Finished creating instance of bean 'messageResolver'
2024-05-17T15:11:56.032+02:00 DEBUG 4684 --- [clothlogix] [           main] o.s.b.f.s.DefaultListableBeanFactory     : Autowiring by type from bean name 'org.springframework.hateoas.mediatype.hal.HalMediaTypeConfiguration' via constructor to bean named '_relProvider'
2024-05-17T15:11:56.032+02:00 DEBUG 4684 --- [clothlogix] [           main] o.s.b.f.s.DefaultListableBeanFactory     : Autowiring by type from bean name 'org.springframework.hateoas.mediatype.hal.HalMediaTypeConfiguration' via constructor to bean named 'messageResolver'
2024-05-17T15:11:56.032+02:00 DEBUG 4684 --- [clothlogix] [           main] o.s.b.f.s.DefaultListableBeanFactory     : Autowiring by type from bean name 'org.springframework.hateoas.mediatype.hal.HalMediaTypeConfiguration' via constructor to bean named 'org.springframework.beans.factory.support.DefaultListableBeanFactory@75b21c3b'
2024-05-17T15:11:56.032+02:00 TRACE 4684 --- [clothlogix] [           main] o.s.b.f.s.DefaultListableBeanFactory     : Returning cached instance of singleton bean 'org.springframework.transaction.config.internalTransactionAdvisor'
2024-05-17T15:11:56.032+02:00 TRACE 4684 --- [clothlogix] [           main] o.s.b.f.s.DefaultListableBeanFactory     : Returning cached instance of singleton bean 'org.springframework.transaction.config.internalTransactionAdvisor'
2024-05-17T15:11:56.032+02:00 TRACE 4684 --- [clothlogix] [           main] o.s.b.f.s.DefaultListableBeanFactory     : Finished creating instance of bean 'org.springframework.hateoas.mediatype.hal.HalMediaTypeConfiguration'
2024-05-17T15:11:56.032+02:00 DEBUG 4684 --- [clothlogix] [           main] o.s.b.f.s.DefaultListableBeanFactory     : Creating shared instance of singleton bean 'org.springframework.hateoas.mediatype.hal.forms.HalFormsMediaTypeConfiguration'
2024-05-17T15:11:56.032+02:00 TRACE 4684 --- [clothlogix] [           main] o.s.b.f.s.DefaultListableBeanFactory     : Creating instance of bean 'org.springframework.hateoas.mediatype.hal.forms.HalFormsMediaTypeConfiguration'
2024-05-17T15:11:56.032+02:00 TRACE 4684 --- [clothlogix] [           main] o.s.b.f.s.DefaultListableBeanFactory     : Returning cached instance of singleton bean 'org.springframework.transaction.config.internalTransactionAdvisor'
2024-05-17T15:11:56.032+02:00 TRACE 4684 --- [clothlogix] [           main] o.s.b.f.s.DefaultListableBeanFactory     : Returning cached instance of singleton bean '_relProvider'
2024-05-17T15:11:56.032+02:00 TRACE 4684 --- [clothlogix] [           main] o.s.b.f.s.DefaultListableBeanFactory     : Returning cached instance of singleton bean 'messageResolver'
2024-05-17T15:11:56.032+02:00 DEBUG 4684 --- [clothlogix] [           main] o.s.b.f.s.DefaultListableBeanFactory     : Autowiring by type from bean name 'org.springframework.hateoas.mediatype.hal.forms.HalFormsMediaTypeConfiguration' via constructor to bean named '_relProvider'
2024-05-17T15:11:56.032+02:00 DEBUG 4684 --- [clothlogix] [           main] o.s.b.f.s.DefaultListableBeanFactory     : Autowiring by type from bean name 'org.springframework.hateoas.mediatype.hal.forms.HalFormsMediaTypeConfiguration' via constructor to bean named 'messageResolver'
2024-05-17T15:11:56.032+02:00 DEBUG 4684 --- [clothlogix] [           main] o.s.b.f.s.DefaultListableBeanFactory     : Autowiring by type from bean name 'org.springframework.hateoas.mediatype.hal.forms.HalFormsMediaTypeConfiguration' via constructor to bean named 'org.springframework.beans.factory.support.DefaultListableBeanFactory@75b21c3b'
2024-05-17T15:11:56.042+02:00 TRACE 4684 --- [clothlogix] [           main] o.s.b.f.s.DefaultListableBeanFactory     : Returning cached instance of singleton bean 'org.springframework.transaction.config.internalTransactionAdvisor'
2024-05-17T15:11:56.042+02:00 TRACE 4684 --- [clothlogix] [           main] o.s.b.f.s.DefaultListableBeanFactory     : Returning cached instance of singleton bean 'org.springframework.transaction.config.internalTransactionAdvisor'
2024-05-17T15:11:56.042+02:00 TRACE 4684 --- [clothlogix] [           main] o.s.b.f.s.DefaultListableBeanFactory     : Finished creating instance of bean 'org.springframework.hateoas.mediatype.hal.forms.HalFormsMediaTypeConfiguration'
2024-05-17T15:11:56.042+02:00 TRACE 4684 --- [clothlogix] [           main] o.s.b.f.s.DefaultListableBeanFactory     : Returning cached instance of singleton bean 'hateoasMediaTypeConfigurer'
2024-05-17T15:11:56.042+02:00 DEBUG 4684 --- [clothlogix] [           main] o.s.b.f.s.DefaultListableBeanFactory     : Autowiring by type from bean name 'hypermediaWebMvcConverters' via factory method to bean named 'org.springframework.hateoas.mediatype.hal.HalMediaTypeConfiguration'
2024-05-17T15:11:56.042+02:00 DEBUG 4684 --- [clothlogix] [           main] o.s.b.f.s.DefaultListableBeanFactory     : Autowiring by type from bean name 'hypermediaWebMvcConverters' via factory method to bean named 'org.springframework.hateoas.mediatype.hal.forms.HalFormsMediaTypeConfiguration'
2024-05-17T15:11:56.042+02:00 DEBUG 4684 --- [clothlogix] [           main] o.s.b.f.s.DefaultListableBeanFactory     : Creating shared instance of singleton bean 'applicationJsonHalConfiguration'
2024-05-17T15:11:56.042+02:00 TRACE 4684 --- [clothlogix] [           main] o.s.b.f.s.DefaultListableBeanFactory     : Creating instance of bean 'applicationJsonHalConfiguration'
2024-05-17T15:11:56.042+02:00 TRACE 4684 --- [clothlogix] [           main] o.s.b.f.s.DefaultListableBeanFactory     : Returning cached instance of singleton bean 'org.springframework.transaction.config.internalTransactionAdvisor'
2024-05-17T15:11:56.042+02:00 DEBUG 4684 --- [clothlogix] [           main] o.s.b.f.s.DefaultListableBeanFactory     : Creating shared instance of singleton bean 'org.springframework.boot.autoconfigure.hateoas.HypermediaAutoConfiguration'
2024-05-17T15:11:56.042+02:00 TRACE 4684 --- [clothlogix] [           main] o.s.b.f.s.DefaultListableBeanFactory     : Creating instance of bean 'org.springframework.boot.autoconfigure.hateoas.HypermediaAutoConfiguration'
2024-05-17T15:11:56.042+02:00 TRACE 4684 --- [clothlogix] [           main] o.s.b.f.s.DefaultListableBeanFactory     : Returning cached instance of singleton bean 'org.springframework.transaction.config.internalTransactionAdvisor'
2024-05-17T15:11:56.042+02:00 TRACE 4684 --- [clothlogix] [           main] o.s.b.f.s.DefaultListableBeanFactory     : Returning cached instance of singleton bean 'org.springframework.transaction.config.internalTransactionAdvisor'
2024-05-17T15:11:56.042+02:00 TRACE 4684 --- [clothlogix] [           main] o.s.b.f.s.DefaultListableBeanFactory     : Returning cached instance of singleton bean 'org.springframework.transaction.config.internalTransactionAdvisor'
2024-05-17T15:11:56.042+02:00 TRACE 4684 --- [clothlogix] [           main] o.s.b.f.s.DefaultListableBeanFactory     : Finished creating instance of bean 'org.springframework.boot.autoconfigure.hateoas.HypermediaAutoConfiguration'
2024-05-17T15:11:56.052+02:00 TRACE 4684 --- [clothlogix] [           main] o.s.b.f.s.DefaultListableBeanFactory     : Returning cached instance of singleton bean 'org.springframework.transaction.config.internalTransactionAdvisor'
2024-05-17T15:11:56.052+02:00 TRACE 4684 --- [clothlogix] [           main] o.s.b.f.s.DefaultListableBeanFactory     : Returning cached instance of singleton bean 'org.springframework.transaction.config.internalTransactionAdvisor'
2024-05-17T15:11:56.052+02:00 TRACE 4684 --- [clothlogix] [           main] o.s.b.f.s.DefaultListableBeanFactory     : Finished creating instance of bean 'applicationJsonHalConfiguration'
2024-05-17T15:11:56.052+02:00 TRACE 4684 --- [clothlogix] [           main] o.s.b.f.s.DefaultListableBeanFactory     : Returning cached instance of singleton bean 'applicationJsonHalConfiguration'
2024-05-17T15:11:56.052+02:00 DEBUG 4684 --- [clothlogix] [           main] o.s.b.f.s.DefaultListableBeanFactory     : Creating shared instance of singleton bean 'jacksonObjectMapper'
2024-05-17T15:11:56.052+02:00 TRACE 4684 --- [clothlogix] [           main] o.s.b.f.s.DefaultListableBeanFactory     : Creating instance of bean 'jacksonObjectMapper'
2024-05-17T15:11:56.052+02:00 TRACE 4684 --- [clothlogix] [           main] o.s.b.f.s.DefaultListableBeanFactory     : Returning cached instance of singleton bean 'org.springframework.transaction.config.internalTransactionAdvisor'
2024-05-17T15:11:56.052+02:00 DEBUG 4684 --- [clothlogix] [           main] o.s.b.f.s.DefaultListableBeanFactory     : Creating shared instance of singleton bean 'org.springframework.boot.autoconfigure.jackson.JacksonAutoConfiguration$JacksonObjectMapperConfiguration'
2024-05-17T15:11:56.052+02:00 TRACE 4684 --- [clothlogix] [           main] o.s.b.f.s.DefaultListableBeanFactory     : Creating instance of bean 'org.springframework.boot.autoconfigure.jackson.JacksonAutoConfiguration$JacksonObjectMapperConfiguration'
2024-05-17T15:11:56.052+02:00 TRACE 4684 --- [clothlogix] [           main] o.s.b.f.s.DefaultListableBeanFactory     : Returning cached instance of singleton bean 'org.springframework.transaction.config.internalTransactionAdvisor'
2024-05-17T15:11:56.052+02:00 TRACE 4684 --- [clothlogix] [           main] o.s.b.f.s.DefaultListableBeanFactory     : Returning cached instance of singleton bean 'org.springframework.transaction.config.internalTransactionAdvisor'
2024-05-17T15:11:56.052+02:00 TRACE 4684 --- [clothlogix] [           main] o.s.b.f.s.DefaultListableBeanFactory     : Returning cached instance of singleton bean 'org.springframework.transaction.config.internalTransactionAdvisor'
2024-05-17T15:11:56.052+02:00 TRACE 4684 --- [clothlogix] [           main] o.s.b.f.s.DefaultListableBeanFactory     : Finished creating instance of bean 'org.springframework.boot.autoconfigure.jackson.JacksonAutoConfiguration$JacksonObjectMapperConfiguration'
2024-05-17T15:11:56.058+02:00 TRACE 4684 --- [clothlogix] [           main] o.s.b.f.s.DefaultListableBeanFactory     : Creating instance of bean 'jacksonObjectMapperBuilder'
2024-05-17T15:11:56.058+02:00 TRACE 4684 --- [clothlogix] [           main] o.s.b.f.s.DefaultListableBeanFactory     : Returning cached instance of singleton bean 'org.springframework.transaction.config.internalTransactionAdvisor'
2024-05-17T15:11:56.058+02:00 DEBUG 4684 --- [clothlogix] [           main] o.s.b.f.s.DefaultListableBeanFactory     : Creating shared instance of singleton bean 'org.springframework.boot.autoconfigure.jackson.JacksonAutoConfiguration$JacksonObjectMapperBuilderConfiguration'
2024-05-17T15:11:56.058+02:00 TRACE 4684 --- [clothlogix] [           main] o.s.b.f.s.DefaultListableBeanFactory     : Creating instance of bean 'org.springframework.boot.autoconfigure.jackson.JacksonAutoConfiguration$JacksonObjectMapperBuilderConfiguration'
2024-05-17T15:11:56.058+02:00 TRACE 4684 --- [clothlogix] [           main] o.s.b.f.s.DefaultListableBeanFactory     : Returning cached instance of singleton bean 'org.springframework.transaction.config.internalTransactionAdvisor'
2024-05-17T15:11:56.058+02:00 TRACE 4684 --- [clothlogix] [           main] o.s.b.f.s.DefaultListableBeanFactory     : Returning cached instance of singleton bean 'org.springframework.transaction.config.internalTransactionAdvisor'
2024-05-17T15:11:56.058+02:00 TRACE 4684 --- [clothlogix] [           main] o.s.b.f.s.DefaultListableBeanFactory     : Returning cached instance of singleton bean 'org.springframework.transaction.config.internalTransactionAdvisor'
2024-05-17T15:11:56.058+02:00 TRACE 4684 --- [clothlogix] [           main] o.s.b.f.s.DefaultListableBeanFactory     : Finished creating instance of bean 'org.springframework.boot.autoconfigure.jackson.JacksonAutoConfiguration$JacksonObjectMapperBuilderConfiguration'
2024-05-17T15:11:56.058+02:00 DEBUG 4684 --- [clothlogix] [           main] o.s.b.f.s.DefaultListableBeanFactory     : Creating shared instance of singleton bean 'standardJacksonObjectMapperBuilderCustomizer'
2024-05-17T15:11:56.058+02:00 TRACE 4684 --- [clothlogix] [           main] o.s.b.f.s.DefaultListableBeanFactory     : Creating instance of bean 'standardJacksonObjectMapperBuilderCustomizer'
2024-05-17T15:11:56.058+02:00 TRACE 4684 --- [clothlogix] [           main] o.s.b.f.s.DefaultListableBeanFactory     : Returning cached instance of singleton bean 'org.springframework.transaction.config.internalTransactionAdvisor'
2024-05-17T15:11:56.058+02:00 DEBUG 4684 --- [clothlogix] [           main] o.s.b.f.s.DefaultListableBeanFactory     : Creating shared instance of singleton bean 'org.springframework.boot.autoconfigure.jackson.JacksonAutoConfiguration$Jackson2ObjectMapperBuilderCustomizerConfiguration'
2024-05-17T15:11:56.058+02:00 TRACE 4684 --- [clothlogix] [           main] o.s.b.f.s.DefaultListableBeanFactory     : Creating instance of bean 'org.springframework.boot.autoconfigure.jackson.JacksonAutoConfiguration$Jackson2ObjectMapperBuilderCustomizerConfiguration'
2024-05-17T15:11:56.058+02:00 TRACE 4684 --- [clothlogix] [           main] o.s.b.f.s.DefaultListableBeanFactory     : Returning cached instance of singleton bean 'org.springframework.transaction.config.internalTransactionAdvisor'
2024-05-17T15:11:56.062+02:00 TRACE 4684 --- [clothlogix] [           main] o.s.b.f.s.DefaultListableBeanFactory     : Returning cached instance of singleton bean 'org.springframework.transaction.config.internalTransactionAdvisor'
2024-05-17T15:11:56.062+02:00 TRACE 4684 --- [clothlogix] [           main] o.s.b.f.s.DefaultListableBeanFactory     : Returning cached instance of singleton bean 'org.springframework.transaction.config.internalTransactionAdvisor'
2024-05-17T15:11:56.062+02:00 TRACE 4684 --- [clothlogix] [           main] o.s.b.f.s.DefaultListableBeanFactory     : Finished creating instance of bean 'org.springframework.boot.autoconfigure.jackson.JacksonAutoConfiguration$Jackson2ObjectMapperBuilderCustomizerConfiguration'
2024-05-17T15:11:56.062+02:00 DEBUG 4684 --- [clothlogix] [           main] o.s.b.f.s.DefaultListableBeanFactory     : Creating shared instance of singleton bean 'spring.jackson-org.springframework.boot.autoconfigure.jackson.JacksonProperties'
2024-05-17T15:11:56.062+02:00 TRACE 4684 --- [clothlogix] [           main] o.s.b.f.s.DefaultListableBeanFactory     : Creating instance of bean 'spring.jackson-org.springframework.boot.autoconfigure.jackson.JacksonProperties'
2024-05-17T15:11:56.062+02:00 TRACE 4684 --- [clothlogix] [           main] o.s.b.f.s.DefaultListableBeanFactory     : Returning cached instance of singleton bean 'org.springframework.transaction.config.internalTransactionAdvisor'
2024-05-17T15:11:56.062+02:00 TRACE 4684 --- [clothlogix] [           main] o.s.b.f.s.DefaultListableBeanFactory     : Returning cached instance of singleton bean 'org.springframework.boot.context.properties.BoundConfigurationProperties'
2024-05-17T15:11:56.062+02:00 TRACE 4684 --- [clothlogix] [           main] o.s.b.f.s.DefaultListableBeanFactory     : Returning cached instance of singleton bean 'org.springframework.transaction.config.internalTransactionAdvisor'
2024-05-17T15:11:56.062+02:00 TRACE 4684 --- [clothlogix] [           main] o.s.b.f.s.DefaultListableBeanFactory     : Returning cached instance of singleton bean 'org.springframework.transaction.config.internalTransactionAdvisor'
2024-05-17T15:11:56.062+02:00 TRACE 4684 --- [clothlogix] [           main] o.s.b.f.s.DefaultListableBeanFactory     : Finished creating instance of bean 'spring.jackson-org.springframework.boot.autoconfigure.jackson.JacksonProperties'
2024-05-17T15:11:56.062+02:00 DEBUG 4684 --- [clothlogix] [           main] o.s.b.f.s.DefaultListableBeanFactory     : Autowiring by type from bean name 'standardJacksonObjectMapperBuilderCustomizer' via factory method to bean named 'spring.jackson-org.springframework.boot.autoconfigure.jackson.JacksonProperties'
2024-05-17T15:11:56.062+02:00 DEBUG 4684 --- [clothlogix] [           main] o.s.b.f.s.DefaultListableBeanFactory     : Creating shared instance of singleton bean 'parameterNamesModule'
2024-05-17T15:11:56.062+02:00 TRACE 4684 --- [clothlogix] [           main] o.s.b.f.s.DefaultListableBeanFactory     : Creating instance of bean 'parameterNamesModule'
2024-05-17T15:11:56.062+02:00 TRACE 4684 --- [clothlogix] [           main] o.s.b.f.s.DefaultListableBeanFactory     : Returning cached instance of singleton bean 'org.springframework.transaction.config.internalTransactionAdvisor'
2024-05-17T15:11:56.062+02:00 DEBUG 4684 --- [clothlogix] [           main] o.s.b.f.s.DefaultListableBeanFactory     : Creating shared instance of singleton bean 'org.springframework.boot.autoconfigure.jackson.JacksonAutoConfiguration$ParameterNamesModuleConfiguration'
2024-05-17T15:11:56.062+02:00 TRACE 4684 --- [clothlogix] [           main] o.s.b.f.s.DefaultListableBeanFactory     : Creating instance of bean 'org.springframework.boot.autoconfigure.jackson.JacksonAutoConfiguration$ParameterNamesModuleConfiguration'
2024-05-17T15:11:56.062+02:00 TRACE 4684 --- [clothlogix] [           main] o.s.b.f.s.DefaultListableBeanFactory     : Returning cached instance of singleton bean 'org.springframework.transaction.config.internalTransactionAdvisor'
2024-05-17T15:11:56.062+02:00 TRACE 4684 --- [clothlogix] [           main] o.s.b.f.s.DefaultListableBeanFactory     : Returning cached instance of singleton bean 'org.springframework.transaction.config.internalTransactionAdvisor'
2024-05-17T15:11:56.062+02:00 TRACE 4684 --- [clothlogix] [           main] o.s.b.f.s.DefaultListableBeanFactory     : Returning cached instance of singleton bean 'org.springframework.transaction.config.internalTransactionAdvisor'
2024-05-17T15:11:56.062+02:00 TRACE 4684 --- [clothlogix] [           main] o.s.b.f.s.DefaultListableBeanFactory     : Finished creating instance of bean 'org.springframework.boot.autoconfigure.jackson.JacksonAutoConfiguration$ParameterNamesModuleConfiguration'
2024-05-17T15:11:56.072+02:00 TRACE 4684 --- [clothlogix] [           main] o.s.b.f.s.DefaultListableBeanFactory     : Returning cached instance of singleton bean 'org.springframework.transaction.config.internalTransactionAdvisor'
2024-05-17T15:11:56.072+02:00 TRACE 4684 --- [clothlogix] [           main] o.s.b.f.s.DefaultListableBeanFactory     : Returning cached instance of singleton bean 'org.springframework.transaction.config.internalTransactionAdvisor'
2024-05-17T15:11:56.074+02:00 TRACE 4684 --- [clothlogix] [           main] o.s.b.f.s.DefaultListableBeanFactory     : Finished creating instance of bean 'parameterNamesModule'
2024-05-17T15:11:56.074+02:00 DEBUG 4684 --- [clothlogix] [           main] o.s.b.f.s.DefaultListableBeanFactory     : Creating shared instance of singleton bean 'jsonMixinModule'
2024-05-17T15:11:56.074+02:00 TRACE 4684 --- [clothlogix] [           main] o.s.b.f.s.DefaultListableBeanFactory     : Creating instance of bean 'jsonMixinModule'
2024-05-17T15:11:56.074+02:00 TRACE 4684 --- [clothlogix] [           main] o.s.b.f.s.DefaultListableBeanFactory     : Returning cached instance of singleton bean 'org.springframework.transaction.config.internalTransactionAdvisor'
2024-05-17T15:11:56.074+02:00 DEBUG 4684 --- [clothlogix] [           main] o.s.b.f.s.DefaultListableBeanFactory     : Creating shared instance of singleton bean 'org.springframework.boot.autoconfigure.jackson.JacksonAutoConfiguration$JacksonMixinConfiguration'
2024-05-17T15:11:56.074+02:00 TRACE 4684 --- [clothlogix] [           main] o.s.b.f.s.DefaultListableBeanFactory     : Creating instance of bean 'org.springframework.boot.autoconfigure.jackson.JacksonAutoConfiguration$JacksonMixinConfiguration'
2024-05-17T15:11:56.074+02:00 TRACE 4684 --- [clothlogix] [           main] o.s.b.f.s.DefaultListableBeanFactory     : Returning cached instance of singleton bean 'org.springframework.transaction.config.internalTransactionAdvisor'
2024-05-17T15:11:56.074+02:00 TRACE 4684 --- [clothlogix] [           main] o.s.b.f.s.DefaultListableBeanFactory     : Returning cached instance of singleton bean 'org.springframework.transaction.config.internalTransactionAdvisor'
2024-05-17T15:11:56.074+02:00 TRACE 4684 --- [clothlogix] [           main] o.s.b.f.s.DefaultListableBeanFactory     : Returning cached instance of singleton bean 'org.springframework.transaction.config.internalTransactionAdvisor'
2024-05-17T15:11:56.074+02:00 TRACE 4684 --- [clothlogix] [           main] o.s.b.f.s.DefaultListableBeanFactory     : Finished creating instance of bean 'org.springframework.boot.autoconfigure.jackson.JacksonAutoConfiguration$JacksonMixinConfiguration'
2024-05-17T15:11:56.074+02:00 DEBUG 4684 --- [clothlogix] [           main] o.s.b.f.s.DefaultListableBeanFactory     : Creating shared instance of singleton bean 'jsonMixinModuleEntries'
2024-05-17T15:11:56.074+02:00 TRACE 4684 --- [clothlogix] [           main] o.s.b.f.s.DefaultListableBeanFactory     : Creating instance of bean 'jsonMixinModuleEntries'
2024-05-17T15:11:56.074+02:00 TRACE 4684 --- [clothlogix] [           main] o.s.b.f.s.DefaultListableBeanFactory     : Returning cached instance of singleton bean 'org.springframework.transaction.config.internalTransactionAdvisor'
2024-05-17T15:11:56.074+02:00 DEBUG 4684 --- [clothlogix] [           main] o.s.b.f.s.DefaultListableBeanFactory     : Autowiring by type from bean name 'jsonMixinModuleEntries' via factory method to bean named 'org.springframework.web.context.support.GenericWebApplicationContext@3f2049b6'
2024-05-17T15:11:56.074+02:00 TRACE 4684 --- [clothlogix] [           main] o.s.b.f.s.DefaultListableBeanFactory     : Returning cached instance of singleton bean 'org.springframework.boot.autoconfigure.AutoConfigurationPackages'
2024-05-17T15:11:56.074+02:00 TRACE 4684 --- [clothlogix] [           main] o.s.b.f.s.DefaultListableBeanFactory     : Returning cached instance of singleton bean 'org.springframework.boot.autoconfigure.AutoConfigurationPackages'
2024-05-17T15:11:56.074+02:00 TRACE 4684 --- [clothlogix] [           main] .i.s.PathMatchingResourcePatternResolver : Resolved module-path location pattern [com/fabless/clothlogix/**/*.class] to resources []
2024-05-17T15:11:56.074+02:00 TRACE 4684 --- [clothlogix] [           main] .i.s.PathMatchingResourcePatternResolver : Resolved module-path location pattern [com/fabless/clothlogix/] to resources []
2024-05-17T15:11:56.074+02:00 TRACE 4684 --- [clothlogix] [           main] .i.s.PathMatchingResourcePatternResolver : Resolved class path location [com/fabless/clothlogix/] to resources [file [C:\Sviluppo\workArea\clothlogix\target\test-classes\com\fabless\clothlogix], file [C:\Sviluppo\workArea\clothlogix\target\classes\com\fabless\clothlogix]]
2024-05-17T15:11:56.082+02:00 TRACE 4684 --- [clothlogix] [           main] .i.s.PathMatchingResourcePatternResolver : Searching directory [C:\Sviluppo\workArea\clothlogix\target\test-classes\com\fabless\clothlogix] for files matching pattern [**/*.class]
2024-05-17T15:11:56.082+02:00 TRACE 4684 --- [clothlogix] [           main] .i.s.PathMatchingResourcePatternResolver : Searching directory [C:\Sviluppo\workArea\clothlogix\target\classes\com\fabless\clothlogix] for files matching pattern [**/*.class]
2024-05-17T15:11:56.082+02:00 TRACE 4684 --- [clothlogix] [           main] .i.s.PathMatchingResourcePatternResolver : Resolved location pattern [classpath*:com/fabless/clothlogix/**/*.class] to resources [file [C:\Sviluppo\workArea\clothlogix\target\test-classes\com\fabless\clothlogix\ClothlogixApplicationTests.class], file [C:\Sviluppo\workArea\clothlogix\target\classes\com\fabless\clothlogix\ClothlogixApplication.class], file [C:\Sviluppo\workArea\clothlogix\target\classes\com\fabless\clothlogix\configuration\HibernateConf.class], file [C:\Sviluppo\workArea\clothlogix\target\classes\com\fabless\clothlogix\controller\ColoreController.class], file [C:\Sviluppo\workArea\clothlogix\target\classes\com\fabless\clothlogix\DAO\ColoreDAO.class], file [C:\Sviluppo\workArea\clothlogix\target\classes\com\fabless\clothlogix\DAO\impl\ColoreDAOImpl.class], file [C:\Sviluppo\workArea\clothlogix\target\classes\com\fabless\clothlogix\DAO\impl\LoginDAOImpl.class], file [C:\Sviluppo\workArea\clothlogix\target\classes\com\fabless\clothlogix\DAO\impl\MagazzinoDAOImpl.class], file [C:\Sviluppo\workArea\clothlogix\target\classes\com\fabless\clothlogix\DAO\impl\MaterialeDAOImpl.class], file [C:\Sviluppo\workArea\clothlogix\target\classes\com\fabless\clothlogix\DAO\impl\ProdottoDAOImpl.class], file [C:\Sviluppo\workArea\clothlogix\target\classes\com\fabless\clothlogix\DAO\impl\ProfiloDAOImpl.class], file [C:\Sviluppo\workArea\clothlogix\target\classes\com\fabless\clothlogix\DAO\impl\SezioneDAOImpl.class], file [C:\Sviluppo\workArea\clothlogix\target\classes\com\fabless\clothlogix\DAO\impl\TagliaDAOImpl.class], file [C:\Sviluppo\workArea\clothlogix\target\classes\com\fabless\clothlogix\DAO\impl\TipoDAOImpl.class], file [C:\Sviluppo\workArea\clothlogix\target\classes\com\fabless\clothlogix\DAO\impl\UtenteDAOImpl.class], file [C:\Sviluppo\workArea\clothlogix\target\classes\com\fabless\clothlogix\DAO\LoginDAO.class], file [C:\Sviluppo\workArea\clothlogix\target\classes\com\fabless\clothlogix\DAO\MagazzinoDAO.class], file [C:\Sviluppo\workArea\clothlogix\target\classes\com\fabless\clothlogix\DAO\MaterialeDAO.class], file [C:\Sviluppo\workArea\clothlogix\target\classes\com\fabless\clothlogix\DAO\ProdottoDAO.class], file [C:\Sviluppo\workArea\clothlogix\target\classes\com\fabless\clothlogix\DAO\ProfiloDAO.class], file [C:\Sviluppo\workArea\clothlogix\target\classes\com\fabless\clothlogix\DAO\SezioneDAO.class], file [C:\Sviluppo\workArea\clothlogix\target\classes\com\fabless\clothlogix\DAO\TagliaDAO.class], file [C:\Sviluppo\workArea\clothlogix\target\classes\com\fabless\clothlogix\DAO\TipoDAO.class], file [C:\Sviluppo\workArea\clothlogix\target\classes\com\fabless\clothlogix\DAO\UtenteDAO.class], file [C:\Sviluppo\workArea\clothlogix\target\classes\com\fabless\clothlogix\DTO\ColoreDTO.class], file [C:\Sviluppo\workArea\clothlogix\target\classes\com\fabless\clothlogix\mapper\SuperClassMapper.class], file [C:\Sviluppo\workArea\clothlogix\target\classes\com\fabless\clothlogix\mapper\SuperClassMapperImpl.class], file [C:\Sviluppo\workArea\clothlogix\target\classes\com\fabless\clothlogix\model\entities\ColoreEntity.class], file [C:\Sviluppo\workArea\clothlogix\target\classes\com\fabless\clothlogix\model\entities\LoginEntity.class], file [C:\Sviluppo\workArea\clothlogix\target\classes\com\fabless\clothlogix\model\entities\MagazzinoEntity.class], file [C:\Sviluppo\workArea\clothlogix\target\classes\com\fabless\clothlogix\model\entities\MaterialeEntity.class], file [C:\Sviluppo\workArea\clothlogix\target\classes\com\fabless\clothlogix\model\entities\ProdottoEntity.class], file [C:\Sviluppo\workArea\clothlogix\target\classes\com\fabless\clothlogix\model\entities\ProfiloEntity.class], file [C:\Sviluppo\workArea\clothlogix\target\classes\com\fabless\clothlogix\model\entities\SezioneEntity.class], file [C:\Sviluppo\workArea\clothlogix\target\classes\com\fabless\clothlogix\model\entities\TagliaEntity.class], file [C:\Sviluppo\workArea\clothlogix\target\classes\com\fabless\clothlogix\model\entities\TipoEntity.class], file [C:\Sviluppo\workArea\clothlogix\target\classes\com\fabless\clothlogix\model\entities\UtenteEntity.class], file [C:\Sviluppo\workArea\clothlogix\target\classes\com\fabless\clothlogix\Service\AbstractColoreService.class], file [C:\Sviluppo\workArea\clothlogix\target\classes\com\fabless\clothlogix\Service\AbstractLoginService.class], file [C:\Sviluppo\workArea\clothlogix\target\classes\com\fabless\clothlogix\Service\AbstractMagazzinoService.class], file [C:\Sviluppo\workArea\clothlogix\target\classes\com\fabless\clothlogix\Service\AbstractMaterialeService.class], file [C:\Sviluppo\workArea\clothlogix\target\classes\com\fabless\clothlogix\Service\AbstractProdottoService.class], file [C:\Sviluppo\workArea\clothlogix\target\classes\com\fabless\clothlogix\Service\AbstractProfiloService.class], file [C:\Sviluppo\workArea\clothlogix\target\classes\com\fabless\clothlogix\Service\AbstractSezioneService.class], file [C:\Sviluppo\workArea\clothlogix\target\classes\com\fabless\clothlogix\Service\AbstractTagliaService.class], file [C:\Sviluppo\workArea\clothlogix\target\classes\com\fabless\clothlogix\Service\AbstractTipoService.class], file [C:\Sviluppo\workArea\clothlogix\target\classes\com\fabless\clothlogix\Service\AbstractUtenteService.class], file [C:\Sviluppo\workArea\clothlogix\target\classes\com\fabless\clothlogix\Service\Impl\ColoreService.class], file [C:\Sviluppo\workArea\clothlogix\target\classes\com\fabless\clothlogix\Service\Impl\LoginService.class], file [C:\Sviluppo\workArea\clothlogix\target\classes\com\fabless\clothlogix\Service\Impl\MagazzinoService.class], file [C:\Sviluppo\workArea\clothlogix\target\classes\com\fabless\clothlogix\Service\Impl\MaterialeService.class], file [C:\Sviluppo\workArea\clothlogix\target\classes\com\fabless\clothlogix\Service\Impl\ProdottoService.class], file [C:\Sviluppo\workArea\clothlogix\target\classes\com\fabless\clothlogix\Service\Impl\ProfiloService.class], file [C:\Sviluppo\workArea\clothlogix\target\classes\com\fabless\clothlogix\Service\Impl\SezioneService.class], file [C:\Sviluppo\workArea\clothlogix\target\classes\com\fabless\clothlogix\Service\Impl\TagliaService.class], file [C:\Sviluppo\workArea\clothlogix\target\classes\com\fabless\clothlogix\Service\Impl\TipoService.class], file [C:\Sviluppo\workArea\clothlogix\target\classes\com\fabless\clothlogix\Service\Impl\UtenteService.class], file [C:\Sviluppo\workArea\clothlogix\target\classes\com\fabless\clothlogix\ServletInitializer.class]]
2024-05-17T15:11:56.082+02:00 TRACE 4684 --- [clothlogix] [           main] nModuleEntries$JsonMixinComponentScanner : Scanning file [C:\Sviluppo\workArea\clothlogix\target\test-classes\com\fabless\clothlogix\ClothlogixApplicationTests.class]
2024-05-17T15:11:56.082+02:00 TRACE 4684 --- [clothlogix] [           main] nModuleEntries$JsonMixinComponentScanner : Ignored because not matching any filter: file [C:\Sviluppo\workArea\clothlogix\target\test-classes\com\fabless\clothlogix\ClothlogixApplicationTests.class]
2024-05-17T15:11:56.082+02:00 TRACE 4684 --- [clothlogix] [           main] nModuleEntries$JsonMixinComponentScanner : Scanning file [C:\Sviluppo\workArea\clothlogix\target\classes\com\fabless\clothlogix\ClothlogixApplication.class]
2024-05-17T15:11:56.082+02:00 TRACE 4684 --- [clothlogix] [           main] nModuleEntries$JsonMixinComponentScanner : Ignored because not matching any filter: file [C:\Sviluppo\workArea\clothlogix\target\classes\com\fabless\clothlogix\ClothlogixApplication.class]
2024-05-17T15:11:56.082+02:00 TRACE 4684 --- [clothlogix] [           main] nModuleEntries$JsonMixinComponentScanner : Scanning file [C:\Sviluppo\workArea\clothlogix\target\classes\com\fabless\clothlogix\configuration\HibernateConf.class]
2024-05-17T15:11:56.082+02:00 TRACE 4684 --- [clothlogix] [           main] nModuleEntries$JsonMixinComponentScanner : Ignored because not matching any filter: file [C:\Sviluppo\workArea\clothlogix\target\classes\com\fabless\clothlogix\configuration\HibernateConf.class]
2024-05-17T15:11:56.082+02:00 TRACE 4684 --- [clothlogix] [           main] nModuleEntries$JsonMixinComponentScanner : Scanning file [C:\Sviluppo\workArea\clothlogix\target\classes\com\fabless\clothlogix\controller\ColoreController.class]
2024-05-17T15:11:56.082+02:00 TRACE 4684 --- [clothlogix] [           main] nModuleEntries$JsonMixinComponentScanner : Ignored because not matching any filter: file [C:\Sviluppo\workArea\clothlogix\target\classes\com\fabless\clothlogix\controller\ColoreController.class]
2024-05-17T15:11:56.082+02:00 TRACE 4684 --- [clothlogix] [           main] nModuleEntries$JsonMixinComponentScanner : Scanning file [C:\Sviluppo\workArea\clothlogix\target\classes\com\fabless\clothlogix\DAO\ColoreDAO.class]
2024-05-17T15:11:56.082+02:00 TRACE 4684 --- [clothlogix] [           main] nModuleEntries$JsonMixinComponentScanner : Ignored because not matching any filter: file [C:\Sviluppo\workArea\clothlogix\target\classes\com\fabless\clothlogix\DAO\ColoreDAO.class]
2024-05-17T15:11:56.082+02:00 TRACE 4684 --- [clothlogix] [           main] nModuleEntries$JsonMixinComponentScanner : Scanning file [C:\Sviluppo\workArea\clothlogix\target\classes\com\fabless\clothlogix\DAO\impl\ColoreDAOImpl.class]
2024-05-17T15:11:56.082+02:00 TRACE 4684 --- [clothlogix] [           main] nModuleEntries$JsonMixinComponentScanner : Ignored because not matching any filter: file [C:\Sviluppo\workArea\clothlogix\target\classes\com\fabless\clothlogix\DAO\impl\ColoreDAOImpl.class]
2024-05-17T15:11:56.082+02:00 TRACE 4684 --- [clothlogix] [           main] nModuleEntries$JsonMixinComponentScanner : Scanning file [C:\Sviluppo\workArea\clothlogix\target\classes\com\fabless\clothlogix\DAO\impl\LoginDAOImpl.class]
2024-05-17T15:11:56.082+02:00 TRACE 4684 --- [clothlogix] [           main] nModuleEntries$JsonMixinComponentScanner : Ignored because not matching any filter: file [C:\Sviluppo\workArea\clothlogix\target\classes\com\fabless\clothlogix\DAO\impl\LoginDAOImpl.class]
2024-05-17T15:11:56.082+02:00 TRACE 4684 --- [clothlogix] [           main] nModuleEntries$JsonMixinComponentScanner : Scanning file [C:\Sviluppo\workArea\clothlogix\target\classes\com\fabless\clothlogix\DAO\impl\MagazzinoDAOImpl.class]
2024-05-17T15:11:56.082+02:00 TRACE 4684 --- [clothlogix] [           main] nModuleEntries$JsonMixinComponentScanner : Ignored because not matching any filter: file [C:\Sviluppo\workArea\clothlogix\target\classes\com\fabless\clothlogix\DAO\impl\MagazzinoDAOImpl.class]
2024-05-17T15:11:56.082+02:00 TRACE 4684 --- [clothlogix] [           main] nModuleEntries$JsonMixinComponentScanner : Scanning file [C:\Sviluppo\workArea\clothlogix\target\classes\com\fabless\clothlogix\DAO\impl\MaterialeDAOImpl.class]
2024-05-17T15:11:56.082+02:00 TRACE 4684 --- [clothlogix] [           main] nModuleEntries$JsonMixinComponentScanner : Ignored because not matching any filter: file [C:\Sviluppo\workArea\clothlogix\target\classes\com\fabless\clothlogix\DAO\impl\MaterialeDAOImpl.class]
2024-05-17T15:11:56.082+02:00 TRACE 4684 --- [clothlogix] [           main] nModuleEntries$JsonMixinComponentScanner : Scanning file [C:\Sviluppo\workArea\clothlogix\target\classes\com\fabless\clothlogix\DAO\impl\ProdottoDAOImpl.class]
2024-05-17T15:11:56.082+02:00 TRACE 4684 --- [clothlogix] [           main] nModuleEntries$JsonMixinComponentScanner : Ignored because not matching any filter: file [C:\Sviluppo\workArea\clothlogix\target\classes\com\fabless\clothlogix\DAO\impl\ProdottoDAOImpl.class]
2024-05-17T15:11:56.082+02:00 TRACE 4684 --- [clothlogix] [           main] nModuleEntries$JsonMixinComponentScanner : Scanning file [C:\Sviluppo\workArea\clothlogix\target\classes\com\fabless\clothlogix\DAO\impl\ProfiloDAOImpl.class]
2024-05-17T15:11:56.082+02:00 TRACE 4684 --- [clothlogix] [           main] nModuleEntries$JsonMixinComponentScanner : Ignored because not matching any filter: file [C:\Sviluppo\workArea\clothlogix\target\classes\com\fabless\clothlogix\DAO\impl\ProfiloDAOImpl.class]
2024-05-17T15:11:56.082+02:00 TRACE 4684 --- [clothlogix] [           main] nModuleEntries$JsonMixinComponentScanner : Scanning file [C:\Sviluppo\workArea\clothlogix\target\classes\com\fabless\clothlogix\DAO\impl\SezioneDAOImpl.class]
2024-05-17T15:11:56.082+02:00 TRACE 4684 --- [clothlogix] [           main] nModuleEntries$JsonMixinComponentScanner : Ignored because not matching any filter: file [C:\Sviluppo\workArea\clothlogix\target\classes\com\fabless\clothlogix\DAO\impl\SezioneDAOImpl.class]
2024-05-17T15:11:56.082+02:00 TRACE 4684 --- [clothlogix] [           main] nModuleEntries$JsonMixinComponentScanner : Scanning file [C:\Sviluppo\workArea\clothlogix\target\classes\com\fabless\clothlogix\DAO\impl\TagliaDAOImpl.class]
2024-05-17T15:11:56.082+02:00 TRACE 4684 --- [clothlogix] [           main] nModuleEntries$JsonMixinComponentScanner : Ignored because not matching any filter: file [C:\Sviluppo\workArea\clothlogix\target\classes\com\fabless\clothlogix\DAO\impl\TagliaDAOImpl.class]
2024-05-17T15:11:56.082+02:00 TRACE 4684 --- [clothlogix] [           main] nModuleEntries$JsonMixinComponentScanner : Scanning file [C:\Sviluppo\workArea\clothlogix\target\classes\com\fabless\clothlogix\DAO\impl\TipoDAOImpl.class]
2024-05-17T15:11:56.082+02:00 TRACE 4684 --- [clothlogix] [           main] nModuleEntries$JsonMixinComponentScanner : Ignored because not matching any filter: file [C:\Sviluppo\workArea\clothlogix\target\classes\com\fabless\clothlogix\DAO\impl\TipoDAOImpl.class]
2024-05-17T15:11:56.082+02:00 TRACE 4684 --- [clothlogix] [           main] nModuleEntries$JsonMixinComponentScanner : Scanning file [C:\Sviluppo\workArea\clothlogix\target\classes\com\fabless\clothlogix\DAO\impl\UtenteDAOImpl.class]
2024-05-17T15:11:56.082+02:00 TRACE 4684 --- [clothlogix] [           main] nModuleEntries$JsonMixinComponentScanner : Ignored because not matching any filter: file [C:\Sviluppo\workArea\clothlogix\target\classes\com\fabless\clothlogix\DAO\impl\UtenteDAOImpl.class]
2024-05-17T15:11:56.082+02:00 TRACE 4684 --- [clothlogix] [           main] nModuleEntries$JsonMixinComponentScanner : Scanning file [C:\Sviluppo\workArea\clothlogix\target\classes\com\fabless\clothlogix\DAO\LoginDAO.class]
2024-05-17T15:11:56.082+02:00 TRACE 4684 --- [clothlogix] [           main] nModuleEntries$JsonMixinComponentScanner : Ignored because not matching any filter: file [C:\Sviluppo\workArea\clothlogix\target\classes\com\fabless\clothlogix\DAO\LoginDAO.class]
2024-05-17T15:11:56.082+02:00 TRACE 4684 --- [clothlogix] [           main] nModuleEntries$JsonMixinComponentScanner : Scanning file [C:\Sviluppo\workArea\clothlogix\target\classes\com\fabless\clothlogix\DAO\MagazzinoDAO.class]
2024-05-17T15:11:56.082+02:00 TRACE 4684 --- [clothlogix] [           main] nModuleEntries$JsonMixinComponentScanner : Ignored because not matching any filter: file [C:\Sviluppo\workArea\clothlogix\target\classes\com\fabless\clothlogix\DAO\MagazzinoDAO.class]
2024-05-17T15:11:56.082+02:00 TRACE 4684 --- [clothlogix] [           main] nModuleEntries$JsonMixinComponentScanner : Scanning file [C:\Sviluppo\workArea\clothlogix\target\classes\com\fabless\clothlogix\DAO\MaterialeDAO.class]
2024-05-17T15:11:56.082+02:00 TRACE 4684 --- [clothlogix] [           main] nModuleEntries$JsonMixinComponentScanner : Ignored because not matching any filter: file [C:\Sviluppo\workArea\clothlogix\target\classes\com\fabless\clothlogix\DAO\MaterialeDAO.class]
2024-05-17T15:11:56.082+02:00 TRACE 4684 --- [clothlogix] [           main] nModuleEntries$JsonMixinComponentScanner : Scanning file [C:\Sviluppo\workArea\clothlogix\target\classes\com\fabless\clothlogix\DAO\ProdottoDAO.class]
2024-05-17T15:11:56.082+02:00 TRACE 4684 --- [clothlogix] [           main] nModuleEntries$JsonMixinComponentScanner : Ignored because not matching any filter: file [C:\Sviluppo\workArea\clothlogix\target\classes\com\fabless\clothlogix\DAO\ProdottoDAO.class]
2024-05-17T15:11:56.082+02:00 TRACE 4684 --- [clothlogix] [           main] nModuleEntries$JsonMixinComponentScanner : Scanning file [C:\Sviluppo\workArea\clothlogix\target\classes\com\fabless\clothlogix\DAO\ProfiloDAO.class]
2024-05-17T15:11:56.082+02:00 TRACE 4684 --- [clothlogix] [           main] nModuleEntries$JsonMixinComponentScanner : Ignored because not matching any filter: file [C:\Sviluppo\workArea\clothlogix\target\classes\com\fabless\clothlogix\DAO\ProfiloDAO.class]
2024-05-17T15:11:56.082+02:00 TRACE 4684 --- [clothlogix] [           main] nModuleEntries$JsonMixinComponentScanner : Scanning file [C:\Sviluppo\workArea\clothlogix\target\classes\com\fabless\clothlogix\DAO\SezioneDAO.class]
2024-05-17T15:11:56.082+02:00 TRACE 4684 --- [clothlogix] [           main] nModuleEntries$JsonMixinComponentScanner : Ignored because not matching any filter: file [C:\Sviluppo\workArea\clothlogix\target\classes\com\fabless\clothlogix\DAO\SezioneDAO.class]
2024-05-17T15:11:56.082+02:00 TRACE 4684 --- [clothlogix] [           main] nModuleEntries$JsonMixinComponentScanner : Scanning file [C:\Sviluppo\workArea\clothlogix\target\classes\com\fabless\clothlogix\DAO\TagliaDAO.class]
2024-05-17T15:11:56.082+02:00 TRACE 4684 --- [clothlogix] [           main] nModuleEntries$JsonMixinComponentScanner : Ignored because not matching any filter: file [C:\Sviluppo\workArea\clothlogix\target\classes\com\fabless\clothlogix\DAO\TagliaDAO.class]
2024-05-17T15:11:56.082+02:00 TRACE 4684 --- [clothlogix] [           main] nModuleEntries$JsonMixinComponentScanner : Scanning file [C:\Sviluppo\workArea\clothlogix\target\classes\com\fabless\clothlogix\DAO\TipoDAO.class]
2024-05-17T15:11:56.082+02:00 TRACE 4684 --- [clothlogix] [           main] nModuleEntries$JsonMixinComponentScanner : Ignored because not matching any filter: file [C:\Sviluppo\workArea\clothlogix\target\classes\com\fabless\clothlogix\DAO\TipoDAO.class]
2024-05-17T15:11:56.082+02:00 TRACE 4684 --- [clothlogix] [           main] nModuleEntries$JsonMixinComponentScanner : Scanning file [C:\Sviluppo\workArea\clothlogix\target\classes\com\fabless\clothlogix\DAO\UtenteDAO.class]
2024-05-17T15:11:56.082+02:00 TRACE 4684 --- [clothlogix] [           main] nModuleEntries$JsonMixinComponentScanner : Ignored because not matching any filter: file [C:\Sviluppo\workArea\clothlogix\target\classes\com\fabless\clothlogix\DAO\UtenteDAO.class]
2024-05-17T15:11:56.082+02:00 TRACE 4684 --- [clothlogix] [           main] nModuleEntries$JsonMixinComponentScanner : Scanning file [C:\Sviluppo\workArea\clothlogix\target\classes\com\fabless\clothlogix\DTO\ColoreDTO.class]
2024-05-17T15:11:56.082+02:00 TRACE 4684 --- [clothlogix] [           main] nModuleEntries$JsonMixinComponentScanner : Ignored because not matching any filter: file [C:\Sviluppo\workArea\clothlogix\target\classes\com\fabless\clothlogix\DTO\ColoreDTO.class]
2024-05-17T15:11:56.082+02:00 TRACE 4684 --- [clothlogix] [           main] nModuleEntries$JsonMixinComponentScanner : Scanning file [C:\Sviluppo\workArea\clothlogix\target\classes\com\fabless\clothlogix\mapper\SuperClassMapper.class]
2024-05-17T15:11:56.082+02:00 TRACE 4684 --- [clothlogix] [           main] nModuleEntries$JsonMixinComponentScanner : Ignored because not matching any filter: file [C:\Sviluppo\workArea\clothlogix\target\classes\com\fabless\clothlogix\mapper\SuperClassMapper.class]
2024-05-17T15:11:56.082+02:00 TRACE 4684 --- [clothlogix] [           main] nModuleEntries$JsonMixinComponentScanner : Scanning file [C:\Sviluppo\workArea\clothlogix\target\classes\com\fabless\clothlogix\mapper\SuperClassMapperImpl.class]
2024-05-17T15:11:56.082+02:00 TRACE 4684 --- [clothlogix] [           main] nModuleEntries$JsonMixinComponentScanner : Ignored because not matching any filter: file [C:\Sviluppo\workArea\clothlogix\target\classes\com\fabless\clothlogix\mapper\SuperClassMapperImpl.class]
2024-05-17T15:11:56.082+02:00 TRACE 4684 --- [clothlogix] [           main] nModuleEntries$JsonMixinComponentScanner : Scanning file [C:\Sviluppo\workArea\clothlogix\target\classes\com\fabless\clothlogix\model\entities\ColoreEntity.class]
2024-05-17T15:11:56.082+02:00 TRACE 4684 --- [clothlogix] [           main] nModuleEntries$JsonMixinComponentScanner : Ignored because not matching any filter: file [C:\Sviluppo\workArea\clothlogix\target\classes\com\fabless\clothlogix\model\entities\ColoreEntity.class]
2024-05-17T15:11:56.082+02:00 TRACE 4684 --- [clothlogix] [           main] nModuleEntries$JsonMixinComponentScanner : Scanning file [C:\Sviluppo\workArea\clothlogix\target\classes\com\fabless\clothlogix\model\entities\LoginEntity.class]
2024-05-17T15:11:56.082+02:00 TRACE 4684 --- [clothlogix] [           main] nModuleEntries$JsonMixinComponentScanner : Ignored because not matching any filter: file [C:\Sviluppo\workArea\clothlogix\target\classes\com\fabless\clothlogix\model\entities\LoginEntity.class]
2024-05-17T15:11:56.082+02:00 TRACE 4684 --- [clothlogix] [           main] nModuleEntries$JsonMixinComponentScanner : Scanning file [C:\Sviluppo\workArea\clothlogix\target\classes\com\fabless\clothlogix\model\entities\MagazzinoEntity.class]
2024-05-17T15:11:56.082+02:00 TRACE 4684 --- [clothlogix] [           main] nModuleEntries$JsonMixinComponentScanner : Ignored because not matching any filter: file [C:\Sviluppo\workArea\clothlogix\target\classes\com\fabless\clothlogix\model\entities\MagazzinoEntity.class]
2024-05-17T15:11:56.082+02:00 TRACE 4684 --- [clothlogix] [           main] nModuleEntries$JsonMixinComponentScanner : Scanning file [C:\Sviluppo\workArea\clothlogix\target\classes\com\fabless\clothlogix\model\entities\MaterialeEntity.class]
2024-05-17T15:11:56.082+02:00 TRACE 4684 --- [clothlogix] [           main] nModuleEntries$JsonMixinComponentScanner : Ignored because not matching any filter: file [C:\Sviluppo\workArea\clothlogix\target\classes\com\fabless\clothlogix\model\entities\MaterialeEntity.class]
2024-05-17T15:11:56.082+02:00 TRACE 4684 --- [clothlogix] [           main] nModuleEntries$JsonMixinComponentScanner : Scanning file [C:\Sviluppo\workArea\clothlogix\target\classes\com\fabless\clothlogix\model\entities\ProdottoEntity.class]
2024-05-17T15:11:56.082+02:00 TRACE 4684 --- [clothlogix] [           main] nModuleEntries$JsonMixinComponentScanner : Ignored because not matching any filter: file [C:\Sviluppo\workArea\clothlogix\target\classes\com\fabless\clothlogix\model\entities\ProdottoEntity.class]
2024-05-17T15:11:56.082+02:00 TRACE 4684 --- [clothlogix] [           main] nModuleEntries$JsonMixinComponentScanner : Scanning file [C:\Sviluppo\workArea\clothlogix\target\classes\com\fabless\clothlogix\model\entities\ProfiloEntity.class]
2024-05-17T15:11:56.082+02:00 TRACE 4684 --- [clothlogix] [           main] nModuleEntries$JsonMixinComponentScanner : Ignored because not matching any filter: file [C:\Sviluppo\workArea\clothlogix\target\classes\com\fabless\clothlogix\model\entities\ProfiloEntity.class]
2024-05-17T15:11:56.082+02:00 TRACE 4684 --- [clothlogix] [           main] nModuleEntries$JsonMixinComponentScanner : Scanning file [C:\Sviluppo\workArea\clothlogix\target\classes\com\fabless\clothlogix\model\entities\SezioneEntity.class]
2024-05-17T15:11:56.082+02:00 TRACE 4684 --- [clothlogix] [           main] nModuleEntries$JsonMixinComponentScanner : Ignored because not matching any filter: file [C:\Sviluppo\workArea\clothlogix\target\classes\com\fabless\clothlogix\model\entities\SezioneEntity.class]
2024-05-17T15:11:56.082+02:00 TRACE 4684 --- [clothlogix] [           main] nModuleEntries$JsonMixinComponentScanner : Scanning file [C:\Sviluppo\workArea\clothlogix\target\classes\com\fabless\clothlogix\model\entities\TagliaEntity.class]
2024-05-17T15:11:56.082+02:00 TRACE 4684 --- [clothlogix] [           main] nModuleEntries$JsonMixinComponentScanner : Ignored because not matching any filter: file [C:\Sviluppo\workArea\clothlogix\target\classes\com\fabless\clothlogix\model\entities\TagliaEntity.class]
2024-05-17T15:11:56.082+02:00 TRACE 4684 --- [clothlogix] [           main] nModuleEntries$JsonMixinComponentScanner : Scanning file [C:\Sviluppo\workArea\clothlogix\target\classes\com\fabless\clothlogix\model\entities\TipoEntity.class]
2024-05-17T15:11:56.082+02:00 TRACE 4684 --- [clothlogix] [           main] nModuleEntries$JsonMixinComponentScanner : Ignored because not matching any filter: file [C:\Sviluppo\workArea\clothlogix\target\classes\com\fabless\clothlogix\model\entities\TipoEntity.class]
2024-05-17T15:11:56.082+02:00 TRACE 4684 --- [clothlogix] [           main] nModuleEntries$JsonMixinComponentScanner : Scanning file [C:\Sviluppo\workArea\clothlogix\target\classes\com\fabless\clothlogix\model\entities\UtenteEntity.class]
2024-05-17T15:11:56.082+02:00 TRACE 4684 --- [clothlogix] [           main] nModuleEntries$JsonMixinComponentScanner : Ignored because not matching any filter: file [C:\Sviluppo\workArea\clothlogix\target\classes\com\fabless\clothlogix\model\entities\UtenteEntity.class]
2024-05-17T15:11:56.082+02:00 TRACE 4684 --- [clothlogix] [           main] nModuleEntries$JsonMixinComponentScanner : Scanning file [C:\Sviluppo\workArea\clothlogix\target\classes\com\fabless\clothlogix\Service\AbstractColoreService.class]
2024-05-17T15:11:56.082+02:00 TRACE 4684 --- [clothlogix] [           main] nModuleEntries$JsonMixinComponentScanner : Ignored because not matching any filter: file [C:\Sviluppo\workArea\clothlogix\target\classes\com\fabless\clothlogix\Service\AbstractColoreService.class]
2024-05-17T15:11:56.082+02:00 TRACE 4684 --- [clothlogix] [           main] nModuleEntries$JsonMixinComponentScanner : Scanning file [C:\Sviluppo\workArea\clothlogix\target\classes\com\fabless\clothlogix\Service\AbstractLoginService.class]
2024-05-17T15:11:56.082+02:00 TRACE 4684 --- [clothlogix] [           main] nModuleEntries$JsonMixinComponentScanner : Ignored because not matching any filter: file [C:\Sviluppo\workArea\clothlogix\target\classes\com\fabless\clothlogix\Service\AbstractLoginService.class]
2024-05-17T15:11:56.082+02:00 TRACE 4684 --- [clothlogix] [           main] nModuleEntries$JsonMixinComponentScanner : Scanning file [C:\Sviluppo\workArea\clothlogix\target\classes\com\fabless\clothlogix\Service\AbstractMagazzinoService.class]
2024-05-17T15:11:56.082+02:00 TRACE 4684 --- [clothlogix] [           main] nModuleEntries$JsonMixinComponentScanner : Ignored because not matching any filter: file [C:\Sviluppo\workArea\clothlogix\target\classes\com\fabless\clothlogix\Service\AbstractMagazzinoService.class]
2024-05-17T15:11:56.082+02:00 TRACE 4684 --- [clothlogix] [           main] nModuleEntries$JsonMixinComponentScanner : Scanning file [C:\Sviluppo\workArea\clothlogix\target\classes\com\fabless\clothlogix\Service\AbstractMaterialeService.class]
2024-05-17T15:11:56.082+02:00 TRACE 4684 --- [clothlogix] [           main] nModuleEntries$JsonMixinComponentScanner : Ignored because not matching any filter: file [C:\Sviluppo\workArea\clothlogix\target\classes\com\fabless\clothlogix\Service\AbstractMaterialeService.class]
2024-05-17T15:11:56.082+02:00 TRACE 4684 --- [clothlogix] [           main] nModuleEntries$JsonMixinComponentScanner : Scanning file [C:\Sviluppo\workArea\clothlogix\target\classes\com\fabless\clothlogix\Service\AbstractProdottoService.class]
2024-05-17T15:11:56.082+02:00 TRACE 4684 --- [clothlogix] [           main] nModuleEntries$JsonMixinComponentScanner : Ignored because not matching any filter: file [C:\Sviluppo\workArea\clothlogix\target\classes\com\fabless\clothlogix\Service\AbstractProdottoService.class]
2024-05-17T15:11:56.082+02:00 TRACE 4684 --- [clothlogix] [           main] nModuleEntries$JsonMixinComponentScanner : Scanning file [C:\Sviluppo\workArea\clothlogix\target\classes\com\fabless\clothlogix\Service\AbstractProfiloService.class]
2024-05-17T15:11:56.082+02:00 TRACE 4684 --- [clothlogix] [           main] nModuleEntries$JsonMixinComponentScanner : Ignored because not matching any filter: file [C:\Sviluppo\workArea\clothlogix\target\classes\com\fabless\clothlogix\Service\AbstractProfiloService.class]
2024-05-17T15:11:56.082+02:00 TRACE 4684 --- [clothlogix] [           main] nModuleEntries$JsonMixinComponentScanner : Scanning file [C:\Sviluppo\workArea\clothlogix\target\classes\com\fabless\clothlogix\Service\AbstractSezioneService.class]
2024-05-17T15:11:56.082+02:00 TRACE 4684 --- [clothlogix] [           main] nModuleEntries$JsonMixinComponentScanner : Ignored because not matching any filter: file [C:\Sviluppo\workArea\clothlogix\target\classes\com\fabless\clothlogix\Service\AbstractSezioneService.class]
2024-05-17T15:11:56.082+02:00 TRACE 4684 --- [clothlogix] [           main] nModuleEntries$JsonMixinComponentScanner : Scanning file [C:\Sviluppo\workArea\clothlogix\target\classes\com\fabless\clothlogix\Service\AbstractTagliaService.class]
2024-05-17T15:11:56.082+02:00 TRACE 4684 --- [clothlogix] [           main] nModuleEntries$JsonMixinComponentScanner : Ignored because not matching any filter: file [C:\Sviluppo\workArea\clothlogix\target\classes\com\fabless\clothlogix\Service\AbstractTagliaService.class]
2024-05-17T15:11:56.082+02:00 TRACE 4684 --- [clothlogix] [           main] nModuleEntries$JsonMixinComponentScanner : Scanning file [C:\Sviluppo\workArea\clothlogix\target\classes\com\fabless\clothlogix\Service\AbstractTipoService.class]
2024-05-17T15:11:56.082+02:00 TRACE 4684 --- [clothlogix] [           main] nModuleEntries$JsonMixinComponentScanner : Ignored because not matching any filter: file [C:\Sviluppo\workArea\clothlogix\target\classes\com\fabless\clothlogix\Service\AbstractTipoService.class]
2024-05-17T15:11:56.082+02:00 TRACE 4684 --- [clothlogix] [           main] nModuleEntries$JsonMixinComponentScanner : Scanning file [C:\Sviluppo\workArea\clothlogix\target\classes\com\fabless\clothlogix\Service\AbstractUtenteService.class]
2024-05-17T15:11:56.082+02:00 TRACE 4684 --- [clothlogix] [           main] nModuleEntries$JsonMixinComponentScanner : Ignored because not matching any filter: file [C:\Sviluppo\workArea\clothlogix\target\classes\com\fabless\clothlogix\Service\AbstractUtenteService.class]
2024-05-17T15:11:56.082+02:00 TRACE 4684 --- [clothlogix] [           main] nModuleEntries$JsonMixinComponentScanner : Scanning file [C:\Sviluppo\workArea\clothlogix\target\classes\com\fabless\clothlogix\Service\Impl\ColoreService.class]
2024-05-17T15:11:56.082+02:00 TRACE 4684 --- [clothlogix] [           main] nModuleEntries$JsonMixinComponentScanner : Ignored because not matching any filter: file [C:\Sviluppo\workArea\clothlogix\target\classes\com\fabless\clothlogix\Service\Impl\ColoreService.class]
2024-05-17T15:11:56.082+02:00 TRACE 4684 --- [clothlogix] [           main] nModuleEntries$JsonMixinComponentScanner : Scanning file [C:\Sviluppo\workArea\clothlogix\target\classes\com\fabless\clothlogix\Service\Impl\LoginService.class]
2024-05-17T15:11:56.082+02:00 TRACE 4684 --- [clothlogix] [           main] nModuleEntries$JsonMixinComponentScanner : Ignored because not matching any filter: file [C:\Sviluppo\workArea\clothlogix\target\classes\com\fabless\clothlogix\Service\Impl\LoginService.class]
2024-05-17T15:11:56.082+02:00 TRACE 4684 --- [clothlogix] [           main] nModuleEntries$JsonMixinComponentScanner : Scanning file [C:\Sviluppo\workArea\clothlogix\target\classes\com\fabless\clothlogix\Service\Impl\MagazzinoService.class]
2024-05-17T15:11:56.082+02:00 TRACE 4684 --- [clothlogix] [           main] nModuleEntries$JsonMixinComponentScanner : Ignored because not matching any filter: file [C:\Sviluppo\workArea\clothlogix\target\classes\com\fabless\clothlogix\Service\Impl\MagazzinoService.class]
2024-05-17T15:11:56.082+02:00 TRACE 4684 --- [clothlogix] [           main] nModuleEntries$JsonMixinComponentScanner : Scanning file [C:\Sviluppo\workArea\clothlogix\target\classes\com\fabless\clothlogix\Service\Impl\MaterialeService.class]
2024-05-17T15:11:56.082+02:00 TRACE 4684 --- [clothlogix] [           main] nModuleEntries$JsonMixinComponentScanner : Ignored because not matching any filter: file [C:\Sviluppo\workArea\clothlogix\target\classes\com\fabless\clothlogix\Service\Impl\MaterialeService.class]
2024-05-17T15:11:56.082+02:00 TRACE 4684 --- [clothlogix] [           main] nModuleEntries$JsonMixinComponentScanner : Scanning file [C:\Sviluppo\workArea\clothlogix\target\classes\com\fabless\clothlogix\Service\Impl\ProdottoService.class]
2024-05-17T15:11:56.082+02:00 TRACE 4684 --- [clothlogix] [           main] nModuleEntries$JsonMixinComponentScanner : Ignored because not matching any filter: file [C:\Sviluppo\workArea\clothlogix\target\classes\com\fabless\clothlogix\Service\Impl\ProdottoService.class]
2024-05-17T15:11:56.082+02:00 TRACE 4684 --- [clothlogix] [           main] nModuleEntries$JsonMixinComponentScanner : Scanning file [C:\Sviluppo\workArea\clothlogix\target\classes\com\fabless\clothlogix\Service\Impl\ProfiloService.class]
2024-05-17T15:11:56.082+02:00 TRACE 4684 --- [clothlogix] [           main] nModuleEntries$JsonMixinComponentScanner : Ignored because not matching any filter: file [C:\Sviluppo\workArea\clothlogix\target\classes\com\fabless\clothlogix\Service\Impl\ProfiloService.class]
2024-05-17T15:11:56.082+02:00 TRACE 4684 --- [clothlogix] [           main] nModuleEntries$JsonMixinComponentScanner : Scanning file [C:\Sviluppo\workArea\clothlogix\target\classes\com\fabless\clothlogix\Service\Impl\SezioneService.class]
2024-05-17T15:11:56.082+02:00 TRACE 4684 --- [clothlogix] [           main] nModuleEntries$JsonMixinComponentScanner : Ignored because not matching any filter: file [C:\Sviluppo\workArea\clothlogix\target\classes\com\fabless\clothlogix\Service\Impl\SezioneService.class]
2024-05-17T15:11:56.082+02:00 TRACE 4684 --- [clothlogix] [           main] nModuleEntries$JsonMixinComponentScanner : Scanning file [C:\Sviluppo\workArea\clothlogix\target\classes\com\fabless\clothlogix\Service\Impl\TagliaService.class]
2024-05-17T15:11:56.082+02:00 TRACE 4684 --- [clothlogix] [           main] nModuleEntries$JsonMixinComponentScanner : Ignored because not matching any filter: file [C:\Sviluppo\workArea\clothlogix\target\classes\com\fabless\clothlogix\Service\Impl\TagliaService.class]
2024-05-17T15:11:56.082+02:00 TRACE 4684 --- [clothlogix] [           main] nModuleEntries$JsonMixinComponentScanner : Scanning file [C:\Sviluppo\workArea\clothlogix\target\classes\com\fabless\clothlogix\Service\Impl\TipoService.class]
2024-05-17T15:11:56.082+02:00 TRACE 4684 --- [clothlogix] [           main] nModuleEntries$JsonMixinComponentScanner : Ignored because not matching any filter: file [C:\Sviluppo\workArea\clothlogix\target\classes\com\fabless\clothlogix\Service\Impl\TipoService.class]
2024-05-17T15:11:56.082+02:00 TRACE 4684 --- [clothlogix] [           main] nModuleEntries$JsonMixinComponentScanner : Scanning file [C:\Sviluppo\workArea\clothlogix\target\classes\com\fabless\clothlogix\Service\Impl\UtenteService.class]
2024-05-17T15:11:56.082+02:00 TRACE 4684 --- [clothlogix] [           main] nModuleEntries$JsonMixinComponentScanner : Ignored because not matching any filter: file [C:\Sviluppo\workArea\clothlogix\target\classes\com\fabless\clothlogix\Service\Impl\UtenteService.class]
2024-05-17T15:11:56.082+02:00 TRACE 4684 --- [clothlogix] [           main] nModuleEntries$JsonMixinComponentScanner : Scanning file [C:\Sviluppo\workArea\clothlogix\target\classes\com\fabless\clothlogix\ServletInitializer.class]
2024-05-17T15:11:56.082+02:00 TRACE 4684 --- [clothlogix] [           main] nModuleEntries$JsonMixinComponentScanner : Ignored because not matching any filter: file [C:\Sviluppo\workArea\clothlogix\target\classes\com\fabless\clothlogix\ServletInitializer.class]
2024-05-17T15:11:56.082+02:00 TRACE 4684 --- [clothlogix] [           main] o.s.b.f.s.DefaultListableBeanFactory     : Returning cached instance of singleton bean 'org.springframework.transaction.config.internalTransactionAdvisor'
2024-05-17T15:11:56.082+02:00 TRACE 4684 --- [clothlogix] [           main] o.s.b.f.s.DefaultListableBeanFactory     : Returning cached instance of singleton bean 'org.springframework.transaction.config.internalTransactionAdvisor'
2024-05-17T15:11:56.082+02:00 TRACE 4684 --- [clothlogix] [           main] o.s.b.f.s.DefaultListableBeanFactory     : Finished creating instance of bean 'jsonMixinModuleEntries'
2024-05-17T15:11:56.082+02:00 DEBUG 4684 --- [clothlogix] [           main] o.s.b.f.s.DefaultListableBeanFactory     : Autowiring by type from bean name 'jsonMixinModule' via factory method to bean named 'org.springframework.web.context.support.GenericWebApplicationContext@3f2049b6'
2024-05-17T15:11:56.082+02:00 DEBUG 4684 --- [clothlogix] [           main] o.s.b.f.s.DefaultListableBeanFactory     : Autowiring by type from bean name 'jsonMixinModule' via factory method to bean named 'jsonMixinModuleEntries'
2024-05-17T15:11:56.090+02:00 TRACE 4684 --- [clothlogix] [           main] o.s.b.f.s.DefaultListableBeanFactory     : Returning cached instance of singleton bean 'org.springframework.transaction.config.internalTransactionAdvisor'
2024-05-17T15:11:56.090+02:00 TRACE 4684 --- [clothlogix] [           main] o.s.b.f.s.DefaultListableBeanFactory     : Returning cached instance of singleton bean 'org.springframework.transaction.config.internalTransactionAdvisor'
2024-05-17T15:11:56.092+02:00 TRACE 4684 --- [clothlogix] [           main] o.s.b.f.s.DefaultListableBeanFactory     : Finished creating instance of bean 'jsonMixinModule'
2024-05-17T15:11:56.092+02:00 DEBUG 4684 --- [clothlogix] [           main] o.s.b.f.s.DefaultListableBeanFactory     : Creating shared instance of singleton bean 'jsonComponentModule'
2024-05-17T15:11:56.092+02:00 TRACE 4684 --- [clothlogix] [           main] o.s.b.f.s.DefaultListableBeanFactory     : Creating instance of bean 'jsonComponentModule'
2024-05-17T15:11:56.092+02:00 TRACE 4684 --- [clothlogix] [           main] o.s.b.f.s.DefaultListableBeanFactory     : Returning cached instance of singleton bean 'org.springframework.transaction.config.internalTransactionAdvisor'
2024-05-17T15:11:56.092+02:00 DEBUG 4684 --- [clothlogix] [           main] o.s.b.f.s.DefaultListableBeanFactory     : Creating shared instance of singleton bean 'org.springframework.boot.autoconfigure.jackson.JacksonAutoConfiguration'
2024-05-17T15:11:56.092+02:00 TRACE 4684 --- [clothlogix] [           main] o.s.b.f.s.DefaultListableBeanFactory     : Creating instance of bean 'org.springframework.boot.autoconfigure.jackson.JacksonAutoConfiguration'
2024-05-17T15:11:56.092+02:00 TRACE 4684 --- [clothlogix] [           main] o.s.b.f.s.DefaultListableBeanFactory     : Returning cached instance of singleton bean 'org.springframework.transaction.config.internalTransactionAdvisor'
2024-05-17T15:11:56.092+02:00 TRACE 4684 --- [clothlogix] [           main] o.s.b.f.s.DefaultListableBeanFactory     : Returning cached instance of singleton bean 'org.springframework.transaction.config.internalTransactionAdvisor'
2024-05-17T15:11:56.092+02:00 TRACE 4684 --- [clothlogix] [           main] o.s.b.f.s.DefaultListableBeanFactory     : Returning cached instance of singleton bean 'org.springframework.transaction.config.internalTransactionAdvisor'
2024-05-17T15:11:56.092+02:00 TRACE 4684 --- [clothlogix] [           main] o.s.b.f.s.DefaultListableBeanFactory     : Finished creating instance of bean 'org.springframework.boot.autoconfigure.jackson.JacksonAutoConfiguration'
2024-05-17T15:11:56.092+02:00 TRACE 4684 --- [clothlogix] [           main] o.s.b.f.s.DefaultListableBeanFactory     : Invoking afterPropertiesSet() on bean with name 'jsonComponentModule'
2024-05-17T15:11:56.092+02:00 TRACE 4684 --- [clothlogix] [           main] o.s.b.f.s.DefaultListableBeanFactory     : Returning cached instance of singleton bean 'org.springframework.transaction.config.internalTransactionAdvisor'
2024-05-17T15:11:56.092+02:00 TRACE 4684 --- [clothlogix] [           main] o.s.b.f.s.DefaultListableBeanFactory     : Returning cached instance of singleton bean 'org.springframework.transaction.config.internalTransactionAdvisor'
2024-05-17T15:11:56.092+02:00 TRACE 4684 --- [clothlogix] [           main] o.s.b.f.s.DefaultListableBeanFactory     : Finished creating instance of bean 'jsonComponentModule'
2024-05-17T15:11:56.092+02:00 DEBUG 4684 --- [clothlogix] [           main] o.s.b.f.s.DefaultListableBeanFactory     : Creating shared instance of singleton bean 'jacksonGeoModule'
2024-05-17T15:11:56.092+02:00 TRACE 4684 --- [clothlogix] [           main] o.s.b.f.s.DefaultListableBeanFactory     : Creating instance of bean 'jacksonGeoModule'
2024-05-17T15:11:56.092+02:00 TRACE 4684 --- [clothlogix] [           main] o.s.b.f.s.DefaultListableBeanFactory     : Returning cached instance of singleton bean 'org.springframework.transaction.config.internalTransactionAdvisor'
2024-05-17T15:11:56.092+02:00 DEBUG 4684 --- [clothlogix] [           main] o.s.b.f.s.DefaultListableBeanFactory     : Creating shared instance of singleton bean 'org.springframework.data.web.config.SpringDataJacksonConfiguration'
2024-05-17T15:11:56.092+02:00 TRACE 4684 --- [clothlogix] [           main] o.s.b.f.s.DefaultListableBeanFactory     : Creating instance of bean 'org.springframework.data.web.config.SpringDataJacksonConfiguration'
2024-05-17T15:11:56.092+02:00 TRACE 4684 --- [clothlogix] [           main] o.s.b.f.s.DefaultListableBeanFactory     : Returning cached instance of singleton bean 'org.springframework.transaction.config.internalTransactionAdvisor'
2024-05-17T15:11:56.092+02:00 TRACE 4684 --- [clothlogix] [           main] o.s.b.f.s.DefaultListableBeanFactory     : Returning cached instance of singleton bean 'org.springframework.transaction.config.internalTransactionAdvisor'
2024-05-17T15:11:56.092+02:00 TRACE 4684 --- [clothlogix] [           main] o.s.b.f.s.DefaultListableBeanFactory     : Returning cached instance of singleton bean 'org.springframework.transaction.config.internalTransactionAdvisor'
2024-05-17T15:11:56.092+02:00 TRACE 4684 --- [clothlogix] [           main] o.s.b.f.s.DefaultListableBeanFactory     : Finished creating instance of bean 'org.springframework.data.web.config.SpringDataJacksonConfiguration'
2024-05-17T15:11:56.106+02:00 TRACE 4684 --- [clothlogix] [           main] o.s.b.f.s.DefaultListableBeanFactory     : Returning cached instance of singleton bean 'org.springframework.transaction.config.internalTransactionAdvisor'
2024-05-17T15:11:56.106+02:00 TRACE 4684 --- [clothlogix] [           main] o.s.b.f.s.DefaultListableBeanFactory     : Returning cached instance of singleton bean 'org.springframework.transaction.config.internalTransactionAdvisor'
2024-05-17T15:11:56.106+02:00 TRACE 4684 --- [clothlogix] [           main] o.s.b.f.s.DefaultListableBeanFactory     : Finished creating instance of bean 'jacksonGeoModule'
2024-05-17T15:11:56.106+02:00 DEBUG 4684 --- [clothlogix] [           main] o.s.b.f.s.DefaultListableBeanFactory     : Creating shared instance of singleton bean 'pageModule'
2024-05-17T15:11:56.106+02:00 TRACE 4684 --- [clothlogix] [           main] o.s.b.f.s.DefaultListableBeanFactory     : Creating instance of bean 'pageModule'
2024-05-17T15:11:56.106+02:00 TRACE 4684 --- [clothlogix] [           main] o.s.b.f.s.DefaultListableBeanFactory     : Returning cached instance of singleton bean 'org.springframework.transaction.config.internalTransactionAdvisor'
2024-05-17T15:11:56.106+02:00 TRACE 4684 --- [clothlogix] [           main] o.s.b.f.s.DefaultListableBeanFactory     : Returning cached instance of singleton bean 'org.springframework.data.web.config.SpringDataJacksonConfiguration'
2024-05-17T15:11:56.106+02:00 TRACE 4684 --- [clothlogix] [           main] o.s.b.f.s.DefaultListableBeanFactory     : Returning cached instance of singleton bean 'org.springframework.transaction.config.internalTransactionAdvisor'
2024-05-17T15:11:56.106+02:00 TRACE 4684 --- [clothlogix] [           main] o.s.b.f.s.DefaultListableBeanFactory     : Returning cached instance of singleton bean 'org.springframework.transaction.config.internalTransactionAdvisor'
2024-05-17T15:11:56.106+02:00 TRACE 4684 --- [clothlogix] [           main] o.s.b.f.s.DefaultListableBeanFactory     : Finished creating instance of bean 'pageModule'
2024-05-17T15:11:56.112+02:00 TRACE 4684 --- [clothlogix] [           main] o.s.b.f.s.DefaultListableBeanFactory     : Returning cached instance of singleton bean 'org.springframework.transaction.config.internalTransactionAdvisor'
2024-05-17T15:11:56.112+02:00 TRACE 4684 --- [clothlogix] [           main] o.s.b.f.s.DefaultListableBeanFactory     : Returning cached instance of singleton bean 'org.springframework.transaction.config.internalTransactionAdvisor'
2024-05-17T15:11:56.112+02:00 TRACE 4684 --- [clothlogix] [           main] o.s.b.f.s.DefaultListableBeanFactory     : Finished creating instance of bean 'standardJacksonObjectMapperBuilderCustomizer'
2024-05-17T15:11:56.112+02:00 DEBUG 4684 --- [clothlogix] [           main] o.s.b.f.s.DefaultListableBeanFactory     : Autowiring by type from bean name 'jacksonObjectMapperBuilder' via factory method to bean named 'org.springframework.web.context.support.GenericWebApplicationContext@3f2049b6'
2024-05-17T15:11:56.112+02:00 DEBUG 4684 --- [clothlogix] [           main] o.s.b.f.s.DefaultListableBeanFactory     : Autowiring by type from bean name 'jacksonObjectMapperBuilder' via factory method to bean named 'standardJacksonObjectMapperBuilderCustomizer'
2024-05-17T15:11:56.112+02:00 TRACE 4684 --- [clothlogix] [           main] o.s.b.f.s.DefaultListableBeanFactory     : Returning cached instance of singleton bean 'org.springframework.transaction.config.internalTransactionAdvisor'
2024-05-17T15:11:56.112+02:00 TRACE 4684 --- [clothlogix] [           main] o.s.b.f.s.DefaultListableBeanFactory     : Returning cached instance of singleton bean 'org.springframework.transaction.config.internalTransactionAdvisor'
2024-05-17T15:11:56.112+02:00 TRACE 4684 --- [clothlogix] [           main] o.s.b.f.s.DefaultListableBeanFactory     : Finished creating instance of bean 'jacksonObjectMapperBuilder'
2024-05-17T15:11:56.112+02:00 DEBUG 4684 --- [clothlogix] [           main] o.s.b.f.s.DefaultListableBeanFactory     : Autowiring by type from bean name 'jacksonObjectMapper' via factory method to bean named 'jacksonObjectMapperBuilder'
2024-05-17T15:11:56.129+02:00 TRACE 4684 --- [clothlogix] [           main] o.s.b.f.s.DefaultListableBeanFactory     : Returning cached instance of singleton bean 'org.springframework.transaction.config.internalTransactionAdvisor'
2024-05-17T15:11:56.129+02:00 TRACE 4684 --- [clothlogix] [           main] o.s.b.f.s.DefaultListableBeanFactory     : Returning cached instance of singleton bean 'org.springframework.transaction.config.internalTransactionAdvisor'
2024-05-17T15:11:56.132+02:00 TRACE 4684 --- [clothlogix] [           main] o.s.b.f.s.DefaultListableBeanFactory     : Finished creating instance of bean 'jacksonObjectMapper'
2024-05-17T15:11:56.132+02:00 TRACE 4684 --- [clothlogix] [           main] o.s.b.f.s.DefaultListableBeanFactory     : Returning cached instance of singleton bean 'org.springframework.transaction.config.internalTransactionAdvisor'
2024-05-17T15:11:56.132+02:00 TRACE 4684 --- [clothlogix] [           main] o.s.b.f.s.DefaultListableBeanFactory     : Returning cached instance of singleton bean 'org.springframework.transaction.config.internalTransactionAdvisor'
2024-05-17T15:11:56.138+02:00 TRACE 4684 --- [clothlogix] [           main] o.s.b.f.s.DefaultListableBeanFactory     : Finished creating instance of bean 'hypermediaWebMvcConverters'
2024-05-17T15:11:56.138+02:00 DEBUG 4684 --- [clothlogix] [           main] o.s.b.f.s.DefaultListableBeanFactory     : Autowiring by type from bean name 'hypermediaWebMvcConfigurer' via factory method to bean named 'hypermediaWebMvcConverters'
2024-05-17T15:11:56.138+02:00 TRACE 4684 --- [clothlogix] [           main] o.s.b.f.s.DefaultListableBeanFactory     : Returning cached instance of singleton bean 'org.springframework.transaction.config.internalTransactionAdvisor'
2024-05-17T15:11:56.138+02:00 TRACE 4684 --- [clothlogix] [           main] o.s.b.f.s.DefaultListableBeanFactory     : Returning cached instance of singleton bean 'org.springframework.transaction.config.internalTransactionAdvisor'
2024-05-17T15:11:56.138+02:00 TRACE 4684 --- [clothlogix] [           main] o.s.b.f.s.DefaultListableBeanFactory     : Finished creating instance of bean 'hypermediaWebMvcConfigurer'
2024-05-17T15:11:56.138+02:00 DEBUG 4684 --- [clothlogix] [           main] o.s.b.f.s.DefaultListableBeanFactory     : Creating shared instance of singleton bean 'org.springframework.data.rest.webmvc.config.RepositoryRestMvcConfiguration'
2024-05-17T15:11:56.138+02:00 TRACE 4684 --- [clothlogix] [           main] o.s.b.f.s.DefaultListableBeanFactory     : Creating instance of bean 'org.springframework.data.rest.webmvc.config.RepositoryRestMvcConfiguration'
2024-05-17T15:11:56.138+02:00 TRACE 4684 --- [clothlogix] [           main] o.s.b.f.s.DefaultListableBeanFactory     : Returning cached instance of singleton bean 'org.springframework.transaction.config.internalTransactionAdvisor'
2024-05-17T15:11:56.138+02:00 DEBUG 4684 --- [clothlogix] [           main] o.s.b.f.s.DefaultListableBeanFactory     : Autowiring by type from bean name 'org.springframework.data.rest.webmvc.config.RepositoryRestMvcConfiguration' via constructor to bean named 'org.springframework.web.context.support.GenericWebApplicationContext@3f2049b6'
2024-05-17T15:11:56.154+02:00 TRACE 4684 --- [clothlogix] [           main] o.s.b.f.s.DefaultListableBeanFactory     : Returning cached instance of singleton bean 'org.springframework.transaction.config.internalTransactionAdvisor'
2024-05-17T15:11:56.154+02:00 TRACE 4684 --- [clothlogix] [           main] o.s.b.f.s.DefaultListableBeanFactory     : Returning cached instance of singleton bean 'org.springframework.transaction.config.internalTransactionAdvisor'
2024-05-17T15:11:56.162+02:00 TRACE 4684 --- [clothlogix] [           main] o.s.b.f.s.DefaultListableBeanFactory     : Finished creating instance of bean 'org.springframework.data.rest.webmvc.config.RepositoryRestMvcConfiguration'
2024-05-17T15:11:56.162+02:00 DEBUG 4684 --- [clothlogix] [           main] o.s.b.f.s.DefaultListableBeanFactory     : Creating shared instance of singleton bean 'org.springframework.security.config.annotation.web.configuration.WebMvcSecurityConfiguration'
2024-05-17T15:11:56.162+02:00 TRACE 4684 --- [clothlogix] [           main] o.s.b.f.s.DefaultListableBeanFactory     : Creating instance of bean 'org.springframework.security.config.annotation.web.configuration.WebMvcSecurityConfiguration'
2024-05-17T15:11:56.162+02:00 TRACE 4684 --- [clothlogix] [           main] o.s.b.f.s.DefaultListableBeanFactory     : Returning cached instance of singleton bean 'org.springframework.transaction.config.internalTransactionAdvisor'
2024-05-17T15:11:56.162+02:00 TRACE 4684 --- [clothlogix] [           main] o.s.b.f.s.DefaultListableBeanFactory     : Returning cached instance of singleton bean 'org.springframework.transaction.config.internalTransactionAdvisor'
2024-05-17T15:11:56.162+02:00 TRACE 4684 --- [clothlogix] [           main] o.s.b.f.s.DefaultListableBeanFactory     : Returning cached instance of singleton bean 'org.springframework.transaction.config.internalTransactionAdvisor'
2024-05-17T15:11:56.162+02:00 TRACE 4684 --- [clothlogix] [           main] o.s.b.f.s.DefaultListableBeanFactory     : Finished creating instance of bean 'org.springframework.security.config.annotation.web.configuration.WebMvcSecurityConfiguration'
2024-05-17T15:11:56.162+02:00 TRACE 4684 --- [clothlogix] [           main] f.a.AutowiredAnnotationBeanPostProcessor : Autowiring by type from bean name 'org.springframework.boot.autoconfigure.web.servlet.WebMvcAutoConfiguration$EnableWebMvcConfiguration' to bean named 'org.springframework.boot.autoconfigure.web.servlet.WebMvcAutoConfiguration$WebMvcAutoConfigurationAdapter'
2024-05-17T15:11:56.162+02:00 TRACE 4684 --- [clothlogix] [           main] f.a.AutowiredAnnotationBeanPostProcessor : Autowiring by type from bean name 'org.springframework.boot.autoconfigure.web.servlet.WebMvcAutoConfiguration$EnableWebMvcConfiguration' to bean named 'openEntityManagerInViewInterceptorConfigurer'
2024-05-17T15:11:56.162+02:00 TRACE 4684 --- [clothlogix] [           main] f.a.AutowiredAnnotationBeanPostProcessor : Autowiring by type from bean name 'org.springframework.boot.autoconfigure.web.servlet.WebMvcAutoConfiguration$EnableWebMvcConfiguration' to bean named 'hypermediaWebMvcConfigurer'
2024-05-17T15:11:56.162+02:00 TRACE 4684 --- [clothlogix] [           main] f.a.AutowiredAnnotationBeanPostProcessor : Autowiring by type from bean name 'org.springframework.boot.autoconfigure.web.servlet.WebMvcAutoConfiguration$EnableWebMvcConfiguration' to bean named 'org.springframework.data.rest.webmvc.config.RepositoryRestMvcConfiguration'
2024-05-17T15:11:56.162+02:00 TRACE 4684 --- [clothlogix] [           main] f.a.AutowiredAnnotationBeanPostProcessor : Autowiring by type from bean name 'org.springframework.boot.autoconfigure.web.servlet.WebMvcAutoConfiguration$EnableWebMvcConfiguration' to bean named 'org.springframework.security.config.annotation.web.configuration.WebMvcSecurityConfiguration'
2024-05-17T15:11:56.162+02:00 TRACE 4684 --- [clothlogix] [           main] o.s.b.f.s.DefaultListableBeanFactory     : Returning cached instance of singleton bean 'org.springframework.transaction.config.internalTransactionAdvisor'
2024-05-17T15:11:56.162+02:00 TRACE 4684 --- [clothlogix] [           main] o.s.b.f.s.DefaultListableBeanFactory     : Returning cached instance of singleton bean 'org.springframework.transaction.config.internalTransactionAdvisor'
2024-05-17T15:11:56.172+02:00 TRACE 4684 --- [clothlogix] [           main] o.s.b.f.s.DefaultListableBeanFactory     : Finished creating instance of bean 'org.springframework.boot.autoconfigure.web.servlet.WebMvcAutoConfiguration$EnableWebMvcConfiguration'
2024-05-17T15:11:56.172+02:00 DEBUG 4684 --- [clothlogix] [           main] o.s.b.f.s.DefaultListableBeanFactory     : Creating shared instance of singleton bean 'welcomePageHandlerMapping'
2024-05-17T15:11:56.172+02:00 TRACE 4684 --- [clothlogix] [           main] o.s.b.f.s.DefaultListableBeanFactory     : Creating instance of bean 'welcomePageHandlerMapping'
2024-05-17T15:11:56.172+02:00 TRACE 4684 --- [clothlogix] [           main] o.s.b.f.s.DefaultListableBeanFactory     : Returning cached instance of singleton bean 'org.springframework.transaction.config.internalTransactionAdvisor'
2024-05-17T15:11:56.172+02:00 TRACE 4684 --- [clothlogix] [           main] o.s.b.f.s.DefaultListableBeanFactory     : Returning cached instance of singleton bean 'org.springframework.boot.autoconfigure.web.servlet.WebMvcAutoConfiguration$EnableWebMvcConfiguration'
2024-05-17T15:11:56.172+02:00 DEBUG 4684 --- [clothlogix] [           main] o.s.b.f.s.DefaultListableBeanFactory     : Creating shared instance of singleton bean 'mvcConversionService'
2024-05-17T15:11:56.172+02:00 TRACE 4684 --- [clothlogix] [           main] o.s.b.f.s.DefaultListableBeanFactory     : Creating instance of bean 'mvcConversionService'
2024-05-17T15:11:56.172+02:00 TRACE 4684 --- [clothlogix] [           main] o.s.b.f.s.DefaultListableBeanFactory     : Returning cached instance of singleton bean 'org.springframework.transaction.config.internalTransactionAdvisor'
2024-05-17T15:11:56.172+02:00 TRACE 4684 --- [clothlogix] [           main] o.s.b.f.s.DefaultListableBeanFactory     : Returning cached instance of singleton bean 'org.springframework.boot.autoconfigure.web.servlet.WebMvcAutoConfiguration$EnableWebMvcConfiguration'
2024-05-17T15:11:56.172+02:00 DEBUG 4684 --- [clothlogix] [           main] o.s.b.f.s.DefaultListableBeanFactory     : Creating shared instance of singleton bean 'jsonSchemaConverter'
2024-05-17T15:11:56.172+02:00 TRACE 4684 --- [clothlogix] [           main] o.s.b.f.s.DefaultListableBeanFactory     : Creating instance of bean 'jsonSchemaConverter'
2024-05-17T15:11:56.172+02:00 TRACE 4684 --- [clothlogix] [           main] o.s.b.f.s.DefaultListableBeanFactory     : Returning cached instance of singleton bean 'org.springframework.transaction.config.internalTransactionAdvisor'
2024-05-17T15:11:56.172+02:00 TRACE 4684 --- [clothlogix] [           main] o.s.b.f.s.DefaultListableBeanFactory     : Returning cached instance of singleton bean 'org.springframework.data.rest.webmvc.config.RepositoryRestMvcConfiguration'
2024-05-17T15:11:56.172+02:00 DEBUG 4684 --- [clothlogix] [           main] o.s.b.f.s.DefaultListableBeanFactory     : Creating shared instance of singleton bean 'persistentEntities'
2024-05-17T15:11:56.172+02:00 TRACE 4684 --- [clothlogix] [           main] o.s.b.f.s.DefaultListableBeanFactory     : Creating instance of bean 'persistentEntities'
2024-05-17T15:11:56.172+02:00 TRACE 4684 --- [clothlogix] [           main] o.s.b.f.s.DefaultListableBeanFactory     : Returning cached instance of singleton bean 'org.springframework.transaction.config.internalTransactionAdvisor'
2024-05-17T15:11:56.172+02:00 TRACE 4684 --- [clothlogix] [           main] o.s.b.f.s.DefaultListableBeanFactory     : Returning cached instance of singleton bean 'org.springframework.data.rest.webmvc.config.RepositoryRestMvcConfiguration'
2024-05-17T15:11:56.172+02:00 DEBUG 4684 --- [clothlogix] [           main] o.s.b.f.s.DefaultListableBeanFactory     : Creating shared instance of singleton bean 'jpaMappingContext'
2024-05-17T15:11:56.172+02:00 TRACE 4684 --- [clothlogix] [           main] o.s.b.f.s.DefaultListableBeanFactory     : Creating instance of bean 'jpaMappingContext'
2024-05-17T15:11:56.172+02:00 TRACE 4684 --- [clothlogix] [           main] o.s.b.f.s.DefaultListableBeanFactory     : Returning cached instance of singleton bean 'org.springframework.transaction.config.internalTransactionAdvisor'
2024-05-17T15:11:56.172+02:00 TRACE 4684 --- [clothlogix] [           main] o.s.b.f.s.DefaultListableBeanFactory     : Invoking afterPropertiesSet() on bean with name 'jpaMappingContext'
2024-05-17T15:11:56.172+02:00 DEBUG 4684 --- [clothlogix] [           main] .c.JpaMetamodelMappingContextFactoryBean : Initializing JpaMetamodelMappingContext…
2024-05-17T15:11:56.182+02:00 TRACE 4684 --- [clothlogix] [           main] o.s.b.f.s.DefaultListableBeanFactory     : Returning cached instance of singleton bean 'entityManagerFactory'
2024-05-17T15:11:56.222+02:00 DEBUG 4684 --- [clothlogix] [           main] .c.JpaMetamodelMappingContextFactoryBean : Finished initializing JpaMetamodelMappingContext
2024-05-17T15:11:56.222+02:00 TRACE 4684 --- [clothlogix] [           main] o.s.b.f.s.DefaultListableBeanFactory     : Returning cached instance of singleton bean 'org.springframework.transaction.config.internalTransactionAdvisor'
2024-05-17T15:11:56.222+02:00 TRACE 4684 --- [clothlogix] [           main] o.s.b.f.s.DefaultListableBeanFactory     : Returning cached instance of singleton bean 'org.springframework.transaction.config.internalTransactionAdvisor'
2024-05-17T15:11:56.222+02:00 TRACE 4684 --- [clothlogix] [           main] o.s.b.f.s.DefaultListableBeanFactory     : Finished creating instance of bean 'jpaMappingContext'
2024-05-17T15:11:56.222+02:00 TRACE 4684 --- [clothlogix] [           main] o.s.b.f.s.DefaultListableBeanFactory     : Returning cached instance of singleton bean 'org.springframework.transaction.config.internalTransactionAdvisor'
2024-05-17T15:11:56.222+02:00 TRACE 4684 --- [clothlogix] [           main] o.s.b.f.s.DefaultListableBeanFactory     : Returning cached instance of singleton bean 'org.springframework.transaction.config.internalTransactionAdvisor'
2024-05-17T15:11:56.233+02:00 TRACE 4684 --- [clothlogix] [           main] o.s.b.f.s.DefaultListableBeanFactory     : Returning cached instance of singleton bean 'org.springframework.transaction.config.internalTransactionAdvisor'
2024-05-17T15:11:56.233+02:00 TRACE 4684 --- [clothlogix] [           main] o.s.b.f.s.DefaultListableBeanFactory     : Returning cached instance of singleton bean 'org.springframework.transaction.config.internalTransactionAdvisor'
2024-05-17T15:11:56.233+02:00 TRACE 4684 --- [clothlogix] [           main] o.s.b.f.s.DefaultListableBeanFactory     : Finished creating instance of bean 'persistentEntities'
2024-05-17T15:11:56.233+02:00 DEBUG 4684 --- [clothlogix] [           main] o.s.b.f.s.DefaultListableBeanFactory     : Creating shared instance of singleton bean 'associationLinks'
2024-05-17T15:11:56.233+02:00 TRACE 4684 --- [clothlogix] [           main] o.s.b.f.s.DefaultListableBeanFactory     : Creating instance of bean 'associationLinks'
2024-05-17T15:11:56.233+02:00 TRACE 4684 --- [clothlogix] [           main] o.s.b.f.s.DefaultListableBeanFactory     : Returning cached instance of singleton bean 'org.springframework.transaction.config.internalTransactionAdvisor'
2024-05-17T15:11:56.233+02:00 TRACE 4684 --- [clothlogix] [           main] o.s.b.f.s.DefaultListableBeanFactory     : Returning cached instance of singleton bean 'org.springframework.data.rest.webmvc.config.RepositoryRestMvcConfiguration'
2024-05-17T15:11:56.233+02:00 DEBUG 4684 --- [clothlogix] [           main] o.s.b.f.s.DefaultListableBeanFactory     : Creating shared instance of singleton bean 'resourceMappings'
2024-05-17T15:11:56.233+02:00 TRACE 4684 --- [clothlogix] [           main] o.s.b.f.s.DefaultListableBeanFactory     : Creating instance of bean 'resourceMappings'
2024-05-17T15:11:56.233+02:00 TRACE 4684 --- [clothlogix] [           main] o.s.b.f.s.DefaultListableBeanFactory     : Returning cached instance of singleton bean 'org.springframework.transaction.config.internalTransactionAdvisor'
2024-05-17T15:11:56.233+02:00 TRACE 4684 --- [clothlogix] [           main] o.s.b.f.s.DefaultListableBeanFactory     : Returning cached instance of singleton bean 'org.springframework.data.rest.webmvc.config.RepositoryRestMvcConfiguration'
2024-05-17T15:11:56.233+02:00 DEBUG 4684 --- [clothlogix] [           main] o.s.b.f.s.DefaultListableBeanFactory     : Creating shared instance of singleton bean 'repositories'
2024-05-17T15:11:56.233+02:00 TRACE 4684 --- [clothlogix] [           main] o.s.b.f.s.DefaultListableBeanFactory     : Creating instance of bean 'repositories'
2024-05-17T15:11:56.233+02:00 TRACE 4684 --- [clothlogix] [           main] o.s.b.f.s.DefaultListableBeanFactory     : Returning cached instance of singleton bean 'org.springframework.transaction.config.internalTransactionAdvisor'
2024-05-17T15:11:56.233+02:00 TRACE 4684 --- [clothlogix] [           main] o.s.b.f.s.DefaultListableBeanFactory     : Returning cached instance of singleton bean 'org.springframework.data.rest.webmvc.config.RepositoryRestMvcConfiguration'
2024-05-17T15:11:56.242+02:00 TRACE 4684 --- [clothlogix] [           main] o.s.b.f.s.DefaultListableBeanFactory     : Returning cached instance of singleton bean 'org.springframework.transaction.config.internalTransactionAdvisor'
2024-05-17T15:11:56.242+02:00 TRACE 4684 --- [clothlogix] [           main] o.s.b.f.s.DefaultListableBeanFactory     : Returning cached instance of singleton bean 'org.springframework.transaction.config.internalTransactionAdvisor'
2024-05-17T15:11:56.242+02:00 TRACE 4684 --- [clothlogix] [           main] o.s.b.f.s.DefaultListableBeanFactory     : Finished creating instance of bean 'repositories'
2024-05-17T15:11:56.242+02:00 TRACE 4684 --- [clothlogix] [           main] o.s.b.f.s.DefaultListableBeanFactory     : Returning cached instance of singleton bean 'persistentEntities'
2024-05-17T15:11:56.242+02:00 DEBUG 4684 --- [clothlogix] [           main] o.s.b.f.s.DefaultListableBeanFactory     : Creating shared instance of singleton bean 'repositoryRestConfiguration'
2024-05-17T15:11:56.242+02:00 TRACE 4684 --- [clothlogix] [           main] o.s.b.f.s.DefaultListableBeanFactory     : Creating instance of bean 'repositoryRestConfiguration'
2024-05-17T15:11:56.242+02:00 TRACE 4684 --- [clothlogix] [           main] o.s.b.f.s.DefaultListableBeanFactory     : Returning cached instance of singleton bean 'org.springframework.transaction.config.internalTransactionAdvisor'
2024-05-17T15:11:56.242+02:00 TRACE 4684 --- [clothlogix] [           main] o.s.b.f.s.DefaultListableBeanFactory     : Returning cached instance of singleton bean 'org.springframework.data.rest.webmvc.config.RepositoryRestMvcConfiguration'
2024-05-17T15:11:56.249+02:00 TRACE 4684 --- [clothlogix] [           main] o.s.b.f.s.DefaultListableBeanFactory     : Returning cached instance of singleton bean 'repositories'
2024-05-17T15:11:56.265+02:00 DEBUG 4684 --- [clothlogix] [           main] o.s.b.f.s.DefaultListableBeanFactory     : Creating shared instance of singleton bean 'springBootRepositoryRestConfigurer'
2024-05-17T15:11:56.265+02:00 TRACE 4684 --- [clothlogix] [           main] o.s.b.f.s.DefaultListableBeanFactory     : Creating instance of bean 'springBootRepositoryRestConfigurer'
2024-05-17T15:11:56.265+02:00 TRACE 4684 --- [clothlogix] [           main] o.s.b.f.s.DefaultListableBeanFactory     : Returning cached instance of singleton bean 'org.springframework.transaction.config.internalTransactionAdvisor'
2024-05-17T15:11:56.265+02:00 DEBUG 4684 --- [clothlogix] [           main] o.s.b.f.s.DefaultListableBeanFactory     : Creating shared instance of singleton bean 'org.springframework.boot.autoconfigure.data.rest.RepositoryRestMvcAutoConfiguration'
2024-05-17T15:11:56.265+02:00 TRACE 4684 --- [clothlogix] [           main] o.s.b.f.s.DefaultListableBeanFactory     : Creating instance of bean 'org.springframework.boot.autoconfigure.data.rest.RepositoryRestMvcAutoConfiguration'
2024-05-17T15:11:56.265+02:00 TRACE 4684 --- [clothlogix] [           main] o.s.b.f.s.DefaultListableBeanFactory     : Returning cached instance of singleton bean 'org.springframework.transaction.config.internalTransactionAdvisor'
2024-05-17T15:11:56.265+02:00 TRACE 4684 --- [clothlogix] [           main] o.s.b.f.s.DefaultListableBeanFactory     : Returning cached instance of singleton bean 'org.springframework.transaction.config.internalTransactionAdvisor'
2024-05-17T15:11:56.265+02:00 TRACE 4684 --- [clothlogix] [           main] o.s.b.f.s.DefaultListableBeanFactory     : Returning cached instance of singleton bean 'org.springframework.transaction.config.internalTransactionAdvisor'
2024-05-17T15:11:56.265+02:00 TRACE 4684 --- [clothlogix] [           main] o.s.b.f.s.DefaultListableBeanFactory     : Finished creating instance of bean 'org.springframework.boot.autoconfigure.data.rest.RepositoryRestMvcAutoConfiguration'
2024-05-17T15:11:56.265+02:00 DEBUG 4684 --- [clothlogix] [           main] o.s.b.f.s.DefaultListableBeanFactory     : Creating shared instance of singleton bean 'spring.data.rest-org.springframework.boot.autoconfigure.data.rest.RepositoryRestProperties'
2024-05-17T15:11:56.265+02:00 TRACE 4684 --- [clothlogix] [           main] o.s.b.f.s.DefaultListableBeanFactory     : Creating instance of bean 'spring.data.rest-org.springframework.boot.autoconfigure.data.rest.RepositoryRestProperties'
2024-05-17T15:11:56.265+02:00 TRACE 4684 --- [clothlogix] [           main] o.s.b.f.s.DefaultListableBeanFactory     : Returning cached instance of singleton bean 'org.springframework.transaction.config.internalTransactionAdvisor'
2024-05-17T15:11:56.265+02:00 TRACE 4684 --- [clothlogix] [           main] o.s.b.f.s.DefaultListableBeanFactory     : Returning cached instance of singleton bean 'org.springframework.boot.context.properties.BoundConfigurationProperties'
2024-05-17T15:11:56.272+02:00 TRACE 4684 --- [clothlogix] [           main] o.s.b.f.s.DefaultListableBeanFactory     : Returning cached instance of singleton bean 'org.springframework.transaction.config.internalTransactionAdvisor'
2024-05-17T15:11:56.272+02:00 TRACE 4684 --- [clothlogix] [           main] o.s.b.f.s.DefaultListableBeanFactory     : Returning cached instance of singleton bean 'org.springframework.transaction.config.internalTransactionAdvisor'
2024-05-17T15:11:56.272+02:00 TRACE 4684 --- [clothlogix] [           main] o.s.b.f.s.DefaultListableBeanFactory     : Finished creating instance of bean 'spring.data.rest-org.springframework.boot.autoconfigure.data.rest.RepositoryRestProperties'
2024-05-17T15:11:56.272+02:00 DEBUG 4684 --- [clothlogix] [           main] o.s.b.f.s.DefaultListableBeanFactory     : Autowiring by type from bean name 'springBootRepositoryRestConfigurer' via factory method to bean named 'spring.data.rest-org.springframework.boot.autoconfigure.data.rest.RepositoryRestProperties'
2024-05-17T15:11:56.272+02:00 TRACE 4684 --- [clothlogix] [           main] o.s.b.f.s.DefaultListableBeanFactory     : Creating instance of bean 'jacksonObjectMapperBuilder'
2024-05-17T15:11:56.272+02:00 TRACE 4684 --- [clothlogix] [           main] o.s.b.f.s.DefaultListableBeanFactory     : Returning cached instance of singleton bean 'org.springframework.boot.autoconfigure.jackson.JacksonAutoConfiguration$JacksonObjectMapperBuilderConfiguration'
2024-05-17T15:11:56.272+02:00 TRACE 4684 --- [clothlogix] [           main] o.s.b.f.s.DefaultListableBeanFactory     : Returning cached instance of singleton bean 'standardJacksonObjectMapperBuilderCustomizer'
2024-05-17T15:11:56.272+02:00 TRACE 4684 --- [clothlogix] [           main] o.s.b.f.s.DefaultListableBeanFactory     : Finished creating instance of bean 'jacksonObjectMapperBuilder'
2024-05-17T15:11:56.272+02:00 TRACE 4684 --- [clothlogix] [           main] o.s.b.f.s.DefaultListableBeanFactory     : Returning cached instance of singleton bean 'org.springframework.transaction.config.internalTransactionAdvisor'
2024-05-17T15:11:56.272+02:00 TRACE 4684 --- [clothlogix] [           main] o.s.b.f.s.DefaultListableBeanFactory     : Returning cached instance of singleton bean 'org.springframework.transaction.config.internalTransactionAdvisor'
2024-05-17T15:11:56.272+02:00 TRACE 4684 --- [clothlogix] [           main] o.s.b.f.s.DefaultListableBeanFactory     : Finished creating instance of bean 'springBootRepositoryRestConfigurer'
2024-05-17T15:11:56.282+02:00 TRACE 4684 --- [clothlogix] [           main] o.s.b.f.s.DefaultListableBeanFactory     : Returning cached instance of singleton bean 'org.springframework.transaction.config.internalTransactionAdvisor'
2024-05-17T15:11:56.282+02:00 TRACE 4684 --- [clothlogix] [           main] o.s.b.f.s.DefaultListableBeanFactory     : Returning cached instance of singleton bean 'org.springframework.transaction.config.internalTransactionAdvisor'
2024-05-17T15:11:56.282+02:00 TRACE 4684 --- [clothlogix] [           main] o.s.b.f.s.DefaultListableBeanFactory     : Finished creating instance of bean 'repositoryRestConfiguration'
2024-05-17T15:11:56.282+02:00 DEBUG 4684 --- [clothlogix] [           main] o.s.b.f.s.DefaultListableBeanFactory     : Autowiring by type from bean name 'resourceMappings' via factory method to bean named 'repositories'
2024-05-17T15:11:56.282+02:00 DEBUG 4684 --- [clothlogix] [           main] o.s.b.f.s.DefaultListableBeanFactory     : Autowiring by type from bean name 'resourceMappings' via factory method to bean named 'persistentEntities'
2024-05-17T15:11:56.282+02:00 DEBUG 4684 --- [clothlogix] [           main] o.s.b.f.s.DefaultListableBeanFactory     : Autowiring by type from bean name 'resourceMappings' via factory method to bean named 'repositoryRestConfiguration'
2024-05-17T15:11:56.292+02:00 TRACE 4684 --- [clothlogix] [           main] o.s.b.f.s.DefaultListableBeanFactory     : Returning cached instance of singleton bean 'org.springframework.transaction.config.internalTransactionAdvisor'
2024-05-17T15:11:56.292+02:00 TRACE 4684 --- [clothlogix] [           main] o.s.b.f.s.DefaultListableBeanFactory     : Returning cached instance of singleton bean 'org.springframework.transaction.config.internalTransactionAdvisor'
2024-05-17T15:11:56.297+02:00 TRACE 4684 --- [clothlogix] [           main] o.s.b.f.s.DefaultListableBeanFactory     : Finished creating instance of bean 'resourceMappings'
2024-05-17T15:11:56.297+02:00 TRACE 4684 --- [clothlogix] [           main] o.s.b.f.s.DefaultListableBeanFactory     : Returning cached instance of singleton bean 'repositoryRestConfiguration'
2024-05-17T15:11:56.297+02:00 DEBUG 4684 --- [clothlogix] [           main] o.s.b.f.s.DefaultListableBeanFactory     : Autowiring by type from bean name 'associationLinks' via factory method to bean named 'resourceMappings'
2024-05-17T15:11:56.297+02:00 DEBUG 4684 --- [clothlogix] [           main] o.s.b.f.s.DefaultListableBeanFactory     : Autowiring by type from bean name 'associationLinks' via factory method to bean named 'repositoryRestConfiguration'
2024-05-17T15:11:56.297+02:00 TRACE 4684 --- [clothlogix] [           main] o.s.b.f.s.DefaultListableBeanFactory     : Returning cached instance of singleton bean 'org.springframework.transaction.config.internalTransactionAdvisor'
2024-05-17T15:11:56.297+02:00 TRACE 4684 --- [clothlogix] [           main] o.s.b.f.s.DefaultListableBeanFactory     : Returning cached instance of singleton bean 'org.springframework.transaction.config.internalTransactionAdvisor'
2024-05-17T15:11:56.297+02:00 TRACE 4684 --- [clothlogix] [           main] o.s.b.f.s.DefaultListableBeanFactory     : Finished creating instance of bean 'associationLinks'
2024-05-17T15:11:56.297+02:00 DEBUG 4684 --- [clothlogix] [           main] o.s.b.f.s.DefaultListableBeanFactory     : Creating shared instance of singleton bean 'repositoryInvokerFactory'
2024-05-17T15:11:56.302+02:00 TRACE 4684 --- [clothlogix] [           main] o.s.b.f.s.DefaultListableBeanFactory     : Creating instance of bean 'repositoryInvokerFactory'
2024-05-17T15:11:56.302+02:00 TRACE 4684 --- [clothlogix] [           main] o.s.b.f.s.DefaultListableBeanFactory     : Returning cached instance of singleton bean 'org.springframework.transaction.config.internalTransactionAdvisor'
2024-05-17T15:11:56.302+02:00 TRACE 4684 --- [clothlogix] [           main] o.s.b.f.s.DefaultListableBeanFactory     : Returning cached instance of singleton bean 'org.springframework.data.rest.webmvc.config.RepositoryRestMvcConfiguration'
2024-05-17T15:11:56.302+02:00 TRACE 4684 --- [clothlogix] [           main] o.s.b.f.s.DefaultListableBeanFactory     : Returning cached instance of singleton bean 'repositoryRestConfiguration'
2024-05-17T15:11:56.302+02:00 TRACE 4684 --- [clothlogix] [           main] o.s.b.f.s.DefaultListableBeanFactory     : Returning cached instance of singleton bean 'org.springframework.transaction.config.internalTransactionAdvisor'
2024-05-17T15:11:56.302+02:00 TRACE 4684 --- [clothlogix] [           main] o.s.b.f.s.DefaultListableBeanFactory     : Returning cached instance of singleton bean 'org.springframework.transaction.config.internalTransactionAdvisor'
2024-05-17T15:11:56.302+02:00 TRACE 4684 --- [clothlogix] [           main] o.s.b.f.s.DefaultListableBeanFactory     : Finished creating instance of bean 'repositoryInvokerFactory'
2024-05-17T15:11:56.302+02:00 TRACE 4684 --- [clothlogix] [           main] o.s.b.f.s.DefaultListableBeanFactory     : Returning cached instance of singleton bean 'repositoryRestConfiguration'
2024-05-17T15:11:56.302+02:00 DEBUG 4684 --- [clothlogix] [           main] o.s.b.f.s.DefaultListableBeanFactory     : Autowiring by type from bean name 'jsonSchemaConverter' via factory method to bean named 'persistentEntities'
2024-05-17T15:11:56.302+02:00 DEBUG 4684 --- [clothlogix] [           main] o.s.b.f.s.DefaultListableBeanFactory     : Autowiring by type from bean name 'jsonSchemaConverter' via factory method to bean named 'associationLinks'
2024-05-17T15:11:56.302+02:00 DEBUG 4684 --- [clothlogix] [           main] o.s.b.f.s.DefaultListableBeanFactory     : Autowiring by type from bean name 'jsonSchemaConverter' via factory method to bean named 'repositoryInvokerFactory'
2024-05-17T15:11:56.302+02:00 DEBUG 4684 --- [clothlogix] [           main] o.s.b.f.s.DefaultListableBeanFactory     : Autowiring by type from bean name 'jsonSchemaConverter' via factory method to bean named 'repositoryRestConfiguration'
2024-05-17T15:11:56.312+02:00 TRACE 4684 --- [clothlogix] [           main] o.s.b.f.s.DefaultListableBeanFactory     : Returning cached instance of singleton bean 'messageResolver'
2024-05-17T15:11:56.312+02:00 TRACE 4684 --- [clothlogix] [           main] o.s.b.f.s.DefaultListableBeanFactory     : Returning cached instance of singleton bean 'jacksonObjectMapper'
2024-05-17T15:11:56.312+02:00 TRACE 4684 --- [clothlogix] [           main] o.s.b.f.s.DefaultListableBeanFactory     : Returning cached instance of singleton bean 'jacksonGeoModule'
2024-05-17T15:11:56.322+02:00 TRACE 4684 --- [clothlogix] [           main] o.s.b.f.s.DefaultListableBeanFactory     : Returning cached instance of singleton bean 'persistentEntities'
2024-05-17T15:11:56.322+02:00 TRACE 4684 --- [clothlogix] [           main] o.s.b.f.s.DefaultListableBeanFactory     : Returning cached instance of singleton bean 'resourceMappings'
2024-05-17T15:11:56.328+02:00 DEBUG 4684 --- [clothlogix] [           main] o.s.b.f.s.DefaultListableBeanFactory     : Creating shared instance of singleton bean 'linkCollector'
2024-05-17T15:11:56.328+02:00 TRACE 4684 --- [clothlogix] [           main] o.s.b.f.s.DefaultListableBeanFactory     : Creating instance of bean 'linkCollector'
2024-05-17T15:11:56.328+02:00 TRACE 4684 --- [clothlogix] [           main] o.s.b.f.s.DefaultListableBeanFactory     : Returning cached instance of singleton bean 'org.springframework.transaction.config.internalTransactionAdvisor'
2024-05-17T15:11:56.329+02:00 TRACE 4684 --- [clothlogix] [           main] o.s.b.f.s.DefaultListableBeanFactory     : Returning cached instance of singleton bean 'org.springframework.data.rest.webmvc.config.RepositoryRestMvcConfiguration'
2024-05-17T15:11:56.329+02:00 TRACE 4684 --- [clothlogix] [           main] o.s.b.f.s.DefaultListableBeanFactory     : Returning cached instance of singleton bean 'persistentEntities'
2024-05-17T15:11:56.329+02:00 DEBUG 4684 --- [clothlogix] [           main] o.s.b.f.s.DefaultListableBeanFactory     : Creating shared instance of singleton bean 'selfLinkProvider'
2024-05-17T15:11:56.329+02:00 TRACE 4684 --- [clothlogix] [           main] o.s.b.f.s.DefaultListableBeanFactory     : Creating instance of bean 'selfLinkProvider'
2024-05-17T15:11:56.329+02:00 TRACE 4684 --- [clothlogix] [           main] o.s.b.f.s.DefaultListableBeanFactory     : Returning cached instance of singleton bean 'org.springframework.transaction.config.internalTransactionAdvisor'
2024-05-17T15:11:56.329+02:00 TRACE 4684 --- [clothlogix] [           main] o.s.b.f.s.DefaultListableBeanFactory     : Returning cached instance of singleton bean 'org.springframework.data.rest.webmvc.config.RepositoryRestMvcConfiguration'
2024-05-17T15:11:56.329+02:00 TRACE 4684 --- [clothlogix] [           main] o.s.b.f.s.DefaultListableBeanFactory     : Returning cached instance of singleton bean 'persistentEntities'
2024-05-17T15:11:56.329+02:00 DEBUG 4684 --- [clothlogix] [           main] o.s.b.f.s.DefaultListableBeanFactory     : Creating shared instance of singleton bean 'entityLinks'
2024-05-17T15:11:56.329+02:00 TRACE 4684 --- [clothlogix] [           main] o.s.b.f.s.DefaultListableBeanFactory     : Creating instance of bean 'entityLinks'
2024-05-17T15:11:56.329+02:00 TRACE 4684 --- [clothlogix] [           main] o.s.b.f.s.DefaultListableBeanFactory     : Returning cached instance of singleton bean 'org.springframework.transaction.config.internalTransactionAdvisor'
2024-05-17T15:11:56.329+02:00 TRACE 4684 --- [clothlogix] [           main] o.s.b.f.s.DefaultListableBeanFactory     : Returning cached instance of singleton bean 'org.springframework.data.rest.webmvc.config.RepositoryRestMvcConfiguration'
2024-05-17T15:11:56.329+02:00 TRACE 4684 --- [clothlogix] [           main] o.s.b.f.s.DefaultListableBeanFactory     : Returning cached instance of singleton bean 'repositories'
2024-05-17T15:11:56.329+02:00 TRACE 4684 --- [clothlogix] [           main] o.s.b.f.s.DefaultListableBeanFactory     : Returning cached instance of singleton bean 'resourceMappings'
2024-05-17T15:11:56.332+02:00 DEBUG 4684 --- [clothlogix] [           main] o.s.b.f.s.DefaultListableBeanFactory     : Creating shared instance of singleton bean 'backendIdConverterRegistry'
2024-05-17T15:11:56.332+02:00 TRACE 4684 --- [clothlogix] [           main] o.s.b.f.s.DefaultListableBeanFactory     : Creating instance of bean 'backendIdConverterRegistry'
2024-05-17T15:11:56.332+02:00 TRACE 4684 --- [clothlogix] [           main] o.s.b.f.s.DefaultListableBeanFactory     : Returning cached instance of singleton bean 'org.springframework.transaction.config.internalTransactionAdvisor'
2024-05-17T15:11:56.332+02:00 TRACE 4684 --- [clothlogix] [           main] o.s.b.f.s.DefaultListableBeanFactory     : Returning cached instance of singleton bean 'org.springframework.data.rest.webmvc.config.RepositoryRestMvcConfiguration'
2024-05-17T15:11:56.332+02:00 TRACE 4684 --- [clothlogix] [           main] o.s.b.f.s.DefaultListableBeanFactory     : Returning cached instance of singleton bean 'org.springframework.transaction.config.internalTransactionAdvisor'
2024-05-17T15:11:56.332+02:00 TRACE 4684 --- [clothlogix] [           main] o.s.b.f.s.DefaultListableBeanFactory     : Returning cached instance of singleton bean 'org.springframework.transaction.config.internalTransactionAdvisor'
2024-05-17T15:11:56.337+02:00 TRACE 4684 --- [clothlogix] [           main] o.s.b.f.s.DefaultListableBeanFactory     : Finished creating instance of bean 'backendIdConverterRegistry'
2024-05-17T15:11:56.337+02:00 TRACE 4684 --- [clothlogix] [           main] o.s.b.f.s.DefaultListableBeanFactory     : Returning cached instance of singleton bean 'repositoryRestConfiguration'
2024-05-17T15:11:56.337+02:00 DEBUG 4684 --- [clothlogix] [           main] o.s.b.f.s.DefaultListableBeanFactory     : Autowiring by type from bean name 'entityLinks' via factory method to bean named 'repositories'
2024-05-17T15:11:56.337+02:00 DEBUG 4684 --- [clothlogix] [           main] o.s.b.f.s.DefaultListableBeanFactory     : Autowiring by type from bean name 'entityLinks' via factory method to bean named 'resourceMappings'
2024-05-17T15:11:56.337+02:00 DEBUG 4684 --- [clothlogix] [           main] o.s.b.f.s.DefaultListableBeanFactory     : Autowiring by type from bean name 'entityLinks' via factory method to bean named 'backendIdConverterRegistry'
2024-05-17T15:11:56.337+02:00 DEBUG 4684 --- [clothlogix] [           main] o.s.b.f.s.DefaultListableBeanFactory     : Autowiring by type from bean name 'entityLinks' via factory method to bean named 'repositoryRestConfiguration'
2024-05-17T15:11:56.344+02:00 TRACE 4684 --- [clothlogix] [           main] o.s.b.f.s.DefaultListableBeanFactory     : Returning cached instance of singleton bean 'org.springframework.transaction.config.internalTransactionAdvisor'
2024-05-17T15:11:56.344+02:00 TRACE 4684 --- [clothlogix] [           main] o.s.b.f.s.DefaultListableBeanFactory     : Returning cached instance of singleton bean 'org.springframework.transaction.config.internalTransactionAdvisor'
2024-05-17T15:11:56.344+02:00 TRACE 4684 --- [clothlogix] [           main] o.s.b.f.s.DefaultListableBeanFactory     : Finished creating instance of bean 'entityLinks'
2024-05-17T15:11:56.344+02:00 DEBUG 4684 --- [clothlogix] [           main] o.s.b.f.s.DefaultListableBeanFactory     : Autowiring by type from bean name 'selfLinkProvider' via factory method to bean named 'persistentEntities'
2024-05-17T15:11:56.344+02:00 DEBUG 4684 --- [clothlogix] [           main] o.s.b.f.s.DefaultListableBeanFactory     : Autowiring by type from bean name 'selfLinkProvider' via factory method to bean named 'entityLinks'
2024-05-17T15:11:56.352+02:00 DEBUG 4684 --- [clothlogix] [           main] o.s.b.f.s.DefaultListableBeanFactory     : Creating shared instance of singleton bean 'mvcConversionService'
2024-05-17T15:11:56.352+02:00 TRACE 4684 --- [clothlogix] [           main] o.s.b.f.s.DefaultListableBeanFactory     : Ignoring factory method [protected org.springframework.data.rest.webmvc.mapping.LinkCollector org.springframework.data.rest.webmvc.config.RepositoryRestMvcConfiguration.linkCollector(org.springframework.data.mapping.context.PersistentEntities,org.springframework.data.rest.core.support.SelfLinkProvider,org.springframework.data.rest.webmvc.mapping.Associations)] of bean 'linkCollector': org.springframework.beans.factory.UnsatisfiedDependencyException: Error creating bean with name 'linkCollector' defined in class path resource [org/springframework/data/rest/webmvc/config/RepositoryRestMvcConfiguration.class]: Unsatisfied dependency expressed through method 'linkCollector' parameter 1: Error creating bean with name 'selfLinkProvider' defined in class path resource [org/springframework/data/rest/webmvc/config/RepositoryRestMvcConfiguration.class]: Failed to instantiate [org.springframework.data.rest.core.support.SelfLinkProvider]: Factory method 'selfLinkProvider' threw exception with message: Error creating bean with name 'mvcConversionService': Requested bean is currently in creation: Is there an unresolvable circular reference?
2024-05-17T15:11:56.352+02:00 TRACE 4684 --- [clothlogix] [           main] o.s.b.f.s.DefaultListableBeanFactory     : Ignoring match to currently created bean 'mvcConversionService': Error creating bean with name 'jsonSchemaConverter' defined in class path resource [org/springframework/data/rest/webmvc/config/RepositoryRestMvcConfiguration.class]: Failed to instantiate [org.springframework.data.rest.webmvc.json.PersistentEntityToJsonSchemaConverter]: Factory method 'jsonSchemaConverter' threw exception with message: Error creating bean with name 'linkCollector' defined in class path resource [org/springframework/data/rest/webmvc/config/RepositoryRestMvcConfiguration.class]: Unsatisfied dependency expressed through method 'linkCollector' parameter 1: Error creating bean with name 'selfLinkProvider' defined in class path resource [org/springframework/data/rest/webmvc/config/RepositoryRestMvcConfiguration.class]: Failed to instantiate [org.springframework.data.rest.core.support.SelfLinkProvider]: Factory method 'selfLinkProvider' threw exception with message: Error creating bean with name 'mvcConversionService': Requested bean is currently in creation: Is there an unresolvable circular reference?
2024-05-17T15:11:56.360+02:00 TRACE 4684 --- [clothlogix] [           main] o.s.b.f.s.DefaultListableBeanFactory     : Returning cached instance of singleton bean 'org.springframework.transaction.config.internalTransactionAdvisor'
2024-05-17T15:11:56.360+02:00 TRACE 4684 --- [clothlogix] [           main] o.s.b.f.s.DefaultListableBeanFactory     : Returning cached instance of singleton bean 'org.springframework.transaction.config.internalTransactionAdvisor'
2024-05-17T15:11:56.362+02:00 TRACE 4684 --- [clothlogix] [           main] o.s.b.f.s.DefaultListableBeanFactory     : Finished creating instance of bean 'mvcConversionService'
2024-05-17T15:11:56.362+02:00 DEBUG 4684 --- [clothlogix] [           main] o.s.b.f.s.DefaultListableBeanFactory     : Creating shared instance of singleton bean 'mvcResourceUrlProvider'
2024-05-17T15:11:56.362+02:00 TRACE 4684 --- [clothlogix] [           main] o.s.b.f.s.DefaultListableBeanFactory     : Creating instance of bean 'mvcResourceUrlProvider'
2024-05-17T15:11:56.362+02:00 TRACE 4684 --- [clothlogix] [           main] o.s.b.f.s.DefaultListableBeanFactory     : Returning cached instance of singleton bean 'org.springframework.transaction.config.internalTransactionAdvisor'
2024-05-17T15:11:56.362+02:00 TRACE 4684 --- [clothlogix] [           main] o.s.b.f.s.DefaultListableBeanFactory     : Returning cached instance of singleton bean 'org.springframework.boot.autoconfigure.web.servlet.WebMvcAutoConfiguration$EnableWebMvcConfiguration'
2024-05-17T15:11:56.362+02:00 TRACE 4684 --- [clothlogix] [           main] o.s.b.f.s.DefaultListableBeanFactory     : Returning cached instance of singleton bean 'org.springframework.transaction.config.internalTransactionAdvisor'
2024-05-17T15:11:56.362+02:00 TRACE 4684 --- [clothlogix] [           main] o.s.b.f.s.DefaultListableBeanFactory     : Returning cached instance of singleton bean 'org.springframework.transaction.config.internalTransactionAdvisor'
2024-05-17T15:11:56.362+02:00 TRACE 4684 --- [clothlogix] [           main] o.s.b.f.s.DefaultListableBeanFactory     : Finished creating instance of bean 'mvcResourceUrlProvider'
2024-05-17T15:11:56.362+02:00 DEBUG 4684 --- [clothlogix] [           main] o.s.b.f.s.DefaultListableBeanFactory     : Autowiring by type from bean name 'welcomePageHandlerMapping' via factory method to bean named 'org.springframework.web.context.support.GenericWebApplicationContext@3f2049b6'
2024-05-17T15:11:56.362+02:00 DEBUG 4684 --- [clothlogix] [           main] o.s.b.f.s.DefaultListableBeanFactory     : Autowiring by type from bean name 'welcomePageHandlerMapping' via factory method to bean named 'mvcConversionService'
2024-05-17T15:11:56.362+02:00 DEBUG 4684 --- [clothlogix] [           main] o.s.b.f.s.DefaultListableBeanFactory     : Autowiring by type from bean name 'welcomePageHandlerMapping' via factory method to bean named 'mvcResourceUrlProvider'
2024-05-17T15:11:56.367+02:00 TRACE 4684 --- [clothlogix] [           main] o.s.c.io.support.SpringFactoriesLoader   : Loaded [org.springframework.boot.autoconfigure.template.TemplateAvailabilityProvider] names: [org.springframework.boot.autoconfigure.freemarker.FreeMarkerTemplateAvailabilityProvider, org.springframework.boot.autoconfigure.mustache.MustacheTemplateAvailabilityProvider, org.springframework.boot.autoconfigure.groovy.template.GroovyTemplateAvailabilityProvider, org.springframework.boot.autoconfigure.thymeleaf.ThymeleafTemplateAvailabilityProvider, org.springframework.boot.autoconfigure.web.servlet.JspTemplateAvailabilityProvider]
2024-05-17T15:11:56.382+02:00 TRACE 4684 --- [clothlogix] [           main] o.s.b.f.s.DefaultListableBeanFactory     : Returning cached instance of singleton bean 'org.springframework.transaction.config.internalTransactionAdvisor'
2024-05-17T15:11:56.382+02:00 TRACE 4684 --- [clothlogix] [           main] o.s.b.f.s.DefaultListableBeanFactory     : Returning cached instance of singleton bean 'org.springframework.transaction.config.internalTransactionAdvisor'
2024-05-17T15:11:56.382+02:00 TRACE 4684 --- [clothlogix] [           main] o.s.b.f.s.DefaultListableBeanFactory     : Finished creating instance of bean 'welcomePageHandlerMapping'
2024-05-17T15:11:56.382+02:00 DEBUG 4684 --- [clothlogix] [           main] o.s.b.f.s.DefaultListableBeanFactory     : Creating shared instance of singleton bean 'welcomePageNotAcceptableHandlerMapping'
2024-05-17T15:11:56.382+02:00 TRACE 4684 --- [clothlogix] [           main] o.s.b.f.s.DefaultListableBeanFactory     : Creating instance of bean 'welcomePageNotAcceptableHandlerMapping'
2024-05-17T15:11:56.382+02:00 TRACE 4684 --- [clothlogix] [           main] o.s.b.f.s.DefaultListableBeanFactory     : Returning cached instance of singleton bean 'org.springframework.transaction.config.internalTransactionAdvisor'
2024-05-17T15:11:56.382+02:00 TRACE 4684 --- [clothlogix] [           main] o.s.b.f.s.DefaultListableBeanFactory     : Returning cached instance of singleton bean 'org.springframework.boot.autoconfigure.web.servlet.WebMvcAutoConfiguration$EnableWebMvcConfiguration'
2024-05-17T15:11:56.382+02:00 TRACE 4684 --- [clothlogix] [           main] o.s.b.f.s.DefaultListableBeanFactory     : Returning cached instance of singleton bean 'mvcConversionService'
2024-05-17T15:11:56.392+02:00 TRACE 4684 --- [clothlogix] [           main] o.s.b.f.s.DefaultListableBeanFactory     : Returning cached instance of singleton bean 'mvcResourceUrlProvider'
2024-05-17T15:11:56.392+02:00 DEBUG 4684 --- [clothlogix] [           main] o.s.b.f.s.DefaultListableBeanFactory     : Autowiring by type from bean name 'welcomePageNotAcceptableHandlerMapping' via factory method to bean named 'org.springframework.web.context.support.GenericWebApplicationContext@3f2049b6'
2024-05-17T15:11:56.392+02:00 DEBUG 4684 --- [clothlogix] [           main] o.s.b.f.s.DefaultListableBeanFactory     : Autowiring by type from bean name 'welcomePageNotAcceptableHandlerMapping' via factory method to bean named 'mvcConversionService'
2024-05-17T15:11:56.392+02:00 DEBUG 4684 --- [clothlogix] [           main] o.s.b.f.s.DefaultListableBeanFactory     : Autowiring by type from bean name 'welcomePageNotAcceptableHandlerMapping' via factory method to bean named 'mvcResourceUrlProvider'
2024-05-17T15:11:56.392+02:00 TRACE 4684 --- [clothlogix] [           main] o.s.c.io.support.SpringFactoriesLoader   : Loaded [org.springframework.boot.autoconfigure.template.TemplateAvailabilityProvider] names: [org.springframework.boot.autoconfigure.freemarker.FreeMarkerTemplateAvailabilityProvider, org.springframework.boot.autoconfigure.mustache.MustacheTemplateAvailabilityProvider, org.springframework.boot.autoconfigure.groovy.template.GroovyTemplateAvailabilityProvider, org.springframework.boot.autoconfigure.thymeleaf.ThymeleafTemplateAvailabilityProvider, org.springframework.boot.autoconfigure.web.servlet.JspTemplateAvailabilityProvider]
2024-05-17T15:11:56.392+02:00 TRACE 4684 --- [clothlogix] [           main] o.s.b.f.s.DefaultListableBeanFactory     : Returning cached instance of singleton bean 'org.springframework.transaction.config.internalTransactionAdvisor'
2024-05-17T15:11:56.392+02:00 TRACE 4684 --- [clothlogix] [           main] o.s.b.f.s.DefaultListableBeanFactory     : Returning cached instance of singleton bean 'org.springframework.transaction.config.internalTransactionAdvisor'
2024-05-17T15:11:56.392+02:00 TRACE 4684 --- [clothlogix] [           main] o.s.b.f.s.DefaultListableBeanFactory     : Finished creating instance of bean 'welcomePageNotAcceptableHandlerMapping'
2024-05-17T15:11:56.392+02:00 DEBUG 4684 --- [clothlogix] [           main] o.s.b.f.s.DefaultListableBeanFactory     : Creating shared instance of singleton bean 'localeResolver'
2024-05-17T15:11:56.392+02:00 TRACE 4684 --- [clothlogix] [           main] o.s.b.f.s.DefaultListableBeanFactory     : Creating instance of bean 'localeResolver'
2024-05-17T15:11:56.392+02:00 TRACE 4684 --- [clothlogix] [           main] o.s.b.f.s.DefaultListableBeanFactory     : Returning cached instance of singleton bean 'org.springframework.transaction.config.internalTransactionAdvisor'
2024-05-17T15:11:56.392+02:00 TRACE 4684 --- [clothlogix] [           main] o.s.b.f.s.DefaultListableBeanFactory     : Returning cached instance of singleton bean 'org.springframework.boot.autoconfigure.web.servlet.WebMvcAutoConfiguration$EnableWebMvcConfiguration'
2024-05-17T15:11:56.392+02:00 TRACE 4684 --- [clothlogix] [           main] o.s.b.f.s.DefaultListableBeanFactory     : Returning cached instance of singleton bean 'org.springframework.transaction.config.internalTransactionAdvisor'
2024-05-17T15:11:56.392+02:00 TRACE 4684 --- [clothlogix] [           main] o.s.b.f.s.DefaultListableBeanFactory     : Returning cached instance of singleton bean 'org.springframework.transaction.config.internalTransactionAdvisor'
2024-05-17T15:11:56.392+02:00 TRACE 4684 --- [clothlogix] [           main] o.s.b.f.s.DefaultListableBeanFactory     : Finished creating instance of bean 'localeResolver'
2024-05-17T15:11:56.392+02:00 DEBUG 4684 --- [clothlogix] [           main] o.s.b.f.s.DefaultListableBeanFactory     : Creating shared instance of singleton bean 'themeResolver'
2024-05-17T15:11:56.392+02:00 TRACE 4684 --- [clothlogix] [           main] o.s.b.f.s.DefaultListableBeanFactory     : Creating instance of bean 'themeResolver'
2024-05-17T15:11:56.392+02:00 TRACE 4684 --- [clothlogix] [           main] o.s.b.f.s.DefaultListableBeanFactory     : Returning cached instance of singleton bean 'org.springframework.transaction.config.internalTransactionAdvisor'
2024-05-17T15:11:56.392+02:00 TRACE 4684 --- [clothlogix] [           main] o.s.b.f.s.DefaultListableBeanFactory     : Returning cached instance of singleton bean 'org.springframework.boot.autoconfigure.web.servlet.WebMvcAutoConfiguration$EnableWebMvcConfiguration'
2024-05-17T15:11:56.392+02:00 TRACE 4684 --- [clothlogix] [           main] o.s.b.f.s.DefaultListableBeanFactory     : Returning cached instance of singleton bean 'org.springframework.transaction.config.internalTransactionAdvisor'
2024-05-17T15:11:56.392+02:00 TRACE 4684 --- [clothlogix] [           main] o.s.b.f.s.DefaultListableBeanFactory     : Returning cached instance of singleton bean 'org.springframework.transaction.config.internalTransactionAdvisor'
2024-05-17T15:11:56.392+02:00 TRACE 4684 --- [clothlogix] [           main] o.s.b.f.s.DefaultListableBeanFactory     : Finished creating instance of bean 'themeResolver'
2024-05-17T15:11:56.392+02:00 DEBUG 4684 --- [clothlogix] [           main] o.s.b.f.s.DefaultListableBeanFactory     : Creating shared instance of singleton bean 'flashMapManager'
2024-05-17T15:11:56.392+02:00 TRACE 4684 --- [clothlogix] [           main] o.s.b.f.s.DefaultListableBeanFactory     : Creating instance of bean 'flashMapManager'
2024-05-17T15:11:56.392+02:00 TRACE 4684 --- [clothlogix] [           main] o.s.b.f.s.DefaultListableBeanFactory     : Returning cached instance of singleton bean 'org.springframework.transaction.config.internalTransactionAdvisor'
2024-05-17T15:11:56.392+02:00 TRACE 4684 --- [clothlogix] [           main] o.s.b.f.s.DefaultListableBeanFactory     : Returning cached instance of singleton bean 'org.springframework.boot.autoconfigure.web.servlet.WebMvcAutoConfiguration$EnableWebMvcConfiguration'
2024-05-17T15:11:56.402+02:00 TRACE 4684 --- [clothlogix] [           main] o.s.b.f.s.DefaultListableBeanFactory     : Returning cached instance of singleton bean 'org.springframework.transaction.config.internalTransactionAdvisor'
2024-05-17T15:11:56.402+02:00 TRACE 4684 --- [clothlogix] [           main] o.s.b.f.s.DefaultListableBeanFactory     : Returning cached instance of singleton bean 'org.springframework.transaction.config.internalTransactionAdvisor'
2024-05-17T15:11:56.402+02:00 TRACE 4684 --- [clothlogix] [           main] o.s.b.f.s.DefaultListableBeanFactory     : Finished creating instance of bean 'flashMapManager'
2024-05-17T15:11:56.402+02:00 TRACE 4684 --- [clothlogix] [           main] o.s.b.f.s.DefaultListableBeanFactory     : Returning cached instance of singleton bean 'mvcConversionService'
2024-05-17T15:11:56.402+02:00 DEBUG 4684 --- [clothlogix] [           main] o.s.b.f.s.DefaultListableBeanFactory     : Creating shared instance of singleton bean 'mvcValidator'
2024-05-17T15:11:56.402+02:00 TRACE 4684 --- [clothlogix] [           main] o.s.b.f.s.DefaultListableBeanFactory     : Creating instance of bean 'mvcValidator'
2024-05-17T15:11:56.402+02:00 TRACE 4684 --- [clothlogix] [           main] o.s.b.f.s.DefaultListableBeanFactory     : Returning cached instance of singleton bean 'org.springframework.transaction.config.internalTransactionAdvisor'
2024-05-17T15:11:56.402+02:00 TRACE 4684 --- [clothlogix] [           main] o.s.b.f.s.DefaultListableBeanFactory     : Returning cached instance of singleton bean 'org.springframework.boot.autoconfigure.web.servlet.WebMvcAutoConfiguration$EnableWebMvcConfiguration'
2024-05-17T15:11:56.402+02:00 TRACE 4684 --- [clothlogix] [           main] o.s.b.f.s.DefaultListableBeanFactory     : Returning cached instance of singleton bean 'defaultValidator'
2024-05-17T15:11:56.402+02:00 TRACE 4684 --- [clothlogix] [           main] o.s.b.f.s.DefaultListableBeanFactory     : Invoking afterPropertiesSet() on bean with name 'mvcValidator'
2024-05-17T15:11:56.408+02:00 TRACE 4684 --- [clothlogix] [           main] o.s.b.f.s.DefaultListableBeanFactory     : Returning cached instance of singleton bean 'org.springframework.transaction.config.internalTransactionAdvisor'
2024-05-17T15:11:56.408+02:00 TRACE 4684 --- [clothlogix] [           main] o.s.b.f.s.DefaultListableBeanFactory     : Returning cached instance of singleton bean 'org.springframework.transaction.config.internalTransactionAdvisor'
2024-05-17T15:11:56.408+02:00 TRACE 4684 --- [clothlogix] [           main] o.s.b.f.s.DefaultListableBeanFactory     : Finished creating instance of bean 'mvcValidator'
2024-05-17T15:11:56.408+02:00 DEBUG 4684 --- [clothlogix] [           main] o.s.b.f.s.DefaultListableBeanFactory     : Creating shared instance of singleton bean 'mvcContentNegotiationManager'
2024-05-17T15:11:56.408+02:00 TRACE 4684 --- [clothlogix] [           main] o.s.b.f.s.DefaultListableBeanFactory     : Creating instance of bean 'mvcContentNegotiationManager'
2024-05-17T15:11:56.408+02:00 TRACE 4684 --- [clothlogix] [           main] o.s.b.f.s.DefaultListableBeanFactory     : Returning cached instance of singleton bean 'org.springframework.transaction.config.internalTransactionAdvisor'
2024-05-17T15:11:56.408+02:00 TRACE 4684 --- [clothlogix] [           main] o.s.b.f.s.DefaultListableBeanFactory     : Returning cached instance of singleton bean 'org.springframework.boot.autoconfigure.web.servlet.WebMvcAutoConfiguration$EnableWebMvcConfiguration'
2024-05-17T15:11:56.412+02:00 TRACE 4684 --- [clothlogix] [           main] o.s.b.f.s.DefaultListableBeanFactory     : Returning cached instance of singleton bean 'org.springframework.transaction.config.internalTransactionAdvisor'
2024-05-17T15:11:56.412+02:00 TRACE 4684 --- [clothlogix] [           main] o.s.b.f.s.DefaultListableBeanFactory     : Returning cached instance of singleton bean 'org.springframework.transaction.config.internalTransactionAdvisor'
2024-05-17T15:11:56.412+02:00 TRACE 4684 --- [clothlogix] [           main] o.s.b.f.s.DefaultListableBeanFactory     : Finished creating instance of bean 'mvcContentNegotiationManager'
2024-05-17T15:11:56.412+02:00 DEBUG 4684 --- [clothlogix] [           main] o.s.b.f.s.DefaultListableBeanFactory     : Creating shared instance of singleton bean 'requestMappingHandlerMapping'
2024-05-17T15:11:56.412+02:00 TRACE 4684 --- [clothlogix] [           main] o.s.b.f.s.DefaultListableBeanFactory     : Creating instance of bean 'requestMappingHandlerMapping'
2024-05-17T15:11:56.412+02:00 TRACE 4684 --- [clothlogix] [           main] o.s.b.f.s.DefaultListableBeanFactory     : Returning cached instance of singleton bean 'org.springframework.transaction.config.internalTransactionAdvisor'
2024-05-17T15:11:56.412+02:00 TRACE 4684 --- [clothlogix] [           main] o.s.b.f.s.DefaultListableBeanFactory     : Returning cached instance of singleton bean 'org.springframework.boot.autoconfigure.web.servlet.WebMvcAutoConfiguration$EnableWebMvcConfiguration'
2024-05-17T15:11:56.412+02:00 TRACE 4684 --- [clothlogix] [           main] o.s.b.f.s.DefaultListableBeanFactory     : Returning cached instance of singleton bean 'mvcContentNegotiationManager'
2024-05-17T15:11:56.412+02:00 TRACE 4684 --- [clothlogix] [           main] o.s.b.f.s.DefaultListableBeanFactory     : Returning cached instance of singleton bean 'mvcConversionService'
2024-05-17T15:11:56.412+02:00 TRACE 4684 --- [clothlogix] [           main] o.s.b.f.s.DefaultListableBeanFactory     : Returning cached instance of singleton bean 'mvcResourceUrlProvider'
2024-05-17T15:11:56.412+02:00 DEBUG 4684 --- [clothlogix] [           main] o.s.b.f.s.DefaultListableBeanFactory     : Autowiring by type from bean name 'requestMappingHandlerMapping' via factory method to bean named 'mvcContentNegotiationManager'
2024-05-17T15:11:56.412+02:00 DEBUG 4684 --- [clothlogix] [           main] o.s.b.f.s.DefaultListableBeanFactory     : Autowiring by type from bean name 'requestMappingHandlerMapping' via factory method to bean named 'mvcConversionService'
2024-05-17T15:11:56.412+02:00 DEBUG 4684 --- [clothlogix] [           main] o.s.b.f.s.DefaultListableBeanFactory     : Autowiring by type from bean name 'requestMappingHandlerMapping' via factory method to bean named 'mvcResourceUrlProvider'
2024-05-17T15:11:56.442+02:00 TRACE 4684 --- [clothlogix] [           main] o.s.b.f.s.DefaultListableBeanFactory     : Invoking afterPropertiesSet() on bean with name 'requestMappingHandlerMapping'
2024-05-17T15:11:56.462+02:00 TRACE 4684 --- [clothlogix] [           main] s.w.s.m.m.a.RequestMappingHandlerMapping : 
	c.f.c.c.ColoreController:
	{POST [/colore/create]}: createColore(ColoreDTO)
2024-05-17T15:11:56.477+02:00 TRACE 4684 --- [clothlogix] [           main] o.s.c.e.PropertySourcesPropertyResolver  : Searching for key 'error.path:/error' in PropertySource 'environmentProperties'
2024-05-17T15:11:56.477+02:00 TRACE 4684 --- [clothlogix] [           main] ySourcesPropertyResolver$DefaultResolver : Searching for key 'error.path:/error' in PropertySource 'configurationProperties'
2024-05-17T15:11:56.477+02:00 TRACE 4684 --- [clothlogix] [           main] ySourcesPropertyResolver$DefaultResolver : Searching for key 'error.path:/error' in PropertySource 'test'
2024-05-17T15:11:56.477+02:00 TRACE 4684 --- [clothlogix] [           main] ySourcesPropertyResolver$DefaultResolver : Searching for key 'error.path:/error' in PropertySource 'Inlined Test Properties'
2024-05-17T15:11:56.477+02:00 TRACE 4684 --- [clothlogix] [           main] ySourcesPropertyResolver$DefaultResolver : Searching for key 'error.path:/error' in PropertySource 'servletConfigInitParams'
2024-05-17T15:11:56.477+02:00 TRACE 4684 --- [clothlogix] [           main] ySourcesPropertyResolver$DefaultResolver : Searching for key 'error.path:/error' in PropertySource 'servletContextInitParams'
2024-05-17T15:11:56.477+02:00 TRACE 4684 --- [clothlogix] [           main] ySourcesPropertyResolver$DefaultResolver : Searching for key 'error.path:/error' in PropertySource 'systemProperties'
2024-05-17T15:11:56.477+02:00 TRACE 4684 --- [clothlogix] [           main] ySourcesPropertyResolver$DefaultResolver : Searching for key 'error.path:/error' in PropertySource 'systemEnvironment'
2024-05-17T15:11:56.477+02:00 TRACE 4684 --- [clothlogix] [           main] ySourcesPropertyResolver$DefaultResolver : Searching for key 'error.path:/error' in PropertySource 'random'
2024-05-17T15:11:56.477+02:00 TRACE 4684 --- [clothlogix] [           main] ySourcesPropertyResolver$DefaultResolver : Searching for key 'error.path:/error' in PropertySource 'Config resource 'class path resource [application.properties]' via location 'optional:classpath:/''
2024-05-17T15:11:56.477+02:00 TRACE 4684 --- [clothlogix] [           main] ySourcesPropertyResolver$DefaultResolver : Could not find key 'error.path:/error' in any property source
2024-05-17T15:11:56.477+02:00 TRACE 4684 --- [clothlogix] [           main] o.s.c.e.PropertySourcesPropertyResolver  : Searching for key 'error.path:/error' in PropertySource 'localProperties'
2024-05-17T15:11:56.477+02:00 TRACE 4684 --- [clothlogix] [           main] o.s.c.e.PropertySourcesPropertyResolver  : Could not find key 'error.path:/error' in any property source
2024-05-17T15:11:56.477+02:00 TRACE 4684 --- [clothlogix] [           main] o.s.c.e.PropertySourcesPropertyResolver  : Searching for key 'error.path' in PropertySource 'environmentProperties'
2024-05-17T15:11:56.477+02:00 TRACE 4684 --- [clothlogix] [           main] o.s.c.e.PropertySourcesPropertyResolver  : Searching for key 'error.path' in PropertySource 'localProperties'
2024-05-17T15:11:56.477+02:00 TRACE 4684 --- [clothlogix] [           main] o.s.c.e.PropertySourcesPropertyResolver  : Could not find key 'error.path' in any property source
2024-05-17T15:11:56.482+02:00 TRACE 4684 --- [clothlogix] [           main] o.s.util.PropertyPlaceholderHelper       : Resolved placeholder 'error.path:/error'
2024-05-17T15:11:56.482+02:00 TRACE 4684 --- [clothlogix] [           main] o.s.c.e.PropertySourcesPropertyResolver  : Searching for key 'server.error.path:/error' in PropertySource 'environmentProperties'
2024-05-17T15:11:56.482+02:00 TRACE 4684 --- [clothlogix] [           main] ySourcesPropertyResolver$DefaultResolver : Searching for key 'server.error.path:/error' in PropertySource 'configurationProperties'
2024-05-17T15:11:56.482+02:00 TRACE 4684 --- [clothlogix] [           main] ySourcesPropertyResolver$DefaultResolver : Searching for key 'server.error.path:/error' in PropertySource 'test'
2024-05-17T15:11:56.482+02:00 TRACE 4684 --- [clothlogix] [           main] ySourcesPropertyResolver$DefaultResolver : Searching for key 'server.error.path:/error' in PropertySource 'Inlined Test Properties'
2024-05-17T15:11:56.482+02:00 TRACE 4684 --- [clothlogix] [           main] ySourcesPropertyResolver$DefaultResolver : Searching for key 'server.error.path:/error' in PropertySource 'servletConfigInitParams'
2024-05-17T15:11:56.482+02:00 TRACE 4684 --- [clothlogix] [           main] ySourcesPropertyResolver$DefaultResolver : Searching for key 'server.error.path:/error' in PropertySource 'servletContextInitParams'
2024-05-17T15:11:56.482+02:00 TRACE 4684 --- [clothlogix] [           main] ySourcesPropertyResolver$DefaultResolver : Searching for key 'server.error.path:/error' in PropertySource 'systemProperties'
2024-05-17T15:11:56.482+02:00 TRACE 4684 --- [clothlogix] [           main] ySourcesPropertyResolver$DefaultResolver : Searching for key 'server.error.path:/error' in PropertySource 'systemEnvironment'
2024-05-17T15:11:56.482+02:00 TRACE 4684 --- [clothlogix] [           main] ySourcesPropertyResolver$DefaultResolver : Searching for key 'server.error.path:/error' in PropertySource 'random'
2024-05-17T15:11:56.482+02:00 TRACE 4684 --- [clothlogix] [           main] ySourcesPropertyResolver$DefaultResolver : Searching for key 'server.error.path:/error' in PropertySource 'Config resource 'class path resource [application.properties]' via location 'optional:classpath:/''
2024-05-17T15:11:56.482+02:00 TRACE 4684 --- [clothlogix] [           main] ySourcesPropertyResolver$DefaultResolver : Could not find key 'server.error.path:/error' in any property source
2024-05-17T15:11:56.482+02:00 TRACE 4684 --- [clothlogix] [           main] o.s.c.e.PropertySourcesPropertyResolver  : Searching for key 'server.error.path:/error' in PropertySource 'localProperties'
2024-05-17T15:11:56.482+02:00 TRACE 4684 --- [clothlogix] [           main] o.s.c.e.PropertySourcesPropertyResolver  : Could not find key 'server.error.path:/error' in any property source
2024-05-17T15:11:56.482+02:00 TRACE 4684 --- [clothlogix] [           main] o.s.c.e.PropertySourcesPropertyResolver  : Searching for key 'server.error.path' in PropertySource 'environmentProperties'
2024-05-17T15:11:56.482+02:00 TRACE 4684 --- [clothlogix] [           main] o.s.c.e.PropertySourcesPropertyResolver  : Searching for key 'server.error.path' in PropertySource 'localProperties'
2024-05-17T15:11:56.482+02:00 TRACE 4684 --- [clothlogix] [           main] o.s.c.e.PropertySourcesPropertyResolver  : Could not find key 'server.error.path' in any property source
2024-05-17T15:11:56.482+02:00 TRACE 4684 --- [clothlogix] [           main] o.s.util.PropertyPlaceholderHelper       : Resolved placeholder 'server.error.path:/error'
2024-05-17T15:11:56.482+02:00 TRACE 4684 --- [clothlogix] [           main] o.s.c.e.PropertySourcesPropertyResolver  : Searching for key 'error.path:/error' in PropertySource 'environmentProperties'
2024-05-17T15:11:56.482+02:00 TRACE 4684 --- [clothlogix] [           main] ySourcesPropertyResolver$DefaultResolver : Searching for key 'error.path:/error' in PropertySource 'configurationProperties'
2024-05-17T15:11:56.482+02:00 TRACE 4684 --- [clothlogix] [           main] ySourcesPropertyResolver$DefaultResolver : Searching for key 'error.path:/error' in PropertySource 'test'
2024-05-17T15:11:56.482+02:00 TRACE 4684 --- [clothlogix] [           main] ySourcesPropertyResolver$DefaultResolver : Searching for key 'error.path:/error' in PropertySource 'Inlined Test Properties'
2024-05-17T15:11:56.482+02:00 TRACE 4684 --- [clothlogix] [           main] ySourcesPropertyResolver$DefaultResolver : Searching for key 'error.path:/error' in PropertySource 'servletConfigInitParams'
2024-05-17T15:11:56.482+02:00 TRACE 4684 --- [clothlogix] [           main] ySourcesPropertyResolver$DefaultResolver : Searching for key 'error.path:/error' in PropertySource 'servletContextInitParams'
2024-05-17T15:11:56.482+02:00 TRACE 4684 --- [clothlogix] [           main] ySourcesPropertyResolver$DefaultResolver : Searching for key 'error.path:/error' in PropertySource 'systemProperties'
2024-05-17T15:11:56.482+02:00 TRACE 4684 --- [clothlogix] [           main] ySourcesPropertyResolver$DefaultResolver : Searching for key 'error.path:/error' in PropertySource 'systemEnvironment'
2024-05-17T15:11:56.482+02:00 TRACE 4684 --- [clothlogix] [           main] ySourcesPropertyResolver$DefaultResolver : Searching for key 'error.path:/error' in PropertySource 'random'
2024-05-17T15:11:56.482+02:00 TRACE 4684 --- [clothlogix] [           main] ySourcesPropertyResolver$DefaultResolver : Searching for key 'error.path:/error' in PropertySource 'Config resource 'class path resource [application.properties]' via location 'optional:classpath:/''
2024-05-17T15:11:56.482+02:00 TRACE 4684 --- [clothlogix] [           main] ySourcesPropertyResolver$DefaultResolver : Could not find key 'error.path:/error' in any property source
2024-05-17T15:11:56.482+02:00 TRACE 4684 --- [clothlogix] [           main] o.s.c.e.PropertySourcesPropertyResolver  : Searching for key 'error.path:/error' in PropertySource 'localProperties'
2024-05-17T15:11:56.482+02:00 TRACE 4684 --- [clothlogix] [           main] o.s.c.e.PropertySourcesPropertyResolver  : Could not find key 'error.path:/error' in any property source
2024-05-17T15:11:56.482+02:00 TRACE 4684 --- [clothlogix] [           main] o.s.c.e.PropertySourcesPropertyResolver  : Searching for key 'error.path' in PropertySource 'environmentProperties'
2024-05-17T15:11:56.482+02:00 TRACE 4684 --- [clothlogix] [           main] o.s.c.e.PropertySourcesPropertyResolver  : Searching for key 'error.path' in PropertySource 'localProperties'
2024-05-17T15:11:56.482+02:00 TRACE 4684 --- [clothlogix] [           main] o.s.c.e.PropertySourcesPropertyResolver  : Could not find key 'error.path' in any property source
2024-05-17T15:11:56.482+02:00 TRACE 4684 --- [clothlogix] [           main] o.s.util.PropertyPlaceholderHelper       : Resolved placeholder 'error.path:/error'
2024-05-17T15:11:56.482+02:00 TRACE 4684 --- [clothlogix] [           main] o.s.c.e.PropertySourcesPropertyResolver  : Searching for key 'server.error.path:/error' in PropertySource 'environmentProperties'
2024-05-17T15:11:56.482+02:00 TRACE 4684 --- [clothlogix] [           main] ySourcesPropertyResolver$DefaultResolver : Searching for key 'server.error.path:/error' in PropertySource 'configurationProperties'
2024-05-17T15:11:56.482+02:00 TRACE 4684 --- [clothlogix] [           main] ySourcesPropertyResolver$DefaultResolver : Searching for key 'server.error.path:/error' in PropertySource 'test'
2024-05-17T15:11:56.482+02:00 TRACE 4684 --- [clothlogix] [           main] ySourcesPropertyResolver$DefaultResolver : Searching for key 'server.error.path:/error' in PropertySource 'Inlined Test Properties'
2024-05-17T15:11:56.482+02:00 TRACE 4684 --- [clothlogix] [           main] ySourcesPropertyResolver$DefaultResolver : Searching for key 'server.error.path:/error' in PropertySource 'servletConfigInitParams'
2024-05-17T15:11:56.482+02:00 TRACE 4684 --- [clothlogix] [           main] ySourcesPropertyResolver$DefaultResolver : Searching for key 'server.error.path:/error' in PropertySource 'servletContextInitParams'
2024-05-17T15:11:56.482+02:00 TRACE 4684 --- [clothlogix] [           main] ySourcesPropertyResolver$DefaultResolver : Searching for key 'server.error.path:/error' in PropertySource 'systemProperties'
2024-05-17T15:11:56.482+02:00 TRACE 4684 --- [clothlogix] [           main] ySourcesPropertyResolver$DefaultResolver : Searching for key 'server.error.path:/error' in PropertySource 'systemEnvironment'
2024-05-17T15:11:56.482+02:00 TRACE 4684 --- [clothlogix] [           main] ySourcesPropertyResolver$DefaultResolver : Searching for key 'server.error.path:/error' in PropertySource 'random'
2024-05-17T15:11:56.482+02:00 TRACE 4684 --- [clothlogix] [           main] ySourcesPropertyResolver$DefaultResolver : Searching for key 'server.error.path:/error' in PropertySource 'Config resource 'class path resource [application.properties]' via location 'optional:classpath:/''
2024-05-17T15:11:56.482+02:00 TRACE 4684 --- [clothlogix] [           main] ySourcesPropertyResolver$DefaultResolver : Could not find key 'server.error.path:/error' in any property source
2024-05-17T15:11:56.482+02:00 TRACE 4684 --- [clothlogix] [           main] o.s.c.e.PropertySourcesPropertyResolver  : Searching for key 'server.error.path:/error' in PropertySource 'localProperties'
2024-05-17T15:11:56.482+02:00 TRACE 4684 --- [clothlogix] [           main] o.s.c.e.PropertySourcesPropertyResolver  : Could not find key 'server.error.path:/error' in any property source
2024-05-17T15:11:56.482+02:00 TRACE 4684 --- [clothlogix] [           main] o.s.c.e.PropertySourcesPropertyResolver  : Searching for key 'server.error.path' in PropertySource 'environmentProperties'
2024-05-17T15:11:56.482+02:00 TRACE 4684 --- [clothlogix] [           main] o.s.c.e.PropertySourcesPropertyResolver  : Searching for key 'server.error.path' in PropertySource 'localProperties'
2024-05-17T15:11:56.482+02:00 TRACE 4684 --- [clothlogix] [           main] o.s.c.e.PropertySourcesPropertyResolver  : Could not find key 'server.error.path' in any property source
2024-05-17T15:11:56.482+02:00 TRACE 4684 --- [clothlogix] [           main] o.s.util.PropertyPlaceholderHelper       : Resolved placeholder 'server.error.path:/error'
2024-05-17T15:11:56.482+02:00 TRACE 4684 --- [clothlogix] [           main] s.w.s.m.m.a.RequestMappingHandlerMapping : 
	o.s.b.a.w.s.e.BasicErrorController:
	{ [/error]}: error(HttpServletRequest)
	{ [/error], produces [text/html]}: errorHtml(HttpServletRequest,HttpServletResponse)
2024-05-17T15:11:56.492+02:00 DEBUG 4684 --- [clothlogix] [           main] s.w.s.m.m.a.RequestMappingHandlerMapping : 3 mappings in 'requestMappingHandlerMapping'
2024-05-17T15:11:56.492+02:00 TRACE 4684 --- [clothlogix] [           main] o.s.b.f.s.DefaultListableBeanFactory     : Returning cached instance of singleton bean 'org.springframework.transaction.config.internalTransactionAdvisor'
2024-05-17T15:11:56.492+02:00 TRACE 4684 --- [clothlogix] [           main] o.s.b.f.s.DefaultListableBeanFactory     : Returning cached instance of singleton bean 'org.springframework.transaction.config.internalTransactionAdvisor'
2024-05-17T15:11:56.492+02:00 TRACE 4684 --- [clothlogix] [           main] o.s.b.f.s.DefaultListableBeanFactory     : Finished creating instance of bean 'requestMappingHandlerMapping'
2024-05-17T15:11:56.492+02:00 DEBUG 4684 --- [clothlogix] [           main] o.s.b.f.s.DefaultListableBeanFactory     : Creating shared instance of singleton bean 'mvcPatternParser'
2024-05-17T15:11:56.492+02:00 TRACE 4684 --- [clothlogix] [           main] o.s.b.f.s.DefaultListableBeanFactory     : Creating instance of bean 'mvcPatternParser'
2024-05-17T15:11:56.492+02:00 TRACE 4684 --- [clothlogix] [           main] o.s.b.f.s.DefaultListableBeanFactory     : Returning cached instance of singleton bean 'org.springframework.transaction.config.internalTransactionAdvisor'
2024-05-17T15:11:56.492+02:00 TRACE 4684 --- [clothlogix] [           main] o.s.b.f.s.DefaultListableBeanFactory     : Returning cached instance of singleton bean 'org.springframework.boot.autoconfigure.web.servlet.WebMvcAutoConfiguration$EnableWebMvcConfiguration'
2024-05-17T15:11:56.492+02:00 TRACE 4684 --- [clothlogix] [           main] o.s.b.f.s.DefaultListableBeanFactory     : Returning cached instance of singleton bean 'org.springframework.transaction.config.internalTransactionAdvisor'
2024-05-17T15:11:56.492+02:00 TRACE 4684 --- [clothlogix] [           main] o.s.b.f.s.DefaultListableBeanFactory     : Returning cached instance of singleton bean 'org.springframework.transaction.config.internalTransactionAdvisor'
2024-05-17T15:11:56.492+02:00 TRACE 4684 --- [clothlogix] [           main] o.s.b.f.s.DefaultListableBeanFactory     : Finished creating instance of bean 'mvcPatternParser'
2024-05-17T15:11:56.492+02:00 DEBUG 4684 --- [clothlogix] [           main] o.s.b.f.s.DefaultListableBeanFactory     : Creating shared instance of singleton bean 'mvcUrlPathHelper'
2024-05-17T15:11:56.492+02:00 TRACE 4684 --- [clothlogix] [           main] o.s.b.f.s.DefaultListableBeanFactory     : Creating instance of bean 'mvcUrlPathHelper'
2024-05-17T15:11:56.492+02:00 TRACE 4684 --- [clothlogix] [           main] o.s.b.f.s.DefaultListableBeanFactory     : Returning cached instance of singleton bean 'org.springframework.transaction.config.internalTransactionAdvisor'
2024-05-17T15:11:56.492+02:00 TRACE 4684 --- [clothlogix] [           main] o.s.b.f.s.DefaultListableBeanFactory     : Returning cached instance of singleton bean 'org.springframework.boot.autoconfigure.web.servlet.WebMvcAutoConfiguration$EnableWebMvcConfiguration'
2024-05-17T15:11:56.492+02:00 TRACE 4684 --- [clothlogix] [           main] o.s.b.f.s.DefaultListableBeanFactory     : Returning cached instance of singleton bean 'org.springframework.transaction.config.internalTransactionAdvisor'
2024-05-17T15:11:56.492+02:00 TRACE 4684 --- [clothlogix] [           main] o.s.b.f.s.DefaultListableBeanFactory     : Returning cached instance of singleton bean 'org.springframework.transaction.config.internalTransactionAdvisor'
2024-05-17T15:11:56.492+02:00 TRACE 4684 --- [clothlogix] [           main] o.s.b.f.s.DefaultListableBeanFactory     : Finished creating instance of bean 'mvcUrlPathHelper'
2024-05-17T15:11:56.492+02:00 DEBUG 4684 --- [clothlogix] [           main] o.s.b.f.s.DefaultListableBeanFactory     : Creating shared instance of singleton bean 'mvcPathMatcher'
2024-05-17T15:11:56.492+02:00 TRACE 4684 --- [clothlogix] [           main] o.s.b.f.s.DefaultListableBeanFactory     : Creating instance of bean 'mvcPathMatcher'
2024-05-17T15:11:56.492+02:00 TRACE 4684 --- [clothlogix] [           main] o.s.b.f.s.DefaultListableBeanFactory     : Returning cached instance of singleton bean 'org.springframework.transaction.config.internalTransactionAdvisor'
2024-05-17T15:11:56.492+02:00 TRACE 4684 --- [clothlogix] [           main] o.s.b.f.s.DefaultListableBeanFactory     : Returning cached instance of singleton bean 'org.springframework.boot.autoconfigure.web.servlet.WebMvcAutoConfiguration$EnableWebMvcConfiguration'
2024-05-17T15:11:56.492+02:00 TRACE 4684 --- [clothlogix] [           main] o.s.b.f.s.DefaultListableBeanFactory     : Returning cached instance of singleton bean 'org.springframework.transaction.config.internalTransactionAdvisor'
2024-05-17T15:11:56.492+02:00 TRACE 4684 --- [clothlogix] [           main] o.s.b.f.s.DefaultListableBeanFactory     : Returning cached instance of singleton bean 'org.springframework.transaction.config.internalTransactionAdvisor'
2024-05-17T15:11:56.502+02:00 TRACE 4684 --- [clothlogix] [           main] o.s.b.f.s.DefaultListableBeanFactory     : Finished creating instance of bean 'mvcPathMatcher'
2024-05-17T15:11:56.502+02:00 DEBUG 4684 --- [clothlogix] [           main] o.s.b.f.s.DefaultListableBeanFactory     : Creating shared instance of singleton bean 'viewControllerHandlerMapping'
2024-05-17T15:11:56.502+02:00 TRACE 4684 --- [clothlogix] [           main] o.s.b.f.s.DefaultListableBeanFactory     : Creating instance of bean 'viewControllerHandlerMapping'
2024-05-17T15:11:56.502+02:00 TRACE 4684 --- [clothlogix] [           main] o.s.b.f.s.DefaultListableBeanFactory     : Returning cached instance of singleton bean 'org.springframework.transaction.config.internalTransactionAdvisor'
2024-05-17T15:11:56.502+02:00 TRACE 4684 --- [clothlogix] [           main] o.s.b.f.s.DefaultListableBeanFactory     : Returning cached instance of singleton bean 'org.springframework.boot.autoconfigure.web.servlet.WebMvcAutoConfiguration$EnableWebMvcConfiguration'
2024-05-17T15:11:56.502+02:00 TRACE 4684 --- [clothlogix] [           main] o.s.b.f.s.DefaultListableBeanFactory     : Returning cached instance of singleton bean 'mvcConversionService'
2024-05-17T15:11:56.502+02:00 TRACE 4684 --- [clothlogix] [           main] o.s.b.f.s.DefaultListableBeanFactory     : Returning cached instance of singleton bean 'mvcResourceUrlProvider'
2024-05-17T15:11:56.502+02:00 DEBUG 4684 --- [clothlogix] [           main] o.s.b.f.s.DefaultListableBeanFactory     : Autowiring by type from bean name 'viewControllerHandlerMapping' via factory method to bean named 'mvcConversionService'
2024-05-17T15:11:56.502+02:00 DEBUG 4684 --- [clothlogix] [           main] o.s.b.f.s.DefaultListableBeanFactory     : Autowiring by type from bean name 'viewControllerHandlerMapping' via factory method to bean named 'mvcResourceUrlProvider'
2024-05-17T15:11:56.504+02:00 TRACE 4684 --- [clothlogix] [           main] o.s.b.f.s.DefaultListableBeanFactory     : Returning cached instance of singleton bean 'org.springframework.transaction.config.internalTransactionAdvisor'
2024-05-17T15:11:56.504+02:00 TRACE 4684 --- [clothlogix] [           main] o.s.b.f.s.DefaultListableBeanFactory     : Returning cached instance of singleton bean 'org.springframework.transaction.config.internalTransactionAdvisor'
2024-05-17T15:11:56.504+02:00 TRACE 4684 --- [clothlogix] [           main] o.s.b.f.s.DefaultListableBeanFactory     : Finished creating instance of bean 'viewControllerHandlerMapping'
2024-05-17T15:11:56.504+02:00 DEBUG 4684 --- [clothlogix] [           main] o.s.b.f.s.DefaultListableBeanFactory     : Creating shared instance of singleton bean 'beanNameHandlerMapping'
2024-05-17T15:11:56.504+02:00 TRACE 4684 --- [clothlogix] [           main] o.s.b.f.s.DefaultListableBeanFactory     : Creating instance of bean 'beanNameHandlerMapping'
2024-05-17T15:11:56.504+02:00 TRACE 4684 --- [clothlogix] [           main] o.s.b.f.s.DefaultListableBeanFactory     : Returning cached instance of singleton bean 'org.springframework.transaction.config.internalTransactionAdvisor'
2024-05-17T15:11:56.504+02:00 TRACE 4684 --- [clothlogix] [           main] o.s.b.f.s.DefaultListableBeanFactory     : Returning cached instance of singleton bean 'org.springframework.boot.autoconfigure.web.servlet.WebMvcAutoConfiguration$EnableWebMvcConfiguration'
2024-05-17T15:11:56.504+02:00 TRACE 4684 --- [clothlogix] [           main] o.s.b.f.s.DefaultListableBeanFactory     : Returning cached instance of singleton bean 'mvcConversionService'
2024-05-17T15:11:56.504+02:00 TRACE 4684 --- [clothlogix] [           main] o.s.b.f.s.DefaultListableBeanFactory     : Returning cached instance of singleton bean 'mvcResourceUrlProvider'
2024-05-17T15:11:56.504+02:00 DEBUG 4684 --- [clothlogix] [           main] o.s.b.f.s.DefaultListableBeanFactory     : Autowiring by type from bean name 'beanNameHandlerMapping' via factory method to bean named 'mvcConversionService'
2024-05-17T15:11:56.504+02:00 DEBUG 4684 --- [clothlogix] [           main] o.s.b.f.s.DefaultListableBeanFactory     : Autowiring by type from bean name 'beanNameHandlerMapping' via factory method to bean named 'mvcResourceUrlProvider'
2024-05-17T15:11:56.504+02:00 DEBUG 4684 --- [clothlogix] [           main] _.s.web.servlet.HandlerMapping.Mappings  : 'beanNameHandlerMapping' {}
2024-05-17T15:11:56.504+02:00 TRACE 4684 --- [clothlogix] [           main] o.s.b.f.s.DefaultListableBeanFactory     : Returning cached instance of singleton bean 'org.springframework.transaction.config.internalTransactionAdvisor'
2024-05-17T15:11:56.504+02:00 TRACE 4684 --- [clothlogix] [           main] o.s.b.f.s.DefaultListableBeanFactory     : Returning cached instance of singleton bean 'org.springframework.transaction.config.internalTransactionAdvisor'
2024-05-17T15:11:56.512+02:00 TRACE 4684 --- [clothlogix] [           main] o.s.b.f.s.DefaultListableBeanFactory     : Finished creating instance of bean 'beanNameHandlerMapping'
2024-05-17T15:11:56.512+02:00 DEBUG 4684 --- [clothlogix] [           main] o.s.b.f.s.DefaultListableBeanFactory     : Creating shared instance of singleton bean 'routerFunctionMapping'
2024-05-17T15:11:56.512+02:00 TRACE 4684 --- [clothlogix] [           main] o.s.b.f.s.DefaultListableBeanFactory     : Creating instance of bean 'routerFunctionMapping'
2024-05-17T15:11:56.512+02:00 TRACE 4684 --- [clothlogix] [           main] o.s.b.f.s.DefaultListableBeanFactory     : Returning cached instance of singleton bean 'org.springframework.transaction.config.internalTransactionAdvisor'
2024-05-17T15:11:56.512+02:00 TRACE 4684 --- [clothlogix] [           main] o.s.b.f.s.DefaultListableBeanFactory     : Returning cached instance of singleton bean 'org.springframework.boot.autoconfigure.web.servlet.WebMvcAutoConfiguration$EnableWebMvcConfiguration'
2024-05-17T15:11:56.512+02:00 TRACE 4684 --- [clothlogix] [           main] o.s.b.f.s.DefaultListableBeanFactory     : Returning cached instance of singleton bean 'mvcConversionService'
2024-05-17T15:11:56.512+02:00 TRACE 4684 --- [clothlogix] [           main] o.s.b.f.s.DefaultListableBeanFactory     : Returning cached instance of singleton bean 'mvcResourceUrlProvider'
2024-05-17T15:11:56.512+02:00 DEBUG 4684 --- [clothlogix] [           main] o.s.b.f.s.DefaultListableBeanFactory     : Autowiring by type from bean name 'routerFunctionMapping' via factory method to bean named 'mvcConversionService'
2024-05-17T15:11:56.512+02:00 DEBUG 4684 --- [clothlogix] [           main] o.s.b.f.s.DefaultListableBeanFactory     : Autowiring by type from bean name 'routerFunctionMapping' via factory method to bean named 'mvcResourceUrlProvider'
2024-05-17T15:11:56.517+02:00 DEBUG 4684 --- [clothlogix] [           main] o.s.b.f.s.DefaultListableBeanFactory     : Creating shared instance of singleton bean 'messageConverters'
2024-05-17T15:11:56.517+02:00 TRACE 4684 --- [clothlogix] [           main] o.s.b.f.s.DefaultListableBeanFactory     : Creating instance of bean 'messageConverters'
2024-05-17T15:11:56.517+02:00 TRACE 4684 --- [clothlogix] [           main] o.s.b.f.s.DefaultListableBeanFactory     : Returning cached instance of singleton bean 'org.springframework.transaction.config.internalTransactionAdvisor'
2024-05-17T15:11:56.517+02:00 DEBUG 4684 --- [clothlogix] [           main] o.s.b.f.s.DefaultListableBeanFactory     : Creating shared instance of singleton bean 'org.springframework.boot.autoconfigure.http.HttpMessageConvertersAutoConfiguration'
2024-05-17T15:11:56.517+02:00 TRACE 4684 --- [clothlogix] [           main] o.s.b.f.s.DefaultListableBeanFactory     : Creating instance of bean 'org.springframework.boot.autoconfigure.http.HttpMessageConvertersAutoConfiguration'
2024-05-17T15:11:56.517+02:00 TRACE 4684 --- [clothlogix] [           main] o.s.b.f.s.DefaultListableBeanFactory     : Returning cached instance of singleton bean 'org.springframework.transaction.config.internalTransactionAdvisor'
2024-05-17T15:11:56.517+02:00 TRACE 4684 --- [clothlogix] [           main] o.s.b.f.s.DefaultListableBeanFactory     : Returning cached instance of singleton bean 'org.springframework.transaction.config.internalTransactionAdvisor'
2024-05-17T15:11:56.517+02:00 TRACE 4684 --- [clothlogix] [           main] o.s.b.f.s.DefaultListableBeanFactory     : Returning cached instance of singleton bean 'org.springframework.transaction.config.internalTransactionAdvisor'
2024-05-17T15:11:56.517+02:00 TRACE 4684 --- [clothlogix] [           main] o.s.b.f.s.DefaultListableBeanFactory     : Finished creating instance of bean 'org.springframework.boot.autoconfigure.http.HttpMessageConvertersAutoConfiguration'
2024-05-17T15:11:56.522+02:00 DEBUG 4684 --- [clothlogix] [           main] o.s.b.f.s.DefaultListableBeanFactory     : Creating shared instance of singleton bean 'stringHttpMessageConverter'
2024-05-17T15:11:56.522+02:00 TRACE 4684 --- [clothlogix] [           main] o.s.b.f.s.DefaultListableBeanFactory     : Creating instance of bean 'stringHttpMessageConverter'
2024-05-17T15:11:56.522+02:00 TRACE 4684 --- [clothlogix] [           main] o.s.b.f.s.DefaultListableBeanFactory     : Returning cached instance of singleton bean 'org.springframework.transaction.config.internalTransactionAdvisor'
2024-05-17T15:11:56.522+02:00 DEBUG 4684 --- [clothlogix] [           main] o.s.b.f.s.DefaultListableBeanFactory     : Creating shared instance of singleton bean 'org.springframework.boot.autoconfigure.http.HttpMessageConvertersAutoConfiguration$StringHttpMessageConverterConfiguration'
2024-05-17T15:11:56.522+02:00 TRACE 4684 --- [clothlogix] [           main] o.s.b.f.s.DefaultListableBeanFactory     : Creating instance of bean 'org.springframework.boot.autoconfigure.http.HttpMessageConvertersAutoConfiguration$StringHttpMessageConverterConfiguration'
2024-05-17T15:11:56.522+02:00 TRACE 4684 --- [clothlogix] [           main] o.s.b.f.s.DefaultListableBeanFactory     : Returning cached instance of singleton bean 'org.springframework.transaction.config.internalTransactionAdvisor'
2024-05-17T15:11:56.522+02:00 TRACE 4684 --- [clothlogix] [           main] o.s.b.f.s.DefaultListableBeanFactory     : Returning cached instance of singleton bean 'org.springframework.transaction.config.internalTransactionAdvisor'
2024-05-17T15:11:56.522+02:00 TRACE 4684 --- [clothlogix] [           main] o.s.b.f.s.DefaultListableBeanFactory     : Returning cached instance of singleton bean 'org.springframework.transaction.config.internalTransactionAdvisor'
2024-05-17T15:11:56.522+02:00 TRACE 4684 --- [clothlogix] [           main] o.s.b.f.s.DefaultListableBeanFactory     : Finished creating instance of bean 'org.springframework.boot.autoconfigure.http.HttpMessageConvertersAutoConfiguration$StringHttpMessageConverterConfiguration'
2024-05-17T15:11:56.522+02:00 TRACE 4684 --- [clothlogix] [           main] o.s.b.f.s.DefaultListableBeanFactory     : Returning cached instance of singleton bean 'environment'
2024-05-17T15:11:56.522+02:00 DEBUG 4684 --- [clothlogix] [           main] o.s.b.f.s.DefaultListableBeanFactory     : Autowiring by type from bean name 'stringHttpMessageConverter' via factory method to bean named 'environment'
2024-05-17T15:11:56.530+02:00 TRACE 4684 --- [clothlogix] [           main] o.s.b.f.s.DefaultListableBeanFactory     : Returning cached instance of singleton bean 'org.springframework.transaction.config.internalTransactionAdvisor'
2024-05-17T15:11:56.530+02:00 TRACE 4684 --- [clothlogix] [           main] o.s.b.f.s.DefaultListableBeanFactory     : Returning cached instance of singleton bean 'org.springframework.transaction.config.internalTransactionAdvisor'
2024-05-17T15:11:56.530+02:00 TRACE 4684 --- [clothlogix] [           main] o.s.b.f.s.DefaultListableBeanFactory     : Finished creating instance of bean 'stringHttpMessageConverter'
2024-05-17T15:11:56.530+02:00 DEBUG 4684 --- [clothlogix] [           main] o.s.b.f.s.DefaultListableBeanFactory     : Creating shared instance of singleton bean 'mappingJackson2HttpMessageConverter'
2024-05-17T15:11:56.530+02:00 TRACE 4684 --- [clothlogix] [           main] o.s.b.f.s.DefaultListableBeanFactory     : Creating instance of bean 'mappingJackson2HttpMessageConverter'
2024-05-17T15:11:56.532+02:00 TRACE 4684 --- [clothlogix] [           main] o.s.b.f.s.DefaultListableBeanFactory     : Returning cached instance of singleton bean 'org.springframework.transaction.config.internalTransactionAdvisor'
2024-05-17T15:11:56.532+02:00 DEBUG 4684 --- [clothlogix] [           main] o.s.b.f.s.DefaultListableBeanFactory     : Creating shared instance of singleton bean 'org.springframework.boot.autoconfigure.http.JacksonHttpMessageConvertersConfiguration$MappingJackson2HttpMessageConverterConfiguration'
2024-05-17T15:11:56.532+02:00 TRACE 4684 --- [clothlogix] [           main] o.s.b.f.s.DefaultListableBeanFactory     : Creating instance of bean 'org.springframework.boot.autoconfigure.http.JacksonHttpMessageConvertersConfiguration$MappingJackson2HttpMessageConverterConfiguration'
2024-05-17T15:11:56.532+02:00 TRACE 4684 --- [clothlogix] [           main] o.s.b.f.s.DefaultListableBeanFactory     : Returning cached instance of singleton bean 'org.springframework.transaction.config.internalTransactionAdvisor'
2024-05-17T15:11:56.532+02:00 TRACE 4684 --- [clothlogix] [           main] o.s.b.f.s.DefaultListableBeanFactory     : Returning cached instance of singleton bean 'org.springframework.transaction.config.internalTransactionAdvisor'
2024-05-17T15:11:56.532+02:00 TRACE 4684 --- [clothlogix] [           main] o.s.b.f.s.DefaultListableBeanFactory     : Returning cached instance of singleton bean 'org.springframework.transaction.config.internalTransactionAdvisor'
2024-05-17T15:11:56.532+02:00 TRACE 4684 --- [clothlogix] [           main] o.s.b.f.s.DefaultListableBeanFactory     : Finished creating instance of bean 'org.springframework.boot.autoconfigure.http.JacksonHttpMessageConvertersConfiguration$MappingJackson2HttpMessageConverterConfiguration'
2024-05-17T15:11:56.532+02:00 TRACE 4684 --- [clothlogix] [           main] o.s.b.f.s.DefaultListableBeanFactory     : Returning cached instance of singleton bean 'jacksonObjectMapper'
2024-05-17T15:11:56.532+02:00 DEBUG 4684 --- [clothlogix] [           main] o.s.b.f.s.DefaultListableBeanFactory     : Autowiring by type from bean name 'mappingJackson2HttpMessageConverter' via factory method to bean named 'jacksonObjectMapper'
2024-05-17T15:11:56.532+02:00 TRACE 4684 --- [clothlogix] [           main] o.s.b.f.s.DefaultListableBeanFactory     : Returning cached instance of singleton bean 'org.springframework.transaction.config.internalTransactionAdvisor'
2024-05-17T15:11:56.532+02:00 TRACE 4684 --- [clothlogix] [           main] o.s.b.f.s.DefaultListableBeanFactory     : Returning cached instance of singleton bean 'org.springframework.transaction.config.internalTransactionAdvisor'
2024-05-17T15:11:56.535+02:00 TRACE 4684 --- [clothlogix] [           main] o.s.b.f.s.DefaultListableBeanFactory     : Finished creating instance of bean 'mappingJackson2HttpMessageConverter'
2024-05-17T15:11:56.535+02:00 DEBUG 4684 --- [clothlogix] [           main] o.s.b.f.s.DefaultListableBeanFactory     : Creating shared instance of singleton bean 'jacksonHttpMessageConverter'
2024-05-17T15:11:56.535+02:00 TRACE 4684 --- [clothlogix] [           main] o.s.b.f.s.DefaultListableBeanFactory     : Creating instance of bean 'jacksonHttpMessageConverter'
2024-05-17T15:11:56.535+02:00 TRACE 4684 --- [clothlogix] [           main] o.s.b.f.s.DefaultListableBeanFactory     : Returning cached instance of singleton bean 'org.springframework.transaction.config.internalTransactionAdvisor'
2024-05-17T15:11:56.535+02:00 TRACE 4684 --- [clothlogix] [           main] o.s.b.f.s.DefaultListableBeanFactory     : Returning cached instance of singleton bean 'org.springframework.data.rest.webmvc.config.RepositoryRestMvcConfiguration'
2024-05-17T15:11:56.535+02:00 TRACE 4684 --- [clothlogix] [           main] o.s.b.f.s.DefaultListableBeanFactory     : Returning cached instance of singleton bean 'repositoryRestConfiguration'
2024-05-17T15:11:56.535+02:00 DEBUG 4684 --- [clothlogix] [           main] o.s.b.f.s.DefaultListableBeanFactory     : Autowiring by type from bean name 'jacksonHttpMessageConverter' via factory method to bean named 'repositoryRestConfiguration'
2024-05-17T15:11:56.535+02:00 TRACE 4684 --- [clothlogix] [           main] o.s.b.f.s.DefaultListableBeanFactory     : Returning cached instance of singleton bean 'jacksonObjectMapper'
2024-05-17T15:11:56.535+02:00 TRACE 4684 --- [clothlogix] [           main] o.s.b.f.s.DefaultListableBeanFactory     : Returning cached instance of singleton bean 'jacksonGeoModule'
2024-05-17T15:11:56.535+02:00 DEBUG 4684 --- [clothlogix] [           main] o.s.b.f.s.DefaultListableBeanFactory     : Creating shared instance of singleton bean 'linkCollector'
2024-05-17T15:11:56.535+02:00 TRACE 4684 --- [clothlogix] [           main] o.s.b.f.s.DefaultListableBeanFactory     : Creating instance of bean 'linkCollector'
2024-05-17T15:11:56.542+02:00 TRACE 4684 --- [clothlogix] [           main] o.s.b.f.s.DefaultListableBeanFactory     : Returning cached instance of singleton bean 'org.springframework.data.rest.webmvc.config.RepositoryRestMvcConfiguration'
2024-05-17T15:11:56.542+02:00 TRACE 4684 --- [clothlogix] [           main] o.s.b.f.s.DefaultListableBeanFactory     : Returning cached instance of singleton bean 'persistentEntities'
2024-05-17T15:11:56.542+02:00 DEBUG 4684 --- [clothlogix] [           main] o.s.b.f.s.DefaultListableBeanFactory     : Creating shared instance of singleton bean 'selfLinkProvider'
2024-05-17T15:11:56.542+02:00 TRACE 4684 --- [clothlogix] [           main] o.s.b.f.s.DefaultListableBeanFactory     : Creating instance of bean 'selfLinkProvider'
2024-05-17T15:11:56.542+02:00 TRACE 4684 --- [clothlogix] [           main] o.s.b.f.s.DefaultListableBeanFactory     : Returning cached instance of singleton bean 'org.springframework.data.rest.webmvc.config.RepositoryRestMvcConfiguration'
2024-05-17T15:11:56.542+02:00 TRACE 4684 --- [clothlogix] [           main] o.s.b.f.s.DefaultListableBeanFactory     : Returning cached instance of singleton bean 'persistentEntities'
2024-05-17T15:11:56.542+02:00 TRACE 4684 --- [clothlogix] [           main] o.s.b.f.s.DefaultListableBeanFactory     : Returning cached instance of singleton bean 'entityLinks'
2024-05-17T15:11:56.542+02:00 TRACE 4684 --- [clothlogix] [           main] o.s.b.f.s.DefaultListableBeanFactory     : Returning cached instance of singleton bean 'mvcConversionService'
2024-05-17T15:11:56.542+02:00 TRACE 4684 --- [clothlogix] [           main] o.s.b.f.s.DefaultListableBeanFactory     : Returning cached instance of singleton bean 'org.springframework.transaction.config.internalTransactionAdvisor'
2024-05-17T15:11:56.542+02:00 TRACE 4684 --- [clothlogix] [           main] o.s.b.f.s.DefaultListableBeanFactory     : Returning cached instance of singleton bean 'org.springframework.transaction.config.internalTransactionAdvisor'
2024-05-17T15:11:56.542+02:00 TRACE 4684 --- [clothlogix] [           main] o.s.b.f.s.DefaultListableBeanFactory     : Finished creating instance of bean 'selfLinkProvider'
2024-05-17T15:11:56.542+02:00 TRACE 4684 --- [clothlogix] [           main] o.s.b.f.s.DefaultListableBeanFactory     : Returning cached instance of singleton bean 'associationLinks'
2024-05-17T15:11:56.542+02:00 DEBUG 4684 --- [clothlogix] [           main] o.s.b.f.s.DefaultListableBeanFactory     : Autowiring by type from bean name 'linkCollector' via factory method to bean named 'persistentEntities'
2024-05-17T15:11:56.542+02:00 DEBUG 4684 --- [clothlogix] [           main] o.s.b.f.s.DefaultListableBeanFactory     : Autowiring by type from bean name 'linkCollector' via factory method to bean named 'selfLinkProvider'
2024-05-17T15:11:56.542+02:00 DEBUG 4684 --- [clothlogix] [           main] o.s.b.f.s.DefaultListableBeanFactory     : Autowiring by type from bean name 'linkCollector' via factory method to bean named 'associationLinks'
2024-05-17T15:11:56.542+02:00 TRACE 4684 --- [clothlogix] [           main] o.s.b.f.s.DefaultListableBeanFactory     : Returning cached instance of singleton bean 'org.springframework.transaction.config.internalTransactionAdvisor'
2024-05-17T15:11:56.542+02:00 TRACE 4684 --- [clothlogix] [           main] o.s.b.f.s.DefaultListableBeanFactory     : Returning cached instance of singleton bean 'org.springframework.transaction.config.internalTransactionAdvisor'
2024-05-17T15:11:56.542+02:00 TRACE 4684 --- [clothlogix] [           main] o.s.b.f.s.DefaultListableBeanFactory     : Finished creating instance of bean 'linkCollector'
2024-05-17T15:11:56.551+02:00 TRACE 4684 --- [clothlogix] [           main] o.s.b.f.s.DefaultListableBeanFactory     : Returning cached instance of singleton bean 'associationLinks'
2024-05-17T15:11:56.551+02:00 DEBUG 4684 --- [clothlogix] [           main] o.s.b.f.s.DefaultListableBeanFactory     : Creating shared instance of singleton bean 'excerptProjector'
2024-05-17T15:11:56.551+02:00 TRACE 4684 --- [clothlogix] [           main] o.s.b.f.s.DefaultListableBeanFactory     : Creating instance of bean 'excerptProjector'
2024-05-17T15:11:56.551+02:00 TRACE 4684 --- [clothlogix] [           main] o.s.b.f.s.DefaultListableBeanFactory     : Returning cached instance of singleton bean 'org.springframework.transaction.config.internalTransactionAdvisor'
2024-05-17T15:11:56.551+02:00 TRACE 4684 --- [clothlogix] [           main] o.s.b.f.s.DefaultListableBeanFactory     : Returning cached instance of singleton bean 'org.springframework.data.rest.webmvc.config.RepositoryRestMvcConfiguration'
2024-05-17T15:11:56.552+02:00 TRACE 4684 --- [clothlogix] [           main] o.s.b.f.s.DefaultListableBeanFactory     : Returning cached instance of singleton bean 'resourceMappings'
2024-05-17T15:11:56.552+02:00 DEBUG 4684 --- [clothlogix] [           main] o.s.b.f.s.DefaultListableBeanFactory     : Autowiring by type from bean name 'excerptProjector' via factory method to bean named 'resourceMappings'
2024-05-17T15:11:56.582+02:00 TRACE 4684 --- [clothlogix] [           main] o.s.b.f.s.DefaultListableBeanFactory     : Returning cached instance of singleton bean 'org.springframework.transaction.config.internalTransactionAdvisor'
2024-05-17T15:11:56.582+02:00 TRACE 4684 --- [clothlogix] [           main] o.s.b.f.s.DefaultListableBeanFactory     : Returning cached instance of singleton bean 'org.springframework.transaction.config.internalTransactionAdvisor'
2024-05-17T15:11:56.583+02:00 TRACE 4684 --- [clothlogix] [           main] o.s.b.f.s.DefaultListableBeanFactory     : Finished creating instance of bean 'excerptProjector'
2024-05-17T15:11:56.593+02:00 DEBUG 4684 --- [clothlogix] [           main] o.s.b.f.s.DefaultListableBeanFactory     : Creating shared instance of singleton bean 'representationModelProcessorInvoker'
2024-05-17T15:11:56.593+02:00 TRACE 4684 --- [clothlogix] [           main] o.s.b.f.s.DefaultListableBeanFactory     : Creating instance of bean 'representationModelProcessorInvoker'
2024-05-17T15:11:56.593+02:00 TRACE 4684 --- [clothlogix] [           main] o.s.b.f.s.DefaultListableBeanFactory     : Returning cached instance of singleton bean 'org.springframework.transaction.config.internalTransactionAdvisor'
2024-05-17T15:11:56.593+02:00 TRACE 4684 --- [clothlogix] [           main] o.s.b.f.s.DefaultListableBeanFactory     : Returning cached instance of singleton bean 'org.springframework.hateoas.config.WebMvcHateoasConfiguration'
2024-05-17T15:11:56.595+02:00 DEBUG 4684 --- [clothlogix] [           main] o.s.b.f.s.DefaultListableBeanFactory     : Creating shared instance of singleton bean 'profileResourceProcessor'
2024-05-17T15:11:56.595+02:00 TRACE 4684 --- [clothlogix] [           main] o.s.b.f.s.DefaultListableBeanFactory     : Creating instance of bean 'profileResourceProcessor'
2024-05-17T15:11:56.595+02:00 TRACE 4684 --- [clothlogix] [           main] o.s.b.f.s.DefaultListableBeanFactory     : Returning cached instance of singleton bean 'org.springframework.transaction.config.internalTransactionAdvisor'
2024-05-17T15:11:56.595+02:00 TRACE 4684 --- [clothlogix] [           main] o.s.b.f.s.DefaultListableBeanFactory     : Returning cached instance of singleton bean 'org.springframework.data.rest.webmvc.config.RepositoryRestMvcConfiguration'
2024-05-17T15:11:56.595+02:00 TRACE 4684 --- [clothlogix] [           main] o.s.b.f.s.DefaultListableBeanFactory     : Returning cached instance of singleton bean 'repositoryRestConfiguration'
2024-05-17T15:11:56.595+02:00 DEBUG 4684 --- [clothlogix] [           main] o.s.b.f.s.DefaultListableBeanFactory     : Autowiring by type from bean name 'profileResourceProcessor' via factory method to bean named 'repositoryRestConfiguration'
2024-05-17T15:11:56.595+02:00 TRACE 4684 --- [clothlogix] [           main] o.s.b.f.s.DefaultListableBeanFactory     : Returning cached instance of singleton bean 'org.springframework.transaction.config.internalTransactionAdvisor'
2024-05-17T15:11:56.595+02:00 TRACE 4684 --- [clothlogix] [           main] o.s.b.f.s.DefaultListableBeanFactory     : Returning cached instance of singleton bean 'org.springframework.transaction.config.internalTransactionAdvisor'
2024-05-17T15:11:56.595+02:00 TRACE 4684 --- [clothlogix] [           main] o.s.b.f.s.DefaultListableBeanFactory     : Finished creating instance of bean 'profileResourceProcessor'
2024-05-17T15:11:56.595+02:00 DEBUG 4684 --- [clothlogix] [           main] o.s.b.f.s.DefaultListableBeanFactory     : Autowiring by type from bean name 'representationModelProcessorInvoker' via factory method to bean named 'profileResourceProcessor'
2024-05-17T15:11:56.602+02:00 TRACE 4684 --- [clothlogix] [           main] o.s.b.f.s.DefaultListableBeanFactory     : Returning cached instance of singleton bean 'org.springframework.transaction.config.internalTransactionAdvisor'
2024-05-17T15:11:56.602+02:00 TRACE 4684 --- [clothlogix] [           main] o.s.b.f.s.DefaultListableBeanFactory     : Returning cached instance of singleton bean 'org.springframework.transaction.config.internalTransactionAdvisor'
2024-05-17T15:11:56.602+02:00 TRACE 4684 --- [clothlogix] [           main] o.s.b.f.s.DefaultListableBeanFactory     : Finished creating instance of bean 'representationModelProcessorInvoker'
2024-05-17T15:11:56.602+02:00 TRACE 4684 --- [clothlogix] [           main] o.s.b.f.s.DefaultListableBeanFactory     : Returning cached instance of singleton bean 'org.springframework.transaction.config.internalTransactionAdvisor'
2024-05-17T15:11:56.602+02:00 TRACE 4684 --- [clothlogix] [           main] o.s.b.f.s.DefaultListableBeanFactory     : Returning cached instance of singleton bean 'org.springframework.transaction.config.internalTransactionAdvisor'
2024-05-17T15:11:56.602+02:00 TRACE 4684 --- [clothlogix] [           main] o.s.b.f.s.DefaultListableBeanFactory     : Finished creating instance of bean 'jacksonHttpMessageConverter'
2024-05-17T15:11:56.602+02:00 DEBUG 4684 --- [clothlogix] [           main] o.s.b.f.s.DefaultListableBeanFactory     : Creating shared instance of singleton bean 'halJacksonHttpMessageConverter'
2024-05-17T15:11:56.602+02:00 TRACE 4684 --- [clothlogix] [           main] o.s.b.f.s.DefaultListableBeanFactory     : Creating instance of bean 'halJacksonHttpMessageConverter'
2024-05-17T15:11:56.602+02:00 TRACE 4684 --- [clothlogix] [           main] o.s.b.f.s.DefaultListableBeanFactory     : Returning cached instance of singleton bean 'org.springframework.transaction.config.internalTransactionAdvisor'
2024-05-17T15:11:56.602+02:00 TRACE 4684 --- [clothlogix] [           main] o.s.b.f.s.DefaultListableBeanFactory     : Returning cached instance of singleton bean 'org.springframework.data.rest.webmvc.config.RepositoryRestMvcConfiguration'
2024-05-17T15:11:56.602+02:00 TRACE 4684 --- [clothlogix] [           main] o.s.b.f.s.DefaultListableBeanFactory     : Returning cached instance of singleton bean 'linkCollector'
2024-05-17T15:11:56.602+02:00 TRACE 4684 --- [clothlogix] [           main] o.s.b.f.s.DefaultListableBeanFactory     : Returning cached instance of singleton bean 'repositoryRestConfiguration'
2024-05-17T15:11:56.602+02:00 DEBUG 4684 --- [clothlogix] [           main] o.s.b.f.s.DefaultListableBeanFactory     : Autowiring by type from bean name 'halJacksonHttpMessageConverter' via factory method to bean named 'linkCollector'
2024-05-17T15:11:56.602+02:00 DEBUG 4684 --- [clothlogix] [           main] o.s.b.f.s.DefaultListableBeanFactory     : Autowiring by type from bean name 'halJacksonHttpMessageConverter' via factory method to bean named 'repositoryRestConfiguration'
2024-05-17T15:11:56.612+02:00 TRACE 4684 --- [clothlogix] [           main] o.s.b.f.s.DefaultListableBeanFactory     : Returning cached instance of singleton bean '_relProvider'
2024-05-17T15:11:56.612+02:00 TRACE 4684 --- [clothlogix] [           main] o.s.b.f.s.DefaultListableBeanFactory     : Returning cached instance of singleton bean 'applicationJsonHalConfiguration'
2024-05-17T15:11:56.615+02:00 TRACE 4684 --- [clothlogix] [           main] o.s.b.f.s.DefaultListableBeanFactory     : Returning cached instance of singleton bean 'messageResolver'
2024-05-17T15:11:56.622+02:00 TRACE 4684 --- [clothlogix] [           main] o.s.b.f.s.DefaultListableBeanFactory     : Returning cached instance of singleton bean 'jacksonObjectMapper'
2024-05-17T15:11:56.622+02:00 TRACE 4684 --- [clothlogix] [           main] o.s.b.f.s.DefaultListableBeanFactory     : Returning cached instance of singleton bean 'jacksonGeoModule'
2024-05-17T15:11:56.622+02:00 TRACE 4684 --- [clothlogix] [           main] o.s.b.f.s.DefaultListableBeanFactory     : Returning cached instance of singleton bean 'representationModelProcessorInvoker'
2024-05-17T15:11:56.630+02:00 TRACE 4684 --- [clothlogix] [           main] o.s.b.f.s.DefaultListableBeanFactory     : Returning cached instance of singleton bean 'org.springframework.transaction.config.internalTransactionAdvisor'
2024-05-17T15:11:56.630+02:00 TRACE 4684 --- [clothlogix] [           main] o.s.b.f.s.DefaultListableBeanFactory     : Returning cached instance of singleton bean 'org.springframework.transaction.config.internalTransactionAdvisor'
2024-05-17T15:11:56.632+02:00 TRACE 4684 --- [clothlogix] [           main] o.s.b.f.s.DefaultListableBeanFactory     : Finished creating instance of bean 'halJacksonHttpMessageConverter'
2024-05-17T15:11:56.632+02:00 DEBUG 4684 --- [clothlogix] [           main] o.s.b.f.s.DefaultListableBeanFactory     : Creating shared instance of singleton bean 'halFormsJacksonHttpMessageConverter'
2024-05-17T15:11:56.632+02:00 TRACE 4684 --- [clothlogix] [           main] o.s.b.f.s.DefaultListableBeanFactory     : Creating instance of bean 'halFormsJacksonHttpMessageConverter'
2024-05-17T15:11:56.632+02:00 TRACE 4684 --- [clothlogix] [           main] o.s.b.f.s.DefaultListableBeanFactory     : Returning cached instance of singleton bean 'org.springframework.transaction.config.internalTransactionAdvisor'
2024-05-17T15:11:56.632+02:00 TRACE 4684 --- [clothlogix] [           main] o.s.b.f.s.DefaultListableBeanFactory     : Returning cached instance of singleton bean 'org.springframework.data.rest.webmvc.config.RepositoryRestMvcConfiguration'
2024-05-17T15:11:56.632+02:00 TRACE 4684 --- [clothlogix] [           main] o.s.b.f.s.DefaultListableBeanFactory     : Returning cached instance of singleton bean 'linkCollector'
2024-05-17T15:11:56.632+02:00 DEBUG 4684 --- [clothlogix] [           main] o.s.b.f.s.DefaultListableBeanFactory     : Autowiring by type from bean name 'halFormsJacksonHttpMessageConverter' via factory method to bean named 'linkCollector'
2024-05-17T15:11:56.632+02:00 TRACE 4684 --- [clothlogix] [           main] o.s.b.f.s.DefaultListableBeanFactory     : Returning cached instance of singleton bean '_relProvider'
2024-05-17T15:11:56.632+02:00 TRACE 4684 --- [clothlogix] [           main] o.s.b.f.s.DefaultListableBeanFactory     : Returning cached instance of singleton bean 'applicationJsonHalConfiguration'
2024-05-17T15:11:56.632+02:00 TRACE 4684 --- [clothlogix] [           main] o.s.b.f.s.DefaultListableBeanFactory     : Returning cached instance of singleton bean 'jacksonObjectMapper'
2024-05-17T15:11:56.632+02:00 TRACE 4684 --- [clothlogix] [           main] o.s.b.f.s.DefaultListableBeanFactory     : Returning cached instance of singleton bean 'jacksonGeoModule'
2024-05-17T15:11:56.632+02:00 TRACE 4684 --- [clothlogix] [           main] o.s.b.f.s.DefaultListableBeanFactory     : Returning cached instance of singleton bean 'representationModelProcessorInvoker'
2024-05-17T15:11:56.637+02:00 TRACE 4684 --- [clothlogix] [           main] o.s.b.f.s.DefaultListableBeanFactory     : Returning cached instance of singleton bean 'messageResolver'
2024-05-17T15:11:56.637+02:00 TRACE 4684 --- [clothlogix] [           main] o.s.b.f.s.DefaultListableBeanFactory     : Returning cached instance of singleton bean 'org.springframework.transaction.config.internalTransactionAdvisor'
2024-05-17T15:11:56.637+02:00 TRACE 4684 --- [clothlogix] [           main] o.s.b.f.s.DefaultListableBeanFactory     : Returning cached instance of singleton bean 'org.springframework.transaction.config.internalTransactionAdvisor'
2024-05-17T15:11:56.637+02:00 TRACE 4684 --- [clothlogix] [           main] o.s.b.f.s.DefaultListableBeanFactory     : Finished creating instance of bean 'halFormsJacksonHttpMessageConverter'
2024-05-17T15:11:56.637+02:00 DEBUG 4684 --- [clothlogix] [           main] o.s.b.f.s.DefaultListableBeanFactory     : Creating shared instance of singleton bean 'uriListHttpMessageConverter'
2024-05-17T15:11:56.637+02:00 TRACE 4684 --- [clothlogix] [           main] o.s.b.f.s.DefaultListableBeanFactory     : Creating instance of bean 'uriListHttpMessageConverter'
2024-05-17T15:11:56.637+02:00 TRACE 4684 --- [clothlogix] [           main] o.s.b.f.s.DefaultListableBeanFactory     : Returning cached instance of singleton bean 'org.springframework.transaction.config.internalTransactionAdvisor'
2024-05-17T15:11:56.637+02:00 TRACE 4684 --- [clothlogix] [           main] o.s.b.f.s.DefaultListableBeanFactory     : Returning cached instance of singleton bean 'org.springframework.data.rest.webmvc.config.RepositoryRestMvcConfiguration'
2024-05-17T15:11:56.637+02:00 TRACE 4684 --- [clothlogix] [           main] o.s.b.f.s.DefaultListableBeanFactory     : Returning cached instance of singleton bean 'org.springframework.transaction.config.internalTransactionAdvisor'
2024-05-17T15:11:56.637+02:00 TRACE 4684 --- [clothlogix] [           main] o.s.b.f.s.DefaultListableBeanFactory     : Returning cached instance of singleton bean 'org.springframework.transaction.config.internalTransactionAdvisor'
2024-05-17T15:11:56.642+02:00 TRACE 4684 --- [clothlogix] [           main] o.s.b.f.s.DefaultListableBeanFactory     : Finished creating instance of bean 'uriListHttpMessageConverter'
2024-05-17T15:11:56.642+02:00 DEBUG 4684 --- [clothlogix] [           main] o.s.b.f.s.DefaultListableBeanFactory     : Creating shared instance of singleton bean 'alpsJsonHttpMessageConverter'
2024-05-17T15:11:56.642+02:00 TRACE 4684 --- [clothlogix] [           main] o.s.b.f.s.DefaultListableBeanFactory     : Creating instance of bean 'alpsJsonHttpMessageConverter'
2024-05-17T15:11:56.642+02:00 TRACE 4684 --- [clothlogix] [           main] o.s.b.f.s.DefaultListableBeanFactory     : Returning cached instance of singleton bean 'org.springframework.transaction.config.internalTransactionAdvisor'
2024-05-17T15:11:56.642+02:00 TRACE 4684 --- [clothlogix] [           main] o.s.b.f.s.DefaultListableBeanFactory     : Returning cached instance of singleton bean 'org.springframework.data.rest.webmvc.config.RepositoryRestMvcConfiguration'
2024-05-17T15:11:56.642+02:00 DEBUG 4684 --- [clothlogix] [           main] o.s.b.f.s.DefaultListableBeanFactory     : Creating shared instance of singleton bean 'alpsConverter'
2024-05-17T15:11:56.642+02:00 TRACE 4684 --- [clothlogix] [           main] o.s.b.f.s.DefaultListableBeanFactory     : Creating instance of bean 'alpsConverter'
2024-05-17T15:11:56.642+02:00 TRACE 4684 --- [clothlogix] [           main] o.s.b.f.s.DefaultListableBeanFactory     : Returning cached instance of singleton bean 'org.springframework.transaction.config.internalTransactionAdvisor'
2024-05-17T15:11:56.642+02:00 TRACE 4684 --- [clothlogix] [           main] o.s.b.f.s.DefaultListableBeanFactory     : Returning cached instance of singleton bean 'org.springframework.data.rest.webmvc.config.RepositoryRestMvcConfiguration'
2024-05-17T15:11:56.642+02:00 TRACE 4684 --- [clothlogix] [           main] o.s.b.f.s.DefaultListableBeanFactory     : Returning cached instance of singleton bean 'repositories'
2024-05-17T15:11:56.642+02:00 TRACE 4684 --- [clothlogix] [           main] o.s.b.f.s.DefaultListableBeanFactory     : Returning cached instance of singleton bean 'persistentEntities'
2024-05-17T15:11:56.642+02:00 TRACE 4684 --- [clothlogix] [           main] o.s.b.f.s.DefaultListableBeanFactory     : Returning cached instance of singleton bean 'entityLinks'
2024-05-17T15:11:56.646+02:00 DEBUG 4684 --- [clothlogix] [           main] o.s.b.f.s.DefaultListableBeanFactory     : Creating shared instance of singleton bean 'enumTranslator'
2024-05-17T15:11:56.646+02:00 TRACE 4684 --- [clothlogix] [           main] o.s.b.f.s.DefaultListableBeanFactory     : Creating instance of bean 'enumTranslator'
2024-05-17T15:11:56.646+02:00 TRACE 4684 --- [clothlogix] [           main] o.s.b.f.s.DefaultListableBeanFactory     : Returning cached instance of singleton bean 'org.springframework.transaction.config.internalTransactionAdvisor'
2024-05-17T15:11:56.646+02:00 TRACE 4684 --- [clothlogix] [           main] o.s.b.f.s.DefaultListableBeanFactory     : Returning cached instance of singleton bean 'org.springframework.data.rest.webmvc.config.RepositoryRestMvcConfiguration'
2024-05-17T15:11:56.646+02:00 TRACE 4684 --- [clothlogix] [           main] o.s.b.f.s.DefaultListableBeanFactory     : Returning cached instance of singleton bean 'messageResolver'
2024-05-17T15:11:56.646+02:00 DEBUG 4684 --- [clothlogix] [           main] o.s.b.f.s.DefaultListableBeanFactory     : Autowiring by type from bean name 'enumTranslator' via factory method to bean named 'messageResolver'
2024-05-17T15:11:56.646+02:00 TRACE 4684 --- [clothlogix] [           main] o.s.b.f.s.DefaultListableBeanFactory     : Returning cached instance of singleton bean 'org.springframework.transaction.config.internalTransactionAdvisor'
2024-05-17T15:11:56.646+02:00 TRACE 4684 --- [clothlogix] [           main] o.s.b.f.s.DefaultListableBeanFactory     : Returning cached instance of singleton bean 'org.springframework.transaction.config.internalTransactionAdvisor'
2024-05-17T15:11:56.646+02:00 TRACE 4684 --- [clothlogix] [           main] o.s.b.f.s.DefaultListableBeanFactory     : Finished creating instance of bean 'enumTranslator'
2024-05-17T15:11:56.646+02:00 TRACE 4684 --- [clothlogix] [           main] o.s.b.f.s.DefaultListableBeanFactory     : Returning cached instance of singleton bean 'associationLinks'
2024-05-17T15:11:56.646+02:00 TRACE 4684 --- [clothlogix] [           main] o.s.b.f.s.DefaultListableBeanFactory     : Returning cached instance of singleton bean 'repositoryRestConfiguration'
2024-05-17T15:11:56.646+02:00 DEBUG 4684 --- [clothlogix] [           main] o.s.b.f.s.DefaultListableBeanFactory     : Autowiring by type from bean name 'alpsConverter' via factory method to bean named 'repositories'
2024-05-17T15:11:56.646+02:00 DEBUG 4684 --- [clothlogix] [           main] o.s.b.f.s.DefaultListableBeanFactory     : Autowiring by type from bean name 'alpsConverter' via factory method to bean named 'persistentEntities'
2024-05-17T15:11:56.646+02:00 DEBUG 4684 --- [clothlogix] [           main] o.s.b.f.s.DefaultListableBeanFactory     : Autowiring by type from bean name 'alpsConverter' via factory method to bean named 'entityLinks'
2024-05-17T15:11:56.646+02:00 DEBUG 4684 --- [clothlogix] [           main] o.s.b.f.s.DefaultListableBeanFactory     : Autowiring by type from bean name 'alpsConverter' via factory method to bean named 'enumTranslator'
2024-05-17T15:11:56.646+02:00 DEBUG 4684 --- [clothlogix] [           main] o.s.b.f.s.DefaultListableBeanFactory     : Autowiring by type from bean name 'alpsConverter' via factory method to bean named 'associationLinks'
2024-05-17T15:11:56.646+02:00 DEBUG 4684 --- [clothlogix] [           main] o.s.b.f.s.DefaultListableBeanFactory     : Autowiring by type from bean name 'alpsConverter' via factory method to bean named 'repositoryRestConfiguration'
2024-05-17T15:11:56.652+02:00 TRACE 4684 --- [clothlogix] [           main] o.s.b.f.s.DefaultListableBeanFactory     : Returning cached instance of singleton bean 'messageResolver'
2024-05-17T15:11:56.652+02:00 TRACE 4684 --- [clothlogix] [           main] o.s.b.f.s.DefaultListableBeanFactory     : Returning cached instance of singleton bean 'org.springframework.transaction.config.internalTransactionAdvisor'
2024-05-17T15:11:56.652+02:00 TRACE 4684 --- [clothlogix] [           main] o.s.b.f.s.DefaultListableBeanFactory     : Returning cached instance of singleton bean 'org.springframework.transaction.config.internalTransactionAdvisor'
2024-05-17T15:11:56.652+02:00 TRACE 4684 --- [clothlogix] [           main] o.s.b.f.s.DefaultListableBeanFactory     : Finished creating instance of bean 'alpsConverter'
2024-05-17T15:11:56.652+02:00 DEBUG 4684 --- [clothlogix] [           main] o.s.b.f.s.DefaultListableBeanFactory     : Autowiring by type from bean name 'alpsJsonHttpMessageConverter' via factory method to bean named 'alpsConverter'
2024-05-17T15:11:56.652+02:00 TRACE 4684 --- [clothlogix] [           main] o.s.b.f.s.DefaultListableBeanFactory     : Returning cached instance of singleton bean 'org.springframework.transaction.config.internalTransactionAdvisor'
2024-05-17T15:11:56.652+02:00 TRACE 4684 --- [clothlogix] [           main] o.s.b.f.s.DefaultListableBeanFactory     : Returning cached instance of singleton bean 'org.springframework.transaction.config.internalTransactionAdvisor'
2024-05-17T15:11:56.662+02:00 TRACE 4684 --- [clothlogix] [           main] o.s.b.f.s.DefaultListableBeanFactory     : Finished creating instance of bean 'alpsJsonHttpMessageConverter'
2024-05-17T15:11:56.662+02:00 TRACE 4684 --- [clothlogix] [           main] o.s.b.f.s.DefaultListableBeanFactory     : Returning cached instance of singleton bean 'stringHttpMessageConverter'
2024-05-17T15:11:56.662+02:00 TRACE 4684 --- [clothlogix] [           main] o.s.b.f.s.DefaultListableBeanFactory     : Returning cached instance of singleton bean 'mappingJackson2HttpMessageConverter'
2024-05-17T15:11:56.662+02:00 TRACE 4684 --- [clothlogix] [           main] o.s.b.f.s.DefaultListableBeanFactory     : Returning cached instance of singleton bean 'jacksonHttpMessageConverter'
2024-05-17T15:11:56.662+02:00 TRACE 4684 --- [clothlogix] [           main] o.s.b.f.s.DefaultListableBeanFactory     : Returning cached instance of singleton bean 'halJacksonHttpMessageConverter'
2024-05-17T15:11:56.662+02:00 TRACE 4684 --- [clothlogix] [           main] o.s.b.f.s.DefaultListableBeanFactory     : Returning cached instance of singleton bean 'halFormsJacksonHttpMessageConverter'
2024-05-17T15:11:56.662+02:00 TRACE 4684 --- [clothlogix] [           main] o.s.b.f.s.DefaultListableBeanFactory     : Returning cached instance of singleton bean 'uriListHttpMessageConverter'
2024-05-17T15:11:56.662+02:00 TRACE 4684 --- [clothlogix] [           main] o.s.b.f.s.DefaultListableBeanFactory     : Returning cached instance of singleton bean 'alpsJsonHttpMessageConverter'
2024-05-17T15:11:56.662+02:00 TRACE 4684 --- [clothlogix] [           main] o.s.b.f.s.DefaultListableBeanFactory     : Returning cached instance of singleton bean 'org.springframework.transaction.config.internalTransactionAdvisor'
2024-05-17T15:11:56.662+02:00 TRACE 4684 --- [clothlogix] [           main] o.s.b.f.s.DefaultListableBeanFactory     : Returning cached instance of singleton bean 'org.springframework.transaction.config.internalTransactionAdvisor'
2024-05-17T15:11:56.662+02:00 TRACE 4684 --- [clothlogix] [           main] o.s.b.f.s.DefaultListableBeanFactory     : Finished creating instance of bean 'messageConverters'
2024-05-17T15:11:56.677+02:00 TRACE 4684 --- [clothlogix] [           main] o.s.b.f.s.DefaultListableBeanFactory     : Returning cached instance of singleton bean 'jacksonObjectMapper'
2024-05-17T15:11:56.752+02:00 TRACE 4684 --- [clothlogix] [           main] o.s.b.f.s.DefaultListableBeanFactory     : Invoking afterPropertiesSet() on bean with name 'routerFunctionMapping'
2024-05-17T15:11:56.757+02:00 TRACE 4684 --- [clothlogix] [           main] o.s.b.f.s.DefaultListableBeanFactory     : Returning cached instance of singleton bean 'org.springframework.transaction.config.internalTransactionAdvisor'
2024-05-17T15:11:56.757+02:00 TRACE 4684 --- [clothlogix] [           main] o.s.b.f.s.DefaultListableBeanFactory     : Returning cached instance of singleton bean 'org.springframework.transaction.config.internalTransactionAdvisor'
2024-05-17T15:11:56.757+02:00 TRACE 4684 --- [clothlogix] [           main] o.s.b.f.s.DefaultListableBeanFactory     : Finished creating instance of bean 'routerFunctionMapping'
2024-05-17T15:11:56.757+02:00 DEBUG 4684 --- [clothlogix] [           main] o.s.b.f.s.DefaultListableBeanFactory     : Creating shared instance of singleton bean 'resourceHandlerMapping'
2024-05-17T15:11:56.757+02:00 TRACE 4684 --- [clothlogix] [           main] o.s.b.f.s.DefaultListableBeanFactory     : Creating instance of bean 'resourceHandlerMapping'
2024-05-17T15:11:56.757+02:00 TRACE 4684 --- [clothlogix] [           main] o.s.b.f.s.DefaultListableBeanFactory     : Returning cached instance of singleton bean 'org.springframework.transaction.config.internalTransactionAdvisor'
2024-05-17T15:11:56.757+02:00 TRACE 4684 --- [clothlogix] [           main] o.s.b.f.s.DefaultListableBeanFactory     : Returning cached instance of singleton bean 'org.springframework.boot.autoconfigure.web.servlet.WebMvcAutoConfiguration$EnableWebMvcConfiguration'
2024-05-17T15:11:56.757+02:00 TRACE 4684 --- [clothlogix] [           main] o.s.b.f.s.DefaultListableBeanFactory     : Returning cached instance of singleton bean 'mvcContentNegotiationManager'
2024-05-17T15:11:56.757+02:00 TRACE 4684 --- [clothlogix] [           main] o.s.b.f.s.DefaultListableBeanFactory     : Returning cached instance of singleton bean 'mvcConversionService'
2024-05-17T15:11:56.757+02:00 TRACE 4684 --- [clothlogix] [           main] o.s.b.f.s.DefaultListableBeanFactory     : Returning cached instance of singleton bean 'mvcResourceUrlProvider'
2024-05-17T15:11:56.757+02:00 DEBUG 4684 --- [clothlogix] [           main] o.s.b.f.s.DefaultListableBeanFactory     : Autowiring by type from bean name 'resourceHandlerMapping' via factory method to bean named 'mvcContentNegotiationManager'
2024-05-17T15:11:56.757+02:00 DEBUG 4684 --- [clothlogix] [           main] o.s.b.f.s.DefaultListableBeanFactory     : Autowiring by type from bean name 'resourceHandlerMapping' via factory method to bean named 'mvcConversionService'
2024-05-17T15:11:56.757+02:00 DEBUG 4684 --- [clothlogix] [           main] o.s.b.f.s.DefaultListableBeanFactory     : Autowiring by type from bean name 'resourceHandlerMapping' via factory method to bean named 'mvcResourceUrlProvider'
2024-05-17T15:11:56.762+02:00 TRACE 4684 --- [clothlogix] [           main] o.s.c.io.support.SpringFactoriesLoader   : Loaded [org.springframework.data.rest.webmvc.config.StaticResourceProvider] names: []
2024-05-17T15:11:56.782+02:00 TRACE 4684 --- [clothlogix] [           main] o.s.w.s.handler.SimpleUrlHandlerMapping  : Mapped [/webjars/**] onto ResourceHttpRequestHandler [classpath [META-INF/resources/webjars/]]
2024-05-17T15:11:56.782+02:00 TRACE 4684 --- [clothlogix] [           main] o.s.w.s.handler.SimpleUrlHandlerMapping  : Mapped [/**] onto ResourceHttpRequestHandler [classpath [META-INF/resources/], classpath [resources/], classpath [static/], classpath [public/], ServletContext [/]]
2024-05-17T15:11:56.782+02:00 DEBUG 4684 --- [clothlogix] [           main] _.s.web.servlet.HandlerMapping.Mappings  : 'resourceHandlerMapping' {/webjars/**=ResourceHttpRequestHandler [classpath [META-INF/resources/webjars/]], /**=ResourceHttpRequestHandler [classpath [META-INF/resources/], classpath [resources/], classpath [static/], classpath [public/], ServletContext [/]]}
2024-05-17T15:11:56.782+02:00 TRACE 4684 --- [clothlogix] [           main] o.s.b.f.s.DefaultListableBeanFactory     : Returning cached instance of singleton bean 'org.springframework.transaction.config.internalTransactionAdvisor'
2024-05-17T15:11:56.787+02:00 TRACE 4684 --- [clothlogix] [           main] o.s.b.f.s.DefaultListableBeanFactory     : Returning cached instance of singleton bean 'org.springframework.transaction.config.internalTransactionAdvisor'
2024-05-17T15:11:56.788+02:00 TRACE 4684 --- [clothlogix] [           main] o.s.b.f.s.DefaultListableBeanFactory     : Finished creating instance of bean 'resourceHandlerMapping'
2024-05-17T15:11:56.788+02:00 TRACE 4684 --- [clothlogix] [           main] o.s.b.f.s.DefaultListableBeanFactory     : Returning cached instance of singleton bean 'mvcResourceUrlProvider'
2024-05-17T15:11:56.788+02:00 DEBUG 4684 --- [clothlogix] [           main] o.s.b.f.s.DefaultListableBeanFactory     : Creating shared instance of singleton bean 'defaultServletHandlerMapping'
2024-05-17T15:11:56.788+02:00 TRACE 4684 --- [clothlogix] [           main] o.s.b.f.s.DefaultListableBeanFactory     : Creating instance of bean 'defaultServletHandlerMapping'
2024-05-17T15:11:56.788+02:00 TRACE 4684 --- [clothlogix] [           main] o.s.b.f.s.DefaultListableBeanFactory     : Returning cached instance of singleton bean 'org.springframework.transaction.config.internalTransactionAdvisor'
2024-05-17T15:11:56.788+02:00 TRACE 4684 --- [clothlogix] [           main] o.s.b.f.s.DefaultListableBeanFactory     : Returning cached instance of singleton bean 'org.springframework.boot.autoconfigure.web.servlet.WebMvcAutoConfiguration$EnableWebMvcConfiguration'
2024-05-17T15:11:56.788+02:00 TRACE 4684 --- [clothlogix] [           main] o.s.b.f.s.DefaultListableBeanFactory     : Returning cached instance of singleton bean 'org.springframework.transaction.config.internalTransactionAdvisor'
2024-05-17T15:11:56.788+02:00 TRACE 4684 --- [clothlogix] [           main] o.s.b.f.s.DefaultListableBeanFactory     : Returning cached instance of singleton bean 'org.springframework.transaction.config.internalTransactionAdvisor'
2024-05-17T15:11:56.788+02:00 TRACE 4684 --- [clothlogix] [           main] o.s.b.f.s.DefaultListableBeanFactory     : Finished creating instance of bean 'defaultServletHandlerMapping'
2024-05-17T15:11:56.788+02:00 DEBUG 4684 --- [clothlogix] [           main] o.s.b.f.s.DefaultListableBeanFactory     : Creating shared instance of singleton bean 'requestMappingHandlerAdapter'
2024-05-17T15:11:56.788+02:00 TRACE 4684 --- [clothlogix] [           main] o.s.b.f.s.DefaultListableBeanFactory     : Creating instance of bean 'requestMappingHandlerAdapter'
2024-05-17T15:11:56.788+02:00 TRACE 4684 --- [clothlogix] [           main] o.s.b.f.s.DefaultListableBeanFactory     : Returning cached instance of singleton bean 'org.springframework.transaction.config.internalTransactionAdvisor'
2024-05-17T15:11:56.788+02:00 TRACE 4684 --- [clothlogix] [           main] o.s.b.f.s.DefaultListableBeanFactory     : Returning cached instance of singleton bean 'org.springframework.boot.autoconfigure.web.servlet.WebMvcAutoConfiguration$EnableWebMvcConfiguration'
2024-05-17T15:11:56.792+02:00 TRACE 4684 --- [clothlogix] [           main] o.s.b.f.s.DefaultListableBeanFactory     : Returning cached instance of singleton bean 'mvcContentNegotiationManager'
2024-05-17T15:11:56.792+02:00 TRACE 4684 --- [clothlogix] [           main] o.s.b.f.s.DefaultListableBeanFactory     : Returning cached instance of singleton bean 'mvcConversionService'
2024-05-17T15:11:56.792+02:00 TRACE 4684 --- [clothlogix] [           main] o.s.b.f.s.DefaultListableBeanFactory     : Returning cached instance of singleton bean 'mvcValidator'
2024-05-17T15:11:56.792+02:00 DEBUG 4684 --- [clothlogix] [           main] o.s.b.f.s.DefaultListableBeanFactory     : Autowiring by type from bean name 'requestMappingHandlerAdapter' via factory method to bean named 'mvcContentNegotiationManager'
2024-05-17T15:11:56.792+02:00 DEBUG 4684 --- [clothlogix] [           main] o.s.b.f.s.DefaultListableBeanFactory     : Autowiring by type from bean name 'requestMappingHandlerAdapter' via factory method to bean named 'mvcConversionService'
2024-05-17T15:11:56.792+02:00 DEBUG 4684 --- [clothlogix] [           main] o.s.b.f.s.DefaultListableBeanFactory     : Autowiring by type from bean name 'requestMappingHandlerAdapter' via factory method to bean named 'mvcValidator'
2024-05-17T15:11:56.812+02:00 DEBUG 4684 --- [clothlogix] [           main] o.s.b.f.s.DefaultListableBeanFactory     : Creating shared instance of singleton bean 'sortResolver'
2024-05-17T15:11:56.812+02:00 TRACE 4684 --- [clothlogix] [           main] o.s.b.f.s.DefaultListableBeanFactory     : Creating instance of bean 'sortResolver'
2024-05-17T15:11:56.812+02:00 TRACE 4684 --- [clothlogix] [           main] o.s.b.f.s.DefaultListableBeanFactory     : Returning cached instance of singleton bean 'org.springframework.transaction.config.internalTransactionAdvisor'
2024-05-17T15:11:56.812+02:00 TRACE 4684 --- [clothlogix] [           main] o.s.b.f.s.DefaultListableBeanFactory     : Returning cached instance of singleton bean 'org.springframework.data.rest.webmvc.config.RepositoryRestMvcConfiguration'
2024-05-17T15:11:56.820+02:00 TRACE 4684 --- [clothlogix] [           main] o.s.b.f.s.DefaultListableBeanFactory     : Returning cached instance of singleton bean 'org.springframework.transaction.config.internalTransactionAdvisor'
2024-05-17T15:11:56.822+02:00 TRACE 4684 --- [clothlogix] [           main] o.s.b.f.s.DefaultListableBeanFactory     : Returning cached instance of singleton bean 'org.springframework.transaction.config.internalTransactionAdvisor'
2024-05-17T15:11:56.822+02:00 TRACE 4684 --- [clothlogix] [           main] o.s.b.f.s.DefaultListableBeanFactory     : Finished creating instance of bean 'sortResolver'
2024-05-17T15:11:56.822+02:00 DEBUG 4684 --- [clothlogix] [           main] o.s.b.f.s.DefaultListableBeanFactory     : Creating shared instance of singleton bean 'pageableResolver'
2024-05-17T15:11:56.822+02:00 TRACE 4684 --- [clothlogix] [           main] o.s.b.f.s.DefaultListableBeanFactory     : Creating instance of bean 'pageableResolver'
2024-05-17T15:11:56.822+02:00 TRACE 4684 --- [clothlogix] [           main] o.s.b.f.s.DefaultListableBeanFactory     : Returning cached instance of singleton bean 'org.springframework.transaction.config.internalTransactionAdvisor'
2024-05-17T15:11:56.822+02:00 TRACE 4684 --- [clothlogix] [           main] o.s.b.f.s.DefaultListableBeanFactory     : Returning cached instance of singleton bean 'org.springframework.data.rest.webmvc.config.RepositoryRestMvcConfiguration'
2024-05-17T15:11:56.827+02:00 TRACE 4684 --- [clothlogix] [           main] o.s.b.f.s.DefaultListableBeanFactory     : Returning cached instance of singleton bean 'sortResolver'
2024-05-17T15:11:56.827+02:00 TRACE 4684 --- [clothlogix] [           main] o.s.b.f.s.DefaultListableBeanFactory     : Returning cached instance of singleton bean 'org.springframework.transaction.config.internalTransactionAdvisor'
2024-05-17T15:11:56.830+02:00 TRACE 4684 --- [clothlogix] [           main] o.s.b.f.s.DefaultListableBeanFactory     : Returning cached instance of singleton bean 'org.springframework.transaction.config.internalTransactionAdvisor'
2024-05-17T15:11:56.830+02:00 TRACE 4684 --- [clothlogix] [           main] o.s.b.f.s.DefaultListableBeanFactory     : Finished creating instance of bean 'pageableResolver'
2024-05-17T15:11:56.832+02:00 DEBUG 4684 --- [clothlogix] [           main] o.s.b.f.s.DefaultListableBeanFactory     : Creating shared instance of singleton bean 'pagedResourcesAssemblerArgumentResolver'
2024-05-17T15:11:56.832+02:00 TRACE 4684 --- [clothlogix] [           main] o.s.b.f.s.DefaultListableBeanFactory     : Creating instance of bean 'pagedResourcesAssemblerArgumentResolver'
2024-05-17T15:11:56.832+02:00 TRACE 4684 --- [clothlogix] [           main] o.s.b.f.s.DefaultListableBeanFactory     : Returning cached instance of singleton bean 'org.springframework.transaction.config.internalTransactionAdvisor'
2024-05-17T15:11:56.832+02:00 TRACE 4684 --- [clothlogix] [           main] o.s.b.f.s.DefaultListableBeanFactory     : Returning cached instance of singleton bean 'org.springframework.data.rest.webmvc.config.RepositoryRestMvcConfiguration'
2024-05-17T15:11:56.832+02:00 TRACE 4684 --- [clothlogix] [           main] o.s.b.f.s.DefaultListableBeanFactory     : Returning cached instance of singleton bean 'pageableResolver'
2024-05-17T15:11:56.836+02:00 TRACE 4684 --- [clothlogix] [           main] o.s.b.f.s.DefaultListableBeanFactory     : Returning cached instance of singleton bean 'org.springframework.transaction.config.internalTransactionAdvisor'
2024-05-17T15:11:56.836+02:00 TRACE 4684 --- [clothlogix] [           main] o.s.b.f.s.DefaultListableBeanFactory     : Returning cached instance of singleton bean 'org.springframework.transaction.config.internalTransactionAdvisor'
2024-05-17T15:11:56.836+02:00 TRACE 4684 --- [clothlogix] [           main] o.s.b.f.s.DefaultListableBeanFactory     : Finished creating instance of bean 'pagedResourcesAssemblerArgumentResolver'
2024-05-17T15:11:56.836+02:00 DEBUG 4684 --- [clothlogix] [           main] o.s.b.f.s.DefaultListableBeanFactory     : Creating shared instance of singleton bean 'slicedResourcesAssemblerArgumentResolver'
2024-05-17T15:11:56.836+02:00 TRACE 4684 --- [clothlogix] [           main] o.s.b.f.s.DefaultListableBeanFactory     : Creating instance of bean 'slicedResourcesAssemblerArgumentResolver'
2024-05-17T15:11:56.836+02:00 TRACE 4684 --- [clothlogix] [           main] o.s.b.f.s.DefaultListableBeanFactory     : Returning cached instance of singleton bean 'org.springframework.transaction.config.internalTransactionAdvisor'
2024-05-17T15:11:56.836+02:00 TRACE 4684 --- [clothlogix] [           main] o.s.b.f.s.DefaultListableBeanFactory     : Returning cached instance of singleton bean 'org.springframework.data.rest.webmvc.config.RepositoryRestMvcConfiguration'
2024-05-17T15:11:56.836+02:00 TRACE 4684 --- [clothlogix] [           main] o.s.b.f.s.DefaultListableBeanFactory     : Returning cached instance of singleton bean 'org.springframework.transaction.config.internalTransactionAdvisor'
2024-05-17T15:11:56.836+02:00 TRACE 4684 --- [clothlogix] [           main] o.s.b.f.s.DefaultListableBeanFactory     : Returning cached instance of singleton bean 'org.springframework.transaction.config.internalTransactionAdvisor'
2024-05-17T15:11:56.836+02:00 TRACE 4684 --- [clothlogix] [           main] o.s.b.f.s.DefaultListableBeanFactory     : Finished creating instance of bean 'slicedResourcesAssemblerArgumentResolver'
2024-05-17T15:11:56.847+02:00 DEBUG 4684 --- [clothlogix] [           main] o.s.b.f.s.DefaultListableBeanFactory     : Creating shared instance of singleton bean 'applicationTaskExecutor'
2024-05-17T15:11:56.847+02:00 TRACE 4684 --- [clothlogix] [           main] o.s.b.f.s.DefaultListableBeanFactory     : Creating instance of bean 'applicationTaskExecutor'
2024-05-17T15:11:56.847+02:00 TRACE 4684 --- [clothlogix] [           main] o.s.b.f.s.DefaultListableBeanFactory     : Returning cached instance of singleton bean 'org.springframework.transaction.config.internalTransactionAdvisor'
2024-05-17T15:11:56.847+02:00 TRACE 4684 --- [clothlogix] [           main] o.s.b.f.s.DefaultListableBeanFactory     : Returning cached instance of singleton bean 'org.springframework.boot.autoconfigure.task.TaskExecutorConfigurations$TaskExecutorConfiguration'
2024-05-17T15:11:56.847+02:00 TRACE 4684 --- [clothlogix] [           main] o.s.b.f.s.DefaultListableBeanFactory     : Returning cached instance of singleton bean 'taskExecutorBuilder'
2024-05-17T15:11:56.847+02:00 DEBUG 4684 --- [clothlogix] [           main] o.s.b.f.s.DefaultListableBeanFactory     : Autowiring by type from bean name 'applicationTaskExecutor' via factory method to bean named 'taskExecutorBuilder'
2024-05-17T15:11:56.847+02:00 TRACE 4684 --- [clothlogix] [           main] o.s.b.f.s.DefaultListableBeanFactory     : Returning cached instance of singleton bean 'threadPoolTaskExecutorBuilder'
2024-05-17T15:11:56.852+02:00 TRACE 4684 --- [clothlogix] [           main] o.s.b.f.s.DefaultListableBeanFactory     : Invoking afterPropertiesSet() on bean with name 'applicationTaskExecutor'
2024-05-17T15:11:56.852+02:00 DEBUG 4684 --- [clothlogix] [           main] o.s.s.concurrent.ThreadPoolTaskExecutor  : Initializing ExecutorService 'applicationTaskExecutor'
2024-05-17T15:11:56.852+02:00 TRACE 4684 --- [clothlogix] [           main] o.s.b.f.s.DefaultListableBeanFactory     : Returning cached instance of singleton bean 'org.springframework.transaction.config.internalTransactionAdvisor'
2024-05-17T15:11:56.852+02:00 TRACE 4684 --- [clothlogix] [           main] o.s.b.f.s.DefaultListableBeanFactory     : Returning cached instance of singleton bean 'org.springframework.transaction.config.internalTransactionAdvisor'
2024-05-17T15:11:56.862+02:00 TRACE 4684 --- [clothlogix] [           main] o.s.b.f.s.DefaultListableBeanFactory     : Finished creating instance of bean 'applicationTaskExecutor'
2024-05-17T15:11:56.868+02:00 TRACE 4684 --- [clothlogix] [           main] o.s.b.f.s.DefaultListableBeanFactory     : Invoking afterPropertiesSet() on bean with name 'requestMappingHandlerAdapter'
2024-05-17T15:11:56.892+02:00 DEBUG 4684 --- [clothlogix] [           main] s.w.s.m.m.a.RequestMappingHandlerAdapter : ControllerAdvice beans: 0 @ModelAttribute, 0 @InitBinder, 1 RequestBodyAdvice, 1 ResponseBodyAdvice
2024-05-17T15:11:56.952+02:00 TRACE 4684 --- [clothlogix] [           main] o.s.b.f.s.DefaultListableBeanFactory     : Returning cached instance of singleton bean 'org.springframework.transaction.config.internalTransactionAdvisor'
2024-05-17T15:11:56.952+02:00 TRACE 4684 --- [clothlogix] [           main] o.s.b.f.s.DefaultListableBeanFactory     : Returning cached instance of singleton bean 'org.springframework.transaction.config.internalTransactionAdvisor'
2024-05-17T15:11:56.964+02:00 TRACE 4684 --- [clothlogix] [           main] o.s.b.f.s.DefaultListableBeanFactory     : Finished creating instance of bean 'requestMappingHandlerAdapter'
2024-05-17T15:11:56.964+02:00 DEBUG 4684 --- [clothlogix] [           main] o.s.b.f.s.DefaultListableBeanFactory     : Creating shared instance of singleton bean 'handlerFunctionAdapter'
2024-05-17T15:11:56.964+02:00 TRACE 4684 --- [clothlogix] [           main] o.s.b.f.s.DefaultListableBeanFactory     : Creating instance of bean 'handlerFunctionAdapter'
2024-05-17T15:11:56.964+02:00 TRACE 4684 --- [clothlogix] [           main] o.s.b.f.s.DefaultListableBeanFactory     : Returning cached instance of singleton bean 'org.springframework.transaction.config.internalTransactionAdvisor'
2024-05-17T15:11:56.964+02:00 TRACE 4684 --- [clothlogix] [           main] o.s.b.f.s.DefaultListableBeanFactory     : Returning cached instance of singleton bean 'org.springframework.boot.autoconfigure.web.servlet.WebMvcAutoConfiguration$EnableWebMvcConfiguration'
2024-05-17T15:11:56.964+02:00 TRACE 4684 --- [clothlogix] [           main] o.s.b.f.s.DefaultListableBeanFactory     : Returning cached instance of singleton bean 'org.springframework.transaction.config.internalTransactionAdvisor'
2024-05-17T15:11:56.964+02:00 TRACE 4684 --- [clothlogix] [           main] o.s.b.f.s.DefaultListableBeanFactory     : Returning cached instance of singleton bean 'org.springframework.transaction.config.internalTransactionAdvisor'
2024-05-17T15:11:56.964+02:00 TRACE 4684 --- [clothlogix] [           main] o.s.b.f.s.DefaultListableBeanFactory     : Finished creating instance of bean 'handlerFunctionAdapter'
2024-05-17T15:11:56.964+02:00 DEBUG 4684 --- [clothlogix] [           main] o.s.b.f.s.DefaultListableBeanFactory     : Creating shared instance of singleton bean 'mvcUriComponentsContributor'
2024-05-17T15:11:56.964+02:00 TRACE 4684 --- [clothlogix] [           main] o.s.b.f.s.DefaultListableBeanFactory     : Creating instance of bean 'mvcUriComponentsContributor'
2024-05-17T15:11:56.964+02:00 TRACE 4684 --- [clothlogix] [           main] o.s.b.f.s.DefaultListableBeanFactory     : Returning cached instance of singleton bean 'org.springframework.transaction.config.internalTransactionAdvisor'
2024-05-17T15:11:56.964+02:00 TRACE 4684 --- [clothlogix] [           main] o.s.b.f.s.DefaultListableBeanFactory     : Returning cached instance of singleton bean 'org.springframework.boot.autoconfigure.web.servlet.WebMvcAutoConfiguration$EnableWebMvcConfiguration'
2024-05-17T15:11:56.964+02:00 TRACE 4684 --- [clothlogix] [           main] o.s.b.f.s.DefaultListableBeanFactory     : Returning cached instance of singleton bean 'mvcConversionService'
2024-05-17T15:11:56.964+02:00 TRACE 4684 --- [clothlogix] [           main] o.s.b.f.s.DefaultListableBeanFactory     : Returning cached instance of singleton bean 'requestMappingHandlerAdapter'
2024-05-17T15:11:56.964+02:00 DEBUG 4684 --- [clothlogix] [           main] o.s.b.f.s.DefaultListableBeanFactory     : Autowiring by type from bean name 'mvcUriComponentsContributor' via factory method to bean named 'mvcConversionService'
2024-05-17T15:11:56.964+02:00 DEBUG 4684 --- [clothlogix] [           main] o.s.b.f.s.DefaultListableBeanFactory     : Autowiring by type from bean name 'mvcUriComponentsContributor' via factory method to bean named 'requestMappingHandlerAdapter'
2024-05-17T15:11:56.964+02:00 TRACE 4684 --- [clothlogix] [           main] o.s.b.f.s.DefaultListableBeanFactory     : Returning cached instance of singleton bean 'org.springframework.transaction.config.internalTransactionAdvisor'
2024-05-17T15:11:56.972+02:00 TRACE 4684 --- [clothlogix] [           main] o.s.b.f.s.DefaultListableBeanFactory     : Returning cached instance of singleton bean 'org.springframework.transaction.config.internalTransactionAdvisor'
2024-05-17T15:11:56.972+02:00 TRACE 4684 --- [clothlogix] [           main] o.s.b.f.s.DefaultListableBeanFactory     : Finished creating instance of bean 'mvcUriComponentsContributor'
2024-05-17T15:11:56.972+02:00 DEBUG 4684 --- [clothlogix] [           main] o.s.b.f.s.DefaultListableBeanFactory     : Creating shared instance of singleton bean 'httpRequestHandlerAdapter'
2024-05-17T15:11:56.972+02:00 TRACE 4684 --- [clothlogix] [           main] o.s.b.f.s.DefaultListableBeanFactory     : Creating instance of bean 'httpRequestHandlerAdapter'
2024-05-17T15:11:56.972+02:00 TRACE 4684 --- [clothlogix] [           main] o.s.b.f.s.DefaultListableBeanFactory     : Returning cached instance of singleton bean 'org.springframework.transaction.config.internalTransactionAdvisor'
2024-05-17T15:11:56.972+02:00 TRACE 4684 --- [clothlogix] [           main] o.s.b.f.s.DefaultListableBeanFactory     : Returning cached instance of singleton bean 'org.springframework.boot.autoconfigure.web.servlet.WebMvcAutoConfiguration$EnableWebMvcConfiguration'
2024-05-17T15:11:56.972+02:00 TRACE 4684 --- [clothlogix] [           main] o.s.b.f.s.DefaultListableBeanFactory     : Returning cached instance of singleton bean 'org.springframework.transaction.config.internalTransactionAdvisor'
2024-05-17T15:11:56.972+02:00 TRACE 4684 --- [clothlogix] [           main] o.s.b.f.s.DefaultListableBeanFactory     : Returning cached instance of singleton bean 'org.springframework.transaction.config.internalTransactionAdvisor'
2024-05-17T15:11:56.972+02:00 TRACE 4684 --- [clothlogix] [           main] o.s.b.f.s.DefaultListableBeanFactory     : Finished creating instance of bean 'httpRequestHandlerAdapter'
2024-05-17T15:11:56.972+02:00 DEBUG 4684 --- [clothlogix] [           main] o.s.b.f.s.DefaultListableBeanFactory     : Creating shared instance of singleton bean 'simpleControllerHandlerAdapter'
2024-05-17T15:11:56.972+02:00 TRACE 4684 --- [clothlogix] [           main] o.s.b.f.s.DefaultListableBeanFactory     : Creating instance of bean 'simpleControllerHandlerAdapter'
2024-05-17T15:11:56.972+02:00 TRACE 4684 --- [clothlogix] [           main] o.s.b.f.s.DefaultListableBeanFactory     : Returning cached instance of singleton bean 'org.springframework.transaction.config.internalTransactionAdvisor'
2024-05-17T15:11:56.972+02:00 TRACE 4684 --- [clothlogix] [           main] o.s.b.f.s.DefaultListableBeanFactory     : Returning cached instance of singleton bean 'org.springframework.boot.autoconfigure.web.servlet.WebMvcAutoConfiguration$EnableWebMvcConfiguration'
2024-05-17T15:11:56.972+02:00 TRACE 4684 --- [clothlogix] [           main] o.s.b.f.s.DefaultListableBeanFactory     : Returning cached instance of singleton bean 'org.springframework.transaction.config.internalTransactionAdvisor'
2024-05-17T15:11:56.972+02:00 TRACE 4684 --- [clothlogix] [           main] o.s.b.f.s.DefaultListableBeanFactory     : Returning cached instance of singleton bean 'org.springframework.transaction.config.internalTransactionAdvisor'
2024-05-17T15:11:56.972+02:00 TRACE 4684 --- [clothlogix] [           main] o.s.b.f.s.DefaultListableBeanFactory     : Finished creating instance of bean 'simpleControllerHandlerAdapter'
2024-05-17T15:11:56.972+02:00 DEBUG 4684 --- [clothlogix] [           main] o.s.b.f.s.DefaultListableBeanFactory     : Creating shared instance of singleton bean 'handlerExceptionResolver'
2024-05-17T15:11:56.972+02:00 TRACE 4684 --- [clothlogix] [           main] o.s.b.f.s.DefaultListableBeanFactory     : Creating instance of bean 'handlerExceptionResolver'
2024-05-17T15:11:56.972+02:00 TRACE 4684 --- [clothlogix] [           main] o.s.b.f.s.DefaultListableBeanFactory     : Returning cached instance of singleton bean 'org.springframework.transaction.config.internalTransactionAdvisor'
2024-05-17T15:11:56.972+02:00 TRACE 4684 --- [clothlogix] [           main] o.s.b.f.s.DefaultListableBeanFactory     : Returning cached instance of singleton bean 'org.springframework.boot.autoconfigure.web.servlet.WebMvcAutoConfiguration$EnableWebMvcConfiguration'
2024-05-17T15:11:56.972+02:00 TRACE 4684 --- [clothlogix] [           main] o.s.b.f.s.DefaultListableBeanFactory     : Returning cached instance of singleton bean 'mvcContentNegotiationManager'
2024-05-17T15:11:56.972+02:00 DEBUG 4684 --- [clothlogix] [           main] o.s.b.f.s.DefaultListableBeanFactory     : Autowiring by type from bean name 'handlerExceptionResolver' via factory method to bean named 'mvcContentNegotiationManager'
2024-05-17T15:11:56.982+02:00 DEBUG 4684 --- [clothlogix] [           main] .m.m.a.ExceptionHandlerExceptionResolver : ControllerAdvice beans: 1 @ExceptionHandler, 1 ResponseBodyAdvice
2024-05-17T15:11:56.992+02:00 TRACE 4684 --- [clothlogix] [           main] o.s.b.f.s.DefaultListableBeanFactory     : Returning cached instance of singleton bean 'selfLinkProvider'
2024-05-17T15:11:56.992+02:00 DEBUG 4684 --- [clothlogix] [           main] o.s.b.f.s.DefaultListableBeanFactory     : Creating shared instance of singleton bean 'persistentEntityArgumentResolver'
2024-05-17T15:11:56.992+02:00 TRACE 4684 --- [clothlogix] [           main] o.s.b.f.s.DefaultListableBeanFactory     : Creating instance of bean 'persistentEntityArgumentResolver'
2024-05-17T15:11:56.992+02:00 TRACE 4684 --- [clothlogix] [           main] o.s.b.f.s.DefaultListableBeanFactory     : Returning cached instance of singleton bean 'org.springframework.transaction.config.internalTransactionAdvisor'
2024-05-17T15:11:56.992+02:00 TRACE 4684 --- [clothlogix] [           main] o.s.b.f.s.DefaultListableBeanFactory     : Returning cached instance of singleton bean 'org.springframework.data.rest.webmvc.config.RepositoryRestMvcConfiguration'
2024-05-17T15:11:56.996+02:00 DEBUG 4684 --- [clothlogix] [           main] o.s.b.f.s.DefaultListableBeanFactory     : Creating shared instance of singleton bean 'defaultMessageConverters'
2024-05-17T15:11:56.996+02:00 TRACE 4684 --- [clothlogix] [           main] o.s.b.f.s.DefaultListableBeanFactory     : Creating instance of bean 'defaultMessageConverters'
2024-05-17T15:11:56.996+02:00 TRACE 4684 --- [clothlogix] [           main] o.s.b.f.s.DefaultListableBeanFactory     : Returning cached instance of singleton bean 'org.springframework.transaction.config.internalTransactionAdvisor'
2024-05-17T15:11:56.996+02:00 TRACE 4684 --- [clothlogix] [           main] o.s.b.f.s.DefaultListableBeanFactory     : Returning cached instance of singleton bean 'org.springframework.data.rest.webmvc.config.RepositoryRestMvcConfiguration'
2024-05-17T15:11:56.996+02:00 TRACE 4684 --- [clothlogix] [           main] o.s.b.f.s.DefaultListableBeanFactory     : Returning cached instance of singleton bean 'jacksonHttpMessageConverter'
2024-05-17T15:11:56.996+02:00 TRACE 4684 --- [clothlogix] [           main] o.s.b.f.s.DefaultListableBeanFactory     : Returning cached instance of singleton bean 'halJacksonHttpMessageConverter'
2024-05-17T15:11:56.996+02:00 TRACE 4684 --- [clothlogix] [           main] o.s.b.f.s.DefaultListableBeanFactory     : Returning cached instance of singleton bean 'halFormsJacksonHttpMessageConverter'
2024-05-17T15:11:56.996+02:00 TRACE 4684 --- [clothlogix] [           main] o.s.b.f.s.DefaultListableBeanFactory     : Returning cached instance of singleton bean 'alpsJsonHttpMessageConverter'
2024-05-17T15:11:56.996+02:00 TRACE 4684 --- [clothlogix] [           main] o.s.b.f.s.DefaultListableBeanFactory     : Returning cached instance of singleton bean 'uriListHttpMessageConverter'
2024-05-17T15:11:56.996+02:00 TRACE 4684 --- [clothlogix] [           main] o.s.b.f.s.DefaultListableBeanFactory     : Returning cached instance of singleton bean 'repositoryRestConfiguration'
2024-05-17T15:11:56.996+02:00 DEBUG 4684 --- [clothlogix] [           main] o.s.b.f.s.DefaultListableBeanFactory     : Autowiring by type from bean name 'defaultMessageConverters' via factory method to bean named 'jacksonHttpMessageConverter'
2024-05-17T15:11:56.996+02:00 DEBUG 4684 --- [clothlogix] [           main] o.s.b.f.s.DefaultListableBeanFactory     : Autowiring by type from bean name 'defaultMessageConverters' via factory method to bean named 'halJacksonHttpMessageConverter'
2024-05-17T15:11:56.996+02:00 DEBUG 4684 --- [clothlogix] [           main] o.s.b.f.s.DefaultListableBeanFactory     : Autowiring by type from bean name 'defaultMessageConverters' via factory method to bean named 'halFormsJacksonHttpMessageConverter'
2024-05-17T15:11:56.996+02:00 DEBUG 4684 --- [clothlogix] [           main] o.s.b.f.s.DefaultListableBeanFactory     : Autowiring by type from bean name 'defaultMessageConverters' via factory method to bean named 'alpsJsonHttpMessageConverter'
2024-05-17T15:11:56.996+02:00 DEBUG 4684 --- [clothlogix] [           main] o.s.b.f.s.DefaultListableBeanFactory     : Autowiring by type from bean name 'defaultMessageConverters' via factory method to bean named 'uriListHttpMessageConverter'
2024-05-17T15:11:56.996+02:00 DEBUG 4684 --- [clothlogix] [           main] o.s.b.f.s.DefaultListableBeanFactory     : Autowiring by type from bean name 'defaultMessageConverters' via factory method to bean named 'repositoryRestConfiguration'
2024-05-17T15:11:57.002+02:00 TRACE 4684 --- [clothlogix] [           main] o.s.b.f.s.DefaultListableBeanFactory     : Returning cached instance of singleton bean 'jacksonObjectMapper'
2024-05-17T15:11:57.002+02:00 TRACE 4684 --- [clothlogix] [           main] o.s.b.f.s.DefaultListableBeanFactory     : Returning cached instance of singleton bean 'jacksonGeoModule'
2024-05-17T15:11:57.002+02:00 TRACE 4684 --- [clothlogix] [           main] o.s.b.f.s.DefaultListableBeanFactory     : Returning cached instance of singleton bean 'org.springframework.transaction.config.internalTransactionAdvisor'
2024-05-17T15:11:57.002+02:00 TRACE 4684 --- [clothlogix] [           main] o.s.b.f.s.DefaultListableBeanFactory     : Returning cached instance of singleton bean 'org.springframework.transaction.config.internalTransactionAdvisor'
2024-05-17T15:11:57.002+02:00 TRACE 4684 --- [clothlogix] [           main] o.s.b.f.s.DefaultListableBeanFactory     : Finished creating instance of bean 'defaultMessageConverters'
2024-05-17T15:11:57.002+02:00 DEBUG 4684 --- [clothlogix] [           main] o.s.b.f.s.DefaultListableBeanFactory     : Creating shared instance of singleton bean 'repoRequestArgumentResolver'
2024-05-17T15:11:57.002+02:00 TRACE 4684 --- [clothlogix] [           main] o.s.b.f.s.DefaultListableBeanFactory     : Creating instance of bean 'repoRequestArgumentResolver'
2024-05-17T15:11:57.002+02:00 TRACE 4684 --- [clothlogix] [           main] o.s.b.f.s.DefaultListableBeanFactory     : Returning cached instance of singleton bean 'org.springframework.transaction.config.internalTransactionAdvisor'
2024-05-17T15:11:57.002+02:00 TRACE 4684 --- [clothlogix] [           main] o.s.b.f.s.DefaultListableBeanFactory     : Returning cached instance of singleton bean 'org.springframework.data.rest.webmvc.config.RepositoryRestMvcConfiguration'
2024-05-17T15:11:57.002+02:00 TRACE 4684 --- [clothlogix] [           main] o.s.b.f.s.DefaultListableBeanFactory     : Returning cached instance of singleton bean 'repositories'
2024-05-17T15:11:57.002+02:00 DEBUG 4684 --- [clothlogix] [           main] o.s.b.f.s.DefaultListableBeanFactory     : Creating shared instance of singleton bean 'resourceMetadataHandlerMethodArgumentResolver'
2024-05-17T15:11:57.002+02:00 TRACE 4684 --- [clothlogix] [           main] o.s.b.f.s.DefaultListableBeanFactory     : Creating instance of bean 'resourceMetadataHandlerMethodArgumentResolver'
2024-05-17T15:11:57.002+02:00 TRACE 4684 --- [clothlogix] [           main] o.s.b.f.s.DefaultListableBeanFactory     : Returning cached instance of singleton bean 'org.springframework.transaction.config.internalTransactionAdvisor'
2024-05-17T15:11:57.002+02:00 TRACE 4684 --- [clothlogix] [           main] o.s.b.f.s.DefaultListableBeanFactory     : Returning cached instance of singleton bean 'org.springframework.data.rest.webmvc.config.RepositoryRestMvcConfiguration'
2024-05-17T15:11:57.002+02:00 TRACE 4684 --- [clothlogix] [           main] o.s.b.f.s.DefaultListableBeanFactory     : Returning cached instance of singleton bean 'repositories'
2024-05-17T15:11:57.002+02:00 TRACE 4684 --- [clothlogix] [           main] o.s.b.f.s.DefaultListableBeanFactory     : Returning cached instance of singleton bean 'resourceMappings'
2024-05-17T15:11:57.002+02:00 DEBUG 4684 --- [clothlogix] [           main] o.s.b.f.s.DefaultListableBeanFactory     : Creating shared instance of singleton bean 'baseUri'
2024-05-17T15:11:57.002+02:00 TRACE 4684 --- [clothlogix] [           main] o.s.b.f.s.DefaultListableBeanFactory     : Creating instance of bean 'baseUri'
2024-05-17T15:11:57.002+02:00 TRACE 4684 --- [clothlogix] [           main] o.s.b.f.s.DefaultListableBeanFactory     : Returning cached instance of singleton bean 'org.springframework.transaction.config.internalTransactionAdvisor'
2024-05-17T15:11:57.002+02:00 TRACE 4684 --- [clothlogix] [           main] o.s.b.f.s.DefaultListableBeanFactory     : Returning cached instance of singleton bean 'org.springframework.data.rest.webmvc.config.RepositoryRestMvcConfiguration'
2024-05-17T15:11:57.002+02:00 TRACE 4684 --- [clothlogix] [           main] o.s.b.f.s.DefaultListableBeanFactory     : Returning cached instance of singleton bean 'repositoryRestConfiguration'
2024-05-17T15:11:57.002+02:00 DEBUG 4684 --- [clothlogix] [           main] o.s.b.f.s.DefaultListableBeanFactory     : Autowiring by type from bean name 'baseUri' via factory method to bean named 'repositoryRestConfiguration'
2024-05-17T15:11:57.007+02:00 TRACE 4684 --- [clothlogix] [           main] o.s.b.f.s.DefaultListableBeanFactory     : Returning cached instance of singleton bean 'org.springframework.transaction.config.internalTransactionAdvisor'
2024-05-17T15:11:57.007+02:00 TRACE 4684 --- [clothlogix] [           main] o.s.b.f.s.DefaultListableBeanFactory     : Returning cached instance of singleton bean 'org.springframework.transaction.config.internalTransactionAdvisor'
2024-05-17T15:11:57.007+02:00 TRACE 4684 --- [clothlogix] [           main] o.s.b.f.s.DefaultListableBeanFactory     : Finished creating instance of bean 'baseUri'
2024-05-17T15:11:57.007+02:00 DEBUG 4684 --- [clothlogix] [           main] o.s.b.f.s.DefaultListableBeanFactory     : Autowiring by type from bean name 'resourceMetadataHandlerMethodArgumentResolver' via factory method to bean named 'repositories'
2024-05-17T15:11:57.007+02:00 DEBUG 4684 --- [clothlogix] [           main] o.s.b.f.s.DefaultListableBeanFactory     : Autowiring by type from bean name 'resourceMetadataHandlerMethodArgumentResolver' via factory method to bean named 'resourceMappings'
2024-05-17T15:11:57.007+02:00 DEBUG 4684 --- [clothlogix] [           main] o.s.b.f.s.DefaultListableBeanFactory     : Autowiring by type from bean name 'resourceMetadataHandlerMethodArgumentResolver' via factory method to bean named 'baseUri'
2024-05-17T15:11:57.007+02:00 TRACE 4684 --- [clothlogix] [           main] o.s.b.f.s.DefaultListableBeanFactory     : Returning cached instance of singleton bean 'org.springframework.transaction.config.internalTransactionAdvisor'
2024-05-17T15:11:57.007+02:00 TRACE 4684 --- [clothlogix] [           main] o.s.b.f.s.DefaultListableBeanFactory     : Returning cached instance of singleton bean 'org.springframework.transaction.config.internalTransactionAdvisor'
2024-05-17T15:11:57.007+02:00 TRACE 4684 --- [clothlogix] [           main] o.s.b.f.s.DefaultListableBeanFactory     : Finished creating instance of bean 'resourceMetadataHandlerMethodArgumentResolver'
2024-05-17T15:11:57.007+02:00 TRACE 4684 --- [clothlogix] [           main] o.s.b.f.s.DefaultListableBeanFactory     : Returning cached instance of singleton bean 'repositoryInvokerFactory'
2024-05-17T15:11:57.007+02:00 DEBUG 4684 --- [clothlogix] [           main] o.s.b.f.s.DefaultListableBeanFactory     : Autowiring by type from bean name 'repoRequestArgumentResolver' via factory method to bean named 'repositories'
2024-05-17T15:11:57.007+02:00 DEBUG 4684 --- [clothlogix] [           main] o.s.b.f.s.DefaultListableBeanFactory     : Autowiring by type from bean name 'repoRequestArgumentResolver' via factory method to bean named 'resourceMetadataHandlerMethodArgumentResolver'
2024-05-17T15:11:57.007+02:00 DEBUG 4684 --- [clothlogix] [           main] o.s.b.f.s.DefaultListableBeanFactory     : Autowiring by type from bean name 'repoRequestArgumentResolver' via factory method to bean named 'repositoryInvokerFactory'
2024-05-17T15:11:57.012+02:00 TRACE 4684 --- [clothlogix] [           main] o.s.b.f.s.DefaultListableBeanFactory     : Returning cached instance of singleton bean 'org.springframework.transaction.config.internalTransactionAdvisor'
2024-05-17T15:11:57.012+02:00 TRACE 4684 --- [clothlogix] [           main] o.s.b.f.s.DefaultListableBeanFactory     : Returning cached instance of singleton bean 'org.springframework.transaction.config.internalTransactionAdvisor'
2024-05-17T15:11:57.012+02:00 TRACE 4684 --- [clothlogix] [           main] o.s.b.f.s.DefaultListableBeanFactory     : Finished creating instance of bean 'repoRequestArgumentResolver'
2024-05-17T15:11:57.012+02:00 TRACE 4684 --- [clothlogix] [           main] o.s.b.f.s.DefaultListableBeanFactory     : Returning cached instance of singleton bean 'associationLinks'
2024-05-17T15:11:57.012+02:00 DEBUG 4684 --- [clothlogix] [           main] o.s.b.f.s.DefaultListableBeanFactory     : Creating shared instance of singleton bean 'backendIdHandlerMethodArgumentResolver'
2024-05-17T15:11:57.012+02:00 TRACE 4684 --- [clothlogix] [           main] o.s.b.f.s.DefaultListableBeanFactory     : Creating instance of bean 'backendIdHandlerMethodArgumentResolver'
2024-05-17T15:11:57.012+02:00 TRACE 4684 --- [clothlogix] [           main] o.s.b.f.s.DefaultListableBeanFactory     : Returning cached instance of singleton bean 'org.springframework.transaction.config.internalTransactionAdvisor'
2024-05-17T15:11:57.012+02:00 TRACE 4684 --- [clothlogix] [           main] o.s.b.f.s.DefaultListableBeanFactory     : Returning cached instance of singleton bean 'org.springframework.data.rest.webmvc.config.RepositoryRestMvcConfiguration'
2024-05-17T15:11:57.012+02:00 TRACE 4684 --- [clothlogix] [           main] o.s.b.f.s.DefaultListableBeanFactory     : Returning cached instance of singleton bean 'backendIdConverterRegistry'
2024-05-17T15:11:57.012+02:00 TRACE 4684 --- [clothlogix] [           main] o.s.b.f.s.DefaultListableBeanFactory     : Returning cached instance of singleton bean 'resourceMetadataHandlerMethodArgumentResolver'
2024-05-17T15:11:57.012+02:00 TRACE 4684 --- [clothlogix] [           main] o.s.b.f.s.DefaultListableBeanFactory     : Returning cached instance of singleton bean 'baseUri'
2024-05-17T15:11:57.012+02:00 DEBUG 4684 --- [clothlogix] [           main] o.s.b.f.s.DefaultListableBeanFactory     : Autowiring by type from bean name 'backendIdHandlerMethodArgumentResolver' via factory method to bean named 'backendIdConverterRegistry'
2024-05-17T15:11:57.012+02:00 DEBUG 4684 --- [clothlogix] [           main] o.s.b.f.s.DefaultListableBeanFactory     : Autowiring by type from bean name 'backendIdHandlerMethodArgumentResolver' via factory method to bean named 'resourceMetadataHandlerMethodArgumentResolver'
2024-05-17T15:11:57.012+02:00 DEBUG 4684 --- [clothlogix] [           main] o.s.b.f.s.DefaultListableBeanFactory     : Autowiring by type from bean name 'backendIdHandlerMethodArgumentResolver' via factory method to bean named 'baseUri'
2024-05-17T15:11:57.012+02:00 TRACE 4684 --- [clothlogix] [           main] o.s.b.f.s.DefaultListableBeanFactory     : Returning cached instance of singleton bean 'org.springframework.transaction.config.internalTransactionAdvisor'
2024-05-17T15:11:57.012+02:00 TRACE 4684 --- [clothlogix] [           main] o.s.b.f.s.DefaultListableBeanFactory     : Returning cached instance of singleton bean 'org.springframework.transaction.config.internalTransactionAdvisor'
2024-05-17T15:11:57.012+02:00 TRACE 4684 --- [clothlogix] [           main] o.s.b.f.s.DefaultListableBeanFactory     : Finished creating instance of bean 'backendIdHandlerMethodArgumentResolver'
2024-05-17T15:11:57.012+02:00 TRACE 4684 --- [clothlogix] [           main] o.s.b.f.s.DefaultListableBeanFactory     : Returning cached instance of singleton bean 'persistentEntities'
2024-05-17T15:11:57.012+02:00 DEBUG 4684 --- [clothlogix] [           main] o.s.b.f.s.DefaultListableBeanFactory     : Autowiring by type from bean name 'persistentEntityArgumentResolver' via factory method to bean named 'defaultMessageConverters'
2024-05-17T15:11:57.012+02:00 DEBUG 4684 --- [clothlogix] [           main] o.s.b.f.s.DefaultListableBeanFactory     : Autowiring by type from bean name 'persistentEntityArgumentResolver' via factory method to bean named 'repoRequestArgumentResolver'
2024-05-17T15:11:57.012+02:00 DEBUG 4684 --- [clothlogix] [           main] o.s.b.f.s.DefaultListableBeanFactory     : Autowiring by type from bean name 'persistentEntityArgumentResolver' via factory method to bean named 'associationLinks'
2024-05-17T15:11:57.012+02:00 DEBUG 4684 --- [clothlogix] [           main] o.s.b.f.s.DefaultListableBeanFactory     : Autowiring by type from bean name 'persistentEntityArgumentResolver' via factory method to bean named 'backendIdHandlerMethodArgumentResolver'
2024-05-17T15:11:57.012+02:00 DEBUG 4684 --- [clothlogix] [           main] o.s.b.f.s.DefaultListableBeanFactory     : Autowiring by type from bean name 'persistentEntityArgumentResolver' via factory method to bean named 'persistentEntities'
2024-05-17T15:11:57.032+02:00 TRACE 4684 --- [clothlogix] [           main] o.s.b.f.s.DefaultListableBeanFactory     : Returning cached instance of singleton bean 'org.springframework.transaction.config.internalTransactionAdvisor'
2024-05-17T15:11:57.032+02:00 TRACE 4684 --- [clothlogix] [           main] o.s.b.f.s.DefaultListableBeanFactory     : Returning cached instance of singleton bean 'org.springframework.transaction.config.internalTransactionAdvisor'
2024-05-17T15:11:57.032+02:00 TRACE 4684 --- [clothlogix] [           main] o.s.b.f.s.DefaultListableBeanFactory     : Finished creating instance of bean 'persistentEntityArgumentResolver'
2024-05-17T15:11:57.032+02:00 DEBUG 4684 --- [clothlogix] [           main] o.s.b.f.s.DefaultListableBeanFactory     : Creating shared instance of singleton bean 'persistentEntityResourceAssemblerArgumentResolver'
2024-05-17T15:11:57.032+02:00 TRACE 4684 --- [clothlogix] [           main] o.s.b.f.s.DefaultListableBeanFactory     : Creating instance of bean 'persistentEntityResourceAssemblerArgumentResolver'
2024-05-17T15:11:57.032+02:00 TRACE 4684 --- [clothlogix] [           main] o.s.b.f.s.DefaultListableBeanFactory     : Returning cached instance of singleton bean 'org.springframework.transaction.config.internalTransactionAdvisor'
2024-05-17T15:11:57.032+02:00 TRACE 4684 --- [clothlogix] [           main] o.s.b.f.s.DefaultListableBeanFactory     : Returning cached instance of singleton bean 'org.springframework.data.rest.webmvc.config.RepositoryRestMvcConfiguration'
2024-05-17T15:11:57.032+02:00 TRACE 4684 --- [clothlogix] [           main] o.s.b.f.s.DefaultListableBeanFactory     : Returning cached instance of singleton bean 'org.springframework.transaction.config.internalTransactionAdvisor'
2024-05-17T15:11:57.032+02:00 TRACE 4684 --- [clothlogix] [           main] o.s.b.f.s.DefaultListableBeanFactory     : Returning cached instance of singleton bean 'org.springframework.transaction.config.internalTransactionAdvisor'
2024-05-17T15:11:57.032+02:00 TRACE 4684 --- [clothlogix] [           main] o.s.b.f.s.DefaultListableBeanFactory     : Finished creating instance of bean 'persistentEntityResourceAssemblerArgumentResolver'
2024-05-17T15:11:57.032+02:00 TRACE 4684 --- [clothlogix] [           main] o.s.b.f.s.DefaultListableBeanFactory     : Returning cached instance of singleton bean 'repoRequestArgumentResolver'
2024-05-17T15:11:57.032+02:00 TRACE 4684 --- [clothlogix] [           main] o.s.b.f.s.DefaultListableBeanFactory     : Returning cached instance of singleton bean 'baseUri'
2024-05-17T15:11:57.044+02:00 TRACE 4684 --- [clothlogix] [           main] o.s.b.f.s.DefaultListableBeanFactory     : Returning cached instance of singleton bean 'pageableResolver'
2024-05-17T15:11:57.044+02:00 TRACE 4684 --- [clothlogix] [           main] o.s.b.f.s.DefaultListableBeanFactory     : Returning cached instance of singleton bean 'sortResolver'
2024-05-17T15:11:57.044+02:00 TRACE 4684 --- [clothlogix] [           main] o.s.b.f.s.DefaultListableBeanFactory     : Returning cached instance of singleton bean 'resourceMetadataHandlerMethodArgumentResolver'
2024-05-17T15:11:57.044+02:00 DEBUG 4684 --- [clothlogix] [           main] o.s.b.f.s.DefaultListableBeanFactory     : Creating shared instance of singleton bean 'representationModelAssemblersArgumentResolver'
2024-05-17T15:11:57.044+02:00 TRACE 4684 --- [clothlogix] [           main] o.s.b.f.s.DefaultListableBeanFactory     : Creating instance of bean 'representationModelAssemblersArgumentResolver'
2024-05-17T15:11:57.044+02:00 TRACE 4684 --- [clothlogix] [           main] o.s.b.f.s.DefaultListableBeanFactory     : Returning cached instance of singleton bean 'org.springframework.transaction.config.internalTransactionAdvisor'
2024-05-17T15:11:57.044+02:00 TRACE 4684 --- [clothlogix] [           main] o.s.b.f.s.DefaultListableBeanFactory     : Returning cached instance of singleton bean 'org.springframework.data.rest.webmvc.config.RepositoryRestMvcConfiguration'
2024-05-17T15:11:57.044+02:00 DEBUG 4684 --- [clothlogix] [           main] o.s.b.f.s.DefaultListableBeanFactory     : Creating shared instance of singleton bean 'pagedResourcesAssembler'
2024-05-17T15:11:57.044+02:00 TRACE 4684 --- [clothlogix] [           main] o.s.b.f.s.DefaultListableBeanFactory     : Creating instance of bean 'pagedResourcesAssembler'
2024-05-17T15:11:57.044+02:00 TRACE 4684 --- [clothlogix] [           main] o.s.b.f.s.DefaultListableBeanFactory     : Returning cached instance of singleton bean 'org.springframework.transaction.config.internalTransactionAdvisor'
2024-05-17T15:11:57.044+02:00 TRACE 4684 --- [clothlogix] [           main] o.s.b.f.s.DefaultListableBeanFactory     : Returning cached instance of singleton bean 'org.springframework.data.rest.webmvc.config.RepositoryRestMvcConfiguration'
2024-05-17T15:11:57.052+02:00 TRACE 4684 --- [clothlogix] [           main] o.s.b.f.s.DefaultListableBeanFactory     : Returning cached instance of singleton bean 'org.springframework.transaction.config.internalTransactionAdvisor'
2024-05-17T15:11:57.052+02:00 TRACE 4684 --- [clothlogix] [           main] o.s.b.f.s.DefaultListableBeanFactory     : Returning cached instance of singleton bean 'org.springframework.transaction.config.internalTransactionAdvisor'
2024-05-17T15:11:57.052+02:00 TRACE 4684 --- [clothlogix] [           main] o.s.b.f.s.DefaultListableBeanFactory     : Finished creating instance of bean 'pagedResourcesAssembler'
2024-05-17T15:11:57.052+02:00 DEBUG 4684 --- [clothlogix] [           main] o.s.b.f.s.DefaultListableBeanFactory     : Creating shared instance of singleton bean 'slicedResourcesAssembler'
2024-05-17T15:11:57.052+02:00 TRACE 4684 --- [clothlogix] [           main] o.s.b.f.s.DefaultListableBeanFactory     : Creating instance of bean 'slicedResourcesAssembler'
2024-05-17T15:11:57.052+02:00 TRACE 4684 --- [clothlogix] [           main] o.s.b.f.s.DefaultListableBeanFactory     : Returning cached instance of singleton bean 'org.springframework.transaction.config.internalTransactionAdvisor'
2024-05-17T15:11:57.052+02:00 TRACE 4684 --- [clothlogix] [           main] o.s.b.f.s.DefaultListableBeanFactory     : Returning cached instance of singleton bean 'org.springframework.data.rest.webmvc.config.RepositoryRestMvcConfiguration'
2024-05-17T15:11:57.062+02:00 TRACE 4684 --- [clothlogix] [           main] o.s.b.f.s.DefaultListableBeanFactory     : Returning cached instance of singleton bean 'org.springframework.transaction.config.internalTransactionAdvisor'
2024-05-17T15:11:57.062+02:00 TRACE 4684 --- [clothlogix] [           main] o.s.b.f.s.DefaultListableBeanFactory     : Returning cached instance of singleton bean 'org.springframework.transaction.config.internalTransactionAdvisor'
2024-05-17T15:11:57.062+02:00 TRACE 4684 --- [clothlogix] [           main] o.s.b.f.s.DefaultListableBeanFactory     : Finished creating instance of bean 'slicedResourcesAssembler'
2024-05-17T15:11:57.062+02:00 TRACE 4684 --- [clothlogix] [           main] o.s.b.f.s.DefaultListableBeanFactory     : Returning cached instance of singleton bean 'persistentEntityResourceAssemblerArgumentResolver'
2024-05-17T15:11:57.062+02:00 DEBUG 4684 --- [clothlogix] [           main] o.s.b.f.s.DefaultListableBeanFactory     : Autowiring by type from bean name 'representationModelAssemblersArgumentResolver' via factory method to bean named 'pagedResourcesAssembler'
2024-05-17T15:11:57.062+02:00 DEBUG 4684 --- [clothlogix] [           main] o.s.b.f.s.DefaultListableBeanFactory     : Autowiring by type from bean name 'representationModelAssemblersArgumentResolver' via factory method to bean named 'slicedResourcesAssembler'
2024-05-17T15:11:57.062+02:00 DEBUG 4684 --- [clothlogix] [           main] o.s.b.f.s.DefaultListableBeanFactory     : Autowiring by type from bean name 'representationModelAssemblersArgumentResolver' via factory method to bean named 'persistentEntityResourceAssemblerArgumentResolver'
2024-05-17T15:11:57.062+02:00 TRACE 4684 --- [clothlogix] [           main] o.s.b.f.s.DefaultListableBeanFactory     : Returning cached instance of singleton bean 'org.springframework.transaction.config.internalTransactionAdvisor'
2024-05-17T15:11:57.062+02:00 TRACE 4684 --- [clothlogix] [           main] o.s.b.f.s.DefaultListableBeanFactory     : Returning cached instance of singleton bean 'org.springframework.transaction.config.internalTransactionAdvisor'
2024-05-17T15:11:57.062+02:00 TRACE 4684 --- [clothlogix] [           main] o.s.b.f.s.DefaultListableBeanFactory     : Finished creating instance of bean 'representationModelAssemblersArgumentResolver'
2024-05-17T15:11:57.062+02:00 TRACE 4684 --- [clothlogix] [           main] o.s.b.f.s.DefaultListableBeanFactory     : Returning cached instance of singleton bean 'backendIdHandlerMethodArgumentResolver'
2024-05-17T15:11:57.062+02:00 DEBUG 4684 --- [clothlogix] [           main] o.s.b.f.s.DefaultListableBeanFactory     : Creating shared instance of singleton bean 'eTagArgumentResolver'
2024-05-17T15:11:57.062+02:00 TRACE 4684 --- [clothlogix] [           main] o.s.b.f.s.DefaultListableBeanFactory     : Creating instance of bean 'eTagArgumentResolver'
2024-05-17T15:11:57.062+02:00 TRACE 4684 --- [clothlogix] [           main] o.s.b.f.s.DefaultListableBeanFactory     : Returning cached instance of singleton bean 'org.springframework.transaction.config.internalTransactionAdvisor'
2024-05-17T15:11:57.062+02:00 TRACE 4684 --- [clothlogix] [           main] o.s.b.f.s.DefaultListableBeanFactory     : Returning cached instance of singleton bean 'org.springframework.data.rest.webmvc.config.RepositoryRestMvcConfiguration'
2024-05-17T15:11:57.072+02:00 TRACE 4684 --- [clothlogix] [           main] o.s.b.f.s.DefaultListableBeanFactory     : Returning cached instance of singleton bean 'org.springframework.transaction.config.internalTransactionAdvisor'
2024-05-17T15:11:57.072+02:00 TRACE 4684 --- [clothlogix] [           main] o.s.b.f.s.DefaultListableBeanFactory     : Returning cached instance of singleton bean 'org.springframework.transaction.config.internalTransactionAdvisor'
2024-05-17T15:11:57.072+02:00 TRACE 4684 --- [clothlogix] [           main] o.s.b.f.s.DefaultListableBeanFactory     : Finished creating instance of bean 'eTagArgumentResolver'
2024-05-17T15:11:57.072+02:00 TRACE 4684 --- [clothlogix] [           main] o.s.b.f.s.DefaultListableBeanFactory     : Returning cached instance of singleton bean 'stringHttpMessageConverter'
2024-05-17T15:11:57.072+02:00 TRACE 4684 --- [clothlogix] [           main] o.s.b.f.s.DefaultListableBeanFactory     : Returning cached instance of singleton bean 'mappingJackson2HttpMessageConverter'
2024-05-17T15:11:57.072+02:00 TRACE 4684 --- [clothlogix] [           main] o.s.b.f.s.DefaultListableBeanFactory     : Returning cached instance of singleton bean 'jacksonHttpMessageConverter'
2024-05-17T15:11:57.072+02:00 TRACE 4684 --- [clothlogix] [           main] o.s.b.f.s.DefaultListableBeanFactory     : Returning cached instance of singleton bean 'halJacksonHttpMessageConverter'
2024-05-17T15:11:57.072+02:00 TRACE 4684 --- [clothlogix] [           main] o.s.b.f.s.DefaultListableBeanFactory     : Returning cached instance of singleton bean 'halFormsJacksonHttpMessageConverter'
2024-05-17T15:11:57.072+02:00 TRACE 4684 --- [clothlogix] [           main] o.s.b.f.s.DefaultListableBeanFactory     : Returning cached instance of singleton bean 'uriListHttpMessageConverter'
2024-05-17T15:11:57.072+02:00 TRACE 4684 --- [clothlogix] [           main] o.s.b.f.s.DefaultListableBeanFactory     : Returning cached instance of singleton bean 'alpsJsonHttpMessageConverter'
2024-05-17T15:11:57.075+02:00 DEBUG 4684 --- [clothlogix] [           main] .m.m.a.ExceptionHandlerExceptionResolver : ControllerAdvice beans: 1 @ExceptionHandler, 0 ResponseBodyAdvice
2024-05-17T15:11:57.075+02:00 TRACE 4684 --- [clothlogix] [           main] o.s.b.f.s.DefaultListableBeanFactory     : Returning cached instance of singleton bean 'org.springframework.transaction.config.internalTransactionAdvisor'
2024-05-17T15:11:57.075+02:00 TRACE 4684 --- [clothlogix] [           main] o.s.b.f.s.DefaultListableBeanFactory     : Returning cached instance of singleton bean 'org.springframework.transaction.config.internalTransactionAdvisor'
2024-05-17T15:11:57.075+02:00 TRACE 4684 --- [clothlogix] [           main] o.s.b.f.s.DefaultListableBeanFactory     : Finished creating instance of bean 'handlerExceptionResolver'
2024-05-17T15:11:57.075+02:00 DEBUG 4684 --- [clothlogix] [           main] o.s.b.f.s.DefaultListableBeanFactory     : Creating shared instance of singleton bean 'mvcViewResolver'
2024-05-17T15:11:57.075+02:00 TRACE 4684 --- [clothlogix] [           main] o.s.b.f.s.DefaultListableBeanFactory     : Creating instance of bean 'mvcViewResolver'
2024-05-17T15:11:57.075+02:00 TRACE 4684 --- [clothlogix] [           main] o.s.b.f.s.DefaultListableBeanFactory     : Returning cached instance of singleton bean 'org.springframework.transaction.config.internalTransactionAdvisor'
2024-05-17T15:11:57.075+02:00 TRACE 4684 --- [clothlogix] [           main] o.s.b.f.s.DefaultListableBeanFactory     : Returning cached instance of singleton bean 'org.springframework.boot.autoconfigure.web.servlet.WebMvcAutoConfiguration$EnableWebMvcConfiguration'
2024-05-17T15:11:57.075+02:00 TRACE 4684 --- [clothlogix] [           main] o.s.b.f.s.DefaultListableBeanFactory     : Returning cached instance of singleton bean 'mvcContentNegotiationManager'
2024-05-17T15:11:57.075+02:00 DEBUG 4684 --- [clothlogix] [           main] o.s.b.f.s.DefaultListableBeanFactory     : Autowiring by type from bean name 'mvcViewResolver' via factory method to bean named 'mvcContentNegotiationManager'
2024-05-17T15:11:57.082+02:00 TRACE 4684 --- [clothlogix] [           main] o.s.b.f.s.DefaultListableBeanFactory     : Invoking afterPropertiesSet() on bean with name 'mvcViewResolver'
2024-05-17T15:11:57.082+02:00 TRACE 4684 --- [clothlogix] [           main] o.s.b.f.s.DefaultListableBeanFactory     : Returning cached instance of singleton bean 'org.springframework.transaction.config.internalTransactionAdvisor'
2024-05-17T15:11:57.082+02:00 TRACE 4684 --- [clothlogix] [           main] o.s.b.f.s.DefaultListableBeanFactory     : Returning cached instance of singleton bean 'org.springframework.transaction.config.internalTransactionAdvisor'
2024-05-17T15:11:57.082+02:00 TRACE 4684 --- [clothlogix] [           main] o.s.b.f.s.DefaultListableBeanFactory     : Finished creating instance of bean 'mvcViewResolver'
2024-05-17T15:11:57.082+02:00 DEBUG 4684 --- [clothlogix] [           main] o.s.b.f.s.DefaultListableBeanFactory     : Creating shared instance of singleton bean 'viewNameTranslator'
2024-05-17T15:11:57.082+02:00 TRACE 4684 --- [clothlogix] [           main] o.s.b.f.s.DefaultListableBeanFactory     : Creating instance of bean 'viewNameTranslator'
2024-05-17T15:11:57.082+02:00 TRACE 4684 --- [clothlogix] [           main] o.s.b.f.s.DefaultListableBeanFactory     : Returning cached instance of singleton bean 'org.springframework.transaction.config.internalTransactionAdvisor'
2024-05-17T15:11:57.082+02:00 TRACE 4684 --- [clothlogix] [           main] o.s.b.f.s.DefaultListableBeanFactory     : Returning cached instance of singleton bean 'org.springframework.boot.autoconfigure.web.servlet.WebMvcAutoConfiguration$EnableWebMvcConfiguration'
2024-05-17T15:11:57.092+02:00 TRACE 4684 --- [clothlogix] [           main] o.s.b.f.s.DefaultListableBeanFactory     : Returning cached instance of singleton bean 'org.springframework.transaction.config.internalTransactionAdvisor'
2024-05-17T15:11:57.092+02:00 TRACE 4684 --- [clothlogix] [           main] o.s.b.f.s.DefaultListableBeanFactory     : Returning cached instance of singleton bean 'org.springframework.transaction.config.internalTransactionAdvisor'
2024-05-17T15:11:57.092+02:00 TRACE 4684 --- [clothlogix] [           main] o.s.b.f.s.DefaultListableBeanFactory     : Finished creating instance of bean 'viewNameTranslator'
2024-05-17T15:11:57.092+02:00 TRACE 4684 --- [clothlogix] [           main] o.s.b.f.s.DefaultListableBeanFactory     : Returning cached instance of singleton bean 'org.springframework.boot.autoconfigure.web.servlet.WebMvcAutoConfiguration$WebMvcAutoConfigurationAdapter'
2024-05-17T15:11:57.092+02:00 DEBUG 4684 --- [clothlogix] [           main] o.s.b.f.s.DefaultListableBeanFactory     : Creating shared instance of singleton bean 'defaultViewResolver'
2024-05-17T15:11:57.092+02:00 TRACE 4684 --- [clothlogix] [           main] o.s.b.f.s.DefaultListableBeanFactory     : Creating instance of bean 'defaultViewResolver'
2024-05-17T15:11:57.092+02:00 TRACE 4684 --- [clothlogix] [           main] o.s.b.f.s.DefaultListableBeanFactory     : Returning cached instance of singleton bean 'org.springframework.transaction.config.internalTransactionAdvisor'
2024-05-17T15:11:57.092+02:00 TRACE 4684 --- [clothlogix] [           main] o.s.b.f.s.DefaultListableBeanFactory     : Returning cached instance of singleton bean 'org.springframework.boot.autoconfigure.web.servlet.WebMvcAutoConfiguration$WebMvcAutoConfigurationAdapter'
2024-05-17T15:11:57.102+02:00 TRACE 4684 --- [clothlogix] [           main] o.s.b.f.s.DefaultListableBeanFactory     : Returning cached instance of singleton bean 'org.springframework.transaction.config.internalTransactionAdvisor'
2024-05-17T15:11:57.102+02:00 TRACE 4684 --- [clothlogix] [           main] o.s.b.f.s.DefaultListableBeanFactory     : Returning cached instance of singleton bean 'org.springframework.transaction.config.internalTransactionAdvisor'
2024-05-17T15:11:57.102+02:00 TRACE 4684 --- [clothlogix] [           main] o.s.b.f.s.DefaultListableBeanFactory     : Finished creating instance of bean 'defaultViewResolver'
2024-05-17T15:11:57.102+02:00 DEBUG 4684 --- [clothlogix] [           main] o.s.b.f.s.DefaultListableBeanFactory     : Creating shared instance of singleton bean 'viewResolver'
2024-05-17T15:11:57.102+02:00 TRACE 4684 --- [clothlogix] [           main] o.s.b.f.s.DefaultListableBeanFactory     : Creating instance of bean 'viewResolver'
2024-05-17T15:11:57.102+02:00 TRACE 4684 --- [clothlogix] [           main] o.s.b.f.s.DefaultListableBeanFactory     : Returning cached instance of singleton bean 'org.springframework.transaction.config.internalTransactionAdvisor'
2024-05-17T15:11:57.102+02:00 TRACE 4684 --- [clothlogix] [           main] o.s.b.f.s.DefaultListableBeanFactory     : Returning cached instance of singleton bean 'org.springframework.boot.autoconfigure.web.servlet.WebMvcAutoConfiguration$WebMvcAutoConfigurationAdapter'
2024-05-17T15:11:57.107+02:00 DEBUG 4684 --- [clothlogix] [           main] o.s.b.f.s.DefaultListableBeanFactory     : Autowiring by type from bean name 'viewResolver' via factory method to bean named 'org.springframework.beans.factory.support.DefaultListableBeanFactory@75b21c3b'
2024-05-17T15:11:57.107+02:00 TRACE 4684 --- [clothlogix] [           main] o.s.b.f.s.DefaultListableBeanFactory     : Returning cached instance of singleton bean 'mvcContentNegotiationManager'
2024-05-17T15:11:57.107+02:00 TRACE 4684 --- [clothlogix] [           main] o.s.b.f.s.DefaultListableBeanFactory     : Returning cached instance of singleton bean 'beanNameViewResolver'
2024-05-17T15:11:57.107+02:00 TRACE 4684 --- [clothlogix] [           main] o.s.b.f.s.DefaultListableBeanFactory     : Returning cached instance of singleton bean 'mvcViewResolver'
2024-05-17T15:11:57.107+02:00 TRACE 4684 --- [clothlogix] [           main] o.s.b.f.s.DefaultListableBeanFactory     : Returning cached instance of singleton bean 'defaultViewResolver'
2024-05-17T15:11:57.107+02:00 DEBUG 4684 --- [clothlogix] [           main] o.s.b.f.s.DefaultListableBeanFactory     : Creating shared instance of singleton bean 'viewResolver'
2024-05-17T15:11:57.107+02:00 TRACE 4684 --- [clothlogix] [           main] o.s.b.f.s.DefaultListableBeanFactory     : Ignoring match to currently created bean 'viewResolver': Error creating bean with name 'viewResolver': Requested bean is currently in creation: Is there an unresolvable circular reference?
2024-05-17T15:11:57.107+02:00 TRACE 4684 --- [clothlogix] [           main] o.s.b.f.s.DefaultListableBeanFactory     : Invoking afterPropertiesSet() on bean with name 'viewResolver'
2024-05-17T15:11:57.107+02:00 TRACE 4684 --- [clothlogix] [           main] o.s.b.f.s.DefaultListableBeanFactory     : Returning cached instance of singleton bean 'org.springframework.transaction.config.internalTransactionAdvisor'
2024-05-17T15:11:57.107+02:00 TRACE 4684 --- [clothlogix] [           main] o.s.b.f.s.DefaultListableBeanFactory     : Returning cached instance of singleton bean 'org.springframework.transaction.config.internalTransactionAdvisor'
2024-05-17T15:11:57.112+02:00 TRACE 4684 --- [clothlogix] [           main] o.s.b.f.s.DefaultListableBeanFactory     : Finished creating instance of bean 'viewResolver'
2024-05-17T15:11:57.112+02:00 DEBUG 4684 --- [clothlogix] [           main] o.s.b.f.s.DefaultListableBeanFactory     : Creating shared instance of singleton bean 'requestContextFilter'
2024-05-17T15:11:57.112+02:00 TRACE 4684 --- [clothlogix] [           main] o.s.b.f.s.DefaultListableBeanFactory     : Creating instance of bean 'requestContextFilter'
2024-05-17T15:11:57.112+02:00 TRACE 4684 --- [clothlogix] [           main] o.s.b.f.s.DefaultListableBeanFactory     : Returning cached instance of singleton bean 'org.springframework.transaction.config.internalTransactionAdvisor'
2024-05-17T15:11:57.112+02:00 TRACE 4684 --- [clothlogix] [           main] o.s.b.f.s.DefaultListableBeanFactory     : Invoking afterPropertiesSet() on bean with name 'requestContextFilter'
2024-05-17T15:11:57.112+02:00 TRACE 4684 --- [clothlogix] [           main] o.s.b.f.s.DefaultListableBeanFactory     : Returning cached instance of singleton bean 'org.springframework.transaction.config.internalTransactionAdvisor'
2024-05-17T15:11:57.112+02:00 TRACE 4684 --- [clothlogix] [           main] o.s.b.f.s.DefaultListableBeanFactory     : Returning cached instance of singleton bean 'org.springframework.transaction.config.internalTransactionAdvisor'
2024-05-17T15:11:57.112+02:00 TRACE 4684 --- [clothlogix] [           main] o.s.b.f.s.DefaultListableBeanFactory     : Finished creating instance of bean 'requestContextFilter'
2024-05-17T15:11:57.112+02:00 DEBUG 4684 --- [clothlogix] [           main] o.s.b.f.s.DefaultListableBeanFactory     : Creating shared instance of singleton bean 'org.springframework.boot.autoconfigure.web.servlet.WebMvcAutoConfiguration'
2024-05-17T15:11:57.112+02:00 TRACE 4684 --- [clothlogix] [           main] o.s.b.f.s.DefaultListableBeanFactory     : Creating instance of bean 'org.springframework.boot.autoconfigure.web.servlet.WebMvcAutoConfiguration'
2024-05-17T15:11:57.112+02:00 TRACE 4684 --- [clothlogix] [           main] o.s.b.f.s.DefaultListableBeanFactory     : Returning cached instance of singleton bean 'org.springframework.transaction.config.internalTransactionAdvisor'
2024-05-17T15:11:57.112+02:00 TRACE 4684 --- [clothlogix] [           main] o.s.b.f.s.DefaultListableBeanFactory     : Returning cached instance of singleton bean 'org.springframework.transaction.config.internalTransactionAdvisor'
2024-05-17T15:11:57.112+02:00 TRACE 4684 --- [clothlogix] [           main] o.s.b.f.s.DefaultListableBeanFactory     : Returning cached instance of singleton bean 'org.springframework.transaction.config.internalTransactionAdvisor'
2024-05-17T15:11:57.112+02:00 TRACE 4684 --- [clothlogix] [           main] o.s.b.f.s.DefaultListableBeanFactory     : Finished creating instance of bean 'org.springframework.boot.autoconfigure.web.servlet.WebMvcAutoConfiguration'
2024-05-17T15:11:57.112+02:00 DEBUG 4684 --- [clothlogix] [           main] o.s.b.f.s.DefaultListableBeanFactory     : Creating shared instance of singleton bean 'formContentFilter'
2024-05-17T15:11:57.112+02:00 TRACE 4684 --- [clothlogix] [           main] o.s.b.f.s.DefaultListableBeanFactory     : Creating instance of bean 'formContentFilter'
2024-05-17T15:11:57.112+02:00 TRACE 4684 --- [clothlogix] [           main] o.s.b.f.s.DefaultListableBeanFactory     : Returning cached instance of singleton bean 'org.springframework.transaction.config.internalTransactionAdvisor'
2024-05-17T15:11:57.112+02:00 TRACE 4684 --- [clothlogix] [           main] o.s.b.f.s.DefaultListableBeanFactory     : Returning cached instance of singleton bean 'org.springframework.boot.autoconfigure.web.servlet.WebMvcAutoConfiguration'
2024-05-17T15:11:57.112+02:00 TRACE 4684 --- [clothlogix] [           main] o.s.b.f.s.DefaultListableBeanFactory     : Invoking afterPropertiesSet() on bean with name 'formContentFilter'
2024-05-17T15:11:57.112+02:00 TRACE 4684 --- [clothlogix] [           main] o.s.b.f.s.DefaultListableBeanFactory     : Returning cached instance of singleton bean 'org.springframework.transaction.config.internalTransactionAdvisor'
2024-05-17T15:11:57.112+02:00 TRACE 4684 --- [clothlogix] [           main] o.s.b.f.s.DefaultListableBeanFactory     : Returning cached instance of singleton bean 'org.springframework.transaction.config.internalTransactionAdvisor'
2024-05-17T15:11:57.112+02:00 TRACE 4684 --- [clothlogix] [           main] o.s.b.f.s.DefaultListableBeanFactory     : Finished creating instance of bean 'formContentFilter'
2024-05-17T15:11:57.112+02:00 DEBUG 4684 --- [clothlogix] [           main] o.s.b.f.s.DefaultListableBeanFactory     : Creating shared instance of singleton bean 'org.springframework.boot.autoconfigure.aop.AopAutoConfiguration$AspectJAutoProxyingConfiguration$CglibAutoProxyConfiguration'
2024-05-17T15:11:57.112+02:00 TRACE 4684 --- [clothlogix] [           main] o.s.b.f.s.DefaultListableBeanFactory     : Creating instance of bean 'org.springframework.boot.autoconfigure.aop.AopAutoConfiguration$AspectJAutoProxyingConfiguration$CglibAutoProxyConfiguration'
2024-05-17T15:11:57.112+02:00 TRACE 4684 --- [clothlogix] [           main] o.s.b.f.s.DefaultListableBeanFactory     : Returning cached instance of singleton bean 'org.springframework.transaction.config.internalTransactionAdvisor'
2024-05-17T15:11:57.112+02:00 TRACE 4684 --- [clothlogix] [           main] o.s.b.f.s.DefaultListableBeanFactory     : Returning cached instance of singleton bean 'org.springframework.transaction.config.internalTransactionAdvisor'
2024-05-17T15:11:57.112+02:00 TRACE 4684 --- [clothlogix] [           main] o.s.b.f.s.DefaultListableBeanFactory     : Returning cached instance of singleton bean 'org.springframework.transaction.config.internalTransactionAdvisor'
2024-05-17T15:11:57.112+02:00 TRACE 4684 --- [clothlogix] [           main] o.s.b.f.s.DefaultListableBeanFactory     : Finished creating instance of bean 'org.springframework.boot.autoconfigure.aop.AopAutoConfiguration$AspectJAutoProxyingConfiguration$CglibAutoProxyConfiguration'
2024-05-17T15:11:57.112+02:00 DEBUG 4684 --- [clothlogix] [           main] o.s.b.f.s.DefaultListableBeanFactory     : Creating shared instance of singleton bean 'org.springframework.boot.autoconfigure.aop.AopAutoConfiguration$AspectJAutoProxyingConfiguration'
2024-05-17T15:11:57.112+02:00 TRACE 4684 --- [clothlogix] [           main] o.s.b.f.s.DefaultListableBeanFactory     : Creating instance of bean 'org.springframework.boot.autoconfigure.aop.AopAutoConfiguration$AspectJAutoProxyingConfiguration'
2024-05-17T15:11:57.112+02:00 TRACE 4684 --- [clothlogix] [           main] o.s.b.f.s.DefaultListableBeanFactory     : Returning cached instance of singleton bean 'org.springframework.transaction.config.internalTransactionAdvisor'
2024-05-17T15:11:57.122+02:00 TRACE 4684 --- [clothlogix] [           main] o.s.b.f.s.DefaultListableBeanFactory     : Returning cached instance of singleton bean 'org.springframework.transaction.config.internalTransactionAdvisor'
2024-05-17T15:11:57.122+02:00 TRACE 4684 --- [clothlogix] [           main] o.s.b.f.s.DefaultListableBeanFactory     : Returning cached instance of singleton bean 'org.springframework.transaction.config.internalTransactionAdvisor'
2024-05-17T15:11:57.122+02:00 TRACE 4684 --- [clothlogix] [           main] o.s.b.f.s.DefaultListableBeanFactory     : Finished creating instance of bean 'org.springframework.boot.autoconfigure.aop.AopAutoConfiguration$AspectJAutoProxyingConfiguration'
2024-05-17T15:11:57.122+02:00 DEBUG 4684 --- [clothlogix] [           main] o.s.b.f.s.DefaultListableBeanFactory     : Creating shared instance of singleton bean 'org.springframework.boot.autoconfigure.aop.AopAutoConfiguration'
2024-05-17T15:11:57.122+02:00 TRACE 4684 --- [clothlogix] [           main] o.s.b.f.s.DefaultListableBeanFactory     : Creating instance of bean 'org.springframework.boot.autoconfigure.aop.AopAutoConfiguration'
2024-05-17T15:11:57.122+02:00 TRACE 4684 --- [clothlogix] [           main] o.s.b.f.s.DefaultListableBeanFactory     : Returning cached instance of singleton bean 'org.springframework.transaction.config.internalTransactionAdvisor'
2024-05-17T15:11:57.122+02:00 TRACE 4684 --- [clothlogix] [           main] o.s.b.f.s.DefaultListableBeanFactory     : Returning cached instance of singleton bean 'org.springframework.transaction.config.internalTransactionAdvisor'
2024-05-17T15:11:57.123+02:00 TRACE 4684 --- [clothlogix] [           main] o.s.b.f.s.DefaultListableBeanFactory     : Returning cached instance of singleton bean 'org.springframework.transaction.config.internalTransactionAdvisor'
2024-05-17T15:11:57.123+02:00 TRACE 4684 --- [clothlogix] [           main] o.s.b.f.s.DefaultListableBeanFactory     : Finished creating instance of bean 'org.springframework.boot.autoconfigure.aop.AopAutoConfiguration'
2024-05-17T15:11:57.123+02:00 DEBUG 4684 --- [clothlogix] [           main] o.s.b.f.s.DefaultListableBeanFactory     : Creating shared instance of singleton bean 'org.springframework.boot.autoconfigure.availability.ApplicationAvailabilityAutoConfiguration'
2024-05-17T15:11:57.123+02:00 TRACE 4684 --- [clothlogix] [           main] o.s.b.f.s.DefaultListableBeanFactory     : Creating instance of bean 'org.springframework.boot.autoconfigure.availability.ApplicationAvailabilityAutoConfiguration'
2024-05-17T15:11:57.123+02:00 TRACE 4684 --- [clothlogix] [           main] o.s.b.f.s.DefaultListableBeanFactory     : Returning cached instance of singleton bean 'org.springframework.transaction.config.internalTransactionAdvisor'
2024-05-17T15:11:57.124+02:00 TRACE 4684 --- [clothlogix] [           main] o.s.b.f.s.DefaultListableBeanFactory     : Returning cached instance of singleton bean 'org.springframework.transaction.config.internalTransactionAdvisor'
2024-05-17T15:11:57.124+02:00 TRACE 4684 --- [clothlogix] [           main] o.s.b.f.s.DefaultListableBeanFactory     : Returning cached instance of singleton bean 'org.springframework.transaction.config.internalTransactionAdvisor'
2024-05-17T15:11:57.124+02:00 TRACE 4684 --- [clothlogix] [           main] o.s.b.f.s.DefaultListableBeanFactory     : Finished creating instance of bean 'org.springframework.boot.autoconfigure.availability.ApplicationAvailabilityAutoConfiguration'
2024-05-17T15:11:57.124+02:00 DEBUG 4684 --- [clothlogix] [           main] o.s.b.f.s.DefaultListableBeanFactory     : Creating shared instance of singleton bean 'applicationAvailability'
2024-05-17T15:11:57.124+02:00 TRACE 4684 --- [clothlogix] [           main] o.s.b.f.s.DefaultListableBeanFactory     : Creating instance of bean 'applicationAvailability'
2024-05-17T15:11:57.124+02:00 TRACE 4684 --- [clothlogix] [           main] o.s.b.f.s.DefaultListableBeanFactory     : Returning cached instance of singleton bean 'org.springframework.transaction.config.internalTransactionAdvisor'
2024-05-17T15:11:57.124+02:00 TRACE 4684 --- [clothlogix] [           main] o.s.b.f.s.DefaultListableBeanFactory     : Returning cached instance of singleton bean 'org.springframework.boot.autoconfigure.availability.ApplicationAvailabilityAutoConfiguration'
2024-05-17T15:11:57.124+02:00 TRACE 4684 --- [clothlogix] [           main] o.s.b.f.s.DefaultListableBeanFactory     : Returning cached instance of singleton bean 'org.springframework.transaction.config.internalTransactionAdvisor'
2024-05-17T15:11:57.124+02:00 TRACE 4684 --- [clothlogix] [           main] o.s.b.f.s.DefaultListableBeanFactory     : Returning cached instance of singleton bean 'org.springframework.transaction.config.internalTransactionAdvisor'
2024-05-17T15:11:57.124+02:00 TRACE 4684 --- [clothlogix] [           main] o.s.b.f.s.DefaultListableBeanFactory     : Finished creating instance of bean 'applicationAvailability'
2024-05-17T15:11:57.124+02:00 DEBUG 4684 --- [clothlogix] [           main] o.s.b.f.s.DefaultListableBeanFactory     : Creating shared instance of singleton bean 'org.springframework.boot.autoconfigure.transaction.jta.JtaAutoConfiguration'
2024-05-17T15:11:57.124+02:00 TRACE 4684 --- [clothlogix] [           main] o.s.b.f.s.DefaultListableBeanFactory     : Creating instance of bean 'org.springframework.boot.autoconfigure.transaction.jta.JtaAutoConfiguration'
2024-05-17T15:11:57.124+02:00 TRACE 4684 --- [clothlogix] [           main] o.s.b.f.s.DefaultListableBeanFactory     : Returning cached instance of singleton bean 'org.springframework.transaction.config.internalTransactionAdvisor'
2024-05-17T15:11:57.124+02:00 TRACE 4684 --- [clothlogix] [           main] o.s.b.f.s.DefaultListableBeanFactory     : Returning cached instance of singleton bean 'org.springframework.transaction.config.internalTransactionAdvisor'
2024-05-17T15:11:57.124+02:00 TRACE 4684 --- [clothlogix] [           main] o.s.b.f.s.DefaultListableBeanFactory     : Returning cached instance of singleton bean 'org.springframework.transaction.config.internalTransactionAdvisor'
2024-05-17T15:11:57.130+02:00 TRACE 4684 --- [clothlogix] [           main] o.s.b.f.s.DefaultListableBeanFactory     : Finished creating instance of bean 'org.springframework.boot.autoconfigure.transaction.jta.JtaAutoConfiguration'
2024-05-17T15:11:57.130+02:00 DEBUG 4684 --- [clothlogix] [           main] o.s.b.f.s.DefaultListableBeanFactory     : Creating shared instance of singleton bean 'org.springframework.boot.autoconfigure.jdbc.metadata.DataSourcePoolMetadataProvidersConfiguration$CommonsDbcp2PoolDataSourceMetadataProviderConfiguration'
2024-05-17T15:11:57.130+02:00 TRACE 4684 --- [clothlogix] [           main] o.s.b.f.s.DefaultListableBeanFactory     : Creating instance of bean 'org.springframework.boot.autoconfigure.jdbc.metadata.DataSourcePoolMetadataProvidersConfiguration$CommonsDbcp2PoolDataSourceMetadataProviderConfiguration'
2024-05-17T15:11:57.130+02:00 TRACE 4684 --- [clothlogix] [           main] o.s.b.f.s.DefaultListableBeanFactory     : Returning cached instance of singleton bean 'org.springframework.transaction.config.internalTransactionAdvisor'
2024-05-17T15:11:57.130+02:00 TRACE 4684 --- [clothlogix] [           main] o.s.b.f.s.DefaultListableBeanFactory     : Returning cached instance of singleton bean 'org.springframework.transaction.config.internalTransactionAdvisor'
2024-05-17T15:11:57.130+02:00 TRACE 4684 --- [clothlogix] [           main] o.s.b.f.s.DefaultListableBeanFactory     : Returning cached instance of singleton bean 'org.springframework.transaction.config.internalTransactionAdvisor'
2024-05-17T15:11:57.130+02:00 TRACE 4684 --- [clothlogix] [           main] o.s.b.f.s.DefaultListableBeanFactory     : Finished creating instance of bean 'org.springframework.boot.autoconfigure.jdbc.metadata.DataSourcePoolMetadataProvidersConfiguration$CommonsDbcp2PoolDataSourceMetadataProviderConfiguration'
2024-05-17T15:11:57.130+02:00 DEBUG 4684 --- [clothlogix] [           main] o.s.b.f.s.DefaultListableBeanFactory     : Creating shared instance of singleton bean 'commonsDbcp2PoolDataSourceMetadataProvider'
2024-05-17T15:11:57.130+02:00 TRACE 4684 --- [clothlogix] [           main] o.s.b.f.s.DefaultListableBeanFactory     : Creating instance of bean 'commonsDbcp2PoolDataSourceMetadataProvider'
2024-05-17T15:11:57.130+02:00 TRACE 4684 --- [clothlogix] [           main] o.s.b.f.s.DefaultListableBeanFactory     : Returning cached instance of singleton bean 'org.springframework.transaction.config.internalTransactionAdvisor'
2024-05-17T15:11:57.130+02:00 TRACE 4684 --- [clothlogix] [           main] o.s.b.f.s.DefaultListableBeanFactory     : Returning cached instance of singleton bean 'org.springframework.boot.autoconfigure.jdbc.metadata.DataSourcePoolMetadataProvidersConfiguration$CommonsDbcp2PoolDataSourceMetadataProviderConfiguration'
2024-05-17T15:11:57.132+02:00 TRACE 4684 --- [clothlogix] [           main] o.s.b.f.s.DefaultListableBeanFactory     : Returning cached instance of singleton bean 'org.springframework.transaction.config.internalTransactionAdvisor'
2024-05-17T15:11:57.132+02:00 TRACE 4684 --- [clothlogix] [           main] o.s.b.f.s.DefaultListableBeanFactory     : Returning cached instance of singleton bean 'org.springframework.transaction.config.internalTransactionAdvisor'
2024-05-17T15:11:57.132+02:00 TRACE 4684 --- [clothlogix] [           main] o.s.b.f.s.DefaultListableBeanFactory     : Finished creating instance of bean 'commonsDbcp2PoolDataSourceMetadataProvider'
2024-05-17T15:11:57.132+02:00 DEBUG 4684 --- [clothlogix] [           main] o.s.b.f.s.DefaultListableBeanFactory     : Creating shared instance of singleton bean 'org.springframework.boot.autoconfigure.jdbc.metadata.DataSourcePoolMetadataProvidersConfiguration$HikariPoolDataSourceMetadataProviderConfiguration'
2024-05-17T15:11:57.132+02:00 TRACE 4684 --- [clothlogix] [           main] o.s.b.f.s.DefaultListableBeanFactory     : Creating instance of bean 'org.springframework.boot.autoconfigure.jdbc.metadata.DataSourcePoolMetadataProvidersConfiguration$HikariPoolDataSourceMetadataProviderConfiguration'
2024-05-17T15:11:57.132+02:00 TRACE 4684 --- [clothlogix] [           main] o.s.b.f.s.DefaultListableBeanFactory     : Returning cached instance of singleton bean 'org.springframework.transaction.config.internalTransactionAdvisor'
2024-05-17T15:11:57.132+02:00 TRACE 4684 --- [clothlogix] [           main] o.s.b.f.s.DefaultListableBeanFactory     : Returning cached instance of singleton bean 'org.springframework.transaction.config.internalTransactionAdvisor'
2024-05-17T15:11:57.132+02:00 TRACE 4684 --- [clothlogix] [           main] o.s.b.f.s.DefaultListableBeanFactory     : Returning cached instance of singleton bean 'org.springframework.transaction.config.internalTransactionAdvisor'
2024-05-17T15:11:57.132+02:00 TRACE 4684 --- [clothlogix] [           main] o.s.b.f.s.DefaultListableBeanFactory     : Finished creating instance of bean 'org.springframework.boot.autoconfigure.jdbc.metadata.DataSourcePoolMetadataProvidersConfiguration$HikariPoolDataSourceMetadataProviderConfiguration'
2024-05-17T15:11:57.132+02:00 DEBUG 4684 --- [clothlogix] [           main] o.s.b.f.s.DefaultListableBeanFactory     : Creating shared instance of singleton bean 'hikariPoolDataSourceMetadataProvider'
2024-05-17T15:11:57.132+02:00 TRACE 4684 --- [clothlogix] [           main] o.s.b.f.s.DefaultListableBeanFactory     : Creating instance of bean 'hikariPoolDataSourceMetadataProvider'
2024-05-17T15:11:57.132+02:00 TRACE 4684 --- [clothlogix] [           main] o.s.b.f.s.DefaultListableBeanFactory     : Returning cached instance of singleton bean 'org.springframework.transaction.config.internalTransactionAdvisor'
2024-05-17T15:11:57.132+02:00 TRACE 4684 --- [clothlogix] [           main] o.s.b.f.s.DefaultListableBeanFactory     : Returning cached instance of singleton bean 'org.springframework.boot.autoconfigure.jdbc.metadata.DataSourcePoolMetadataProvidersConfiguration$HikariPoolDataSourceMetadataProviderConfiguration'
2024-05-17T15:11:57.132+02:00 TRACE 4684 --- [clothlogix] [           main] o.s.b.f.s.DefaultListableBeanFactory     : Returning cached instance of singleton bean 'org.springframework.transaction.config.internalTransactionAdvisor'
2024-05-17T15:11:57.132+02:00 TRACE 4684 --- [clothlogix] [           main] o.s.b.f.s.DefaultListableBeanFactory     : Returning cached instance of singleton bean 'org.springframework.transaction.config.internalTransactionAdvisor'
2024-05-17T15:11:57.132+02:00 TRACE 4684 --- [clothlogix] [           main] o.s.b.f.s.DefaultListableBeanFactory     : Finished creating instance of bean 'hikariPoolDataSourceMetadataProvider'
2024-05-17T15:11:57.132+02:00 DEBUG 4684 --- [clothlogix] [           main] o.s.b.f.s.DefaultListableBeanFactory     : Creating shared instance of singleton bean 'org.springframework.boot.autoconfigure.jdbc.metadata.DataSourcePoolMetadataProvidersConfiguration'
2024-05-17T15:11:57.132+02:00 TRACE 4684 --- [clothlogix] [           main] o.s.b.f.s.DefaultListableBeanFactory     : Creating instance of bean 'org.springframework.boot.autoconfigure.jdbc.metadata.DataSourcePoolMetadataProvidersConfiguration'
2024-05-17T15:11:57.132+02:00 TRACE 4684 --- [clothlogix] [           main] o.s.b.f.s.DefaultListableBeanFactory     : Returning cached instance of singleton bean 'org.springframework.transaction.config.internalTransactionAdvisor'
2024-05-17T15:11:57.132+02:00 TRACE 4684 --- [clothlogix] [           main] o.s.b.f.s.DefaultListableBeanFactory     : Returning cached instance of singleton bean 'org.springframework.transaction.config.internalTransactionAdvisor'
2024-05-17T15:11:57.132+02:00 TRACE 4684 --- [clothlogix] [           main] o.s.b.f.s.DefaultListableBeanFactory     : Returning cached instance of singleton bean 'org.springframework.transaction.config.internalTransactionAdvisor'
2024-05-17T15:11:57.132+02:00 TRACE 4684 --- [clothlogix] [           main] o.s.b.f.s.DefaultListableBeanFactory     : Finished creating instance of bean 'org.springframework.boot.autoconfigure.jdbc.metadata.DataSourcePoolMetadataProvidersConfiguration'
2024-05-17T15:11:57.132+02:00 DEBUG 4684 --- [clothlogix] [           main] o.s.b.f.s.DefaultListableBeanFactory     : Creating shared instance of singleton bean 'org.springframework.boot.autoconfigure.jdbc.DataSourceAutoConfiguration'
2024-05-17T15:11:57.132+02:00 TRACE 4684 --- [clothlogix] [           main] o.s.b.f.s.DefaultListableBeanFactory     : Creating instance of bean 'org.springframework.boot.autoconfigure.jdbc.DataSourceAutoConfiguration'
2024-05-17T15:11:57.132+02:00 TRACE 4684 --- [clothlogix] [           main] o.s.b.f.s.DefaultListableBeanFactory     : Returning cached instance of singleton bean 'org.springframework.transaction.config.internalTransactionAdvisor'
2024-05-17T15:11:57.132+02:00 TRACE 4684 --- [clothlogix] [           main] o.s.b.f.s.DefaultListableBeanFactory     : Returning cached instance of singleton bean 'org.springframework.transaction.config.internalTransactionAdvisor'
2024-05-17T15:11:57.132+02:00 TRACE 4684 --- [clothlogix] [           main] o.s.b.f.s.DefaultListableBeanFactory     : Returning cached instance of singleton bean 'org.springframework.transaction.config.internalTransactionAdvisor'
2024-05-17T15:11:57.132+02:00 TRACE 4684 --- [clothlogix] [           main] o.s.b.f.s.DefaultListableBeanFactory     : Finished creating instance of bean 'org.springframework.boot.autoconfigure.jdbc.DataSourceAutoConfiguration'
2024-05-17T15:11:57.132+02:00 DEBUG 4684 --- [clothlogix] [           main] o.s.b.f.s.DefaultListableBeanFactory     : Creating shared instance of singleton bean 'spring.datasource-org.springframework.boot.autoconfigure.jdbc.DataSourceProperties'
2024-05-17T15:11:57.132+02:00 TRACE 4684 --- [clothlogix] [           main] o.s.b.f.s.DefaultListableBeanFactory     : Creating instance of bean 'spring.datasource-org.springframework.boot.autoconfigure.jdbc.DataSourceProperties'
2024-05-17T15:11:57.132+02:00 TRACE 4684 --- [clothlogix] [           main] o.s.b.f.s.DefaultListableBeanFactory     : Returning cached instance of singleton bean 'org.springframework.transaction.config.internalTransactionAdvisor'
2024-05-17T15:11:57.132+02:00 TRACE 4684 --- [clothlogix] [           main] o.s.b.f.s.DefaultListableBeanFactory     : Returning cached instance of singleton bean 'org.springframework.boot.context.properties.BoundConfigurationProperties'
2024-05-17T15:11:57.142+02:00 TRACE 4684 --- [clothlogix] [           main] o.s.b.f.s.DefaultListableBeanFactory     : Invoking afterPropertiesSet() on bean with name 'spring.datasource-org.springframework.boot.autoconfigure.jdbc.DataSourceProperties'
2024-05-17T15:11:57.152+02:00 TRACE 4684 --- [clothlogix] [           main] o.s.b.f.s.DefaultListableBeanFactory     : Returning cached instance of singleton bean 'org.springframework.transaction.config.internalTransactionAdvisor'
2024-05-17T15:11:57.152+02:00 TRACE 4684 --- [clothlogix] [           main] o.s.b.f.s.DefaultListableBeanFactory     : Returning cached instance of singleton bean 'org.springframework.transaction.config.internalTransactionAdvisor'
2024-05-17T15:11:57.152+02:00 TRACE 4684 --- [clothlogix] [           main] o.s.b.f.s.DefaultListableBeanFactory     : Finished creating instance of bean 'spring.datasource-org.springframework.boot.autoconfigure.jdbc.DataSourceProperties'
2024-05-17T15:11:57.152+02:00 DEBUG 4684 --- [clothlogix] [           main] o.s.b.f.s.DefaultListableBeanFactory     : Creating shared instance of singleton bean 'org.springframework.boot.autoconfigure.transaction.TransactionManagerCustomizationAutoConfiguration'
2024-05-17T15:11:57.152+02:00 TRACE 4684 --- [clothlogix] [           main] o.s.b.f.s.DefaultListableBeanFactory     : Creating instance of bean 'org.springframework.boot.autoconfigure.transaction.TransactionManagerCustomizationAutoConfiguration'
2024-05-17T15:11:57.152+02:00 TRACE 4684 --- [clothlogix] [           main] o.s.b.f.s.DefaultListableBeanFactory     : Returning cached instance of singleton bean 'org.springframework.transaction.config.internalTransactionAdvisor'
2024-05-17T15:11:57.152+02:00 TRACE 4684 --- [clothlogix] [           main] o.s.b.f.s.DefaultListableBeanFactory     : Returning cached instance of singleton bean 'org.springframework.transaction.config.internalTransactionAdvisor'
2024-05-17T15:11:57.152+02:00 TRACE 4684 --- [clothlogix] [           main] o.s.b.f.s.DefaultListableBeanFactory     : Returning cached instance of singleton bean 'org.springframework.transaction.config.internalTransactionAdvisor'
2024-05-17T15:11:57.152+02:00 TRACE 4684 --- [clothlogix] [           main] o.s.b.f.s.DefaultListableBeanFactory     : Finished creating instance of bean 'org.springframework.boot.autoconfigure.transaction.TransactionManagerCustomizationAutoConfiguration'
2024-05-17T15:11:57.152+02:00 DEBUG 4684 --- [clothlogix] [           main] o.s.b.f.s.DefaultListableBeanFactory     : Creating shared instance of singleton bean 'platformTransactionManagerCustomizers'
2024-05-17T15:11:57.152+02:00 TRACE 4684 --- [clothlogix] [           main] o.s.b.f.s.DefaultListableBeanFactory     : Creating instance of bean 'platformTransactionManagerCustomizers'
2024-05-17T15:11:57.152+02:00 TRACE 4684 --- [clothlogix] [           main] o.s.b.f.s.DefaultListableBeanFactory     : Returning cached instance of singleton bean 'org.springframework.transaction.config.internalTransactionAdvisor'
2024-05-17T15:11:57.152+02:00 TRACE 4684 --- [clothlogix] [           main] o.s.b.f.s.DefaultListableBeanFactory     : Returning cached instance of singleton bean 'org.springframework.boot.autoconfigure.transaction.TransactionManagerCustomizationAutoConfiguration'
2024-05-17T15:11:57.155+02:00 DEBUG 4684 --- [clothlogix] [           main] o.s.b.f.s.DefaultListableBeanFactory     : Creating shared instance of singleton bean 'transactionExecutionListeners'
2024-05-17T15:11:57.155+02:00 TRACE 4684 --- [clothlogix] [           main] o.s.b.f.s.DefaultListableBeanFactory     : Creating instance of bean 'transactionExecutionListeners'
2024-05-17T15:11:57.155+02:00 TRACE 4684 --- [clothlogix] [           main] o.s.b.f.s.DefaultListableBeanFactory     : Returning cached instance of singleton bean 'org.springframework.transaction.config.internalTransactionAdvisor'
2024-05-17T15:11:57.155+02:00 TRACE 4684 --- [clothlogix] [           main] o.s.b.f.s.DefaultListableBeanFactory     : Returning cached instance of singleton bean 'org.springframework.boot.autoconfigure.transaction.TransactionManagerCustomizationAutoConfiguration'
2024-05-17T15:11:57.155+02:00 TRACE 4684 --- [clothlogix] [           main] o.s.b.f.s.DefaultListableBeanFactory     : Returning cached instance of singleton bean 'org.springframework.transaction.config.internalTransactionAdvisor'
2024-05-17T15:11:57.155+02:00 TRACE 4684 --- [clothlogix] [           main] o.s.b.f.s.DefaultListableBeanFactory     : Returning cached instance of singleton bean 'org.springframework.transaction.config.internalTransactionAdvisor'
2024-05-17T15:11:57.155+02:00 TRACE 4684 --- [clothlogix] [           main] o.s.b.f.s.DefaultListableBeanFactory     : Finished creating instance of bean 'transactionExecutionListeners'
2024-05-17T15:11:57.155+02:00 DEBUG 4684 --- [clothlogix] [           main] o.s.b.f.s.DefaultListableBeanFactory     : Creating shared instance of singleton bean 'spring.transaction-org.springframework.boot.autoconfigure.transaction.TransactionProperties'
2024-05-17T15:11:57.155+02:00 TRACE 4684 --- [clothlogix] [           main] o.s.b.f.s.DefaultListableBeanFactory     : Creating instance of bean 'spring.transaction-org.springframework.boot.autoconfigure.transaction.TransactionProperties'
2024-05-17T15:11:57.155+02:00 TRACE 4684 --- [clothlogix] [           main] o.s.b.f.s.DefaultListableBeanFactory     : Returning cached instance of singleton bean 'org.springframework.transaction.config.internalTransactionAdvisor'
2024-05-17T15:11:57.155+02:00 TRACE 4684 --- [clothlogix] [           main] o.s.b.f.s.DefaultListableBeanFactory     : Returning cached instance of singleton bean 'org.springframework.boot.context.properties.BoundConfigurationProperties'
2024-05-17T15:11:57.162+02:00 TRACE 4684 --- [clothlogix] [           main] o.s.b.f.s.DefaultListableBeanFactory     : Returning cached instance of singleton bean 'org.springframework.transaction.config.internalTransactionAdvisor'
2024-05-17T15:11:57.162+02:00 TRACE 4684 --- [clothlogix] [           main] o.s.b.f.s.DefaultListableBeanFactory     : Returning cached instance of singleton bean 'org.springframework.transaction.config.internalTransactionAdvisor'
2024-05-17T15:11:57.162+02:00 TRACE 4684 --- [clothlogix] [           main] o.s.b.f.s.DefaultListableBeanFactory     : Finished creating instance of bean 'spring.transaction-org.springframework.boot.autoconfigure.transaction.TransactionProperties'
2024-05-17T15:11:57.162+02:00 TRACE 4684 --- [clothlogix] [           main] o.s.b.f.s.DefaultListableBeanFactory     : Returning cached instance of singleton bean 'transactionExecutionListeners'
2024-05-17T15:11:57.162+02:00 TRACE 4684 --- [clothlogix] [           main] o.s.b.f.s.DefaultListableBeanFactory     : Returning cached instance of singleton bean 'spring.transaction-org.springframework.boot.autoconfigure.transaction.TransactionProperties'
2024-05-17T15:11:57.162+02:00 TRACE 4684 --- [clothlogix] [           main] o.s.b.f.s.DefaultListableBeanFactory     : Returning cached instance of singleton bean 'org.springframework.transaction.config.internalTransactionAdvisor'
2024-05-17T15:11:57.162+02:00 TRACE 4684 --- [clothlogix] [           main] o.s.b.f.s.DefaultListableBeanFactory     : Returning cached instance of singleton bean 'org.springframework.transaction.config.internalTransactionAdvisor'
2024-05-17T15:11:57.162+02:00 TRACE 4684 --- [clothlogix] [           main] o.s.b.f.s.DefaultListableBeanFactory     : Finished creating instance of bean 'platformTransactionManagerCustomizers'
2024-05-17T15:11:57.162+02:00 TRACE 4684 --- [clothlogix] [           main] o.s.b.f.s.DefaultListableBeanFactory     : Returning cached instance of singleton bean 'transactionExecutionListeners'
2024-05-17T15:11:57.162+02:00 TRACE 4684 --- [clothlogix] [           main] o.s.b.f.s.DefaultListableBeanFactory     : Returning cached instance of singleton bean 'spring.transaction-org.springframework.boot.autoconfigure.transaction.TransactionProperties'
2024-05-17T15:11:57.162+02:00 TRACE 4684 --- [clothlogix] [           main] o.s.b.f.s.DefaultListableBeanFactory     : Returning cached instance of singleton bean 'org.springframework.boot.autoconfigure.orm.jpa.JpaBaseConfiguration$JpaWebConfiguration'
2024-05-17T15:11:57.162+02:00 TRACE 4684 --- [clothlogix] [           main] o.s.b.f.s.DefaultListableBeanFactory     : Returning cached instance of singleton bean 'openEntityManagerInViewInterceptor'
2024-05-17T15:11:57.162+02:00 TRACE 4684 --- [clothlogix] [           main] o.s.b.f.s.DefaultListableBeanFactory     : Returning cached instance of singleton bean 'openEntityManagerInViewInterceptorConfigurer'
2024-05-17T15:11:57.162+02:00 DEBUG 4684 --- [clothlogix] [           main] o.s.b.f.s.DefaultListableBeanFactory     : Creating shared instance of singleton bean 'org.springframework.boot.autoconfigure.orm.jpa.HibernateJpaConfiguration'
2024-05-17T15:11:57.162+02:00 TRACE 4684 --- [clothlogix] [           main] o.s.b.f.s.DefaultListableBeanFactory     : Creating instance of bean 'org.springframework.boot.autoconfigure.orm.jpa.HibernateJpaConfiguration'
2024-05-17T15:11:57.162+02:00 TRACE 4684 --- [clothlogix] [           main] o.s.b.f.s.DefaultListableBeanFactory     : Returning cached instance of singleton bean 'org.springframework.transaction.config.internalTransactionAdvisor'
2024-05-17T15:11:57.162+02:00 TRACE 4684 --- [clothlogix] [           main] o.s.b.f.s.DefaultListableBeanFactory     : Returning cached instance of singleton bean 'dataSource'
2024-05-17T15:11:57.162+02:00 TRACE 4684 --- [clothlogix] [           main] o.s.b.f.s.DefaultListableBeanFactory     : Returning cached instance of singleton bean 'spring.jpa-org.springframework.boot.autoconfigure.orm.jpa.JpaProperties'
2024-05-17T15:11:57.162+02:00 DEBUG 4684 --- [clothlogix] [           main] o.s.b.f.s.DefaultListableBeanFactory     : Creating shared instance of singleton bean 'spring.jpa.hibernate-org.springframework.boot.autoconfigure.orm.jpa.HibernateProperties'
2024-05-17T15:11:57.162+02:00 TRACE 4684 --- [clothlogix] [           main] o.s.b.f.s.DefaultListableBeanFactory     : Creating instance of bean 'spring.jpa.hibernate-org.springframework.boot.autoconfigure.orm.jpa.HibernateProperties'
2024-05-17T15:11:57.162+02:00 TRACE 4684 --- [clothlogix] [           main] o.s.b.f.s.DefaultListableBeanFactory     : Returning cached instance of singleton bean 'org.springframework.transaction.config.internalTransactionAdvisor'
2024-05-17T15:11:57.162+02:00 TRACE 4684 --- [clothlogix] [           main] o.s.b.f.s.DefaultListableBeanFactory     : Returning cached instance of singleton bean 'org.springframework.boot.context.properties.BoundConfigurationProperties'
2024-05-17T15:11:57.162+02:00 TRACE 4684 --- [clothlogix] [           main] o.s.b.f.s.DefaultListableBeanFactory     : Returning cached instance of singleton bean 'org.springframework.transaction.config.internalTransactionAdvisor'
2024-05-17T15:11:57.162+02:00 TRACE 4684 --- [clothlogix] [           main] o.s.b.f.s.DefaultListableBeanFactory     : Returning cached instance of singleton bean 'org.springframework.transaction.config.internalTransactionAdvisor'
2024-05-17T15:11:57.162+02:00 TRACE 4684 --- [clothlogix] [           main] o.s.b.f.s.DefaultListableBeanFactory     : Finished creating instance of bean 'spring.jpa.hibernate-org.springframework.boot.autoconfigure.orm.jpa.HibernateProperties'
2024-05-17T15:11:57.162+02:00 DEBUG 4684 --- [clothlogix] [           main] o.s.b.f.s.DefaultListableBeanFactory     : Autowiring by type from bean name 'org.springframework.boot.autoconfigure.orm.jpa.HibernateJpaConfiguration' via constructor to bean named 'dataSource'
2024-05-17T15:11:57.162+02:00 DEBUG 4684 --- [clothlogix] [           main] o.s.b.f.s.DefaultListableBeanFactory     : Autowiring by type from bean name 'org.springframework.boot.autoconfigure.orm.jpa.HibernateJpaConfiguration' via constructor to bean named 'spring.jpa-org.springframework.boot.autoconfigure.orm.jpa.JpaProperties'
2024-05-17T15:11:57.162+02:00 DEBUG 4684 --- [clothlogix] [           main] o.s.b.f.s.DefaultListableBeanFactory     : Autowiring by type from bean name 'org.springframework.boot.autoconfigure.orm.jpa.HibernateJpaConfiguration' via constructor to bean named 'org.springframework.beans.factory.support.DefaultListableBeanFactory@75b21c3b'
2024-05-17T15:11:57.162+02:00 DEBUG 4684 --- [clothlogix] [           main] o.s.b.f.s.DefaultListableBeanFactory     : Autowiring by type from bean name 'org.springframework.boot.autoconfigure.orm.jpa.HibernateJpaConfiguration' via constructor to bean named 'spring.jpa.hibernate-org.springframework.boot.autoconfigure.orm.jpa.HibernateProperties'
2024-05-17T15:11:57.172+02:00 TRACE 4684 --- [clothlogix] [           main] o.s.b.f.s.DefaultListableBeanFactory     : Returning cached instance of singleton bean 'commonsDbcp2PoolDataSourceMetadataProvider'
2024-05-17T15:11:57.172+02:00 TRACE 4684 --- [clothlogix] [           main] o.s.b.f.s.DefaultListableBeanFactory     : Returning cached instance of singleton bean 'hikariPoolDataSourceMetadataProvider'
2024-05-17T15:11:57.172+02:00 TRACE 4684 --- [clothlogix] [           main] o.s.b.f.s.DefaultListableBeanFactory     : Returning cached instance of singleton bean 'org.springframework.transaction.config.internalTransactionAdvisor'
2024-05-17T15:11:57.172+02:00 TRACE 4684 --- [clothlogix] [           main] o.s.b.f.s.DefaultListableBeanFactory     : Returning cached instance of singleton bean 'org.springframework.transaction.config.internalTransactionAdvisor'
2024-05-17T15:11:57.172+02:00 TRACE 4684 --- [clothlogix] [           main] o.s.b.f.s.DefaultListableBeanFactory     : Finished creating instance of bean 'org.springframework.boot.autoconfigure.orm.jpa.HibernateJpaConfiguration'
2024-05-17T15:11:57.172+02:00 DEBUG 4684 --- [clothlogix] [           main] o.s.b.f.s.DefaultListableBeanFactory     : Creating shared instance of singleton bean 'jpaVendorAdapter'
2024-05-17T15:11:57.172+02:00 TRACE 4684 --- [clothlogix] [           main] o.s.b.f.s.DefaultListableBeanFactory     : Creating instance of bean 'jpaVendorAdapter'
2024-05-17T15:11:57.172+02:00 TRACE 4684 --- [clothlogix] [           main] o.s.b.f.s.DefaultListableBeanFactory     : Returning cached instance of singleton bean 'org.springframework.transaction.config.internalTransactionAdvisor'
2024-05-17T15:11:57.172+02:00 TRACE 4684 --- [clothlogix] [           main] o.s.b.f.s.DefaultListableBeanFactory     : Returning cached instance of singleton bean 'org.springframework.boot.autoconfigure.orm.jpa.HibernateJpaConfiguration'
2024-05-17T15:11:57.182+02:00 TRACE 4684 --- [clothlogix] [           main] o.s.b.f.s.DefaultListableBeanFactory     : Returning cached instance of singleton bean 'org.springframework.transaction.config.internalTransactionAdvisor'
2024-05-17T15:11:57.182+02:00 TRACE 4684 --- [clothlogix] [           main] o.s.b.f.s.DefaultListableBeanFactory     : Returning cached instance of singleton bean 'org.springframework.transaction.config.internalTransactionAdvisor'
2024-05-17T15:11:57.182+02:00 TRACE 4684 --- [clothlogix] [           main] o.s.b.f.s.DefaultListableBeanFactory     : Finished creating instance of bean 'jpaVendorAdapter'
2024-05-17T15:11:57.182+02:00 DEBUG 4684 --- [clothlogix] [           main] o.s.b.f.s.DefaultListableBeanFactory     : Creating shared instance of singleton bean 'entityManagerFactoryBuilder'
2024-05-17T15:11:57.182+02:00 TRACE 4684 --- [clothlogix] [           main] o.s.b.f.s.DefaultListableBeanFactory     : Creating instance of bean 'entityManagerFactoryBuilder'
2024-05-17T15:11:57.182+02:00 TRACE 4684 --- [clothlogix] [           main] o.s.b.f.s.DefaultListableBeanFactory     : Returning cached instance of singleton bean 'org.springframework.transaction.config.internalTransactionAdvisor'
2024-05-17T15:11:57.182+02:00 TRACE 4684 --- [clothlogix] [           main] o.s.b.f.s.DefaultListableBeanFactory     : Returning cached instance of singleton bean 'org.springframework.boot.autoconfigure.orm.jpa.HibernateJpaConfiguration'
2024-05-17T15:11:57.182+02:00 TRACE 4684 --- [clothlogix] [           main] o.s.b.f.s.DefaultListableBeanFactory     : Returning cached instance of singleton bean 'jpaVendorAdapter'
2024-05-17T15:11:57.182+02:00 DEBUG 4684 --- [clothlogix] [           main] o.s.b.f.s.DefaultListableBeanFactory     : Autowiring by type from bean name 'entityManagerFactoryBuilder' via factory method to bean named 'jpaVendorAdapter'
2024-05-17T15:11:57.186+02:00 TRACE 4684 --- [clothlogix] [           main] o.s.b.f.s.DefaultListableBeanFactory     : Returning cached instance of singleton bean 'org.springframework.transaction.config.internalTransactionAdvisor'
2024-05-17T15:11:57.186+02:00 TRACE 4684 --- [clothlogix] [           main] o.s.b.f.s.DefaultListableBeanFactory     : Returning cached instance of singleton bean 'org.springframework.transaction.config.internalTransactionAdvisor'
2024-05-17T15:11:57.186+02:00 TRACE 4684 --- [clothlogix] [           main] o.s.b.f.s.DefaultListableBeanFactory     : Finished creating instance of bean 'entityManagerFactoryBuilder'
2024-05-17T15:11:57.186+02:00 TRACE 4684 --- [clothlogix] [           main] o.s.b.f.s.DefaultListableBeanFactory     : Returning cached instance of singleton bean 'spring.jpa.hibernate-org.springframework.boot.autoconfigure.orm.jpa.HibernateProperties'
2024-05-17T15:11:57.186+02:00 TRACE 4684 --- [clothlogix] [           main] o.s.b.f.s.DefaultListableBeanFactory     : Returning cached instance of singleton bean 'spring.jpa-org.springframework.boot.autoconfigure.orm.jpa.JpaProperties'
2024-05-17T15:11:57.186+02:00 DEBUG 4684 --- [clothlogix] [           main] o.s.b.f.s.DefaultListableBeanFactory     : Creating shared instance of singleton bean 'org.springframework.boot.autoconfigure.orm.jpa.HibernateJpaAutoConfiguration'
2024-05-17T15:11:57.186+02:00 TRACE 4684 --- [clothlogix] [           main] o.s.b.f.s.DefaultListableBeanFactory     : Creating instance of bean 'org.springframework.boot.autoconfigure.orm.jpa.HibernateJpaAutoConfiguration'
2024-05-17T15:11:57.186+02:00 TRACE 4684 --- [clothlogix] [           main] o.s.b.f.s.DefaultListableBeanFactory     : Returning cached instance of singleton bean 'org.springframework.transaction.config.internalTransactionAdvisor'
2024-05-17T15:11:57.186+02:00 TRACE 4684 --- [clothlogix] [           main] o.s.b.f.s.DefaultListableBeanFactory     : Returning cached instance of singleton bean 'org.springframework.transaction.config.internalTransactionAdvisor'
2024-05-17T15:11:57.186+02:00 TRACE 4684 --- [clothlogix] [           main] o.s.b.f.s.DefaultListableBeanFactory     : Returning cached instance of singleton bean 'org.springframework.transaction.config.internalTransactionAdvisor'
2024-05-17T15:11:57.186+02:00 TRACE 4684 --- [clothlogix] [           main] o.s.b.f.s.DefaultListableBeanFactory     : Finished creating instance of bean 'org.springframework.boot.autoconfigure.orm.jpa.HibernateJpaAutoConfiguration'
2024-05-17T15:11:57.186+02:00 TRACE 4684 --- [clothlogix] [           main] o.s.b.f.s.DefaultListableBeanFactory     : Returning cached instance of singleton bean 'org.springframework.boot.autoconfigure.jackson.JacksonAutoConfiguration$Jackson2ObjectMapperBuilderCustomizerConfiguration'
2024-05-17T15:11:57.186+02:00 TRACE 4684 --- [clothlogix] [           main] o.s.b.f.s.DefaultListableBeanFactory     : Returning cached instance of singleton bean 'standardJacksonObjectMapperBuilderCustomizer'
2024-05-17T15:11:57.186+02:00 TRACE 4684 --- [clothlogix] [           main] o.s.b.f.s.DefaultListableBeanFactory     : Returning cached instance of singleton bean 'spring.jackson-org.springframework.boot.autoconfigure.jackson.JacksonProperties'
2024-05-17T15:11:57.186+02:00 TRACE 4684 --- [clothlogix] [           main] o.s.b.f.s.DefaultListableBeanFactory     : Returning cached instance of singleton bean 'org.springframework.boot.autoconfigure.jackson.JacksonAutoConfiguration$JacksonObjectMapperBuilderConfiguration'
2024-05-17T15:11:57.186+02:00 TRACE 4684 --- [clothlogix] [           main] o.s.b.f.s.DefaultListableBeanFactory     : Returning cached instance of singleton bean 'org.springframework.boot.autoconfigure.jackson.JacksonAutoConfiguration$ParameterNamesModuleConfiguration'
2024-05-17T15:11:57.186+02:00 TRACE 4684 --- [clothlogix] [           main] o.s.b.f.s.DefaultListableBeanFactory     : Returning cached instance of singleton bean 'parameterNamesModule'
2024-05-17T15:11:57.186+02:00 TRACE 4684 --- [clothlogix] [           main] o.s.b.f.s.DefaultListableBeanFactory     : Returning cached instance of singleton bean 'org.springframework.boot.autoconfigure.jackson.JacksonAutoConfiguration$JacksonObjectMapperConfiguration'
2024-05-17T15:11:57.186+02:00 TRACE 4684 --- [clothlogix] [           main] o.s.b.f.s.DefaultListableBeanFactory     : Returning cached instance of singleton bean 'jacksonObjectMapper'
2024-05-17T15:11:57.186+02:00 TRACE 4684 --- [clothlogix] [           main] o.s.b.f.s.DefaultListableBeanFactory     : Returning cached instance of singleton bean 'org.springframework.boot.autoconfigure.jackson.JacksonAutoConfiguration$JacksonMixinConfiguration'
2024-05-17T15:11:57.186+02:00 TRACE 4684 --- [clothlogix] [           main] o.s.b.f.s.DefaultListableBeanFactory     : Returning cached instance of singleton bean 'jsonMixinModuleEntries'
2024-05-17T15:11:57.186+02:00 TRACE 4684 --- [clothlogix] [           main] o.s.b.f.s.DefaultListableBeanFactory     : Returning cached instance of singleton bean 'jsonMixinModule'
2024-05-17T15:11:57.186+02:00 TRACE 4684 --- [clothlogix] [           main] o.s.b.f.s.DefaultListableBeanFactory     : Returning cached instance of singleton bean 'org.springframework.boot.autoconfigure.jackson.JacksonAutoConfiguration'
2024-05-17T15:11:57.186+02:00 TRACE 4684 --- [clothlogix] [           main] o.s.b.f.s.DefaultListableBeanFactory     : Returning cached instance of singleton bean 'jsonComponentModule'
2024-05-17T15:11:57.186+02:00 DEBUG 4684 --- [clothlogix] [           main] o.s.b.f.s.DefaultListableBeanFactory     : Creating shared instance of singleton bean 'org.springframework.boot.autoconfigure.context.ConfigurationPropertiesAutoConfiguration'
2024-05-17T15:11:57.186+02:00 TRACE 4684 --- [clothlogix] [           main] o.s.b.f.s.DefaultListableBeanFactory     : Creating instance of bean 'org.springframework.boot.autoconfigure.context.ConfigurationPropertiesAutoConfiguration'
2024-05-17T15:11:57.192+02:00 TRACE 4684 --- [clothlogix] [           main] o.s.b.f.s.DefaultListableBeanFactory     : Returning cached instance of singleton bean 'org.springframework.transaction.config.internalTransactionAdvisor'
2024-05-17T15:11:57.192+02:00 TRACE 4684 --- [clothlogix] [           main] o.s.b.f.s.DefaultListableBeanFactory     : Returning cached instance of singleton bean 'org.springframework.transaction.config.internalTransactionAdvisor'
2024-05-17T15:11:57.192+02:00 TRACE 4684 --- [clothlogix] [           main] o.s.b.f.s.DefaultListableBeanFactory     : Returning cached instance of singleton bean 'org.springframework.transaction.config.internalTransactionAdvisor'
2024-05-17T15:11:57.192+02:00 TRACE 4684 --- [clothlogix] [           main] o.s.b.f.s.DefaultListableBeanFactory     : Finished creating instance of bean 'org.springframework.boot.autoconfigure.context.ConfigurationPropertiesAutoConfiguration'
2024-05-17T15:11:57.192+02:00 DEBUG 4684 --- [clothlogix] [           main] o.s.b.f.s.DefaultListableBeanFactory     : Creating shared instance of singleton bean 'org.springframework.boot.autoconfigure.context.LifecycleAutoConfiguration'
2024-05-17T15:11:57.192+02:00 TRACE 4684 --- [clothlogix] [           main] o.s.b.f.s.DefaultListableBeanFactory     : Creating instance of bean 'org.springframework.boot.autoconfigure.context.LifecycleAutoConfiguration'
2024-05-17T15:11:57.193+02:00 TRACE 4684 --- [clothlogix] [           main] o.s.b.f.s.DefaultListableBeanFactory     : Returning cached instance of singleton bean 'org.springframework.transaction.config.internalTransactionAdvisor'
2024-05-17T15:11:57.193+02:00 TRACE 4684 --- [clothlogix] [           main] o.s.b.f.s.DefaultListableBeanFactory     : Returning cached instance of singleton bean 'org.springframework.transaction.config.internalTransactionAdvisor'
2024-05-17T15:11:57.193+02:00 TRACE 4684 --- [clothlogix] [           main] o.s.b.f.s.DefaultListableBeanFactory     : Returning cached instance of singleton bean 'org.springframework.transaction.config.internalTransactionAdvisor'
2024-05-17T15:11:57.193+02:00 TRACE 4684 --- [clothlogix] [           main] o.s.b.f.s.DefaultListableBeanFactory     : Finished creating instance of bean 'org.springframework.boot.autoconfigure.context.LifecycleAutoConfiguration'
2024-05-17T15:11:57.193+02:00 DEBUG 4684 --- [clothlogix] [           main] o.s.b.f.s.DefaultListableBeanFactory     : Creating shared instance of singleton bean 'lifecycleProcessor'
2024-05-17T15:11:57.193+02:00 TRACE 4684 --- [clothlogix] [           main] o.s.b.f.s.DefaultListableBeanFactory     : Creating instance of bean 'lifecycleProcessor'
2024-05-17T15:11:57.193+02:00 TRACE 4684 --- [clothlogix] [           main] o.s.b.f.s.DefaultListableBeanFactory     : Returning cached instance of singleton bean 'org.springframework.transaction.config.internalTransactionAdvisor'
2024-05-17T15:11:57.193+02:00 TRACE 4684 --- [clothlogix] [           main] o.s.b.f.s.DefaultListableBeanFactory     : Returning cached instance of singleton bean 'org.springframework.boot.autoconfigure.context.LifecycleAutoConfiguration'
2024-05-17T15:11:57.193+02:00 DEBUG 4684 --- [clothlogix] [           main] o.s.b.f.s.DefaultListableBeanFactory     : Creating shared instance of singleton bean 'spring.lifecycle-org.springframework.boot.autoconfigure.context.LifecycleProperties'
2024-05-17T15:11:57.193+02:00 TRACE 4684 --- [clothlogix] [           main] o.s.b.f.s.DefaultListableBeanFactory     : Creating instance of bean 'spring.lifecycle-org.springframework.boot.autoconfigure.context.LifecycleProperties'
2024-05-17T15:11:57.193+02:00 TRACE 4684 --- [clothlogix] [           main] o.s.b.f.s.DefaultListableBeanFactory     : Returning cached instance of singleton bean 'org.springframework.transaction.config.internalTransactionAdvisor'
2024-05-17T15:11:57.193+02:00 TRACE 4684 --- [clothlogix] [           main] o.s.b.f.s.DefaultListableBeanFactory     : Returning cached instance of singleton bean 'org.springframework.boot.context.properties.BoundConfigurationProperties'
2024-05-17T15:11:57.193+02:00 TRACE 4684 --- [clothlogix] [           main] o.s.b.f.s.DefaultListableBeanFactory     : Returning cached instance of singleton bean 'org.springframework.transaction.config.internalTransactionAdvisor'
2024-05-17T15:11:57.193+02:00 TRACE 4684 --- [clothlogix] [           main] o.s.b.f.s.DefaultListableBeanFactory     : Returning cached instance of singleton bean 'org.springframework.transaction.config.internalTransactionAdvisor'
2024-05-17T15:11:57.193+02:00 TRACE 4684 --- [clothlogix] [           main] o.s.b.f.s.DefaultListableBeanFactory     : Finished creating instance of bean 'spring.lifecycle-org.springframework.boot.autoconfigure.context.LifecycleProperties'
2024-05-17T15:11:57.193+02:00 DEBUG 4684 --- [clothlogix] [           main] o.s.b.f.s.DefaultListableBeanFactory     : Autowiring by type from bean name 'lifecycleProcessor' via factory method to bean named 'spring.lifecycle-org.springframework.boot.autoconfigure.context.LifecycleProperties'
2024-05-17T15:11:57.202+02:00 TRACE 4684 --- [clothlogix] [           main] o.s.b.f.s.DefaultListableBeanFactory     : Returning cached instance of singleton bean 'org.springframework.transaction.config.internalTransactionAdvisor'
2024-05-17T15:11:57.202+02:00 TRACE 4684 --- [clothlogix] [           main] o.s.b.f.s.DefaultListableBeanFactory     : Returning cached instance of singleton bean 'org.springframework.transaction.config.internalTransactionAdvisor'
2024-05-17T15:11:57.202+02:00 TRACE 4684 --- [clothlogix] [           main] o.s.b.f.s.DefaultListableBeanFactory     : Finished creating instance of bean 'lifecycleProcessor'
2024-05-17T15:11:57.202+02:00 TRACE 4684 --- [clothlogix] [           main] o.s.b.f.s.DefaultListableBeanFactory     : Returning cached instance of singleton bean 'spring.lifecycle-org.springframework.boot.autoconfigure.context.LifecycleProperties'
2024-05-17T15:11:57.202+02:00 DEBUG 4684 --- [clothlogix] [           main] o.s.b.f.s.DefaultListableBeanFactory     : Creating shared instance of singleton bean 'org.springframework.boot.autoconfigure.dao.PersistenceExceptionTranslationAutoConfiguration'
2024-05-17T15:11:57.202+02:00 TRACE 4684 --- [clothlogix] [           main] o.s.b.f.s.DefaultListableBeanFactory     : Creating instance of bean 'org.springframework.boot.autoconfigure.dao.PersistenceExceptionTranslationAutoConfiguration'
2024-05-17T15:11:57.202+02:00 TRACE 4684 --- [clothlogix] [           main] o.s.b.f.s.DefaultListableBeanFactory     : Returning cached instance of singleton bean 'org.springframework.transaction.config.internalTransactionAdvisor'
2024-05-17T15:11:57.202+02:00 TRACE 4684 --- [clothlogix] [           main] o.s.b.f.s.DefaultListableBeanFactory     : Returning cached instance of singleton bean 'org.springframework.transaction.config.internalTransactionAdvisor'
2024-05-17T15:11:57.202+02:00 TRACE 4684 --- [clothlogix] [           main] o.s.b.f.s.DefaultListableBeanFactory     : Returning cached instance of singleton bean 'org.springframework.transaction.config.internalTransactionAdvisor'
2024-05-17T15:11:57.202+02:00 TRACE 4684 --- [clothlogix] [           main] o.s.b.f.s.DefaultListableBeanFactory     : Finished creating instance of bean 'org.springframework.boot.autoconfigure.dao.PersistenceExceptionTranslationAutoConfiguration'
2024-05-17T15:11:57.202+02:00 TRACE 4684 --- [clothlogix] [           main] o.s.b.f.s.DefaultListableBeanFactory     : Returning cached instance of singleton bean 'persistenceExceptionTranslationPostProcessor'
2024-05-17T15:11:57.202+02:00 DEBUG 4684 --- [clothlogix] [           main] o.s.b.f.s.DefaultListableBeanFactory     : Creating shared instance of singleton bean 'org.springframework.boot.autoconfigure.data.jpa.JpaRepositoriesAutoConfiguration'
2024-05-17T15:11:57.202+02:00 TRACE 4684 --- [clothlogix] [           main] o.s.b.f.s.DefaultListableBeanFactory     : Creating instance of bean 'org.springframework.boot.autoconfigure.data.jpa.JpaRepositoriesAutoConfiguration'
2024-05-17T15:11:57.202+02:00 TRACE 4684 --- [clothlogix] [           main] o.s.b.f.s.DefaultListableBeanFactory     : Returning cached instance of singleton bean 'org.springframework.transaction.config.internalTransactionAdvisor'
2024-05-17T15:11:57.202+02:00 TRACE 4684 --- [clothlogix] [           main] o.s.b.f.s.DefaultListableBeanFactory     : Returning cached instance of singleton bean 'org.springframework.transaction.config.internalTransactionAdvisor'
2024-05-17T15:11:57.202+02:00 TRACE 4684 --- [clothlogix] [           main] o.s.b.f.s.DefaultListableBeanFactory     : Returning cached instance of singleton bean 'org.springframework.transaction.config.internalTransactionAdvisor'
2024-05-17T15:11:57.202+02:00 TRACE 4684 --- [clothlogix] [           main] o.s.b.f.s.DefaultListableBeanFactory     : Finished creating instance of bean 'org.springframework.boot.autoconfigure.data.jpa.JpaRepositoriesAutoConfiguration'
2024-05-17T15:11:57.202+02:00 DEBUG 4684 --- [clothlogix] [           main] o.s.b.f.s.DefaultListableBeanFactory     : Creating shared instance of singleton bean 'jpaSharedEM_entityManagerFactory'
2024-05-17T15:11:57.202+02:00 TRACE 4684 --- [clothlogix] [           main] o.s.b.f.s.DefaultListableBeanFactory     : Creating instance of bean 'jpaSharedEM_entityManagerFactory'
2024-05-17T15:11:57.202+02:00 TRACE 4684 --- [clothlogix] [           main] o.s.b.f.s.DefaultListableBeanFactory     : Returning cached instance of singleton bean 'org.springframework.transaction.config.internalTransactionAdvisor'
2024-05-17T15:11:57.202+02:00 TRACE 4684 --- [clothlogix] [           main] o.s.b.f.s.DefaultListableBeanFactory     : Returning cached instance of singleton bean 'entityManagerFactory'
2024-05-17T15:11:57.202+02:00 TRACE 4684 --- [clothlogix] [           main] o.s.b.f.s.DefaultListableBeanFactory     : Ignoring factory method [public static jakarta.persistence.EntityManager org.springframework.orm.jpa.SharedEntityManagerCreator.createSharedEntityManager(jakarta.persistence.EntityManagerFactory,java.util.Map,boolean,java.lang.Class[])] of bean 'jpaSharedEM_entityManagerFactory': org.springframework.beans.factory.UnsatisfiedDependencyException: Error creating bean with name 'jpaSharedEM_entityManagerFactory': Unsatisfied dependency expressed through method 'createSharedEntityManager' parameter 1: Ambiguous argument values for parameter of type [java.util.Map] - did you specify the correct bean references as arguments?
2024-05-17T15:11:57.202+02:00 TRACE 4684 --- [clothlogix] [           main] o.s.b.f.s.DefaultListableBeanFactory     : Ignoring factory method [public static jakarta.persistence.EntityManager org.springframework.orm.jpa.SharedEntityManagerCreator.createSharedEntityManager(jakarta.persistence.EntityManagerFactory,java.util.Map,boolean)] of bean 'jpaSharedEM_entityManagerFactory': org.springframework.beans.factory.UnsatisfiedDependencyException: Error creating bean with name 'jpaSharedEM_entityManagerFactory': Unsatisfied dependency expressed through method 'createSharedEntityManager' parameter 1: Ambiguous argument values for parameter of type [java.util.Map] - did you specify the correct bean references as arguments?
2024-05-17T15:11:57.202+02:00 TRACE 4684 --- [clothlogix] [           main] o.s.b.f.s.DefaultListableBeanFactory     : Ignoring factory method [public static jakarta.persistence.EntityManager org.springframework.orm.jpa.SharedEntityManagerCreator.createSharedEntityManager(jakarta.persistence.EntityManagerFactory,java.util.Map,java.lang.Class[])] of bean 'jpaSharedEM_entityManagerFactory': org.springframework.beans.factory.UnsatisfiedDependencyException: Error creating bean with name 'jpaSharedEM_entityManagerFactory': Unsatisfied dependency expressed through method 'createSharedEntityManager' parameter 1: Ambiguous argument values for parameter of type [java.util.Map] - did you specify the correct bean references as arguments?
2024-05-17T15:11:57.202+02:00 TRACE 4684 --- [clothlogix] [           main] o.s.b.f.s.DefaultListableBeanFactory     : Ignoring factory method [public static jakarta.persistence.EntityManager org.springframework.orm.jpa.SharedEntityManagerCreator.createSharedEntityManager(jakarta.persistence.EntityManagerFactory,java.util.Map)] of bean 'jpaSharedEM_entityManagerFactory': org.springframework.beans.factory.UnsatisfiedDependencyException: Error creating bean with name 'jpaSharedEM_entityManagerFactory': Unsatisfied dependency expressed through method 'createSharedEntityManager' parameter 1: Ambiguous argument values for parameter of type [java.util.Map] - did you specify the correct bean references as arguments?
2024-05-17T15:11:57.202+02:00 TRACE 4684 --- [clothlogix] [           main] o.s.b.f.s.DefaultListableBeanFactory     : Returning cached instance of singleton bean 'org.springframework.transaction.config.internalTransactionAdvisor'
2024-05-17T15:11:57.202+02:00 TRACE 4684 --- [clothlogix] [           main] o.s.b.f.s.DefaultListableBeanFactory     : Returning cached instance of singleton bean 'org.springframework.transaction.config.internalTransactionAdvisor'
2024-05-17T15:11:57.212+02:00 TRACE 4684 --- [clothlogix] [           main] o.s.b.f.s.DefaultListableBeanFactory     : Finished creating instance of bean 'jpaSharedEM_entityManagerFactory'
2024-05-17T15:11:57.212+02:00 DEBUG 4684 --- [clothlogix] [           main] o.s.b.f.s.DefaultListableBeanFactory     : Creating shared instance of singleton bean 'org.springframework.data.jpa.util.JpaMetamodelCacheCleanup'
2024-05-17T15:11:57.212+02:00 TRACE 4684 --- [clothlogix] [           main] o.s.b.f.s.DefaultListableBeanFactory     : Creating instance of bean 'org.springframework.data.jpa.util.JpaMetamodelCacheCleanup'
2024-05-17T15:11:57.212+02:00 TRACE 4684 --- [clothlogix] [           main] o.s.b.f.s.DefaultListableBeanFactory     : Returning cached instance of singleton bean 'org.springframework.transaction.config.internalTransactionAdvisor'
2024-05-17T15:11:57.218+02:00 TRACE 4684 --- [clothlogix] [           main] o.s.b.f.s.DefaultListableBeanFactory     : Returning cached instance of singleton bean 'org.springframework.transaction.config.internalTransactionAdvisor'
2024-05-17T15:11:57.218+02:00 TRACE 4684 --- [clothlogix] [           main] o.s.b.f.s.DefaultListableBeanFactory     : Returning cached instance of singleton bean 'org.springframework.transaction.config.internalTransactionAdvisor'
2024-05-17T15:11:57.218+02:00 TRACE 4684 --- [clothlogix] [           main] o.s.b.f.s.DefaultListableBeanFactory     : Finished creating instance of bean 'org.springframework.data.jpa.util.JpaMetamodelCacheCleanup'
2024-05-17T15:11:57.218+02:00 DEBUG 4684 --- [clothlogix] [           main] o.s.b.f.s.DefaultListableBeanFactory     : Creating shared instance of singleton bean 'org.springframework.data.jpa.repository.support.JpaEvaluationContextExtension'
2024-05-17T15:11:57.218+02:00 TRACE 4684 --- [clothlogix] [           main] o.s.b.f.s.DefaultListableBeanFactory     : Creating instance of bean 'org.springframework.data.jpa.repository.support.JpaEvaluationContextExtension'
2024-05-17T15:11:57.218+02:00 TRACE 4684 --- [clothlogix] [           main] o.s.b.f.s.DefaultListableBeanFactory     : Returning cached instance of singleton bean 'org.springframework.transaction.config.internalTransactionAdvisor'
2024-05-17T15:11:57.223+02:00 TRACE 4684 --- [clothlogix] [           main] o.s.b.f.s.DefaultListableBeanFactory     : Returning cached instance of singleton bean 'org.springframework.transaction.config.internalTransactionAdvisor'
2024-05-17T15:11:57.223+02:00 TRACE 4684 --- [clothlogix] [           main] o.s.b.f.s.DefaultListableBeanFactory     : Returning cached instance of singleton bean 'org.springframework.transaction.config.internalTransactionAdvisor'
2024-05-17T15:11:57.227+02:00 TRACE 4684 --- [clothlogix] [           main] o.s.b.f.s.DefaultListableBeanFactory     : Finished creating instance of bean 'org.springframework.data.jpa.repository.support.JpaEvaluationContextExtension'
2024-05-17T15:11:57.227+02:00 DEBUG 4684 --- [clothlogix] [           main] o.s.b.f.s.DefaultListableBeanFactory     : Creating shared instance of singleton bean 'data-jpa.repository-aot-processor#0'
2024-05-17T15:11:57.227+02:00 TRACE 4684 --- [clothlogix] [           main] o.s.b.f.s.DefaultListableBeanFactory     : Creating instance of bean 'data-jpa.repository-aot-processor#0'
2024-05-17T15:11:57.227+02:00 TRACE 4684 --- [clothlogix] [           main] o.s.b.f.s.DefaultListableBeanFactory     : Returning cached instance of singleton bean 'org.springframework.transaction.config.internalTransactionAdvisor'
2024-05-17T15:11:57.232+02:00 TRACE 4684 --- [clothlogix] [           main] o.s.beans.CachedIntrospectionResults     : Getting BeanInfo for class [org.springframework.data.jpa.repository.config.JpaRepositoryConfigExtension$JpaRepositoryRegistrationAotProcessor]
2024-05-17T15:11:57.232+02:00 TRACE 4684 --- [clothlogix] [           main] o.s.beans.CachedIntrospectionResults     : Caching PropertyDescriptors for class [org.springframework.data.jpa.repository.config.JpaRepositoryConfigExtension$JpaRepositoryRegistrationAotProcessor]
2024-05-17T15:11:57.233+02:00 TRACE 4684 --- [clothlogix] [           main] o.s.beans.CachedIntrospectionResults     : Found bean property 'beanExcludedFromAotProcessing' of type [boolean]
2024-05-17T15:11:57.233+02:00 TRACE 4684 --- [clothlogix] [           main] o.s.beans.CachedIntrospectionResults     : Found bean property 'beanFactory' of type [org.springframework.beans.factory.BeanFactory]
2024-05-17T15:11:57.233+02:00 TRACE 4684 --- [clothlogix] [           main] o.s.beans.CachedIntrospectionResults     : Found bean property 'class' of type [java.lang.Class]
2024-05-17T15:11:57.233+02:00 TRACE 4684 --- [clothlogix] [           main] o.s.beans.CachedIntrospectionResults     : Found bean property 'configMap' of type [java.util.Map]
2024-05-17T15:11:57.233+02:00 TRACE 4684 --- [clothlogix] [           main] o.s.b.f.s.DefaultListableBeanFactory     : Returning cached instance of singleton bean 'org.springframework.transaction.config.internalTransactionAdvisor'
2024-05-17T15:11:57.233+02:00 TRACE 4684 --- [clothlogix] [           main] o.s.b.f.s.DefaultListableBeanFactory     : Returning cached instance of singleton bean 'org.springframework.transaction.config.internalTransactionAdvisor'
2024-05-17T15:11:57.233+02:00 TRACE 4684 --- [clothlogix] [           main] o.s.b.f.s.DefaultListableBeanFactory     : Finished creating instance of bean 'data-jpa.repository-aot-processor#0'
2024-05-17T15:11:57.233+02:00 TRACE 4684 --- [clothlogix] [           main] o.s.b.f.s.DefaultListableBeanFactory     : Returning cached instance of singleton bean 'org.springframework.boot.autoconfigure.http.HttpMessageConvertersAutoConfiguration$StringHttpMessageConverterConfiguration'
2024-05-17T15:11:57.233+02:00 TRACE 4684 --- [clothlogix] [           main] o.s.b.f.s.DefaultListableBeanFactory     : Returning cached instance of singleton bean 'stringHttpMessageConverter'
2024-05-17T15:11:57.233+02:00 TRACE 4684 --- [clothlogix] [           main] o.s.b.f.s.DefaultListableBeanFactory     : Returning cached instance of singleton bean 'org.springframework.boot.autoconfigure.http.JacksonHttpMessageConvertersConfiguration$MappingJackson2HttpMessageConverterConfiguration'
2024-05-17T15:11:57.233+02:00 TRACE 4684 --- [clothlogix] [           main] o.s.b.f.s.DefaultListableBeanFactory     : Returning cached instance of singleton bean 'mappingJackson2HttpMessageConverter'
2024-05-17T15:11:57.233+02:00 DEBUG 4684 --- [clothlogix] [           main] o.s.b.f.s.DefaultListableBeanFactory     : Creating shared instance of singleton bean 'org.springframework.boot.autoconfigure.http.JacksonHttpMessageConvertersConfiguration'
2024-05-17T15:11:57.233+02:00 TRACE 4684 --- [clothlogix] [           main] o.s.b.f.s.DefaultListableBeanFactory     : Creating instance of bean 'org.springframework.boot.autoconfigure.http.JacksonHttpMessageConvertersConfiguration'
2024-05-17T15:11:57.233+02:00 TRACE 4684 --- [clothlogix] [           main] o.s.b.f.s.DefaultListableBeanFactory     : Returning cached instance of singleton bean 'org.springframework.transaction.config.internalTransactionAdvisor'
2024-05-17T15:11:57.233+02:00 TRACE 4684 --- [clothlogix] [           main] o.s.b.f.s.DefaultListableBeanFactory     : Returning cached instance of singleton bean 'org.springframework.transaction.config.internalTransactionAdvisor'
2024-05-17T15:11:57.233+02:00 TRACE 4684 --- [clothlogix] [           main] o.s.b.f.s.DefaultListableBeanFactory     : Returning cached instance of singleton bean 'org.springframework.transaction.config.internalTransactionAdvisor'
2024-05-17T15:11:57.233+02:00 TRACE 4684 --- [clothlogix] [           main] o.s.b.f.s.DefaultListableBeanFactory     : Finished creating instance of bean 'org.springframework.boot.autoconfigure.http.JacksonHttpMessageConvertersConfiguration'
2024-05-17T15:11:57.233+02:00 TRACE 4684 --- [clothlogix] [           main] o.s.b.f.s.DefaultListableBeanFactory     : Returning cached instance of singleton bean 'org.springframework.boot.autoconfigure.http.HttpMessageConvertersAutoConfiguration'
2024-05-17T15:11:57.233+02:00 TRACE 4684 --- [clothlogix] [           main] o.s.b.f.s.DefaultListableBeanFactory     : Returning cached instance of singleton bean 'messageConverters'
2024-05-17T15:11:57.237+02:00 TRACE 4684 --- [clothlogix] [           main] o.s.b.f.s.DefaultListableBeanFactory     : Returning cached instance of singleton bean 'org.springframework.hateoas.mediatype.hal.HalMediaTypeConfiguration'
2024-05-17T15:11:57.237+02:00 DEBUG 4684 --- [clothlogix] [           main] o.s.b.f.s.DefaultListableBeanFactory     : Creating shared instance of singleton bean 'halLinkDisocoverer'
2024-05-17T15:11:57.237+02:00 TRACE 4684 --- [clothlogix] [           main] o.s.b.f.s.DefaultListableBeanFactory     : Creating instance of bean 'halLinkDisocoverer'
2024-05-17T15:11:57.237+02:00 TRACE 4684 --- [clothlogix] [           main] o.s.b.f.s.DefaultListableBeanFactory     : Returning cached instance of singleton bean 'org.springframework.transaction.config.internalTransactionAdvisor'
2024-05-17T15:11:57.237+02:00 TRACE 4684 --- [clothlogix] [           main] o.s.b.f.s.DefaultListableBeanFactory     : Returning cached instance of singleton bean 'org.springframework.hateoas.mediatype.hal.HalMediaTypeConfiguration'
2024-05-17T15:11:57.237+02:00 TRACE 4684 --- [clothlogix] [           main] o.s.b.f.s.DefaultListableBeanFactory     : Returning cached instance of singleton bean 'org.springframework.transaction.config.internalTransactionAdvisor'
2024-05-17T15:11:57.237+02:00 TRACE 4684 --- [clothlogix] [           main] o.s.b.f.s.DefaultListableBeanFactory     : Returning cached instance of singleton bean 'org.springframework.transaction.config.internalTransactionAdvisor'
2024-05-17T15:11:57.242+02:00 TRACE 4684 --- [clothlogix] [           main] o.s.b.f.s.DefaultListableBeanFactory     : Finished creating instance of bean 'halLinkDisocoverer'
2024-05-17T15:11:57.242+02:00 TRACE 4684 --- [clothlogix] [           main] o.s.b.f.s.DefaultListableBeanFactory     : Returning cached instance of singleton bean 'org.springframework.hateoas.mediatype.hal.forms.HalFormsMediaTypeConfiguration'
2024-05-17T15:11:57.242+02:00 DEBUG 4684 --- [clothlogix] [           main] o.s.b.f.s.DefaultListableBeanFactory     : Creating shared instance of singleton bean 'halFormsLinkDiscoverer'
2024-05-17T15:11:57.242+02:00 TRACE 4684 --- [clothlogix] [           main] o.s.b.f.s.DefaultListableBeanFactory     : Creating instance of bean 'halFormsLinkDiscoverer'
2024-05-17T15:11:57.242+02:00 TRACE 4684 --- [clothlogix] [           main] o.s.b.f.s.DefaultListableBeanFactory     : Returning cached instance of singleton bean 'org.springframework.transaction.config.internalTransactionAdvisor'
2024-05-17T15:11:57.242+02:00 TRACE 4684 --- [clothlogix] [           main] o.s.b.f.s.DefaultListableBeanFactory     : Returning cached instance of singleton bean 'org.springframework.hateoas.mediatype.hal.forms.HalFormsMediaTypeConfiguration'
2024-05-17T15:11:57.242+02:00 TRACE 4684 --- [clothlogix] [           main] o.s.b.f.s.DefaultListableBeanFactory     : Returning cached instance of singleton bean 'org.springframework.transaction.config.internalTransactionAdvisor'
2024-05-17T15:11:57.242+02:00 TRACE 4684 --- [clothlogix] [           main] o.s.b.f.s.DefaultListableBeanFactory     : Returning cached instance of singleton bean 'org.springframework.transaction.config.internalTransactionAdvisor'
2024-05-17T15:11:57.242+02:00 TRACE 4684 --- [clothlogix] [           main] o.s.b.f.s.DefaultListableBeanFactory     : Finished creating instance of bean 'halFormsLinkDiscoverer'
2024-05-17T15:11:57.242+02:00 DEBUG 4684 --- [clothlogix] [           main] o.s.b.f.s.DefaultListableBeanFactory     : Creating shared instance of singleton bean 'halFormsTemplatePropertyWriter'
2024-05-17T15:11:57.242+02:00 TRACE 4684 --- [clothlogix] [           main] o.s.b.f.s.DefaultListableBeanFactory     : Creating instance of bean 'halFormsTemplatePropertyWriter'
2024-05-17T15:11:57.242+02:00 TRACE 4684 --- [clothlogix] [           main] o.s.b.f.s.DefaultListableBeanFactory     : Returning cached instance of singleton bean 'org.springframework.transaction.config.internalTransactionAdvisor'
2024-05-17T15:11:57.242+02:00 TRACE 4684 --- [clothlogix] [           main] o.s.b.f.s.DefaultListableBeanFactory     : Returning cached instance of singleton bean 'org.springframework.hateoas.mediatype.hal.forms.HalFormsMediaTypeConfiguration'
2024-05-17T15:11:57.262+02:00 TRACE 4684 --- [clothlogix] [           main] o.s.b.f.s.DefaultListableBeanFactory     : Returning cached instance of singleton bean 'org.springframework.transaction.config.internalTransactionAdvisor'
2024-05-17T15:11:57.262+02:00 TRACE 4684 --- [clothlogix] [           main] o.s.b.f.s.DefaultListableBeanFactory     : Returning cached instance of singleton bean 'org.springframework.transaction.config.internalTransactionAdvisor'
2024-05-17T15:11:57.265+02:00 TRACE 4684 --- [clothlogix] [           main] o.s.b.f.s.DefaultListableBeanFactory     : Finished creating instance of bean 'halFormsTemplatePropertyWriter'
2024-05-17T15:11:57.265+02:00 DEBUG 4684 --- [clothlogix] [           main] o.s.b.f.s.DefaultListableBeanFactory     : Creating shared instance of singleton bean 'org.springframework.hateoas.config.WebTestHateoasConfiguration'
2024-05-17T15:11:57.265+02:00 TRACE 4684 --- [clothlogix] [           main] o.s.b.f.s.DefaultListableBeanFactory     : Creating instance of bean 'org.springframework.hateoas.config.WebTestHateoasConfiguration'
2024-05-17T15:11:57.265+02:00 TRACE 4684 --- [clothlogix] [           main] o.s.b.f.s.DefaultListableBeanFactory     : Returning cached instance of singleton bean 'org.springframework.transaction.config.internalTransactionAdvisor'
2024-05-17T15:11:57.265+02:00 TRACE 4684 --- [clothlogix] [           main] o.s.b.f.s.DefaultListableBeanFactory     : Returning cached instance of singleton bean 'org.springframework.transaction.config.internalTransactionAdvisor'
2024-05-17T15:11:57.265+02:00 TRACE 4684 --- [clothlogix] [           main] o.s.b.f.s.DefaultListableBeanFactory     : Returning cached instance of singleton bean 'org.springframework.transaction.config.internalTransactionAdvisor'
2024-05-17T15:11:57.265+02:00 TRACE 4684 --- [clothlogix] [           main] o.s.b.f.s.DefaultListableBeanFactory     : Finished creating instance of bean 'org.springframework.hateoas.config.WebTestHateoasConfiguration'
2024-05-17T15:11:57.265+02:00 TRACE 4684 --- [clothlogix] [           main] o.s.b.f.s.DefaultListableBeanFactory     : Returning cached instance of singleton bean 'org.springframework.hateoas.config.HateoasConfiguration'
2024-05-17T15:11:57.265+02:00 TRACE 4684 --- [clothlogix] [           main] o.s.b.f.s.DefaultListableBeanFactory     : Returning cached instance of singleton bean 'messageResolver'
2024-05-17T15:11:57.265+02:00 TRACE 4684 --- [clothlogix] [           main] o.s.b.f.s.DefaultListableBeanFactory     : Returning cached instance of singleton bean 'hypermediaWebMvcConverters'
2024-05-17T15:11:57.265+02:00 DEBUG 4684 --- [clothlogix] [           main] o.s.b.f.s.DefaultListableBeanFactory     : Creating shared instance of singleton bean 'defaultRelProvider'
2024-05-17T15:11:57.265+02:00 TRACE 4684 --- [clothlogix] [           main] o.s.b.f.s.DefaultListableBeanFactory     : Creating instance of bean 'defaultRelProvider'
2024-05-17T15:11:57.265+02:00 TRACE 4684 --- [clothlogix] [           main] o.s.b.f.s.DefaultListableBeanFactory     : Returning cached instance of singleton bean 'org.springframework.transaction.config.internalTransactionAdvisor'
2024-05-17T15:11:57.265+02:00 TRACE 4684 --- [clothlogix] [           main] o.s.b.f.s.DefaultListableBeanFactory     : Returning cached instance of singleton bean 'org.springframework.hateoas.config.HateoasConfiguration'
2024-05-17T15:11:57.272+02:00 TRACE 4684 --- [clothlogix] [           main] o.s.b.f.s.DefaultListableBeanFactory     : Returning cached instance of singleton bean 'org.springframework.transaction.config.internalTransactionAdvisor'
2024-05-17T15:11:57.272+02:00 TRACE 4684 --- [clothlogix] [           main] o.s.b.f.s.DefaultListableBeanFactory     : Returning cached instance of singleton bean 'org.springframework.transaction.config.internalTransactionAdvisor'
2024-05-17T15:11:57.272+02:00 TRACE 4684 --- [clothlogix] [           main] o.s.b.f.s.DefaultListableBeanFactory     : Finished creating instance of bean 'defaultRelProvider'
2024-05-17T15:11:57.272+02:00 DEBUG 4684 --- [clothlogix] [           main] o.s.b.f.s.DefaultListableBeanFactory     : Creating shared instance of singleton bean 'annotationRelProvider'
2024-05-17T15:11:57.272+02:00 TRACE 4684 --- [clothlogix] [           main] o.s.b.f.s.DefaultListableBeanFactory     : Creating instance of bean 'annotationRelProvider'
2024-05-17T15:11:57.272+02:00 TRACE 4684 --- [clothlogix] [           main] o.s.b.f.s.DefaultListableBeanFactory     : Returning cached instance of singleton bean 'org.springframework.transaction.config.internalTransactionAdvisor'
2024-05-17T15:11:57.272+02:00 TRACE 4684 --- [clothlogix] [           main] o.s.b.f.s.DefaultListableBeanFactory     : Returning cached instance of singleton bean 'org.springframework.hateoas.config.HateoasConfiguration'
2024-05-17T15:11:57.272+02:00 TRACE 4684 --- [clothlogix] [           main] o.s.b.f.s.DefaultListableBeanFactory     : Returning cached instance of singleton bean 'org.springframework.transaction.config.internalTransactionAdvisor'
2024-05-17T15:11:57.272+02:00 TRACE 4684 --- [clothlogix] [           main] o.s.b.f.s.DefaultListableBeanFactory     : Returning cached instance of singleton bean 'org.springframework.transaction.config.internalTransactionAdvisor'
2024-05-17T15:11:57.272+02:00 TRACE 4684 --- [clothlogix] [           main] o.s.b.f.s.DefaultListableBeanFactory     : Finished creating instance of bean 'annotationRelProvider'
2024-05-17T15:11:57.272+02:00 TRACE 4684 --- [clothlogix] [           main] o.s.b.f.s.DefaultListableBeanFactory     : Returning cached instance of singleton bean '_relProvider'
2024-05-17T15:11:57.272+02:00 TRACE 4684 --- [clothlogix] [           main] o.s.b.f.s.DefaultListableBeanFactory     : Returning cached instance of singleton bean 'relProviderPluginRegistry'
2024-05-17T15:11:57.272+02:00 DEBUG 4684 --- [clothlogix] [           main] o.s.b.f.s.DefaultListableBeanFactory     : Creating shared instance of singleton bean 'linkDiscoverers'
2024-05-17T15:11:57.272+02:00 TRACE 4684 --- [clothlogix] [           main] o.s.b.f.s.DefaultListableBeanFactory     : Creating instance of bean 'linkDiscoverers'
2024-05-17T15:11:57.272+02:00 TRACE 4684 --- [clothlogix] [           main] o.s.b.f.s.DefaultListableBeanFactory     : Returning cached instance of singleton bean 'org.springframework.transaction.config.internalTransactionAdvisor'
2024-05-17T15:11:57.272+02:00 TRACE 4684 --- [clothlogix] [           main] o.s.b.f.s.DefaultListableBeanFactory     : Returning cached instance of singleton bean 'org.springframework.hateoas.config.HateoasConfiguration'
2024-05-17T15:11:57.272+02:00 DEBUG 4684 --- [clothlogix] [           main] o.s.b.f.s.DefaultListableBeanFactory     : Creating shared instance of singleton bean 'linkDiscovererRegistry'
2024-05-17T15:11:57.272+02:00 TRACE 4684 --- [clothlogix] [           main] o.s.b.f.s.DefaultListableBeanFactory     : Creating instance of bean 'linkDiscovererRegistry'
2024-05-17T15:11:57.272+02:00 TRACE 4684 --- [clothlogix] [           main] o.s.b.f.s.DefaultListableBeanFactory     : Returning cached instance of singleton bean 'org.springframework.transaction.config.internalTransactionAdvisor'
2024-05-17T15:11:57.272+02:00 TRACE 4684 --- [clothlogix] [           main] o.s.beans.CachedIntrospectionResults     : Getting BeanInfo for class [org.springframework.plugin.core.support.PluginRegistryFactoryBean]
2024-05-17T15:11:57.272+02:00 TRACE 4684 --- [clothlogix] [           main] o.s.beans.CachedIntrospectionResults     : Caching PropertyDescriptors for class [org.springframework.plugin.core.support.PluginRegistryFactoryBean]
2024-05-17T15:11:57.272+02:00 TRACE 4684 --- [clothlogix] [           main] o.s.beans.CachedIntrospectionResults     : Found bean property 'applicationContext' of type [org.springframework.context.ApplicationContext]
2024-05-17T15:11:57.272+02:00 TRACE 4684 --- [clothlogix] [           main] o.s.beans.CachedIntrospectionResults     : Found bean property 'class' of type [java.lang.Class]
2024-05-17T15:11:57.272+02:00 TRACE 4684 --- [clothlogix] [           main] o.s.beans.CachedIntrospectionResults     : Found bean property 'exclusions' of type [[Ljava.lang.Class;]
2024-05-17T15:11:57.272+02:00 TRACE 4684 --- [clothlogix] [           main] o.s.beans.CachedIntrospectionResults     : Found bean property 'object' of type [java.lang.Object]
2024-05-17T15:11:57.272+02:00 TRACE 4684 --- [clothlogix] [           main] o.s.beans.CachedIntrospectionResults     : Found bean property 'objectType' of type [java.lang.Class]
2024-05-17T15:11:57.272+02:00 TRACE 4684 --- [clothlogix] [           main] o.s.beans.CachedIntrospectionResults     : Found bean property 'singleton' of type [boolean]
2024-05-17T15:11:57.272+02:00 TRACE 4684 --- [clothlogix] [           main] o.s.beans.CachedIntrospectionResults     : Found bean property 'type' of type [java.lang.Class]
2024-05-17T15:11:57.272+02:00 TRACE 4684 --- [clothlogix] [           main] o.s.b.f.s.DefaultListableBeanFactory     : Invoking afterPropertiesSet() on bean with name 'linkDiscovererRegistry'
2024-05-17T15:11:57.272+02:00 TRACE 4684 --- [clothlogix] [           main] o.s.b.f.s.DefaultListableBeanFactory     : Returning cached instance of singleton bean 'org.springframework.transaction.config.internalTransactionAdvisor'
2024-05-17T15:11:57.272+02:00 TRACE 4684 --- [clothlogix] [           main] o.s.b.f.s.DefaultListableBeanFactory     : Returning cached instance of singleton bean 'org.springframework.transaction.config.internalTransactionAdvisor'
2024-05-17T15:11:57.281+02:00 TRACE 4684 --- [clothlogix] [           main] o.s.b.f.s.DefaultListableBeanFactory     : Finished creating instance of bean 'linkDiscovererRegistry'
2024-05-17T15:11:57.281+02:00 TRACE 4684 --- [clothlogix] [           main] o.s.aop.framework.JdkDynamicAopProxy     : Creating JDK dynamic proxy: org.springframework.plugin.core.support.AbstractTypeAwareSupport$BeansOfTypeTargetSource@3d3c14c3
2024-05-17T15:11:57.281+02:00 TRACE 4684 --- [clothlogix] [           main] o.s.b.f.s.DefaultListableBeanFactory     : Returning cached instance of singleton bean 'org.springframework.transaction.config.internalTransactionAdvisor'
2024-05-17T15:11:57.281+02:00 TRACE 4684 --- [clothlogix] [           main] o.s.b.f.s.DefaultListableBeanFactory     : Returning cached instance of singleton bean 'org.springframework.transaction.config.internalTransactionAdvisor'
2024-05-17T15:11:57.282+02:00 DEBUG 4684 --- [clothlogix] [           main] o.s.b.f.s.DefaultListableBeanFactory     : Autowiring by type from bean name 'linkDiscoverers' via factory method to bean named 'linkDiscovererRegistry'
2024-05-17T15:11:57.282+02:00 TRACE 4684 --- [clothlogix] [           main] o.s.b.f.s.DefaultListableBeanFactory     : Returning cached instance of singleton bean 'org.springframework.transaction.config.internalTransactionAdvisor'
2024-05-17T15:11:57.282+02:00 TRACE 4684 --- [clothlogix] [           main] o.s.b.f.s.DefaultListableBeanFactory     : Returning cached instance of singleton bean 'org.springframework.transaction.config.internalTransactionAdvisor'
2024-05-17T15:11:57.282+02:00 TRACE 4684 --- [clothlogix] [           main] o.s.b.f.s.DefaultListableBeanFactory     : Finished creating instance of bean 'linkDiscoverers'
2024-05-17T15:11:57.282+02:00 TRACE 4684 --- [clothlogix] [           main] o.s.b.f.s.DefaultListableBeanFactory     : Returning cached instance of singleton bean 'linkDiscovererRegistry'
2024-05-17T15:11:57.282+02:00 DEBUG 4684 --- [clothlogix] [           main] o.s.b.f.s.DefaultListableBeanFactory     : Creating shared instance of singleton bean 'org.springframework.hateoas.config.WebMvcEntityLinksConfiguration'
2024-05-17T15:11:57.282+02:00 TRACE 4684 --- [clothlogix] [           main] o.s.b.f.s.DefaultListableBeanFactory     : Creating instance of bean 'org.springframework.hateoas.config.WebMvcEntityLinksConfiguration'
2024-05-17T15:11:57.282+02:00 TRACE 4684 --- [clothlogix] [           main] o.s.b.f.s.DefaultListableBeanFactory     : Returning cached instance of singleton bean 'org.springframework.transaction.config.internalTransactionAdvisor'
2024-05-17T15:11:57.282+02:00 TRACE 4684 --- [clothlogix] [           main] o.s.b.f.s.DefaultListableBeanFactory     : Returning cached instance of singleton bean 'org.springframework.transaction.config.internalTransactionAdvisor'
2024-05-17T15:11:57.282+02:00 TRACE 4684 --- [clothlogix] [           main] o.s.b.f.s.DefaultListableBeanFactory     : Returning cached instance of singleton bean 'org.springframework.transaction.config.internalTransactionAdvisor'
2024-05-17T15:11:57.282+02:00 TRACE 4684 --- [clothlogix] [           main] o.s.b.f.s.DefaultListableBeanFactory     : Finished creating instance of bean 'org.springframework.hateoas.config.WebMvcEntityLinksConfiguration'
2024-05-17T15:11:57.282+02:00 DEBUG 4684 --- [clothlogix] [           main] o.s.b.f.s.DefaultListableBeanFactory     : Creating shared instance of singleton bean 'webMvcEntityLinks'
2024-05-17T15:11:57.282+02:00 TRACE 4684 --- [clothlogix] [           main] o.s.b.f.s.DefaultListableBeanFactory     : Creating instance of bean 'webMvcEntityLinks'
2024-05-17T15:11:57.282+02:00 TRACE 4684 --- [clothlogix] [           main] o.s.b.f.s.DefaultListableBeanFactory     : Returning cached instance of singleton bean 'org.springframework.transaction.config.internalTransactionAdvisor'
2024-05-17T15:11:57.282+02:00 TRACE 4684 --- [clothlogix] [           main] o.s.b.f.s.DefaultListableBeanFactory     : Returning cached instance of singleton bean 'org.springframework.hateoas.config.WebMvcEntityLinksConfiguration'
2024-05-17T15:11:57.282+02:00 DEBUG 4684 --- [clothlogix] [           main] o.s.b.f.s.DefaultListableBeanFactory     : Creating shared instance of singleton bean 'webMvcLinkBuilderFactory'
2024-05-17T15:11:57.282+02:00 TRACE 4684 --- [clothlogix] [           main] o.s.b.f.s.DefaultListableBeanFactory     : Creating instance of bean 'webMvcLinkBuilderFactory'
2024-05-17T15:11:57.282+02:00 TRACE 4684 --- [clothlogix] [           main] o.s.b.f.s.DefaultListableBeanFactory     : Returning cached instance of singleton bean 'org.springframework.transaction.config.internalTransactionAdvisor'
2024-05-17T15:11:57.282+02:00 TRACE 4684 --- [clothlogix] [           main] o.s.b.f.s.DefaultListableBeanFactory     : Returning cached instance of singleton bean 'org.springframework.hateoas.config.WebMvcHateoasConfiguration'
2024-05-17T15:11:57.282+02:00 TRACE 4684 --- [clothlogix] [           main] o.s.b.f.s.DefaultListableBeanFactory     : Returning cached instance of singleton bean 'pageableResolver'
2024-05-17T15:11:57.282+02:00 TRACE 4684 --- [clothlogix] [           main] o.s.b.f.s.DefaultListableBeanFactory     : Returning cached instance of singleton bean 'sortResolver'
2024-05-17T15:11:57.282+02:00 TRACE 4684 --- [clothlogix] [           main] o.s.b.f.s.DefaultListableBeanFactory     : Returning cached instance of singleton bean 'pageableResolver'
2024-05-17T15:11:57.282+02:00 TRACE 4684 --- [clothlogix] [           main] o.s.b.f.s.DefaultListableBeanFactory     : Returning cached instance of singleton bean 'sortResolver'
2024-05-17T15:11:57.297+02:00 TRACE 4684 --- [clothlogix] [           main] o.s.b.f.s.DefaultListableBeanFactory     : Returning cached instance of singleton bean 'org.springframework.transaction.config.internalTransactionAdvisor'
2024-05-17T15:11:57.297+02:00 TRACE 4684 --- [clothlogix] [           main] o.s.b.f.s.DefaultListableBeanFactory     : Returning cached instance of singleton bean 'org.springframework.transaction.config.internalTransactionAdvisor'
2024-05-17T15:11:57.297+02:00 TRACE 4684 --- [clothlogix] [           main] o.s.b.f.s.DefaultListableBeanFactory     : Finished creating instance of bean 'webMvcLinkBuilderFactory'
2024-05-17T15:11:57.302+02:00 TRACE 4684 --- [clothlogix] [           main] o.s.b.f.s.DefaultListableBeanFactory     : Invoking afterPropertiesSet() on bean with name 'webMvcEntityLinks'
2024-05-17T15:11:57.306+02:00 TRACE 4684 --- [clothlogix] [           main] o.s.b.f.s.DefaultListableBeanFactory     : Returning cached instance of singleton bean 'org.springframework.transaction.config.internalTransactionAdvisor'
2024-05-17T15:11:57.306+02:00 TRACE 4684 --- [clothlogix] [           main] o.s.b.f.s.DefaultListableBeanFactory     : Returning cached instance of singleton bean 'org.springframework.transaction.config.internalTransactionAdvisor'
2024-05-17T15:11:57.306+02:00 TRACE 4684 --- [clothlogix] [           main] o.s.b.f.s.DefaultListableBeanFactory     : Finished creating instance of bean 'webMvcEntityLinks'
2024-05-17T15:11:57.306+02:00 DEBUG 4684 --- [clothlogix] [           main] o.s.b.f.s.DefaultListableBeanFactory     : Creating shared instance of singleton bean 'entityLinksPluginRegistry'
2024-05-17T15:11:57.306+02:00 TRACE 4684 --- [clothlogix] [           main] o.s.b.f.s.DefaultListableBeanFactory     : Creating instance of bean 'entityLinksPluginRegistry'
2024-05-17T15:11:57.306+02:00 TRACE 4684 --- [clothlogix] [           main] o.s.b.f.s.DefaultListableBeanFactory     : Returning cached instance of singleton bean 'org.springframework.transaction.config.internalTransactionAdvisor'
2024-05-17T15:11:57.306+02:00 TRACE 4684 --- [clothlogix] [           main] o.s.b.f.s.DefaultListableBeanFactory     : Returning cached instance of singleton bean 'org.springframework.hateoas.config.WebMvcEntityLinksConfiguration'
2024-05-17T15:11:57.306+02:00 DEBUG 4684 --- [clothlogix] [           main] o.s.b.f.s.DefaultListableBeanFactory     : Autowiring by type from bean name 'entityLinksPluginRegistry' via factory method to bean named 'org.springframework.web.context.support.GenericWebApplicationContext@3f2049b6'
2024-05-17T15:11:57.306+02:00 TRACE 4684 --- [clothlogix] [           main] o.s.aop.framework.JdkDynamicAopProxy     : Creating JDK dynamic proxy: org.springframework.plugin.core.support.AbstractTypeAwareSupport$BeansOfTypeTargetSource@554db19d
2024-05-17T15:11:57.306+02:00 TRACE 4684 --- [clothlogix] [           main] o.s.b.f.s.DefaultListableBeanFactory     : Returning cached instance of singleton bean 'org.springframework.transaction.config.internalTransactionAdvisor'
2024-05-17T15:11:57.306+02:00 TRACE 4684 --- [clothlogix] [           main] o.s.b.f.s.DefaultListableBeanFactory     : Returning cached instance of singleton bean 'org.springframework.transaction.config.internalTransactionAdvisor'
2024-05-17T15:11:57.306+02:00 TRACE 4684 --- [clothlogix] [           main] o.s.b.f.s.DefaultListableBeanFactory     : Finished creating instance of bean 'entityLinksPluginRegistry'
2024-05-17T15:11:57.306+02:00 DEBUG 4684 --- [clothlogix] [           main] o.s.b.f.s.DefaultListableBeanFactory     : Creating shared instance of singleton bean 'delegatingEntityLinks'
2024-05-17T15:11:57.306+02:00 TRACE 4684 --- [clothlogix] [           main] o.s.b.f.s.DefaultListableBeanFactory     : Creating instance of bean 'delegatingEntityLinks'
2024-05-17T15:11:57.306+02:00 TRACE 4684 --- [clothlogix] [           main] o.s.b.f.s.DefaultListableBeanFactory     : Returning cached instance of singleton bean 'org.springframework.transaction.config.internalTransactionAdvisor'
2024-05-17T15:11:57.306+02:00 TRACE 4684 --- [clothlogix] [           main] o.s.b.f.s.DefaultListableBeanFactory     : Returning cached instance of singleton bean 'org.springframework.hateoas.config.WebMvcEntityLinksConfiguration'
2024-05-17T15:11:57.306+02:00 TRACE 4684 --- [clothlogix] [           main] o.s.b.f.s.DefaultListableBeanFactory     : Returning cached instance of singleton bean 'entityLinksPluginRegistry'
2024-05-17T15:11:57.306+02:00 DEBUG 4684 --- [clothlogix] [           main] o.s.b.f.s.DefaultListableBeanFactory     : Autowiring by type from bean name 'delegatingEntityLinks' via factory method to bean named 'entityLinksPluginRegistry'
2024-05-17T15:11:57.312+02:00 TRACE 4684 --- [clothlogix] [           main] o.s.b.f.s.DefaultListableBeanFactory     : Returning cached instance of singleton bean 'org.springframework.transaction.config.internalTransactionAdvisor'
2024-05-17T15:11:57.312+02:00 TRACE 4684 --- [clothlogix] [           main] o.s.b.f.s.DefaultListableBeanFactory     : Returning cached instance of singleton bean 'org.springframework.transaction.config.internalTransactionAdvisor'
2024-05-17T15:11:57.314+02:00 TRACE 4684 --- [clothlogix] [           main] o.s.b.f.s.DefaultListableBeanFactory     : Finished creating instance of bean 'delegatingEntityLinks'
2024-05-17T15:11:57.314+02:00 TRACE 4684 --- [clothlogix] [           main] o.s.b.f.s.DefaultListableBeanFactory     : Returning cached instance of singleton bean 'org.springframework.hateoas.config.WebMvcHateoasConfiguration'
2024-05-17T15:11:57.314+02:00 TRACE 4684 --- [clothlogix] [           main] o.s.b.f.s.DefaultListableBeanFactory     : Returning cached instance of singleton bean 'hypermediaWebMvcConfigurer'
2024-05-17T15:11:57.314+02:00 TRACE 4684 --- [clothlogix] [           main] o.s.b.f.s.DefaultListableBeanFactory     : Returning cached instance of singleton bean 'representationModelProcessorInvoker'
2024-05-17T15:11:57.314+02:00 TRACE 4684 --- [clothlogix] [           main] o.s.b.f.s.DefaultListableBeanFactory     : Returning cached instance of singleton bean 'hypermediaRepresentionModelProcessorConfigurator'
2024-05-17T15:11:57.314+02:00 TRACE 4684 --- [clothlogix] [           main] o.s.b.f.s.DefaultListableBeanFactory     : Returning cached instance of singleton bean 'webMvcLinkBuilderFactory'
2024-05-17T15:11:57.314+02:00 DEBUG 4684 --- [clothlogix] [           main] o.s.b.f.s.DefaultListableBeanFactory     : Creating shared instance of singleton bean 'org.springframework.hateoas.config.RestTemplateHateoasConfiguration'
2024-05-17T15:11:57.314+02:00 TRACE 4684 --- [clothlogix] [           main] o.s.b.f.s.DefaultListableBeanFactory     : Creating instance of bean 'org.springframework.hateoas.config.RestTemplateHateoasConfiguration'
2024-05-17T15:11:57.314+02:00 TRACE 4684 --- [clothlogix] [           main] o.s.b.f.s.DefaultListableBeanFactory     : Returning cached instance of singleton bean 'org.springframework.transaction.config.internalTransactionAdvisor'
2024-05-17T15:11:57.314+02:00 TRACE 4684 --- [clothlogix] [           main] o.s.b.f.s.DefaultListableBeanFactory     : Returning cached instance of singleton bean 'org.springframework.transaction.config.internalTransactionAdvisor'
2024-05-17T15:11:57.314+02:00 TRACE 4684 --- [clothlogix] [           main] o.s.b.f.s.DefaultListableBeanFactory     : Returning cached instance of singleton bean 'org.springframework.transaction.config.internalTransactionAdvisor'
2024-05-17T15:11:57.314+02:00 TRACE 4684 --- [clothlogix] [           main] o.s.b.f.s.DefaultListableBeanFactory     : Finished creating instance of bean 'org.springframework.hateoas.config.RestTemplateHateoasConfiguration'
2024-05-17T15:11:57.314+02:00 TRACE 4684 --- [clothlogix] [           main] o.s.b.f.s.DefaultListableBeanFactory     : Returning cached instance of singleton bean 'hypermediaRestTemplateBeanPostProcessor'
2024-05-17T15:11:57.314+02:00 DEBUG 4684 --- [clothlogix] [           main] o.s.b.f.s.DefaultListableBeanFactory     : Creating shared instance of singleton bean 'org.springframework.data.rest.webmvc.RestControllerConfiguration'
2024-05-17T15:11:57.314+02:00 TRACE 4684 --- [clothlogix] [           main] o.s.b.f.s.DefaultListableBeanFactory     : Creating instance of bean 'org.springframework.data.rest.webmvc.RestControllerConfiguration'
2024-05-17T15:11:57.314+02:00 TRACE 4684 --- [clothlogix] [           main] o.s.b.f.s.DefaultListableBeanFactory     : Returning cached instance of singleton bean 'org.springframework.transaction.config.internalTransactionAdvisor'
2024-05-17T15:11:57.314+02:00 TRACE 4684 --- [clothlogix] [           main] o.s.b.f.s.DefaultListableBeanFactory     : Returning cached instance of singleton bean 'repositoryRestConfiguration'
2024-05-17T15:11:57.314+02:00 TRACE 4684 --- [clothlogix] [           main] o.s.b.f.s.DefaultListableBeanFactory     : Returning cached instance of singleton bean 'resourceMappings'
2024-05-17T15:11:57.314+02:00 TRACE 4684 --- [clothlogix] [           main] o.s.b.f.s.DefaultListableBeanFactory     : Returning cached instance of singleton bean 'repositories'
2024-05-17T15:11:57.314+02:00 TRACE 4684 --- [clothlogix] [           main] o.s.b.f.s.DefaultListableBeanFactory     : Returning cached instance of singleton bean 'entityLinks'
2024-05-17T15:11:57.314+02:00 DEBUG 4684 --- [clothlogix] [           main] o.s.b.f.s.DefaultListableBeanFactory     : Autowiring by type from bean name 'org.springframework.data.rest.webmvc.RestControllerConfiguration' via constructor to bean named 'repositoryRestConfiguration'
2024-05-17T15:11:57.314+02:00 DEBUG 4684 --- [clothlogix] [           main] o.s.b.f.s.DefaultListableBeanFactory     : Autowiring by type from bean name 'org.springframework.data.rest.webmvc.RestControllerConfiguration' via constructor to bean named 'resourceMappings'
2024-05-17T15:11:57.314+02:00 DEBUG 4684 --- [clothlogix] [           main] o.s.b.f.s.DefaultListableBeanFactory     : Autowiring by type from bean name 'org.springframework.data.rest.webmvc.RestControllerConfiguration' via constructor to bean named 'repositories'
2024-05-17T15:11:57.314+02:00 DEBUG 4684 --- [clothlogix] [           main] o.s.b.f.s.DefaultListableBeanFactory     : Autowiring by type from bean name 'org.springframework.data.rest.webmvc.RestControllerConfiguration' via constructor to bean named 'entityLinks'
2024-05-17T15:11:57.314+02:00 TRACE 4684 --- [clothlogix] [           main] o.s.b.f.s.DefaultListableBeanFactory     : Returning cached instance of singleton bean 'org.springframework.transaction.config.internalTransactionAdvisor'
2024-05-17T15:11:57.318+02:00 TRACE 4684 --- [clothlogix] [           main] o.s.b.f.s.DefaultListableBeanFactory     : Returning cached instance of singleton bean 'org.springframework.transaction.config.internalTransactionAdvisor'
2024-05-17T15:11:57.318+02:00 TRACE 4684 --- [clothlogix] [           main] o.s.b.f.s.DefaultListableBeanFactory     : Finished creating instance of bean 'org.springframework.data.rest.webmvc.RestControllerConfiguration'
2024-05-17T15:11:57.318+02:00 DEBUG 4684 --- [clothlogix] [           main] o.s.b.f.s.DefaultListableBeanFactory     : Creating shared instance of singleton bean 'repositoryController'
2024-05-17T15:11:57.318+02:00 TRACE 4684 --- [clothlogix] [           main] o.s.b.f.s.DefaultListableBeanFactory     : Creating instance of bean 'repositoryController'
2024-05-17T15:11:57.318+02:00 TRACE 4684 --- [clothlogix] [           main] o.s.b.f.s.DefaultListableBeanFactory     : Returning cached instance of singleton bean 'org.springframework.transaction.config.internalTransactionAdvisor'
2024-05-17T15:11:57.318+02:00 TRACE 4684 --- [clothlogix] [           main] o.s.b.f.s.DefaultListableBeanFactory     : Returning cached instance of singleton bean 'org.springframework.data.rest.webmvc.RestControllerConfiguration'
2024-05-17T15:11:57.320+02:00 TRACE 4684 --- [clothlogix] [           main] o.s.b.f.s.DefaultListableBeanFactory     : Returning cached instance of singleton bean 'org.springframework.transaction.config.internalTransactionAdvisor'
2024-05-17T15:11:57.320+02:00 TRACE 4684 --- [clothlogix] [           main] o.s.b.f.s.DefaultListableBeanFactory     : Returning cached instance of singleton bean 'org.springframework.transaction.config.internalTransactionAdvisor'
2024-05-17T15:11:57.320+02:00 TRACE 4684 --- [clothlogix] [           main] o.s.b.f.s.DefaultListableBeanFactory     : Finished creating instance of bean 'repositoryController'
2024-05-17T15:11:57.320+02:00 DEBUG 4684 --- [clothlogix] [           main] o.s.b.f.s.DefaultListableBeanFactory     : Creating shared instance of singleton bean 'repositoryEntityController'
2024-05-17T15:11:57.320+02:00 TRACE 4684 --- [clothlogix] [           main] o.s.b.f.s.DefaultListableBeanFactory     : Creating instance of bean 'repositoryEntityController'
2024-05-17T15:11:57.320+02:00 TRACE 4684 --- [clothlogix] [           main] o.s.b.f.s.DefaultListableBeanFactory     : Returning cached instance of singleton bean 'org.springframework.transaction.config.internalTransactionAdvisor'
2024-05-17T15:11:57.320+02:00 TRACE 4684 --- [clothlogix] [           main] o.s.b.f.s.DefaultListableBeanFactory     : Returning cached instance of singleton bean 'org.springframework.data.rest.webmvc.RestControllerConfiguration'
2024-05-17T15:11:57.322+02:00 DEBUG 4684 --- [clothlogix] [           main] o.s.b.f.s.DefaultListableBeanFactory     : Creating shared instance of singleton bean 'httpHeadersPreparer'
2024-05-17T15:11:57.322+02:00 TRACE 4684 --- [clothlogix] [           main] o.s.b.f.s.DefaultListableBeanFactory     : Creating instance of bean 'httpHeadersPreparer'
2024-05-17T15:11:57.322+02:00 TRACE 4684 --- [clothlogix] [           main] o.s.b.f.s.DefaultListableBeanFactory     : Returning cached instance of singleton bean 'org.springframework.transaction.config.internalTransactionAdvisor'
2024-05-17T15:11:57.322+02:00 TRACE 4684 --- [clothlogix] [           main] o.s.b.f.s.DefaultListableBeanFactory     : Returning cached instance of singleton bean 'org.springframework.data.rest.webmvc.config.RepositoryRestMvcConfiguration'
2024-05-17T15:11:57.322+02:00 DEBUG 4684 --- [clothlogix] [           main] o.s.b.f.s.DefaultListableBeanFactory     : Creating shared instance of singleton bean 'auditableBeanWrapperFactory'
2024-05-17T15:11:57.322+02:00 TRACE 4684 --- [clothlogix] [           main] o.s.b.f.s.DefaultListableBeanFactory     : Creating instance of bean 'auditableBeanWrapperFactory'
2024-05-17T15:11:57.322+02:00 TRACE 4684 --- [clothlogix] [           main] o.s.b.f.s.DefaultListableBeanFactory     : Returning cached instance of singleton bean 'org.springframework.transaction.config.internalTransactionAdvisor'
2024-05-17T15:11:57.322+02:00 TRACE 4684 --- [clothlogix] [           main] o.s.b.f.s.DefaultListableBeanFactory     : Returning cached instance of singleton bean 'org.springframework.data.rest.webmvc.config.RepositoryRestMvcConfiguration'
2024-05-17T15:11:57.322+02:00 TRACE 4684 --- [clothlogix] [           main] o.s.b.f.s.DefaultListableBeanFactory     : Returning cached instance of singleton bean 'persistentEntities'
2024-05-17T15:11:57.322+02:00 DEBUG 4684 --- [clothlogix] [           main] o.s.b.f.s.DefaultListableBeanFactory     : Autowiring by type from bean name 'auditableBeanWrapperFactory' via factory method to bean named 'persistentEntities'
2024-05-17T15:11:57.332+02:00 TRACE 4684 --- [clothlogix] [           main] o.s.b.f.s.DefaultListableBeanFactory     : Returning cached instance of singleton bean 'org.springframework.transaction.config.internalTransactionAdvisor'
2024-05-17T15:11:57.332+02:00 TRACE 4684 --- [clothlogix] [           main] o.s.b.f.s.DefaultListableBeanFactory     : Returning cached instance of singleton bean 'org.springframework.transaction.config.internalTransactionAdvisor'
2024-05-17T15:11:57.332+02:00 TRACE 4684 --- [clothlogix] [           main] o.s.b.f.s.DefaultListableBeanFactory     : Finished creating instance of bean 'auditableBeanWrapperFactory'
2024-05-17T15:11:57.332+02:00 DEBUG 4684 --- [clothlogix] [           main] o.s.b.f.s.DefaultListableBeanFactory     : Autowiring by type from bean name 'httpHeadersPreparer' via factory method to bean named 'auditableBeanWrapperFactory'
2024-05-17T15:11:57.332+02:00 TRACE 4684 --- [clothlogix] [           main] o.s.b.f.s.DefaultListableBeanFactory     : Returning cached instance of singleton bean 'org.springframework.transaction.config.internalTransactionAdvisor'
2024-05-17T15:11:57.332+02:00 TRACE 4684 --- [clothlogix] [           main] o.s.b.f.s.DefaultListableBeanFactory     : Returning cached instance of singleton bean 'org.springframework.transaction.config.internalTransactionAdvisor'
2024-05-17T15:11:57.332+02:00 TRACE 4684 --- [clothlogix] [           main] o.s.b.f.s.DefaultListableBeanFactory     : Finished creating instance of bean 'httpHeadersPreparer'
2024-05-17T15:11:57.332+02:00 DEBUG 4684 --- [clothlogix] [           main] o.s.b.f.s.DefaultListableBeanFactory     : Autowiring by type from bean name 'repositoryEntityController' via factory method to bean named 'httpHeadersPreparer'
2024-05-17T15:11:57.342+02:00 TRACE 4684 --- [clothlogix] [           main] o.s.b.f.s.DefaultListableBeanFactory     : Returning cached instance of singleton bean 'org.springframework.transaction.config.internalTransactionAdvisor'
2024-05-17T15:11:57.342+02:00 TRACE 4684 --- [clothlogix] [           main] o.s.b.f.s.DefaultListableBeanFactory     : Returning cached instance of singleton bean 'org.springframework.transaction.config.internalTransactionAdvisor'
2024-05-17T15:11:57.342+02:00 TRACE 4684 --- [clothlogix] [           main] o.s.b.f.s.DefaultListableBeanFactory     : Finished creating instance of bean 'repositoryEntityController'
2024-05-17T15:11:57.342+02:00 DEBUG 4684 --- [clothlogix] [           main] o.s.b.f.s.DefaultListableBeanFactory     : Creating shared instance of singleton bean 'repositoryPropertyReferenceController'
2024-05-17T15:11:57.342+02:00 TRACE 4684 --- [clothlogix] [           main] o.s.b.f.s.DefaultListableBeanFactory     : Creating instance of bean 'repositoryPropertyReferenceController'
2024-05-17T15:11:57.342+02:00 TRACE 4684 --- [clothlogix] [           main] o.s.b.f.s.DefaultListableBeanFactory     : Returning cached instance of singleton bean 'org.springframework.transaction.config.internalTransactionAdvisor'
2024-05-17T15:11:57.342+02:00 TRACE 4684 --- [clothlogix] [           main] o.s.b.f.s.DefaultListableBeanFactory     : Returning cached instance of singleton bean 'org.springframework.data.rest.webmvc.RestControllerConfiguration'
2024-05-17T15:11:57.342+02:00 TRACE 4684 --- [clothlogix] [           main] o.s.b.f.s.DefaultListableBeanFactory     : Returning cached instance of singleton bean 'repositoryInvokerFactory'
2024-05-17T15:11:57.342+02:00 DEBUG 4684 --- [clothlogix] [           main] o.s.b.f.s.DefaultListableBeanFactory     : Autowiring by type from bean name 'repositoryPropertyReferenceController' via factory method to bean named 'repositoryInvokerFactory'
2024-05-17T15:11:57.345+02:00 TRACE 4684 --- [clothlogix] [           main] o.s.b.f.s.DefaultListableBeanFactory     : Returning cached instance of singleton bean 'org.springframework.transaction.config.internalTransactionAdvisor'
2024-05-17T15:11:57.345+02:00 TRACE 4684 --- [clothlogix] [           main] o.s.b.f.s.DefaultListableBeanFactory     : Returning cached instance of singleton bean 'org.springframework.transaction.config.internalTransactionAdvisor'
2024-05-17T15:11:57.345+02:00 TRACE 4684 --- [clothlogix] [           main] o.s.b.f.s.DefaultListableBeanFactory     : Finished creating instance of bean 'repositoryPropertyReferenceController'
2024-05-17T15:11:57.345+02:00 DEBUG 4684 --- [clothlogix] [           main] o.s.b.f.s.DefaultListableBeanFactory     : Creating shared instance of singleton bean 'repositorySearchController'
2024-05-17T15:11:57.345+02:00 TRACE 4684 --- [clothlogix] [           main] o.s.b.f.s.DefaultListableBeanFactory     : Creating instance of bean 'repositorySearchController'
2024-05-17T15:11:57.345+02:00 TRACE 4684 --- [clothlogix] [           main] o.s.b.f.s.DefaultListableBeanFactory     : Returning cached instance of singleton bean 'org.springframework.transaction.config.internalTransactionAdvisor'
2024-05-17T15:11:57.345+02:00 TRACE 4684 --- [clothlogix] [           main] o.s.b.f.s.DefaultListableBeanFactory     : Returning cached instance of singleton bean 'org.springframework.data.rest.webmvc.RestControllerConfiguration'
2024-05-17T15:11:57.345+02:00 TRACE 4684 --- [clothlogix] [           main] o.s.b.f.s.DefaultListableBeanFactory     : Returning cached instance of singleton bean 'httpHeadersPreparer'
2024-05-17T15:11:57.345+02:00 DEBUG 4684 --- [clothlogix] [           main] o.s.b.f.s.DefaultListableBeanFactory     : Autowiring by type from bean name 'repositorySearchController' via factory method to bean named 'httpHeadersPreparer'
2024-05-17T15:11:57.352+02:00 TRACE 4684 --- [clothlogix] [           main] o.s.b.f.s.DefaultListableBeanFactory     : Returning cached instance of singleton bean 'org.springframework.transaction.config.internalTransactionAdvisor'
2024-05-17T15:11:57.352+02:00 TRACE 4684 --- [clothlogix] [           main] o.s.b.f.s.DefaultListableBeanFactory     : Returning cached instance of singleton bean 'org.springframework.transaction.config.internalTransactionAdvisor'
2024-05-17T15:11:57.352+02:00 TRACE 4684 --- [clothlogix] [           main] o.s.b.f.s.DefaultListableBeanFactory     : Finished creating instance of bean 'repositorySearchController'
2024-05-17T15:11:57.352+02:00 DEBUG 4684 --- [clothlogix] [           main] o.s.b.f.s.DefaultListableBeanFactory     : Creating shared instance of singleton bean 'repositorySchemaController'
2024-05-17T15:11:57.352+02:00 TRACE 4684 --- [clothlogix] [           main] o.s.b.f.s.DefaultListableBeanFactory     : Creating instance of bean 'repositorySchemaController'
2024-05-17T15:11:57.352+02:00 TRACE 4684 --- [clothlogix] [           main] o.s.b.f.s.DefaultListableBeanFactory     : Returning cached instance of singleton bean 'org.springframework.transaction.config.internalTransactionAdvisor'
2024-05-17T15:11:57.352+02:00 TRACE 4684 --- [clothlogix] [           main] o.s.b.f.s.DefaultListableBeanFactory     : Returning cached instance of singleton bean 'org.springframework.data.rest.webmvc.RestControllerConfiguration'
2024-05-17T15:11:57.352+02:00 DEBUG 4684 --- [clothlogix] [           main] o.s.b.f.s.DefaultListableBeanFactory     : Creating shared instance of singleton bean 'jsonSchemaConverter'
2024-05-17T15:11:57.352+02:00 TRACE 4684 --- [clothlogix] [           main] o.s.b.f.s.DefaultListableBeanFactory     : Creating instance of bean 'jsonSchemaConverter'
2024-05-17T15:11:57.352+02:00 TRACE 4684 --- [clothlogix] [           main] o.s.b.f.s.DefaultListableBeanFactory     : Returning cached instance of singleton bean 'org.springframework.data.rest.webmvc.config.RepositoryRestMvcConfiguration'
2024-05-17T15:11:57.352+02:00 TRACE 4684 --- [clothlogix] [           main] o.s.b.f.s.DefaultListableBeanFactory     : Returning cached instance of singleton bean 'persistentEntities'
2024-05-17T15:11:57.352+02:00 TRACE 4684 --- [clothlogix] [           main] o.s.b.f.s.DefaultListableBeanFactory     : Returning cached instance of singleton bean 'associationLinks'
2024-05-17T15:11:57.352+02:00 TRACE 4684 --- [clothlogix] [           main] o.s.b.f.s.DefaultListableBeanFactory     : Returning cached instance of singleton bean 'repositoryInvokerFactory'
2024-05-17T15:11:57.352+02:00 TRACE 4684 --- [clothlogix] [           main] o.s.b.f.s.DefaultListableBeanFactory     : Returning cached instance of singleton bean 'repositoryRestConfiguration'
2024-05-17T15:11:57.352+02:00 TRACE 4684 --- [clothlogix] [           main] o.s.b.f.s.DefaultListableBeanFactory     : Returning cached instance of singleton bean 'messageResolver'
2024-05-17T15:11:57.362+02:00 TRACE 4684 --- [clothlogix] [           main] o.s.b.f.s.DefaultListableBeanFactory     : Returning cached instance of singleton bean 'org.springframework.transaction.config.internalTransactionAdvisor'
2024-05-17T15:11:57.362+02:00 TRACE 4684 --- [clothlogix] [           main] o.s.b.f.s.DefaultListableBeanFactory     : Returning cached instance of singleton bean 'org.springframework.transaction.config.internalTransactionAdvisor'
2024-05-17T15:11:57.362+02:00 TRACE 4684 --- [clothlogix] [           main] o.s.b.f.s.DefaultListableBeanFactory     : Finished creating instance of bean 'jsonSchemaConverter'
2024-05-17T15:11:57.362+02:00 DEBUG 4684 --- [clothlogix] [           main] o.s.b.f.s.DefaultListableBeanFactory     : Autowiring by type from bean name 'repositorySchemaController' via factory method to bean named 'jsonSchemaConverter'
2024-05-17T15:11:57.362+02:00 TRACE 4684 --- [clothlogix] [           main] o.s.b.f.s.DefaultListableBeanFactory     : Returning cached instance of singleton bean 'org.springframework.transaction.config.internalTransactionAdvisor'
2024-05-17T15:11:57.362+02:00 TRACE 4684 --- [clothlogix] [           main] o.s.b.f.s.DefaultListableBeanFactory     : Returning cached instance of singleton bean 'org.springframework.transaction.config.internalTransactionAdvisor'
2024-05-17T15:11:57.362+02:00 TRACE 4684 --- [clothlogix] [           main] o.s.b.f.s.DefaultListableBeanFactory     : Finished creating instance of bean 'repositorySchemaController'
2024-05-17T15:11:57.362+02:00 DEBUG 4684 --- [clothlogix] [           main] o.s.b.f.s.DefaultListableBeanFactory     : Creating shared instance of singleton bean 'alpsController'
2024-05-17T15:11:57.362+02:00 TRACE 4684 --- [clothlogix] [           main] o.s.b.f.s.DefaultListableBeanFactory     : Creating instance of bean 'alpsController'
2024-05-17T15:11:57.362+02:00 TRACE 4684 --- [clothlogix] [           main] o.s.b.f.s.DefaultListableBeanFactory     : Returning cached instance of singleton bean 'org.springframework.transaction.config.internalTransactionAdvisor'
2024-05-17T15:11:57.362+02:00 TRACE 4684 --- [clothlogix] [           main] o.s.b.f.s.DefaultListableBeanFactory     : Returning cached instance of singleton bean 'org.springframework.data.rest.webmvc.RestControllerConfiguration'
2024-05-17T15:11:57.362+02:00 TRACE 4684 --- [clothlogix] [           main] o.s.b.f.s.DefaultListableBeanFactory     : Returning cached instance of singleton bean 'org.springframework.transaction.config.internalTransactionAdvisor'
2024-05-17T15:11:57.362+02:00 TRACE 4684 --- [clothlogix] [           main] o.s.b.f.s.DefaultListableBeanFactory     : Returning cached instance of singleton bean 'org.springframework.transaction.config.internalTransactionAdvisor'
2024-05-17T15:11:57.362+02:00 TRACE 4684 --- [clothlogix] [           main] o.s.b.f.s.DefaultListableBeanFactory     : Finished creating instance of bean 'alpsController'
2024-05-17T15:11:57.362+02:00 DEBUG 4684 --- [clothlogix] [           main] o.s.b.f.s.DefaultListableBeanFactory     : Creating shared instance of singleton bean 'profileController'
2024-05-17T15:11:57.362+02:00 TRACE 4684 --- [clothlogix] [           main] o.s.b.f.s.DefaultListableBeanFactory     : Creating instance of bean 'profileController'
2024-05-17T15:11:57.362+02:00 TRACE 4684 --- [clothlogix] [           main] o.s.b.f.s.DefaultListableBeanFactory     : Returning cached instance of singleton bean 'org.springframework.transaction.config.internalTransactionAdvisor'
2024-05-17T15:11:57.362+02:00 TRACE 4684 --- [clothlogix] [           main] o.s.b.f.s.DefaultListableBeanFactory     : Returning cached instance of singleton bean 'org.springframework.data.rest.webmvc.RestControllerConfiguration'
2024-05-17T15:11:57.362+02:00 TRACE 4684 --- [clothlogix] [           main] o.s.b.f.s.DefaultListableBeanFactory     : Returning cached instance of singleton bean 'org.springframework.transaction.config.internalTransactionAdvisor'
2024-05-17T15:11:57.362+02:00 TRACE 4684 --- [clothlogix] [           main] o.s.b.f.s.DefaultListableBeanFactory     : Returning cached instance of singleton bean 'org.springframework.transaction.config.internalTransactionAdvisor'
2024-05-17T15:11:57.362+02:00 TRACE 4684 --- [clothlogix] [           main] o.s.b.f.s.DefaultListableBeanFactory     : Finished creating instance of bean 'profileController'
2024-05-17T15:11:57.362+02:00 TRACE 4684 --- [clothlogix] [           main] o.s.b.f.s.DefaultListableBeanFactory     : Returning cached instance of singleton bean 'org.springframework.data.web.config.SpringDataJacksonConfiguration'
2024-05-17T15:11:57.362+02:00 TRACE 4684 --- [clothlogix] [           main] o.s.b.f.s.DefaultListableBeanFactory     : Returning cached instance of singleton bean 'jacksonGeoModule'
2024-05-17T15:11:57.362+02:00 TRACE 4684 --- [clothlogix] [           main] o.s.b.f.s.DefaultListableBeanFactory     : Returning cached instance of singleton bean 'pageModule'
2024-05-17T15:11:57.362+02:00 TRACE 4684 --- [clothlogix] [           main] o.s.b.f.s.DefaultListableBeanFactory     : Returning cached instance of singleton bean 'org.springframework.data.rest.webmvc.config.RepositoryRestMvcConfiguration'
2024-05-17T15:11:57.362+02:00 TRACE 4684 --- [clothlogix] [           main] o.s.b.f.s.DefaultListableBeanFactory     : Returning cached instance of singleton bean 'repositories'
2024-05-17T15:11:57.362+02:00 DEBUG 4684 --- [clothlogix] [           main] o.s.b.f.s.DefaultListableBeanFactory     : Creating shared instance of singleton bean 'repositoryRelProvider'
2024-05-17T15:11:57.362+02:00 TRACE 4684 --- [clothlogix] [           main] o.s.b.f.s.DefaultListableBeanFactory     : Creating instance of bean 'repositoryRelProvider'
2024-05-17T15:11:57.362+02:00 TRACE 4684 --- [clothlogix] [           main] o.s.b.f.s.DefaultListableBeanFactory     : Returning cached instance of singleton bean 'org.springframework.transaction.config.internalTransactionAdvisor'
2024-05-17T15:11:57.362+02:00 TRACE 4684 --- [clothlogix] [           main] o.s.b.f.s.DefaultListableBeanFactory     : Returning cached instance of singleton bean 'org.springframework.data.rest.webmvc.config.RepositoryRestMvcConfiguration'
2024-05-17T15:11:57.372+02:00 TRACE 4684 --- [clothlogix] [           main] o.s.b.f.s.DefaultListableBeanFactory     : Returning cached instance of singleton bean 'org.springframework.transaction.config.internalTransactionAdvisor'
2024-05-17T15:11:57.372+02:00 TRACE 4684 --- [clothlogix] [           main] o.s.b.f.s.DefaultListableBeanFactory     : Returning cached instance of singleton bean 'org.springframework.transaction.config.internalTransactionAdvisor'
2024-05-17T15:11:57.372+02:00 TRACE 4684 --- [clothlogix] [           main] o.s.b.f.s.DefaultListableBeanFactory     : Finished creating instance of bean 'repositoryRelProvider'
2024-05-17T15:11:57.372+02:00 TRACE 4684 --- [clothlogix] [           main] o.s.b.f.s.DefaultListableBeanFactory     : Returning cached instance of singleton bean 'persistentEntities'
2024-05-17T15:11:57.372+02:00 DEBUG 4684 --- [clothlogix] [           main] o.s.b.f.s.DefaultListableBeanFactory     : Creating shared instance of singleton bean 'defaultConversionService'
2024-05-17T15:11:57.372+02:00 TRACE 4684 --- [clothlogix] [           main] o.s.b.f.s.DefaultListableBeanFactory     : Creating instance of bean 'defaultConversionService'
2024-05-17T15:11:57.372+02:00 TRACE 4684 --- [clothlogix] [           main] o.s.b.f.s.DefaultListableBeanFactory     : Returning cached instance of singleton bean 'org.springframework.transaction.config.internalTransactionAdvisor'
2024-05-17T15:11:57.372+02:00 TRACE 4684 --- [clothlogix] [           main] o.s.b.f.s.DefaultListableBeanFactory     : Returning cached instance of singleton bean 'org.springframework.data.rest.webmvc.config.RepositoryRestMvcConfiguration'
2024-05-17T15:11:57.372+02:00 TRACE 4684 --- [clothlogix] [           main] o.s.b.f.s.DefaultListableBeanFactory     : Returning cached instance of singleton bean 'persistentEntities'
2024-05-17T15:11:57.372+02:00 TRACE 4684 --- [clothlogix] [           main] o.s.b.f.s.DefaultListableBeanFactory     : Returning cached instance of singleton bean 'repositoryInvokerFactory'
2024-05-17T15:11:57.372+02:00 DEBUG 4684 --- [clothlogix] [           main] o.s.b.f.s.DefaultListableBeanFactory     : Autowiring by type from bean name 'defaultConversionService' via factory method to bean named 'persistentEntities'
2024-05-17T15:11:57.372+02:00 DEBUG 4684 --- [clothlogix] [           main] o.s.b.f.s.DefaultListableBeanFactory     : Autowiring by type from bean name 'defaultConversionService' via factory method to bean named 'repositoryInvokerFactory'
2024-05-17T15:11:57.377+02:00 TRACE 4684 --- [clothlogix] [           main] o.s.b.f.s.DefaultListableBeanFactory     : Returning cached instance of singleton bean 'org.springframework.transaction.config.internalTransactionAdvisor'
2024-05-17T15:11:57.377+02:00 TRACE 4684 --- [clothlogix] [           main] o.s.b.f.s.DefaultListableBeanFactory     : Returning cached instance of singleton bean 'org.springframework.transaction.config.internalTransactionAdvisor'
2024-05-17T15:11:57.382+02:00 TRACE 4684 --- [clothlogix] [           main] o.s.b.f.s.DefaultListableBeanFactory     : Finished creating instance of bean 'defaultConversionService'
2024-05-17T15:11:57.382+02:00 DEBUG 4684 --- [clothlogix] [           main] o.s.b.f.s.DefaultListableBeanFactory     : Creating shared instance of singleton bean 'validatingRepositoryEventListener'
2024-05-17T15:11:57.382+02:00 TRACE 4684 --- [clothlogix] [           main] o.s.b.f.s.DefaultListableBeanFactory     : Creating instance of bean 'validatingRepositoryEventListener'
2024-05-17T15:11:57.382+02:00 TRACE 4684 --- [clothlogix] [           main] o.s.b.f.s.DefaultListableBeanFactory     : Returning cached instance of singleton bean 'org.springframework.transaction.config.internalTransactionAdvisor'
2024-05-17T15:11:57.382+02:00 TRACE 4684 --- [clothlogix] [           main] o.s.b.f.s.DefaultListableBeanFactory     : Returning cached instance of singleton bean 'org.springframework.data.rest.webmvc.config.RepositoryRestMvcConfiguration'
2024-05-17T15:11:57.382+02:00 TRACE 4684 --- [clothlogix] [           main] o.s.b.f.s.DefaultListableBeanFactory     : Returning cached instance of singleton bean 'org.springframework.transaction.config.internalTransactionAdvisor'
2024-05-17T15:11:57.382+02:00 TRACE 4684 --- [clothlogix] [           main] o.s.b.f.s.DefaultListableBeanFactory     : Returning cached instance of singleton bean 'org.springframework.transaction.config.internalTransactionAdvisor'
2024-05-17T15:11:57.382+02:00 TRACE 4684 --- [clothlogix] [           main] o.s.b.f.s.DefaultListableBeanFactory     : Finished creating instance of bean 'validatingRepositoryEventListener'
2024-05-17T15:11:57.382+02:00 DEBUG 4684 --- [clothlogix] [           main] o.s.b.f.s.DefaultListableBeanFactory     : Creating shared instance of singleton bean 'jpaHelper'
2024-05-17T15:11:57.382+02:00 TRACE 4684 --- [clothlogix] [           main] o.s.b.f.s.DefaultListableBeanFactory     : Creating instance of bean 'jpaHelper'
2024-05-17T15:11:57.382+02:00 TRACE 4684 --- [clothlogix] [           main] o.s.b.f.s.DefaultListableBeanFactory     : Returning cached instance of singleton bean 'org.springframework.transaction.config.internalTransactionAdvisor'
2024-05-17T15:11:57.382+02:00 TRACE 4684 --- [clothlogix] [           main] o.s.b.f.s.DefaultListableBeanFactory     : Returning cached instance of singleton bean 'org.springframework.data.rest.webmvc.config.RepositoryRestMvcConfiguration'
2024-05-17T15:11:57.386+02:00 TRACE 4684 --- [clothlogix] [           main] o.s.b.f.s.DefaultListableBeanFactory     : Returning cached instance of singleton bean 'entityManagerFactory'
2024-05-17T15:11:57.386+02:00 TRACE 4684 --- [clothlogix] [           main] o.s.b.f.s.DefaultListableBeanFactory     : Returning cached instance of singleton bean 'org.springframework.transaction.config.internalTransactionAdvisor'
2024-05-17T15:11:57.386+02:00 TRACE 4684 --- [clothlogix] [           main] o.s.b.f.s.DefaultListableBeanFactory     : Returning cached instance of singleton bean 'org.springframework.transaction.config.internalTransactionAdvisor'
2024-05-17T15:11:57.386+02:00 TRACE 4684 --- [clothlogix] [           main] o.s.b.f.s.DefaultListableBeanFactory     : Finished creating instance of bean 'jpaHelper'
2024-05-17T15:11:57.386+02:00 TRACE 4684 --- [clothlogix] [           main] o.s.b.f.s.DefaultListableBeanFactory     : Returning cached instance of singleton bean 'repositoryRestConfiguration'
2024-05-17T15:11:57.386+02:00 TRACE 4684 --- [clothlogix] [           main] o.s.b.f.s.DefaultListableBeanFactory     : Returning cached instance of singleton bean 'projectionDefinitionRegistrar'
2024-05-17T15:11:57.386+02:00 DEBUG 4684 --- [clothlogix] [           main] o.s.b.f.s.DefaultListableBeanFactory     : Creating shared instance of singleton bean 'metadataConfiguration'
2024-05-17T15:11:57.386+02:00 TRACE 4684 --- [clothlogix] [           main] o.s.b.f.s.DefaultListableBeanFactory     : Creating instance of bean 'metadataConfiguration'
2024-05-17T15:11:57.386+02:00 TRACE 4684 --- [clothlogix] [           main] o.s.b.f.s.DefaultListableBeanFactory     : Returning cached instance of singleton bean 'org.springframework.transaction.config.internalTransactionAdvisor'
2024-05-17T15:11:57.386+02:00 TRACE 4684 --- [clothlogix] [           main] o.s.b.f.s.DefaultListableBeanFactory     : Returning cached instance of singleton bean 'org.springframework.data.rest.webmvc.config.RepositoryRestMvcConfiguration'
2024-05-17T15:11:57.386+02:00 TRACE 4684 --- [clothlogix] [           main] o.s.b.f.s.DefaultListableBeanFactory     : Returning cached instance of singleton bean 'org.springframework.transaction.config.internalTransactionAdvisor'
2024-05-17T15:11:57.386+02:00 TRACE 4684 --- [clothlogix] [           main] o.s.b.f.s.DefaultListableBeanFactory     : Returning cached instance of singleton bean 'org.springframework.transaction.config.internalTransactionAdvisor'
2024-05-17T15:11:57.386+02:00 TRACE 4684 --- [clothlogix] [           main] o.s.b.f.s.DefaultListableBeanFactory     : Finished creating instance of bean 'metadataConfiguration'
2024-05-17T15:11:57.386+02:00 TRACE 4684 --- [clothlogix] [           main] o.s.b.f.s.DefaultListableBeanFactory     : Returning cached instance of singleton bean 'baseUri'
2024-05-17T15:11:57.386+02:00 TRACE 4684 --- [clothlogix] [           main] o.s.b.f.s.DefaultListableBeanFactory     : Returning cached instance of singleton bean 'annotatedEventHandlerInvoker'
2024-05-17T15:11:57.386+02:00 TRACE 4684 --- [clothlogix] [           main] o.s.b.f.s.DefaultListableBeanFactory     : Returning cached instance of singleton bean 'repoRequestArgumentResolver'
2024-05-17T15:11:57.386+02:00 TRACE 4684 --- [clothlogix] [           main] o.s.b.f.s.DefaultListableBeanFactory     : Returning cached instance of singleton bean 'resourceMetadataHandlerMethodArgumentResolver'
2024-05-17T15:11:57.386+02:00 TRACE 4684 --- [clothlogix] [           main] o.s.b.f.s.DefaultListableBeanFactory     : Returning cached instance of singleton bean 'backendIdHandlerMethodArgumentResolver'
2024-05-17T15:11:57.386+02:00 TRACE 4684 --- [clothlogix] [           main] o.s.b.f.s.DefaultListableBeanFactory     : Returning cached instance of singleton bean 'eTagArgumentResolver'
2024-05-17T15:11:57.386+02:00 TRACE 4684 --- [clothlogix] [           main] o.s.b.f.s.DefaultListableBeanFactory     : Returning cached instance of singleton bean 'entityLinks'
2024-05-17T15:11:57.386+02:00 TRACE 4684 --- [clothlogix] [           main] o.s.b.f.s.DefaultListableBeanFactory     : Returning cached instance of singleton bean 'persistentEntityArgumentResolver'
2024-05-17T15:11:57.386+02:00 TRACE 4684 --- [clothlogix] [           main] o.s.b.f.s.DefaultListableBeanFactory     : Returning cached instance of singleton bean 'jsonSchemaConverter'
2024-05-17T15:11:57.386+02:00 TRACE 4684 --- [clothlogix] [           main] o.s.b.f.s.DefaultListableBeanFactory     : Returning cached instance of singleton bean 'jacksonHttpMessageConverter'
2024-05-17T15:11:57.386+02:00 TRACE 4684 --- [clothlogix] [           main] o.s.b.f.s.DefaultListableBeanFactory     : Returning cached instance of singleton bean 'halJacksonHttpMessageConverter'
2024-05-17T15:11:57.386+02:00 TRACE 4684 --- [clothlogix] [           main] o.s.b.f.s.DefaultListableBeanFactory     : Returning cached instance of singleton bean 'halFormsJacksonHttpMessageConverter'
2024-05-17T15:11:57.386+02:00 TRACE 4684 --- [clothlogix] [           main] o.s.b.f.s.DefaultListableBeanFactory     : Returning cached instance of singleton bean 'uriListHttpMessageConverter'
2024-05-17T15:11:57.386+02:00 DEBUG 4684 --- [clothlogix] [           main] o.s.b.f.s.DefaultListableBeanFactory     : Creating shared instance of singleton bean 'repositoryExporterHandlerAdapter'
2024-05-17T15:11:57.386+02:00 TRACE 4684 --- [clothlogix] [           main] o.s.b.f.s.DefaultListableBeanFactory     : Creating instance of bean 'repositoryExporterHandlerAdapter'
2024-05-17T15:11:57.386+02:00 TRACE 4684 --- [clothlogix] [           main] o.s.b.f.s.DefaultListableBeanFactory     : Returning cached instance of singleton bean 'org.springframework.transaction.config.internalTransactionAdvisor'
2024-05-17T15:11:57.386+02:00 TRACE 4684 --- [clothlogix] [           main] o.s.b.f.s.DefaultListableBeanFactory     : Returning cached instance of singleton bean 'org.springframework.data.rest.webmvc.config.RepositoryRestMvcConfiguration'
2024-05-17T15:11:57.395+02:00 TRACE 4684 --- [clothlogix] [           main] o.s.b.f.s.DefaultListableBeanFactory     : Returning cached instance of singleton bean 'defaultMessageConverters'
2024-05-17T15:11:57.396+02:00 TRACE 4684 --- [clothlogix] [           main] o.s.b.f.s.DefaultListableBeanFactory     : Returning cached instance of singleton bean 'alpsJsonHttpMessageConverter'
2024-05-17T15:11:57.396+02:00 TRACE 4684 --- [clothlogix] [           main] o.s.b.f.s.DefaultListableBeanFactory     : Returning cached instance of singleton bean 'selfLinkProvider'
2024-05-17T15:11:57.396+02:00 TRACE 4684 --- [clothlogix] [           main] o.s.b.f.s.DefaultListableBeanFactory     : Returning cached instance of singleton bean 'persistentEntityArgumentResolver'
2024-05-17T15:11:57.396+02:00 TRACE 4684 --- [clothlogix] [           main] o.s.b.f.s.DefaultListableBeanFactory     : Returning cached instance of singleton bean 'persistentEntityResourceAssemblerArgumentResolver'
2024-05-17T15:11:57.396+02:00 TRACE 4684 --- [clothlogix] [           main] o.s.b.f.s.DefaultListableBeanFactory     : Returning cached instance of singleton bean 'repoRequestArgumentResolver'
2024-05-17T15:11:57.397+02:00 TRACE 4684 --- [clothlogix] [           main] o.s.b.f.s.DefaultListableBeanFactory     : Returning cached instance of singleton bean 'repositoryRestConfiguration'
2024-05-17T15:11:57.397+02:00 DEBUG 4684 --- [clothlogix] [           main] o.s.b.f.s.DefaultListableBeanFactory     : Autowiring by type from bean name 'repositoryExporterHandlerAdapter' via factory method to bean named 'defaultMessageConverters'
2024-05-17T15:11:57.397+02:00 DEBUG 4684 --- [clothlogix] [           main] o.s.b.f.s.DefaultListableBeanFactory     : Autowiring by type from bean name 'repositoryExporterHandlerAdapter' via factory method to bean named 'alpsJsonHttpMessageConverter'
2024-05-17T15:11:57.397+02:00 DEBUG 4684 --- [clothlogix] [           main] o.s.b.f.s.DefaultListableBeanFactory     : Autowiring by type from bean name 'repositoryExporterHandlerAdapter' via factory method to bean named 'selfLinkProvider'
2024-05-17T15:11:57.397+02:00 DEBUG 4684 --- [clothlogix] [           main] o.s.b.f.s.DefaultListableBeanFactory     : Autowiring by type from bean name 'repositoryExporterHandlerAdapter' via factory method to bean named 'persistentEntityArgumentResolver'
2024-05-17T15:11:57.397+02:00 DEBUG 4684 --- [clothlogix] [           main] o.s.b.f.s.DefaultListableBeanFactory     : Autowiring by type from bean name 'repositoryExporterHandlerAdapter' via factory method to bean named 'persistentEntityResourceAssemblerArgumentResolver'
2024-05-17T15:11:57.397+02:00 DEBUG 4684 --- [clothlogix] [           main] o.s.b.f.s.DefaultListableBeanFactory     : Autowiring by type from bean name 'repositoryExporterHandlerAdapter' via factory method to bean named 'repoRequestArgumentResolver'
2024-05-17T15:11:57.397+02:00 DEBUG 4684 --- [clothlogix] [           main] o.s.b.f.s.DefaultListableBeanFactory     : Autowiring by type from bean name 'repositoryExporterHandlerAdapter' via factory method to bean named 'repositoryRestConfiguration'
2024-05-17T15:11:57.402+02:00 TRACE 4684 --- [clothlogix] [           main] o.s.b.f.s.DefaultListableBeanFactory     : Returning cached instance of singleton bean 'mvcValidator'
2024-05-17T15:11:57.402+02:00 TRACE 4684 --- [clothlogix] [           main] o.s.b.f.s.DefaultListableBeanFactory     : Returning cached instance of singleton bean 'representationModelAssemblersArgumentResolver'
2024-05-17T15:11:57.402+02:00 TRACE 4684 --- [clothlogix] [           main] o.s.b.f.s.DefaultListableBeanFactory     : Invoking afterPropertiesSet() on bean with name 'repositoryExporterHandlerAdapter'
2024-05-17T15:11:57.402+02:00 DEBUG 4684 --- [clothlogix] [           main] o.s.d.r.w.RepositoryRestHandlerAdapter   : ControllerAdvice beans: 0 @ModelAttribute, 0 @InitBinder, 0 RequestBodyAdvice, 2 ResponseBodyAdvice
2024-05-17T15:11:57.402+02:00 TRACE 4684 --- [clothlogix] [           main] o.s.b.f.s.DefaultListableBeanFactory     : Returning cached instance of singleton bean 'org.springframework.transaction.config.internalTransactionAdvisor'
2024-05-17T15:11:57.402+02:00 TRACE 4684 --- [clothlogix] [           main] o.s.b.f.s.DefaultListableBeanFactory     : Returning cached instance of singleton bean 'org.springframework.transaction.config.internalTransactionAdvisor'
2024-05-17T15:11:57.409+02:00 TRACE 4684 --- [clothlogix] [           main] o.s.b.f.s.DefaultListableBeanFactory     : Finished creating instance of bean 'repositoryExporterHandlerAdapter'
2024-05-17T15:11:57.409+02:00 DEBUG 4684 --- [clothlogix] [           main] o.s.b.f.s.DefaultListableBeanFactory     : Creating shared instance of singleton bean 'restHandlerMapping'
2024-05-17T15:11:57.409+02:00 TRACE 4684 --- [clothlogix] [           main] o.s.b.f.s.DefaultListableBeanFactory     : Creating instance of bean 'restHandlerMapping'
2024-05-17T15:11:57.409+02:00 TRACE 4684 --- [clothlogix] [           main] o.s.b.f.s.DefaultListableBeanFactory     : Returning cached instance of singleton bean 'org.springframework.transaction.config.internalTransactionAdvisor'
2024-05-17T15:11:57.409+02:00 TRACE 4684 --- [clothlogix] [           main] o.s.b.f.s.DefaultListableBeanFactory     : Returning cached instance of singleton bean 'org.springframework.data.rest.webmvc.config.RepositoryRestMvcConfiguration'
2024-05-17T15:11:57.409+02:00 TRACE 4684 --- [clothlogix] [           main] o.s.b.f.s.DefaultListableBeanFactory     : Returning cached instance of singleton bean 'repositories'
2024-05-17T15:11:57.409+02:00 TRACE 4684 --- [clothlogix] [           main] o.s.b.f.s.DefaultListableBeanFactory     : Returning cached instance of singleton bean 'resourceMappings'
2024-05-17T15:11:57.412+02:00 TRACE 4684 --- [clothlogix] [           main] o.s.b.f.s.DefaultListableBeanFactory     : Returning cached instance of singleton bean 'jpaHelper'
2024-05-17T15:11:57.412+02:00 TRACE 4684 --- [clothlogix] [           main] o.s.b.f.s.DefaultListableBeanFactory     : Returning cached instance of singleton bean 'repositoryRestConfiguration'
2024-05-17T15:11:57.412+02:00 TRACE 4684 --- [clothlogix] [           main] o.s.b.f.s.DefaultListableBeanFactory     : Returning cached instance of singleton bean 'repositoryRestConfiguration'
2024-05-17T15:11:57.412+02:00 DEBUG 4684 --- [clothlogix] [           main] o.s.b.f.s.DefaultListableBeanFactory     : Autowiring by type from bean name 'restHandlerMapping' via factory method to bean named 'repositories'
2024-05-17T15:11:57.412+02:00 DEBUG 4684 --- [clothlogix] [           main] o.s.b.f.s.DefaultListableBeanFactory     : Autowiring by type from bean name 'restHandlerMapping' via factory method to bean named 'resourceMappings'
2024-05-17T15:11:57.412+02:00 DEBUG 4684 --- [clothlogix] [           main] o.s.b.f.s.DefaultListableBeanFactory     : Autowiring by type from bean name 'restHandlerMapping' via factory method to bean named 'repositoryRestConfiguration'
2024-05-17T15:11:57.412+02:00 TRACE 4684 --- [clothlogix] [           main] o.s.b.f.s.DefaultListableBeanFactory     : Returning cached instance of singleton bean 'mvcPatternParser'
2024-05-17T15:11:57.432+02:00 TRACE 4684 --- [clothlogix] [           main] o.s.d.r.w.RepositoryRestHandlerMapping   : 
	o.s.d.r.w.RepositoryController:
	{HEAD [/ || ], produces [application/hal+json || application/json || application/prs.hal-forms+json]}: headForRepositories()
	{OPTIONS [/ || ], produces [application/hal+json || application/json || application/prs.hal-forms+json]}: optionsForRepositories()
	{GET [/ || ], produces [application/hal+json || application/json || application/prs.hal-forms+json]}: listRepositories()
2024-05-17T15:11:57.442+02:00 TRACE 4684 --- [clothlogix] [           main] o.s.d.r.w.RepositoryRestHandlerMapping   : 
	o.s.d.r.w.RepositoryEntityController:
	{HEAD [/{repository}], produces [application/hal+json || application/json || application/prs.hal-forms+json]}: headCollectionResource(RootResourceInformation,DefaultedPageable)
	{GET [/{repository}], produces [application/x-spring-data-compact+json || text/uri-list]}: getCollectionResourceCompact(RootResourceInformation,DefaultedPageable,Sort,RepresentationModelAssemblers)
	{POST [/{repository}], produces [application/hal+json || application/json || application/prs.hal-forms+json]}: postCollectionResource(RootResourceInformation,PersistentEntityResource,PersistentEntityResourceAssembler,String)
	{OPTIONS [/{repository}/{id}], produces [application/hal+json || application/json || application/prs.hal-forms+json]}: optionsForItemResource(RootResourceInformation)
	{HEAD [/{repository}/{id}], produces [application/hal+json || application/json || application/prs.hal-forms+json]}: headForItemResource(RootResourceInformation,Serializable,PersistentEntityResourceAssembler)
	{OPTIONS [/{repository}], produces [application/hal+json || application/json || application/prs.hal-forms+json]}: optionsForCollectionResource(RootResourceInformation)
	{GET [/{repository}], produces [application/hal+json || application/json || application/prs.hal-forms+json]}: getCollectionResource(RootResourceInformation,DefaultedPageable,Sort,RepresentationModelAssemblers)
	{GET [/{repository}/{id}], produces [application/hal+json || application/json || application/prs.hal-forms+json]}: getItemResource(RootResourceInformation,Serializable,PersistentEntityResourceAssembler,HttpHeaders)
	{PUT [/{repository}/{id}], produces [application/hal+json || application/json || application/prs.hal-forms+json]}: putItemResource(RootResourceInformation,PersistentEntityResource,Serializable,PersistentEntityResourceAssembler,ETag,String)
	{PATCH [/{repository}/{id}], produces [application/hal+json || application/json || application/prs.hal-forms+json]}: patchItemResource(RootResourceInformation,PersistentEntityResource,Serializable,PersistentEntityResourceAssembler,ETag,String)
	{DELETE [/{repository}/{id}], produces [application/hal+json || application/json || application/prs.hal-forms+json]}: deleteItemResource(RootResourceInformation,Serializable,ETag,PersistentEntityResourceAssembler,String)
2024-05-17T15:11:57.462+02:00 TRACE 4684 --- [clothlogix] [           main] o.s.d.r.w.RepositoryRestHandlerMapping   : 
	o.s.d.r.w.RepositoryPropertyReferenceController:
	{DELETE [/{repository}/{id}/{property}], produces [application/hal+json || application/json || application/prs.hal-forms+json]}: deletePropertyReference(RootResourceInformation,Serializable,String)
	{GET [/{repository}/{id}/{property}], produces [text/uri-list]}: followPropertyReferenceCompact(RootResourceInformation,Serializable,String,HttpHeaders,RepresentationModelAssemblers)
	{DELETE [/{repository}/{id}/{property}/{propertyId}], produces [application/hal+json || application/json || application/prs.hal-forms+json]}: deletePropertyReferenceId(RootResourceInformation,Serializable,String,String)
	{[PATCH, PUT, POST] [/{repository}/{id}/{property}], consumes [application/json || application/x-spring-data-compact+json || text/uri-list], produces [application/hal+json || application/json || application/prs.hal-forms+json]}: createPropertyReference(RootResourceInformation,HttpMethod,CollectionModel,Serializable,String)
	{GET [/{repository}/{id}/{property}], produces [application/hal+json || application/json || application/prs.hal-forms+json]}: followPropertyReference(RootResourceInformation,Serializable,String,RepresentationModelAssemblers)
	{GET [/{repository}/{id}/{property}/{propertyId}], produces [application/hal+json || application/json || application/prs.hal-forms+json]}: followPropertyReference(RootResourceInformation,Serializable,String,String,RepresentationModelAssemblers)
2024-05-17T15:11:57.472+02:00 TRACE 4684 --- [clothlogix] [           main] o.s.d.r.w.RepositoryRestHandlerMapping   : 
	o.s.d.r.w.RepositorySearchController:
	{GET [/{repository}/search/{search}], produces [application/x-spring-data-compact+json]}: executeSearchCompact(RootResourceInformation,HttpHeaders,MultiValueMap,String,String,DefaultedPageable,Sort,RepresentationModelAssemblers)
	{GET [/{repository}/search/{search}], produces [application/hal+json || application/json || application/prs.hal-forms+json]}: executeSearch(RootResourceInformation,MultiValueMap,String,DefaultedPageable,Sort,HttpHeaders,RepresentationModelAssemblers)
	{HEAD [/{repository}/search], produces [application/hal+json || application/json || application/prs.hal-forms+json]}: headForSearches(RootResourceInformation)
	{GET [/{repository}/search], produces [application/hal+json || application/json || application/prs.hal-forms+json]}: listSearches(RootResourceInformation)
	{OPTIONS [/{repository}/search/{search}], produces [application/hal+json || application/json || application/prs.hal-forms+json]}: optionsForSearch(RootResourceInformation,String)
	{HEAD [/{repository}/search/{search}], produces [application/hal+json || application/json || application/prs.hal-forms+json]}: headForSearch(RootResourceInformation,String)
	{OPTIONS [/{repository}/search], produces [application/hal+json || application/json || application/prs.hal-forms+json]}: optionsForSearches(RootResourceInformation)
2024-05-17T15:11:57.482+02:00 DEBUG 4684 --- [clothlogix] [           main] o.s.d.r.w.RepositoryRestHandlerMapping   : 27 mappings in org.springframework.data.rest.webmvc.RepositoryRestHandlerMapping
2024-05-17T15:11:57.482+02:00 TRACE 4684 --- [clothlogix] [           main] o.s.d.r.w.BasePathAwareHandlerMapping    : 
	o.s.d.r.w.RepositorySchemaController:
	{GET [/profile/{repository}], produces [application/schema+json]}: schema(RootResourceInformation)
2024-05-17T15:11:57.482+02:00 TRACE 4684 --- [clothlogix] [           main] o.s.d.r.w.BasePathAwareHandlerMapping    : 
	o.s.d.r.w.a.AlpsController:
	{GET [/profile/{repository}], produces [application/alps+json || */*]}: descriptor(RootResourceInformation)
	{OPTIONS [/profile/{repository}], produces [application/alps+json]}: alpsOptions()
2024-05-17T15:11:57.482+02:00 TRACE 4684 --- [clothlogix] [           main] o.s.d.r.w.BasePathAwareHandlerMapping    : 
	o.s.d.r.w.ProfileController:
	{OPTIONS [/profile]}: profileOptions()
	{GET [/profile]}: listAllFormsOfMetadata()
2024-05-17T15:11:57.482+02:00 DEBUG 4684 --- [clothlogix] [           main] o.s.d.r.w.BasePathAwareHandlerMapping    : 5 mappings in org.springframework.data.rest.webmvc.BasePathAwareHandlerMapping
2024-05-17T15:11:57.488+02:00 TRACE 4684 --- [clothlogix] [           main] o.s.b.f.s.DefaultListableBeanFactory     : Returning cached instance of singleton bean 'org.springframework.transaction.config.internalTransactionAdvisor'
2024-05-17T15:11:57.488+02:00 TRACE 4684 --- [clothlogix] [           main] o.s.b.f.s.DefaultListableBeanFactory     : Returning cached instance of singleton bean 'org.springframework.transaction.config.internalTransactionAdvisor'
2024-05-17T15:11:57.488+02:00 TRACE 4684 --- [clothlogix] [           main] o.s.b.f.s.DefaultListableBeanFactory     : Finished creating instance of bean 'restHandlerMapping'
2024-05-17T15:11:57.488+02:00 TRACE 4684 --- [clothlogix] [           main] o.s.b.f.s.DefaultListableBeanFactory     : Returning cached instance of singleton bean 'resourceMappings'
2024-05-17T15:11:57.488+02:00 TRACE 4684 --- [clothlogix] [           main] o.s.b.f.s.DefaultListableBeanFactory     : Returning cached instance of singleton bean 'linkCollector'
2024-05-17T15:11:57.488+02:00 TRACE 4684 --- [clothlogix] [           main] o.s.b.f.s.DefaultListableBeanFactory     : Returning cached instance of singleton bean 'excerptProjector'
2024-05-17T15:11:57.488+02:00 DEBUG 4684 --- [clothlogix] [           main] o.s.b.f.s.DefaultListableBeanFactory     : Creating shared instance of singleton bean 'repositoryRestExceptionHandler'
2024-05-17T15:11:57.488+02:00 TRACE 4684 --- [clothlogix] [           main] o.s.b.f.s.DefaultListableBeanFactory     : Creating instance of bean 'repositoryRestExceptionHandler'
2024-05-17T15:11:57.488+02:00 TRACE 4684 --- [clothlogix] [           main] o.s.b.f.s.DefaultListableBeanFactory     : Returning cached instance of singleton bean 'org.springframework.transaction.config.internalTransactionAdvisor'
2024-05-17T15:11:57.488+02:00 TRACE 4684 --- [clothlogix] [           main] o.s.b.f.s.DefaultListableBeanFactory     : Returning cached instance of singleton bean 'org.springframework.data.rest.webmvc.config.RepositoryRestMvcConfiguration'
2024-05-17T15:11:57.488+02:00 TRACE 4684 --- [clothlogix] [           main] o.s.b.f.s.DefaultListableBeanFactory     : Returning cached instance of singleton bean 'org.springframework.transaction.config.internalTransactionAdvisor'
2024-05-17T15:11:57.488+02:00 TRACE 4684 --- [clothlogix] [           main] o.s.b.f.s.DefaultListableBeanFactory     : Returning cached instance of singleton bean 'org.springframework.transaction.config.internalTransactionAdvisor'
2024-05-17T15:11:57.488+02:00 TRACE 4684 --- [clothlogix] [           main] o.s.b.f.s.DefaultListableBeanFactory     : Finished creating instance of bean 'repositoryRestExceptionHandler'
2024-05-17T15:11:57.488+02:00 TRACE 4684 --- [clothlogix] [           main] o.s.b.f.s.DefaultListableBeanFactory     : Returning cached instance of singleton bean 'repositoryInvokerFactory'
2024-05-17T15:11:57.488+02:00 TRACE 4684 --- [clothlogix] [           main] o.s.b.f.s.DefaultListableBeanFactory     : Returning cached instance of singleton bean 'defaultMessageConverters'
2024-05-17T15:11:57.488+02:00 TRACE 4684 --- [clothlogix] [           main] o.s.b.f.s.DefaultListableBeanFactory     : Returning cached instance of singleton bean 'alpsJsonHttpMessageConverter'
2024-05-17T15:11:57.488+02:00 TRACE 4684 --- [clothlogix] [           main] o.s.b.f.s.DefaultListableBeanFactory     : Returning cached instance of singleton bean 'pageableResolver'
2024-05-17T15:11:57.488+02:00 TRACE 4684 --- [clothlogix] [           main] o.s.b.f.s.DefaultListableBeanFactory     : Returning cached instance of singleton bean 'sortResolver'
2024-05-17T15:11:57.488+02:00 TRACE 4684 --- [clothlogix] [           main] o.s.b.f.s.DefaultListableBeanFactory     : Returning cached instance of singleton bean 'backendIdConverterRegistry'
2024-05-17T15:11:57.488+02:00 TRACE 4684 --- [clothlogix] [           main] o.s.b.f.s.DefaultListableBeanFactory     : Returning cached instance of singleton bean 'auditableBeanWrapperFactory'
2024-05-17T15:11:57.488+02:00 TRACE 4684 --- [clothlogix] [           main] o.s.b.f.s.DefaultListableBeanFactory     : Returning cached instance of singleton bean 'httpHeadersPreparer'
2024-05-17T15:11:57.488+02:00 TRACE 4684 --- [clothlogix] [           main] o.s.b.f.s.DefaultListableBeanFactory     : Returning cached instance of singleton bean 'selfLinkProvider'
2024-05-17T15:11:57.488+02:00 TRACE 4684 --- [clothlogix] [           main] o.s.b.f.s.DefaultListableBeanFactory     : Returning cached instance of singleton bean 'associationLinks'
2024-05-17T15:11:57.488+02:00 TRACE 4684 --- [clothlogix] [           main] o.s.b.f.s.DefaultListableBeanFactory     : Returning cached instance of singleton bean 'representationModelAssemblersArgumentResolver'
2024-05-17T15:11:57.488+02:00 TRACE 4684 --- [clothlogix] [           main] o.s.b.f.s.DefaultListableBeanFactory     : Returning cached instance of singleton bean 'persistentEntityResourceAssemblerArgumentResolver'
2024-05-17T15:11:57.488+02:00 TRACE 4684 --- [clothlogix] [           main] o.s.b.f.s.DefaultListableBeanFactory     : Returning cached instance of singleton bean 'enumTranslator'
2024-05-17T15:11:57.488+02:00 TRACE 4684 --- [clothlogix] [           main] o.s.b.f.s.DefaultListableBeanFactory     : Returning cached instance of singleton bean 'alpsConverter'
2024-05-17T15:11:57.488+02:00 TRACE 4684 --- [clothlogix] [           main] o.s.b.f.s.DefaultListableBeanFactory     : Returning cached instance of singleton bean 'profileResourceProcessor'
2024-05-17T15:11:57.488+02:00 TRACE 4684 --- [clothlogix] [           main] o.s.b.f.s.DefaultListableBeanFactory     : Returning cached instance of singleton bean 'pagedResourcesAssembler'
2024-05-17T15:11:57.488+02:00 TRACE 4684 --- [clothlogix] [           main] o.s.b.f.s.DefaultListableBeanFactory     : Returning cached instance of singleton bean 'pagedResourcesAssemblerArgumentResolver'
2024-05-17T15:11:57.488+02:00 TRACE 4684 --- [clothlogix] [           main] o.s.b.f.s.DefaultListableBeanFactory     : Returning cached instance of singleton bean 'slicedResourcesAssembler'
2024-05-17T15:11:57.488+02:00 TRACE 4684 --- [clothlogix] [           main] o.s.b.f.s.DefaultListableBeanFactory     : Returning cached instance of singleton bean 'slicedResourcesAssemblerArgumentResolver'
2024-05-17T15:11:57.488+02:00 DEBUG 4684 --- [clothlogix] [           main] o.s.b.f.s.DefaultListableBeanFactory     : Creating shared instance of singleton bean 'offsetResolver'
2024-05-17T15:11:57.488+02:00 TRACE 4684 --- [clothlogix] [           main] o.s.b.f.s.DefaultListableBeanFactory     : Creating instance of bean 'offsetResolver'
2024-05-17T15:11:57.488+02:00 TRACE 4684 --- [clothlogix] [           main] o.s.b.f.s.DefaultListableBeanFactory     : Returning cached instance of singleton bean 'org.springframework.transaction.config.internalTransactionAdvisor'
2024-05-17T15:11:57.488+02:00 TRACE 4684 --- [clothlogix] [           main] o.s.b.f.s.DefaultListableBeanFactory     : Returning cached instance of singleton bean 'org.springframework.data.rest.webmvc.config.RepositoryRestMvcConfiguration'
2024-05-17T15:11:57.492+02:00 TRACE 4684 --- [clothlogix] [           main] o.s.b.f.s.DefaultListableBeanFactory     : Returning cached instance of singleton bean 'org.springframework.transaction.config.internalTransactionAdvisor'
2024-05-17T15:11:57.492+02:00 TRACE 4684 --- [clothlogix] [           main] o.s.b.f.s.DefaultListableBeanFactory     : Returning cached instance of singleton bean 'org.springframework.transaction.config.internalTransactionAdvisor'
2024-05-17T15:11:57.492+02:00 TRACE 4684 --- [clothlogix] [           main] o.s.b.f.s.DefaultListableBeanFactory     : Finished creating instance of bean 'offsetResolver'
2024-05-17T15:11:57.492+02:00 TRACE 4684 --- [clothlogix] [           main] o.s.b.f.s.DefaultListableBeanFactory     : Returning cached instance of singleton bean 'org.springframework.boot.autoconfigure.data.rest.RepositoryRestMvcAutoConfiguration'
2024-05-17T15:11:57.492+02:00 TRACE 4684 --- [clothlogix] [           main] o.s.b.f.s.DefaultListableBeanFactory     : Returning cached instance of singleton bean 'springBootRepositoryRestConfigurer'
2024-05-17T15:11:57.492+02:00 TRACE 4684 --- [clothlogix] [           main] o.s.b.f.s.DefaultListableBeanFactory     : Returning cached instance of singleton bean 'spring.data.rest-org.springframework.boot.autoconfigure.data.rest.RepositoryRestProperties'
2024-05-17T15:11:57.492+02:00 TRACE 4684 --- [clothlogix] [           main] o.s.b.f.s.DefaultListableBeanFactory     : Returning cached instance of singleton bean 'org.springframework.boot.autoconfigure.hateoas.HypermediaAutoConfiguration'
2024-05-17T15:11:57.492+02:00 TRACE 4684 --- [clothlogix] [           main] o.s.b.f.s.DefaultListableBeanFactory     : Returning cached instance of singleton bean 'applicationJsonHalConfiguration'
2024-05-17T15:11:57.492+02:00 DEBUG 4684 --- [clothlogix] [           main] o.s.b.f.s.DefaultListableBeanFactory     : Creating shared instance of singleton bean 'spring.hateoas-org.springframework.boot.autoconfigure.hateoas.HateoasProperties'
2024-05-17T15:11:57.492+02:00 TRACE 4684 --- [clothlogix] [           main] o.s.b.f.s.DefaultListableBeanFactory     : Creating instance of bean 'spring.hateoas-org.springframework.boot.autoconfigure.hateoas.HateoasProperties'
2024-05-17T15:11:57.492+02:00 TRACE 4684 --- [clothlogix] [           main] o.s.b.f.s.DefaultListableBeanFactory     : Returning cached instance of singleton bean 'org.springframework.transaction.config.internalTransactionAdvisor'
2024-05-17T15:11:57.492+02:00 TRACE 4684 --- [clothlogix] [           main] o.s.b.f.s.DefaultListableBeanFactory     : Returning cached instance of singleton bean 'org.springframework.boot.context.properties.BoundConfigurationProperties'
2024-05-17T15:11:57.492+02:00 TRACE 4684 --- [clothlogix] [           main] o.s.b.f.s.DefaultListableBeanFactory     : Returning cached instance of singleton bean 'org.springframework.transaction.config.internalTransactionAdvisor'
2024-05-17T15:11:57.492+02:00 TRACE 4684 --- [clothlogix] [           main] o.s.b.f.s.DefaultListableBeanFactory     : Returning cached instance of singleton bean 'org.springframework.transaction.config.internalTransactionAdvisor'
2024-05-17T15:11:57.492+02:00 TRACE 4684 --- [clothlogix] [           main] o.s.b.f.s.DefaultListableBeanFactory     : Finished creating instance of bean 'spring.hateoas-org.springframework.boot.autoconfigure.hateoas.HateoasProperties'
2024-05-17T15:11:57.492+02:00 DEBUG 4684 --- [clothlogix] [           main] o.s.b.f.s.DefaultListableBeanFactory     : Creating shared instance of singleton bean 'org.springframework.boot.autoconfigure.info.ProjectInfoAutoConfiguration'
2024-05-17T15:11:57.492+02:00 TRACE 4684 --- [clothlogix] [           main] o.s.b.f.s.DefaultListableBeanFactory     : Creating instance of bean 'org.springframework.boot.autoconfigure.info.ProjectInfoAutoConfiguration'
2024-05-17T15:11:57.492+02:00 TRACE 4684 --- [clothlogix] [           main] o.s.b.f.s.DefaultListableBeanFactory     : Returning cached instance of singleton bean 'org.springframework.transaction.config.internalTransactionAdvisor'
2024-05-17T15:11:57.492+02:00 DEBUG 4684 --- [clothlogix] [           main] o.s.b.f.s.DefaultListableBeanFactory     : Creating shared instance of singleton bean 'spring.info-org.springframework.boot.autoconfigure.info.ProjectInfoProperties'
2024-05-17T15:11:57.492+02:00 TRACE 4684 --- [clothlogix] [           main] o.s.b.f.s.DefaultListableBeanFactory     : Creating instance of bean 'spring.info-org.springframework.boot.autoconfigure.info.ProjectInfoProperties'
2024-05-17T15:11:57.492+02:00 TRACE 4684 --- [clothlogix] [           main] o.s.b.f.s.DefaultListableBeanFactory     : Returning cached instance of singleton bean 'org.springframework.transaction.config.internalTransactionAdvisor'
2024-05-17T15:11:57.502+02:00 TRACE 4684 --- [clothlogix] [           main] o.s.b.f.s.DefaultListableBeanFactory     : Returning cached instance of singleton bean 'org.springframework.boot.context.properties.BoundConfigurationProperties'
2024-05-17T15:11:57.502+02:00 TRACE 4684 --- [clothlogix] [           main] o.s.b.f.s.DefaultListableBeanFactory     : Returning cached instance of singleton bean 'org.springframework.transaction.config.internalTransactionAdvisor'
2024-05-17T15:11:57.502+02:00 TRACE 4684 --- [clothlogix] [           main] o.s.b.f.s.DefaultListableBeanFactory     : Returning cached instance of singleton bean 'org.springframework.transaction.config.internalTransactionAdvisor'
2024-05-17T15:11:57.503+02:00 TRACE 4684 --- [clothlogix] [           main] o.s.b.f.s.DefaultListableBeanFactory     : Finished creating instance of bean 'spring.info-org.springframework.boot.autoconfigure.info.ProjectInfoProperties'
2024-05-17T15:11:57.503+02:00 DEBUG 4684 --- [clothlogix] [           main] o.s.b.f.s.DefaultListableBeanFactory     : Autowiring by type from bean name 'org.springframework.boot.autoconfigure.info.ProjectInfoAutoConfiguration' via constructor to bean named 'spring.info-org.springframework.boot.autoconfigure.info.ProjectInfoProperties'
2024-05-17T15:11:57.503+02:00 TRACE 4684 --- [clothlogix] [           main] o.s.b.f.s.DefaultListableBeanFactory     : Returning cached instance of singleton bean 'org.springframework.transaction.config.internalTransactionAdvisor'
2024-05-17T15:11:57.503+02:00 TRACE 4684 --- [clothlogix] [           main] o.s.b.f.s.DefaultListableBeanFactory     : Returning cached instance of singleton bean 'org.springframework.transaction.config.internalTransactionAdvisor'
2024-05-17T15:11:57.503+02:00 TRACE 4684 --- [clothlogix] [           main] o.s.b.f.s.DefaultListableBeanFactory     : Finished creating instance of bean 'org.springframework.boot.autoconfigure.info.ProjectInfoAutoConfiguration'
2024-05-17T15:11:57.503+02:00 TRACE 4684 --- [clothlogix] [           main] o.s.b.f.s.DefaultListableBeanFactory     : Returning cached instance of singleton bean 'spring.info-org.springframework.boot.autoconfigure.info.ProjectInfoProperties'
2024-05-17T15:11:57.503+02:00 DEBUG 4684 --- [clothlogix] [           main] o.s.b.f.s.DefaultListableBeanFactory     : Creating shared instance of singleton bean 'org.springframework.boot.autoconfigure.jdbc.JdbcTemplateConfiguration'
2024-05-17T15:11:57.503+02:00 TRACE 4684 --- [clothlogix] [           main] o.s.b.f.s.DefaultListableBeanFactory     : Creating instance of bean 'org.springframework.boot.autoconfigure.jdbc.JdbcTemplateConfiguration'
2024-05-17T15:11:57.503+02:00 TRACE 4684 --- [clothlogix] [           main] o.s.b.f.s.DefaultListableBeanFactory     : Returning cached instance of singleton bean 'org.springframework.transaction.config.internalTransactionAdvisor'
2024-05-17T15:11:57.503+02:00 TRACE 4684 --- [clothlogix] [           main] o.s.b.f.s.DefaultListableBeanFactory     : Returning cached instance of singleton bean 'org.springframework.transaction.config.internalTransactionAdvisor'
2024-05-17T15:11:57.503+02:00 TRACE 4684 --- [clothlogix] [           main] o.s.b.f.s.DefaultListableBeanFactory     : Returning cached instance of singleton bean 'org.springframework.transaction.config.internalTransactionAdvisor'
2024-05-17T15:11:57.503+02:00 TRACE 4684 --- [clothlogix] [           main] o.s.b.f.s.DefaultListableBeanFactory     : Finished creating instance of bean 'org.springframework.boot.autoconfigure.jdbc.JdbcTemplateConfiguration'
2024-05-17T15:11:57.503+02:00 TRACE 4684 --- [clothlogix] [           main] o.s.b.f.s.DefaultListableBeanFactory     : Returning cached instance of singleton bean 'dataSourceScriptDatabaseInitializer'
2024-05-17T15:11:57.503+02:00 DEBUG 4684 --- [clothlogix] [           main] o.s.b.f.s.DefaultListableBeanFactory     : Creating shared instance of singleton bean 'jdbcTemplate'
2024-05-17T15:11:57.503+02:00 TRACE 4684 --- [clothlogix] [           main] o.s.b.f.s.DefaultListableBeanFactory     : Creating instance of bean 'jdbcTemplate'
2024-05-17T15:11:57.503+02:00 TRACE 4684 --- [clothlogix] [           main] o.s.b.f.s.DefaultListableBeanFactory     : Returning cached instance of singleton bean 'org.springframework.transaction.config.internalTransactionAdvisor'
2024-05-17T15:11:57.503+02:00 TRACE 4684 --- [clothlogix] [           main] o.s.b.f.s.DefaultListableBeanFactory     : Returning cached instance of singleton bean 'org.springframework.boot.autoconfigure.jdbc.JdbcTemplateConfiguration'
2024-05-17T15:11:57.503+02:00 TRACE 4684 --- [clothlogix] [           main] o.s.b.f.s.DefaultListableBeanFactory     : Returning cached instance of singleton bean 'dataSource'
2024-05-17T15:11:57.503+02:00 DEBUG 4684 --- [clothlogix] [           main] o.s.b.f.s.DefaultListableBeanFactory     : Creating shared instance of singleton bean 'spring.jdbc-org.springframework.boot.autoconfigure.jdbc.JdbcProperties'
2024-05-17T15:11:57.503+02:00 TRACE 4684 --- [clothlogix] [           main] o.s.b.f.s.DefaultListableBeanFactory     : Creating instance of bean 'spring.jdbc-org.springframework.boot.autoconfigure.jdbc.JdbcProperties'
2024-05-17T15:11:57.503+02:00 TRACE 4684 --- [clothlogix] [           main] o.s.b.f.s.DefaultListableBeanFactory     : Returning cached instance of singleton bean 'org.springframework.transaction.config.internalTransactionAdvisor'
2024-05-17T15:11:57.503+02:00 TRACE 4684 --- [clothlogix] [           main] o.s.b.f.s.DefaultListableBeanFactory     : Returning cached instance of singleton bean 'org.springframework.boot.context.properties.BoundConfigurationProperties'
2024-05-17T15:11:57.503+02:00 TRACE 4684 --- [clothlogix] [           main] o.s.b.f.s.DefaultListableBeanFactory     : Returning cached instance of singleton bean 'org.springframework.transaction.config.internalTransactionAdvisor'
2024-05-17T15:11:57.503+02:00 TRACE 4684 --- [clothlogix] [           main] o.s.b.f.s.DefaultListableBeanFactory     : Returning cached instance of singleton bean 'org.springframework.transaction.config.internalTransactionAdvisor'
2024-05-17T15:11:57.503+02:00 TRACE 4684 --- [clothlogix] [           main] o.s.b.f.s.DefaultListableBeanFactory     : Finished creating instance of bean 'spring.jdbc-org.springframework.boot.autoconfigure.jdbc.JdbcProperties'
2024-05-17T15:11:57.503+02:00 DEBUG 4684 --- [clothlogix] [           main] o.s.b.f.s.DefaultListableBeanFactory     : Autowiring by type from bean name 'jdbcTemplate' via factory method to bean named 'dataSource'
2024-05-17T15:11:57.503+02:00 DEBUG 4684 --- [clothlogix] [           main] o.s.b.f.s.DefaultListableBeanFactory     : Autowiring by type from bean name 'jdbcTemplate' via factory method to bean named 'spring.jdbc-org.springframework.boot.autoconfigure.jdbc.JdbcProperties'
2024-05-17T15:11:57.517+02:00 TRACE 4684 --- [clothlogix] [           main] o.s.b.f.s.DefaultListableBeanFactory     : Invoking afterPropertiesSet() on bean with name 'jdbcTemplate'
2024-05-17T15:11:57.517+02:00 TRACE 4684 --- [clothlogix] [           main] o.s.b.f.s.DefaultListableBeanFactory     : Returning cached instance of singleton bean 'org.springframework.transaction.config.internalTransactionAdvisor'
2024-05-17T15:11:57.517+02:00 TRACE 4684 --- [clothlogix] [           main] o.s.b.f.s.DefaultListableBeanFactory     : Returning cached instance of singleton bean 'org.springframework.transaction.config.internalTransactionAdvisor'
2024-05-17T15:11:57.522+02:00 TRACE 4684 --- [clothlogix] [           main] o.s.b.f.s.DefaultListableBeanFactory     : Finished creating instance of bean 'jdbcTemplate'
2024-05-17T15:11:57.522+02:00 DEBUG 4684 --- [clothlogix] [           main] o.s.b.f.s.DefaultListableBeanFactory     : Creating shared instance of singleton bean 'org.springframework.boot.autoconfigure.jdbc.NamedParameterJdbcTemplateConfiguration'
2024-05-17T15:11:57.522+02:00 TRACE 4684 --- [clothlogix] [           main] o.s.b.f.s.DefaultListableBeanFactory     : Creating instance of bean 'org.springframework.boot.autoconfigure.jdbc.NamedParameterJdbcTemplateConfiguration'
2024-05-17T15:11:57.522+02:00 TRACE 4684 --- [clothlogix] [           main] o.s.b.f.s.DefaultListableBeanFactory     : Returning cached instance of singleton bean 'org.springframework.transaction.config.internalTransactionAdvisor'
2024-05-17T15:11:57.522+02:00 TRACE 4684 --- [clothlogix] [           main] o.s.b.f.s.DefaultListableBeanFactory     : Returning cached instance of singleton bean 'org.springframework.transaction.config.internalTransactionAdvisor'
2024-05-17T15:11:57.522+02:00 TRACE 4684 --- [clothlogix] [           main] o.s.b.f.s.DefaultListableBeanFactory     : Returning cached instance of singleton bean 'org.springframework.transaction.config.internalTransactionAdvisor'
2024-05-17T15:11:57.522+02:00 TRACE 4684 --- [clothlogix] [           main] o.s.b.f.s.DefaultListableBeanFactory     : Finished creating instance of bean 'org.springframework.boot.autoconfigure.jdbc.NamedParameterJdbcTemplateConfiguration'
2024-05-17T15:11:57.522+02:00 TRACE 4684 --- [clothlogix] [           main] o.s.b.f.s.DefaultListableBeanFactory     : Returning cached instance of singleton bean 'dataSourceScriptDatabaseInitializer'
2024-05-17T15:11:57.522+02:00 DEBUG 4684 --- [clothlogix] [           main] o.s.b.f.s.DefaultListableBeanFactory     : Creating shared instance of singleton bean 'namedParameterJdbcTemplate'
2024-05-17T15:11:57.522+02:00 TRACE 4684 --- [clothlogix] [           main] o.s.b.f.s.DefaultListableBeanFactory     : Creating instance of bean 'namedParameterJdbcTemplate'
2024-05-17T15:11:57.522+02:00 TRACE 4684 --- [clothlogix] [           main] o.s.b.f.s.DefaultListableBeanFactory     : Returning cached instance of singleton bean 'org.springframework.transaction.config.internalTransactionAdvisor'
2024-05-17T15:11:57.522+02:00 TRACE 4684 --- [clothlogix] [           main] o.s.b.f.s.DefaultListableBeanFactory     : Returning cached instance of singleton bean 'org.springframework.boot.autoconfigure.jdbc.NamedParameterJdbcTemplateConfiguration'
2024-05-17T15:11:57.522+02:00 TRACE 4684 --- [clothlogix] [           main] o.s.b.f.s.DefaultListableBeanFactory     : Returning cached instance of singleton bean 'jdbcTemplate'
2024-05-17T15:11:57.522+02:00 DEBUG 4684 --- [clothlogix] [           main] o.s.b.f.s.DefaultListableBeanFactory     : Autowiring by type from bean name 'namedParameterJdbcTemplate' via factory method to bean named 'jdbcTemplate'
2024-05-17T15:11:57.532+02:00 TRACE 4684 --- [clothlogix] [           main] o.s.b.f.s.DefaultListableBeanFactory     : Returning cached instance of singleton bean 'org.springframework.transaction.config.internalTransactionAdvisor'
2024-05-17T15:11:57.532+02:00 TRACE 4684 --- [clothlogix] [           main] o.s.b.f.s.DefaultListableBeanFactory     : Returning cached instance of singleton bean 'org.springframework.transaction.config.internalTransactionAdvisor'
2024-05-17T15:11:57.536+02:00 TRACE 4684 --- [clothlogix] [           main] o.s.b.f.s.DefaultListableBeanFactory     : Finished creating instance of bean 'namedParameterJdbcTemplate'
2024-05-17T15:11:57.536+02:00 DEBUG 4684 --- [clothlogix] [           main] o.s.b.f.s.DefaultListableBeanFactory     : Creating shared instance of singleton bean 'org.springframework.boot.autoconfigure.jdbc.JdbcTemplateAutoConfiguration'
2024-05-17T15:11:57.536+02:00 TRACE 4684 --- [clothlogix] [           main] o.s.b.f.s.DefaultListableBeanFactory     : Creating instance of bean 'org.springframework.boot.autoconfigure.jdbc.JdbcTemplateAutoConfiguration'
2024-05-17T15:11:57.536+02:00 TRACE 4684 --- [clothlogix] [           main] o.s.b.f.s.DefaultListableBeanFactory     : Returning cached instance of singleton bean 'org.springframework.transaction.config.internalTransactionAdvisor'
2024-05-17T15:11:57.536+02:00 TRACE 4684 --- [clothlogix] [           main] o.s.b.f.s.DefaultListableBeanFactory     : Returning cached instance of singleton bean 'org.springframework.transaction.config.internalTransactionAdvisor'
2024-05-17T15:11:57.536+02:00 TRACE 4684 --- [clothlogix] [           main] o.s.b.f.s.DefaultListableBeanFactory     : Returning cached instance of singleton bean 'org.springframework.transaction.config.internalTransactionAdvisor'
2024-05-17T15:11:57.536+02:00 TRACE 4684 --- [clothlogix] [           main] o.s.b.f.s.DefaultListableBeanFactory     : Finished creating instance of bean 'org.springframework.boot.autoconfigure.jdbc.JdbcTemplateAutoConfiguration'
2024-05-17T15:11:57.536+02:00 TRACE 4684 --- [clothlogix] [           main] o.s.b.f.s.DefaultListableBeanFactory     : Returning cached instance of singleton bean 'spring.jdbc-org.springframework.boot.autoconfigure.jdbc.JdbcProperties'
2024-05-17T15:11:57.536+02:00 TRACE 4684 --- [clothlogix] [           main] o.s.b.f.s.DefaultListableBeanFactory     : Returning cached instance of singleton bean 'org.springframework.boot.sql.init.dependency.DatabaseInitializationDependencyConfigurer$DependsOnDatabaseInitializationPostProcessor'
2024-05-17T15:11:57.536+02:00 DEBUG 4684 --- [clothlogix] [           main] o.s.b.f.s.DefaultListableBeanFactory     : Creating shared instance of singleton bean 'org.springframework.boot.autoconfigure.jdbc.JdbcClientAutoConfiguration'
2024-05-17T15:11:57.536+02:00 TRACE 4684 --- [clothlogix] [           main] o.s.b.f.s.DefaultListableBeanFactory     : Creating instance of bean 'org.springframework.boot.autoconfigure.jdbc.JdbcClientAutoConfiguration'
2024-05-17T15:11:57.536+02:00 TRACE 4684 --- [clothlogix] [           main] o.s.b.f.s.DefaultListableBeanFactory     : Returning cached instance of singleton bean 'org.springframework.transaction.config.internalTransactionAdvisor'
2024-05-17T15:11:57.536+02:00 TRACE 4684 --- [clothlogix] [           main] o.s.b.f.s.DefaultListableBeanFactory     : Returning cached instance of singleton bean 'org.springframework.transaction.config.internalTransactionAdvisor'
2024-05-17T15:11:57.536+02:00 TRACE 4684 --- [clothlogix] [           main] o.s.b.f.s.DefaultListableBeanFactory     : Returning cached instance of singleton bean 'org.springframework.transaction.config.internalTransactionAdvisor'
2024-05-17T15:11:57.536+02:00 TRACE 4684 --- [clothlogix] [           main] o.s.b.f.s.DefaultListableBeanFactory     : Finished creating instance of bean 'org.springframework.boot.autoconfigure.jdbc.JdbcClientAutoConfiguration'
2024-05-17T15:11:57.536+02:00 TRACE 4684 --- [clothlogix] [           main] o.s.b.f.s.DefaultListableBeanFactory     : Returning cached instance of singleton bean 'dataSourceScriptDatabaseInitializer'
2024-05-17T15:11:57.536+02:00 DEBUG 4684 --- [clothlogix] [           main] o.s.b.f.s.DefaultListableBeanFactory     : Creating shared instance of singleton bean 'jdbcClient'
2024-05-17T15:11:57.536+02:00 TRACE 4684 --- [clothlogix] [           main] o.s.b.f.s.DefaultListableBeanFactory     : Creating instance of bean 'jdbcClient'
2024-05-17T15:11:57.536+02:00 TRACE 4684 --- [clothlogix] [           main] o.s.b.f.s.DefaultListableBeanFactory     : Returning cached instance of singleton bean 'org.springframework.transaction.config.internalTransactionAdvisor'
2024-05-17T15:11:57.536+02:00 TRACE 4684 --- [clothlogix] [           main] o.s.b.f.s.DefaultListableBeanFactory     : Returning cached instance of singleton bean 'org.springframework.boot.autoconfigure.jdbc.JdbcClientAutoConfiguration'
2024-05-17T15:11:57.542+02:00 TRACE 4684 --- [clothlogix] [           main] o.s.b.f.s.DefaultListableBeanFactory     : Returning cached instance of singleton bean 'namedParameterJdbcTemplate'
2024-05-17T15:11:57.542+02:00 DEBUG 4684 --- [clothlogix] [           main] o.s.b.f.s.DefaultListableBeanFactory     : Autowiring by type from bean name 'jdbcClient' via factory method to bean named 'namedParameterJdbcTemplate'
2024-05-17T15:11:57.542+02:00 TRACE 4684 --- [clothlogix] [           main] o.s.b.f.s.DefaultListableBeanFactory     : Returning cached instance of singleton bean 'org.springframework.transaction.config.internalTransactionAdvisor'
2024-05-17T15:11:57.542+02:00 TRACE 4684 --- [clothlogix] [           main] o.s.b.f.s.DefaultListableBeanFactory     : Returning cached instance of singleton bean 'org.springframework.transaction.config.internalTransactionAdvisor'
2024-05-17T15:11:57.542+02:00 TRACE 4684 --- [clothlogix] [           main] o.s.b.f.s.DefaultListableBeanFactory     : Finished creating instance of bean 'jdbcClient'
2024-05-17T15:11:57.542+02:00 DEBUG 4684 --- [clothlogix] [           main] o.s.b.f.s.DefaultListableBeanFactory     : Creating shared instance of singleton bean 'org.springframework.security.config.annotation.configuration.ObjectPostProcessorConfiguration'
2024-05-17T15:11:57.542+02:00 TRACE 4684 --- [clothlogix] [           main] o.s.b.f.s.DefaultListableBeanFactory     : Creating instance of bean 'org.springframework.security.config.annotation.configuration.ObjectPostProcessorConfiguration'
2024-05-17T15:11:57.542+02:00 TRACE 4684 --- [clothlogix] [           main] o.s.b.f.s.DefaultListableBeanFactory     : Returning cached instance of singleton bean 'org.springframework.transaction.config.internalTransactionAdvisor'
2024-05-17T15:11:57.542+02:00 TRACE 4684 --- [clothlogix] [           main] o.s.b.f.s.DefaultListableBeanFactory     : Returning cached instance of singleton bean 'org.springframework.transaction.config.internalTransactionAdvisor'
2024-05-17T15:11:57.542+02:00 TRACE 4684 --- [clothlogix] [           main] o.s.b.f.s.DefaultListableBeanFactory     : Returning cached instance of singleton bean 'org.springframework.transaction.config.internalTransactionAdvisor'
2024-05-17T15:11:57.542+02:00 TRACE 4684 --- [clothlogix] [           main] o.s.b.f.s.DefaultListableBeanFactory     : Finished creating instance of bean 'org.springframework.security.config.annotation.configuration.ObjectPostProcessorConfiguration'
2024-05-17T15:11:57.542+02:00 DEBUG 4684 --- [clothlogix] [           main] o.s.b.f.s.DefaultListableBeanFactory     : Creating shared instance of singleton bean 'objectPostProcessor'
2024-05-17T15:11:57.542+02:00 TRACE 4684 --- [clothlogix] [           main] o.s.b.f.s.DefaultListableBeanFactory     : Creating instance of bean 'objectPostProcessor'
2024-05-17T15:11:57.542+02:00 TRACE 4684 --- [clothlogix] [           main] o.s.b.f.s.DefaultListableBeanFactory     : Returning cached instance of singleton bean 'org.springframework.transaction.config.internalTransactionAdvisor'
2024-05-17T15:11:57.542+02:00 TRACE 4684 --- [clothlogix] [           main] o.s.b.f.s.DefaultListableBeanFactory     : Returning cached instance of singleton bean 'org.springframework.security.config.annotation.configuration.ObjectPostProcessorConfiguration'
2024-05-17T15:11:57.547+02:00 DEBUG 4684 --- [clothlogix] [           main] o.s.b.f.s.DefaultListableBeanFactory     : Autowiring by type from bean name 'objectPostProcessor' via factory method to bean named 'org.springframework.beans.factory.support.DefaultListableBeanFactory@75b21c3b'
2024-05-17T15:11:57.549+02:00 TRACE 4684 --- [clothlogix] [           main] o.s.b.f.s.DefaultListableBeanFactory     : Returning cached instance of singleton bean 'org.springframework.transaction.config.internalTransactionAdvisor'
2024-05-17T15:11:57.549+02:00 TRACE 4684 --- [clothlogix] [           main] o.s.b.f.s.DefaultListableBeanFactory     : Returning cached instance of singleton bean 'org.springframework.transaction.config.internalTransactionAdvisor'
2024-05-17T15:11:57.549+02:00 TRACE 4684 --- [clothlogix] [           main] o.s.b.f.s.DefaultListableBeanFactory     : Finished creating instance of bean 'objectPostProcessor'
2024-05-17T15:11:57.549+02:00 DEBUG 4684 --- [clothlogix] [           main] o.s.b.f.s.DefaultListableBeanFactory     : Creating shared instance of singleton bean 'org.springframework.security.config.annotation.authentication.configuration.AuthenticationConfiguration'
2024-05-17T15:11:57.549+02:00 TRACE 4684 --- [clothlogix] [           main] o.s.b.f.s.DefaultListableBeanFactory     : Creating instance of bean 'org.springframework.security.config.annotation.authentication.configuration.AuthenticationConfiguration'
2024-05-17T15:11:57.549+02:00 TRACE 4684 --- [clothlogix] [           main] o.s.b.f.s.DefaultListableBeanFactory     : Returning cached instance of singleton bean 'org.springframework.transaction.config.internalTransactionAdvisor'
2024-05-17T15:11:57.549+02:00 TRACE 4684 --- [clothlogix] [           main] o.s.beans.CachedIntrospectionResults     : Getting BeanInfo for class [org.springframework.security.config.annotation.authentication.configuration.AuthenticationConfiguration]
2024-05-17T15:11:57.549+02:00 TRACE 4684 --- [clothlogix] [           main] o.s.beans.CachedIntrospectionResults     : Caching PropertyDescriptors for class [org.springframework.security.config.annotation.authentication.configuration.AuthenticationConfiguration]
2024-05-17T15:11:57.549+02:00 TRACE 4684 --- [clothlogix] [           main] o.s.beans.CachedIntrospectionResults     : Found bean property 'applicationContext' of type [org.springframework.context.ApplicationContext]
2024-05-17T15:11:57.549+02:00 TRACE 4684 --- [clothlogix] [           main] o.s.beans.CachedIntrospectionResults     : Found bean property 'authenticationManager' of type [org.springframework.security.authentication.AuthenticationManager]
2024-05-17T15:11:57.552+02:00 TRACE 4684 --- [clothlogix] [           main] o.s.beans.CachedIntrospectionResults     : Found bean property 'class' of type [java.lang.Class]
2024-05-17T15:11:57.554+02:00 TRACE 4684 --- [clothlogix] [           main] o.s.beans.CachedIntrospectionResults     : Found bean property 'globalAuthenticationConfigurers' of type [java.util.List]
2024-05-17T15:11:57.554+02:00 TRACE 4684 --- [clothlogix] [           main] o.s.beans.CachedIntrospectionResults     : Found bean property 'objectPostProcessor' of type [org.springframework.security.config.annotation.ObjectPostProcessor]
2024-05-17T15:11:57.554+02:00 DEBUG 4684 --- [clothlogix] [           main] o.s.b.f.s.DefaultListableBeanFactory     : Creating shared instance of singleton bean 'enableGlobalAuthenticationAutowiredConfigurer'
2024-05-17T15:11:57.554+02:00 TRACE 4684 --- [clothlogix] [           main] o.s.b.f.s.DefaultListableBeanFactory     : Creating instance of bean 'enableGlobalAuthenticationAutowiredConfigurer'
2024-05-17T15:11:57.554+02:00 TRACE 4684 --- [clothlogix] [           main] o.s.b.f.s.DefaultListableBeanFactory     : Returning cached instance of singleton bean 'org.springframework.transaction.config.internalTransactionAdvisor'
2024-05-17T15:11:57.554+02:00 DEBUG 4684 --- [clothlogix] [           main] o.s.b.f.s.DefaultListableBeanFactory     : Autowiring by type from bean name 'enableGlobalAuthenticationAutowiredConfigurer' via factory method to bean named 'org.springframework.web.context.support.GenericWebApplicationContext@3f2049b6'
2024-05-17T15:11:57.554+02:00 TRACE 4684 --- [clothlogix] [           main] o.s.b.f.s.DefaultListableBeanFactory     : Returning cached instance of singleton bean 'org.springframework.transaction.config.internalTransactionAdvisor'
2024-05-17T15:11:57.554+02:00 TRACE 4684 --- [clothlogix] [           main] o.s.b.f.s.DefaultListableBeanFactory     : Returning cached instance of singleton bean 'org.springframework.transaction.config.internalTransactionAdvisor'
2024-05-17T15:11:57.554+02:00 TRACE 4684 --- [clothlogix] [           main] o.s.b.f.s.DefaultListableBeanFactory     : Finished creating instance of bean 'enableGlobalAuthenticationAutowiredConfigurer'
2024-05-17T15:11:57.554+02:00 DEBUG 4684 --- [clothlogix] [           main] o.s.b.f.s.DefaultListableBeanFactory     : Creating shared instance of singleton bean 'initializeUserDetailsBeanManagerConfigurer'
2024-05-17T15:11:57.554+02:00 TRACE 4684 --- [clothlogix] [           main] o.s.b.f.s.DefaultListableBeanFactory     : Creating instance of bean 'initializeUserDetailsBeanManagerConfigurer'
2024-05-17T15:11:57.554+02:00 TRACE 4684 --- [clothlogix] [           main] o.s.b.f.s.DefaultListableBeanFactory     : Returning cached instance of singleton bean 'org.springframework.transaction.config.internalTransactionAdvisor'
2024-05-17T15:11:57.554+02:00 DEBUG 4684 --- [clothlogix] [           main] o.s.b.f.s.DefaultListableBeanFactory     : Autowiring by type from bean name 'initializeUserDetailsBeanManagerConfigurer' via factory method to bean named 'org.springframework.web.context.support.GenericWebApplicationContext@3f2049b6'
2024-05-17T15:11:57.562+02:00 TRACE 4684 --- [clothlogix] [           main] o.s.b.f.s.DefaultListableBeanFactory     : Returning cached instance of singleton bean 'org.springframework.transaction.config.internalTransactionAdvisor'
2024-05-17T15:11:57.562+02:00 TRACE 4684 --- [clothlogix] [           main] o.s.b.f.s.DefaultListableBeanFactory     : Returning cached instance of singleton bean 'org.springframework.transaction.config.internalTransactionAdvisor'
2024-05-17T15:11:57.562+02:00 TRACE 4684 --- [clothlogix] [           main] o.s.b.f.s.DefaultListableBeanFactory     : Finished creating instance of bean 'initializeUserDetailsBeanManagerConfigurer'
2024-05-17T15:11:57.562+02:00 DEBUG 4684 --- [clothlogix] [           main] o.s.b.f.s.DefaultListableBeanFactory     : Creating shared instance of singleton bean 'initializeAuthenticationProviderBeanManagerConfigurer'
2024-05-17T15:11:57.562+02:00 TRACE 4684 --- [clothlogix] [           main] o.s.b.f.s.DefaultListableBeanFactory     : Creating instance of bean 'initializeAuthenticationProviderBeanManagerConfigurer'
2024-05-17T15:11:57.562+02:00 TRACE 4684 --- [clothlogix] [           main] o.s.b.f.s.DefaultListableBeanFactory     : Returning cached instance of singleton bean 'org.springframework.transaction.config.internalTransactionAdvisor'
2024-05-17T15:11:57.562+02:00 DEBUG 4684 --- [clothlogix] [           main] o.s.b.f.s.DefaultListableBeanFactory     : Autowiring by type from bean name 'initializeAuthenticationProviderBeanManagerConfigurer' via factory method to bean named 'org.springframework.web.context.support.GenericWebApplicationContext@3f2049b6'
2024-05-17T15:11:57.562+02:00 TRACE 4684 --- [clothlogix] [           main] o.s.b.f.s.DefaultListableBeanFactory     : Returning cached instance of singleton bean 'org.springframework.transaction.config.internalTransactionAdvisor'
2024-05-17T15:11:57.562+02:00 TRACE 4684 --- [clothlogix] [           main] o.s.b.f.s.DefaultListableBeanFactory     : Returning cached instance of singleton bean 'org.springframework.transaction.config.internalTransactionAdvisor'
2024-05-17T15:11:57.562+02:00 TRACE 4684 --- [clothlogix] [           main] o.s.b.f.s.DefaultListableBeanFactory     : Finished creating instance of bean 'initializeAuthenticationProviderBeanManagerConfigurer'
2024-05-17T15:11:57.562+02:00 TRACE 4684 --- [clothlogix] [           main] f.a.AutowiredAnnotationBeanPostProcessor : Autowiring by type from bean name 'org.springframework.security.config.annotation.authentication.configuration.AuthenticationConfiguration' to bean named 'enableGlobalAuthenticationAutowiredConfigurer'
2024-05-17T15:11:57.562+02:00 TRACE 4684 --- [clothlogix] [           main] f.a.AutowiredAnnotationBeanPostProcessor : Autowiring by type from bean name 'org.springframework.security.config.annotation.authentication.configuration.AuthenticationConfiguration' to bean named 'initializeUserDetailsBeanManagerConfigurer'
2024-05-17T15:11:57.562+02:00 TRACE 4684 --- [clothlogix] [           main] f.a.AutowiredAnnotationBeanPostProcessor : Autowiring by type from bean name 'org.springframework.security.config.annotation.authentication.configuration.AuthenticationConfiguration' to bean named 'initializeAuthenticationProviderBeanManagerConfigurer'
2024-05-17T15:11:57.562+02:00 TRACE 4684 --- [clothlogix] [           main] f.a.AutowiredAnnotationBeanPostProcessor : Autowiring by type from bean name 'org.springframework.security.config.annotation.authentication.configuration.AuthenticationConfiguration' to bean named 'org.springframework.web.context.support.GenericWebApplicationContext@3f2049b6'
2024-05-17T15:11:57.568+02:00 TRACE 4684 --- [clothlogix] [           main] o.s.b.f.s.DefaultListableBeanFactory     : Returning cached instance of singleton bean 'objectPostProcessor'
2024-05-17T15:11:57.568+02:00 TRACE 4684 --- [clothlogix] [           main] f.a.AutowiredAnnotationBeanPostProcessor : Autowiring by type from bean name 'org.springframework.security.config.annotation.authentication.configuration.AuthenticationConfiguration' to bean named 'objectPostProcessor'
2024-05-17T15:11:57.568+02:00 TRACE 4684 --- [clothlogix] [           main] o.s.b.f.s.DefaultListableBeanFactory     : Returning cached instance of singleton bean 'org.springframework.transaction.config.internalTransactionAdvisor'
2024-05-17T15:11:57.568+02:00 TRACE 4684 --- [clothlogix] [           main] o.s.b.f.s.DefaultListableBeanFactory     : Returning cached instance of singleton bean 'org.springframework.transaction.config.internalTransactionAdvisor'
2024-05-17T15:11:57.568+02:00 TRACE 4684 --- [clothlogix] [           main] o.s.b.f.s.DefaultListableBeanFactory     : Finished creating instance of bean 'org.springframework.security.config.annotation.authentication.configuration.AuthenticationConfiguration'
2024-05-17T15:11:57.568+02:00 DEBUG 4684 --- [clothlogix] [           main] o.s.b.f.s.DefaultListableBeanFactory     : Creating shared instance of singleton bean 'authenticationManagerBuilder'
2024-05-17T15:11:57.568+02:00 TRACE 4684 --- [clothlogix] [           main] o.s.b.f.s.DefaultListableBeanFactory     : Creating instance of bean 'authenticationManagerBuilder'
2024-05-17T15:11:57.568+02:00 TRACE 4684 --- [clothlogix] [           main] o.s.b.f.s.DefaultListableBeanFactory     : Returning cached instance of singleton bean 'org.springframework.transaction.config.internalTransactionAdvisor'
2024-05-17T15:11:57.568+02:00 TRACE 4684 --- [clothlogix] [           main] o.s.b.f.s.DefaultListableBeanFactory     : Returning cached instance of singleton bean 'org.springframework.security.config.annotation.authentication.configuration.AuthenticationConfiguration'
2024-05-17T15:11:57.568+02:00 TRACE 4684 --- [clothlogix] [           main] o.s.b.f.s.DefaultListableBeanFactory     : Returning cached instance of singleton bean 'objectPostProcessor'
2024-05-17T15:11:57.568+02:00 DEBUG 4684 --- [clothlogix] [           main] o.s.b.f.s.DefaultListableBeanFactory     : Autowiring by type from bean name 'authenticationManagerBuilder' via factory method to bean named 'objectPostProcessor'
2024-05-17T15:11:57.568+02:00 DEBUG 4684 --- [clothlogix] [           main] o.s.b.f.s.DefaultListableBeanFactory     : Autowiring by type from bean name 'authenticationManagerBuilder' via factory method to bean named 'org.springframework.web.context.support.GenericWebApplicationContext@3f2049b6'
2024-05-17T15:11:57.572+02:00 DEBUG 4684 --- [clothlogix] [           main] o.s.b.f.s.DefaultListableBeanFactory     : Creating shared instance of singleton bean 'authenticationEventPublisher'
2024-05-17T15:11:57.572+02:00 TRACE 4684 --- [clothlogix] [           main] o.s.b.f.s.DefaultListableBeanFactory     : Creating instance of bean 'authenticationEventPublisher'
2024-05-17T15:11:57.572+02:00 TRACE 4684 --- [clothlogix] [           main] o.s.b.f.s.DefaultListableBeanFactory     : Returning cached instance of singleton bean 'org.springframework.transaction.config.internalTransactionAdvisor'
2024-05-17T15:11:57.572+02:00 DEBUG 4684 --- [clothlogix] [           main] o.s.b.f.s.DefaultListableBeanFactory     : Creating shared instance of singleton bean 'org.springframework.boot.autoconfigure.security.servlet.SecurityAutoConfiguration'
2024-05-17T15:11:57.572+02:00 TRACE 4684 --- [clothlogix] [           main] o.s.b.f.s.DefaultListableBeanFactory     : Creating instance of bean 'org.springframework.boot.autoconfigure.security.servlet.SecurityAutoConfiguration'
2024-05-17T15:11:57.572+02:00 TRACE 4684 --- [clothlogix] [           main] o.s.b.f.s.DefaultListableBeanFactory     : Returning cached instance of singleton bean 'org.springframework.transaction.config.internalTransactionAdvisor'
2024-05-17T15:11:57.572+02:00 TRACE 4684 --- [clothlogix] [           main] o.s.b.f.s.DefaultListableBeanFactory     : Returning cached instance of singleton bean 'org.springframework.transaction.config.internalTransactionAdvisor'
2024-05-17T15:11:57.572+02:00 TRACE 4684 --- [clothlogix] [           main] o.s.b.f.s.DefaultListableBeanFactory     : Returning cached instance of singleton bean 'org.springframework.transaction.config.internalTransactionAdvisor'
2024-05-17T15:11:57.572+02:00 TRACE 4684 --- [clothlogix] [           main] o.s.b.f.s.DefaultListableBeanFactory     : Finished creating instance of bean 'org.springframework.boot.autoconfigure.security.servlet.SecurityAutoConfiguration'
2024-05-17T15:11:57.572+02:00 DEBUG 4684 --- [clothlogix] [           main] o.s.b.f.s.DefaultListableBeanFactory     : Autowiring by type from bean name 'authenticationEventPublisher' via factory method to bean named 'org.springframework.web.context.support.GenericWebApplicationContext@3f2049b6'
2024-05-17T15:11:57.583+02:00 TRACE 4684 --- [clothlogix] [           main] o.s.b.f.s.DefaultListableBeanFactory     : Returning cached instance of singleton bean 'org.springframework.transaction.config.internalTransactionAdvisor'
2024-05-17T15:11:57.583+02:00 TRACE 4684 --- [clothlogix] [           main] o.s.b.f.s.DefaultListableBeanFactory     : Returning cached instance of singleton bean 'org.springframework.transaction.config.internalTransactionAdvisor'
2024-05-17T15:11:57.583+02:00 TRACE 4684 --- [clothlogix] [           main] o.s.b.f.s.DefaultListableBeanFactory     : Finished creating instance of bean 'authenticationEventPublisher'
2024-05-17T15:11:57.599+02:00 TRACE 4684 --- [clothlogix] [           main] o.s.b.f.s.DefaultListableBeanFactory     : Returning cached instance of singleton bean 'org.springframework.transaction.config.internalTransactionAdvisor'
2024-05-17T15:11:57.599+02:00 TRACE 4684 --- [clothlogix] [           main] o.s.b.f.s.DefaultListableBeanFactory     : Returning cached instance of singleton bean 'org.springframework.transaction.config.internalTransactionAdvisor'
2024-05-17T15:11:57.599+02:00 TRACE 4684 --- [clothlogix] [           main] o.s.b.f.s.DefaultListableBeanFactory     : Finished creating instance of bean 'authenticationManagerBuilder'
2024-05-17T15:11:57.599+02:00 TRACE 4684 --- [clothlogix] [           main] o.s.b.f.s.DefaultListableBeanFactory     : Returning cached instance of singleton bean 'enableGlobalAuthenticationAutowiredConfigurer'
2024-05-17T15:11:57.599+02:00 TRACE 4684 --- [clothlogix] [           main] o.s.b.f.s.DefaultListableBeanFactory     : Returning cached instance of singleton bean 'initializeUserDetailsBeanManagerConfigurer'
2024-05-17T15:11:57.599+02:00 TRACE 4684 --- [clothlogix] [           main] o.s.b.f.s.DefaultListableBeanFactory     : Returning cached instance of singleton bean 'initializeAuthenticationProviderBeanManagerConfigurer'
2024-05-17T15:11:57.599+02:00 DEBUG 4684 --- [clothlogix] [           main] o.s.b.f.s.DefaultListableBeanFactory     : Creating shared instance of singleton bean 'org.springframework.security.config.annotation.web.configuration.WebSecurityConfiguration'
2024-05-17T15:11:57.599+02:00 TRACE 4684 --- [clothlogix] [           main] o.s.b.f.s.DefaultListableBeanFactory     : Creating instance of bean 'org.springframework.security.config.annotation.web.configuration.WebSecurityConfiguration'
2024-05-17T15:11:57.599+02:00 TRACE 4684 --- [clothlogix] [           main] o.s.b.f.s.DefaultListableBeanFactory     : Returning cached instance of singleton bean 'org.springframework.transaction.config.internalTransactionAdvisor'
2024-05-17T15:11:57.602+02:00 TRACE 4684 --- [clothlogix] [           main] o.s.beans.CachedIntrospectionResults     : Getting BeanInfo for class [org.springframework.security.config.annotation.web.configuration.WebSecurityConfiguration]
2024-05-17T15:11:57.602+02:00 TRACE 4684 --- [clothlogix] [           main] o.s.beans.CachedIntrospectionResults     : Caching PropertyDescriptors for class [org.springframework.security.config.annotation.web.configuration.WebSecurityConfiguration]
2024-05-17T15:11:57.602+02:00 TRACE 4684 --- [clothlogix] [           main] o.s.beans.CachedIntrospectionResults     : Found bean property 'beanClassLoader' of type [java.lang.ClassLoader]
2024-05-17T15:11:57.602+02:00 TRACE 4684 --- [clothlogix] [           main] o.s.beans.CachedIntrospectionResults     : Found bean property 'class' of type [java.lang.Class]
2024-05-17T15:11:57.602+02:00 TRACE 4684 --- [clothlogix] [           main] o.s.beans.CachedIntrospectionResults     : Found bean property 'importMetadata' of type [org.springframework.core.type.AnnotationMetadata]
2024-05-17T15:11:57.602+02:00 TRACE 4684 --- [clothlogix] [           main] o.s.b.f.s.DefaultListableBeanFactory     : Returning cached instance of singleton bean 'objectPostProcessor'
2024-05-17T15:11:57.602+02:00 TRACE 4684 --- [clothlogix] [           main] f.a.AutowiredAnnotationBeanPostProcessor : Autowiring by type from bean name 'org.springframework.security.config.annotation.web.configuration.WebSecurityConfiguration' to bean named 'objectPostProcessor'
2024-05-17T15:11:57.602+02:00 TRACE 4684 --- [clothlogix] [           main] o.s.b.f.s.DefaultListableBeanFactory     : Creating instance of bean 'org.springframework.security.config.annotation.web.configuration.HttpSecurityConfiguration.httpSecurity'
2024-05-17T15:11:57.602+02:00 TRACE 4684 --- [clothlogix] [           main] o.s.b.f.s.DefaultListableBeanFactory     : Returning cached instance of singleton bean 'org.springframework.transaction.config.internalTransactionAdvisor'
2024-05-17T15:11:57.602+02:00 DEBUG 4684 --- [clothlogix] [           main] o.s.b.f.s.DefaultListableBeanFactory     : Creating shared instance of singleton bean 'org.springframework.security.config.annotation.web.configuration.HttpSecurityConfiguration'
2024-05-17T15:11:57.602+02:00 TRACE 4684 --- [clothlogix] [           main] o.s.b.f.s.DefaultListableBeanFactory     : Creating instance of bean 'org.springframework.security.config.annotation.web.configuration.HttpSecurityConfiguration'
2024-05-17T15:11:57.602+02:00 TRACE 4684 --- [clothlogix] [           main] o.s.b.f.s.DefaultListableBeanFactory     : Returning cached instance of singleton bean 'org.springframework.transaction.config.internalTransactionAdvisor'
2024-05-17T15:11:57.602+02:00 TRACE 4684 --- [clothlogix] [           main] o.s.beans.CachedIntrospectionResults     : Getting BeanInfo for class [org.springframework.security.config.annotation.web.configuration.HttpSecurityConfiguration]
2024-05-17T15:11:57.602+02:00 TRACE 4684 --- [clothlogix] [           main] o.s.beans.CachedIntrospectionResults     : Caching PropertyDescriptors for class [org.springframework.security.config.annotation.web.configuration.HttpSecurityConfiguration]
2024-05-17T15:11:57.602+02:00 TRACE 4684 --- [clothlogix] [           main] o.s.beans.CachedIntrospectionResults     : Found bean property 'class' of type [java.lang.Class]
2024-05-17T15:11:57.602+02:00 TRACE 4684 --- [clothlogix] [           main] o.s.b.f.s.DefaultListableBeanFactory     : Returning cached instance of singleton bean 'objectPostProcessor'
2024-05-17T15:11:57.602+02:00 TRACE 4684 --- [clothlogix] [           main] f.a.AutowiredAnnotationBeanPostProcessor : Autowiring by type from bean name 'org.springframework.security.config.annotation.web.configuration.HttpSecurityConfiguration' to bean named 'objectPostProcessor'
2024-05-17T15:11:57.602+02:00 TRACE 4684 --- [clothlogix] [           main] o.s.b.f.s.DefaultListableBeanFactory     : Returning cached instance of singleton bean 'org.springframework.security.config.annotation.authentication.configuration.AuthenticationConfiguration'
2024-05-17T15:11:57.602+02:00 TRACE 4684 --- [clothlogix] [           main] f.a.AutowiredAnnotationBeanPostProcessor : Autowiring by type from bean name 'org.springframework.security.config.annotation.web.configuration.HttpSecurityConfiguration' to bean named 'org.springframework.security.config.annotation.authentication.configuration.AuthenticationConfiguration'
2024-05-17T15:11:57.612+02:00 TRACE 4684 --- [clothlogix] [           main] f.a.AutowiredAnnotationBeanPostProcessor : Autowiring by type from bean name 'org.springframework.security.config.annotation.web.configuration.HttpSecurityConfiguration' to bean named 'org.springframework.web.context.support.GenericWebApplicationContext@3f2049b6'
2024-05-17T15:11:57.612+02:00 TRACE 4684 --- [clothlogix] [           main] o.s.b.f.s.DefaultListableBeanFactory     : Returning cached instance of singleton bean 'mvcContentNegotiationManager'
2024-05-17T15:11:57.612+02:00 TRACE 4684 --- [clothlogix] [           main] f.a.AutowiredAnnotationBeanPostProcessor : Autowiring by type from bean name 'org.springframework.security.config.annotation.web.configuration.HttpSecurityConfiguration' to bean named 'mvcContentNegotiationManager'
2024-05-17T15:11:57.612+02:00 TRACE 4684 --- [clothlogix] [           main] o.s.b.f.s.DefaultListableBeanFactory     : Returning cached instance of singleton bean 'org.springframework.transaction.config.internalTransactionAdvisor'
2024-05-17T15:11:57.612+02:00 TRACE 4684 --- [clothlogix] [           main] o.s.b.f.s.DefaultListableBeanFactory     : Returning cached instance of singleton bean 'org.springframework.transaction.config.internalTransactionAdvisor'
2024-05-17T15:11:57.612+02:00 TRACE 4684 --- [clothlogix] [           main] o.s.b.f.s.DefaultListableBeanFactory     : Finished creating instance of bean 'org.springframework.security.config.annotation.web.configuration.HttpSecurityConfiguration'
2024-05-17T15:11:57.615+02:00 TRACE 4684 --- [clothlogix] [           main] o.s.b.f.s.DefaultListableBeanFactory     : Returning cached instance of singleton bean 'authenticationManagerBuilder'
2024-05-17T15:11:57.615+02:00 DEBUG 4684 --- [clothlogix] [           main] o.s.b.f.s.DefaultListableBeanFactory     : Creating shared instance of singleton bean 'org.springframework.boot.autoconfigure.security.servlet.SpringBootWebSecurityConfiguration$WebSecurityEnablerConfiguration'
2024-05-17T15:11:57.615+02:00 TRACE 4684 --- [clothlogix] [           main] o.s.b.f.s.DefaultListableBeanFactory     : Creating instance of bean 'org.springframework.boot.autoconfigure.security.servlet.SpringBootWebSecurityConfiguration$WebSecurityEnablerConfiguration'
2024-05-17T15:11:57.615+02:00 TRACE 4684 --- [clothlogix] [           main] o.s.b.f.s.DefaultListableBeanFactory     : Returning cached instance of singleton bean 'org.springframework.transaction.config.internalTransactionAdvisor'
2024-05-17T15:11:57.615+02:00 TRACE 4684 --- [clothlogix] [           main] o.s.b.f.s.DefaultListableBeanFactory     : Returning cached instance of singleton bean 'org.springframework.transaction.config.internalTransactionAdvisor'
2024-05-17T15:11:57.615+02:00 TRACE 4684 --- [clothlogix] [           main] o.s.b.f.s.DefaultListableBeanFactory     : Returning cached instance of singleton bean 'org.springframework.transaction.config.internalTransactionAdvisor'
2024-05-17T15:11:57.615+02:00 TRACE 4684 --- [clothlogix] [           main] o.s.b.f.s.DefaultListableBeanFactory     : Finished creating instance of bean 'org.springframework.boot.autoconfigure.security.servlet.SpringBootWebSecurityConfiguration$WebSecurityEnablerConfiguration'
2024-05-17T15:11:57.615+02:00 TRACE 4684 --- [clothlogix] [           main] eGlobalAuthenticationAutowiredConfigurer : Eagerly initializing {org.springframework.boot.autoconfigure.security.servlet.SpringBootWebSecurityConfiguration$WebSecurityEnablerConfiguration=org.springframework.boot.autoconfigure.security.servlet.SpringBootWebSecurityConfiguration$WebSecurityEnablerConfiguration@6eeb15f9}
2024-05-17T15:11:57.622+02:00 DEBUG 4684 --- [clothlogix] [           main] o.s.b.f.s.DefaultListableBeanFactory     : Creating shared instance of singleton bean 'inMemoryUserDetailsManager'
2024-05-17T15:11:57.622+02:00 TRACE 4684 --- [clothlogix] [           main] o.s.b.f.s.DefaultListableBeanFactory     : Creating instance of bean 'inMemoryUserDetailsManager'
2024-05-17T15:11:57.622+02:00 TRACE 4684 --- [clothlogix] [           main] o.s.b.f.s.DefaultListableBeanFactory     : Returning cached instance of singleton bean 'org.springframework.transaction.config.internalTransactionAdvisor'
2024-05-17T15:11:57.622+02:00 DEBUG 4684 --- [clothlogix] [           main] o.s.b.f.s.DefaultListableBeanFactory     : Creating shared instance of singleton bean 'org.springframework.boot.autoconfigure.security.servlet.UserDetailsServiceAutoConfiguration'
2024-05-17T15:11:57.622+02:00 TRACE 4684 --- [clothlogix] [           main] o.s.b.f.s.DefaultListableBeanFactory     : Creating instance of bean 'org.springframework.boot.autoconfigure.security.servlet.UserDetailsServiceAutoConfiguration'
2024-05-17T15:11:57.622+02:00 TRACE 4684 --- [clothlogix] [           main] o.s.b.f.s.DefaultListableBeanFactory     : Returning cached instance of singleton bean 'org.springframework.transaction.config.internalTransactionAdvisor'
2024-05-17T15:11:57.622+02:00 TRACE 4684 --- [clothlogix] [           main] o.s.b.f.s.DefaultListableBeanFactory     : Returning cached instance of singleton bean 'org.springframework.transaction.config.internalTransactionAdvisor'
2024-05-17T15:11:57.622+02:00 TRACE 4684 --- [clothlogix] [           main] o.s.b.f.s.DefaultListableBeanFactory     : Returning cached instance of singleton bean 'org.springframework.transaction.config.internalTransactionAdvisor'
2024-05-17T15:11:57.622+02:00 TRACE 4684 --- [clothlogix] [           main] o.s.b.f.s.DefaultListableBeanFactory     : Finished creating instance of bean 'org.springframework.boot.autoconfigure.security.servlet.UserDetailsServiceAutoConfiguration'
2024-05-17T15:11:57.627+02:00 DEBUG 4684 --- [clothlogix] [           main] o.s.b.f.s.DefaultListableBeanFactory     : Creating shared instance of singleton bean 'spring.security-org.springframework.boot.autoconfigure.security.SecurityProperties'
2024-05-17T15:11:57.627+02:00 TRACE 4684 --- [clothlogix] [           main] o.s.b.f.s.DefaultListableBeanFactory     : Creating instance of bean 'spring.security-org.springframework.boot.autoconfigure.security.SecurityProperties'
2024-05-17T15:11:57.627+02:00 TRACE 4684 --- [clothlogix] [           main] o.s.b.f.s.DefaultListableBeanFactory     : Returning cached instance of singleton bean 'org.springframework.transaction.config.internalTransactionAdvisor'
2024-05-17T15:11:57.627+02:00 TRACE 4684 --- [clothlogix] [           main] o.s.b.f.s.DefaultListableBeanFactory     : Returning cached instance of singleton bean 'org.springframework.boot.context.properties.BoundConfigurationProperties'
2024-05-17T15:11:57.627+02:00 TRACE 4684 --- [clothlogix] [           main] o.s.b.f.s.DefaultListableBeanFactory     : Returning cached instance of singleton bean 'org.springframework.transaction.config.internalTransactionAdvisor'
2024-05-17T15:11:57.627+02:00 TRACE 4684 --- [clothlogix] [           main] o.s.b.f.s.DefaultListableBeanFactory     : Returning cached instance of singleton bean 'org.springframework.transaction.config.internalTransactionAdvisor'
2024-05-17T15:11:57.627+02:00 TRACE 4684 --- [clothlogix] [           main] o.s.b.f.s.DefaultListableBeanFactory     : Finished creating instance of bean 'spring.security-org.springframework.boot.autoconfigure.security.SecurityProperties'
2024-05-17T15:11:57.627+02:00 DEBUG 4684 --- [clothlogix] [           main] o.s.b.f.s.DefaultListableBeanFactory     : Autowiring by type from bean name 'inMemoryUserDetailsManager' via factory method to bean named 'spring.security-org.springframework.boot.autoconfigure.security.SecurityProperties'
2024-05-17T15:11:57.632+02:00  WARN 4684 --- [clothlogix] [           main] .s.s.UserDetailsServiceAutoConfiguration : 

Using generated security password: ec8a5c16-982c-44b8-bbc8-b3e92f7ab3b8

This generated password is for development use only. Your security configuration must be updated before running your application in production.

2024-05-17T15:11:57.632+02:00 TRACE 4684 --- [clothlogix] [           main] o.s.b.f.s.DefaultListableBeanFactory     : Returning cached instance of singleton bean 'org.springframework.transaction.config.internalTransactionAdvisor'
2024-05-17T15:11:57.632+02:00 TRACE 4684 --- [clothlogix] [           main] o.s.b.f.s.DefaultListableBeanFactory     : Returning cached instance of singleton bean 'org.springframework.transaction.config.internalTransactionAdvisor'
2024-05-17T15:11:57.632+02:00 TRACE 4684 --- [clothlogix] [           main] o.s.b.f.s.DefaultListableBeanFactory     : Finished creating instance of bean 'inMemoryUserDetailsManager'
2024-05-17T15:11:57.642+02:00 TRACE 4684 --- [clothlogix] [           main] o.s.b.f.s.DefaultListableBeanFactory     : Returning cached instance of singleton bean 'inMemoryUserDetailsManager'
2024-05-17T15:11:57.712+02:00 TRACE 4684 --- [clothlogix] [           main] o.s.b.f.s.DefaultListableBeanFactory     : Invoking afterPropertiesSet() on bean with name 'org.springframework.security.authentication.ProviderManager@7c08461b'
2024-05-17T15:11:57.712+02:00 TRACE 4684 --- [clothlogix] [           main] o.s.b.f.s.DefaultListableBeanFactory     : Returning cached instance of singleton bean 'org.springframework.transaction.config.internalTransactionAdvisor'
2024-05-17T15:11:57.712+02:00 TRACE 4684 --- [clothlogix] [           main] o.s.b.f.s.DefaultListableBeanFactory     : Returning cached instance of singleton bean 'org.springframework.transaction.config.internalTransactionAdvisor'
2024-05-17T15:11:57.712+02:00 TRACE 4684 --- [clothlogix] [           main] o.s.b.f.s.DefaultListableBeanFactory     : Returning cached instance of singleton bean 'authenticationEventPublisher'
2024-05-17T15:11:57.892+02:00 TRACE 4684 --- [clothlogix] [           main] o.s.c.io.support.SpringFactoriesLoader   : Loaded [org.springframework.security.config.annotation.web.configurers.AbstractHttpConfigurer] names: []
2024-05-17T15:11:57.892+02:00 TRACE 4684 --- [clothlogix] [           main] o.s.b.f.s.DefaultListableBeanFactory     : Returning cached instance of singleton bean 'org.springframework.transaction.config.internalTransactionAdvisor'
2024-05-17T15:11:57.892+02:00 TRACE 4684 --- [clothlogix] [           main] o.s.b.f.s.DefaultListableBeanFactory     : Returning cached instance of singleton bean 'org.springframework.transaction.config.internalTransactionAdvisor'
2024-05-17T15:11:57.902+02:00 TRACE 4684 --- [clothlogix] [           main] o.s.b.f.s.DefaultListableBeanFactory     : Finished creating instance of bean 'org.springframework.security.config.annotation.web.configuration.HttpSecurityConfiguration.httpSecurity'
2024-05-17T15:11:57.902+02:00 TRACE 4684 --- [clothlogix] [           main] f.a.AutowiredAnnotationBeanPostProcessor : Autowiring by type from bean name 'org.springframework.security.config.annotation.web.configuration.WebSecurityConfiguration' to bean named 'org.springframework.security.config.annotation.web.configuration.HttpSecurityConfiguration.httpSecurity'
2024-05-17T15:11:57.902+02:00 TRACE 4684 --- [clothlogix] [           main] o.s.b.f.s.DefaultListableBeanFactory     : Returning cached instance of singleton bean 'objectPostProcessor'
2024-05-17T15:11:57.902+02:00 TRACE 4684 --- [clothlogix] [           main] f.a.AutowiredAnnotationBeanPostProcessor : Autowiring by type from bean name 'org.springframework.security.config.annotation.web.configuration.WebSecurityConfiguration' to bean named 'objectPostProcessor'
2024-05-17T15:11:57.902+02:00 TRACE 4684 --- [clothlogix] [           main] f.a.AutowiredAnnotationBeanPostProcessor : Autowiring by type from bean name 'org.springframework.security.config.annotation.web.configuration.WebSecurityConfiguration' to bean named 'org.springframework.beans.factory.support.DefaultListableBeanFactory@75b21c3b'
2024-05-17T15:11:57.916+02:00 DEBUG 4684 --- [clothlogix] [           main] o.s.b.f.s.DefaultListableBeanFactory     : Creating shared instance of singleton bean 'mvcHandlerMappingIntrospectorRequestTransformer'
2024-05-17T15:11:57.916+02:00 TRACE 4684 --- [clothlogix] [           main] o.s.b.f.s.DefaultListableBeanFactory     : Creating instance of bean 'mvcHandlerMappingIntrospectorRequestTransformer'
2024-05-17T15:11:57.916+02:00 TRACE 4684 --- [clothlogix] [           main] o.s.b.f.s.DefaultListableBeanFactory     : Returning cached instance of singleton bean 'org.springframework.transaction.config.internalTransactionAdvisor'
2024-05-17T15:11:57.922+02:00 DEBUG 4684 --- [clothlogix] [           main] o.s.b.f.s.DefaultListableBeanFactory     : Creating shared instance of singleton bean 'mvcHandlerMappingIntrospector'
2024-05-17T15:11:57.922+02:00 TRACE 4684 --- [clothlogix] [           main] o.s.b.f.s.DefaultListableBeanFactory     : Creating instance of bean 'mvcHandlerMappingIntrospector'
2024-05-17T15:11:57.922+02:00 TRACE 4684 --- [clothlogix] [           main] o.s.b.f.s.DefaultListableBeanFactory     : Returning cached instance of singleton bean 'org.springframework.transaction.config.internalTransactionAdvisor'
2024-05-17T15:11:57.922+02:00 TRACE 4684 --- [clothlogix] [           main] o.s.b.f.s.DefaultListableBeanFactory     : Returning cached instance of singleton bean 'org.springframework.boot.autoconfigure.web.servlet.WebMvcAutoConfiguration$EnableWebMvcConfiguration'
2024-05-17T15:11:57.922+02:00 TRACE 4684 --- [clothlogix] [           main] o.s.b.f.s.DefaultListableBeanFactory     : Invoking afterPropertiesSet() on bean with name 'mvcHandlerMappingIntrospector'
2024-05-17T15:11:57.922+02:00 TRACE 4684 --- [clothlogix] [           main] o.s.b.f.s.DefaultListableBeanFactory     : Returning cached instance of singleton bean 'welcomePageHandlerMapping'
2024-05-17T15:11:57.922+02:00 TRACE 4684 --- [clothlogix] [           main] o.s.b.f.s.DefaultListableBeanFactory     : Returning cached instance of singleton bean 'welcomePageNotAcceptableHandlerMapping'
2024-05-17T15:11:57.922+02:00 TRACE 4684 --- [clothlogix] [           main] o.s.b.f.s.DefaultListableBeanFactory     : Returning cached instance of singleton bean 'requestMappingHandlerMapping'
2024-05-17T15:11:57.922+02:00 TRACE 4684 --- [clothlogix] [           main] o.s.b.f.s.DefaultListableBeanFactory     : Returning cached instance of singleton bean 'viewControllerHandlerMapping'
2024-05-17T15:11:57.922+02:00 TRACE 4684 --- [clothlogix] [           main] o.s.b.f.s.DefaultListableBeanFactory     : Returning cached instance of singleton bean 'beanNameHandlerMapping'
2024-05-17T15:11:57.922+02:00 TRACE 4684 --- [clothlogix] [           main] o.s.b.f.s.DefaultListableBeanFactory     : Returning cached instance of singleton bean 'routerFunctionMapping'
2024-05-17T15:11:57.922+02:00 TRACE 4684 --- [clothlogix] [           main] o.s.b.f.s.DefaultListableBeanFactory     : Returning cached instance of singleton bean 'resourceHandlerMapping'
2024-05-17T15:11:57.922+02:00 TRACE 4684 --- [clothlogix] [           main] o.s.b.f.s.DefaultListableBeanFactory     : Returning cached instance of singleton bean 'defaultServletHandlerMapping'
2024-05-17T15:11:57.922+02:00 TRACE 4684 --- [clothlogix] [           main] o.s.b.f.s.DefaultListableBeanFactory     : Returning cached instance of singleton bean 'restHandlerMapping'
2024-05-17T15:11:57.932+02:00 TRACE 4684 --- [clothlogix] [           main] o.s.b.f.s.DefaultListableBeanFactory     : Returning cached instance of singleton bean 'org.springframework.transaction.config.internalTransactionAdvisor'
2024-05-17T15:11:57.932+02:00 TRACE 4684 --- [clothlogix] [           main] o.s.b.f.s.DefaultListableBeanFactory     : Returning cached instance of singleton bean 'org.springframework.transaction.config.internalTransactionAdvisor'
2024-05-17T15:11:57.932+02:00 TRACE 4684 --- [clothlogix] [           main] o.s.b.f.s.DefaultListableBeanFactory     : Finished creating instance of bean 'mvcHandlerMappingIntrospector'
2024-05-17T15:11:57.932+02:00 TRACE 4684 --- [clothlogix] [           main] o.s.b.f.s.DefaultListableBeanFactory     : Returning cached instance of singleton bean 'org.springframework.transaction.config.internalTransactionAdvisor'
2024-05-17T15:11:57.932+02:00 TRACE 4684 --- [clothlogix] [           main] o.s.b.f.s.DefaultListableBeanFactory     : Returning cached instance of singleton bean 'org.springframework.transaction.config.internalTransactionAdvisor'
2024-05-17T15:11:57.932+02:00 TRACE 4684 --- [clothlogix] [           main] o.s.b.f.s.DefaultListableBeanFactory     : Finished creating instance of bean 'mvcHandlerMappingIntrospectorRequestTransformer'
2024-05-17T15:11:57.932+02:00 TRACE 4684 --- [clothlogix] [           main] o.s.b.f.s.DefaultListableBeanFactory     : Returning cached instance of singleton bean 'org.springframework.transaction.config.internalTransactionAdvisor'
2024-05-17T15:11:57.932+02:00 TRACE 4684 --- [clothlogix] [           main] o.s.b.f.s.DefaultListableBeanFactory     : Returning cached instance of singleton bean 'org.springframework.transaction.config.internalTransactionAdvisor'
2024-05-17T15:11:57.942+02:00 DEBUG 4684 --- [clothlogix] [           main] o.s.b.f.s.DefaultListableBeanFactory     : Creating shared instance of singleton bean 'defaultSecurityFilterChain'
2024-05-17T15:11:57.942+02:00 TRACE 4684 --- [clothlogix] [           main] o.s.b.f.s.DefaultListableBeanFactory     : Creating instance of bean 'defaultSecurityFilterChain'
2024-05-17T15:11:57.942+02:00 TRACE 4684 --- [clothlogix] [           main] o.s.b.f.s.DefaultListableBeanFactory     : Returning cached instance of singleton bean 'org.springframework.transaction.config.internalTransactionAdvisor'
2024-05-17T15:11:57.942+02:00 DEBUG 4684 --- [clothlogix] [           main] o.s.b.f.s.DefaultListableBeanFactory     : Creating shared instance of singleton bean 'org.springframework.boot.autoconfigure.security.servlet.SpringBootWebSecurityConfiguration$SecurityFilterChainConfiguration'
2024-05-17T15:11:57.942+02:00 TRACE 4684 --- [clothlogix] [           main] o.s.b.f.s.DefaultListableBeanFactory     : Creating instance of bean 'org.springframework.boot.autoconfigure.security.servlet.SpringBootWebSecurityConfiguration$SecurityFilterChainConfiguration'
2024-05-17T15:11:57.942+02:00 TRACE 4684 --- [clothlogix] [           main] o.s.b.f.s.DefaultListableBeanFactory     : Returning cached instance of singleton bean 'org.springframework.transaction.config.internalTransactionAdvisor'
2024-05-17T15:11:57.942+02:00 TRACE 4684 --- [clothlogix] [           main] o.s.b.f.s.DefaultListableBeanFactory     : Returning cached instance of singleton bean 'org.springframework.transaction.config.internalTransactionAdvisor'
2024-05-17T15:11:57.944+02:00 TRACE 4684 --- [clothlogix] [           main] o.s.b.f.s.DefaultListableBeanFactory     : Returning cached instance of singleton bean 'org.springframework.transaction.config.internalTransactionAdvisor'
2024-05-17T15:11:57.944+02:00 TRACE 4684 --- [clothlogix] [           main] o.s.b.f.s.DefaultListableBeanFactory     : Finished creating instance of bean 'org.springframework.boot.autoconfigure.security.servlet.SpringBootWebSecurityConfiguration$SecurityFilterChainConfiguration'
2024-05-17T15:11:57.944+02:00 TRACE 4684 --- [clothlogix] [           main] o.s.b.f.s.DefaultListableBeanFactory     : Creating instance of bean 'org.springframework.security.config.annotation.web.configuration.HttpSecurityConfiguration.httpSecurity'
2024-05-17T15:11:57.944+02:00 TRACE 4684 --- [clothlogix] [           main] o.s.b.f.s.DefaultListableBeanFactory     : Returning cached instance of singleton bean 'org.springframework.security.config.annotation.web.configuration.HttpSecurityConfiguration'
2024-05-17T15:11:57.944+02:00 TRACE 4684 --- [clothlogix] [           main] o.s.b.f.s.DefaultListableBeanFactory     : Returning cached instance of singleton bean 'authenticationEventPublisher'
2024-05-17T15:11:57.944+02:00 TRACE 4684 --- [clothlogix] [           main] o.s.c.io.support.SpringFactoriesLoader   : Loaded [org.springframework.security.config.annotation.web.configurers.AbstractHttpConfigurer] names: []
2024-05-17T15:11:57.944+02:00 TRACE 4684 --- [clothlogix] [           main] o.s.b.f.s.DefaultListableBeanFactory     : Finished creating instance of bean 'org.springframework.security.config.annotation.web.configuration.HttpSecurityConfiguration.httpSecurity'
2024-05-17T15:11:57.944+02:00 DEBUG 4684 --- [clothlogix] [           main] o.s.b.f.s.DefaultListableBeanFactory     : Autowiring by type from bean name 'defaultSecurityFilterChain' via factory method to bean named 'org.springframework.security.config.annotation.web.configuration.HttpSecurityConfiguration.httpSecurity'
2024-05-17T15:11:57.980+02:00 TRACE 4684 --- [clothlogix] [           main] o.s.b.f.s.DefaultListableBeanFactory     : Returning cached instance of singleton bean 'org.springframework.transaction.config.internalTransactionAdvisor'
2024-05-17T15:11:57.980+02:00 TRACE 4684 --- [clothlogix] [           main] o.s.b.f.s.DefaultListableBeanFactory     : Returning cached instance of singleton bean 'org.springframework.transaction.config.internalTransactionAdvisor'
2024-05-17T15:11:57.982+02:00 TRACE 4684 --- [clothlogix] [           main] o.s.b.f.s.DefaultListableBeanFactory     : Returning cached instance of singleton bean 'org.springframework.transaction.config.internalTransactionAdvisor'
2024-05-17T15:11:57.982+02:00 TRACE 4684 --- [clothlogix] [           main] o.s.b.f.s.DefaultListableBeanFactory     : Returning cached instance of singleton bean 'org.springframework.transaction.config.internalTransactionAdvisor'
2024-05-17T15:11:57.982+02:00 TRACE 4684 --- [clothlogix] [           main] o.s.b.f.s.DefaultListableBeanFactory     : Returning cached instance of singleton bean 'org.springframework.transaction.config.internalTransactionAdvisor'
2024-05-17T15:11:57.982+02:00 TRACE 4684 --- [clothlogix] [           main] o.s.b.f.s.DefaultListableBeanFactory     : Returning cached instance of singleton bean 'org.springframework.transaction.config.internalTransactionAdvisor'
2024-05-17T15:11:57.994+02:00 TRACE 4684 --- [clothlogix] [           main] o.s.b.f.s.DefaultListableBeanFactory     : Invoking afterPropertiesSet() on bean with name 'org.springframework.security.web.authentication.LoginUrlAuthenticationEntryPoint@5fc76532'
2024-05-17T15:11:57.994+02:00 TRACE 4684 --- [clothlogix] [           main] o.s.b.f.s.DefaultListableBeanFactory     : Returning cached instance of singleton bean 'org.springframework.transaction.config.internalTransactionAdvisor'
2024-05-17T15:11:57.994+02:00 TRACE 4684 --- [clothlogix] [           main] o.s.b.f.s.DefaultListableBeanFactory     : Returning cached instance of singleton bean 'org.springframework.transaction.config.internalTransactionAdvisor'
2024-05-17T15:11:57.996+02:00 TRACE 4684 --- [clothlogix] [           main] o.s.b.f.s.DefaultListableBeanFactory     : Invoking afterPropertiesSet() on bean with name 'org.springframework.security.web.authentication.DelegatingAuthenticationEntryPoint@4bfaff23'
2024-05-17T15:11:57.996+02:00 TRACE 4684 --- [clothlogix] [           main] o.s.b.f.s.DefaultListableBeanFactory     : Returning cached instance of singleton bean 'org.springframework.transaction.config.internalTransactionAdvisor'
2024-05-17T15:11:57.996+02:00 TRACE 4684 --- [clothlogix] [           main] o.s.b.f.s.DefaultListableBeanFactory     : Returning cached instance of singleton bean 'org.springframework.transaction.config.internalTransactionAdvisor'
2024-05-17T15:11:57.996+02:00 TRACE 4684 --- [clothlogix] [           main] o.s.b.f.s.DefaultListableBeanFactory     : Returning cached instance of singleton bean 'org.springframework.transaction.config.internalTransactionAdvisor'
2024-05-17T15:11:57.996+02:00 TRACE 4684 --- [clothlogix] [           main] o.s.b.f.s.DefaultListableBeanFactory     : Returning cached instance of singleton bean 'org.springframework.transaction.config.internalTransactionAdvisor'
2024-05-17T15:11:57.996+02:00 TRACE 4684 --- [clothlogix] [           main] o.s.b.f.s.DefaultListableBeanFactory     : Invoking afterPropertiesSet() on bean with name 'org.springframework.security.authentication.ProviderManager@69d6fe75'
2024-05-17T15:11:57.996+02:00 TRACE 4684 --- [clothlogix] [           main] o.s.b.f.s.DefaultListableBeanFactory     : Returning cached instance of singleton bean 'org.springframework.transaction.config.internalTransactionAdvisor'
2024-05-17T15:11:57.996+02:00 TRACE 4684 --- [clothlogix] [           main] o.s.b.f.s.DefaultListableBeanFactory     : Returning cached instance of singleton bean 'org.springframework.transaction.config.internalTransactionAdvisor'
2024-05-17T15:11:58.002+02:00 TRACE 4684 --- [clothlogix] [           main] o.s.b.f.s.DefaultListableBeanFactory     : Invoking afterPropertiesSet() on bean with name 'org.springframework.security.web.csrf.CsrfFilter@4446e1d9'
2024-05-17T15:11:58.002+02:00 TRACE 4684 --- [clothlogix] [           main] o.s.b.f.s.DefaultListableBeanFactory     : Returning cached instance of singleton bean 'org.springframework.transaction.config.internalTransactionAdvisor'
2024-05-17T15:11:58.002+02:00 TRACE 4684 --- [clothlogix] [           main] o.s.b.f.s.DefaultListableBeanFactory     : Returning cached instance of singleton bean 'org.springframework.transaction.config.internalTransactionAdvisor'
2024-05-17T15:11:58.012+02:00 TRACE 4684 --- [clothlogix] [           main] o.s.b.f.s.DefaultListableBeanFactory     : Invoking afterPropertiesSet() on bean with name 'org.springframework.security.web.access.ExceptionTranslationFilter@7a2b3cfd'
2024-05-17T15:11:58.012+02:00 TRACE 4684 --- [clothlogix] [           main] o.s.b.f.s.DefaultListableBeanFactory     : Returning cached instance of singleton bean 'org.springframework.transaction.config.internalTransactionAdvisor'
2024-05-17T15:11:58.012+02:00 TRACE 4684 --- [clothlogix] [           main] o.s.b.f.s.DefaultListableBeanFactory     : Returning cached instance of singleton bean 'org.springframework.transaction.config.internalTransactionAdvisor'
2024-05-17T15:11:58.012+02:00 TRACE 4684 --- [clothlogix] [           main] o.s.b.f.s.DefaultListableBeanFactory     : Invoking afterPropertiesSet() on bean with name 'org.springframework.security.web.header.HeaderWriterFilter@3638120f'
2024-05-17T15:11:58.012+02:00 TRACE 4684 --- [clothlogix] [           main] o.s.b.f.s.DefaultListableBeanFactory     : Returning cached instance of singleton bean 'org.springframework.transaction.config.internalTransactionAdvisor'
2024-05-17T15:11:58.012+02:00 TRACE 4684 --- [clothlogix] [           main] o.s.b.f.s.DefaultListableBeanFactory     : Returning cached instance of singleton bean 'org.springframework.transaction.config.internalTransactionAdvisor'
2024-05-17T15:11:58.012+02:00 TRACE 4684 --- [clothlogix] [           main] o.s.b.f.s.DefaultListableBeanFactory     : Invoking afterPropertiesSet() on bean with name 'org.springframework.security.web.context.SecurityContextHolderFilter@6a77953c'
2024-05-17T15:11:58.012+02:00 TRACE 4684 --- [clothlogix] [           main] o.s.b.f.s.DefaultListableBeanFactory     : Returning cached instance of singleton bean 'org.springframework.transaction.config.internalTransactionAdvisor'
2024-05-17T15:11:58.012+02:00 TRACE 4684 --- [clothlogix] [           main] o.s.b.f.s.DefaultListableBeanFactory     : Returning cached instance of singleton bean 'org.springframework.transaction.config.internalTransactionAdvisor'
2024-05-17T15:11:58.012+02:00 TRACE 4684 --- [clothlogix] [           main] o.s.b.f.s.DefaultListableBeanFactory     : Invoking afterPropertiesSet() on bean with name 'org.springframework.security.web.savedrequest.RequestCacheAwareFilter@7a458c73'
2024-05-17T15:11:58.012+02:00 TRACE 4684 --- [clothlogix] [           main] o.s.b.f.s.DefaultListableBeanFactory     : Returning cached instance of singleton bean 'org.springframework.transaction.config.internalTransactionAdvisor'
2024-05-17T15:11:58.012+02:00 TRACE 4684 --- [clothlogix] [           main] o.s.b.f.s.DefaultListableBeanFactory     : Returning cached instance of singleton bean 'org.springframework.transaction.config.internalTransactionAdvisor'
2024-05-17T15:11:58.012+02:00 TRACE 4684 --- [clothlogix] [           main] o.s.b.f.s.DefaultListableBeanFactory     : Invoking afterPropertiesSet() on bean with name 'org.springframework.security.web.servletapi.SecurityContextHolderAwareRequestFilter@47a72c32'
2024-05-17T15:11:58.012+02:00 TRACE 4684 --- [clothlogix] [           main] o.s.b.f.s.DefaultListableBeanFactory     : Returning cached instance of singleton bean 'org.springframework.transaction.config.internalTransactionAdvisor'
2024-05-17T15:11:58.012+02:00 TRACE 4684 --- [clothlogix] [           main] o.s.b.f.s.DefaultListableBeanFactory     : Returning cached instance of singleton bean 'org.springframework.transaction.config.internalTransactionAdvisor'
2024-05-17T15:11:58.012+02:00 TRACE 4684 --- [clothlogix] [           main] o.s.b.f.s.DefaultListableBeanFactory     : Invoking afterPropertiesSet() on bean with name 'org.springframework.security.web.authentication.ui.DefaultLoginPageGeneratingFilter@2f6ede9'
2024-05-17T15:11:58.021+02:00 TRACE 4684 --- [clothlogix] [           main] o.s.b.f.s.DefaultListableBeanFactory     : Returning cached instance of singleton bean 'org.springframework.transaction.config.internalTransactionAdvisor'
2024-05-17T15:11:58.021+02:00 TRACE 4684 --- [clothlogix] [           main] o.s.b.f.s.DefaultListableBeanFactory     : Returning cached instance of singleton bean 'org.springframework.transaction.config.internalTransactionAdvisor'
2024-05-17T15:11:58.022+02:00 TRACE 4684 --- [clothlogix] [           main] o.s.b.f.s.DefaultListableBeanFactory     : Returning cached instance of singleton bean 'org.springframework.transaction.config.internalTransactionAdvisor'
2024-05-17T15:11:58.022+02:00 TRACE 4684 --- [clothlogix] [           main] o.s.b.f.s.DefaultListableBeanFactory     : Returning cached instance of singleton bean 'org.springframework.transaction.config.internalTransactionAdvisor'
2024-05-17T15:11:58.027+02:00 TRACE 4684 --- [clothlogix] [           main] o.s.b.f.s.DefaultListableBeanFactory     : Invoking afterPropertiesSet() on bean with name 'org.springframework.security.web.authentication.logout.LogoutFilter@36299b83'
2024-05-17T15:11:58.027+02:00 TRACE 4684 --- [clothlogix] [           main] o.s.b.f.s.DefaultListableBeanFactory     : Returning cached instance of singleton bean 'org.springframework.transaction.config.internalTransactionAdvisor'
2024-05-17T15:11:58.027+02:00 TRACE 4684 --- [clothlogix] [           main] o.s.b.f.s.DefaultListableBeanFactory     : Returning cached instance of singleton bean 'org.springframework.transaction.config.internalTransactionAdvisor'
2024-05-17T15:11:58.028+02:00 TRACE 4684 --- [clothlogix] [           main] o.s.b.f.s.DefaultListableBeanFactory     : Returning cached instance of singleton bean 'mvcHandlerMappingIntrospector'
2024-05-17T15:11:58.028+02:00 TRACE 4684 --- [clothlogix] [           main] o.s.b.f.s.DefaultListableBeanFactory     : Returning cached instance of singleton bean 'org.springframework.transaction.config.internalTransactionAdvisor'
2024-05-17T15:11:58.028+02:00 TRACE 4684 --- [clothlogix] [           main] o.s.b.f.s.DefaultListableBeanFactory     : Returning cached instance of singleton bean 'org.springframework.transaction.config.internalTransactionAdvisor'
2024-05-17T15:11:58.032+02:00 TRACE 4684 --- [clothlogix] [           main] o.s.b.f.s.DefaultListableBeanFactory     : Invoking afterPropertiesSet() on bean with name 'org.springframework.security.web.access.intercept.AuthorizationFilter@731bdcca'
2024-05-17T15:11:58.032+02:00 TRACE 4684 --- [clothlogix] [           main] o.s.b.f.s.DefaultListableBeanFactory     : Returning cached instance of singleton bean 'org.springframework.transaction.config.internalTransactionAdvisor'
2024-05-17T15:11:58.032+02:00 TRACE 4684 --- [clothlogix] [           main] o.s.b.f.s.DefaultListableBeanFactory     : Returning cached instance of singleton bean 'org.springframework.transaction.config.internalTransactionAdvisor'
2024-05-17T15:11:58.032+02:00 TRACE 4684 --- [clothlogix] [           main] o.s.b.f.s.DefaultListableBeanFactory     : Invoking afterPropertiesSet() on bean with name 'org.springframework.security.web.authentication.UsernamePasswordAuthenticationFilter@76fdd5f1'
2024-05-17T15:11:58.032+02:00 TRACE 4684 --- [clothlogix] [           main] o.s.b.f.s.DefaultListableBeanFactory     : Returning cached instance of singleton bean 'org.springframework.transaction.config.internalTransactionAdvisor'
2024-05-17T15:11:58.032+02:00 TRACE 4684 --- [clothlogix] [           main] o.s.b.f.s.DefaultListableBeanFactory     : Returning cached instance of singleton bean 'org.springframework.transaction.config.internalTransactionAdvisor'
2024-05-17T15:11:58.032+02:00 TRACE 4684 --- [clothlogix] [           main] o.s.b.f.s.DefaultListableBeanFactory     : Invoking afterPropertiesSet() on bean with name 'org.springframework.security.web.authentication.www.BasicAuthenticationFilter@29ec5005'
2024-05-17T15:11:58.032+02:00 TRACE 4684 --- [clothlogix] [           main] o.s.b.f.s.DefaultListableBeanFactory     : Returning cached instance of singleton bean 'org.springframework.transaction.config.internalTransactionAdvisor'
2024-05-17T15:11:58.032+02:00 TRACE 4684 --- [clothlogix] [           main] o.s.b.f.s.DefaultListableBeanFactory     : Returning cached instance of singleton bean 'org.springframework.transaction.config.internalTransactionAdvisor'
2024-05-17T15:11:58.044+02:00  INFO 4684 --- [clothlogix] [           main] o.s.s.web.DefaultSecurityFilterChain     : Will secure any request with [org.springframework.security.web.session.DisableEncodeUrlFilter@2e1b1d22, org.springframework.security.web.context.request.async.WebAsyncManagerIntegrationFilter@653c0c9c, org.springframework.security.web.context.SecurityContextHolderFilter@6a77953c, org.springframework.security.web.header.HeaderWriterFilter@3638120f, org.springframework.web.filter.CorsFilter@5276330a, org.springframework.security.web.csrf.CsrfFilter@4446e1d9, org.springframework.security.web.authentication.logout.LogoutFilter@36299b83, org.springframework.security.web.authentication.UsernamePasswordAuthenticationFilter@76fdd5f1, org.springframework.security.web.authentication.ui.DefaultLoginPageGeneratingFilter@2f6ede9, org.springframework.security.web.authentication.ui.DefaultLogoutPageGeneratingFilter@221961f2, org.springframework.security.web.authentication.www.BasicAuthenticationFilter@29ec5005, org.springframework.security.web.savedrequest.RequestCacheAwareFilter@7a458c73, org.springframework.security.web.servletapi.SecurityContextHolderAwareRequestFilter@47a72c32, org.springframework.security.web.authentication.AnonymousAuthenticationFilter@541d8a9e, org.springframework.security.web.access.ExceptionTranslationFilter@7a2b3cfd, org.springframework.security.web.access.intercept.AuthorizationFilter@731bdcca]
2024-05-17T15:11:58.044+02:00 TRACE 4684 --- [clothlogix] [           main] o.s.b.f.s.DefaultListableBeanFactory     : Returning cached instance of singleton bean 'org.springframework.transaction.config.internalTransactionAdvisor'
2024-05-17T15:11:58.044+02:00 TRACE 4684 --- [clothlogix] [           main] o.s.b.f.s.DefaultListableBeanFactory     : Returning cached instance of singleton bean 'org.springframework.transaction.config.internalTransactionAdvisor'
2024-05-17T15:11:58.044+02:00 TRACE 4684 --- [clothlogix] [           main] o.s.b.f.s.DefaultListableBeanFactory     : Finished creating instance of bean 'defaultSecurityFilterChain'
2024-05-17T15:11:58.044+02:00 TRACE 4684 --- [clothlogix] [           main] f.a.AutowiredAnnotationBeanPostProcessor : Autowiring by type from bean name 'org.springframework.security.config.annotation.web.configuration.WebSecurityConfiguration' to bean named 'defaultSecurityFilterChain'
2024-05-17T15:11:58.044+02:00 TRACE 4684 --- [clothlogix] [           main] o.s.b.f.s.DefaultListableBeanFactory     : Returning cached instance of singleton bean 'org.springframework.context.annotation.ConfigurationClassPostProcessor.importRegistry'
2024-05-17T15:11:58.044+02:00 TRACE 4684 --- [clothlogix] [           main] o.s.b.f.s.DefaultListableBeanFactory     : Returning cached instance of singleton bean 'org.springframework.transaction.config.internalTransactionAdvisor'
2024-05-17T15:11:58.044+02:00 TRACE 4684 --- [clothlogix] [           main] o.s.b.f.s.DefaultListableBeanFactory     : Returning cached instance of singleton bean 'org.springframework.transaction.config.internalTransactionAdvisor'
2024-05-17T15:11:58.044+02:00 TRACE 4684 --- [clothlogix] [           main] o.s.b.f.s.DefaultListableBeanFactory     : Finished creating instance of bean 'org.springframework.security.config.annotation.web.configuration.WebSecurityConfiguration'
2024-05-17T15:11:58.044+02:00 DEBUG 4684 --- [clothlogix] [           main] o.s.b.f.s.DefaultListableBeanFactory     : Creating shared instance of singleton bean 'delegatingApplicationListener'
2024-05-17T15:11:58.044+02:00 TRACE 4684 --- [clothlogix] [           main] o.s.b.f.s.DefaultListableBeanFactory     : Creating instance of bean 'delegatingApplicationListener'
2024-05-17T15:11:58.044+02:00 TRACE 4684 --- [clothlogix] [           main] o.s.b.f.s.DefaultListableBeanFactory     : Returning cached instance of singleton bean 'org.springframework.transaction.config.internalTransactionAdvisor'
2024-05-17T15:11:58.044+02:00 TRACE 4684 --- [clothlogix] [           main] o.s.b.f.s.DefaultListableBeanFactory     : Returning cached instance of singleton bean 'org.springframework.transaction.config.internalTransactionAdvisor'
2024-05-17T15:11:58.044+02:00 TRACE 4684 --- [clothlogix] [           main] o.s.b.f.s.DefaultListableBeanFactory     : Returning cached instance of singleton bean 'org.springframework.transaction.config.internalTransactionAdvisor'
2024-05-17T15:11:58.044+02:00 TRACE 4684 --- [clothlogix] [           main] o.s.b.f.s.DefaultListableBeanFactory     : Finished creating instance of bean 'delegatingApplicationListener'
2024-05-17T15:11:58.044+02:00 DEBUG 4684 --- [clothlogix] [           main] o.s.b.f.s.DefaultListableBeanFactory     : Creating shared instance of singleton bean 'springSecurityFilterChain'
2024-05-17T15:11:58.044+02:00 TRACE 4684 --- [clothlogix] [           main] o.s.b.f.s.DefaultListableBeanFactory     : Creating instance of bean 'springSecurityFilterChain'
2024-05-17T15:11:58.044+02:00 TRACE 4684 --- [clothlogix] [           main] o.s.b.f.s.DefaultListableBeanFactory     : Returning cached instance of singleton bean 'org.springframework.transaction.config.internalTransactionAdvisor'
2024-05-17T15:11:58.052+02:00 TRACE 4684 --- [clothlogix] [           main] o.s.b.f.s.DefaultListableBeanFactory     : Creating instance of bean '(inner bean)#f1d5f3'
2024-05-17T15:11:58.052+02:00 TRACE 4684 --- [clothlogix] [           main] o.s.b.f.s.DefaultListableBeanFactory     : Returning cached instance of singleton bean 'org.springframework.transaction.config.internalTransactionAdvisor'
2024-05-17T15:11:58.052+02:00 TRACE 4684 --- [clothlogix] [           main] o.s.b.f.s.DefaultListableBeanFactory     : Returning cached instance of singleton bean 'org.springframework.transaction.config.internalTransactionAdvisor'
2024-05-17T15:11:58.052+02:00 TRACE 4684 --- [clothlogix] [           main] o.s.b.f.s.DefaultListableBeanFactory     : Returning cached instance of singleton bean 'org.springframework.transaction.config.internalTransactionAdvisor'
2024-05-17T15:11:58.052+02:00 TRACE 4684 --- [clothlogix] [           main] o.s.b.f.s.DefaultListableBeanFactory     : Finished creating instance of bean '(inner bean)#f1d5f3'
2024-05-17T15:11:58.052+02:00 TRACE 4684 --- [clothlogix] [           main] o.s.b.f.s.DefaultListableBeanFactory     : Returning cached instance of singleton bean 'mvcHandlerMappingIntrospector'
2024-05-17T15:11:58.052+02:00 TRACE 4684 --- [clothlogix] [           main] o.s.b.f.s.DefaultListableBeanFactory     : Returning cached instance of singleton bean 'org.springframework.transaction.config.internalTransactionAdvisor'
2024-05-17T15:11:58.052+02:00 TRACE 4684 --- [clothlogix] [           main] o.s.b.f.s.DefaultListableBeanFactory     : Returning cached instance of singleton bean 'org.springframework.transaction.config.internalTransactionAdvisor'
2024-05-17T15:11:58.052+02:00 TRACE 4684 --- [clothlogix] [           main] o.s.b.f.s.DefaultListableBeanFactory     : Creating instance of bean '(inner bean)#1297cf8'
2024-05-17T15:11:58.052+02:00 TRACE 4684 --- [clothlogix] [           main] o.s.b.f.s.DefaultListableBeanFactory     : Returning cached instance of singleton bean 'org.springframework.transaction.config.internalTransactionAdvisor'
2024-05-17T15:11:58.052+02:00 TRACE 4684 --- [clothlogix] [           main] o.s.b.f.s.DefaultListableBeanFactory     : Returning cached instance of singleton bean 'org.springframework.security.config.annotation.web.configuration.WebSecurityConfiguration'
2024-05-17T15:11:58.076+02:00 TRACE 4684 --- [clothlogix] [           main] o.s.b.f.s.DefaultListableBeanFactory     : Invoking afterPropertiesSet() on bean with name '(inner bean)#1297cf8'
2024-05-17T15:11:58.076+02:00 TRACE 4684 --- [clothlogix] [           main] o.s.b.f.s.DefaultListableBeanFactory     : Returning cached instance of singleton bean 'org.springframework.transaction.config.internalTransactionAdvisor'
2024-05-17T15:11:58.076+02:00 TRACE 4684 --- [clothlogix] [           main] o.s.b.f.s.DefaultListableBeanFactory     : Returning cached instance of singleton bean 'org.springframework.transaction.config.internalTransactionAdvisor'
2024-05-17T15:11:58.076+02:00 TRACE 4684 --- [clothlogix] [           main] o.s.b.f.s.DefaultListableBeanFactory     : Finished creating instance of bean '(inner bean)#1297cf8'
2024-05-17T15:11:58.076+02:00 TRACE 4684 --- [clothlogix] [           main] o.s.b.f.s.DefaultListableBeanFactory     : Invoking afterPropertiesSet() on bean with name 'springSecurityFilterChain'
2024-05-17T15:11:58.082+02:00 TRACE 4684 --- [clothlogix] [           main] o.s.b.f.s.DefaultListableBeanFactory     : Returning cached instance of singleton bean 'org.springframework.transaction.config.internalTransactionAdvisor'
2024-05-17T15:11:58.082+02:00 TRACE 4684 --- [clothlogix] [           main] o.s.b.f.s.DefaultListableBeanFactory     : Returning cached instance of singleton bean 'org.springframework.transaction.config.internalTransactionAdvisor'
2024-05-17T15:11:58.082+02:00 TRACE 4684 --- [clothlogix] [           main] o.s.b.f.s.DefaultListableBeanFactory     : Finished creating instance of bean 'springSecurityFilterChain'
2024-05-17T15:11:58.082+02:00 DEBUG 4684 --- [clothlogix] [           main] o.s.b.f.s.DefaultListableBeanFactory     : Creating shared instance of singleton bean 'webSecurityExpressionHandler'
2024-05-17T15:11:58.082+02:00 TRACE 4684 --- [clothlogix] [           main] o.s.b.f.s.DefaultListableBeanFactory     : Creating instance of bean 'webSecurityExpressionHandler'
2024-05-17T15:11:58.082+02:00 TRACE 4684 --- [clothlogix] [           main] a.AnnotationAwareAspectJAutoProxyCreator : Did not attempt to auto-proxy infrastructure class [org.springframework.security.access.expression.SecurityExpressionHandler]
2024-05-17T15:11:58.082+02:00 TRACE 4684 --- [clothlogix] [           main] o.s.b.f.s.DefaultListableBeanFactory     : Returning cached instance of singleton bean 'org.springframework.security.config.annotation.web.configuration.WebSecurityConfiguration'
2024-05-17T15:11:58.082+02:00 TRACE 4684 --- [clothlogix] [           main] o.s.b.f.s.DefaultListableBeanFactory     : Finished creating instance of bean 'webSecurityExpressionHandler'
2024-05-17T15:11:58.082+02:00 TRACE 4684 --- [clothlogix] [           main] o.s.b.f.s.DefaultListableBeanFactory     : Returning cached instance of singleton bean 'springSecurityFilterChain'
2024-05-17T15:11:58.082+02:00 DEBUG 4684 --- [clothlogix] [           main] o.s.b.f.s.DefaultListableBeanFactory     : Creating shared instance of singleton bean 'privilegeEvaluator'
2024-05-17T15:11:58.082+02:00 TRACE 4684 --- [clothlogix] [           main] o.s.b.f.s.DefaultListableBeanFactory     : Creating instance of bean 'privilegeEvaluator'
2024-05-17T15:11:58.082+02:00 TRACE 4684 --- [clothlogix] [           main] o.s.b.f.s.DefaultListableBeanFactory     : Returning cached instance of singleton bean 'org.springframework.transaction.config.internalTransactionAdvisor'
2024-05-17T15:11:58.082+02:00 TRACE 4684 --- [clothlogix] [           main] o.s.b.f.s.DefaultListableBeanFactory     : Returning cached instance of singleton bean 'org.springframework.security.config.annotation.web.configuration.WebSecurityConfiguration'
2024-05-17T15:11:58.082+02:00 TRACE 4684 --- [clothlogix] [           main] o.s.b.f.s.DefaultListableBeanFactory     : Returning cached instance of singleton bean 'org.springframework.transaction.config.internalTransactionAdvisor'
2024-05-17T15:11:58.082+02:00 TRACE 4684 --- [clothlogix] [           main] o.s.b.f.s.DefaultListableBeanFactory     : Returning cached instance of singleton bean 'org.springframework.transaction.config.internalTransactionAdvisor'
2024-05-17T15:11:58.082+02:00 TRACE 4684 --- [clothlogix] [           main] o.s.b.f.s.DefaultListableBeanFactory     : Finished creating instance of bean 'privilegeEvaluator'
2024-05-17T15:11:58.082+02:00 TRACE 4684 --- [clothlogix] [           main] o.s.b.f.s.DefaultListableBeanFactory     : Returning cached instance of singleton bean 'conversionServicePostProcessor'
2024-05-17T15:11:58.082+02:00 TRACE 4684 --- [clothlogix] [           main] o.s.b.f.s.DefaultListableBeanFactory     : Returning cached instance of singleton bean 'org.springframework.security.config.annotation.web.configuration.WebMvcSecurityConfiguration'
2024-05-17T15:11:58.082+02:00 DEBUG 4684 --- [clothlogix] [           main] o.s.b.f.s.DefaultListableBeanFactory     : Creating shared instance of singleton bean 'requestDataValueProcessor'
2024-05-17T15:11:58.082+02:00 TRACE 4684 --- [clothlogix] [           main] o.s.b.f.s.DefaultListableBeanFactory     : Creating instance of bean 'requestDataValueProcessor'
2024-05-17T15:11:58.082+02:00 TRACE 4684 --- [clothlogix] [           main] o.s.b.f.s.DefaultListableBeanFactory     : Returning cached instance of singleton bean 'org.springframework.transaction.config.internalTransactionAdvisor'
2024-05-17T15:11:58.082+02:00 TRACE 4684 --- [clothlogix] [           main] o.s.b.f.s.DefaultListableBeanFactory     : Returning cached instance of singleton bean 'org.springframework.security.config.annotation.web.configuration.WebMvcSecurityConfiguration'
2024-05-17T15:11:58.082+02:00 TRACE 4684 --- [clothlogix] [           main] o.s.b.f.s.DefaultListableBeanFactory     : Returning cached instance of singleton bean 'org.springframework.transaction.config.internalTransactionAdvisor'
2024-05-17T15:11:58.082+02:00 TRACE 4684 --- [clothlogix] [           main] o.s.b.f.s.DefaultListableBeanFactory     : Returning cached instance of singleton bean 'org.springframework.transaction.config.internalTransactionAdvisor'
2024-05-17T15:11:58.082+02:00 TRACE 4684 --- [clothlogix] [           main] o.s.b.f.s.DefaultListableBeanFactory     : Finished creating instance of bean 'requestDataValueProcessor'
2024-05-17T15:11:58.082+02:00 TRACE 4684 --- [clothlogix] [           main] o.s.b.f.s.DefaultListableBeanFactory     : Returning cached instance of singleton bean 'springSecurityHandlerMappingIntrospectorBeanDefinitionRegistryPostProcessor'
2024-05-17T15:11:58.082+02:00 TRACE 4684 --- [clothlogix] [           main] o.s.b.f.s.DefaultListableBeanFactory     : Returning cached instance of singleton bean 'org.springframework.security.config.annotation.web.configuration.HttpSecurityConfiguration'
2024-05-17T15:11:58.082+02:00 TRACE 4684 --- [clothlogix] [           main] o.s.b.f.s.DefaultListableBeanFactory     : Returning cached instance of singleton bean 'org.springframework.boot.autoconfigure.security.servlet.SpringBootWebSecurityConfiguration$WebSecurityEnablerConfiguration'
2024-05-17T15:11:58.082+02:00 TRACE 4684 --- [clothlogix] [           main] o.s.b.f.s.DefaultListableBeanFactory     : Returning cached instance of singleton bean 'org.springframework.boot.autoconfigure.security.servlet.SpringBootWebSecurityConfiguration$SecurityFilterChainConfiguration'
2024-05-17T15:11:58.082+02:00 TRACE 4684 --- [clothlogix] [           main] o.s.b.f.s.DefaultListableBeanFactory     : Returning cached instance of singleton bean 'defaultSecurityFilterChain'
2024-05-17T15:11:58.082+02:00 DEBUG 4684 --- [clothlogix] [           main] o.s.b.f.s.DefaultListableBeanFactory     : Creating shared instance of singleton bean 'org.springframework.boot.autoconfigure.security.servlet.SpringBootWebSecurityConfiguration'
2024-05-17T15:11:58.082+02:00 TRACE 4684 --- [clothlogix] [           main] o.s.b.f.s.DefaultListableBeanFactory     : Creating instance of bean 'org.springframework.boot.autoconfigure.security.servlet.SpringBootWebSecurityConfiguration'
2024-05-17T15:11:58.082+02:00 TRACE 4684 --- [clothlogix] [           main] o.s.b.f.s.DefaultListableBeanFactory     : Returning cached instance of singleton bean 'org.springframework.transaction.config.internalTransactionAdvisor'
2024-05-17T15:11:58.082+02:00 TRACE 4684 --- [clothlogix] [           main] o.s.b.f.s.DefaultListableBeanFactory     : Returning cached instance of singleton bean 'org.springframework.transaction.config.internalTransactionAdvisor'
2024-05-17T15:11:58.082+02:00 TRACE 4684 --- [clothlogix] [           main] o.s.b.f.s.DefaultListableBeanFactory     : Returning cached instance of singleton bean 'org.springframework.transaction.config.internalTransactionAdvisor'
2024-05-17T15:11:58.082+02:00 TRACE 4684 --- [clothlogix] [           main] o.s.b.f.s.DefaultListableBeanFactory     : Finished creating instance of bean 'org.springframework.boot.autoconfigure.security.servlet.SpringBootWebSecurityConfiguration'
2024-05-17T15:11:58.082+02:00 TRACE 4684 --- [clothlogix] [           main] o.s.b.f.s.DefaultListableBeanFactory     : Returning cached instance of singleton bean 'org.springframework.boot.autoconfigure.security.servlet.SecurityAutoConfiguration'
2024-05-17T15:11:58.082+02:00 TRACE 4684 --- [clothlogix] [           main] o.s.b.f.s.DefaultListableBeanFactory     : Returning cached instance of singleton bean 'authenticationEventPublisher'
2024-05-17T15:11:58.082+02:00 TRACE 4684 --- [clothlogix] [           main] o.s.b.f.s.DefaultListableBeanFactory     : Returning cached instance of singleton bean 'spring.security-org.springframework.boot.autoconfigure.security.SecurityProperties'
2024-05-17T15:11:58.082+02:00 DEBUG 4684 --- [clothlogix] [           main] o.s.b.f.s.DefaultListableBeanFactory     : Creating shared instance of singleton bean 'org.springframework.boot.autoconfigure.security.servlet.SecurityFilterAutoConfiguration'
2024-05-17T15:11:58.082+02:00 TRACE 4684 --- [clothlogix] [           main] o.s.b.f.s.DefaultListableBeanFactory     : Creating instance of bean 'org.springframework.boot.autoconfigure.security.servlet.SecurityFilterAutoConfiguration'
2024-05-17T15:11:58.082+02:00 TRACE 4684 --- [clothlogix] [           main] o.s.b.f.s.DefaultListableBeanFactory     : Returning cached instance of singleton bean 'org.springframework.transaction.config.internalTransactionAdvisor'
2024-05-17T15:11:58.082+02:00 TRACE 4684 --- [clothlogix] [           main] o.s.b.f.s.DefaultListableBeanFactory     : Returning cached instance of singleton bean 'org.springframework.transaction.config.internalTransactionAdvisor'
2024-05-17T15:11:58.082+02:00 TRACE 4684 --- [clothlogix] [           main] o.s.b.f.s.DefaultListableBeanFactory     : Returning cached instance of singleton bean 'org.springframework.transaction.config.internalTransactionAdvisor'
2024-05-17T15:11:58.082+02:00 TRACE 4684 --- [clothlogix] [           main] o.s.b.f.s.DefaultListableBeanFactory     : Finished creating instance of bean 'org.springframework.boot.autoconfigure.security.servlet.SecurityFilterAutoConfiguration'
2024-05-17T15:11:58.082+02:00 DEBUG 4684 --- [clothlogix] [           main] o.s.b.f.s.DefaultListableBeanFactory     : Creating shared instance of singleton bean 'securityFilterChainRegistration'
2024-05-17T15:11:58.082+02:00 TRACE 4684 --- [clothlogix] [           main] o.s.b.f.s.DefaultListableBeanFactory     : Creating instance of bean 'securityFilterChainRegistration'
2024-05-17T15:11:58.082+02:00 TRACE 4684 --- [clothlogix] [           main] o.s.b.f.s.DefaultListableBeanFactory     : Returning cached instance of singleton bean 'org.springframework.transaction.config.internalTransactionAdvisor'
2024-05-17T15:11:58.082+02:00 TRACE 4684 --- [clothlogix] [           main] o.s.b.f.s.DefaultListableBeanFactory     : Returning cached instance of singleton bean 'org.springframework.boot.autoconfigure.security.servlet.SecurityFilterAutoConfiguration'
2024-05-17T15:11:58.082+02:00 TRACE 4684 --- [clothlogix] [           main] o.s.b.f.s.DefaultListableBeanFactory     : Returning cached instance of singleton bean 'spring.security-org.springframework.boot.autoconfigure.security.SecurityProperties'
2024-05-17T15:11:58.082+02:00 DEBUG 4684 --- [clothlogix] [           main] o.s.b.f.s.DefaultListableBeanFactory     : Autowiring by type from bean name 'securityFilterChainRegistration' via factory method to bean named 'spring.security-org.springframework.boot.autoconfigure.security.SecurityProperties'
2024-05-17T15:11:58.097+02:00 TRACE 4684 --- [clothlogix] [           main] o.s.b.f.s.DefaultListableBeanFactory     : Returning cached instance of singleton bean 'org.springframework.transaction.config.internalTransactionAdvisor'
2024-05-17T15:11:58.097+02:00 TRACE 4684 --- [clothlogix] [           main] o.s.b.f.s.DefaultListableBeanFactory     : Returning cached instance of singleton bean 'org.springframework.transaction.config.internalTransactionAdvisor'
2024-05-17T15:11:58.097+02:00 TRACE 4684 --- [clothlogix] [           main] o.s.b.f.s.DefaultListableBeanFactory     : Finished creating instance of bean 'securityFilterChainRegistration'
2024-05-17T15:11:58.097+02:00 TRACE 4684 --- [clothlogix] [           main] o.s.b.f.s.DefaultListableBeanFactory     : Returning cached instance of singleton bean 'org.springframework.boot.autoconfigure.security.servlet.UserDetailsServiceAutoConfiguration'
2024-05-17T15:11:58.097+02:00 TRACE 4684 --- [clothlogix] [           main] o.s.b.f.s.DefaultListableBeanFactory     : Returning cached instance of singleton bean 'inMemoryUserDetailsManager'
2024-05-17T15:11:58.097+02:00 TRACE 4684 --- [clothlogix] [           main] o.s.b.f.s.DefaultListableBeanFactory     : Returning cached instance of singleton bean 'org.springframework.boot.autoconfigure.sql.init.DataSourceInitializationConfiguration'
2024-05-17T15:11:58.097+02:00 TRACE 4684 --- [clothlogix] [           main] o.s.b.f.s.DefaultListableBeanFactory     : Returning cached instance of singleton bean 'dataSourceScriptDatabaseInitializer'
2024-05-17T15:11:58.097+02:00 DEBUG 4684 --- [clothlogix] [           main] o.s.b.f.s.DefaultListableBeanFactory     : Creating shared instance of singleton bean 'org.springframework.boot.autoconfigure.sql.init.SqlInitializationAutoConfiguration'
2024-05-17T15:11:58.097+02:00 TRACE 4684 --- [clothlogix] [           main] o.s.b.f.s.DefaultListableBeanFactory     : Creating instance of bean 'org.springframework.boot.autoconfigure.sql.init.SqlInitializationAutoConfiguration'
2024-05-17T15:11:58.097+02:00 TRACE 4684 --- [clothlogix] [           main] o.s.b.f.s.DefaultListableBeanFactory     : Returning cached instance of singleton bean 'org.springframework.transaction.config.internalTransactionAdvisor'
2024-05-17T15:11:58.097+02:00 TRACE 4684 --- [clothlogix] [           main] o.s.b.f.s.DefaultListableBeanFactory     : Returning cached instance of singleton bean 'org.springframework.transaction.config.internalTransactionAdvisor'
2024-05-17T15:11:58.097+02:00 TRACE 4684 --- [clothlogix] [           main] o.s.b.f.s.DefaultListableBeanFactory     : Returning cached instance of singleton bean 'org.springframework.transaction.config.internalTransactionAdvisor'
2024-05-17T15:11:58.097+02:00 TRACE 4684 --- [clothlogix] [           main] o.s.b.f.s.DefaultListableBeanFactory     : Finished creating instance of bean 'org.springframework.boot.autoconfigure.sql.init.SqlInitializationAutoConfiguration'
2024-05-17T15:11:58.097+02:00 TRACE 4684 --- [clothlogix] [           main] o.s.b.f.s.DefaultListableBeanFactory     : Returning cached instance of singleton bean 'spring.sql.init-org.springframework.boot.autoconfigure.sql.init.SqlInitializationProperties'
2024-05-17T15:11:58.097+02:00 DEBUG 4684 --- [clothlogix] [           main] o.s.b.f.s.DefaultListableBeanFactory     : Creating shared instance of singleton bean 'org.springframework.boot.autoconfigure.task.TaskSchedulingConfigurations$ThreadPoolTaskSchedulerBuilderConfiguration'
2024-05-17T15:11:58.097+02:00 TRACE 4684 --- [clothlogix] [           main] o.s.b.f.s.DefaultListableBeanFactory     : Creating instance of bean 'org.springframework.boot.autoconfigure.task.TaskSchedulingConfigurations$ThreadPoolTaskSchedulerBuilderConfiguration'
2024-05-17T15:11:58.097+02:00 TRACE 4684 --- [clothlogix] [           main] o.s.b.f.s.DefaultListableBeanFactory     : Returning cached instance of singleton bean 'org.springframework.transaction.config.internalTransactionAdvisor'
2024-05-17T15:11:58.097+02:00 TRACE 4684 --- [clothlogix] [           main] o.s.b.f.s.DefaultListableBeanFactory     : Returning cached instance of singleton bean 'org.springframework.transaction.config.internalTransactionAdvisor'
2024-05-17T15:11:58.097+02:00 TRACE 4684 --- [clothlogix] [           main] o.s.b.f.s.DefaultListableBeanFactory     : Returning cached instance of singleton bean 'org.springframework.transaction.config.internalTransactionAdvisor'
2024-05-17T15:11:58.097+02:00 TRACE 4684 --- [clothlogix] [           main] o.s.b.f.s.DefaultListableBeanFactory     : Finished creating instance of bean 'org.springframework.boot.autoconfigure.task.TaskSchedulingConfigurations$ThreadPoolTaskSchedulerBuilderConfiguration'
2024-05-17T15:11:58.097+02:00 DEBUG 4684 --- [clothlogix] [           main] o.s.b.f.s.DefaultListableBeanFactory     : Creating shared instance of singleton bean 'threadPoolTaskSchedulerBuilder'
2024-05-17T15:11:58.097+02:00 TRACE 4684 --- [clothlogix] [           main] o.s.b.f.s.DefaultListableBeanFactory     : Creating instance of bean 'threadPoolTaskSchedulerBuilder'
2024-05-17T15:11:58.097+02:00 TRACE 4684 --- [clothlogix] [           main] o.s.b.f.s.DefaultListableBeanFactory     : Returning cached instance of singleton bean 'org.springframework.transaction.config.internalTransactionAdvisor'
2024-05-17T15:11:58.097+02:00 TRACE 4684 --- [clothlogix] [           main] o.s.b.f.s.DefaultListableBeanFactory     : Returning cached instance of singleton bean 'org.springframework.boot.autoconfigure.task.TaskSchedulingConfigurations$ThreadPoolTaskSchedulerBuilderConfiguration'
2024-05-17T15:11:58.097+02:00 DEBUG 4684 --- [clothlogix] [           main] o.s.b.f.s.DefaultListableBeanFactory     : Creating shared instance of singleton bean 'spring.task.scheduling-org.springframework.boot.autoconfigure.task.TaskSchedulingProperties'
2024-05-17T15:11:58.097+02:00 TRACE 4684 --- [clothlogix] [           main] o.s.b.f.s.DefaultListableBeanFactory     : Creating instance of bean 'spring.task.scheduling-org.springframework.boot.autoconfigure.task.TaskSchedulingProperties'
2024-05-17T15:11:58.097+02:00 TRACE 4684 --- [clothlogix] [           main] o.s.b.f.s.DefaultListableBeanFactory     : Returning cached instance of singleton bean 'org.springframework.transaction.config.internalTransactionAdvisor'
2024-05-17T15:11:58.102+02:00 TRACE 4684 --- [clothlogix] [           main] o.s.b.f.s.DefaultListableBeanFactory     : Returning cached instance of singleton bean 'org.springframework.boot.context.properties.BoundConfigurationProperties'
2024-05-17T15:11:58.102+02:00 TRACE 4684 --- [clothlogix] [           main] o.s.b.f.s.DefaultListableBeanFactory     : Returning cached instance of singleton bean 'org.springframework.transaction.config.internalTransactionAdvisor'
2024-05-17T15:11:58.102+02:00 TRACE 4684 --- [clothlogix] [           main] o.s.b.f.s.DefaultListableBeanFactory     : Returning cached instance of singleton bean 'org.springframework.transaction.config.internalTransactionAdvisor'
2024-05-17T15:11:58.102+02:00 TRACE 4684 --- [clothlogix] [           main] o.s.b.f.s.DefaultListableBeanFactory     : Finished creating instance of bean 'spring.task.scheduling-org.springframework.boot.autoconfigure.task.TaskSchedulingProperties'
2024-05-17T15:11:58.102+02:00 DEBUG 4684 --- [clothlogix] [           main] o.s.b.f.s.DefaultListableBeanFactory     : Autowiring by type from bean name 'threadPoolTaskSchedulerBuilder' via factory method to bean named 'spring.task.scheduling-org.springframework.boot.autoconfigure.task.TaskSchedulingProperties'
2024-05-17T15:11:58.108+02:00 TRACE 4684 --- [clothlogix] [           main] o.s.b.f.s.DefaultListableBeanFactory     : Returning cached instance of singleton bean 'org.springframework.transaction.config.internalTransactionAdvisor'
2024-05-17T15:11:58.108+02:00 TRACE 4684 --- [clothlogix] [           main] o.s.b.f.s.DefaultListableBeanFactory     : Returning cached instance of singleton bean 'org.springframework.transaction.config.internalTransactionAdvisor'
2024-05-17T15:11:58.112+02:00 TRACE 4684 --- [clothlogix] [           main] o.s.b.f.s.DefaultListableBeanFactory     : Finished creating instance of bean 'threadPoolTaskSchedulerBuilder'
2024-05-17T15:11:58.112+02:00 DEBUG 4684 --- [clothlogix] [           main] o.s.b.f.s.DefaultListableBeanFactory     : Creating shared instance of singleton bean 'org.springframework.boot.autoconfigure.task.TaskSchedulingConfigurations$TaskSchedulerBuilderConfiguration'
2024-05-17T15:11:58.112+02:00 TRACE 4684 --- [clothlogix] [           main] o.s.b.f.s.DefaultListableBeanFactory     : Creating instance of bean 'org.springframework.boot.autoconfigure.task.TaskSchedulingConfigurations$TaskSchedulerBuilderConfiguration'
2024-05-17T15:11:58.112+02:00 TRACE 4684 --- [clothlogix] [           main] o.s.b.f.s.DefaultListableBeanFactory     : Returning cached instance of singleton bean 'org.springframework.transaction.config.internalTransactionAdvisor'
2024-05-17T15:11:58.112+02:00 TRACE 4684 --- [clothlogix] [           main] o.s.b.f.s.DefaultListableBeanFactory     : Returning cached instance of singleton bean 'org.springframework.transaction.config.internalTransactionAdvisor'
2024-05-17T15:11:58.112+02:00 TRACE 4684 --- [clothlogix] [           main] o.s.b.f.s.DefaultListableBeanFactory     : Returning cached instance of singleton bean 'org.springframework.transaction.config.internalTransactionAdvisor'
2024-05-17T15:11:58.112+02:00 TRACE 4684 --- [clothlogix] [           main] o.s.b.f.s.DefaultListableBeanFactory     : Finished creating instance of bean 'org.springframework.boot.autoconfigure.task.TaskSchedulingConfigurations$TaskSchedulerBuilderConfiguration'
2024-05-17T15:11:58.112+02:00 DEBUG 4684 --- [clothlogix] [           main] o.s.b.f.s.DefaultListableBeanFactory     : Creating shared instance of singleton bean 'taskSchedulerBuilder'
2024-05-17T15:11:58.112+02:00 TRACE 4684 --- [clothlogix] [           main] o.s.b.f.s.DefaultListableBeanFactory     : Creating instance of bean 'taskSchedulerBuilder'
2024-05-17T15:11:58.112+02:00 TRACE 4684 --- [clothlogix] [           main] o.s.b.f.s.DefaultListableBeanFactory     : Returning cached instance of singleton bean 'org.springframework.transaction.config.internalTransactionAdvisor'
2024-05-17T15:11:58.112+02:00 TRACE 4684 --- [clothlogix] [           main] o.s.b.f.s.DefaultListableBeanFactory     : Returning cached instance of singleton bean 'org.springframework.boot.autoconfigure.task.TaskSchedulingConfigurations$TaskSchedulerBuilderConfiguration'
2024-05-17T15:11:58.112+02:00 TRACE 4684 --- [clothlogix] [           main] o.s.b.f.s.DefaultListableBeanFactory     : Returning cached instance of singleton bean 'spring.task.scheduling-org.springframework.boot.autoconfigure.task.TaskSchedulingProperties'
2024-05-17T15:11:58.112+02:00 DEBUG 4684 --- [clothlogix] [           main] o.s.b.f.s.DefaultListableBeanFactory     : Autowiring by type from bean name 'taskSchedulerBuilder' via factory method to bean named 'spring.task.scheduling-org.springframework.boot.autoconfigure.task.TaskSchedulingProperties'
2024-05-17T15:11:58.112+02:00 TRACE 4684 --- [clothlogix] [           main] o.s.b.f.s.DefaultListableBeanFactory     : Returning cached instance of singleton bean 'org.springframework.transaction.config.internalTransactionAdvisor'
2024-05-17T15:11:58.112+02:00 TRACE 4684 --- [clothlogix] [           main] o.s.b.f.s.DefaultListableBeanFactory     : Returning cached instance of singleton bean 'org.springframework.transaction.config.internalTransactionAdvisor'
2024-05-17T15:11:58.112+02:00 TRACE 4684 --- [clothlogix] [           main] o.s.b.f.s.DefaultListableBeanFactory     : Finished creating instance of bean 'taskSchedulerBuilder'
2024-05-17T15:11:58.112+02:00 DEBUG 4684 --- [clothlogix] [           main] o.s.b.f.s.DefaultListableBeanFactory     : Creating shared instance of singleton bean 'org.springframework.boot.autoconfigure.task.TaskSchedulingConfigurations$SimpleAsyncTaskSchedulerBuilderConfiguration'
2024-05-17T15:11:58.112+02:00 TRACE 4684 --- [clothlogix] [           main] o.s.b.f.s.DefaultListableBeanFactory     : Creating instance of bean 'org.springframework.boot.autoconfigure.task.TaskSchedulingConfigurations$SimpleAsyncTaskSchedulerBuilderConfiguration'
2024-05-17T15:11:58.112+02:00 TRACE 4684 --- [clothlogix] [           main] o.s.b.f.s.DefaultListableBeanFactory     : Returning cached instance of singleton bean 'org.springframework.transaction.config.internalTransactionAdvisor'
2024-05-17T15:11:58.112+02:00 TRACE 4684 --- [clothlogix] [           main] o.s.b.f.s.DefaultListableBeanFactory     : Returning cached instance of singleton bean 'spring.task.scheduling-org.springframework.boot.autoconfigure.task.TaskSchedulingProperties'
2024-05-17T15:11:58.112+02:00 DEBUG 4684 --- [clothlogix] [           main] o.s.b.f.s.DefaultListableBeanFactory     : Autowiring by type from bean name 'org.springframework.boot.autoconfigure.task.TaskSchedulingConfigurations$SimpleAsyncTaskSchedulerBuilderConfiguration' via constructor to bean named 'spring.task.scheduling-org.springframework.boot.autoconfigure.task.TaskSchedulingProperties'
2024-05-17T15:11:58.112+02:00 TRACE 4684 --- [clothlogix] [           main] o.s.b.f.s.DefaultListableBeanFactory     : Returning cached instance of singleton bean 'org.springframework.transaction.config.internalTransactionAdvisor'
2024-05-17T15:11:58.112+02:00 TRACE 4684 --- [clothlogix] [           main] o.s.b.f.s.DefaultListableBeanFactory     : Returning cached instance of singleton bean 'org.springframework.transaction.config.internalTransactionAdvisor'
2024-05-17T15:11:58.112+02:00 TRACE 4684 --- [clothlogix] [           main] o.s.b.f.s.DefaultListableBeanFactory     : Finished creating instance of bean 'org.springframework.boot.autoconfigure.task.TaskSchedulingConfigurations$SimpleAsyncTaskSchedulerBuilderConfiguration'
2024-05-17T15:11:58.112+02:00 DEBUG 4684 --- [clothlogix] [           main] o.s.b.f.s.DefaultListableBeanFactory     : Creating shared instance of singleton bean 'simpleAsyncTaskSchedulerBuilder'
2024-05-17T15:11:58.112+02:00 TRACE 4684 --- [clothlogix] [           main] o.s.b.f.s.DefaultListableBeanFactory     : Creating instance of bean 'simpleAsyncTaskSchedulerBuilder'
2024-05-17T15:11:58.112+02:00 TRACE 4684 --- [clothlogix] [           main] o.s.b.f.s.DefaultListableBeanFactory     : Returning cached instance of singleton bean 'org.springframework.transaction.config.internalTransactionAdvisor'
2024-05-17T15:11:58.112+02:00 TRACE 4684 --- [clothlogix] [           main] o.s.b.f.s.DefaultListableBeanFactory     : Returning cached instance of singleton bean 'org.springframework.boot.autoconfigure.task.TaskSchedulingConfigurations$SimpleAsyncTaskSchedulerBuilderConfiguration'
2024-05-17T15:11:58.112+02:00 TRACE 4684 --- [clothlogix] [           main] o.s.b.f.s.DefaultListableBeanFactory     : Returning cached instance of singleton bean 'org.springframework.transaction.config.internalTransactionAdvisor'
2024-05-17T15:11:58.112+02:00 TRACE 4684 --- [clothlogix] [           main] o.s.b.f.s.DefaultListableBeanFactory     : Returning cached instance of singleton bean 'org.springframework.transaction.config.internalTransactionAdvisor'
2024-05-17T15:11:58.122+02:00 TRACE 4684 --- [clothlogix] [           main] o.s.b.f.s.DefaultListableBeanFactory     : Finished creating instance of bean 'simpleAsyncTaskSchedulerBuilder'
2024-05-17T15:11:58.122+02:00 DEBUG 4684 --- [clothlogix] [           main] o.s.b.f.s.DefaultListableBeanFactory     : Creating shared instance of singleton bean 'org.springframework.boot.autoconfigure.task.TaskSchedulingAutoConfiguration'
2024-05-17T15:11:58.122+02:00 TRACE 4684 --- [clothlogix] [           main] o.s.b.f.s.DefaultListableBeanFactory     : Creating instance of bean 'org.springframework.boot.autoconfigure.task.TaskSchedulingAutoConfiguration'
2024-05-17T15:11:58.122+02:00 TRACE 4684 --- [clothlogix] [           main] o.s.b.f.s.DefaultListableBeanFactory     : Returning cached instance of singleton bean 'org.springframework.transaction.config.internalTransactionAdvisor'
2024-05-17T15:11:58.122+02:00 TRACE 4684 --- [clothlogix] [           main] o.s.b.f.s.DefaultListableBeanFactory     : Returning cached instance of singleton bean 'org.springframework.transaction.config.internalTransactionAdvisor'
2024-05-17T15:11:58.122+02:00 TRACE 4684 --- [clothlogix] [           main] o.s.b.f.s.DefaultListableBeanFactory     : Returning cached instance of singleton bean 'org.springframework.transaction.config.internalTransactionAdvisor'
2024-05-17T15:11:58.122+02:00 TRACE 4684 --- [clothlogix] [           main] o.s.b.f.s.DefaultListableBeanFactory     : Finished creating instance of bean 'org.springframework.boot.autoconfigure.task.TaskSchedulingAutoConfiguration'
2024-05-17T15:11:58.122+02:00 TRACE 4684 --- [clothlogix] [           main] o.s.b.f.s.DefaultListableBeanFactory     : Returning cached instance of singleton bean 'spring.task.scheduling-org.springframework.boot.autoconfigure.task.TaskSchedulingProperties'
2024-05-17T15:11:58.122+02:00 DEBUG 4684 --- [clothlogix] [           main] o.s.b.f.s.DefaultListableBeanFactory     : Creating shared instance of singleton bean 'org.springframework.boot.autoconfigure.jdbc.DataSourceTransactionManagerAutoConfiguration$JdbcTransactionManagerConfiguration'
2024-05-17T15:11:58.122+02:00 TRACE 4684 --- [clothlogix] [           main] o.s.b.f.s.DefaultListableBeanFactory     : Creating instance of bean 'org.springframework.boot.autoconfigure.jdbc.DataSourceTransactionManagerAutoConfiguration$JdbcTransactionManagerConfiguration'
2024-05-17T15:11:58.122+02:00 TRACE 4684 --- [clothlogix] [           main] o.s.b.f.s.DefaultListableBeanFactory     : Returning cached instance of singleton bean 'org.springframework.transaction.config.internalTransactionAdvisor'
2024-05-17T15:11:58.124+02:00 TRACE 4684 --- [clothlogix] [           main] o.s.b.f.s.DefaultListableBeanFactory     : Returning cached instance of singleton bean 'org.springframework.transaction.config.internalTransactionAdvisor'
2024-05-17T15:11:58.124+02:00 TRACE 4684 --- [clothlogix] [           main] o.s.b.f.s.DefaultListableBeanFactory     : Returning cached instance of singleton bean 'org.springframework.transaction.config.internalTransactionAdvisor'
2024-05-17T15:11:58.124+02:00 TRACE 4684 --- [clothlogix] [           main] o.s.b.f.s.DefaultListableBeanFactory     : Finished creating instance of bean 'org.springframework.boot.autoconfigure.jdbc.DataSourceTransactionManagerAutoConfiguration$JdbcTransactionManagerConfiguration'
2024-05-17T15:11:58.124+02:00 DEBUG 4684 --- [clothlogix] [           main] o.s.b.f.s.DefaultListableBeanFactory     : Creating shared instance of singleton bean 'org.springframework.boot.autoconfigure.jdbc.DataSourceTransactionManagerAutoConfiguration'
2024-05-17T15:11:58.124+02:00 TRACE 4684 --- [clothlogix] [           main] o.s.b.f.s.DefaultListableBeanFactory     : Creating instance of bean 'org.springframework.boot.autoconfigure.jdbc.DataSourceTransactionManagerAutoConfiguration'
2024-05-17T15:11:58.124+02:00 TRACE 4684 --- [clothlogix] [           main] o.s.b.f.s.DefaultListableBeanFactory     : Returning cached instance of singleton bean 'org.springframework.transaction.config.internalTransactionAdvisor'
2024-05-17T15:11:58.124+02:00 TRACE 4684 --- [clothlogix] [           main] o.s.b.f.s.DefaultListableBeanFactory     : Returning cached instance of singleton bean 'org.springframework.transaction.config.internalTransactionAdvisor'
2024-05-17T15:11:58.124+02:00 TRACE 4684 --- [clothlogix] [           main] o.s.b.f.s.DefaultListableBeanFactory     : Returning cached instance of singleton bean 'org.springframework.transaction.config.internalTransactionAdvisor'
2024-05-17T15:11:58.124+02:00 TRACE 4684 --- [clothlogix] [           main] o.s.b.f.s.DefaultListableBeanFactory     : Finished creating instance of bean 'org.springframework.boot.autoconfigure.jdbc.DataSourceTransactionManagerAutoConfiguration'
2024-05-17T15:11:58.124+02:00 DEBUG 4684 --- [clothlogix] [           main] o.s.b.f.s.DefaultListableBeanFactory     : Creating shared instance of singleton bean 'org.springframework.boot.autoconfigure.transaction.TransactionAutoConfiguration$TransactionTemplateConfiguration'
2024-05-17T15:11:58.124+02:00 TRACE 4684 --- [clothlogix] [           main] o.s.b.f.s.DefaultListableBeanFactory     : Creating instance of bean 'org.springframework.boot.autoconfigure.transaction.TransactionAutoConfiguration$TransactionTemplateConfiguration'
2024-05-17T15:11:58.124+02:00 TRACE 4684 --- [clothlogix] [           main] o.s.b.f.s.DefaultListableBeanFactory     : Returning cached instance of singleton bean 'org.springframework.transaction.config.internalTransactionAdvisor'
2024-05-17T15:11:58.124+02:00 TRACE 4684 --- [clothlogix] [           main] o.s.b.f.s.DefaultListableBeanFactory     : Returning cached instance of singleton bean 'org.springframework.transaction.config.internalTransactionAdvisor'
2024-05-17T15:11:58.124+02:00 TRACE 4684 --- [clothlogix] [           main] o.s.b.f.s.DefaultListableBeanFactory     : Returning cached instance of singleton bean 'org.springframework.transaction.config.internalTransactionAdvisor'
2024-05-17T15:11:58.124+02:00 TRACE 4684 --- [clothlogix] [           main] o.s.b.f.s.DefaultListableBeanFactory     : Finished creating instance of bean 'org.springframework.boot.autoconfigure.transaction.TransactionAutoConfiguration$TransactionTemplateConfiguration'
2024-05-17T15:11:58.124+02:00 DEBUG 4684 --- [clothlogix] [           main] o.s.b.f.s.DefaultListableBeanFactory     : Creating shared instance of singleton bean 'transactionTemplate'
2024-05-17T15:11:58.124+02:00 TRACE 4684 --- [clothlogix] [           main] o.s.b.f.s.DefaultListableBeanFactory     : Creating instance of bean 'transactionTemplate'
2024-05-17T15:11:58.124+02:00 TRACE 4684 --- [clothlogix] [           main] o.s.b.f.s.DefaultListableBeanFactory     : Returning cached instance of singleton bean 'org.springframework.transaction.config.internalTransactionAdvisor'
2024-05-17T15:11:58.124+02:00 TRACE 4684 --- [clothlogix] [           main] o.s.b.f.s.DefaultListableBeanFactory     : Returning cached instance of singleton bean 'org.springframework.boot.autoconfigure.transaction.TransactionAutoConfiguration$TransactionTemplateConfiguration'
2024-05-17T15:11:58.124+02:00 TRACE 4684 --- [clothlogix] [           main] o.s.b.f.s.DefaultListableBeanFactory     : Returning cached instance of singleton bean 'hibernateTransactionManager'
2024-05-17T15:11:58.124+02:00 DEBUG 4684 --- [clothlogix] [           main] o.s.b.f.s.DefaultListableBeanFactory     : Autowiring by type from bean name 'transactionTemplate' via factory method to bean named 'hibernateTransactionManager'
2024-05-17T15:11:58.130+02:00 TRACE 4684 --- [clothlogix] [           main] o.s.b.f.s.DefaultListableBeanFactory     : Invoking afterPropertiesSet() on bean with name 'transactionTemplate'
2024-05-17T15:11:58.130+02:00 TRACE 4684 --- [clothlogix] [           main] o.s.b.f.s.DefaultListableBeanFactory     : Returning cached instance of singleton bean 'org.springframework.transaction.config.internalTransactionAdvisor'
2024-05-17T15:11:58.130+02:00 TRACE 4684 --- [clothlogix] [           main] o.s.b.f.s.DefaultListableBeanFactory     : Returning cached instance of singleton bean 'org.springframework.transaction.config.internalTransactionAdvisor'
2024-05-17T15:11:58.130+02:00 TRACE 4684 --- [clothlogix] [           main] o.s.b.f.s.DefaultListableBeanFactory     : Finished creating instance of bean 'transactionTemplate'
2024-05-17T15:11:58.130+02:00 DEBUG 4684 --- [clothlogix] [           main] o.s.b.f.s.DefaultListableBeanFactory     : Creating shared instance of singleton bean 'org.springframework.boot.autoconfigure.transaction.TransactionAutoConfiguration'
2024-05-17T15:11:58.130+02:00 TRACE 4684 --- [clothlogix] [           main] o.s.b.f.s.DefaultListableBeanFactory     : Creating instance of bean 'org.springframework.boot.autoconfigure.transaction.TransactionAutoConfiguration'
2024-05-17T15:11:58.130+02:00 TRACE 4684 --- [clothlogix] [           main] o.s.b.f.s.DefaultListableBeanFactory     : Returning cached instance of singleton bean 'org.springframework.transaction.config.internalTransactionAdvisor'
2024-05-17T15:11:58.132+02:00 TRACE 4684 --- [clothlogix] [           main] o.s.b.f.s.DefaultListableBeanFactory     : Returning cached instance of singleton bean 'org.springframework.transaction.config.internalTransactionAdvisor'
2024-05-17T15:11:58.132+02:00 TRACE 4684 --- [clothlogix] [           main] o.s.b.f.s.DefaultListableBeanFactory     : Returning cached instance of singleton bean 'org.springframework.transaction.config.internalTransactionAdvisor'
2024-05-17T15:11:58.132+02:00 TRACE 4684 --- [clothlogix] [           main] o.s.b.f.s.DefaultListableBeanFactory     : Finished creating instance of bean 'org.springframework.boot.autoconfigure.transaction.TransactionAutoConfiguration'
2024-05-17T15:11:58.132+02:00 DEBUG 4684 --- [clothlogix] [           main] o.s.b.f.s.DefaultListableBeanFactory     : Creating shared instance of singleton bean 'org.springframework.boot.autoconfigure.web.client.RestClientAutoConfiguration'
2024-05-17T15:11:58.132+02:00 TRACE 4684 --- [clothlogix] [           main] o.s.b.f.s.DefaultListableBeanFactory     : Creating instance of bean 'org.springframework.boot.autoconfigure.web.client.RestClientAutoConfiguration'
2024-05-17T15:11:58.132+02:00 TRACE 4684 --- [clothlogix] [           main] o.s.b.f.s.DefaultListableBeanFactory     : Returning cached instance of singleton bean 'org.springframework.transaction.config.internalTransactionAdvisor'
2024-05-17T15:11:58.132+02:00 TRACE 4684 --- [clothlogix] [           main] o.s.b.f.s.DefaultListableBeanFactory     : Returning cached instance of singleton bean 'org.springframework.transaction.config.internalTransactionAdvisor'
2024-05-17T15:11:58.132+02:00 TRACE 4684 --- [clothlogix] [           main] o.s.b.f.s.DefaultListableBeanFactory     : Returning cached instance of singleton bean 'org.springframework.transaction.config.internalTransactionAdvisor'
2024-05-17T15:11:58.132+02:00 TRACE 4684 --- [clothlogix] [           main] o.s.b.f.s.DefaultListableBeanFactory     : Finished creating instance of bean 'org.springframework.boot.autoconfigure.web.client.RestClientAutoConfiguration'
2024-05-17T15:11:58.132+02:00 DEBUG 4684 --- [clothlogix] [           main] o.s.b.f.s.DefaultListableBeanFactory     : Creating shared instance of singleton bean 'httpMessageConvertersRestClientCustomizer'
2024-05-17T15:11:58.132+02:00 TRACE 4684 --- [clothlogix] [           main] o.s.b.f.s.DefaultListableBeanFactory     : Creating instance of bean 'httpMessageConvertersRestClientCustomizer'
2024-05-17T15:11:58.132+02:00 TRACE 4684 --- [clothlogix] [           main] o.s.b.f.s.DefaultListableBeanFactory     : Returning cached instance of singleton bean 'org.springframework.transaction.config.internalTransactionAdvisor'
2024-05-17T15:11:58.132+02:00 TRACE 4684 --- [clothlogix] [           main] o.s.b.f.s.DefaultListableBeanFactory     : Returning cached instance of singleton bean 'org.springframework.boot.autoconfigure.web.client.RestClientAutoConfiguration'
2024-05-17T15:11:58.132+02:00 TRACE 4684 --- [clothlogix] [           main] o.s.b.f.s.DefaultListableBeanFactory     : Returning cached instance of singleton bean 'messageConverters'
2024-05-17T15:11:58.132+02:00 TRACE 4684 --- [clothlogix] [           main] o.s.b.f.s.DefaultListableBeanFactory     : Returning cached instance of singleton bean 'org.springframework.transaction.config.internalTransactionAdvisor'
2024-05-17T15:11:58.132+02:00 TRACE 4684 --- [clothlogix] [           main] o.s.b.f.s.DefaultListableBeanFactory     : Returning cached instance of singleton bean 'org.springframework.transaction.config.internalTransactionAdvisor'
2024-05-17T15:11:58.132+02:00 TRACE 4684 --- [clothlogix] [           main] o.s.b.f.s.DefaultListableBeanFactory     : Finished creating instance of bean 'httpMessageConvertersRestClientCustomizer'
2024-05-17T15:11:58.132+02:00 DEBUG 4684 --- [clothlogix] [           main] o.s.b.f.s.DefaultListableBeanFactory     : Creating shared instance of singleton bean 'restClientSsl'
2024-05-17T15:11:58.132+02:00 TRACE 4684 --- [clothlogix] [           main] o.s.b.f.s.DefaultListableBeanFactory     : Creating instance of bean 'restClientSsl'
2024-05-17T15:11:58.132+02:00 TRACE 4684 --- [clothlogix] [           main] o.s.b.f.s.DefaultListableBeanFactory     : Returning cached instance of singleton bean 'org.springframework.transaction.config.internalTransactionAdvisor'
2024-05-17T15:11:58.132+02:00 TRACE 4684 --- [clothlogix] [           main] o.s.b.f.s.DefaultListableBeanFactory     : Returning cached instance of singleton bean 'org.springframework.boot.autoconfigure.web.client.RestClientAutoConfiguration'
2024-05-17T15:11:58.132+02:00 TRACE 4684 --- [clothlogix] [           main] o.s.b.f.s.DefaultListableBeanFactory     : Returning cached instance of singleton bean 'sslBundleRegistry'
2024-05-17T15:11:58.132+02:00 DEBUG 4684 --- [clothlogix] [           main] o.s.b.f.s.DefaultListableBeanFactory     : Autowiring by type from bean name 'restClientSsl' via factory method to bean named 'sslBundleRegistry'
2024-05-17T15:11:58.132+02:00 TRACE 4684 --- [clothlogix] [           main] o.s.b.f.s.DefaultListableBeanFactory     : Returning cached instance of singleton bean 'org.springframework.transaction.config.internalTransactionAdvisor'
2024-05-17T15:11:58.132+02:00 TRACE 4684 --- [clothlogix] [           main] o.s.b.f.s.DefaultListableBeanFactory     : Returning cached instance of singleton bean 'org.springframework.transaction.config.internalTransactionAdvisor'
2024-05-17T15:11:58.132+02:00 TRACE 4684 --- [clothlogix] [           main] o.s.b.f.s.DefaultListableBeanFactory     : Finished creating instance of bean 'restClientSsl'
2024-05-17T15:11:58.132+02:00 DEBUG 4684 --- [clothlogix] [           main] o.s.b.f.s.DefaultListableBeanFactory     : Creating shared instance of singleton bean 'restClientBuilderConfigurer'
2024-05-17T15:11:58.132+02:00 TRACE 4684 --- [clothlogix] [           main] o.s.b.f.s.DefaultListableBeanFactory     : Creating instance of bean 'restClientBuilderConfigurer'
2024-05-17T15:11:58.132+02:00 TRACE 4684 --- [clothlogix] [           main] o.s.b.f.s.DefaultListableBeanFactory     : Returning cached instance of singleton bean 'org.springframework.transaction.config.internalTransactionAdvisor'
2024-05-17T15:11:58.132+02:00 TRACE 4684 --- [clothlogix] [           main] o.s.b.f.s.DefaultListableBeanFactory     : Returning cached instance of singleton bean 'org.springframework.boot.autoconfigure.web.client.RestClientAutoConfiguration'
2024-05-17T15:11:58.132+02:00 TRACE 4684 --- [clothlogix] [           main] o.s.b.f.s.DefaultListableBeanFactory     : Returning cached instance of singleton bean 'httpMessageConvertersRestClientCustomizer'
2024-05-17T15:11:58.132+02:00 TRACE 4684 --- [clothlogix] [           main] o.s.b.f.s.DefaultListableBeanFactory     : Returning cached instance of singleton bean 'httpMessageConvertersRestClientCustomizer'
2024-05-17T15:11:58.132+02:00 TRACE 4684 --- [clothlogix] [           main] o.s.b.f.s.DefaultListableBeanFactory     : Returning cached instance of singleton bean 'org.springframework.transaction.config.internalTransactionAdvisor'
2024-05-17T15:11:58.132+02:00 TRACE 4684 --- [clothlogix] [           main] o.s.b.f.s.DefaultListableBeanFactory     : Returning cached instance of singleton bean 'org.springframework.transaction.config.internalTransactionAdvisor'
2024-05-17T15:11:58.132+02:00 TRACE 4684 --- [clothlogix] [           main] o.s.b.f.s.DefaultListableBeanFactory     : Finished creating instance of bean 'restClientBuilderConfigurer'
2024-05-17T15:11:58.132+02:00 DEBUG 4684 --- [clothlogix] [           main] o.s.b.f.s.DefaultListableBeanFactory     : Creating shared instance of singleton bean 'org.springframework.boot.autoconfigure.web.client.RestTemplateAutoConfiguration'
2024-05-17T15:11:58.132+02:00 TRACE 4684 --- [clothlogix] [           main] o.s.b.f.s.DefaultListableBeanFactory     : Creating instance of bean 'org.springframework.boot.autoconfigure.web.client.RestTemplateAutoConfiguration'
2024-05-17T15:11:58.132+02:00 TRACE 4684 --- [clothlogix] [           main] o.s.b.f.s.DefaultListableBeanFactory     : Returning cached instance of singleton bean 'org.springframework.transaction.config.internalTransactionAdvisor'
2024-05-17T15:11:58.132+02:00 TRACE 4684 --- [clothlogix] [           main] o.s.b.f.s.DefaultListableBeanFactory     : Returning cached instance of singleton bean 'org.springframework.transaction.config.internalTransactionAdvisor'
2024-05-17T15:11:58.132+02:00 TRACE 4684 --- [clothlogix] [           main] o.s.b.f.s.DefaultListableBeanFactory     : Returning cached instance of singleton bean 'org.springframework.transaction.config.internalTransactionAdvisor'
2024-05-17T15:11:58.132+02:00 TRACE 4684 --- [clothlogix] [           main] o.s.b.f.s.DefaultListableBeanFactory     : Finished creating instance of bean 'org.springframework.boot.autoconfigure.web.client.RestTemplateAutoConfiguration'
2024-05-17T15:11:58.132+02:00 TRACE 4684 --- [clothlogix] [           main] o.s.b.f.s.DefaultListableBeanFactory     : Returning cached instance of singleton bean 'org.springframework.boot.autoconfigure.web.servlet.HttpEncodingAutoConfiguration'
2024-05-17T15:11:58.132+02:00 DEBUG 4684 --- [clothlogix] [           main] o.s.b.f.s.DefaultListableBeanFactory     : Creating shared instance of singleton bean 'characterEncodingFilter'
2024-05-17T15:11:58.132+02:00 TRACE 4684 --- [clothlogix] [           main] o.s.b.f.s.DefaultListableBeanFactory     : Creating instance of bean 'characterEncodingFilter'
2024-05-17T15:11:58.132+02:00 TRACE 4684 --- [clothlogix] [           main] o.s.b.f.s.DefaultListableBeanFactory     : Returning cached instance of singleton bean 'org.springframework.transaction.config.internalTransactionAdvisor'
2024-05-17T15:11:58.132+02:00 TRACE 4684 --- [clothlogix] [           main] o.s.b.f.s.DefaultListableBeanFactory     : Returning cached instance of singleton bean 'org.springframework.boot.autoconfigure.web.servlet.HttpEncodingAutoConfiguration'
2024-05-17T15:11:58.142+02:00 TRACE 4684 --- [clothlogix] [           main] o.s.b.f.s.DefaultListableBeanFactory     : Invoking afterPropertiesSet() on bean with name 'characterEncodingFilter'
2024-05-17T15:11:58.142+02:00 TRACE 4684 --- [clothlogix] [           main] o.s.b.f.s.DefaultListableBeanFactory     : Returning cached instance of singleton bean 'org.springframework.transaction.config.internalTransactionAdvisor'
2024-05-17T15:11:58.142+02:00 TRACE 4684 --- [clothlogix] [           main] o.s.b.f.s.DefaultListableBeanFactory     : Returning cached instance of singleton bean 'org.springframework.transaction.config.internalTransactionAdvisor'
2024-05-17T15:11:58.142+02:00 TRACE 4684 --- [clothlogix] [           main] o.s.b.f.s.DefaultListableBeanFactory     : Finished creating instance of bean 'characterEncodingFilter'
2024-05-17T15:11:58.142+02:00 TRACE 4684 --- [clothlogix] [           main] o.s.b.f.s.DefaultListableBeanFactory     : Returning cached instance of singleton bean 'localeCharsetMappingsCustomizer'
2024-05-17T15:11:58.142+02:00 TRACE 4684 --- [clothlogix] [           main] o.s.b.f.s.DefaultListableBeanFactory     : Returning cached instance of singleton bean 'org.springframework.boot.autoconfigure.web.servlet.MultipartAutoConfiguration'
2024-05-17T15:11:58.142+02:00 TRACE 4684 --- [clothlogix] [           main] o.s.b.f.s.DefaultListableBeanFactory     : Returning cached instance of singleton bean 'multipartConfigElement'
2024-05-17T15:11:58.142+02:00 DEBUG 4684 --- [clothlogix] [           main] o.s.b.f.s.DefaultListableBeanFactory     : Creating shared instance of singleton bean 'multipartResolver'
2024-05-17T15:11:58.142+02:00 TRACE 4684 --- [clothlogix] [           main] o.s.b.f.s.DefaultListableBeanFactory     : Creating instance of bean 'multipartResolver'
2024-05-17T15:11:58.142+02:00 TRACE 4684 --- [clothlogix] [           main] o.s.b.f.s.DefaultListableBeanFactory     : Returning cached instance of singleton bean 'org.springframework.transaction.config.internalTransactionAdvisor'
2024-05-17T15:11:58.142+02:00 TRACE 4684 --- [clothlogix] [           main] o.s.b.f.s.DefaultListableBeanFactory     : Returning cached instance of singleton bean 'org.springframework.boot.autoconfigure.web.servlet.MultipartAutoConfiguration'
2024-05-17T15:11:58.142+02:00 TRACE 4684 --- [clothlogix] [           main] o.s.b.f.s.DefaultListableBeanFactory     : Returning cached instance of singleton bean 'org.springframework.transaction.config.internalTransactionAdvisor'
2024-05-17T15:11:58.142+02:00 TRACE 4684 --- [clothlogix] [           main] o.s.b.f.s.DefaultListableBeanFactory     : Returning cached instance of singleton bean 'org.springframework.transaction.config.internalTransactionAdvisor'
2024-05-17T15:11:58.142+02:00 TRACE 4684 --- [clothlogix] [           main] o.s.b.f.s.DefaultListableBeanFactory     : Finished creating instance of bean 'multipartResolver'
2024-05-17T15:11:58.142+02:00 TRACE 4684 --- [clothlogix] [           main] o.s.b.f.s.DefaultListableBeanFactory     : Returning cached instance of singleton bean 'spring.servlet.multipart-org.springframework.boot.autoconfigure.web.servlet.MultipartProperties'
2024-05-17T15:11:58.142+02:00 TRACE 4684 --- [clothlogix] [           main] o.s.b.f.s.DefaultListableBeanFactory     : Returning cached instance of singleton bean 'mvcHandlerMappingIntrospectorRequestTransformer'
2024-05-17T15:11:58.142+02:00 TRACE 4684 --- [clothlogix] [           main] o.s.b.f.s.DefaultListableBeanFactory     : Returning cached instance of singleton bean 'springSecurityFilterChain'
2024-05-17T15:11:58.142+02:00 TRACE 4684 --- [clothlogix] [           main] o.s.c.e.EventListenerMethodProcessor     : No @EventListener annotations found on bean class: com.fabless.clothlogix.ClothlogixApplication$$SpringCGLIB$$0
2024-05-17T15:11:58.142+02:00 TRACE 4684 --- [clothlogix] [           main] o.s.c.e.EventListenerMethodProcessor     : No @EventListener annotations found on bean class: com.fabless.clothlogix.configuration.HibernateConf$$SpringCGLIB$$0
2024-05-17T15:11:58.142+02:00 TRACE 4684 --- [clothlogix] [           main] o.s.c.e.EventListenerMethodProcessor     : No @EventListener annotations found on bean class: com.fabless.clothlogix.controller.ColoreController
2024-05-17T15:11:58.142+02:00 TRACE 4684 --- [clothlogix] [           main] o.s.c.e.EventListenerMethodProcessor     : No @EventListener annotations found on bean class: com.fabless.clothlogix.DAO.impl.ColoreDAOImpl
2024-05-17T15:11:58.142+02:00 TRACE 4684 --- [clothlogix] [           main] o.s.c.e.EventListenerMethodProcessor     : No @EventListener annotations found on bean class: com.fabless.clothlogix.DAO.impl.LoginDAOImpl
2024-05-17T15:11:58.142+02:00 TRACE 4684 --- [clothlogix] [           main] o.s.c.e.EventListenerMethodProcessor     : No @EventListener annotations found on bean class: com.fabless.clothlogix.DAO.impl.MagazzinoDAOImpl
2024-05-17T15:11:58.142+02:00 TRACE 4684 --- [clothlogix] [           main] o.s.c.e.EventListenerMethodProcessor     : No @EventListener annotations found on bean class: com.fabless.clothlogix.DAO.impl.MaterialeDAOImpl
2024-05-17T15:11:58.142+02:00 TRACE 4684 --- [clothlogix] [           main] o.s.c.e.EventListenerMethodProcessor     : No @EventListener annotations found on bean class: com.fabless.clothlogix.DAO.impl.ProdottoDAOImpl
2024-05-17T15:11:58.142+02:00 TRACE 4684 --- [clothlogix] [           main] o.s.c.e.EventListenerMethodProcessor     : No @EventListener annotations found on bean class: com.fabless.clothlogix.DAO.impl.ProfiloDAOImpl
2024-05-17T15:11:58.142+02:00 TRACE 4684 --- [clothlogix] [           main] o.s.c.e.EventListenerMethodProcessor     : No @EventListener annotations found on bean class: com.fabless.clothlogix.DAO.impl.SezioneDAOImpl
2024-05-17T15:11:58.142+02:00 TRACE 4684 --- [clothlogix] [           main] o.s.c.e.EventListenerMethodProcessor     : No @EventListener annotations found on bean class: com.fabless.clothlogix.DAO.impl.TagliaDAOImpl
2024-05-17T15:11:58.142+02:00 TRACE 4684 --- [clothlogix] [           main] o.s.c.e.EventListenerMethodProcessor     : No @EventListener annotations found on bean class: com.fabless.clothlogix.DAO.impl.TipoDAOImpl
2024-05-17T15:11:58.142+02:00 TRACE 4684 --- [clothlogix] [           main] o.s.c.e.EventListenerMethodProcessor     : No @EventListener annotations found on bean class: com.fabless.clothlogix.DAO.impl.UtenteDAOImpl
2024-05-17T15:11:58.142+02:00 TRACE 4684 --- [clothlogix] [           main] o.s.c.e.EventListenerMethodProcessor     : No @EventListener annotations found on bean class: com.fabless.clothlogix.mapper.SuperClassMapperImpl
2024-05-17T15:11:58.142+02:00 TRACE 4684 --- [clothlogix] [           main] o.s.c.e.EventListenerMethodProcessor     : No @EventListener annotations found on bean class: com.fabless.clothlogix.Service.Impl.ColoreService
2024-05-17T15:11:58.142+02:00 TRACE 4684 --- [clothlogix] [           main] o.s.c.e.EventListenerMethodProcessor     : No @EventListener annotations found on bean class: com.fabless.clothlogix.Service.Impl.LoginService
2024-05-17T15:11:58.142+02:00 TRACE 4684 --- [clothlogix] [           main] o.s.c.e.EventListenerMethodProcessor     : No @EventListener annotations found on bean class: com.fabless.clothlogix.Service.Impl.MagazzinoService
2024-05-17T15:11:58.142+02:00 TRACE 4684 --- [clothlogix] [           main] o.s.c.e.EventListenerMethodProcessor     : No @EventListener annotations found on bean class: com.fabless.clothlogix.Service.Impl.MaterialeService
2024-05-17T15:11:58.142+02:00 TRACE 4684 --- [clothlogix] [           main] o.s.c.e.EventListenerMethodProcessor     : No @EventListener annotations found on bean class: com.fabless.clothlogix.Service.Impl.ProdottoService
2024-05-17T15:11:58.142+02:00 TRACE 4684 --- [clothlogix] [           main] o.s.c.e.EventListenerMethodProcessor     : No @EventListener annotations found on bean class: com.fabless.clothlogix.Service.Impl.ProfiloService
2024-05-17T15:11:58.142+02:00 TRACE 4684 --- [clothlogix] [           main] o.s.c.e.EventListenerMethodProcessor     : No @EventListener annotations found on bean class: com.fabless.clothlogix.Service.Impl.SezioneService
2024-05-17T15:11:58.142+02:00 TRACE 4684 --- [clothlogix] [           main] o.s.c.e.EventListenerMethodProcessor     : No @EventListener annotations found on bean class: com.fabless.clothlogix.Service.Impl.TagliaService
2024-05-17T15:11:58.142+02:00 TRACE 4684 --- [clothlogix] [           main] o.s.c.e.EventListenerMethodProcessor     : No @EventListener annotations found on bean class: com.fabless.clothlogix.Service.Impl.TipoService
2024-05-17T15:11:58.142+02:00 TRACE 4684 --- [clothlogix] [           main] o.s.c.e.EventListenerMethodProcessor     : No @EventListener annotations found on bean class: com.fabless.clothlogix.Service.Impl.UtenteService
2024-05-17T15:11:58.142+02:00 TRACE 4684 --- [clothlogix] [           main] o.s.c.e.EventListenerMethodProcessor     : No @EventListener annotations found on bean class: org.springframework.transaction.annotation.ProxyTransactionManagementConfiguration
2024-05-17T15:11:58.142+02:00 TRACE 4684 --- [clothlogix] [           main] o.s.c.e.EventListenerMethodProcessor     : No @EventListener annotations found on bean class: org.apache.commons.dbcp2.BasicDataSource
2024-05-17T15:11:58.142+02:00 TRACE 4684 --- [clothlogix] [           main] o.s.c.e.EventListenerMethodProcessor     : No @EventListener annotations found on bean class: jdk.proxy2.$Proxy122
2024-05-17T15:11:58.142+02:00 TRACE 4684 --- [clothlogix] [           main] o.s.c.e.EventListenerMethodProcessor     : No @EventListener annotations found on bean class: org.springframework.boot.autoconfigure.context.PropertyPlaceholderAutoConfiguration
2024-05-17T15:11:58.142+02:00 TRACE 4684 --- [clothlogix] [           main] o.s.c.e.EventListenerMethodProcessor     : No @EventListener annotations found on bean class: org.springframework.boot.autoconfigure.ssl.SslAutoConfiguration
2024-05-17T15:11:58.142+02:00 TRACE 4684 --- [clothlogix] [           main] o.s.c.e.EventListenerMethodProcessor     : No @EventListener annotations found on bean class: org.springframework.boot.autoconfigure.websocket.servlet.WebSocketServletAutoConfiguration$TomcatWebSocketConfiguration
2024-05-17T15:11:58.152+02:00 TRACE 4684 --- [clothlogix] [           main] o.s.c.e.EventListenerMethodProcessor     : No @EventListener annotations found on bean class: org.springframework.boot.autoconfigure.websocket.servlet.WebSocketServletAutoConfiguration
2024-05-17T15:11:58.152+02:00 TRACE 4684 --- [clothlogix] [           main] o.s.c.e.EventListenerMethodProcessor     : No @EventListener annotations found on bean class: org.springframework.boot.autoconfigure.web.servlet.ServletWebServerFactoryConfiguration$EmbeddedTomcat
2024-05-17T15:11:58.152+02:00 TRACE 4684 --- [clothlogix] [           main] o.s.c.e.EventListenerMethodProcessor     : No @EventListener annotations found on bean class: org.springframework.boot.autoconfigure.web.servlet.ServletWebServerFactoryAutoConfiguration
2024-05-17T15:11:58.152+02:00 TRACE 4684 --- [clothlogix] [           main] o.s.c.e.EventListenerMethodProcessor     : No @EventListener annotations found on bean class: org.springframework.boot.autoconfigure.web.servlet.DispatcherServletAutoConfiguration$DispatcherServletConfiguration
2024-05-17T15:11:58.152+02:00 TRACE 4684 --- [clothlogix] [           main] o.s.c.e.EventListenerMethodProcessor     : No @EventListener annotations found on bean class: org.springframework.boot.autoconfigure.web.servlet.DispatcherServletAutoConfiguration$DispatcherServletRegistrationConfiguration
2024-05-17T15:11:58.152+02:00 TRACE 4684 --- [clothlogix] [           main] o.s.c.e.EventListenerMethodProcessor     : No @EventListener annotations found on bean class: org.springframework.boot.autoconfigure.web.servlet.DispatcherServletAutoConfiguration
2024-05-17T15:11:58.152+02:00 TRACE 4684 --- [clothlogix] [           main] o.s.c.e.EventListenerMethodProcessor     : No @EventListener annotations found on bean class: org.springframework.boot.autoconfigure.task.TaskExecutorConfigurations$ThreadPoolTaskExecutorBuilderConfiguration
2024-05-17T15:11:58.152+02:00 TRACE 4684 --- [clothlogix] [           main] o.s.c.e.EventListenerMethodProcessor     : No @EventListener annotations found on bean class: org.springframework.boot.autoconfigure.task.TaskExecutorConfigurations$TaskExecutorBuilderConfiguration
2024-05-17T15:11:58.152+02:00 TRACE 4684 --- [clothlogix] [           main] o.s.c.e.EventListenerMethodProcessor     : No @EventListener annotations found on bean class: org.springframework.boot.autoconfigure.task.TaskExecutorConfigurations$SimpleAsyncTaskExecutorBuilderConfiguration
2024-05-17T15:11:58.152+02:00 TRACE 4684 --- [clothlogix] [           main] o.s.c.e.EventListenerMethodProcessor     : No @EventListener annotations found on bean class: org.springframework.boot.autoconfigure.task.TaskExecutorConfigurations$TaskExecutorConfiguration
2024-05-17T15:11:58.152+02:00 TRACE 4684 --- [clothlogix] [           main] o.s.c.e.EventListenerMethodProcessor     : No @EventListener annotations found on bean class: org.springframework.boot.autoconfigure.task.TaskExecutionAutoConfiguration
2024-05-17T15:11:58.152+02:00 TRACE 4684 --- [clothlogix] [           main] o.s.c.e.EventListenerMethodProcessor     : No @EventListener annotations found on bean class: org.springframework.boot.autoconfigure.validation.ValidationAutoConfiguration
2024-05-17T15:11:58.152+02:00 TRACE 4684 --- [clothlogix] [           main] o.s.c.e.EventListenerMethodProcessor     : No @EventListener annotations found on bean class: org.springframework.boot.autoconfigure.web.servlet.error.ErrorMvcAutoConfiguration$WhitelabelErrorViewConfiguration
2024-05-17T15:11:58.152+02:00 TRACE 4684 --- [clothlogix] [           main] o.s.c.e.EventListenerMethodProcessor     : No @EventListener annotations found on bean class: org.springframework.boot.autoconfigure.web.servlet.error.ErrorMvcAutoConfiguration$DefaultErrorViewResolverConfiguration
2024-05-17T15:11:58.152+02:00 TRACE 4684 --- [clothlogix] [           main] o.s.c.e.EventListenerMethodProcessor     : No @EventListener annotations found on bean class: org.springframework.boot.autoconfigure.web.servlet.error.ErrorMvcAutoConfiguration
2024-05-17T15:11:58.152+02:00 TRACE 4684 --- [clothlogix] [           main] o.s.c.e.EventListenerMethodProcessor     : No @EventListener annotations found on bean class: org.springframework.boot.autoconfigure.web.servlet.error.BasicErrorController
2024-05-17T15:11:58.152+02:00 TRACE 4684 --- [clothlogix] [           main] o.s.c.e.EventListenerMethodProcessor     : No @EventListener annotations found on bean class: org.springframework.boot.autoconfigure.web.servlet.WebMvcAutoConfiguration$EnableWebMvcConfiguration
2024-05-17T15:11:58.152+02:00 TRACE 4684 --- [clothlogix] [           main] o.s.c.e.EventListenerMethodProcessor     : No @EventListener annotations found on bean class: org.springframework.boot.autoconfigure.web.servlet.WebMvcAutoConfiguration$WebMvcAutoConfigurationAdapter
2024-05-17T15:11:58.152+02:00 TRACE 4684 --- [clothlogix] [           main] o.s.c.e.EventListenerMethodProcessor     : No @EventListener annotations found on bean class: org.springframework.boot.autoconfigure.web.servlet.WebMvcAutoConfiguration
2024-05-17T15:11:58.152+02:00 TRACE 4684 --- [clothlogix] [           main] o.s.c.e.EventListenerMethodProcessor     : No @EventListener annotations found on bean class: org.springframework.boot.autoconfigure.aop.AopAutoConfiguration$AspectJAutoProxyingConfiguration$CglibAutoProxyConfiguration
2024-05-17T15:11:58.152+02:00 TRACE 4684 --- [clothlogix] [           main] o.s.c.e.EventListenerMethodProcessor     : No @EventListener annotations found on bean class: org.springframework.boot.autoconfigure.aop.AopAutoConfiguration$AspectJAutoProxyingConfiguration
2024-05-17T15:11:58.152+02:00 TRACE 4684 --- [clothlogix] [           main] o.s.c.e.EventListenerMethodProcessor     : No @EventListener annotations found on bean class: org.springframework.boot.autoconfigure.aop.AopAutoConfiguration
2024-05-17T15:11:58.152+02:00 TRACE 4684 --- [clothlogix] [           main] o.s.c.e.EventListenerMethodProcessor     : No @EventListener annotations found on bean class: org.springframework.boot.autoconfigure.availability.ApplicationAvailabilityAutoConfiguration
2024-05-17T15:11:58.152+02:00 TRACE 4684 --- [clothlogix] [           main] o.s.c.e.EventListenerMethodProcessor     : No @EventListener annotations found on bean class: org.springframework.boot.autoconfigure.transaction.jta.JtaAutoConfiguration
2024-05-17T15:11:58.152+02:00 TRACE 4684 --- [clothlogix] [           main] o.s.c.e.EventListenerMethodProcessor     : No @EventListener annotations found on bean class: org.springframework.boot.autoconfigure.jdbc.metadata.DataSourcePoolMetadataProvidersConfiguration$CommonsDbcp2PoolDataSourceMetadataProviderConfiguration
2024-05-17T15:11:58.152+02:00 TRACE 4684 --- [clothlogix] [           main] o.s.c.e.EventListenerMethodProcessor     : No @EventListener annotations found on bean class: org.springframework.boot.autoconfigure.jdbc.metadata.DataSourcePoolMetadataProvidersConfiguration$HikariPoolDataSourceMetadataProviderConfiguration
2024-05-17T15:11:58.152+02:00 TRACE 4684 --- [clothlogix] [           main] o.s.c.e.EventListenerMethodProcessor     : No @EventListener annotations found on bean class: org.springframework.boot.autoconfigure.jdbc.metadata.DataSourcePoolMetadataProvidersConfiguration
2024-05-17T15:11:58.152+02:00 TRACE 4684 --- [clothlogix] [           main] o.s.c.e.EventListenerMethodProcessor     : No @EventListener annotations found on bean class: org.springframework.boot.autoconfigure.jdbc.DataSourceAutoConfiguration
2024-05-17T15:11:58.152+02:00 TRACE 4684 --- [clothlogix] [           main] o.s.c.e.EventListenerMethodProcessor     : No @EventListener annotations found on bean class: org.springframework.boot.autoconfigure.transaction.TransactionManagerCustomizationAutoConfiguration
2024-05-17T15:11:58.152+02:00 TRACE 4684 --- [clothlogix] [           main] o.s.c.e.EventListenerMethodProcessor     : No @EventListener annotations found on bean class: org.springframework.boot.autoconfigure.orm.jpa.JpaBaseConfiguration$JpaWebConfiguration
2024-05-17T15:11:58.152+02:00 TRACE 4684 --- [clothlogix] [           main] o.s.c.e.EventListenerMethodProcessor     : No @EventListener annotations found on bean class: org.springframework.boot.autoconfigure.orm.jpa.HibernateJpaConfiguration
2024-05-17T15:11:58.152+02:00 TRACE 4684 --- [clothlogix] [           main] o.s.c.e.EventListenerMethodProcessor     : No @EventListener annotations found on bean class: org.springframework.boot.autoconfigure.orm.jpa.HibernateJpaAutoConfiguration
2024-05-17T15:11:58.152+02:00 TRACE 4684 --- [clothlogix] [           main] o.s.c.e.EventListenerMethodProcessor     : No @EventListener annotations found on bean class: org.springframework.boot.autoconfigure.jackson.JacksonAutoConfiguration$Jackson2ObjectMapperBuilderCustomizerConfiguration
2024-05-17T15:11:58.152+02:00 TRACE 4684 --- [clothlogix] [           main] o.s.c.e.EventListenerMethodProcessor     : No @EventListener annotations found on bean class: org.springframework.boot.autoconfigure.jackson.JacksonAutoConfiguration$JacksonObjectMapperBuilderConfiguration
2024-05-17T15:11:58.152+02:00 TRACE 4684 --- [clothlogix] [           main] o.s.c.e.EventListenerMethodProcessor     : No @EventListener annotations found on bean class: org.springframework.boot.autoconfigure.jackson.JacksonAutoConfiguration$ParameterNamesModuleConfiguration
2024-05-17T15:11:58.152+02:00 TRACE 4684 --- [clothlogix] [           main] o.s.c.e.EventListenerMethodProcessor     : No @EventListener annotations found on bean class: com.fasterxml.jackson.module.paramnames.ParameterNamesModule
2024-05-17T15:11:58.152+02:00 TRACE 4684 --- [clothlogix] [           main] o.s.c.e.EventListenerMethodProcessor     : No @EventListener annotations found on bean class: org.springframework.boot.autoconfigure.jackson.JacksonAutoConfiguration$JacksonObjectMapperConfiguration
2024-05-17T15:11:58.152+02:00 TRACE 4684 --- [clothlogix] [           main] o.s.c.e.EventListenerMethodProcessor     : No @EventListener annotations found on bean class: com.fasterxml.jackson.databind.ObjectMapper
2024-05-17T15:11:58.152+02:00 TRACE 4684 --- [clothlogix] [           main] o.s.c.e.EventListenerMethodProcessor     : No @EventListener annotations found on bean class: org.springframework.boot.autoconfigure.jackson.JacksonAutoConfiguration$JacksonMixinConfiguration
2024-05-17T15:11:58.152+02:00 TRACE 4684 --- [clothlogix] [           main] o.s.c.e.EventListenerMethodProcessor     : No @EventListener annotations found on bean class: org.springframework.boot.autoconfigure.jackson.JacksonAutoConfiguration
2024-05-17T15:11:58.152+02:00 TRACE 4684 --- [clothlogix] [           main] o.s.c.e.EventListenerMethodProcessor     : No @EventListener annotations found on bean class: org.springframework.boot.autoconfigure.context.ConfigurationPropertiesAutoConfiguration
2024-05-17T15:11:58.152+02:00 TRACE 4684 --- [clothlogix] [           main] o.s.c.e.EventListenerMethodProcessor     : No @EventListener annotations found on bean class: org.springframework.boot.autoconfigure.context.LifecycleAutoConfiguration
2024-05-17T15:11:58.152+02:00 TRACE 4684 --- [clothlogix] [           main] o.s.c.e.EventListenerMethodProcessor     : No @EventListener annotations found on bean class: org.springframework.boot.autoconfigure.dao.PersistenceExceptionTranslationAutoConfiguration
2024-05-17T15:11:58.152+02:00 TRACE 4684 --- [clothlogix] [           main] o.s.c.e.EventListenerMethodProcessor     : No @EventListener annotations found on bean class: org.springframework.boot.autoconfigure.data.jpa.JpaRepositoriesAutoConfiguration
2024-05-17T15:11:58.152+02:00 TRACE 4684 --- [clothlogix] [           main] o.s.c.e.EventListenerMethodProcessor     : No @EventListener annotations found on bean class: jdk.proxy2.$Proxy125
2024-05-17T15:11:58.152+02:00 TRACE 4684 --- [clothlogix] [           main] o.s.c.e.EventListenerMethodProcessor     : No @EventListener annotations found on bean class: org.springframework.boot.autoconfigure.http.HttpMessageConvertersAutoConfiguration$StringHttpMessageConverterConfiguration
2024-05-17T15:11:58.152+02:00 TRACE 4684 --- [clothlogix] [           main] o.s.c.e.EventListenerMethodProcessor     : No @EventListener annotations found on bean class: org.springframework.boot.autoconfigure.http.JacksonHttpMessageConvertersConfiguration$MappingJackson2HttpMessageConverterConfiguration
2024-05-17T15:11:58.152+02:00 TRACE 4684 --- [clothlogix] [           main] o.s.c.e.EventListenerMethodProcessor     : No @EventListener annotations found on bean class: org.springframework.boot.autoconfigure.http.JacksonHttpMessageConvertersConfiguration
2024-05-17T15:11:58.152+02:00 TRACE 4684 --- [clothlogix] [           main] o.s.c.e.EventListenerMethodProcessor     : No @EventListener annotations found on bean class: org.springframework.boot.autoconfigure.http.HttpMessageConvertersAutoConfiguration
2024-05-17T15:11:58.152+02:00 TRACE 4684 --- [clothlogix] [           main] o.s.c.e.EventListenerMethodProcessor     : No @EventListener annotations found on bean class: org.springframework.hateoas.mediatype.hal.HalMediaTypeConfiguration
2024-05-17T15:11:58.152+02:00 TRACE 4684 --- [clothlogix] [           main] o.s.c.e.EventListenerMethodProcessor     : No @EventListener annotations found on bean class: org.springframework.hateoas.mediatype.hal.forms.HalFormsMediaTypeConfiguration
2024-05-17T15:11:58.152+02:00 TRACE 4684 --- [clothlogix] [           main] o.s.c.e.EventListenerMethodProcessor     : No @EventListener annotations found on bean class: org.springframework.hateoas.config.WebTestHateoasConfiguration
2024-05-17T15:11:58.152+02:00 TRACE 4684 --- [clothlogix] [           main] o.s.c.e.EventListenerMethodProcessor     : No @EventListener annotations found on bean class: org.springframework.hateoas.config.HateoasConfiguration
2024-05-17T15:11:58.152+02:00 TRACE 4684 --- [clothlogix] [           main] o.s.c.e.EventListenerMethodProcessor     : No @EventListener annotations found on bean class: org.springframework.hateoas.config.WebMvcEntityLinksConfiguration
2024-05-17T15:11:58.152+02:00 TRACE 4684 --- [clothlogix] [           main] o.s.c.e.EventListenerMethodProcessor     : No @EventListener annotations found on bean class: org.springframework.hateoas.config.WebMvcHateoasConfiguration
2024-05-17T15:11:58.152+02:00 TRACE 4684 --- [clothlogix] [           main] o.s.c.e.EventListenerMethodProcessor     : No @EventListener annotations found on bean class: org.springframework.hateoas.config.RestTemplateHateoasConfiguration
2024-05-17T15:11:58.152+02:00 TRACE 4684 --- [clothlogix] [           main] o.s.c.e.EventListenerMethodProcessor     : No @EventListener annotations found on bean class: org.springframework.data.rest.webmvc.RestControllerConfiguration
2024-05-17T15:11:58.152+02:00 TRACE 4684 --- [clothlogix] [           main] o.s.c.e.EventListenerMethodProcessor     : No @EventListener annotations found on bean class: org.springframework.data.rest.webmvc.RepositoryController
2024-05-17T15:11:58.152+02:00 TRACE 4684 --- [clothlogix] [           main] o.s.c.e.EventListenerMethodProcessor     : No @EventListener annotations found on bean class: org.springframework.data.rest.webmvc.RepositoryEntityController
2024-05-17T15:11:58.152+02:00 TRACE 4684 --- [clothlogix] [           main] o.s.c.e.EventListenerMethodProcessor     : No @EventListener annotations found on bean class: org.springframework.data.rest.webmvc.RepositoryPropertyReferenceController
2024-05-17T15:11:58.155+02:00 TRACE 4684 --- [clothlogix] [           main] o.s.c.e.EventListenerMethodProcessor     : No @EventListener annotations found on bean class: org.springframework.data.rest.webmvc.RepositorySearchController
2024-05-17T15:11:58.155+02:00 TRACE 4684 --- [clothlogix] [           main] o.s.c.e.EventListenerMethodProcessor     : No @EventListener annotations found on bean class: org.springframework.data.rest.webmvc.RepositorySchemaController
2024-05-17T15:11:58.155+02:00 TRACE 4684 --- [clothlogix] [           main] o.s.c.e.EventListenerMethodProcessor     : No @EventListener annotations found on bean class: org.springframework.data.rest.webmvc.alps.AlpsController
2024-05-17T15:11:58.155+02:00 TRACE 4684 --- [clothlogix] [           main] o.s.c.e.EventListenerMethodProcessor     : No @EventListener annotations found on bean class: org.springframework.data.rest.webmvc.ProfileController
2024-05-17T15:11:58.155+02:00 TRACE 4684 --- [clothlogix] [           main] o.s.c.e.EventListenerMethodProcessor     : No @EventListener annotations found on bean class: org.springframework.data.rest.webmvc.config.RepositoryRestMvcConfiguration
2024-05-17T15:11:58.155+02:00 TRACE 4684 --- [clothlogix] [           main] o.s.c.e.EventListenerMethodProcessor     : No @EventListener annotations found on bean class: org.springframework.data.rest.webmvc.RepositoryRestExceptionHandler
2024-05-17T15:11:58.155+02:00 TRACE 4684 --- [clothlogix] [           main] o.s.c.e.EventListenerMethodProcessor     : No @EventListener annotations found on bean class: org.springframework.boot.autoconfigure.data.rest.RepositoryRestMvcAutoConfiguration
2024-05-17T15:11:58.155+02:00 TRACE 4684 --- [clothlogix] [           main] o.s.c.e.EventListenerMethodProcessor     : No @EventListener annotations found on bean class: org.springframework.boot.autoconfigure.hateoas.HypermediaAutoConfiguration
2024-05-17T15:11:58.155+02:00 TRACE 4684 --- [clothlogix] [           main] o.s.c.e.EventListenerMethodProcessor     : No @EventListener annotations found on bean class: org.springframework.boot.autoconfigure.info.ProjectInfoAutoConfiguration
2024-05-17T15:11:58.155+02:00 TRACE 4684 --- [clothlogix] [           main] o.s.c.e.EventListenerMethodProcessor     : No @EventListener annotations found on bean class: org.springframework.boot.autoconfigure.jdbc.JdbcTemplateConfiguration
2024-05-17T15:11:58.155+02:00 TRACE 4684 --- [clothlogix] [           main] o.s.c.e.EventListenerMethodProcessor     : No @EventListener annotations found on bean class: org.springframework.boot.autoconfigure.jdbc.NamedParameterJdbcTemplateConfiguration
2024-05-17T15:11:58.155+02:00 TRACE 4684 --- [clothlogix] [           main] o.s.c.e.EventListenerMethodProcessor     : No @EventListener annotations found on bean class: org.springframework.boot.autoconfigure.jdbc.JdbcTemplateAutoConfiguration
2024-05-17T15:11:58.155+02:00 TRACE 4684 --- [clothlogix] [           main] o.s.c.e.EventListenerMethodProcessor     : No @EventListener annotations found on bean class: org.springframework.boot.autoconfigure.jdbc.JdbcClientAutoConfiguration
2024-05-17T15:11:58.155+02:00 TRACE 4684 --- [clothlogix] [           main] o.s.c.e.EventListenerMethodProcessor     : No @EventListener annotations found on bean class: org.springframework.security.config.annotation.configuration.ObjectPostProcessorConfiguration
2024-05-17T15:11:58.155+02:00 TRACE 4684 --- [clothlogix] [           main] o.s.c.e.EventListenerMethodProcessor     : No @EventListener annotations found on bean class: org.springframework.security.config.annotation.authentication.configuration.AuthenticationConfiguration
2024-05-17T15:11:58.155+02:00 TRACE 4684 --- [clothlogix] [           main] o.s.c.e.EventListenerMethodProcessor     : No @EventListener annotations found on bean class: org.springframework.security.config.annotation.web.configuration.WebSecurityConfiguration
2024-05-17T15:11:58.155+02:00 TRACE 4684 --- [clothlogix] [           main] o.s.c.e.EventListenerMethodProcessor     : No @EventListener annotations found on bean class: org.springframework.security.config.annotation.web.configuration.HttpSecurityConfiguration
2024-05-17T15:11:58.155+02:00 TRACE 4684 --- [clothlogix] [           main] o.s.c.e.EventListenerMethodProcessor     : No @EventListener annotations found on bean class: org.springframework.boot.autoconfigure.security.servlet.SpringBootWebSecurityConfiguration$WebSecurityEnablerConfiguration
2024-05-17T15:11:58.155+02:00 TRACE 4684 --- [clothlogix] [           main] o.s.c.e.EventListenerMethodProcessor     : No @EventListener annotations found on bean class: org.springframework.boot.autoconfigure.security.servlet.SpringBootWebSecurityConfiguration$SecurityFilterChainConfiguration
2024-05-17T15:11:58.155+02:00 TRACE 4684 --- [clothlogix] [           main] o.s.c.e.EventListenerMethodProcessor     : No @EventListener annotations found on bean class: org.springframework.boot.autoconfigure.security.servlet.SpringBootWebSecurityConfiguration
2024-05-17T15:11:58.155+02:00 TRACE 4684 --- [clothlogix] [           main] o.s.c.e.EventListenerMethodProcessor     : No @EventListener annotations found on bean class: org.springframework.boot.autoconfigure.security.servlet.SecurityAutoConfiguration
2024-05-17T15:11:58.155+02:00 TRACE 4684 --- [clothlogix] [           main] o.s.c.e.EventListenerMethodProcessor     : No @EventListener annotations found on bean class: org.springframework.boot.autoconfigure.security.servlet.SecurityFilterAutoConfiguration
2024-05-17T15:11:58.155+02:00 TRACE 4684 --- [clothlogix] [           main] o.s.c.e.EventListenerMethodProcessor     : No @EventListener annotations found on bean class: org.springframework.boot.autoconfigure.security.servlet.UserDetailsServiceAutoConfiguration
2024-05-17T15:11:58.155+02:00 TRACE 4684 --- [clothlogix] [           main] o.s.c.e.EventListenerMethodProcessor     : No @EventListener annotations found on bean class: org.springframework.boot.autoconfigure.sql.init.DataSourceInitializationConfiguration
2024-05-17T15:11:58.155+02:00 TRACE 4684 --- [clothlogix] [           main] o.s.c.e.EventListenerMethodProcessor     : No @EventListener annotations found on bean class: org.springframework.boot.autoconfigure.sql.init.SqlInitializationAutoConfiguration
2024-05-17T15:11:58.155+02:00 TRACE 4684 --- [clothlogix] [           main] o.s.c.e.EventListenerMethodProcessor     : No @EventListener annotations found on bean class: org.springframework.boot.autoconfigure.task.TaskSchedulingConfigurations$ThreadPoolTaskSchedulerBuilderConfiguration
2024-05-17T15:11:58.155+02:00 TRACE 4684 --- [clothlogix] [           main] o.s.c.e.EventListenerMethodProcessor     : No @EventListener annotations found on bean class: org.springframework.boot.autoconfigure.task.TaskSchedulingConfigurations$TaskSchedulerBuilderConfiguration
2024-05-17T15:11:58.155+02:00 TRACE 4684 --- [clothlogix] [           main] o.s.c.e.EventListenerMethodProcessor     : No @EventListener annotations found on bean class: org.springframework.boot.autoconfigure.task.TaskSchedulingConfigurations$SimpleAsyncTaskSchedulerBuilderConfiguration
2024-05-17T15:11:58.155+02:00 TRACE 4684 --- [clothlogix] [           main] o.s.c.e.EventListenerMethodProcessor     : No @EventListener annotations found on bean class: org.springframework.boot.autoconfigure.task.TaskSchedulingAutoConfiguration
2024-05-17T15:11:58.155+02:00 TRACE 4684 --- [clothlogix] [           main] o.s.c.e.EventListenerMethodProcessor     : No @EventListener annotations found on bean class: org.springframework.boot.autoconfigure.jdbc.DataSourceTransactionManagerAutoConfiguration$JdbcTransactionManagerConfiguration
2024-05-17T15:11:58.155+02:00 TRACE 4684 --- [clothlogix] [           main] o.s.c.e.EventListenerMethodProcessor     : No @EventListener annotations found on bean class: org.springframework.boot.autoconfigure.jdbc.DataSourceTransactionManagerAutoConfiguration
2024-05-17T15:11:58.155+02:00 TRACE 4684 --- [clothlogix] [           main] o.s.c.e.EventListenerMethodProcessor     : No @EventListener annotations found on bean class: org.springframework.boot.autoconfigure.transaction.TransactionAutoConfiguration$TransactionTemplateConfiguration
2024-05-17T15:11:58.155+02:00 TRACE 4684 --- [clothlogix] [           main] o.s.c.e.EventListenerMethodProcessor     : No @EventListener annotations found on bean class: org.springframework.boot.autoconfigure.transaction.TransactionAutoConfiguration
2024-05-17T15:11:58.155+02:00 TRACE 4684 --- [clothlogix] [           main] o.s.c.e.EventListenerMethodProcessor     : No @EventListener annotations found on bean class: org.springframework.boot.autoconfigure.web.client.RestClientAutoConfiguration
2024-05-17T15:11:58.155+02:00 TRACE 4684 --- [clothlogix] [           main] o.s.c.e.EventListenerMethodProcessor     : No @EventListener annotations found on bean class: org.springframework.boot.autoconfigure.web.client.RestTemplateAutoConfiguration
2024-05-17T15:11:58.155+02:00 TRACE 4684 --- [clothlogix] [           main] o.s.c.e.EventListenerMethodProcessor     : No @EventListener annotations found on bean class: org.springframework.boot.autoconfigure.web.servlet.HttpEncodingAutoConfiguration
2024-05-17T15:11:58.155+02:00 TRACE 4684 --- [clothlogix] [           main] o.s.c.e.EventListenerMethodProcessor     : No @EventListener annotations found on bean class: org.springframework.boot.autoconfigure.web.servlet.MultipartAutoConfiguration
2024-05-17T15:11:58.155+02:00 TRACE 4684 --- [clothlogix] [           main] o.s.c.e.EventListenerMethodProcessor     : No @EventListener annotations found on bean class: jakarta.servlet.MultipartConfigElement
2024-05-17T15:11:58.155+02:00 TRACE 4684 --- [clothlogix] [           main] o.s.c.e.EventListenerMethodProcessor     : No @EventListener annotations found on bean class: jakarta.persistence.EntityManager
2024-05-17T15:11:58.162+02:00 TRACE 4684 --- [clothlogix] [           main] o.s.b.f.s.DefaultListableBeanFactory     : Returning cached instance of singleton bean 'lifecycleProcessor'
2024-05-17T15:11:58.162+02:00 TRACE 4684 --- [clothlogix] [           main] o.s.w.c.s.GenericWebApplicationContext   : Using LifecycleProcessor [org.springframework.context.support.DefaultLifecycleProcessor@41623694]
2024-05-17T15:11:58.162+02:00 TRACE 4684 --- [clothlogix] [           main] o.s.b.f.s.DefaultListableBeanFactory     : Returning cached instance of singleton bean 'applicationTaskExecutor'
2024-05-17T15:11:58.162+02:00 TRACE 4684 --- [clothlogix] [           main] o.s.b.f.s.DefaultListableBeanFactory     : Returning cached instance of singleton bean 'lifecycleProcessor'
2024-05-17T15:11:58.162+02:00 TRACE 4684 --- [clothlogix] [           main] o.s.b.f.s.DefaultListableBeanFactory     : Returning cached instance of singleton bean 'springBootLoggingLifecycle'
2024-05-17T15:11:58.172+02:00 DEBUG 4684 --- [clothlogix] [           main] o.s.c.support.DefaultLifecycleProcessor  : Starting beans in phase -2147483647
2024-05-17T15:11:58.172+02:00 TRACE 4684 --- [clothlogix] [           main] o.s.c.support.DefaultLifecycleProcessor  : Starting bean 'springBootLoggingLifecycle' of type [org.springframework.boot.context.logging.LoggingApplicationListener$Lifecycle]
2024-05-17T15:11:58.172+02:00 DEBUG 4684 --- [clothlogix] [           main] o.s.c.support.DefaultLifecycleProcessor  : Successfully started bean 'springBootLoggingLifecycle'
2024-05-17T15:11:58.172+02:00 DEBUG 4684 --- [clothlogix] [           main] o.s.c.support.DefaultLifecycleProcessor  : Starting beans in phase 2147483647
2024-05-17T15:11:58.172+02:00 TRACE 4684 --- [clothlogix] [           main] o.s.b.f.s.DefaultListableBeanFactory     : Returning cached instance of singleton bean 'org.springframework.boot.autoconfigure.internalCachingMetadataReaderFactory'
2024-05-17T15:11:58.172+02:00 TRACE 4684 --- [clothlogix] [           main] o.s.b.f.s.DefaultListableBeanFactory     : Returning cached instance of singleton bean 'mvcResourceUrlProvider'
2024-05-17T15:11:58.172+02:00 TRACE 4684 --- [clothlogix] [           main] o.s.b.f.s.DefaultListableBeanFactory     : Returning cached instance of singleton bean 'delegatingApplicationListener'
2024-05-17T15:11:58.192+02:00 DEBUG 4684 --- [clothlogix] [           main] .s.b.a.l.ConditionEvaluationReportLogger : 


============================
CONDITIONS EVALUATION REPORT
============================


Positive matches:
-----------------

   AopAutoConfiguration matched:
      - @ConditionalOnProperty (spring.aop.auto=true) matched (OnPropertyCondition)

   AopAutoConfiguration.AspectJAutoProxyingConfiguration matched:
      - @ConditionalOnClass found required class 'org.aspectj.weaver.Advice' (OnClassCondition)

   AopAutoConfiguration.AspectJAutoProxyingConfiguration.CglibAutoProxyConfiguration matched:
      - @ConditionalOnProperty (spring.aop.proxy-target-class=true) matched (OnPropertyCondition)

   ApplicationAvailabilityAutoConfiguration#applicationAvailability matched:
      - @ConditionalOnMissingBean (types: org.springframework.boot.availability.ApplicationAvailability; SearchStrategy: all) did not find any beans (OnBeanCondition)

   DataSourceAutoConfiguration matched:
      - @ConditionalOnClass found required classes 'javax.sql.DataSource', 'org.springframework.jdbc.datasource.embedded.EmbeddedDatabaseType' (OnClassCondition)
      - @ConditionalOnMissingBean (types: io.r2dbc.spi.ConnectionFactory; SearchStrategy: all) did not find any beans (OnBeanCondition)

   DataSourceConfiguration.Dbcp2 matched:
      - @ConditionalOnClass found required class 'org.apache.commons.dbcp2.BasicDataSource' (OnClassCondition)
      - @ConditionalOnProperty (spring.datasource.type=org.apache.commons.dbcp2.BasicDataSource) matched (OnPropertyCondition)

   DataSourceConfiguration.Hikari matched:
      - @ConditionalOnClass found required class 'com.zaxxer.hikari.HikariDataSource' (OnClassCondition)
      - @ConditionalOnProperty (spring.datasource.type=com.zaxxer.hikari.HikariDataSource) matched (OnPropertyCondition)

   DataSourceInitializationConfiguration matched:
      - @ConditionalOnClass found required class 'org.springframework.jdbc.datasource.init.DatabasePopulator' (OnClassCondition)
      - @ConditionalOnSingleCandidate (types: javax.sql.DataSource; SearchStrategy: all) found a single bean 'dataSource'; @ConditionalOnMissingBean (types: org.springframework.boot.autoconfigure.sql.init.SqlDataSourceScriptDatabaseInitializer,org.springframework.boot.autoconfigure.sql.init.SqlR2dbcScriptDatabaseInitializer; SearchStrategy: all) did not find any beans (OnBeanCondition)

   DataSourcePoolMetadataProvidersConfiguration.CommonsDbcp2PoolDataSourceMetadataProviderConfiguration matched:
      - @ConditionalOnClass found required class 'org.apache.commons.dbcp2.BasicDataSource' (OnClassCondition)

   DataSourcePoolMetadataProvidersConfiguration.HikariPoolDataSourceMetadataProviderConfiguration matched:
      - @ConditionalOnClass found required class 'com.zaxxer.hikari.HikariDataSource' (OnClassCondition)

   DataSourceTransactionManagerAutoConfiguration matched:
      - @ConditionalOnClass found required classes 'org.springframework.jdbc.core.JdbcTemplate', 'org.springframework.transaction.TransactionManager' (OnClassCondition)

   DataSourceTransactionManagerAutoConfiguration.JdbcTransactionManagerConfiguration matched:
      - @ConditionalOnSingleCandidate (types: javax.sql.DataSource; SearchStrategy: all) found a single bean 'dataSource' (OnBeanCondition)

   DispatcherServletAutoConfiguration matched:
      - @ConditionalOnClass found required class 'org.springframework.web.servlet.DispatcherServlet' (OnClassCondition)
      - found 'session' scope (OnWebApplicationCondition)

   DispatcherServletAutoConfiguration.DispatcherServletConfiguration matched:
      - @ConditionalOnClass found required class 'jakarta.servlet.ServletRegistration' (OnClassCondition)
      - Default DispatcherServlet did not find dispatcher servlet beans (DispatcherServletAutoConfiguration.DefaultDispatcherServletCondition)

   DispatcherServletAutoConfiguration.DispatcherServletRegistrationConfiguration matched:
      - @ConditionalOnClass found required class 'jakarta.servlet.ServletRegistration' (OnClassCondition)
      - DispatcherServlet Registration did not find servlet registration bean (DispatcherServletAutoConfiguration.DispatcherServletRegistrationCondition)

   DispatcherServletAutoConfiguration.DispatcherServletRegistrationConfiguration#dispatcherServletRegistration matched:
      - @ConditionalOnBean (names: dispatcherServlet types: org.springframework.web.servlet.DispatcherServlet; SearchStrategy: all) found bean 'dispatcherServlet' (OnBeanCondition)

   ErrorMvcAutoConfiguration matched:
      - @ConditionalOnClass found required classes 'jakarta.servlet.Servlet', 'org.springframework.web.servlet.DispatcherServlet' (OnClassCondition)
      - found 'session' scope (OnWebApplicationCondition)

   ErrorMvcAutoConfiguration#basicErrorController matched:
      - @ConditionalOnMissingBean (types: org.springframework.boot.web.servlet.error.ErrorController; SearchStrategy: current) did not find any beans (OnBeanCondition)

   ErrorMvcAutoConfiguration#errorAttributes matched:
      - @ConditionalOnMissingBean (types: org.springframework.boot.web.servlet.error.ErrorAttributes; SearchStrategy: current) did not find any beans (OnBeanCondition)

   ErrorMvcAutoConfiguration.DefaultErrorViewResolverConfiguration#conventionErrorViewResolver matched:
      - @ConditionalOnBean (types: org.springframework.web.servlet.DispatcherServlet; SearchStrategy: all) found bean 'dispatcherServlet'; @ConditionalOnMissingBean (types: org.springframework.boot.autoconfigure.web.servlet.error.ErrorViewResolver; SearchStrategy: all) did not find any beans (OnBeanCondition)

   ErrorMvcAutoConfiguration.WhitelabelErrorViewConfiguration matched:
      - @ConditionalOnProperty (server.error.whitelabel.enabled) matched (OnPropertyCondition)
      - ErrorTemplate Missing did not find error template view (ErrorMvcAutoConfiguration.ErrorTemplateMissingCondition)

   ErrorMvcAutoConfiguration.WhitelabelErrorViewConfiguration#beanNameViewResolver matched:
      - @ConditionalOnMissingBean (types: org.springframework.web.servlet.view.BeanNameViewResolver; SearchStrategy: all) did not find any beans (OnBeanCondition)

   ErrorMvcAutoConfiguration.WhitelabelErrorViewConfiguration#defaultErrorView matched:
      - @ConditionalOnMissingBean (names: error; SearchStrategy: all) did not find any beans (OnBeanCondition)

   GenericCacheConfiguration matched:
      - Cache org.springframework.boot.autoconfigure.cache.GenericCacheConfiguration automatic cache type (CacheCondition)

   HibernateJpaAutoConfiguration matched:
      - @ConditionalOnClass found required classes 'org.springframework.orm.jpa.LocalContainerEntityManagerFactoryBean', 'jakarta.persistence.EntityManager', 'org.hibernate.engine.spi.SessionImplementor' (OnClassCondition)

   HibernateJpaConfiguration matched:
      - @ConditionalOnSingleCandidate (types: javax.sql.DataSource; SearchStrategy: all) found a single bean 'dataSource' (OnBeanCondition)

   HttpEncodingAutoConfiguration matched:
      - @ConditionalOnClass found required class 'org.springframework.web.filter.CharacterEncodingFilter' (OnClassCondition)
      - found 'session' scope (OnWebApplicationCondition)
      - @ConditionalOnProperty (server.servlet.encoding.enabled) matched (OnPropertyCondition)

   HttpEncodingAutoConfiguration#characterEncodingFilter matched:
      - @ConditionalOnMissingBean (types: org.springframework.web.filter.CharacterEncodingFilter; SearchStrategy: all) did not find any beans (OnBeanCondition)

   HttpMessageConvertersAutoConfiguration matched:
      - @ConditionalOnClass found required class 'org.springframework.http.converter.HttpMessageConverter' (OnClassCondition)
      - NoneNestedConditions 0 matched 1 did not; NestedCondition on HttpMessageConvertersAutoConfiguration.NotReactiveWebApplicationCondition.ReactiveWebApplication did not find reactive web application classes (HttpMessageConvertersAutoConfiguration.NotReactiveWebApplicationCondition)

   HttpMessageConvertersAutoConfiguration#messageConverters matched:
      - @ConditionalOnMissingBean (types: org.springframework.boot.autoconfigure.http.HttpMessageConverters; SearchStrategy: all) did not find any beans (OnBeanCondition)

   HttpMessageConvertersAutoConfiguration.StringHttpMessageConverterConfiguration matched:
      - @ConditionalOnClass found required class 'org.springframework.http.converter.StringHttpMessageConverter' (OnClassCondition)

   HttpMessageConvertersAutoConfiguration.StringHttpMessageConverterConfiguration#stringHttpMessageConverter matched:
      - @ConditionalOnMissingBean (types: org.springframework.http.converter.StringHttpMessageConverter; SearchStrategy: all) did not find any beans (OnBeanCondition)

   HypermediaAutoConfiguration matched:
      - @ConditionalOnClass found required classes 'org.springframework.hateoas.EntityModel', 'org.springframework.web.bind.annotation.RequestMapping', 'org.springframework.web.servlet.mvc.method.annotation.RequestMappingHandlerAdapter', 'org.springframework.plugin.core.Plugin' (OnClassCondition)
      - @ConditionalOnWebApplication (required) found 'session' scope (OnWebApplicationCondition)

   HypermediaAutoConfiguration#applicationJsonHalConfiguration matched:
      - @ConditionalOnClass found required class 'com.fasterxml.jackson.databind.ObjectMapper' (OnClassCondition)
      - @ConditionalOnProperty (spring.hateoas.use-hal-as-default-json-media-type) matched (OnPropertyCondition)
      - @ConditionalOnMissingBean (types: org.springframework.hateoas.mediatype.hal.HalConfiguration; SearchStrategy: all) did not find any beans (OnBeanCondition)

   JacksonAutoConfiguration matched:
      - @ConditionalOnClass found required class 'com.fasterxml.jackson.databind.ObjectMapper' (OnClassCondition)

   JacksonAutoConfiguration.Jackson2ObjectMapperBuilderCustomizerConfiguration matched:
      - @ConditionalOnClass found required class 'org.springframework.http.converter.json.Jackson2ObjectMapperBuilder' (OnClassCondition)

   JacksonAutoConfiguration.JacksonObjectMapperBuilderConfiguration matched:
      - @ConditionalOnClass found required class 'org.springframework.http.converter.json.Jackson2ObjectMapperBuilder' (OnClassCondition)

   JacksonAutoConfiguration.JacksonObjectMapperBuilderConfiguration#jacksonObjectMapperBuilder matched:
      - @ConditionalOnMissingBean (types: org.springframework.http.converter.json.Jackson2ObjectMapperBuilder; SearchStrategy: all) did not find any beans (OnBeanCondition)

   JacksonAutoConfiguration.JacksonObjectMapperConfiguration matched:
      - @ConditionalOnClass found required class 'org.springframework.http.converter.json.Jackson2ObjectMapperBuilder' (OnClassCondition)

   JacksonAutoConfiguration.JacksonObjectMapperConfiguration#jacksonObjectMapper matched:
      - @ConditionalOnMissingBean (types: com.fasterxml.jackson.databind.ObjectMapper; SearchStrategy: all) did not find any beans (OnBeanCondition)

   JacksonAutoConfiguration.ParameterNamesModuleConfiguration matched:
      - @ConditionalOnClass found required class 'com.fasterxml.jackson.module.paramnames.ParameterNamesModule' (OnClassCondition)

   JacksonAutoConfiguration.ParameterNamesModuleConfiguration#parameterNamesModule matched:
      - @ConditionalOnMissingBean (types: com.fasterxml.jackson.module.paramnames.ParameterNamesModule; SearchStrategy: all) did not find any beans (OnBeanCondition)

   JacksonHttpMessageConvertersConfiguration.MappingJackson2HttpMessageConverterConfiguration matched:
      - @ConditionalOnClass found required class 'com.fasterxml.jackson.databind.ObjectMapper' (OnClassCondition)
      - @ConditionalOnProperty (spring.mvc.converters.preferred-json-mapper=jackson) matched (OnPropertyCondition)
      - @ConditionalOnBean (types: com.fasterxml.jackson.databind.ObjectMapper; SearchStrategy: all) found bean 'jacksonObjectMapper' (OnBeanCondition)

   JacksonHttpMessageConvertersConfiguration.MappingJackson2HttpMessageConverterConfiguration#mappingJackson2HttpMessageConverter matched:
      - @ConditionalOnMissingBean (types: org.springframework.http.converter.json.MappingJackson2HttpMessageConverter ignored: org.springframework.hateoas.server.mvc.TypeConstrainedMappingJackson2HttpMessageConverter,org.springframework.data.rest.webmvc.alps.AlpsJsonHttpMessageConverter; SearchStrategy: all) did not find any beans (OnBeanCondition)

   JdbcClientAutoConfiguration matched:
      - @ConditionalOnSingleCandidate (types: org.springframework.jdbc.core.namedparam.NamedParameterJdbcTemplate; SearchStrategy: all) found a single bean 'namedParameterJdbcTemplate'; @ConditionalOnMissingBean (types: org.springframework.jdbc.core.simple.JdbcClient; SearchStrategy: all) did not find any beans (OnBeanCondition)

   JdbcTemplateAutoConfiguration matched:
      - @ConditionalOnClass found required classes 'javax.sql.DataSource', 'org.springframework.jdbc.core.JdbcTemplate' (OnClassCondition)
      - @ConditionalOnSingleCandidate (types: javax.sql.DataSource; SearchStrategy: all) found a single bean 'dataSource' (OnBeanCondition)

   JdbcTemplateConfiguration matched:
      - @ConditionalOnMissingBean (types: org.springframework.jdbc.core.JdbcOperations; SearchStrategy: all) did not find any beans (OnBeanCondition)

   JpaBaseConfiguration#entityManagerFactoryBuilder matched:
      - @ConditionalOnMissingBean (types: org.springframework.boot.orm.jpa.EntityManagerFactoryBuilder; SearchStrategy: all) did not find any beans (OnBeanCondition)

   JpaBaseConfiguration#jpaVendorAdapter matched:
      - @ConditionalOnMissingBean (types: org.springframework.orm.jpa.JpaVendorAdapter; SearchStrategy: all) did not find any beans (OnBeanCondition)

   JpaBaseConfiguration.JpaWebConfiguration matched:
      - @ConditionalOnClass found required class 'org.springframework.web.servlet.config.annotation.WebMvcConfigurer' (OnClassCondition)
      - found 'session' scope (OnWebApplicationCondition)
      - @ConditionalOnProperty (spring.jpa.open-in-view=true) matched (OnPropertyCondition)
      - @ConditionalOnMissingBean (types: org.springframework.orm.jpa.support.OpenEntityManagerInViewInterceptor,org.springframework.orm.jpa.support.OpenEntityManagerInViewFilter; SearchStrategy: all) did not find any beans (OnBeanCondition)

   JpaRepositoriesAutoConfiguration matched:
      - @ConditionalOnClass found required class 'org.springframework.data.jpa.repository.JpaRepository' (OnClassCondition)
      - @ConditionalOnProperty (spring.data.jpa.repositories.enabled=true) matched (OnPropertyCondition)
      - @ConditionalOnBean (types: javax.sql.DataSource; SearchStrategy: all) found bean 'dataSource'; @ConditionalOnMissingBean (types: org.springframework.data.jpa.repository.support.JpaRepositoryFactoryBean,org.springframework.data.jpa.repository.config.JpaRepositoryConfigExtension; SearchStrategy: all) did not find any beans (OnBeanCondition)

   JtaAutoConfiguration matched:
      - @ConditionalOnClass found required class 'jakarta.transaction.Transaction' (OnClassCondition)
      - @ConditionalOnProperty (spring.jta.enabled) matched (OnPropertyCondition)

   LifecycleAutoConfiguration#defaultLifecycleProcessor matched:
      - @ConditionalOnMissingBean (names: lifecycleProcessor; SearchStrategy: current) did not find any beans (OnBeanCondition)

   MultipartAutoConfiguration matched:
      - @ConditionalOnClass found required classes 'jakarta.servlet.Servlet', 'org.springframework.web.multipart.support.StandardServletMultipartResolver', 'jakarta.servlet.MultipartConfigElement' (OnClassCondition)
      - found 'session' scope (OnWebApplicationCondition)
      - @ConditionalOnProperty (spring.servlet.multipart.enabled) matched (OnPropertyCondition)

   MultipartAutoConfiguration#multipartConfigElement matched:
      - @ConditionalOnMissingBean (types: jakarta.servlet.MultipartConfigElement; SearchStrategy: all) did not find any beans (OnBeanCondition)

   MultipartAutoConfiguration#multipartResolver matched:
      - @ConditionalOnMissingBean (types: org.springframework.web.multipart.MultipartResolver; SearchStrategy: all) did not find any beans (OnBeanCondition)

   NamedParameterJdbcTemplateConfiguration matched:
      - @ConditionalOnSingleCandidate (types: org.springframework.jdbc.core.JdbcTemplate; SearchStrategy: all) found a single bean 'jdbcTemplate'; @ConditionalOnMissingBean (types: org.springframework.jdbc.core.namedparam.NamedParameterJdbcOperations; SearchStrategy: all) did not find any beans (OnBeanCondition)

   NoOpCacheConfiguration matched:
      - Cache org.springframework.boot.autoconfigure.cache.NoOpCacheConfiguration automatic cache type (CacheCondition)

   PersistenceExceptionTranslationAutoConfiguration matched:
      - @ConditionalOnClass found required class 'org.springframework.dao.annotation.PersistenceExceptionTranslationPostProcessor' (OnClassCondition)

   PersistenceExceptionTranslationAutoConfiguration#persistenceExceptionTranslationPostProcessor matched:
      - @ConditionalOnProperty (spring.dao.exceptiontranslation.enabled) matched (OnPropertyCondition)
      - @ConditionalOnMissingBean (types: org.springframework.dao.annotation.PersistenceExceptionTranslationPostProcessor; SearchStrategy: all) did not find any beans (OnBeanCondition)

   PropertyPlaceholderAutoConfiguration#propertySourcesPlaceholderConfigurer matched:
      - @ConditionalOnMissingBean (types: org.springframework.context.support.PropertySourcesPlaceholderConfigurer; SearchStrategy: current) did not find any beans (OnBeanCondition)

   RepositoryRestMvcAutoConfiguration matched:
      - @ConditionalOnClass found required class 'org.springframework.data.rest.webmvc.config.RepositoryRestMvcConfiguration' (OnClassCondition)
      - found 'session' scope (OnWebApplicationCondition)
      - @ConditionalOnMissingBean (types: org.springframework.data.rest.webmvc.config.RepositoryRestMvcConfiguration; SearchStrategy: all) did not find any beans (OnBeanCondition)

   RestClientAutoConfiguration matched:
      - @ConditionalOnClass found required class 'org.springframework.web.client.RestClient' (OnClassCondition)
      - NoneNestedConditions 0 matched 1 did not; NestedCondition on NotReactiveWebApplicationCondition.ReactiveWebApplication did not find reactive web application classes (NotReactiveWebApplicationCondition)

   RestClientAutoConfiguration#httpMessageConvertersRestClientCustomizer matched:
      - @ConditionalOnMissingBean (types: org.springframework.boot.autoconfigure.web.client.HttpMessageConvertersRestClientCustomizer; SearchStrategy: all) did not find any beans (OnBeanCondition)

   RestClientAutoConfiguration#restClientBuilder matched:
      - @ConditionalOnMissingBean (types: org.springframework.web.client.RestClient$Builder; SearchStrategy: all) did not find any beans (OnBeanCondition)

   RestClientAutoConfiguration#restClientBuilderConfigurer matched:
      - @ConditionalOnMissingBean (types: org.springframework.boot.autoconfigure.web.client.RestClientBuilderConfigurer; SearchStrategy: all) did not find any beans (OnBeanCondition)

   RestClientAutoConfiguration#restClientSsl matched:
      - @ConditionalOnBean (types: org.springframework.boot.ssl.SslBundles; SearchStrategy: all) found bean 'sslBundleRegistry'; @ConditionalOnMissingBean (types: org.springframework.boot.autoconfigure.web.client.RestClientSsl; SearchStrategy: all) did not find any beans (OnBeanCondition)

   RestTemplateAutoConfiguration matched:
      - @ConditionalOnClass found required class 'org.springframework.web.client.RestTemplate' (OnClassCondition)
      - NoneNestedConditions 0 matched 1 did not; NestedCondition on NotReactiveWebApplicationCondition.ReactiveWebApplication did not find reactive web application classes (NotReactiveWebApplicationCondition)

   RestTemplateAutoConfiguration#restTemplateBuilder matched:
      - @ConditionalOnMissingBean (types: org.springframework.boot.web.client.RestTemplateBuilder; SearchStrategy: all) did not find any beans (OnBeanCondition)

   SecurityAutoConfiguration matched:
      - @ConditionalOnClass found required class 'org.springframework.security.authentication.DefaultAuthenticationEventPublisher' (OnClassCondition)

   SecurityAutoConfiguration#authenticationEventPublisher matched:
      - @ConditionalOnMissingBean (types: org.springframework.security.authentication.AuthenticationEventPublisher; SearchStrategy: all) did not find any beans (OnBeanCondition)

   SecurityFilterAutoConfiguration matched:
      - @ConditionalOnClass found required classes 'org.springframework.security.web.context.AbstractSecurityWebApplicationInitializer', 'org.springframework.security.config.http.SessionCreationPolicy' (OnClassCondition)
      - found 'session' scope (OnWebApplicationCondition)

   SecurityFilterAutoConfiguration#securityFilterChainRegistration matched:
      - @ConditionalOnBean (names: springSecurityFilterChain; SearchStrategy: all) found bean 'springSecurityFilterChain' (OnBeanCondition)

   ServletWebServerFactoryAutoConfiguration matched:
      - @ConditionalOnClass found required class 'jakarta.servlet.ServletRequest' (OnClassCondition)
      - found 'session' scope (OnWebApplicationCondition)

   ServletWebServerFactoryAutoConfiguration#tomcatServletWebServerFactoryCustomizer matched:
      - @ConditionalOnClass found required class 'org.apache.catalina.startup.Tomcat' (OnClassCondition)

   ServletWebServerFactoryConfiguration.EmbeddedTomcat matched:
      - @ConditionalOnClass found required classes 'jakarta.servlet.Servlet', 'org.apache.catalina.startup.Tomcat', 'org.apache.coyote.UpgradeProtocol' (OnClassCondition)
      - @ConditionalOnMissingBean (types: org.springframework.boot.web.servlet.server.ServletWebServerFactory; SearchStrategy: current) did not find any beans (OnBeanCondition)

   SimpleCacheConfiguration matched:
      - Cache org.springframework.boot.autoconfigure.cache.SimpleCacheConfiguration automatic cache type (CacheCondition)

   SpringBootWebSecurityConfiguration matched:
      - found 'session' scope (OnWebApplicationCondition)

   SpringBootWebSecurityConfiguration.SecurityFilterChainConfiguration matched:
      - AllNestedConditions 2 matched 0 did not; NestedCondition on DefaultWebSecurityCondition.Beans @ConditionalOnMissingBean (types: org.springframework.security.web.SecurityFilterChain; SearchStrategy: all) did not find any beans; NestedCondition on DefaultWebSecurityCondition.Classes @ConditionalOnClass found required classes 'org.springframework.security.web.SecurityFilterChain', 'org.springframework.security.config.annotation.web.builders.HttpSecurity' (DefaultWebSecurityCondition)

   SpringBootWebSecurityConfiguration.WebSecurityEnablerConfiguration matched:
      - @ConditionalOnClass found required class 'org.springframework.security.config.annotation.web.configuration.EnableWebSecurity' (OnClassCondition)
      - @ConditionalOnMissingBean (names: springSecurityFilterChain; SearchStrategy: all) did not find any beans (OnBeanCondition)

   SqlInitializationAutoConfiguration matched:
      - @ConditionalOnProperty (spring.sql.init.enabled) matched (OnPropertyCondition)
      - NoneNestedConditions 0 matched 1 did not; NestedCondition on SqlInitializationAutoConfiguration.SqlInitializationModeCondition.ModeIsNever @ConditionalOnProperty (spring.sql.init.mode=never) did not find property 'mode' (SqlInitializationAutoConfiguration.SqlInitializationModeCondition)

   SslAutoConfiguration#sslBundleRegistry matched:
      - @ConditionalOnMissingBean (types: org.springframework.boot.ssl.SslBundleRegistry,org.springframework.boot.ssl.SslBundles; SearchStrategy: all) did not find any beans (OnBeanCondition)

   TaskExecutionAutoConfiguration matched:
      - @ConditionalOnClass found required class 'org.springframework.scheduling.concurrent.ThreadPoolTaskExecutor' (OnClassCondition)

   TaskExecutorConfigurations.SimpleAsyncTaskExecutorBuilderConfiguration#simpleAsyncTaskExecutorBuilder matched:
      - @ConditionalOnMissingBean (types: org.springframework.boot.task.SimpleAsyncTaskExecutorBuilder; SearchStrategy: all) did not find any beans (OnBeanCondition)
      - @ConditionalOnThreading found PLATFORM (OnThreadingCondition)

   TaskExecutorConfigurations.TaskExecutorBuilderConfiguration#taskExecutorBuilder matched:
      - @ConditionalOnMissingBean (types: org.springframework.boot.task.TaskExecutorBuilder; SearchStrategy: all) did not find any beans (OnBeanCondition)

   TaskExecutorConfigurations.TaskExecutorConfiguration matched:
      - @ConditionalOnMissingBean (types: java.util.concurrent.Executor; SearchStrategy: all) did not find any beans (OnBeanCondition)

   TaskExecutorConfigurations.TaskExecutorConfiguration#applicationTaskExecutor matched:
      - @ConditionalOnThreading found PLATFORM (OnThreadingCondition)

   TaskExecutorConfigurations.ThreadPoolTaskExecutorBuilderConfiguration#threadPoolTaskExecutorBuilder matched:
      - @ConditionalOnMissingBean (types: org.springframework.boot.task.TaskExecutorBuilder,org.springframework.boot.task.ThreadPoolTaskExecutorBuilder; SearchStrategy: all) did not find any beans (OnBeanCondition)

   TaskSchedulingAutoConfiguration matched:
      - @ConditionalOnClass found required class 'org.springframework.scheduling.concurrent.ThreadPoolTaskScheduler' (OnClassCondition)

   TaskSchedulingConfigurations.SimpleAsyncTaskSchedulerBuilderConfiguration#simpleAsyncTaskSchedulerBuilder matched:
      - @ConditionalOnMissingBean (types: org.springframework.boot.task.SimpleAsyncTaskSchedulerBuilder; SearchStrategy: all) did not find any beans (OnBeanCondition)
      - @ConditionalOnThreading found PLATFORM (OnThreadingCondition)

   TaskSchedulingConfigurations.TaskSchedulerBuilderConfiguration#taskSchedulerBuilder matched:
      - @ConditionalOnMissingBean (types: org.springframework.boot.task.TaskSchedulerBuilder; SearchStrategy: all) did not find any beans (OnBeanCondition)

   TaskSchedulingConfigurations.ThreadPoolTaskSchedulerBuilderConfiguration#threadPoolTaskSchedulerBuilder matched:
      - @ConditionalOnMissingBean (types: org.springframework.boot.task.TaskSchedulerBuilder,org.springframework.boot.task.ThreadPoolTaskSchedulerBuilder; SearchStrategy: all) did not find any beans (OnBeanCondition)

   TransactionAutoConfiguration matched:
      - @ConditionalOnClass found required class 'org.springframework.transaction.PlatformTransactionManager' (OnClassCondition)

   TransactionAutoConfiguration.TransactionTemplateConfiguration matched:
      - @ConditionalOnSingleCandidate (types: org.springframework.transaction.PlatformTransactionManager; SearchStrategy: all) found a single bean 'hibernateTransactionManager' (OnBeanCondition)

   TransactionAutoConfiguration.TransactionTemplateConfiguration#transactionTemplate matched:
      - @ConditionalOnMissingBean (types: org.springframework.transaction.support.TransactionOperations; SearchStrategy: all) did not find any beans (OnBeanCondition)

   TransactionManagerCustomizationAutoConfiguration matched:
      - @ConditionalOnClass found required class 'org.springframework.transaction.PlatformTransactionManager' (OnClassCondition)

   TransactionManagerCustomizationAutoConfiguration#platformTransactionManagerCustomizers matched:
      - @ConditionalOnMissingBean (types: org.springframework.boot.autoconfigure.transaction.TransactionManagerCustomizers; SearchStrategy: all) did not find any beans (OnBeanCondition)

   UserDetailsServiceAutoConfiguration matched:
      - @ConditionalOnClass found required class 'org.springframework.security.authentication.AuthenticationManager' (OnClassCondition)
      - AnyNestedCondition 1 matched 2 did not; NestedCondition on UserDetailsServiceAutoConfiguration.MissingAlternativeOrUserPropertiesConfigured.PasswordConfigured @ConditionalOnProperty (spring.security.user.password) did not find property 'password'; NestedCondition on UserDetailsServiceAutoConfiguration.MissingAlternativeOrUserPropertiesConfigured.NameConfigured @ConditionalOnProperty (spring.security.user.name) did not find property 'name'; NestedCondition on UserDetailsServiceAutoConfiguration.MissingAlternativeOrUserPropertiesConfigured.MissingAlternative @ConditionalOnMissingClass did not find unwanted classes 'org.springframework.security.oauth2.client.registration.ClientRegistrationRepository', 'org.springframework.security.oauth2.server.resource.introspection.OpaqueTokenIntrospector', 'org.springframework.security.saml2.provider.service.registration.RelyingPartyRegistrationRepository' (UserDetailsServiceAutoConfiguration.MissingAlternativeOrUserPropertiesConfigured)
      - @ConditionalOnBean (types: org.springframework.security.config.annotation.ObjectPostProcessor; SearchStrategy: all) found bean 'objectPostProcessor'; @ConditionalOnMissingBean (types: org.springframework.security.authentication.AuthenticationManager,org.springframework.security.authentication.AuthenticationProvider,org.springframework.security.core.userdetails.UserDetailsService,org.springframework.security.authentication.AuthenticationManagerResolver,org.springframework.security.oauth2.jwt.JwtDecoder; SearchStrategy: all) did not find any beans (OnBeanCondition)

   ValidationAutoConfiguration matched:
      - @ConditionalOnClass found required class 'jakarta.validation.executable.ExecutableValidator' (OnClassCondition)
      - @ConditionalOnResource found location classpath:META-INF/services/jakarta.validation.spi.ValidationProvider (OnResourceCondition)

   ValidationAutoConfiguration#defaultValidator matched:
      - @ConditionalOnMissingBean (types: jakarta.validation.Validator; SearchStrategy: all) did not find any beans (OnBeanCondition)

   ValidationAutoConfiguration#methodValidationPostProcessor matched:
      - @ConditionalOnMissingBean (types: org.springframework.validation.beanvalidation.MethodValidationPostProcessor; SearchStrategy: current) did not find any beans (OnBeanCondition)

   WebMvcAutoConfiguration matched:
      - @ConditionalOnClass found required classes 'jakarta.servlet.Servlet', 'org.springframework.web.servlet.DispatcherServlet', 'org.springframework.web.servlet.config.annotation.WebMvcConfigurer' (OnClassCondition)
      - found 'session' scope (OnWebApplicationCondition)
      - @ConditionalOnMissingBean (types: org.springframework.web.servlet.config.annotation.WebMvcConfigurationSupport; SearchStrategy: all) did not find any beans (OnBeanCondition)

   WebMvcAutoConfiguration#formContentFilter matched:
      - @ConditionalOnProperty (spring.mvc.formcontent.filter.enabled) matched (OnPropertyCondition)
      - @ConditionalOnMissingBean (types: org.springframework.web.filter.FormContentFilter; SearchStrategy: all) did not find any beans (OnBeanCondition)

   WebMvcAutoConfiguration.EnableWebMvcConfiguration#flashMapManager matched:
      - @ConditionalOnMissingBean (names: flashMapManager; SearchStrategy: all) did not find any beans (OnBeanCondition)

   WebMvcAutoConfiguration.EnableWebMvcConfiguration#localeResolver matched:
      - @ConditionalOnMissingBean (names: localeResolver; SearchStrategy: all) did not find any beans (OnBeanCondition)

   WebMvcAutoConfiguration.EnableWebMvcConfiguration#themeResolver matched:
      - @ConditionalOnMissingBean (names: themeResolver; SearchStrategy: all) did not find any beans (OnBeanCondition)

   WebMvcAutoConfiguration.WebMvcAutoConfigurationAdapter#defaultViewResolver matched:
      - @ConditionalOnMissingBean (types: org.springframework.web.servlet.view.InternalResourceViewResolver; SearchStrategy: all) did not find any beans (OnBeanCondition)

   WebMvcAutoConfiguration.WebMvcAutoConfigurationAdapter#requestContextFilter matched:
      - @ConditionalOnMissingBean (types: org.springframework.web.context.request.RequestContextListener,org.springframework.web.filter.RequestContextFilter; SearchStrategy: all) did not find any beans (OnBeanCondition)

   WebMvcAutoConfiguration.WebMvcAutoConfigurationAdapter#viewResolver matched:
      - @ConditionalOnBean (types: org.springframework.web.servlet.ViewResolver; SearchStrategy: all) found beans 'defaultViewResolver', 'beanNameViewResolver', 'mvcViewResolver'; @ConditionalOnMissingBean (names: viewResolver types: org.springframework.web.servlet.view.ContentNegotiatingViewResolver; SearchStrategy: all) did not find any beans (OnBeanCondition)

   WebSocketServletAutoConfiguration matched:
      - @ConditionalOnClass found required classes 'jakarta.servlet.Servlet', 'jakarta.websocket.server.ServerContainer' (OnClassCondition)
      - found 'session' scope (OnWebApplicationCondition)

   WebSocketServletAutoConfiguration.TomcatWebSocketConfiguration matched:
      - @ConditionalOnClass found required classes 'org.apache.catalina.startup.Tomcat', 'org.apache.tomcat.websocket.server.WsSci' (OnClassCondition)

   WebSocketServletAutoConfiguration.TomcatWebSocketConfiguration#websocketServletWebServerCustomizer matched:
      - @ConditionalOnMissingBean (names: websocketServletWebServerCustomizer; SearchStrategy: all) did not find any beans (OnBeanCondition)


Negative matches:
-----------------

   ActiveMQAutoConfiguration:
      Did not match:
         - @ConditionalOnClass did not find required class 'jakarta.jms.ConnectionFactory' (OnClassCondition)

   AopAutoConfiguration.AspectJAutoProxyingConfiguration.JdkDynamicAutoProxyConfiguration:
      Did not match:
         - @ConditionalOnProperty (spring.aop.proxy-target-class=false) did not find property 'proxy-target-class' (OnPropertyCondition)

   AopAutoConfiguration.ClassProxyingConfiguration:
      Did not match:
         - @ConditionalOnMissingClass found unwanted class 'org.aspectj.weaver.Advice' (OnClassCondition)

   ArtemisAutoConfiguration:
      Did not match:
         - @ConditionalOnClass did not find required class 'jakarta.jms.ConnectionFactory' (OnClassCondition)

   BatchAutoConfiguration:
      Did not match:
         - @ConditionalOnClass did not find required class 'org.springframework.batch.core.launch.JobLauncher' (OnClassCondition)

   Cache2kCacheConfiguration:
      Did not match:
         - @ConditionalOnClass did not find required class 'org.cache2k.Cache2kBuilder' (OnClassCondition)

   CacheAutoConfiguration:
      Did not match:
         - @ConditionalOnBean (types: org.springframework.cache.interceptor.CacheAspectSupport; SearchStrategy: all) did not find any beans of type org.springframework.cache.interceptor.CacheAspectSupport (OnBeanCondition)
      Matched:
         - @ConditionalOnClass found required class 'org.springframework.cache.CacheManager' (OnClassCondition)

   CacheAutoConfiguration.CacheManagerEntityManagerFactoryDependsOnPostProcessor:
      Did not match:
         - Ancestor org.springframework.boot.autoconfigure.cache.CacheAutoConfiguration did not match (ConditionEvaluationReport.AncestorsMatchedCondition)
      Matched:
         - @ConditionalOnClass found required class 'org.springframework.orm.jpa.LocalContainerEntityManagerFactoryBean' (OnClassCondition)

   CaffeineCacheConfiguration:
      Did not match:
         - @ConditionalOnClass did not find required class 'com.github.benmanes.caffeine.cache.Caffeine' (OnClassCondition)

   CassandraAutoConfiguration:
      Did not match:
         - @ConditionalOnClass did not find required class 'com.datastax.oss.driver.api.core.CqlSession' (OnClassCondition)

   CassandraDataAutoConfiguration:
      Did not match:
         - @ConditionalOnClass did not find required class 'com.datastax.oss.driver.api.core.CqlSession' (OnClassCondition)

   CassandraReactiveDataAutoConfiguration:
      Did not match:
         - @ConditionalOnClass did not find required class 'com.datastax.oss.driver.api.core.CqlSession' (OnClassCondition)

   CassandraReactiveRepositoriesAutoConfiguration:
      Did not match:
         - @ConditionalOnClass did not find required class 'org.springframework.data.cassandra.ReactiveSession' (OnClassCondition)

   CassandraRepositoriesAutoConfiguration:
      Did not match:
         - @ConditionalOnClass did not find required class 'com.datastax.oss.driver.api.core.CqlSession' (OnClassCondition)

   ClientHttpConnectorAutoConfiguration:
      Did not match:
         - @ConditionalOnClass did not find required class 'org.springframework.web.reactive.function.client.WebClient' (OnClassCondition)

   CodecsAutoConfiguration:
      Did not match:
         - @ConditionalOnClass did not find required class 'org.springframework.web.reactive.function.client.WebClient' (OnClassCondition)

   CouchbaseAutoConfiguration:
      Did not match:
         - @ConditionalOnClass did not find required class 'com.couchbase.client.java.Cluster' (OnClassCondition)

   CouchbaseCacheConfiguration:
      Did not match:
         - @ConditionalOnClass did not find required class 'com.couchbase.client.java.Cluster' (OnClassCondition)

   CouchbaseDataAutoConfiguration:
      Did not match:
         - @ConditionalOnClass did not find required class 'com.couchbase.client.java.Bucket' (OnClassCondition)

   CouchbaseReactiveDataAutoConfiguration:
      Did not match:
         - @ConditionalOnClass did not find required class 'com.couchbase.client.java.Cluster' (OnClassCondition)

   CouchbaseReactiveRepositoriesAutoConfiguration:
      Did not match:
         - @ConditionalOnClass did not find required class 'com.couchbase.client.java.Cluster' (OnClassCondition)

   CouchbaseRepositoriesAutoConfiguration:
      Did not match:
         - @ConditionalOnClass did not find required class 'com.couchbase.client.java.Bucket' (OnClassCondition)

   DataSourceAutoConfiguration.EmbeddedDatabaseConfiguration:
      Did not match:
         - EmbeddedDataSource spring.datasource.url is set (DataSourceAutoConfiguration.EmbeddedDatabaseCondition)

   DataSourceAutoConfiguration.PooledDataSourceConfiguration:
      Did not match:
         - @ConditionalOnMissingBean (types: javax.sql.DataSource,javax.sql.XADataSource; SearchStrategy: all) found beans of type 'javax.sql.DataSource' dataSource (OnBeanCondition)
      Matched:
         - AnyNestedCondition 1 matched 1 did not; NestedCondition on DataSourceAutoConfiguration.PooledDataSourceCondition.PooledDataSourceAvailable PooledDataSource found supported DataSource; NestedCondition on DataSourceAutoConfiguration.PooledDataSourceCondition.ExplicitType @ConditionalOnProperty (spring.datasource.type) did not find property 'type' (DataSourceAutoConfiguration.PooledDataSourceCondition)

   DataSourceCheckpointRestoreConfiguration:
      Did not match:
         - @ConditionalOnClass did not find required class 'org.crac.Resource' (OnClassCondition)

   DataSourceConfiguration.Generic:
      Did not match:
         - @ConditionalOnProperty (spring.datasource.type) did not find property 'spring.datasource.type' (OnPropertyCondition)

   DataSourceConfiguration.OracleUcp:
      Did not match:
         - @ConditionalOnClass did not find required classes 'oracle.ucp.jdbc.PoolDataSourceImpl', 'oracle.jdbc.OracleConnection' (OnClassCondition)

   DataSourceConfiguration.Tomcat:
      Did not match:
         - @ConditionalOnClass did not find required class 'org.apache.tomcat.jdbc.pool.DataSource' (OnClassCondition)

   DataSourceJmxConfiguration:
      Did not match:
         - @ConditionalOnProperty (spring.jmx.enabled=true) found different value in property 'enabled' (OnPropertyCondition)

   DataSourcePoolMetadataProvidersConfiguration.OracleUcpPoolDataSourceMetadataProviderConfiguration:
      Did not match:
         - @ConditionalOnClass did not find required classes 'oracle.ucp.jdbc.PoolDataSource', 'oracle.jdbc.OracleConnection' (OnClassCondition)

   DataSourcePoolMetadataProvidersConfiguration.TomcatDataSourcePoolMetadataProviderConfiguration:
      Did not match:
         - @ConditionalOnClass did not find required class 'org.apache.tomcat.jdbc.pool.DataSource' (OnClassCondition)

   DataSourceTransactionManagerAutoConfiguration.JdbcTransactionManagerConfiguration#transactionManager:
      Did not match:
         - @ConditionalOnMissingBean (types: org.springframework.transaction.TransactionManager; SearchStrategy: all) found beans of type 'org.springframework.transaction.TransactionManager' hibernateTransactionManager (OnBeanCondition)

   DispatcherServletAutoConfiguration.DispatcherServletConfiguration#multipartResolver:
      Did not match:
         - @ConditionalOnBean (types: org.springframework.web.multipart.MultipartResolver; SearchStrategy: all) did not find any beans of type org.springframework.web.multipart.MultipartResolver (OnBeanCondition)

   ElasticsearchClientAutoConfiguration:
      Did not match:
         - @ConditionalOnClass did not find required class 'co.elastic.clients.elasticsearch.ElasticsearchClient' (OnClassCondition)

   ElasticsearchDataAutoConfiguration:
      Did not match:
         - @ConditionalOnClass did not find required class 'org.springframework.data.elasticsearch.client.elc.ElasticsearchTemplate' (OnClassCondition)

   ElasticsearchRepositoriesAutoConfiguration:
      Did not match:
         - @ConditionalOnClass did not find required class 'org.springframework.data.elasticsearch.repository.ElasticsearchRepository' (OnClassCondition)

   ElasticsearchRestClientAutoConfiguration:
      Did not match:
         - @ConditionalOnClass did not find required class 'org.elasticsearch.client.RestClientBuilder' (OnClassCondition)

   EmbeddedLdapAutoConfiguration:
      Did not match:
         - @ConditionalOnClass did not find required class 'com.unboundid.ldap.listener.InMemoryDirectoryServer' (OnClassCondition)

   EmbeddedWebServerFactoryCustomizerAutoConfiguration:
      Did not match:
         - Application is deployed as a WAR file. (OnWarDeploymentCondition)
      Matched:
         - @ConditionalOnWebApplication (required) found 'session' scope (OnWebApplicationCondition)

   ErrorWebFluxAutoConfiguration:
      Did not match:
         - @ConditionalOnClass did not find required class 'org.springframework.web.reactive.config.WebFluxConfigurer' (OnClassCondition)

   FlywayAutoConfiguration:
      Did not match:
         - @ConditionalOnClass did not find required class 'org.flywaydb.core.Flyway' (OnClassCondition)

   FreeMarkerAutoConfiguration:
      Did not match:
         - @ConditionalOnClass did not find required class 'freemarker.template.Configuration' (OnClassCondition)

   GraphQlAutoConfiguration:
      Did not match:
         - @ConditionalOnClass did not find required class 'graphql.GraphQL' (OnClassCondition)

   GraphQlQueryByExampleAutoConfiguration:
      Did not match:
         - @ConditionalOnClass did not find required class 'graphql.GraphQL' (OnClassCondition)

   GraphQlQuerydslAutoConfiguration:
      Did not match:
         - @ConditionalOnClass did not find required class 'com.querydsl.core.Query' (OnClassCondition)

   GraphQlRSocketAutoConfiguration:
      Did not match:
         - @ConditionalOnClass did not find required class 'graphql.GraphQL' (OnClassCondition)

   GraphQlReactiveQueryByExampleAutoConfiguration:
      Did not match:
         - @ConditionalOnClass did not find required class 'graphql.GraphQL' (OnClassCondition)

   GraphQlReactiveQuerydslAutoConfiguration:
      Did not match:
         - @ConditionalOnClass did not find required class 'com.querydsl.core.Query' (OnClassCondition)

   GraphQlWebFluxAutoConfiguration:
      Did not match:
         - @ConditionalOnClass did not find required class 'graphql.GraphQL' (OnClassCondition)

   GraphQlWebFluxSecurityAutoConfiguration:
      Did not match:
         - @ConditionalOnClass did not find required class 'graphql.GraphQL' (OnClassCondition)

   GraphQlWebMvcAutoConfiguration:
      Did not match:
         - @ConditionalOnClass did not find required class 'graphql.GraphQL' (OnClassCondition)

   GraphQlWebMvcSecurityAutoConfiguration:
      Did not match:
         - @ConditionalOnClass did not find required class 'graphql.GraphQL' (OnClassCondition)

   GroovyTemplateAutoConfiguration:
      Did not match:
         - @ConditionalOnClass did not find required class 'groovy.text.markup.MarkupTemplateEngine' (OnClassCondition)

   GsonAutoConfiguration:
      Did not match:
         - @ConditionalOnClass did not find required class 'com.google.gson.Gson' (OnClassCondition)

   GsonHttpMessageConvertersConfiguration:
      Did not match:
         - @ConditionalOnClass did not find required class 'com.google.gson.Gson' (OnClassCondition)

   H2ConsoleAutoConfiguration:
      Did not match:
         - @ConditionalOnClass did not find required class 'org.h2.server.web.JakartaWebServlet' (OnClassCondition)

   HazelcastAutoConfiguration:
      Did not match:
         - @ConditionalOnClass did not find required class 'com.hazelcast.core.HazelcastInstance' (OnClassCondition)

   HazelcastCacheConfiguration:
      Did not match:
         - @ConditionalOnClass did not find required class 'com.hazelcast.core.HazelcastInstance' (OnClassCondition)

   HazelcastJpaDependencyAutoConfiguration:
      Did not match:
         - @ConditionalOnClass did not find required class 'com.hazelcast.core.HazelcastInstance' (OnClassCondition)

   HttpHandlerAutoConfiguration:
      Did not match:
         - @ConditionalOnClass did not find required class 'org.springframework.web.reactive.DispatcherHandler' (OnClassCondition)

   HypermediaAutoConfiguration.HypermediaConfiguration:
      Did not match:
         - @ConditionalOnMissingBean (types: org.springframework.hateoas.client.LinkDiscoverers; SearchStrategy: all) found beans of type 'org.springframework.hateoas.client.LinkDiscoverers' linkDiscoverers (OnBeanCondition)
      Matched:
         - @ConditionalOnClass found required class 'com.fasterxml.jackson.databind.ObjectMapper' (OnClassCondition)

   InfinispanCacheConfiguration:
      Did not match:
         - @ConditionalOnClass did not find required class 'org.infinispan.spring.embedded.provider.SpringEmbeddedCacheManager' (OnClassCondition)

   InfluxDbAutoConfiguration:
      Did not match:
         - @ConditionalOnClass did not find required class 'org.influxdb.InfluxDB' (OnClassCondition)

   IntegrationAutoConfiguration:
      Did not match:
         - @ConditionalOnClass did not find required class 'org.springframework.integration.config.EnableIntegration' (OnClassCondition)

   JCacheCacheConfiguration:
      Did not match:
         - @ConditionalOnClass did not find required class 'javax.cache.Caching' (OnClassCondition)

   JacksonHttpMessageConvertersConfiguration.MappingJackson2XmlHttpMessageConverterConfiguration:
      Did not match:
         - @ConditionalOnClass did not find required class 'com.fasterxml.jackson.dataformat.xml.XmlMapper' (OnClassCondition)

   JdbcRepositoriesAutoConfiguration:
      Did not match:
         - @ConditionalOnClass did not find required class 'org.springframework.data.jdbc.repository.config.AbstractJdbcConfiguration' (OnClassCondition)

   JerseyAutoConfiguration:
      Did not match:
         - @ConditionalOnClass did not find required class 'org.glassfish.jersey.server.spring.SpringComponentProvider' (OnClassCondition)

   JmsAutoConfiguration:
      Did not match:
         - @ConditionalOnClass did not find required class 'jakarta.jms.Message' (OnClassCondition)

   JmxAutoConfiguration:
      Did not match:
         - @ConditionalOnProperty (spring.jmx.enabled=true) found different value in property 'enabled' (OnPropertyCondition)
      Matched:
         - @ConditionalOnClass found required class 'org.springframework.jmx.export.MBeanExporter' (OnClassCondition)

   JndiConnectionFactoryAutoConfiguration:
      Did not match:
         - @ConditionalOnClass did not find required class 'org.springframework.jms.core.JmsTemplate' (OnClassCondition)

   JndiDataSourceAutoConfiguration:
      Did not match:
         - @ConditionalOnProperty (spring.datasource.jndi-name) did not find property 'jndi-name' (OnPropertyCondition)
      Matched:
         - @ConditionalOnClass found required classes 'javax.sql.DataSource', 'org.springframework.jdbc.datasource.embedded.EmbeddedDatabaseType' (OnClassCondition)

   JndiJtaConfiguration:
      Did not match:
         - @ConditionalOnJndi JNDI environment is not available (OnJndiCondition)
      Matched:
         - @ConditionalOnClass found required class 'org.springframework.transaction.jta.JtaTransactionManager' (OnClassCondition)

   JooqAutoConfiguration:
      Did not match:
         - @ConditionalOnClass did not find required class 'org.jooq.DSLContext' (OnClassCondition)

   JpaBaseConfiguration#entityManagerFactory:
      Did not match:
         - @ConditionalOnMissingBean (types: org.springframework.orm.jpa.LocalContainerEntityManagerFactoryBean,jakarta.persistence.EntityManagerFactory; SearchStrategy: all) found beans of type 'jakarta.persistence.EntityManagerFactory' entityManagerFactory and found beans of type 'org.springframework.orm.jpa.LocalContainerEntityManagerFactoryBean' &entityManagerFactory (OnBeanCondition)

   JpaBaseConfiguration#transactionManager:
      Did not match:
         - @ConditionalOnMissingBean (types: org.springframework.transaction.TransactionManager; SearchStrategy: all) found beans of type 'org.springframework.transaction.TransactionManager' hibernateTransactionManager (OnBeanCondition)

   JpaBaseConfiguration.PersistenceManagedTypesConfiguration:
      Did not match:
         - @ConditionalOnMissingBean (types: org.springframework.orm.jpa.LocalContainerEntityManagerFactoryBean,jakarta.persistence.EntityManagerFactory; SearchStrategy: all) found beans of type 'jakarta.persistence.EntityManagerFactory' entityManagerFactory and found beans of type 'org.springframework.orm.jpa.LocalContainerEntityManagerFactoryBean' &entityManagerFactory (OnBeanCondition)

   JpaRepositoriesAutoConfiguration#entityManagerFactoryBootstrapExecutorCustomizer:
      Did not match:
         - AnyNestedCondition 0 matched 2 did not; NestedCondition on JpaRepositoriesAutoConfiguration.BootstrapExecutorCondition.LazyBootstrapMode @ConditionalOnProperty (spring.data.jpa.repositories.bootstrap-mode=lazy) did not find property 'bootstrap-mode'; NestedCondition on JpaRepositoriesAutoConfiguration.BootstrapExecutorCondition.DeferredBootstrapMode @ConditionalOnProperty (spring.data.jpa.repositories.bootstrap-mode=deferred) did not find property 'bootstrap-mode' (JpaRepositoriesAutoConfiguration.BootstrapExecutorCondition)

   JsonbAutoConfiguration:
      Did not match:
         - @ConditionalOnClass did not find required class 'jakarta.json.bind.Jsonb' (OnClassCondition)

   JsonbHttpMessageConvertersConfiguration:
      Did not match:
         - @ConditionalOnClass did not find required class 'jakarta.json.bind.Jsonb' (OnClassCondition)

   KafkaAutoConfiguration:
      Did not match:
         - @ConditionalOnClass did not find required class 'org.springframework.kafka.core.KafkaTemplate' (OnClassCondition)

   LdapAutoConfiguration:
      Did not match:
         - @ConditionalOnClass did not find required class 'org.springframework.ldap.core.ContextSource' (OnClassCondition)

   LdapRepositoriesAutoConfiguration:
      Did not match:
         - @ConditionalOnClass did not find required class 'org.springframework.data.ldap.repository.LdapRepository' (OnClassCondition)

   LiquibaseAutoConfiguration:
      Did not match:
         - @ConditionalOnClass did not find required class 'liquibase.change.DatabaseChange' (OnClassCondition)

   MailSenderAutoConfiguration:
      Did not match:
         - @ConditionalOnClass did not find required class 'jakarta.mail.internet.MimeMessage' (OnClassCondition)

   MailSenderValidatorAutoConfiguration:
      Did not match:
         - @ConditionalOnSingleCandidate did not find required type 'org.springframework.mail.javamail.JavaMailSenderImpl' (OnBeanCondition)

   MessageSourceAutoConfiguration:
      Did not match:
         - ResourceBundle did not find bundle with basename messages (MessageSourceAutoConfiguration.ResourceBundleCondition)

   MongoAutoConfiguration:
      Did not match:
         - @ConditionalOnClass did not find required class 'com.mongodb.client.MongoClient' (OnClassCondition)

   MongoDataAutoConfiguration:
      Did not match:
         - @ConditionalOnClass did not find required class 'com.mongodb.client.MongoClient' (OnClassCondition)

   MongoReactiveAutoConfiguration:
      Did not match:
         - @ConditionalOnClass did not find required class 'com.mongodb.reactivestreams.client.MongoClient' (OnClassCondition)

   MongoReactiveDataAutoConfiguration:
      Did not match:
         - @ConditionalOnClass did not find required class 'com.mongodb.reactivestreams.client.MongoClient' (OnClassCondition)

   MongoReactiveRepositoriesAutoConfiguration:
      Did not match:
         - @ConditionalOnClass did not find required class 'com.mongodb.reactivestreams.client.MongoClient' (OnClassCondition)

   MongoRepositoriesAutoConfiguration:
      Did not match:
         - @ConditionalOnClass did not find required class 'com.mongodb.client.MongoClient' (OnClassCondition)

   MustacheAutoConfiguration:
      Did not match:
         - @ConditionalOnClass did not find required class 'com.samskivert.mustache.Mustache' (OnClassCondition)

   Neo4jAutoConfiguration:
      Did not match:
         - @ConditionalOnClass did not find required class 'org.neo4j.driver.Driver' (OnClassCondition)

   Neo4jDataAutoConfiguration:
      Did not match:
         - @ConditionalOnClass did not find required class 'org.neo4j.driver.Driver' (OnClassCondition)

   Neo4jReactiveDataAutoConfiguration:
      Did not match:
         - @ConditionalOnClass did not find required class 'org.neo4j.driver.Driver' (OnClassCondition)

   Neo4jReactiveRepositoriesAutoConfiguration:
      Did not match:
         - @ConditionalOnClass did not find required class 'org.neo4j.driver.Driver' (OnClassCondition)

   Neo4jRepositoriesAutoConfiguration:
      Did not match:
         - @ConditionalOnClass did not find required class 'org.neo4j.driver.Driver' (OnClassCondition)

   NettyAutoConfiguration:
      Did not match:
         - @ConditionalOnClass did not find required class 'io.netty.util.NettyRuntime' (OnClassCondition)

   OAuth2AuthorizationServerAutoConfiguration:
      Did not match:
         - @ConditionalOnClass did not find required class 'org.springframework.security.oauth2.server.authorization.OAuth2Authorization' (OnClassCondition)

   OAuth2AuthorizationServerJwtAutoConfiguration:
      Did not match:
         - @ConditionalOnClass did not find required class 'org.springframework.security.oauth2.server.authorization.OAuth2Authorization' (OnClassCondition)

   OAuth2ClientAutoConfiguration:
      Did not match:
         - @ConditionalOnClass did not find required class 'org.springframework.security.oauth2.client.registration.ClientRegistration' (OnClassCondition)

   OAuth2ResourceServerAutoConfiguration:
      Did not match:
         - @ConditionalOnClass did not find required class 'org.springframework.security.oauth2.server.resource.authentication.BearerTokenAuthenticationToken' (OnClassCondition)

   ProjectInfoAutoConfiguration#buildProperties:
      Did not match:
         - @ConditionalOnResource did not find resource '${spring.info.build.location:classpath:META-INF/build-info.properties}' (OnResourceCondition)

   ProjectInfoAutoConfiguration#gitProperties:
      Did not match:
         - GitResource did not find git info at classpath:git.properties (ProjectInfoAutoConfiguration.GitResourceAvailableCondition)

   PulsarAutoConfiguration:
      Did not match:
         - @ConditionalOnClass did not find required class 'org.apache.pulsar.client.api.PulsarClient' (OnClassCondition)

   PulsarReactiveAutoConfiguration:
      Did not match:
         - @ConditionalOnClass did not find required class 'org.apache.pulsar.client.api.PulsarClient' (OnClassCondition)

   QuartzAutoConfiguration:
      Did not match:
         - @ConditionalOnClass did not find required class 'org.quartz.Scheduler' (OnClassCondition)

   R2dbcAutoConfiguration:
      Did not match:
         - @ConditionalOnClass did not find required class 'io.r2dbc.spi.ConnectionFactory' (OnClassCondition)

   R2dbcDataAutoConfiguration:
      Did not match:
         - @ConditionalOnClass did not find required class 'org.springframework.data.r2dbc.core.R2dbcEntityTemplate' (OnClassCondition)

   R2dbcInitializationConfiguration:
      Did not match:
         - @ConditionalOnClass did not find required classes 'io.r2dbc.spi.ConnectionFactory', 'org.springframework.r2dbc.connection.init.DatabasePopulator' (OnClassCondition)

   R2dbcRepositoriesAutoConfiguration:
      Did not match:
         - @ConditionalOnClass did not find required class 'io.r2dbc.spi.ConnectionFactory' (OnClassCondition)

   R2dbcTransactionManagerAutoConfiguration:
      Did not match:
         - @ConditionalOnClass did not find required class 'org.springframework.r2dbc.connection.R2dbcTransactionManager' (OnClassCondition)

   RSocketGraphQlClientAutoConfiguration:
      Did not match:
         - @ConditionalOnClass did not find required class 'graphql.GraphQL' (OnClassCondition)

   RSocketMessagingAutoConfiguration:
      Did not match:
         - @ConditionalOnClass did not find required class 'io.rsocket.RSocket' (OnClassCondition)

   RSocketRequesterAutoConfiguration:
      Did not match:
         - @ConditionalOnClass did not find required class 'io.rsocket.RSocket' (OnClassCondition)

   RSocketSecurityAutoConfiguration:
      Did not match:
         - @ConditionalOnClass did not find required class 'org.springframework.security.rsocket.core.SecuritySocketAcceptorInterceptor' (OnClassCondition)

   RSocketServerAutoConfiguration:
      Did not match:
         - @ConditionalOnClass did not find required class 'io.rsocket.core.RSocketServer' (OnClassCondition)

   RSocketStrategiesAutoConfiguration:
      Did not match:
         - @ConditionalOnClass did not find required class 'io.netty.buffer.PooledByteBufAllocator' (OnClassCondition)

   RabbitAutoConfiguration:
      Did not match:
         - @ConditionalOnClass did not find required class 'com.rabbitmq.client.Channel' (OnClassCondition)

   ReactiveElasticsearchClientAutoConfiguration:
      Did not match:
         - @ConditionalOnClass did not find required class 'co.elastic.clients.transport.ElasticsearchTransport' (OnClassCondition)

   ReactiveElasticsearchRepositoriesAutoConfiguration:
      Did not match:
         - @ConditionalOnClass did not find required class 'org.springframework.data.elasticsearch.client.elc.ReactiveElasticsearchClient' (OnClassCondition)

   ReactiveMultipartAutoConfiguration:
      Did not match:
         - @ConditionalOnClass did not find required class 'org.springframework.web.reactive.config.WebFluxConfigurer' (OnClassCondition)

   ReactiveOAuth2ClientAutoConfiguration:
      Did not match:
         - @ConditionalOnClass did not find required class 'reactor.core.publisher.Flux' (OnClassCondition)

   ReactiveOAuth2ResourceServerAutoConfiguration:
      Did not match:
         - @ConditionalOnWebApplication did not find reactive web application classes (OnWebApplicationCondition)

   ReactiveSecurityAutoConfiguration:
      Did not match:
         - @ConditionalOnClass did not find required class 'reactor.core.publisher.Flux' (OnClassCondition)

   ReactiveUserDetailsServiceAutoConfiguration:
      Did not match:
         - AnyNestedCondition 0 matched 2 did not; NestedCondition on ReactiveUserDetailsServiceAutoConfiguration.RSocketEnabledOrReactiveWebApplication.ReactiveWebApplicationCondition did not find reactive web application classes; NestedCondition on ReactiveUserDetailsServiceAutoConfiguration.RSocketEnabledOrReactiveWebApplication.RSocketSecurityEnabledCondition @ConditionalOnBean (types: org.springframework.messaging.rsocket.annotation.support.RSocketMessageHandler; SearchStrategy: all) did not find any beans of type org.springframework.messaging.rsocket.annotation.support.RSocketMessageHandler (ReactiveUserDetailsServiceAutoConfiguration.RSocketEnabledOrReactiveWebApplication)
      Matched:
         - @ConditionalOnClass found required class 'org.springframework.security.authentication.ReactiveAuthenticationManager' (OnClassCondition)
         - AnyNestedCondition 1 matched 2 did not; NestedCondition on ReactiveUserDetailsServiceAutoConfiguration.MissingAlternativeOrUserPropertiesConfigured.PasswordConfigured @ConditionalOnProperty (spring.security.user.password) did not find property 'password'; NestedCondition on ReactiveUserDetailsServiceAutoConfiguration.MissingAlternativeOrUserPropertiesConfigured.NameConfigured @ConditionalOnProperty (spring.security.user.name) did not find property 'name'; NestedCondition on ReactiveUserDetailsServiceAutoConfiguration.MissingAlternativeOrUserPropertiesConfigured.MissingAlternative @ConditionalOnMissingClass did not find unwanted classes 'org.springframework.security.oauth2.client.registration.ClientRegistrationRepository', 'org.springframework.security.oauth2.server.resource.introspection.ReactiveOpaqueTokenIntrospector' (ReactiveUserDetailsServiceAutoConfiguration.MissingAlternativeOrUserPropertiesConfigured)

   ReactiveWebServerFactoryAutoConfiguration:
      Did not match:
         - @ConditionalOnWebApplication did not find reactive web application classes (OnWebApplicationCondition)

   ReactorAutoConfiguration:
      Did not match:
         - @ConditionalOnClass did not find required class 'reactor.core.publisher.Hooks' (OnClassCondition)

   RedisAutoConfiguration:
      Did not match:
         - @ConditionalOnClass did not find required class 'org.springframework.data.redis.core.RedisOperations' (OnClassCondition)

   RedisCacheConfiguration:
      Did not match:
         - @ConditionalOnClass did not find required class 'org.springframework.data.redis.connection.RedisConnectionFactory' (OnClassCondition)

   RedisReactiveAutoConfiguration:
      Did not match:
         - @ConditionalOnClass did not find required class 'reactor.core.publisher.Flux' (OnClassCondition)

   RedisRepositoriesAutoConfiguration:
      Did not match:
         - @ConditionalOnClass did not find required class 'org.springframework.data.redis.repository.configuration.EnableRedisRepositories' (OnClassCondition)

   Saml2RelyingPartyAutoConfiguration:
      Did not match:
         - @ConditionalOnClass did not find required class 'org.springframework.security.saml2.provider.service.registration.RelyingPartyRegistrationRepository' (OnClassCondition)

   SecurityDataConfiguration:
      Did not match:
         - @ConditionalOnClass did not find required class 'org.springframework.security.data.repository.query.SecurityEvaluationContextExtension' (OnClassCondition)

   SendGridAutoConfiguration:
      Did not match:
         - @ConditionalOnClass did not find required class 'com.sendgrid.SendGrid' (OnClassCondition)

   ServletWebServerFactoryAutoConfiguration.ForwardedHeaderFilterConfiguration:
      Did not match:
         - @ConditionalOnProperty (server.forward-headers-strategy=framework) did not find property 'server.forward-headers-strategy' (OnPropertyCondition)

   ServletWebServerFactoryConfiguration.EmbeddedJetty:
      Did not match:
         - @ConditionalOnClass did not find required classes 'org.eclipse.jetty.server.Server', 'org.eclipse.jetty.util.Loader', 'org.eclipse.jetty.ee10.webapp.WebAppContext' (OnClassCondition)

   ServletWebServerFactoryConfiguration.EmbeddedUndertow:
      Did not match:
         - @ConditionalOnClass did not find required classes 'io.undertow.Undertow', 'org.xnio.SslClientAuthMode' (OnClassCondition)

   SessionAutoConfiguration:
      Did not match:
         - @ConditionalOnClass did not find required class 'org.springframework.session.Session' (OnClassCondition)

   SpringApplicationAdminJmxAutoConfiguration:
      Did not match:
         - @ConditionalOnProperty (spring.application.admin.enabled=true) did not find property 'enabled' (OnPropertyCondition)

   SpringDataWebAutoConfiguration:
      Did not match:
         - @ConditionalOnMissingBean (types: org.springframework.data.web.PageableHandlerMethodArgumentResolver; SearchStrategy: all) found beans of type 'org.springframework.data.web.PageableHandlerMethodArgumentResolver' pageableResolver (OnBeanCondition)
      Matched:
         - @ConditionalOnClass found required classes 'org.springframework.data.web.PageableHandlerMethodArgumentResolver', 'org.springframework.web.servlet.config.annotation.WebMvcConfigurer' (OnClassCondition)
         - found 'session' scope (OnWebApplicationCondition)

   TaskExecutorConfigurations.SimpleAsyncTaskExecutorBuilderConfiguration#simpleAsyncTaskExecutorBuilderVirtualThreads:
      Did not match:
         - @ConditionalOnMissingBean (types: org.springframework.boot.task.SimpleAsyncTaskExecutorBuilder; SearchStrategy: all) found beans of type 'org.springframework.boot.task.SimpleAsyncTaskExecutorBuilder' simpleAsyncTaskExecutorBuilder (OnBeanCondition)

   TaskExecutorConfigurations.TaskExecutorConfiguration#applicationTaskExecutorVirtualThreads:
      Did not match:
         - @ConditionalOnThreading did not find VIRTUAL (OnThreadingCondition)

   TaskSchedulingAutoConfiguration#scheduledBeanLazyInitializationExcludeFilter:
      Did not match:
         - @ConditionalOnBean (names: org.springframework.context.annotation.internalScheduledAnnotationProcessor; SearchStrategy: all) did not find any beans named org.springframework.context.annotation.internalScheduledAnnotationProcessor (OnBeanCondition)

   TaskSchedulingConfigurations.SimpleAsyncTaskSchedulerBuilderConfiguration#simpleAsyncTaskSchedulerBuilderVirtualThreads:
      Did not match:
         - @ConditionalOnMissingBean (types: org.springframework.boot.task.SimpleAsyncTaskSchedulerBuilder; SearchStrategy: all) found beans of type 'org.springframework.boot.task.SimpleAsyncTaskSchedulerBuilder' simpleAsyncTaskSchedulerBuilder (OnBeanCondition)

   TaskSchedulingConfigurations.TaskSchedulerConfiguration:
      Did not match:
         - @ConditionalOnBean (names: org.springframework.context.annotation.internalScheduledAnnotationProcessor; SearchStrategy: all) did not find any beans named org.springframework.context.annotation.internalScheduledAnnotationProcessor (OnBeanCondition)

   ThymeleafAutoConfiguration:
      Did not match:
         - @ConditionalOnClass did not find required class 'org.thymeleaf.spring6.SpringTemplateEngine' (OnClassCondition)

   TransactionAutoConfiguration#transactionalOperator:
      Did not match:
         - @ConditionalOnSingleCandidate (types: org.springframework.transaction.ReactiveTransactionManager; SearchStrategy: all) did not find any beans (OnBeanCondition)

   TransactionAutoConfiguration.AspectJTransactionManagementConfiguration:
      Did not match:
         - @ConditionalOnBean (types: org.springframework.transaction.aspectj.AbstractTransactionAspect; SearchStrategy: all) did not find any beans of type org.springframework.transaction.aspectj.AbstractTransactionAspect (OnBeanCondition)

   TransactionAutoConfiguration.EnableTransactionManagementConfiguration:
      Did not match:
         - @ConditionalOnMissingBean (types: org.springframework.transaction.annotation.AbstractTransactionManagementConfiguration; SearchStrategy: all) found beans of type 'org.springframework.transaction.annotation.AbstractTransactionManagementConfiguration' org.springframework.transaction.annotation.ProxyTransactionManagementConfiguration (OnBeanCondition)

   TransactionAutoConfiguration.EnableTransactionManagementConfiguration.CglibAutoProxyConfiguration:
      Did not match:
         - Ancestor org.springframework.boot.autoconfigure.transaction.TransactionAutoConfiguration$EnableTransactionManagementConfiguration did not match (ConditionEvaluationReport.AncestorsMatchedCondition)
      Matched:
         - @ConditionalOnProperty (spring.aop.proxy-target-class=true) matched (OnPropertyCondition)

   TransactionAutoConfiguration.EnableTransactionManagementConfiguration.JdkDynamicAutoProxyConfiguration:
      Did not match:
         - @ConditionalOnProperty (spring.aop.proxy-target-class=false) did not find property 'proxy-target-class' (OnPropertyCondition)
         - Ancestor org.springframework.boot.autoconfigure.transaction.TransactionAutoConfiguration$EnableTransactionManagementConfiguration did not match (ConditionEvaluationReport.AncestorsMatchedCondition)

   WebClientAutoConfiguration:
      Did not match:
         - @ConditionalOnClass did not find required class 'org.springframework.web.reactive.function.client.WebClient' (OnClassCondition)

   WebFluxAutoConfiguration:
      Did not match:
         - @ConditionalOnClass did not find required class 'org.springframework.web.reactive.config.WebFluxConfigurer' (OnClassCondition)

   WebMvcAutoConfiguration#hiddenHttpMethodFilter:
      Did not match:
         - @ConditionalOnProperty (spring.mvc.hiddenmethod.filter.enabled) did not find property 'enabled' (OnPropertyCondition)

   WebMvcAutoConfiguration.ProblemDetailsErrorHandlingConfiguration:
      Did not match:
         - @ConditionalOnProperty (spring.mvc.problemdetails.enabled=true) did not find property 'enabled' (OnPropertyCondition)

   WebMvcAutoConfiguration.ResourceChainCustomizerConfiguration:
      Did not match:
         - @ConditionalOnEnabledResourceChain did not find class org.webjars.WebJarAssetLocator (OnEnabledResourceChainCondition)

   WebMvcAutoConfiguration.WebMvcAutoConfigurationAdapter#beanNameViewResolver:
      Did not match:
         - @ConditionalOnMissingBean (types: org.springframework.web.servlet.view.BeanNameViewResolver; SearchStrategy: all) found beans of type 'org.springframework.web.servlet.view.BeanNameViewResolver' beanNameViewResolver (OnBeanCondition)

   WebServiceTemplateAutoConfiguration:
      Did not match:
         - @ConditionalOnClass did not find required class 'org.springframework.oxm.Marshaller' (OnClassCondition)

   WebServicesAutoConfiguration:
      Did not match:
         - @ConditionalOnClass did not find required class 'org.springframework.ws.transport.http.MessageDispatcherServlet' (OnClassCondition)

   WebSessionIdResolverAutoConfiguration:
      Did not match:
         - @ConditionalOnClass did not find required class 'reactor.core.publisher.Mono' (OnClassCondition)

   WebSocketMessagingAutoConfiguration:
      Did not match:
         - @ConditionalOnClass did not find required class 'org.springframework.web.socket.config.annotation.WebSocketMessageBrokerConfigurer' (OnClassCondition)

   WebSocketReactiveAutoConfiguration:
      Did not match:
         - @ConditionalOnWebApplication did not find reactive web application classes (OnWebApplicationCondition)

   WebSocketServletAutoConfiguration.JettyWebSocketConfiguration:
      Did not match:
         - @ConditionalOnClass did not find required class 'org.eclipse.jetty.ee10.websocket.jakarta.server.config.JakartaWebSocketServletContainerInitializer' (OnClassCondition)

   WebSocketServletAutoConfiguration.UndertowWebSocketConfiguration:
      Did not match:
         - @ConditionalOnClass did not find required class 'io.undertow.websockets.jsr.Bootstrap' (OnClassCondition)

   XADataSourceAutoConfiguration:
      Did not match:
         - @ConditionalOnBean (types: org.springframework.boot.jdbc.XADataSourceWrapper; SearchStrategy: all) did not find any beans of type org.springframework.boot.jdbc.XADataSourceWrapper (OnBeanCondition)
      Matched:
         - @ConditionalOnClass found required classes 'javax.sql.DataSource', 'jakarta.transaction.TransactionManager', 'org.springframework.jdbc.datasource.embedded.EmbeddedDatabaseType' (OnClassCondition)


Exclusions:
-----------

    None


Unconditional classes:
----------------------

    org.springframework.boot.autoconfigure.context.ConfigurationPropertiesAutoConfiguration

    org.springframework.boot.autoconfigure.ssl.SslAutoConfiguration

    org.springframework.boot.autoconfigure.context.LifecycleAutoConfiguration

    org.springframework.boot.autoconfigure.context.PropertyPlaceholderAutoConfiguration

    org.springframework.boot.autoconfigure.availability.ApplicationAvailabilityAutoConfiguration

    org.springframework.boot.autoconfigure.info.ProjectInfoAutoConfiguration



2024-05-17T15:11:58.205+02:00 TRACE 4684 --- [clothlogix] [           main] o.s.b.f.s.DefaultListableBeanFactory     : Returning cached instance of singleton bean 'welcomePageHandlerMapping'
2024-05-17T15:11:58.205+02:00 TRACE 4684 --- [clothlogix] [           main] o.s.b.f.s.DefaultListableBeanFactory     : Returning cached instance of singleton bean 'welcomePageNotAcceptableHandlerMapping'
2024-05-17T15:11:58.205+02:00 TRACE 4684 --- [clothlogix] [           main] o.s.b.f.s.DefaultListableBeanFactory     : Returning cached instance of singleton bean 'requestMappingHandlerMapping'
2024-05-17T15:11:58.205+02:00 TRACE 4684 --- [clothlogix] [           main] o.s.b.f.s.DefaultListableBeanFactory     : Returning cached instance of singleton bean 'viewControllerHandlerMapping'
2024-05-17T15:11:58.205+02:00 TRACE 4684 --- [clothlogix] [           main] o.s.b.f.s.DefaultListableBeanFactory     : Returning cached instance of singleton bean 'beanNameHandlerMapping'
2024-05-17T15:11:58.205+02:00 TRACE 4684 --- [clothlogix] [           main] o.s.b.f.s.DefaultListableBeanFactory     : Returning cached instance of singleton bean 'routerFunctionMapping'
2024-05-17T15:11:58.205+02:00 TRACE 4684 --- [clothlogix] [           main] o.s.b.f.s.DefaultListableBeanFactory     : Returning cached instance of singleton bean 'resourceHandlerMapping'
2024-05-17T15:11:58.205+02:00 TRACE 4684 --- [clothlogix] [           main] o.s.b.f.s.DefaultListableBeanFactory     : Returning cached instance of singleton bean 'defaultServletHandlerMapping'
2024-05-17T15:11:58.205+02:00 TRACE 4684 --- [clothlogix] [           main] o.s.b.f.s.DefaultListableBeanFactory     : Returning cached instance of singleton bean 'restHandlerMapping'
2024-05-17T15:11:58.205+02:00  INFO 4684 --- [clothlogix] [           main] c.f.c.ClothlogixApplicationTests         : Started ClothlogixApplicationTests in 7.277 seconds (process running for 8.611)
2024-05-17T15:11:58.212+02:00 TRACE 4684 --- [clothlogix] [           main] o.s.b.f.s.DefaultListableBeanFactory     : Returning cached instance of singleton bean 'delegatingApplicationListener'
2024-05-17T15:11:58.212+02:00 TRACE 4684 --- [clothlogix] [           main] o.s.b.f.s.DefaultListableBeanFactory     : Returning cached instance of singleton bean 'applicationAvailability'
2024-05-17T15:11:58.212+02:00 TRACE 4684 --- [clothlogix] [           main] o.s.b.f.s.DefaultListableBeanFactory     : Returning cached instance of singleton bean 'delegatingApplicationListener'
2024-05-17T15:11:58.212+02:00 DEBUG 4684 --- [clothlogix] [           main] o.s.b.a.ApplicationAvailabilityBean      : Application availability state LivenessState changed to CORRECT
2024-05-17T15:11:58.220+02:00 TRACE 4684 --- [clothlogix] [           main] o.s.b.f.s.DefaultListableBeanFactory     : Returning cached instance of singleton bean 'delegatingApplicationListener'
2024-05-17T15:11:58.222+02:00 TRACE 4684 --- [clothlogix] [           main] o.s.b.f.s.DefaultListableBeanFactory     : Returning cached instance of singleton bean 'applicationAvailability'
2024-05-17T15:11:58.222+02:00 TRACE 4684 --- [clothlogix] [           main] o.s.b.f.s.DefaultListableBeanFactory     : Returning cached instance of singleton bean 'delegatingApplicationListener'
2024-05-17T15:11:58.222+02:00 DEBUG 4684 --- [clothlogix] [           main] o.s.b.a.ApplicationAvailabilityBean      : Application availability state ReadinessState changed to ACCEPTING_TRAFFIC
2024-05-17T15:11:58.222+02:00 TRACE 4684 --- [clothlogix] [           main] c.DefaultCacheAwareContextLoaderDelegate : Storing ApplicationContext [1059080630] in cache under key [WebMergedContextConfiguration@622c658d testClass = com.fabless.clothlogix.ClothlogixApplicationTests, locations = [], classes = [com.fabless.clothlogix.ClothlogixApplication], contextInitializerClasses = [], activeProfiles = [], propertySourceDescriptors = [], propertySourceProperties = ["org.springframework.boot.test.context.SpringBootTestContextBootstrapper=true"], contextCustomizers = [org.springframework.boot.test.context.filter.ExcludeFilterContextCustomizer@d23e042, org.springframework.boot.test.json.DuplicateJsonObjectContextCustomizerFactory$DuplicateJsonObjectContextCustomizer@6cd24612, org.springframework.boot.test.mock.mockito.MockitoContextCustomizer@0, org.springframework.boot.test.web.client.TestRestTemplateContextCustomizer@45385f75, org.springframework.boot.test.autoconfigure.actuate.observability.ObservabilityContextCustomizerFactory$DisableObservabilityContextCustomizer@1f, org.springframework.boot.test.autoconfigure.properties.PropertyMappingContextCustomizer@0, org.springframework.boot.test.autoconfigure.web.servlet.WebDriverContextCustomizer@769a1df5, org.springframework.boot.test.context.SpringBootTestAnnotation@426e704a], resourceBasePath = "src/main/webapp", contextLoader = org.springframework.boot.test.context.SpringBootContextLoader, parent = null]
2024-05-17T15:11:58.222+02:00 DEBUG 4684 --- [clothlogix] [           main] org.springframework.test.context.cache   : Spring test ApplicationContext cache statistics: [DefaultContextCache@3619bc9e size = 1, maxSize = 32, parentContextCount = 0, hitCount = 0, missCount = 1, failureCount = 0]
2024-05-17T15:11:58.222+02:00 TRACE 4684 --- [clothlogix] [           main] o.s.t.c.w.ServletTestExecutionListener   : Setting up MockHttpServletRequest, MockHttpServletResponse, ServletWebRequest, and RequestContextHolder for test context [DefaultTestContext@5e609b42 testClass = com.fabless.clothlogix.ClothlogixApplicationTests, testInstance = com.fabless.clothlogix.ClothlogixApplicationTests@5fe19d0e, testMethod = null, testException = null, mergedContextConfiguration = [WebMergedContextConfiguration@622c658d testClass = com.fabless.clothlogix.ClothlogixApplicationTests, locations = [], classes = [com.fabless.clothlogix.ClothlogixApplication], contextInitializerClasses = [], activeProfiles = [], propertySourceDescriptors = [], propertySourceProperties = ["org.springframework.boot.test.context.SpringBootTestContextBootstrapper=true"], contextCustomizers = [org.springframework.boot.test.context.filter.ExcludeFilterContextCustomizer@d23e042, org.springframework.boot.test.json.DuplicateJsonObjectContextCustomizerFactory$DuplicateJsonObjectContextCustomizer@6cd24612, org.springframework.boot.test.mock.mockito.MockitoContextCustomizer@0, org.springframework.boot.test.web.client.TestRestTemplateContextCustomizer@45385f75, org.springframework.boot.test.autoconfigure.actuate.observability.ObservabilityContextCustomizerFactory$DisableObservabilityContextCustomizer@1f, org.springframework.boot.test.autoconfigure.properties.PropertyMappingContextCustomizer@0, org.springframework.boot.test.autoconfigure.web.servlet.WebDriverContextCustomizer@769a1df5, org.springframework.boot.test.context.SpringBootTestAnnotation@426e704a], resourceBasePath = "src/main/webapp", contextLoader = org.springframework.boot.test.context.SpringBootContextLoader, parent = null], attributes = {"org.springframework.test.context.web.ServletTestExecutionListener.activateListener" -> true}]
2024-05-17T15:11:58.262+02:00 TRACE 4684 --- [clothlogix] [           main] DependencyInjectionTestExecutionListener : Performing dependency injection for test context [DefaultTestContext@5e609b42 testClass = com.fabless.clothlogix.ClothlogixApplicationTests, testInstance = com.fabless.clothlogix.ClothlogixApplicationTests@5fe19d0e, testMethod = null, testException = null, mergedContextConfiguration = [WebMergedContextConfiguration@622c658d testClass = com.fabless.clothlogix.ClothlogixApplicationTests, locations = [], classes = [com.fabless.clothlogix.ClothlogixApplication], contextInitializerClasses = [], activeProfiles = [], propertySourceDescriptors = [], propertySourceProperties = ["org.springframework.boot.test.context.SpringBootTestContextBootstrapper=true"], contextCustomizers = [org.springframework.boot.test.context.filter.ExcludeFilterContextCustomizer@d23e042, org.springframework.boot.test.json.DuplicateJsonObjectContextCustomizerFactory$DuplicateJsonObjectContextCustomizer@6cd24612, org.springframework.boot.test.mock.mockito.MockitoContextCustomizer@0, org.springframework.boot.test.web.client.TestRestTemplateContextCustomizer@45385f75, org.springframework.boot.test.autoconfigure.actuate.observability.ObservabilityContextCustomizerFactory$DisableObservabilityContextCustomizer@1f, org.springframework.boot.test.autoconfigure.properties.PropertyMappingContextCustomizer@0, org.springframework.boot.test.autoconfigure.web.servlet.WebDriverContextCustomizer@769a1df5, org.springframework.boot.test.context.SpringBootTestAnnotation@426e704a], resourceBasePath = "src/main/webapp", contextLoader = org.springframework.boot.test.context.SpringBootContextLoader, parent = null], attributes = {"org.springframework.test.context.web.ServletTestExecutionListener.activateListener" -> true, "org.springframework.test.context.web.ServletTestExecutionListener.populatedRequestContextHolder" -> true, "org.springframework.test.context.web.ServletTestExecutionListener.resetRequestContextHolder" -> true, "org.springframework.test.context.event.ApplicationEventsTestExecutionListener.recordApplicationEvents" -> false}]
2024-05-17T15:11:58.262+02:00 TRACE 4684 --- [clothlogix] [           main] c.DefaultCacheAwareContextLoaderDelegate : Retrieved ApplicationContext [1059080630] from cache with key [WebMergedContextConfiguration@622c658d testClass = com.fabless.clothlogix.ClothlogixApplicationTests, locations = [], classes = [com.fabless.clothlogix.ClothlogixApplication], contextInitializerClasses = [], activeProfiles = [], propertySourceDescriptors = [], propertySourceProperties = ["org.springframework.boot.test.context.SpringBootTestContextBootstrapper=true"], contextCustomizers = [org.springframework.boot.test.context.filter.ExcludeFilterContextCustomizer@d23e042, org.springframework.boot.test.json.DuplicateJsonObjectContextCustomizerFactory$DuplicateJsonObjectContextCustomizer@6cd24612, org.springframework.boot.test.mock.mockito.MockitoContextCustomizer@0, org.springframework.boot.test.web.client.TestRestTemplateContextCustomizer@45385f75, org.springframework.boot.test.autoconfigure.actuate.observability.ObservabilityContextCustomizerFactory$DisableObservabilityContextCustomizer@1f, org.springframework.boot.test.autoconfigure.properties.PropertyMappingContextCustomizer@0, org.springframework.boot.test.autoconfigure.web.servlet.WebDriverContextCustomizer@769a1df5, org.springframework.boot.test.context.SpringBootTestAnnotation@426e704a], resourceBasePath = "src/main/webapp", contextLoader = org.springframework.boot.test.context.SpringBootContextLoader, parent = null]
2024-05-17T15:11:58.262+02:00 DEBUG 4684 --- [clothlogix] [           main] org.springframework.test.context.cache   : Spring test ApplicationContext cache statistics: [DefaultContextCache@3619bc9e size = 1, maxSize = 32, parentContextCount = 0, hitCount = 1, missCount = 1, failureCount = 0]
2024-05-17T15:11:58.262+02:00 TRACE 4684 --- [clothlogix] [           main] o.s.b.f.s.DefaultListableBeanFactory     : Returning cached instance of singleton bean 'org.springframework.transaction.config.internalTransactionAdvisor'
2024-05-17T15:11:58.265+02:00 TRACE 4684 --- [clothlogix] [           main] c.DefaultCacheAwareContextLoaderDelegate : Retrieved ApplicationContext [1059080630] from cache with key [WebMergedContextConfiguration@622c658d testClass = com.fabless.clothlogix.ClothlogixApplicationTests, locations = [], classes = [com.fabless.clothlogix.ClothlogixApplication], contextInitializerClasses = [], activeProfiles = [], propertySourceDescriptors = [], propertySourceProperties = ["org.springframework.boot.test.context.SpringBootTestContextBootstrapper=true"], contextCustomizers = [org.springframework.boot.test.context.filter.ExcludeFilterContextCustomizer@d23e042, org.springframework.boot.test.json.DuplicateJsonObjectContextCustomizerFactory$DuplicateJsonObjectContextCustomizer@6cd24612, org.springframework.boot.test.mock.mockito.MockitoContextCustomizer@0, org.springframework.boot.test.web.client.TestRestTemplateContextCustomizer@45385f75, org.springframework.boot.test.autoconfigure.actuate.observability.ObservabilityContextCustomizerFactory$DisableObservabilityContextCustomizer@1f, org.springframework.boot.test.autoconfigure.properties.PropertyMappingContextCustomizer@0, org.springframework.boot.test.autoconfigure.web.servlet.WebDriverContextCustomizer@769a1df5, org.springframework.boot.test.context.SpringBootTestAnnotation@426e704a], resourceBasePath = "src/main/webapp", contextLoader = org.springframework.boot.test.context.SpringBootContextLoader, parent = null]
2024-05-17T15:11:58.265+02:00 DEBUG 4684 --- [clothlogix] [           main] org.springframework.test.context.cache   : Spring test ApplicationContext cache statistics: [DefaultContextCache@3619bc9e size = 1, maxSize = 32, parentContextCount = 0, hitCount = 2, missCount = 1, failureCount = 0]
2024-05-17T15:11:58.265+02:00 TRACE 4684 --- [clothlogix] [           main] o.s.b.f.s.DefaultListableBeanFactory     : Returning cached instance of singleton bean 'delegatingApplicationListener'
2024-05-17T15:11:58.292+02:00 TRACE 4684 --- [clothlogix] [           main] o.s.test.context.TestContextManager      : beforeTestMethod(): instance [com.fabless.clothlogix.ClothlogixApplicationTests@5fe19d0e], method [void com.fabless.clothlogix.ClothlogixApplicationTests.contextLoads()]
2024-05-17T15:11:58.292+02:00 TRACE 4684 --- [clothlogix] [           main] sContextBeforeModesTestExecutionListener : Before test method: context [DefaultTestContext@5e609b42 testClass = com.fabless.clothlogix.ClothlogixApplicationTests, testInstance = com.fabless.clothlogix.ClothlogixApplicationTests@5fe19d0e, testMethod = contextLoads(), testException = null, mergedContextConfiguration = [WebMergedContextConfiguration@622c658d testClass = com.fabless.clothlogix.ClothlogixApplicationTests, locations = [], classes = [com.fabless.clothlogix.ClothlogixApplication], contextInitializerClasses = [], activeProfiles = [], propertySourceDescriptors = [], propertySourceProperties = ["org.springframework.boot.test.context.SpringBootTestContextBootstrapper=true"], contextCustomizers = [org.springframework.boot.test.context.filter.ExcludeFilterContextCustomizer@d23e042, org.springframework.boot.test.json.DuplicateJsonObjectContextCustomizerFactory$DuplicateJsonObjectContextCustomizer@6cd24612, org.springframework.boot.test.mock.mockito.MockitoContextCustomizer@0, org.springframework.boot.test.web.client.TestRestTemplateContextCustomizer@45385f75, org.springframework.boot.test.autoconfigure.actuate.observability.ObservabilityContextCustomizerFactory$DisableObservabilityContextCustomizer@1f, org.springframework.boot.test.autoconfigure.properties.PropertyMappingContextCustomizer@0, org.springframework.boot.test.autoconfigure.web.servlet.WebDriverContextCustomizer@769a1df5, org.springframework.boot.test.context.SpringBootTestAnnotation@426e704a], resourceBasePath = "src/main/webapp", contextLoader = org.springframework.boot.test.context.SpringBootContextLoader, parent = null], attributes = {"org.springframework.test.context.web.ServletTestExecutionListener.activateListener" -> true, "org.springframework.test.context.web.ServletTestExecutionListener.populatedRequestContextHolder" -> true, "org.springframework.test.context.web.ServletTestExecutionListener.resetRequestContextHolder" -> true, "org.springframework.test.context.event.ApplicationEventsTestExecutionListener.recordApplicationEvents" -> false}], class annotated with @DirtiesContext [false] with mode [null], method annotated with @DirtiesContext [false] with mode [null]
2024-05-17T15:11:58.300+02:00 TRACE 4684 --- [clothlogix] [           main] c.DefaultCacheAwareContextLoaderDelegate : Retrieved ApplicationContext [1059080630] from cache with key [WebMergedContextConfiguration@622c658d testClass = com.fabless.clothlogix.ClothlogixApplicationTests, locations = [], classes = [com.fabless.clothlogix.ClothlogixApplication], contextInitializerClasses = [], activeProfiles = [], propertySourceDescriptors = [], propertySourceProperties = ["org.springframework.boot.test.context.SpringBootTestContextBootstrapper=true"], contextCustomizers = [org.springframework.boot.test.context.filter.ExcludeFilterContextCustomizer@d23e042, org.springframework.boot.test.json.DuplicateJsonObjectContextCustomizerFactory$DuplicateJsonObjectContextCustomizer@6cd24612, org.springframework.boot.test.mock.mockito.MockitoContextCustomizer@0, org.springframework.boot.test.web.client.TestRestTemplateContextCustomizer@45385f75, org.springframework.boot.test.autoconfigure.actuate.observability.ObservabilityContextCustomizerFactory$DisableObservabilityContextCustomizer@1f, org.springframework.boot.test.autoconfigure.properties.PropertyMappingContextCustomizer@0, org.springframework.boot.test.autoconfigure.web.servlet.WebDriverContextCustomizer@769a1df5, org.springframework.boot.test.context.SpringBootTestAnnotation@426e704a], resourceBasePath = "src/main/webapp", contextLoader = org.springframework.boot.test.context.SpringBootContextLoader, parent = null]
2024-05-17T15:11:58.300+02:00 DEBUG 4684 --- [clothlogix] [           main] org.springframework.test.context.cache   : Spring test ApplicationContext cache statistics: [DefaultContextCache@3619bc9e size = 1, maxSize = 32, parentContextCount = 0, hitCount = 3, missCount = 1, failureCount = 0]
2024-05-17T15:11:58.302+02:00 TRACE 4684 --- [clothlogix] [           main] o.s.b.f.s.DefaultListableBeanFactory     : Returning cached instance of singleton bean 'delegatingApplicationListener'
2024-05-17T15:11:58.302+02:00 TRACE 4684 --- [clothlogix] [           main] c.DefaultCacheAwareContextLoaderDelegate : Retrieved ApplicationContext [1059080630] from cache with key [WebMergedContextConfiguration@622c658d testClass = com.fabless.clothlogix.ClothlogixApplicationTests, locations = [], classes = [com.fabless.clothlogix.ClothlogixApplication], contextInitializerClasses = [], activeProfiles = [], propertySourceDescriptors = [], propertySourceProperties = ["org.springframework.boot.test.context.SpringBootTestContextBootstrapper=true"], contextCustomizers = [org.springframework.boot.test.context.filter.ExcludeFilterContextCustomizer@d23e042, org.springframework.boot.test.json.DuplicateJsonObjectContextCustomizerFactory$DuplicateJsonObjectContextCustomizer@6cd24612, org.springframework.boot.test.mock.mockito.MockitoContextCustomizer@0, org.springframework.boot.test.web.client.TestRestTemplateContextCustomizer@45385f75, org.springframework.boot.test.autoconfigure.actuate.observability.ObservabilityContextCustomizerFactory$DisableObservabilityContextCustomizer@1f, org.springframework.boot.test.autoconfigure.properties.PropertyMappingContextCustomizer@0, org.springframework.boot.test.autoconfigure.web.servlet.WebDriverContextCustomizer@769a1df5, org.springframework.boot.test.context.SpringBootTestAnnotation@426e704a], resourceBasePath = "src/main/webapp", contextLoader = org.springframework.boot.test.context.SpringBootContextLoader, parent = null]
2024-05-17T15:11:58.302+02:00 DEBUG 4684 --- [clothlogix] [           main] org.springframework.test.context.cache   : Spring test ApplicationContext cache statistics: [DefaultContextCache@3619bc9e size = 1, maxSize = 32, parentContextCount = 0, hitCount = 4, missCount = 1, failureCount = 0]
2024-05-17T15:11:58.302+02:00 TRACE 4684 --- [clothlogix] [           main] o.s.b.f.s.DefaultListableBeanFactory     : Returning cached instance of singleton bean 'org.springframework.boot.test.mock.mockito.MockitoPostProcessor$SpyPostProcessor'
2024-05-17T15:11:59.063+02:00 TRACE 4684 --- [clothlogix] [           main] o.s.b.f.s.DefaultListableBeanFactory     : Returning cached instance of singleton bean 'org.springframework.boot.test.mock.mockito.MockitoPostProcessor'
2024-05-17T15:11:59.063+02:00 TRACE 4684 --- [clothlogix] [           main] o.s.b.f.s.DefaultListableBeanFactory     : Returning cached instance of singleton bean 'org.springframework.context.annotation.internalConfigurationAnnotationProcessor'
2024-05-17T15:11:59.063+02:00 TRACE 4684 --- [clothlogix] [           main] o.s.b.f.s.DefaultListableBeanFactory     : Returning cached instance of singleton bean 'org.springframework.context.annotation.internalAutowiredAnnotationProcessor'
2024-05-17T15:11:59.063+02:00 TRACE 4684 --- [clothlogix] [           main] o.s.b.f.s.DefaultListableBeanFactory     : Returning cached instance of singleton bean 'org.springframework.context.annotation.internalCommonAnnotationProcessor'
2024-05-17T15:11:59.063+02:00 TRACE 4684 --- [clothlogix] [           main] o.s.b.f.s.DefaultListableBeanFactory     : Returning cached instance of singleton bean 'org.springframework.context.annotation.internalPersistenceAnnotationProcessor'
2024-05-17T15:11:59.063+02:00 TRACE 4684 --- [clothlogix] [           main] o.s.b.f.s.DefaultListableBeanFactory     : Returning cached instance of singleton bean 'org.springframework.context.event.internalEventListenerProcessor'
2024-05-17T15:11:59.063+02:00 TRACE 4684 --- [clothlogix] [           main] o.s.b.f.s.DefaultListableBeanFactory     : Returning cached instance of singleton bean 'org.springframework.context.event.internalEventListenerFactory'
2024-05-17T15:11:59.063+02:00 TRACE 4684 --- [clothlogix] [           main] o.s.b.f.s.DefaultListableBeanFactory     : Returning cached instance of singleton bean 'clothlogixApplication'
2024-05-17T15:11:59.063+02:00 TRACE 4684 --- [clothlogix] [           main] o.s.b.f.s.DefaultListableBeanFactory     : Returning cached instance of singleton bean 'org.springframework.boot.autoconfigure.internalCachingMetadataReaderFactory'
2024-05-17T15:11:59.063+02:00 TRACE 4684 --- [clothlogix] [           main] o.s.b.f.s.DefaultListableBeanFactory     : Returning cached instance of singleton bean 'org.springframework.boot.autoconfigure.internalCachingMetadataReaderFactory'
2024-05-17T15:11:59.063+02:00 TRACE 4684 --- [clothlogix] [           main] o.s.b.f.s.DefaultListableBeanFactory     : Returning cached instance of singleton bean 'hibernateConf'
2024-05-17T15:11:59.063+02:00 TRACE 4684 --- [clothlogix] [           main] o.s.b.f.s.DefaultListableBeanFactory     : Returning cached instance of singleton bean 'coloreController'
2024-05-17T15:11:59.063+02:00 TRACE 4684 --- [clothlogix] [           main] o.s.b.f.s.DefaultListableBeanFactory     : Returning cached instance of singleton bean 'coloreDAOImpl'
2024-05-17T15:11:59.063+02:00 TRACE 4684 --- [clothlogix] [           main] o.s.b.f.s.DefaultListableBeanFactory     : Returning cached instance of singleton bean 'loginDAOImpl'
2024-05-17T15:11:59.063+02:00 TRACE 4684 --- [clothlogix] [           main] o.s.b.f.s.DefaultListableBeanFactory     : Returning cached instance of singleton bean 'magazzinoDAOImpl'
2024-05-17T15:11:59.063+02:00 TRACE 4684 --- [clothlogix] [           main] o.s.b.f.s.DefaultListableBeanFactory     : Returning cached instance of singleton bean 'materialeDAOImpl'
2024-05-17T15:11:59.063+02:00 TRACE 4684 --- [clothlogix] [           main] o.s.b.f.s.DefaultListableBeanFactory     : Returning cached instance of singleton bean 'prodottoDAOImpl'
2024-05-17T15:11:59.063+02:00 TRACE 4684 --- [clothlogix] [           main] o.s.b.f.s.DefaultListableBeanFactory     : Returning cached instance of singleton bean 'profiloDAOImpl'
2024-05-17T15:11:59.063+02:00 TRACE 4684 --- [clothlogix] [           main] o.s.b.f.s.DefaultListableBeanFactory     : Returning cached instance of singleton bean 'sezioneDAOImpl'
2024-05-17T15:11:59.063+02:00 TRACE 4684 --- [clothlogix] [           main] o.s.b.f.s.DefaultListableBeanFactory     : Returning cached instance of singleton bean 'tagliaDAOImpl'
2024-05-17T15:11:59.063+02:00 TRACE 4684 --- [clothlogix] [           main] o.s.b.f.s.DefaultListableBeanFactory     : Returning cached instance of singleton bean 'tipoDAOImpl'
2024-05-17T15:11:59.063+02:00 TRACE 4684 --- [clothlogix] [           main] o.s.b.f.s.DefaultListableBeanFactory     : Returning cached instance of singleton bean 'utenteDAOImpl'
2024-05-17T15:11:59.063+02:00 TRACE 4684 --- [clothlogix] [           main] o.s.b.f.s.DefaultListableBeanFactory     : Returning cached instance of singleton bean 'superClassMapperImpl'
2024-05-17T15:11:59.063+02:00 TRACE 4684 --- [clothlogix] [           main] o.s.b.f.s.DefaultListableBeanFactory     : Returning cached instance of singleton bean 'coloreService'
2024-05-17T15:11:59.063+02:00 TRACE 4684 --- [clothlogix] [           main] o.s.b.f.s.DefaultListableBeanFactory     : Returning cached instance of singleton bean 'loginService'
2024-05-17T15:11:59.063+02:00 TRACE 4684 --- [clothlogix] [           main] o.s.b.f.s.DefaultListableBeanFactory     : Returning cached instance of singleton bean 'magazzinoService'
2024-05-17T15:11:59.063+02:00 TRACE 4684 --- [clothlogix] [           main] o.s.b.f.s.DefaultListableBeanFactory     : Returning cached instance of singleton bean 'materialeService'
2024-05-17T15:11:59.063+02:00 TRACE 4684 --- [clothlogix] [           main] o.s.b.f.s.DefaultListableBeanFactory     : Returning cached instance of singleton bean 'prodottoService'
2024-05-17T15:11:59.063+02:00 TRACE 4684 --- [clothlogix] [           main] o.s.b.f.s.DefaultListableBeanFactory     : Returning cached instance of singleton bean 'profiloService'
2024-05-17T15:11:59.063+02:00 TRACE 4684 --- [clothlogix] [           main] o.s.b.f.s.DefaultListableBeanFactory     : Returning cached instance of singleton bean 'sezioneService'
2024-05-17T15:11:59.063+02:00 TRACE 4684 --- [clothlogix] [           main] o.s.b.f.s.DefaultListableBeanFactory     : Returning cached instance of singleton bean 'tagliaService'
2024-05-17T15:11:59.063+02:00 TRACE 4684 --- [clothlogix] [           main] o.s.b.f.s.DefaultListableBeanFactory     : Returning cached instance of singleton bean 'tipoService'
2024-05-17T15:11:59.063+02:00 TRACE 4684 --- [clothlogix] [           main] o.s.b.f.s.DefaultListableBeanFactory     : Returning cached instance of singleton bean 'utenteService'
2024-05-17T15:11:59.063+02:00 TRACE 4684 --- [clothlogix] [           main] o.s.b.f.s.DefaultListableBeanFactory     : Returning cached instance of singleton bean 'org.springframework.transaction.annotation.ProxyTransactionManagementConfiguration'
2024-05-17T15:11:59.063+02:00 TRACE 4684 --- [clothlogix] [           main] o.s.b.f.s.DefaultListableBeanFactory     : Returning cached instance of singleton bean 'org.springframework.transaction.config.internalTransactionAdvisor'
2024-05-17T15:11:59.063+02:00 TRACE 4684 --- [clothlogix] [           main] o.s.b.f.s.DefaultListableBeanFactory     : Returning cached instance of singleton bean 'transactionAttributeSource'
2024-05-17T15:11:59.063+02:00 TRACE 4684 --- [clothlogix] [           main] o.s.b.f.s.DefaultListableBeanFactory     : Returning cached instance of singleton bean 'transactionInterceptor'
2024-05-17T15:11:59.063+02:00 TRACE 4684 --- [clothlogix] [           main] o.s.b.f.s.DefaultListableBeanFactory     : Returning cached instance of singleton bean 'org.springframework.transaction.config.internalTransactionalEventListenerFactory'
2024-05-17T15:11:59.063+02:00 TRACE 4684 --- [clothlogix] [           main] o.s.b.f.s.DefaultListableBeanFactory     : Returning cached instance of singleton bean 'dataSource'
2024-05-17T15:11:59.063+02:00 TRACE 4684 --- [clothlogix] [           main] o.s.b.f.s.DefaultListableBeanFactory     : Returning cached instance of singleton bean 'hibernateTransactionManager'
2024-05-17T15:11:59.063+02:00 TRACE 4684 --- [clothlogix] [           main] o.s.b.f.s.DefaultListableBeanFactory     : Returning cached instance of singleton bean 'entityManagerFactory'
2024-05-17T15:11:59.063+02:00 TRACE 4684 --- [clothlogix] [           main] o.s.b.f.s.DefaultListableBeanFactory     : Returning cached instance of singleton bean 'entityManagerFactory'
2024-05-17T15:11:59.063+02:00 TRACE 4684 --- [clothlogix] [           main] o.s.b.f.s.DefaultListableBeanFactory     : Returning cached instance of singleton bean 'org.springframework.aop.config.internalAutoProxyCreator'
2024-05-17T15:11:59.063+02:00 TRACE 4684 --- [clothlogix] [           main] o.s.b.f.s.DefaultListableBeanFactory     : Returning cached instance of singleton bean 'org.springframework.boot.autoconfigure.AutoConfigurationPackages'
2024-05-17T15:11:59.063+02:00 TRACE 4684 --- [clothlogix] [           main] o.s.b.f.s.DefaultListableBeanFactory     : Returning cached instance of singleton bean 'org.springframework.boot.autoconfigure.context.PropertyPlaceholderAutoConfiguration'
2024-05-17T15:11:59.063+02:00 TRACE 4684 --- [clothlogix] [           main] o.s.b.f.s.DefaultListableBeanFactory     : Returning cached instance of singleton bean 'propertySourcesPlaceholderConfigurer'
2024-05-17T15:11:59.063+02:00 TRACE 4684 --- [clothlogix] [           main] o.s.b.f.s.DefaultListableBeanFactory     : Returning cached instance of singleton bean 'org.springframework.boot.autoconfigure.ssl.SslAutoConfiguration'
2024-05-17T15:11:59.063+02:00 TRACE 4684 --- [clothlogix] [           main] o.s.b.f.s.DefaultListableBeanFactory     : Returning cached instance of singleton bean 'fileWatcher'
2024-05-17T15:11:59.063+02:00 TRACE 4684 --- [clothlogix] [           main] o.s.b.f.s.DefaultListableBeanFactory     : Returning cached instance of singleton bean 'sslPropertiesSslBundleRegistrar'
2024-05-17T15:11:59.063+02:00 TRACE 4684 --- [clothlogix] [           main] o.s.b.f.s.DefaultListableBeanFactory     : Returning cached instance of singleton bean 'sslBundleRegistry'
2024-05-17T15:11:59.063+02:00 TRACE 4684 --- [clothlogix] [           main] o.s.b.f.s.DefaultListableBeanFactory     : Returning cached instance of singleton bean 'org.springframework.boot.context.properties.ConfigurationPropertiesBindingPostProcessor'
2024-05-17T15:11:59.063+02:00 TRACE 4684 --- [clothlogix] [           main] o.s.b.f.s.DefaultListableBeanFactory     : Returning cached instance of singleton bean 'org.springframework.boot.context.internalConfigurationPropertiesBinder'
2024-05-17T15:11:59.063+02:00 TRACE 4684 --- [clothlogix] [           main] o.s.b.f.s.DefaultListableBeanFactory     : Returning cached instance of singleton bean 'org.springframework.boot.context.internalConfigurationPropertiesBinder'
2024-05-17T15:11:59.063+02:00 TRACE 4684 --- [clothlogix] [           main] o.s.b.f.s.DefaultListableBeanFactory     : Returning cached instance of singleton bean 'org.springframework.boot.context.properties.BoundConfigurationProperties'
2024-05-17T15:11:59.063+02:00 TRACE 4684 --- [clothlogix] [           main] o.s.b.f.s.DefaultListableBeanFactory     : Returning cached instance of singleton bean 'org.springframework.boot.context.properties.EnableConfigurationPropertiesRegistrar.methodValidationExcludeFilter'
2024-05-17T15:11:59.063+02:00 TRACE 4684 --- [clothlogix] [           main] o.s.b.f.s.DefaultListableBeanFactory     : Returning cached instance of singleton bean 'spring.ssl-org.springframework.boot.autoconfigure.ssl.SslProperties'
2024-05-17T15:11:59.063+02:00 TRACE 4684 --- [clothlogix] [           main] o.s.b.f.s.DefaultListableBeanFactory     : Returning cached instance of singleton bean 'org.springframework.boot.autoconfigure.websocket.servlet.WebSocketServletAutoConfiguration$TomcatWebSocketConfiguration'
2024-05-17T15:11:59.063+02:00 TRACE 4684 --- [clothlogix] [           main] o.s.b.f.s.DefaultListableBeanFactory     : Returning cached instance of singleton bean 'websocketServletWebServerCustomizer'
2024-05-17T15:11:59.063+02:00 TRACE 4684 --- [clothlogix] [           main] o.s.b.f.s.DefaultListableBeanFactory     : Returning cached instance of singleton bean 'org.springframework.boot.autoconfigure.websocket.servlet.WebSocketServletAutoConfiguration'
2024-05-17T15:11:59.063+02:00 TRACE 4684 --- [clothlogix] [           main] o.s.b.f.s.DefaultListableBeanFactory     : Returning cached instance of singleton bean 'org.springframework.boot.autoconfigure.web.servlet.ServletWebServerFactoryConfiguration$EmbeddedTomcat'
2024-05-17T15:11:59.063+02:00 TRACE 4684 --- [clothlogix] [           main] o.s.b.f.s.DefaultListableBeanFactory     : Returning cached instance of singleton bean 'tomcatServletWebServerFactory'
2024-05-17T15:11:59.063+02:00 TRACE 4684 --- [clothlogix] [           main] o.s.b.f.s.DefaultListableBeanFactory     : Returning cached instance of singleton bean 'org.springframework.boot.autoconfigure.web.servlet.ServletWebServerFactoryAutoConfiguration'
2024-05-17T15:11:59.063+02:00 TRACE 4684 --- [clothlogix] [           main] o.s.b.f.s.DefaultListableBeanFactory     : Returning cached instance of singleton bean 'servletWebServerFactoryCustomizer'
2024-05-17T15:11:59.063+02:00 TRACE 4684 --- [clothlogix] [           main] o.s.b.f.s.DefaultListableBeanFactory     : Returning cached instance of singleton bean 'tomcatServletWebServerFactoryCustomizer'
2024-05-17T15:11:59.063+02:00 TRACE 4684 --- [clothlogix] [           main] o.s.b.f.s.DefaultListableBeanFactory     : Returning cached instance of singleton bean 'server-org.springframework.boot.autoconfigure.web.ServerProperties'
2024-05-17T15:11:59.063+02:00 TRACE 4684 --- [clothlogix] [           main] o.s.b.f.s.DefaultListableBeanFactory     : Returning cached instance of singleton bean 'webServerFactoryCustomizerBeanPostProcessor'
2024-05-17T15:11:59.063+02:00 TRACE 4684 --- [clothlogix] [           main] o.s.b.f.s.DefaultListableBeanFactory     : Returning cached instance of singleton bean 'errorPageRegistrarBeanPostProcessor'
2024-05-17T15:11:59.063+02:00 TRACE 4684 --- [clothlogix] [           main] o.s.b.f.s.DefaultListableBeanFactory     : Returning cached instance of singleton bean 'org.springframework.boot.autoconfigure.web.servlet.DispatcherServletAutoConfiguration$DispatcherServletConfiguration'
2024-05-17T15:11:59.063+02:00 TRACE 4684 --- [clothlogix] [           main] o.s.b.f.s.DefaultListableBeanFactory     : Returning cached instance of singleton bean 'dispatcherServlet'
2024-05-17T15:11:59.063+02:00 TRACE 4684 --- [clothlogix] [           main] o.s.b.f.s.DefaultListableBeanFactory     : Returning cached instance of singleton bean 'spring.mvc-org.springframework.boot.autoconfigure.web.servlet.WebMvcProperties'
2024-05-17T15:11:59.063+02:00 TRACE 4684 --- [clothlogix] [           main] o.s.b.f.s.DefaultListableBeanFactory     : Returning cached instance of singleton bean 'org.springframework.boot.autoconfigure.web.servlet.DispatcherServletAutoConfiguration$DispatcherServletRegistrationConfiguration'
2024-05-17T15:11:59.063+02:00 TRACE 4684 --- [clothlogix] [           main] o.s.b.f.s.DefaultListableBeanFactory     : Returning cached instance of singleton bean 'dispatcherServletRegistration'
2024-05-17T15:11:59.063+02:00 TRACE 4684 --- [clothlogix] [           main] o.s.b.f.s.DefaultListableBeanFactory     : Returning cached instance of singleton bean 'org.springframework.boot.autoconfigure.web.servlet.DispatcherServletAutoConfiguration'
2024-05-17T15:11:59.063+02:00 TRACE 4684 --- [clothlogix] [           main] o.s.b.f.s.DefaultListableBeanFactory     : Returning cached instance of singleton bean 'org.springframework.boot.autoconfigure.task.TaskExecutorConfigurations$ThreadPoolTaskExecutorBuilderConfiguration'
2024-05-17T15:11:59.063+02:00 TRACE 4684 --- [clothlogix] [           main] o.s.b.f.s.DefaultListableBeanFactory     : Returning cached instance of singleton bean 'threadPoolTaskExecutorBuilder'
2024-05-17T15:11:59.063+02:00 TRACE 4684 --- [clothlogix] [           main] o.s.b.f.s.DefaultListableBeanFactory     : Returning cached instance of singleton bean 'org.springframework.boot.autoconfigure.task.TaskExecutorConfigurations$TaskExecutorBuilderConfiguration'
2024-05-17T15:11:59.063+02:00 TRACE 4684 --- [clothlogix] [           main] o.s.b.f.s.DefaultListableBeanFactory     : Returning cached instance of singleton bean 'taskExecutorBuilder'
2024-05-17T15:11:59.063+02:00 TRACE 4684 --- [clothlogix] [           main] o.s.b.f.s.DefaultListableBeanFactory     : Returning cached instance of singleton bean 'org.springframework.boot.autoconfigure.task.TaskExecutorConfigurations$SimpleAsyncTaskExecutorBuilderConfiguration'
2024-05-17T15:11:59.063+02:00 TRACE 4684 --- [clothlogix] [           main] o.s.b.f.s.DefaultListableBeanFactory     : Returning cached instance of singleton bean 'simpleAsyncTaskExecutorBuilder'
2024-05-17T15:11:59.063+02:00 TRACE 4684 --- [clothlogix] [           main] o.s.b.f.s.DefaultListableBeanFactory     : Returning cached instance of singleton bean 'org.springframework.boot.autoconfigure.task.TaskExecutorConfigurations$TaskExecutorConfiguration'
2024-05-17T15:11:59.063+02:00 TRACE 4684 --- [clothlogix] [           main] o.s.b.f.s.DefaultListableBeanFactory     : Returning cached instance of singleton bean 'applicationTaskExecutor'
2024-05-17T15:11:59.063+02:00 TRACE 4684 --- [clothlogix] [           main] o.s.b.f.s.DefaultListableBeanFactory     : Returning cached instance of singleton bean 'org.springframework.boot.autoconfigure.task.TaskExecutionAutoConfiguration'
2024-05-17T15:11:59.063+02:00 TRACE 4684 --- [clothlogix] [           main] o.s.b.f.s.DefaultListableBeanFactory     : Returning cached instance of singleton bean 'spring.task.execution-org.springframework.boot.autoconfigure.task.TaskExecutionProperties'
2024-05-17T15:11:59.063+02:00 TRACE 4684 --- [clothlogix] [           main] o.s.b.f.s.DefaultListableBeanFactory     : Returning cached instance of singleton bean 'org.springframework.boot.autoconfigure.validation.ValidationAutoConfiguration'
2024-05-17T15:11:59.063+02:00 TRACE 4684 --- [clothlogix] [           main] o.s.b.f.s.DefaultListableBeanFactory     : Returning cached instance of singleton bean 'defaultValidator'
2024-05-17T15:11:59.063+02:00 TRACE 4684 --- [clothlogix] [           main] o.s.b.f.s.DefaultListableBeanFactory     : Returning cached instance of singleton bean 'methodValidationPostProcessor'
2024-05-17T15:11:59.063+02:00 TRACE 4684 --- [clothlogix] [           main] o.s.b.f.s.DefaultListableBeanFactory     : Returning cached instance of singleton bean 'org.springframework.boot.autoconfigure.web.servlet.error.ErrorMvcAutoConfiguration$WhitelabelErrorViewConfiguration'
2024-05-17T15:11:59.063+02:00 TRACE 4684 --- [clothlogix] [           main] o.s.b.f.s.DefaultListableBeanFactory     : Returning cached instance of singleton bean 'error'
2024-05-17T15:11:59.063+02:00 TRACE 4684 --- [clothlogix] [           main] o.s.b.f.s.DefaultListableBeanFactory     : Returning cached instance of singleton bean 'beanNameViewResolver'
2024-05-17T15:11:59.063+02:00 TRACE 4684 --- [clothlogix] [           main] o.s.b.f.s.DefaultListableBeanFactory     : Returning cached instance of singleton bean 'org.springframework.boot.autoconfigure.web.servlet.error.ErrorMvcAutoConfiguration$DefaultErrorViewResolverConfiguration'
2024-05-17T15:11:59.063+02:00 TRACE 4684 --- [clothlogix] [           main] o.s.b.f.s.DefaultListableBeanFactory     : Returning cached instance of singleton bean 'conventionErrorViewResolver'
2024-05-17T15:11:59.063+02:00 TRACE 4684 --- [clothlogix] [           main] o.s.b.f.s.DefaultListableBeanFactory     : Returning cached instance of singleton bean 'spring.web-org.springframework.boot.autoconfigure.web.WebProperties'
2024-05-17T15:11:59.063+02:00 TRACE 4684 --- [clothlogix] [           main] o.s.b.f.s.DefaultListableBeanFactory     : Returning cached instance of singleton bean 'org.springframework.boot.autoconfigure.web.servlet.error.ErrorMvcAutoConfiguration'
2024-05-17T15:11:59.063+02:00 TRACE 4684 --- [clothlogix] [           main] o.s.b.f.s.DefaultListableBeanFactory     : Returning cached instance of singleton bean 'errorAttributes'
2024-05-17T15:11:59.063+02:00 TRACE 4684 --- [clothlogix] [           main] o.s.b.f.s.DefaultListableBeanFactory     : Returning cached instance of singleton bean 'basicErrorController'
2024-05-17T15:11:59.063+02:00 TRACE 4684 --- [clothlogix] [           main] o.s.b.f.s.DefaultListableBeanFactory     : Returning cached instance of singleton bean 'errorPageCustomizer'
2024-05-17T15:11:59.063+02:00 TRACE 4684 --- [clothlogix] [           main] o.s.b.f.s.DefaultListableBeanFactory     : Returning cached instance of singleton bean 'preserveErrorControllerTargetClassPostProcessor'
2024-05-17T15:11:59.063+02:00 TRACE 4684 --- [clothlogix] [           main] o.s.b.f.s.DefaultListableBeanFactory     : Returning cached instance of singleton bean 'org.springframework.boot.autoconfigure.web.servlet.WebMvcAutoConfiguration$EnableWebMvcConfiguration'
2024-05-17T15:11:59.063+02:00 TRACE 4684 --- [clothlogix] [           main] o.s.b.f.s.DefaultListableBeanFactory     : Returning cached instance of singleton bean 'welcomePageHandlerMapping'
2024-05-17T15:11:59.063+02:00 TRACE 4684 --- [clothlogix] [           main] o.s.b.f.s.DefaultListableBeanFactory     : Returning cached instance of singleton bean 'welcomePageNotAcceptableHandlerMapping'
2024-05-17T15:11:59.063+02:00 TRACE 4684 --- [clothlogix] [           main] o.s.b.f.s.DefaultListableBeanFactory     : Returning cached instance of singleton bean 'localeResolver'
2024-05-17T15:11:59.063+02:00 TRACE 4684 --- [clothlogix] [           main] o.s.b.f.s.DefaultListableBeanFactory     : Returning cached instance of singleton bean 'themeResolver'
2024-05-17T15:11:59.063+02:00 TRACE 4684 --- [clothlogix] [           main] o.s.b.f.s.DefaultListableBeanFactory     : Returning cached instance of singleton bean 'flashMapManager'
2024-05-17T15:11:59.063+02:00 TRACE 4684 --- [clothlogix] [           main] o.s.b.f.s.DefaultListableBeanFactory     : Returning cached instance of singleton bean 'mvcConversionService'
2024-05-17T15:11:59.063+02:00 TRACE 4684 --- [clothlogix] [           main] o.s.b.f.s.DefaultListableBeanFactory     : Returning cached instance of singleton bean 'mvcValidator'
2024-05-17T15:11:59.063+02:00 TRACE 4684 --- [clothlogix] [           main] o.s.b.f.s.DefaultListableBeanFactory     : Returning cached instance of singleton bean 'mvcContentNegotiationManager'
2024-05-17T15:11:59.063+02:00 TRACE 4684 --- [clothlogix] [           main] o.s.b.f.s.DefaultListableBeanFactory     : Returning cached instance of singleton bean 'requestMappingHandlerMapping'
2024-05-17T15:11:59.063+02:00 TRACE 4684 --- [clothlogix] [           main] o.s.b.f.s.DefaultListableBeanFactory     : Returning cached instance of singleton bean 'mvcPatternParser'
2024-05-17T15:11:59.063+02:00 TRACE 4684 --- [clothlogix] [           main] o.s.b.f.s.DefaultListableBeanFactory     : Returning cached instance of singleton bean 'mvcUrlPathHelper'
2024-05-17T15:11:59.063+02:00 TRACE 4684 --- [clothlogix] [           main] o.s.b.f.s.DefaultListableBeanFactory     : Returning cached instance of singleton bean 'mvcPathMatcher'
2024-05-17T15:11:59.063+02:00 TRACE 4684 --- [clothlogix] [           main] o.s.b.f.s.DefaultListableBeanFactory     : Returning cached instance of singleton bean 'viewControllerHandlerMapping'
2024-05-17T15:11:59.063+02:00 TRACE 4684 --- [clothlogix] [           main] o.s.b.f.s.DefaultListableBeanFactory     : Returning cached instance of singleton bean 'beanNameHandlerMapping'
2024-05-17T15:11:59.063+02:00 TRACE 4684 --- [clothlogix] [           main] o.s.b.f.s.DefaultListableBeanFactory     : Returning cached instance of singleton bean 'routerFunctionMapping'
2024-05-17T15:11:59.063+02:00 TRACE 4684 --- [clothlogix] [           main] o.s.b.f.s.DefaultListableBeanFactory     : Returning cached instance of singleton bean 'resourceHandlerMapping'
2024-05-17T15:11:59.063+02:00 TRACE 4684 --- [clothlogix] [           main] o.s.b.f.s.DefaultListableBeanFactory     : Returning cached instance of singleton bean 'mvcResourceUrlProvider'
2024-05-17T15:11:59.063+02:00 TRACE 4684 --- [clothlogix] [           main] o.s.b.f.s.DefaultListableBeanFactory     : Returning cached instance of singleton bean 'defaultServletHandlerMapping'
2024-05-17T15:11:59.063+02:00 TRACE 4684 --- [clothlogix] [           main] o.s.b.f.s.DefaultListableBeanFactory     : Returning cached instance of singleton bean 'requestMappingHandlerAdapter'
2024-05-17T15:11:59.063+02:00 TRACE 4684 --- [clothlogix] [           main] o.s.b.f.s.DefaultListableBeanFactory     : Returning cached instance of singleton bean 'handlerFunctionAdapter'
2024-05-17T15:11:59.063+02:00 TRACE 4684 --- [clothlogix] [           main] o.s.b.f.s.DefaultListableBeanFactory     : Returning cached instance of singleton bean 'mvcUriComponentsContributor'
2024-05-17T15:11:59.063+02:00 TRACE 4684 --- [clothlogix] [           main] o.s.b.f.s.DefaultListableBeanFactory     : Returning cached instance of singleton bean 'httpRequestHandlerAdapter'
2024-05-17T15:11:59.063+02:00 TRACE 4684 --- [clothlogix] [           main] o.s.b.f.s.DefaultListableBeanFactory     : Returning cached instance of singleton bean 'simpleControllerHandlerAdapter'
2024-05-17T15:11:59.063+02:00 TRACE 4684 --- [clothlogix] [           main] o.s.b.f.s.DefaultListableBeanFactory     : Returning cached instance of singleton bean 'handlerExceptionResolver'
2024-05-17T15:11:59.063+02:00 TRACE 4684 --- [clothlogix] [           main] o.s.b.f.s.DefaultListableBeanFactory     : Returning cached instance of singleton bean 'mvcViewResolver'
2024-05-17T15:11:59.063+02:00 TRACE 4684 --- [clothlogix] [           main] o.s.b.f.s.DefaultListableBeanFactory     : Returning cached instance of singleton bean 'mvcHandlerMappingIntrospector'
2024-05-17T15:11:59.063+02:00 TRACE 4684 --- [clothlogix] [           main] o.s.b.f.s.DefaultListableBeanFactory     : Returning cached instance of singleton bean 'viewNameTranslator'
2024-05-17T15:11:59.063+02:00 TRACE 4684 --- [clothlogix] [           main] o.s.b.f.s.DefaultListableBeanFactory     : Returning cached instance of singleton bean 'org.springframework.boot.autoconfigure.web.servlet.WebMvcAutoConfiguration$WebMvcAutoConfigurationAdapter'
2024-05-17T15:11:59.063+02:00 TRACE 4684 --- [clothlogix] [           main] o.s.b.f.s.DefaultListableBeanFactory     : Returning cached instance of singleton bean 'defaultViewResolver'
2024-05-17T15:11:59.063+02:00 TRACE 4684 --- [clothlogix] [           main] o.s.b.f.s.DefaultListableBeanFactory     : Returning cached instance of singleton bean 'viewResolver'
2024-05-17T15:11:59.063+02:00 TRACE 4684 --- [clothlogix] [           main] o.s.b.f.s.DefaultListableBeanFactory     : Returning cached instance of singleton bean 'requestContextFilter'
2024-05-17T15:11:59.063+02:00 TRACE 4684 --- [clothlogix] [           main] o.s.b.f.s.DefaultListableBeanFactory     : Returning cached instance of singleton bean 'org.springframework.boot.autoconfigure.web.servlet.WebMvcAutoConfiguration'
2024-05-17T15:11:59.063+02:00 TRACE 4684 --- [clothlogix] [           main] o.s.b.f.s.DefaultListableBeanFactory     : Returning cached instance of singleton bean 'formContentFilter'
2024-05-17T15:11:59.063+02:00 TRACE 4684 --- [clothlogix] [           main] o.s.b.f.s.DefaultListableBeanFactory     : Returning cached instance of singleton bean 'org.springframework.boot.autoconfigure.aop.AopAutoConfiguration$AspectJAutoProxyingConfiguration$CglibAutoProxyConfiguration'
2024-05-17T15:11:59.063+02:00 TRACE 4684 --- [clothlogix] [           main] o.s.b.f.s.DefaultListableBeanFactory     : Returning cached instance of singleton bean 'org.springframework.boot.autoconfigure.aop.AopAutoConfiguration$AspectJAutoProxyingConfiguration'
2024-05-17T15:11:59.063+02:00 TRACE 4684 --- [clothlogix] [           main] o.s.b.f.s.DefaultListableBeanFactory     : Returning cached instance of singleton bean 'org.springframework.boot.autoconfigure.aop.AopAutoConfiguration'
2024-05-17T15:11:59.063+02:00 TRACE 4684 --- [clothlogix] [           main] o.s.b.f.s.DefaultListableBeanFactory     : Returning cached instance of singleton bean 'org.springframework.boot.autoconfigure.availability.ApplicationAvailabilityAutoConfiguration'
2024-05-17T15:11:59.063+02:00 TRACE 4684 --- [clothlogix] [           main] o.s.b.f.s.DefaultListableBeanFactory     : Returning cached instance of singleton bean 'applicationAvailability'
2024-05-17T15:11:59.063+02:00 TRACE 4684 --- [clothlogix] [           main] o.s.b.f.s.DefaultListableBeanFactory     : Returning cached instance of singleton bean 'org.springframework.boot.autoconfigure.transaction.jta.JtaAutoConfiguration'
2024-05-17T15:11:59.063+02:00 TRACE 4684 --- [clothlogix] [           main] o.s.b.f.s.DefaultListableBeanFactory     : Returning cached instance of singleton bean 'org.springframework.boot.autoconfigure.jdbc.metadata.DataSourcePoolMetadataProvidersConfiguration$CommonsDbcp2PoolDataSourceMetadataProviderConfiguration'
2024-05-17T15:11:59.063+02:00 TRACE 4684 --- [clothlogix] [           main] o.s.b.f.s.DefaultListableBeanFactory     : Returning cached instance of singleton bean 'commonsDbcp2PoolDataSourceMetadataProvider'
2024-05-17T15:11:59.063+02:00 TRACE 4684 --- [clothlogix] [           main] o.s.b.f.s.DefaultListableBeanFactory     : Returning cached instance of singleton bean 'org.springframework.boot.autoconfigure.jdbc.metadata.DataSourcePoolMetadataProvidersConfiguration$HikariPoolDataSourceMetadataProviderConfiguration'
2024-05-17T15:11:59.063+02:00 TRACE 4684 --- [clothlogix] [           main] o.s.b.f.s.DefaultListableBeanFactory     : Returning cached instance of singleton bean 'hikariPoolDataSourceMetadataProvider'
2024-05-17T15:11:59.063+02:00 TRACE 4684 --- [clothlogix] [           main] o.s.b.f.s.DefaultListableBeanFactory     : Returning cached instance of singleton bean 'org.springframework.boot.autoconfigure.jdbc.metadata.DataSourcePoolMetadataProvidersConfiguration'
2024-05-17T15:11:59.063+02:00 TRACE 4684 --- [clothlogix] [           main] o.s.b.f.s.DefaultListableBeanFactory     : Returning cached instance of singleton bean 'org.springframework.boot.autoconfigure.jdbc.DataSourceAutoConfiguration'
2024-05-17T15:11:59.063+02:00 TRACE 4684 --- [clothlogix] [           main] o.s.b.f.s.DefaultListableBeanFactory     : Returning cached instance of singleton bean 'spring.datasource-org.springframework.boot.autoconfigure.jdbc.DataSourceProperties'
2024-05-17T15:11:59.063+02:00 TRACE 4684 --- [clothlogix] [           main] o.s.b.f.s.DefaultListableBeanFactory     : Returning cached instance of singleton bean 'org.springframework.boot.autoconfigure.transaction.TransactionManagerCustomizationAutoConfiguration'
2024-05-17T15:11:59.063+02:00 TRACE 4684 --- [clothlogix] [           main] o.s.b.f.s.DefaultListableBeanFactory     : Returning cached instance of singleton bean 'platformTransactionManagerCustomizers'
2024-05-17T15:11:59.063+02:00 TRACE 4684 --- [clothlogix] [           main] o.s.b.f.s.DefaultListableBeanFactory     : Returning cached instance of singleton bean 'transactionExecutionListeners'
2024-05-17T15:11:59.063+02:00 TRACE 4684 --- [clothlogix] [           main] o.s.b.f.s.DefaultListableBeanFactory     : Returning cached instance of singleton bean 'spring.transaction-org.springframework.boot.autoconfigure.transaction.TransactionProperties'
2024-05-17T15:11:59.063+02:00 TRACE 4684 --- [clothlogix] [           main] o.s.b.f.s.DefaultListableBeanFactory     : Returning cached instance of singleton bean 'org.springframework.boot.autoconfigure.orm.jpa.JpaBaseConfiguration$JpaWebConfiguration'
2024-05-17T15:11:59.063+02:00 TRACE 4684 --- [clothlogix] [           main] o.s.b.f.s.DefaultListableBeanFactory     : Returning cached instance of singleton bean 'openEntityManagerInViewInterceptor'
2024-05-17T15:11:59.063+02:00 TRACE 4684 --- [clothlogix] [           main] o.s.b.f.s.DefaultListableBeanFactory     : Returning cached instance of singleton bean 'openEntityManagerInViewInterceptorConfigurer'
2024-05-17T15:11:59.063+02:00 TRACE 4684 --- [clothlogix] [           main] o.s.b.f.s.DefaultListableBeanFactory     : Returning cached instance of singleton bean 'org.springframework.boot.autoconfigure.orm.jpa.HibernateJpaConfiguration'
2024-05-17T15:11:59.063+02:00 TRACE 4684 --- [clothlogix] [           main] o.s.b.f.s.DefaultListableBeanFactory     : Returning cached instance of singleton bean 'jpaVendorAdapter'
2024-05-17T15:11:59.063+02:00 TRACE 4684 --- [clothlogix] [           main] o.s.b.f.s.DefaultListableBeanFactory     : Returning cached instance of singleton bean 'entityManagerFactoryBuilder'
2024-05-17T15:11:59.063+02:00 TRACE 4684 --- [clothlogix] [           main] o.s.b.f.s.DefaultListableBeanFactory     : Returning cached instance of singleton bean 'spring.jpa.hibernate-org.springframework.boot.autoconfigure.orm.jpa.HibernateProperties'
2024-05-17T15:11:59.063+02:00 TRACE 4684 --- [clothlogix] [           main] o.s.b.f.s.DefaultListableBeanFactory     : Returning cached instance of singleton bean 'spring.jpa-org.springframework.boot.autoconfigure.orm.jpa.JpaProperties'
2024-05-17T15:11:59.063+02:00 TRACE 4684 --- [clothlogix] [           main] o.s.b.f.s.DefaultListableBeanFactory     : Returning cached instance of singleton bean 'org.springframework.boot.autoconfigure.orm.jpa.HibernateJpaAutoConfiguration'
2024-05-17T15:11:59.063+02:00 TRACE 4684 --- [clothlogix] [           main] o.s.b.f.s.DefaultListableBeanFactory     : Returning cached instance of singleton bean 'org.springframework.boot.autoconfigure.jackson.JacksonAutoConfiguration$Jackson2ObjectMapperBuilderCustomizerConfiguration'
2024-05-17T15:11:59.063+02:00 TRACE 4684 --- [clothlogix] [           main] o.s.b.f.s.DefaultListableBeanFactory     : Returning cached instance of singleton bean 'standardJacksonObjectMapperBuilderCustomizer'
2024-05-17T15:11:59.063+02:00 TRACE 4684 --- [clothlogix] [           main] o.s.b.f.s.DefaultListableBeanFactory     : Returning cached instance of singleton bean 'spring.jackson-org.springframework.boot.autoconfigure.jackson.JacksonProperties'
2024-05-17T15:11:59.063+02:00 TRACE 4684 --- [clothlogix] [           main] o.s.b.f.s.DefaultListableBeanFactory     : Returning cached instance of singleton bean 'org.springframework.boot.autoconfigure.jackson.JacksonAutoConfiguration$JacksonObjectMapperBuilderConfiguration'
2024-05-17T15:11:59.063+02:00 TRACE 4684 --- [clothlogix] [           main] o.s.b.f.s.DefaultListableBeanFactory     : Returning cached instance of singleton bean 'org.springframework.boot.autoconfigure.jackson.JacksonAutoConfiguration$ParameterNamesModuleConfiguration'
2024-05-17T15:11:59.063+02:00 TRACE 4684 --- [clothlogix] [           main] o.s.b.f.s.DefaultListableBeanFactory     : Returning cached instance of singleton bean 'parameterNamesModule'
2024-05-17T15:11:59.063+02:00 TRACE 4684 --- [clothlogix] [           main] o.s.b.f.s.DefaultListableBeanFactory     : Returning cached instance of singleton bean 'org.springframework.boot.autoconfigure.jackson.JacksonAutoConfiguration$JacksonObjectMapperConfiguration'
2024-05-17T15:11:59.063+02:00 TRACE 4684 --- [clothlogix] [           main] o.s.b.f.s.DefaultListableBeanFactory     : Returning cached instance of singleton bean 'jacksonObjectMapper'
2024-05-17T15:11:59.063+02:00 TRACE 4684 --- [clothlogix] [           main] o.s.b.f.s.DefaultListableBeanFactory     : Returning cached instance of singleton bean 'org.springframework.boot.autoconfigure.jackson.JacksonAutoConfiguration$JacksonMixinConfiguration'
2024-05-17T15:11:59.063+02:00 TRACE 4684 --- [clothlogix] [           main] o.s.b.f.s.DefaultListableBeanFactory     : Returning cached instance of singleton bean 'jsonMixinModuleEntries'
2024-05-17T15:11:59.063+02:00 TRACE 4684 --- [clothlogix] [           main] o.s.b.f.s.DefaultListableBeanFactory     : Returning cached instance of singleton bean 'jsonMixinModule'
2024-05-17T15:11:59.063+02:00 TRACE 4684 --- [clothlogix] [           main] o.s.b.f.s.DefaultListableBeanFactory     : Returning cached instance of singleton bean 'org.springframework.boot.autoconfigure.jackson.JacksonAutoConfiguration'
2024-05-17T15:11:59.063+02:00 TRACE 4684 --- [clothlogix] [           main] o.s.b.f.s.DefaultListableBeanFactory     : Returning cached instance of singleton bean 'jsonComponentModule'
2024-05-17T15:11:59.063+02:00 TRACE 4684 --- [clothlogix] [           main] o.s.b.f.s.DefaultListableBeanFactory     : Returning cached instance of singleton bean 'org.springframework.boot.autoconfigure.context.ConfigurationPropertiesAutoConfiguration'
2024-05-17T15:11:59.063+02:00 TRACE 4684 --- [clothlogix] [           main] o.s.b.f.s.DefaultListableBeanFactory     : Returning cached instance of singleton bean 'org.springframework.boot.autoconfigure.context.LifecycleAutoConfiguration'
2024-05-17T15:11:59.063+02:00 TRACE 4684 --- [clothlogix] [           main] o.s.b.f.s.DefaultListableBeanFactory     : Returning cached instance of singleton bean 'lifecycleProcessor'
2024-05-17T15:11:59.063+02:00 TRACE 4684 --- [clothlogix] [           main] o.s.b.f.s.DefaultListableBeanFactory     : Returning cached instance of singleton bean 'spring.lifecycle-org.springframework.boot.autoconfigure.context.LifecycleProperties'
2024-05-17T15:11:59.063+02:00 TRACE 4684 --- [clothlogix] [           main] o.s.b.f.s.DefaultListableBeanFactory     : Returning cached instance of singleton bean 'org.springframework.boot.autoconfigure.dao.PersistenceExceptionTranslationAutoConfiguration'
2024-05-17T15:11:59.063+02:00 TRACE 4684 --- [clothlogix] [           main] o.s.b.f.s.DefaultListableBeanFactory     : Returning cached instance of singleton bean 'persistenceExceptionTranslationPostProcessor'
2024-05-17T15:11:59.063+02:00 TRACE 4684 --- [clothlogix] [           main] o.s.b.f.s.DefaultListableBeanFactory     : Returning cached instance of singleton bean 'org.springframework.boot.autoconfigure.data.jpa.JpaRepositoriesAutoConfiguration'
2024-05-17T15:11:59.063+02:00 TRACE 4684 --- [clothlogix] [           main] o.s.b.f.s.DefaultListableBeanFactory     : Returning cached instance of singleton bean 'jpaSharedEM_entityManagerFactory'
2024-05-17T15:11:59.063+02:00 TRACE 4684 --- [clothlogix] [           main] o.s.b.f.s.DefaultListableBeanFactory     : Returning cached instance of singleton bean 'emBeanDefinitionRegistrarPostProcessor'
2024-05-17T15:11:59.063+02:00 TRACE 4684 --- [clothlogix] [           main] o.s.b.f.s.DefaultListableBeanFactory     : Returning cached instance of singleton bean 'jpaMappingContext'
2024-05-17T15:11:59.063+02:00 TRACE 4684 --- [clothlogix] [           main] o.s.b.f.s.DefaultListableBeanFactory     : Returning cached instance of singleton bean 'jpaMappingContext'
2024-05-17T15:11:59.063+02:00 TRACE 4684 --- [clothlogix] [           main] o.s.b.f.s.DefaultListableBeanFactory     : Returning cached instance of singleton bean 'org.springframework.data.jpa.util.JpaMetamodelCacheCleanup'
2024-05-17T15:11:59.063+02:00 TRACE 4684 --- [clothlogix] [           main] o.s.b.f.s.DefaultListableBeanFactory     : Returning cached instance of singleton bean 'org.springframework.data.jpa.repository.support.JpaEvaluationContextExtension'
2024-05-17T15:11:59.063+02:00 TRACE 4684 --- [clothlogix] [           main] o.s.b.f.s.DefaultListableBeanFactory     : Returning cached instance of singleton bean 'data-jpa.repository-aot-processor#0'
2024-05-17T15:11:59.063+02:00 TRACE 4684 --- [clothlogix] [           main] o.s.b.f.s.DefaultListableBeanFactory     : Returning cached instance of singleton bean 'org.springframework.boot.autoconfigure.http.HttpMessageConvertersAutoConfiguration$StringHttpMessageConverterConfiguration'
2024-05-17T15:11:59.063+02:00 TRACE 4684 --- [clothlogix] [           main] o.s.b.f.s.DefaultListableBeanFactory     : Returning cached instance of singleton bean 'stringHttpMessageConverter'
2024-05-17T15:11:59.063+02:00 TRACE 4684 --- [clothlogix] [           main] o.s.b.f.s.DefaultListableBeanFactory     : Returning cached instance of singleton bean 'org.springframework.boot.autoconfigure.http.JacksonHttpMessageConvertersConfiguration$MappingJackson2HttpMessageConverterConfiguration'
2024-05-17T15:11:59.063+02:00 TRACE 4684 --- [clothlogix] [           main] o.s.b.f.s.DefaultListableBeanFactory     : Returning cached instance of singleton bean 'mappingJackson2HttpMessageConverter'
2024-05-17T15:11:59.063+02:00 TRACE 4684 --- [clothlogix] [           main] o.s.b.f.s.DefaultListableBeanFactory     : Returning cached instance of singleton bean 'org.springframework.boot.autoconfigure.http.JacksonHttpMessageConvertersConfiguration'
2024-05-17T15:11:59.063+02:00 TRACE 4684 --- [clothlogix] [           main] o.s.b.f.s.DefaultListableBeanFactory     : Returning cached instance of singleton bean 'org.springframework.boot.autoconfigure.http.HttpMessageConvertersAutoConfiguration'
2024-05-17T15:11:59.063+02:00 TRACE 4684 --- [clothlogix] [           main] o.s.b.f.s.DefaultListableBeanFactory     : Returning cached instance of singleton bean 'messageConverters'
2024-05-17T15:11:59.063+02:00 TRACE 4684 --- [clothlogix] [           main] o.s.b.f.s.DefaultListableBeanFactory     : Returning cached instance of singleton bean 'org.springframework.hateoas.mediatype.hal.HalMediaTypeConfiguration'
2024-05-17T15:11:59.063+02:00 TRACE 4684 --- [clothlogix] [           main] o.s.b.f.s.DefaultListableBeanFactory     : Returning cached instance of singleton bean 'halLinkDisocoverer'
2024-05-17T15:11:59.063+02:00 TRACE 4684 --- [clothlogix] [           main] o.s.b.f.s.DefaultListableBeanFactory     : Returning cached instance of singleton bean 'org.springframework.hateoas.mediatype.hal.forms.HalFormsMediaTypeConfiguration'
2024-05-17T15:11:59.063+02:00 TRACE 4684 --- [clothlogix] [           main] o.s.b.f.s.DefaultListableBeanFactory     : Returning cached instance of singleton bean 'halFormsLinkDiscoverer'
2024-05-17T15:11:59.063+02:00 TRACE 4684 --- [clothlogix] [           main] o.s.b.f.s.DefaultListableBeanFactory     : Returning cached instance of singleton bean 'halFormsTemplatePropertyWriter'
2024-05-17T15:11:59.063+02:00 TRACE 4684 --- [clothlogix] [           main] o.s.b.f.s.DefaultListableBeanFactory     : Returning cached instance of singleton bean 'org.springframework.hateoas.config.WebTestHateoasConfiguration'
2024-05-17T15:11:59.063+02:00 TRACE 4684 --- [clothlogix] [           main] o.s.b.f.s.DefaultListableBeanFactory     : Returning cached instance of singleton bean 'org.springframework.hateoas.config.HateoasConfiguration'
2024-05-17T15:11:59.063+02:00 TRACE 4684 --- [clothlogix] [           main] o.s.b.f.s.DefaultListableBeanFactory     : Returning cached instance of singleton bean 'messageResolver'
2024-05-17T15:11:59.063+02:00 TRACE 4684 --- [clothlogix] [           main] o.s.b.f.s.DefaultListableBeanFactory     : Returning cached instance of singleton bean 'hypermediaWebMvcConverters'
2024-05-17T15:11:59.063+02:00 TRACE 4684 --- [clothlogix] [           main] o.s.b.f.s.DefaultListableBeanFactory     : Returning cached instance of singleton bean 'defaultRelProvider'
2024-05-17T15:11:59.063+02:00 TRACE 4684 --- [clothlogix] [           main] o.s.b.f.s.DefaultListableBeanFactory     : Returning cached instance of singleton bean 'annotationRelProvider'
2024-05-17T15:11:59.063+02:00 TRACE 4684 --- [clothlogix] [           main] o.s.b.f.s.DefaultListableBeanFactory     : Returning cached instance of singleton bean '_relProvider'
2024-05-17T15:11:59.063+02:00 TRACE 4684 --- [clothlogix] [           main] o.s.b.f.s.DefaultListableBeanFactory     : Returning cached instance of singleton bean 'relProviderPluginRegistry'
2024-05-17T15:11:59.063+02:00 TRACE 4684 --- [clothlogix] [           main] o.s.b.f.s.DefaultListableBeanFactory     : Returning cached instance of singleton bean 'linkDiscoverers'
2024-05-17T15:11:59.063+02:00 TRACE 4684 --- [clothlogix] [           main] o.s.b.f.s.DefaultListableBeanFactory     : Returning cached instance of singleton bean 'linkDiscovererRegistry'
2024-05-17T15:11:59.063+02:00 TRACE 4684 --- [clothlogix] [           main] o.s.b.f.s.DefaultListableBeanFactory     : Returning cached instance of singleton bean 'linkDiscovererRegistry'
2024-05-17T15:11:59.063+02:00 TRACE 4684 --- [clothlogix] [           main] o.s.b.f.s.DefaultListableBeanFactory     : Returning cached instance of singleton bean 'org.springframework.hateoas.config.WebMvcEntityLinksConfiguration'
2024-05-17T15:11:59.063+02:00 TRACE 4684 --- [clothlogix] [           main] o.s.b.f.s.DefaultListableBeanFactory     : Returning cached instance of singleton bean 'webMvcEntityLinks'
2024-05-17T15:11:59.063+02:00 TRACE 4684 --- [clothlogix] [           main] o.s.b.f.s.DefaultListableBeanFactory     : Returning cached instance of singleton bean 'webMvcEntityLinks'
2024-05-17T15:11:59.063+02:00 TRACE 4684 --- [clothlogix] [           main] o.s.b.f.s.DefaultListableBeanFactory     : Returning cached instance of singleton bean 'org.springframework.transaction.config.internalTransactionAdvisor'
2024-05-17T15:11:59.063+02:00 TRACE 4684 --- [clothlogix] [           main] o.s.b.f.s.DefaultListableBeanFactory     : Returning cached instance of singleton bean 'org.springframework.transaction.config.internalTransactionAdvisor'
2024-05-17T15:11:59.063+02:00 TRACE 4684 --- [clothlogix] [           main] o.s.b.f.s.DefaultListableBeanFactory     : Returning cached instance of singleton bean 'entityLinksPluginRegistry'
2024-05-17T15:11:59.063+02:00 TRACE 4684 --- [clothlogix] [           main] o.s.b.f.s.DefaultListableBeanFactory     : Returning cached instance of singleton bean 'delegatingEntityLinks'
2024-05-17T15:11:59.063+02:00 TRACE 4684 --- [clothlogix] [           main] o.s.b.f.s.DefaultListableBeanFactory     : Returning cached instance of singleton bean 'org.springframework.hateoas.config.WebMvcHateoasConfiguration'
2024-05-17T15:11:59.063+02:00 TRACE 4684 --- [clothlogix] [           main] o.s.b.f.s.DefaultListableBeanFactory     : Returning cached instance of singleton bean 'hypermediaWebMvcConfigurer'
2024-05-17T15:11:59.063+02:00 TRACE 4684 --- [clothlogix] [           main] o.s.b.f.s.DefaultListableBeanFactory     : Returning cached instance of singleton bean 'representationModelProcessorInvoker'
2024-05-17T15:11:59.063+02:00 TRACE 4684 --- [clothlogix] [           main] o.s.b.f.s.DefaultListableBeanFactory     : Returning cached instance of singleton bean 'hypermediaRepresentionModelProcessorConfigurator'
2024-05-17T15:11:59.063+02:00 TRACE 4684 --- [clothlogix] [           main] o.s.b.f.s.DefaultListableBeanFactory     : Returning cached instance of singleton bean 'webMvcLinkBuilderFactory'
2024-05-17T15:11:59.063+02:00 TRACE 4684 --- [clothlogix] [           main] o.s.b.f.s.DefaultListableBeanFactory     : Returning cached instance of singleton bean 'org.springframework.hateoas.config.RestTemplateHateoasConfiguration'
2024-05-17T15:11:59.063+02:00 TRACE 4684 --- [clothlogix] [           main] o.s.b.f.s.DefaultListableBeanFactory     : Returning cached instance of singleton bean 'hypermediaRestTemplateBeanPostProcessor'
2024-05-17T15:11:59.063+02:00 TRACE 4684 --- [clothlogix] [           main] o.s.b.f.s.DefaultListableBeanFactory     : Returning cached instance of singleton bean 'org.springframework.data.rest.webmvc.RestControllerConfiguration'
2024-05-17T15:11:59.063+02:00 TRACE 4684 --- [clothlogix] [           main] o.s.b.f.s.DefaultListableBeanFactory     : Returning cached instance of singleton bean 'repositoryController'
2024-05-17T15:11:59.063+02:00 TRACE 4684 --- [clothlogix] [           main] o.s.b.f.s.DefaultListableBeanFactory     : Returning cached instance of singleton bean 'repositoryEntityController'
2024-05-17T15:11:59.063+02:00 TRACE 4684 --- [clothlogix] [           main] o.s.b.f.s.DefaultListableBeanFactory     : Returning cached instance of singleton bean 'repositoryPropertyReferenceController'
2024-05-17T15:11:59.063+02:00 TRACE 4684 --- [clothlogix] [           main] o.s.b.f.s.DefaultListableBeanFactory     : Returning cached instance of singleton bean 'repositorySearchController'
2024-05-17T15:11:59.063+02:00 TRACE 4684 --- [clothlogix] [           main] o.s.b.f.s.DefaultListableBeanFactory     : Returning cached instance of singleton bean 'repositorySchemaController'
2024-05-17T15:11:59.063+02:00 TRACE 4684 --- [clothlogix] [           main] o.s.b.f.s.DefaultListableBeanFactory     : Returning cached instance of singleton bean 'alpsController'
2024-05-17T15:11:59.063+02:00 TRACE 4684 --- [clothlogix] [           main] o.s.b.f.s.DefaultListableBeanFactory     : Returning cached instance of singleton bean 'profileController'
2024-05-17T15:11:59.063+02:00 TRACE 4684 --- [clothlogix] [           main] o.s.b.f.s.DefaultListableBeanFactory     : Returning cached instance of singleton bean 'org.springframework.data.web.config.SpringDataJacksonConfiguration'
2024-05-17T15:11:59.063+02:00 TRACE 4684 --- [clothlogix] [           main] o.s.b.f.s.DefaultListableBeanFactory     : Returning cached instance of singleton bean 'jacksonGeoModule'
2024-05-17T15:11:59.063+02:00 TRACE 4684 --- [clothlogix] [           main] o.s.b.f.s.DefaultListableBeanFactory     : Returning cached instance of singleton bean 'pageModule'
2024-05-17T15:11:59.063+02:00 TRACE 4684 --- [clothlogix] [           main] o.s.b.f.s.DefaultListableBeanFactory     : Returning cached instance of singleton bean 'org.springframework.data.rest.webmvc.config.RepositoryRestMvcConfiguration'
2024-05-17T15:11:59.063+02:00 TRACE 4684 --- [clothlogix] [           main] o.s.b.f.s.DefaultListableBeanFactory     : Returning cached instance of singleton bean 'repositories'
2024-05-17T15:11:59.063+02:00 TRACE 4684 --- [clothlogix] [           main] o.s.b.f.s.DefaultListableBeanFactory     : Returning cached instance of singleton bean 'repositoryRelProvider'
2024-05-17T15:11:59.063+02:00 TRACE 4684 --- [clothlogix] [           main] o.s.b.f.s.DefaultListableBeanFactory     : Returning cached instance of singleton bean 'persistentEntities'
2024-05-17T15:11:59.063+02:00 TRACE 4684 --- [clothlogix] [           main] o.s.b.f.s.DefaultListableBeanFactory     : Returning cached instance of singleton bean 'defaultConversionService'
2024-05-17T15:11:59.063+02:00 TRACE 4684 --- [clothlogix] [           main] o.s.b.f.s.DefaultListableBeanFactory     : Returning cached instance of singleton bean 'validatingRepositoryEventListener'
2024-05-17T15:11:59.063+02:00 TRACE 4684 --- [clothlogix] [           main] o.s.b.f.s.DefaultListableBeanFactory     : Returning cached instance of singleton bean 'jpaHelper'
2024-05-17T15:11:59.063+02:00 TRACE 4684 --- [clothlogix] [           main] o.s.b.f.s.DefaultListableBeanFactory     : Returning cached instance of singleton bean 'repositoryRestConfiguration'
2024-05-17T15:11:59.063+02:00 TRACE 4684 --- [clothlogix] [           main] o.s.b.f.s.DefaultListableBeanFactory     : Returning cached instance of singleton bean 'projectionDefinitionRegistrar'
2024-05-17T15:11:59.063+02:00 TRACE 4684 --- [clothlogix] [           main] o.s.b.f.s.DefaultListableBeanFactory     : Returning cached instance of singleton bean 'metadataConfiguration'
2024-05-17T15:11:59.063+02:00 TRACE 4684 --- [clothlogix] [           main] o.s.b.f.s.DefaultListableBeanFactory     : Returning cached instance of singleton bean 'baseUri'
2024-05-17T15:11:59.063+02:00 TRACE 4684 --- [clothlogix] [           main] o.s.b.f.s.DefaultListableBeanFactory     : Returning cached instance of singleton bean 'annotatedEventHandlerInvoker'
2024-05-17T15:11:59.063+02:00 TRACE 4684 --- [clothlogix] [           main] o.s.b.f.s.DefaultListableBeanFactory     : Returning cached instance of singleton bean 'repoRequestArgumentResolver'
2024-05-17T15:11:59.063+02:00 TRACE 4684 --- [clothlogix] [           main] o.s.b.f.s.DefaultListableBeanFactory     : Returning cached instance of singleton bean 'resourceMetadataHandlerMethodArgumentResolver'
2024-05-17T15:11:59.063+02:00 TRACE 4684 --- [clothlogix] [           main] o.s.b.f.s.DefaultListableBeanFactory     : Returning cached instance of singleton bean 'backendIdHandlerMethodArgumentResolver'
2024-05-17T15:11:59.063+02:00 TRACE 4684 --- [clothlogix] [           main] o.s.b.f.s.DefaultListableBeanFactory     : Returning cached instance of singleton bean 'eTagArgumentResolver'
2024-05-17T15:11:59.072+02:00 TRACE 4684 --- [clothlogix] [           main] o.s.b.f.s.DefaultListableBeanFactory     : Returning cached instance of singleton bean 'entityLinks'
2024-05-17T15:11:59.072+02:00 TRACE 4684 --- [clothlogix] [           main] o.s.b.f.s.DefaultListableBeanFactory     : Returning cached instance of singleton bean 'persistentEntityArgumentResolver'
2024-05-17T15:11:59.072+02:00 TRACE 4684 --- [clothlogix] [           main] o.s.b.f.s.DefaultListableBeanFactory     : Returning cached instance of singleton bean 'jsonSchemaConverter'
2024-05-17T15:11:59.072+02:00 TRACE 4684 --- [clothlogix] [           main] o.s.b.f.s.DefaultListableBeanFactory     : Returning cached instance of singleton bean 'jacksonHttpMessageConverter'
2024-05-17T15:11:59.072+02:00 TRACE 4684 --- [clothlogix] [           main] o.s.b.f.s.DefaultListableBeanFactory     : Returning cached instance of singleton bean 'halJacksonHttpMessageConverter'
2024-05-17T15:11:59.072+02:00 TRACE 4684 --- [clothlogix] [           main] o.s.b.f.s.DefaultListableBeanFactory     : Returning cached instance of singleton bean 'halFormsJacksonHttpMessageConverter'
2024-05-17T15:11:59.072+02:00 TRACE 4684 --- [clothlogix] [           main] o.s.b.f.s.DefaultListableBeanFactory     : Returning cached instance of singleton bean 'uriListHttpMessageConverter'
2024-05-17T15:11:59.072+02:00 TRACE 4684 --- [clothlogix] [           main] o.s.b.f.s.DefaultListableBeanFactory     : Returning cached instance of singleton bean 'repositoryExporterHandlerAdapter'
2024-05-17T15:11:59.072+02:00 TRACE 4684 --- [clothlogix] [           main] o.s.b.f.s.DefaultListableBeanFactory     : Returning cached instance of singleton bean 'restHandlerMapping'
2024-05-17T15:11:59.072+02:00 TRACE 4684 --- [clothlogix] [           main] o.s.b.f.s.DefaultListableBeanFactory     : Returning cached instance of singleton bean 'resourceMappings'
2024-05-17T15:11:59.072+02:00 TRACE 4684 --- [clothlogix] [           main] o.s.b.f.s.DefaultListableBeanFactory     : Returning cached instance of singleton bean 'linkCollector'
2024-05-17T15:11:59.072+02:00 TRACE 4684 --- [clothlogix] [           main] o.s.b.f.s.DefaultListableBeanFactory     : Returning cached instance of singleton bean 'excerptProjector'
2024-05-17T15:11:59.072+02:00 TRACE 4684 --- [clothlogix] [           main] o.s.b.f.s.DefaultListableBeanFactory     : Returning cached instance of singleton bean 'repositoryRestExceptionHandler'
2024-05-17T15:11:59.072+02:00 TRACE 4684 --- [clothlogix] [           main] o.s.b.f.s.DefaultListableBeanFactory     : Returning cached instance of singleton bean 'repositoryInvokerFactory'
2024-05-17T15:11:59.072+02:00 TRACE 4684 --- [clothlogix] [           main] o.s.b.f.s.DefaultListableBeanFactory     : Returning cached instance of singleton bean 'defaultMessageConverters'
2024-05-17T15:11:59.072+02:00 TRACE 4684 --- [clothlogix] [           main] o.s.b.f.s.DefaultListableBeanFactory     : Returning cached instance of singleton bean 'alpsJsonHttpMessageConverter'
2024-05-17T15:11:59.072+02:00 TRACE 4684 --- [clothlogix] [           main] o.s.b.f.s.DefaultListableBeanFactory     : Returning cached instance of singleton bean 'pageableResolver'
2024-05-17T15:11:59.072+02:00 TRACE 4684 --- [clothlogix] [           main] o.s.b.f.s.DefaultListableBeanFactory     : Returning cached instance of singleton bean 'sortResolver'
2024-05-17T15:11:59.072+02:00 TRACE 4684 --- [clothlogix] [           main] o.s.b.f.s.DefaultListableBeanFactory     : Returning cached instance of singleton bean 'backendIdConverterRegistry'
2024-05-17T15:11:59.072+02:00 TRACE 4684 --- [clothlogix] [           main] o.s.b.f.s.DefaultListableBeanFactory     : Returning cached instance of singleton bean 'auditableBeanWrapperFactory'
2024-05-17T15:11:59.072+02:00 TRACE 4684 --- [clothlogix] [           main] o.s.b.f.s.DefaultListableBeanFactory     : Returning cached instance of singleton bean 'httpHeadersPreparer'
2024-05-17T15:11:59.072+02:00 TRACE 4684 --- [clothlogix] [           main] o.s.b.f.s.DefaultListableBeanFactory     : Returning cached instance of singleton bean 'selfLinkProvider'
2024-05-17T15:11:59.072+02:00 TRACE 4684 --- [clothlogix] [           main] o.s.b.f.s.DefaultListableBeanFactory     : Returning cached instance of singleton bean 'associationLinks'
2024-05-17T15:11:59.072+02:00 TRACE 4684 --- [clothlogix] [           main] o.s.b.f.s.DefaultListableBeanFactory     : Returning cached instance of singleton bean 'representationModelAssemblersArgumentResolver'
2024-05-17T15:11:59.073+02:00 TRACE 4684 --- [clothlogix] [           main] o.s.b.f.s.DefaultListableBeanFactory     : Returning cached instance of singleton bean 'persistentEntityResourceAssemblerArgumentResolver'
2024-05-17T15:11:59.073+02:00 TRACE 4684 --- [clothlogix] [           main] o.s.b.f.s.DefaultListableBeanFactory     : Returning cached instance of singleton bean 'enumTranslator'
2024-05-17T15:11:59.073+02:00 TRACE 4684 --- [clothlogix] [           main] o.s.b.f.s.DefaultListableBeanFactory     : Returning cached instance of singleton bean 'alpsConverter'
2024-05-17T15:11:59.073+02:00 TRACE 4684 --- [clothlogix] [           main] o.s.b.f.s.DefaultListableBeanFactory     : Returning cached instance of singleton bean 'profileResourceProcessor'
2024-05-17T15:11:59.073+02:00 TRACE 4684 --- [clothlogix] [           main] o.s.b.f.s.DefaultListableBeanFactory     : Returning cached instance of singleton bean 'pagedResourcesAssembler'
2024-05-17T15:11:59.073+02:00 TRACE 4684 --- [clothlogix] [           main] o.s.b.f.s.DefaultListableBeanFactory     : Returning cached instance of singleton bean 'pagedResourcesAssemblerArgumentResolver'
2024-05-17T15:11:59.073+02:00 TRACE 4684 --- [clothlogix] [           main] o.s.b.f.s.DefaultListableBeanFactory     : Returning cached instance of singleton bean 'slicedResourcesAssembler'
2024-05-17T15:11:59.073+02:00 TRACE 4684 --- [clothlogix] [           main] o.s.b.f.s.DefaultListableBeanFactory     : Returning cached instance of singleton bean 'slicedResourcesAssemblerArgumentResolver'
2024-05-17T15:11:59.073+02:00 TRACE 4684 --- [clothlogix] [           main] o.s.b.f.s.DefaultListableBeanFactory     : Returning cached instance of singleton bean 'offsetResolver'
2024-05-17T15:11:59.073+02:00 TRACE 4684 --- [clothlogix] [           main] o.s.b.f.s.DefaultListableBeanFactory     : Returning cached instance of singleton bean 'org.springframework.boot.autoconfigure.data.rest.RepositoryRestMvcAutoConfiguration'
2024-05-17T15:11:59.073+02:00 TRACE 4684 --- [clothlogix] [           main] o.s.b.f.s.DefaultListableBeanFactory     : Returning cached instance of singleton bean 'springBootRepositoryRestConfigurer'
2024-05-17T15:11:59.073+02:00 TRACE 4684 --- [clothlogix] [           main] o.s.b.f.s.DefaultListableBeanFactory     : Returning cached instance of singleton bean 'spring.data.rest-org.springframework.boot.autoconfigure.data.rest.RepositoryRestProperties'
2024-05-17T15:11:59.073+02:00 TRACE 4684 --- [clothlogix] [           main] o.s.b.f.s.DefaultListableBeanFactory     : Returning cached instance of singleton bean 'org.springframework.boot.autoconfigure.hateoas.HypermediaAutoConfiguration'
2024-05-17T15:11:59.073+02:00 TRACE 4684 --- [clothlogix] [           main] o.s.b.f.s.DefaultListableBeanFactory     : Returning cached instance of singleton bean 'applicationJsonHalConfiguration'
2024-05-17T15:11:59.073+02:00 TRACE 4684 --- [clothlogix] [           main] o.s.b.f.s.DefaultListableBeanFactory     : Returning cached instance of singleton bean 'spring.hateoas-org.springframework.boot.autoconfigure.hateoas.HateoasProperties'
2024-05-17T15:11:59.073+02:00 TRACE 4684 --- [clothlogix] [           main] o.s.b.f.s.DefaultListableBeanFactory     : Returning cached instance of singleton bean 'org.springframework.boot.autoconfigure.info.ProjectInfoAutoConfiguration'
2024-05-17T15:11:59.073+02:00 TRACE 4684 --- [clothlogix] [           main] o.s.b.f.s.DefaultListableBeanFactory     : Returning cached instance of singleton bean 'spring.info-org.springframework.boot.autoconfigure.info.ProjectInfoProperties'
2024-05-17T15:11:59.074+02:00 TRACE 4684 --- [clothlogix] [           main] o.s.b.f.s.DefaultListableBeanFactory     : Returning cached instance of singleton bean 'org.springframework.boot.autoconfigure.jdbc.JdbcTemplateConfiguration'
2024-05-17T15:11:59.074+02:00 TRACE 4684 --- [clothlogix] [           main] o.s.b.f.s.DefaultListableBeanFactory     : Returning cached instance of singleton bean 'jdbcTemplate'
2024-05-17T15:11:59.074+02:00 TRACE 4684 --- [clothlogix] [           main] o.s.b.f.s.DefaultListableBeanFactory     : Returning cached instance of singleton bean 'org.springframework.boot.autoconfigure.jdbc.NamedParameterJdbcTemplateConfiguration'
2024-05-17T15:11:59.074+02:00 TRACE 4684 --- [clothlogix] [           main] o.s.b.f.s.DefaultListableBeanFactory     : Returning cached instance of singleton bean 'namedParameterJdbcTemplate'
2024-05-17T15:11:59.074+02:00 TRACE 4684 --- [clothlogix] [           main] o.s.b.f.s.DefaultListableBeanFactory     : Returning cached instance of singleton bean 'org.springframework.boot.autoconfigure.jdbc.JdbcTemplateAutoConfiguration'
2024-05-17T15:11:59.074+02:00 TRACE 4684 --- [clothlogix] [           main] o.s.b.f.s.DefaultListableBeanFactory     : Returning cached instance of singleton bean 'spring.jdbc-org.springframework.boot.autoconfigure.jdbc.JdbcProperties'
2024-05-17T15:11:59.074+02:00 TRACE 4684 --- [clothlogix] [           main] o.s.b.f.s.DefaultListableBeanFactory     : Returning cached instance of singleton bean 'org.springframework.boot.sql.init.dependency.DatabaseInitializationDependencyConfigurer$DependsOnDatabaseInitializationPostProcessor'
2024-05-17T15:11:59.074+02:00 TRACE 4684 --- [clothlogix] [           main] o.s.b.f.s.DefaultListableBeanFactory     : Returning cached instance of singleton bean 'org.springframework.boot.autoconfigure.jdbc.JdbcClientAutoConfiguration'
2024-05-17T15:11:59.074+02:00 TRACE 4684 --- [clothlogix] [           main] o.s.b.f.s.DefaultListableBeanFactory     : Returning cached instance of singleton bean 'jdbcClient'
2024-05-17T15:11:59.074+02:00 TRACE 4684 --- [clothlogix] [           main] o.s.b.f.s.DefaultListableBeanFactory     : Returning cached instance of singleton bean 'org.springframework.security.config.annotation.configuration.ObjectPostProcessorConfiguration'
2024-05-17T15:11:59.074+02:00 TRACE 4684 --- [clothlogix] [           main] o.s.b.f.s.DefaultListableBeanFactory     : Returning cached instance of singleton bean 'objectPostProcessor'
2024-05-17T15:11:59.074+02:00 TRACE 4684 --- [clothlogix] [           main] o.s.b.f.s.DefaultListableBeanFactory     : Returning cached instance of singleton bean 'org.springframework.security.config.annotation.authentication.configuration.AuthenticationConfiguration'
2024-05-17T15:11:59.074+02:00 TRACE 4684 --- [clothlogix] [           main] o.s.b.f.s.DefaultListableBeanFactory     : Returning cached instance of singleton bean 'authenticationManagerBuilder'
2024-05-17T15:11:59.074+02:00 TRACE 4684 --- [clothlogix] [           main] o.s.b.f.s.DefaultListableBeanFactory     : Returning cached instance of singleton bean 'enableGlobalAuthenticationAutowiredConfigurer'
2024-05-17T15:11:59.074+02:00 TRACE 4684 --- [clothlogix] [           main] o.s.b.f.s.DefaultListableBeanFactory     : Returning cached instance of singleton bean 'initializeUserDetailsBeanManagerConfigurer'
2024-05-17T15:11:59.074+02:00 TRACE 4684 --- [clothlogix] [           main] o.s.b.f.s.DefaultListableBeanFactory     : Returning cached instance of singleton bean 'initializeAuthenticationProviderBeanManagerConfigurer'
2024-05-17T15:11:59.074+02:00 TRACE 4684 --- [clothlogix] [           main] o.s.b.f.s.DefaultListableBeanFactory     : Returning cached instance of singleton bean 'org.springframework.security.config.annotation.web.configuration.WebSecurityConfiguration'
2024-05-17T15:11:59.074+02:00 TRACE 4684 --- [clothlogix] [           main] o.s.b.f.s.DefaultListableBeanFactory     : Returning cached instance of singleton bean 'delegatingApplicationListener'
2024-05-17T15:11:59.074+02:00 TRACE 4684 --- [clothlogix] [           main] o.s.b.f.s.DefaultListableBeanFactory     : Returning cached instance of singleton bean 'webSecurityExpressionHandler'
2024-05-17T15:11:59.074+02:00 TRACE 4684 --- [clothlogix] [           main] o.s.b.f.s.DefaultListableBeanFactory     : Returning cached instance of singleton bean 'privilegeEvaluator'
2024-05-17T15:11:59.074+02:00 TRACE 4684 --- [clothlogix] [           main] o.s.b.f.s.DefaultListableBeanFactory     : Returning cached instance of singleton bean 'conversionServicePostProcessor'
2024-05-17T15:11:59.074+02:00 TRACE 4684 --- [clothlogix] [           main] o.s.b.f.s.DefaultListableBeanFactory     : Returning cached instance of singleton bean 'org.springframework.security.config.annotation.web.configuration.WebMvcSecurityConfiguration'
2024-05-17T15:11:59.074+02:00 TRACE 4684 --- [clothlogix] [           main] o.s.b.f.s.DefaultListableBeanFactory     : Returning cached instance of singleton bean 'requestDataValueProcessor'
2024-05-17T15:11:59.074+02:00 TRACE 4684 --- [clothlogix] [           main] o.s.b.f.s.DefaultListableBeanFactory     : Returning cached instance of singleton bean 'springSecurityHandlerMappingIntrospectorBeanDefinitionRegistryPostProcessor'
2024-05-17T15:11:59.074+02:00 TRACE 4684 --- [clothlogix] [           main] o.s.b.f.s.DefaultListableBeanFactory     : Returning cached instance of singleton bean 'org.springframework.security.config.annotation.web.configuration.HttpSecurityConfiguration'
2024-05-17T15:11:59.074+02:00 TRACE 4684 --- [clothlogix] [           main] o.s.b.f.s.DefaultListableBeanFactory     : Returning cached instance of singleton bean 'org.springframework.boot.autoconfigure.security.servlet.SpringBootWebSecurityConfiguration$WebSecurityEnablerConfiguration'
2024-05-17T15:11:59.074+02:00 TRACE 4684 --- [clothlogix] [           main] o.s.b.f.s.DefaultListableBeanFactory     : Returning cached instance of singleton bean 'org.springframework.boot.autoconfigure.security.servlet.SpringBootWebSecurityConfiguration$SecurityFilterChainConfiguration'
2024-05-17T15:11:59.074+02:00 TRACE 4684 --- [clothlogix] [           main] o.s.b.f.s.DefaultListableBeanFactory     : Returning cached instance of singleton bean 'defaultSecurityFilterChain'
2024-05-17T15:11:59.074+02:00 TRACE 4684 --- [clothlogix] [           main] o.s.b.f.s.DefaultListableBeanFactory     : Returning cached instance of singleton bean 'org.springframework.boot.autoconfigure.security.servlet.SpringBootWebSecurityConfiguration'
2024-05-17T15:11:59.074+02:00 TRACE 4684 --- [clothlogix] [           main] o.s.b.f.s.DefaultListableBeanFactory     : Returning cached instance of singleton bean 'org.springframework.boot.autoconfigure.security.servlet.SecurityAutoConfiguration'
2024-05-17T15:11:59.074+02:00 TRACE 4684 --- [clothlogix] [           main] o.s.b.f.s.DefaultListableBeanFactory     : Returning cached instance of singleton bean 'authenticationEventPublisher'
2024-05-17T15:11:59.074+02:00 TRACE 4684 --- [clothlogix] [           main] o.s.b.f.s.DefaultListableBeanFactory     : Returning cached instance of singleton bean 'spring.security-org.springframework.boot.autoconfigure.security.SecurityProperties'
2024-05-17T15:11:59.074+02:00 TRACE 4684 --- [clothlogix] [           main] o.s.b.f.s.DefaultListableBeanFactory     : Returning cached instance of singleton bean 'org.springframework.boot.autoconfigure.security.servlet.SecurityFilterAutoConfiguration'
2024-05-17T15:11:59.074+02:00 TRACE 4684 --- [clothlogix] [           main] o.s.b.f.s.DefaultListableBeanFactory     : Returning cached instance of singleton bean 'securityFilterChainRegistration'
2024-05-17T15:11:59.074+02:00 TRACE 4684 --- [clothlogix] [           main] o.s.b.f.s.DefaultListableBeanFactory     : Returning cached instance of singleton bean 'org.springframework.boot.autoconfigure.security.servlet.UserDetailsServiceAutoConfiguration'
2024-05-17T15:11:59.074+02:00 TRACE 4684 --- [clothlogix] [           main] o.s.b.f.s.DefaultListableBeanFactory     : Returning cached instance of singleton bean 'inMemoryUserDetailsManager'
2024-05-17T15:11:59.074+02:00 TRACE 4684 --- [clothlogix] [           main] o.s.b.f.s.DefaultListableBeanFactory     : Returning cached instance of singleton bean 'org.springframework.boot.autoconfigure.sql.init.DataSourceInitializationConfiguration'
2024-05-17T15:11:59.074+02:00 TRACE 4684 --- [clothlogix] [           main] o.s.b.f.s.DefaultListableBeanFactory     : Returning cached instance of singleton bean 'dataSourceScriptDatabaseInitializer'
2024-05-17T15:11:59.074+02:00 TRACE 4684 --- [clothlogix] [           main] o.s.b.f.s.DefaultListableBeanFactory     : Returning cached instance of singleton bean 'org.springframework.boot.autoconfigure.sql.init.SqlInitializationAutoConfiguration'
2024-05-17T15:11:59.074+02:00 TRACE 4684 --- [clothlogix] [           main] o.s.b.f.s.DefaultListableBeanFactory     : Returning cached instance of singleton bean 'spring.sql.init-org.springframework.boot.autoconfigure.sql.init.SqlInitializationProperties'
2024-05-17T15:11:59.074+02:00 TRACE 4684 --- [clothlogix] [           main] o.s.b.f.s.DefaultListableBeanFactory     : Returning cached instance of singleton bean 'org.springframework.boot.autoconfigure.task.TaskSchedulingConfigurations$ThreadPoolTaskSchedulerBuilderConfiguration'
2024-05-17T15:11:59.074+02:00 TRACE 4684 --- [clothlogix] [           main] o.s.b.f.s.DefaultListableBeanFactory     : Returning cached instance of singleton bean 'threadPoolTaskSchedulerBuilder'
2024-05-17T15:11:59.074+02:00 TRACE 4684 --- [clothlogix] [           main] o.s.b.f.s.DefaultListableBeanFactory     : Returning cached instance of singleton bean 'org.springframework.boot.autoconfigure.task.TaskSchedulingConfigurations$TaskSchedulerBuilderConfiguration'
2024-05-17T15:11:59.074+02:00 TRACE 4684 --- [clothlogix] [           main] o.s.b.f.s.DefaultListableBeanFactory     : Returning cached instance of singleton bean 'taskSchedulerBuilder'
2024-05-17T15:11:59.074+02:00 TRACE 4684 --- [clothlogix] [           main] o.s.b.f.s.DefaultListableBeanFactory     : Returning cached instance of singleton bean 'org.springframework.boot.autoconfigure.task.TaskSchedulingConfigurations$SimpleAsyncTaskSchedulerBuilderConfiguration'
2024-05-17T15:11:59.074+02:00 TRACE 4684 --- [clothlogix] [           main] o.s.b.f.s.DefaultListableBeanFactory     : Returning cached instance of singleton bean 'simpleAsyncTaskSchedulerBuilder'
2024-05-17T15:11:59.074+02:00 TRACE 4684 --- [clothlogix] [           main] o.s.b.f.s.DefaultListableBeanFactory     : Returning cached instance of singleton bean 'org.springframework.boot.autoconfigure.task.TaskSchedulingAutoConfiguration'
2024-05-17T15:11:59.074+02:00 TRACE 4684 --- [clothlogix] [           main] o.s.b.f.s.DefaultListableBeanFactory     : Returning cached instance of singleton bean 'spring.task.scheduling-org.springframework.boot.autoconfigure.task.TaskSchedulingProperties'
2024-05-17T15:11:59.074+02:00 TRACE 4684 --- [clothlogix] [           main] o.s.b.f.s.DefaultListableBeanFactory     : Returning cached instance of singleton bean 'org.springframework.boot.autoconfigure.jdbc.DataSourceTransactionManagerAutoConfiguration$JdbcTransactionManagerConfiguration'
2024-05-17T15:11:59.074+02:00 TRACE 4684 --- [clothlogix] [           main] o.s.b.f.s.DefaultListableBeanFactory     : Returning cached instance of singleton bean 'org.springframework.boot.autoconfigure.jdbc.DataSourceTransactionManagerAutoConfiguration'
2024-05-17T15:11:59.074+02:00 TRACE 4684 --- [clothlogix] [           main] o.s.b.f.s.DefaultListableBeanFactory     : Returning cached instance of singleton bean 'org.springframework.boot.autoconfigure.transaction.TransactionAutoConfiguration$TransactionTemplateConfiguration'
2024-05-17T15:11:59.074+02:00 TRACE 4684 --- [clothlogix] [           main] o.s.b.f.s.DefaultListableBeanFactory     : Returning cached instance of singleton bean 'transactionTemplate'
2024-05-17T15:11:59.074+02:00 TRACE 4684 --- [clothlogix] [           main] o.s.b.f.s.DefaultListableBeanFactory     : Returning cached instance of singleton bean 'org.springframework.boot.autoconfigure.transaction.TransactionAutoConfiguration'
2024-05-17T15:11:59.074+02:00 TRACE 4684 --- [clothlogix] [           main] o.s.b.f.s.DefaultListableBeanFactory     : Returning cached instance of singleton bean 'org.springframework.boot.autoconfigure.web.client.RestClientAutoConfiguration'
2024-05-17T15:11:59.074+02:00 TRACE 4684 --- [clothlogix] [           main] o.s.b.f.s.DefaultListableBeanFactory     : Returning cached instance of singleton bean 'httpMessageConvertersRestClientCustomizer'
2024-05-17T15:11:59.074+02:00 TRACE 4684 --- [clothlogix] [           main] o.s.b.f.s.DefaultListableBeanFactory     : Returning cached instance of singleton bean 'restClientSsl'
2024-05-17T15:11:59.074+02:00 TRACE 4684 --- [clothlogix] [           main] o.s.b.f.s.DefaultListableBeanFactory     : Returning cached instance of singleton bean 'restClientBuilderConfigurer'
2024-05-17T15:11:59.074+02:00 TRACE 4684 --- [clothlogix] [           main] o.s.b.f.s.DefaultListableBeanFactory     : Returning cached instance of singleton bean 'org.springframework.boot.autoconfigure.web.client.RestTemplateAutoConfiguration'
2024-05-17T15:11:59.074+02:00 TRACE 4684 --- [clothlogix] [           main] o.s.b.f.s.DefaultListableBeanFactory     : Returning cached instance of singleton bean 'org.springframework.boot.autoconfigure.web.servlet.HttpEncodingAutoConfiguration'
2024-05-17T15:11:59.074+02:00 TRACE 4684 --- [clothlogix] [           main] o.s.b.f.s.DefaultListableBeanFactory     : Returning cached instance of singleton bean 'characterEncodingFilter'
2024-05-17T15:11:59.074+02:00 TRACE 4684 --- [clothlogix] [           main] o.s.b.f.s.DefaultListableBeanFactory     : Returning cached instance of singleton bean 'localeCharsetMappingsCustomizer'
2024-05-17T15:11:59.074+02:00 TRACE 4684 --- [clothlogix] [           main] o.s.b.f.s.DefaultListableBeanFactory     : Returning cached instance of singleton bean 'org.springframework.boot.autoconfigure.web.servlet.MultipartAutoConfiguration'
2024-05-17T15:11:59.074+02:00 TRACE 4684 --- [clothlogix] [           main] o.s.b.f.s.DefaultListableBeanFactory     : Returning cached instance of singleton bean 'multipartConfigElement'
2024-05-17T15:11:59.074+02:00 TRACE 4684 --- [clothlogix] [           main] o.s.b.f.s.DefaultListableBeanFactory     : Returning cached instance of singleton bean 'multipartResolver'
2024-05-17T15:11:59.074+02:00 TRACE 4684 --- [clothlogix] [           main] o.s.b.f.s.DefaultListableBeanFactory     : Returning cached instance of singleton bean 'spring.servlet.multipart-org.springframework.boot.autoconfigure.web.servlet.MultipartProperties'
2024-05-17T15:11:59.074+02:00 TRACE 4684 --- [clothlogix] [           main] o.s.b.f.s.DefaultListableBeanFactory     : Returning cached instance of singleton bean 'mvcHandlerMappingIntrospectorRequestTransformer'
2024-05-17T15:11:59.074+02:00 TRACE 4684 --- [clothlogix] [           main] o.s.b.f.s.DefaultListableBeanFactory     : Returning cached instance of singleton bean 'springSecurityFilterChain'
2024-05-17T15:11:59.074+02:00 TRACE 4684 --- [clothlogix] [           main] o.s.b.f.s.DefaultListableBeanFactory     : Returning cached instance of singleton bean 'org.springframework.boot.test.mock.mockito.MockitoBeans'
2024-05-17T15:11:59.074+02:00 TRACE 4684 --- [clothlogix] [           main] o.s.test.context.TestContextManager      : beforeTestExecution(): instance [com.fabless.clothlogix.ClothlogixApplicationTests@5fe19d0e], method [void com.fabless.clothlogix.ClothlogixApplicationTests.contextLoads()]
2024-05-17T15:11:59.079+02:00 TRACE 4684 --- [clothlogix] [           main] c.DefaultCacheAwareContextLoaderDelegate : Retrieved ApplicationContext [1059080630] from cache with key [WebMergedContextConfiguration@622c658d testClass = com.fabless.clothlogix.ClothlogixApplicationTests, locations = [], classes = [com.fabless.clothlogix.ClothlogixApplication], contextInitializerClasses = [], activeProfiles = [], propertySourceDescriptors = [], propertySourceProperties = ["org.springframework.boot.test.context.SpringBootTestContextBootstrapper=true"], contextCustomizers = [org.springframework.boot.test.context.filter.ExcludeFilterContextCustomizer@d23e042, org.springframework.boot.test.json.DuplicateJsonObjectContextCustomizerFactory$DuplicateJsonObjectContextCustomizer@6cd24612, org.springframework.boot.test.mock.mockito.MockitoContextCustomizer@0, org.springframework.boot.test.web.client.TestRestTemplateContextCustomizer@45385f75, org.springframework.boot.test.autoconfigure.actuate.observability.ObservabilityContextCustomizerFactory$DisableObservabilityContextCustomizer@1f, org.springframework.boot.test.autoconfigure.properties.PropertyMappingContextCustomizer@0, org.springframework.boot.test.autoconfigure.web.servlet.WebDriverContextCustomizer@769a1df5, org.springframework.boot.test.context.SpringBootTestAnnotation@426e704a], resourceBasePath = "src/main/webapp", contextLoader = org.springframework.boot.test.context.SpringBootContextLoader, parent = null]
2024-05-17T15:11:59.079+02:00 DEBUG 4684 --- [clothlogix] [           main] org.springframework.test.context.cache   : Spring test ApplicationContext cache statistics: [DefaultContextCache@3619bc9e size = 1, maxSize = 32, parentContextCount = 0, hitCount = 5, missCount = 1, failureCount = 0]
2024-05-17T15:11:59.079+02:00 TRACE 4684 --- [clothlogix] [           main] o.s.b.f.s.DefaultListableBeanFactory     : Returning cached instance of singleton bean 'delegatingApplicationListener'
2024-05-17T15:11:59.082+02:00 TRACE 4684 --- [clothlogix] [           main] o.s.test.context.TestContextManager      : afterTestExecution(): instance [com.fabless.clothlogix.ClothlogixApplicationTests@5fe19d0e], method [void com.fabless.clothlogix.ClothlogixApplicationTests.contextLoads()], exception [null]
2024-05-17T15:11:59.082+02:00 TRACE 4684 --- [clothlogix] [           main] c.DefaultCacheAwareContextLoaderDelegate : Retrieved ApplicationContext [1059080630] from cache with key [WebMergedContextConfiguration@622c658d testClass = com.fabless.clothlogix.ClothlogixApplicationTests, locations = [], classes = [com.fabless.clothlogix.ClothlogixApplication], contextInitializerClasses = [], activeProfiles = [], propertySourceDescriptors = [], propertySourceProperties = ["org.springframework.boot.test.context.SpringBootTestContextBootstrapper=true"], contextCustomizers = [org.springframework.boot.test.context.filter.ExcludeFilterContextCustomizer@d23e042, org.springframework.boot.test.json.DuplicateJsonObjectContextCustomizerFactory$DuplicateJsonObjectContextCustomizer@6cd24612, org.springframework.boot.test.mock.mockito.MockitoContextCustomizer@0, org.springframework.boot.test.web.client.TestRestTemplateContextCustomizer@45385f75, org.springframework.boot.test.autoconfigure.actuate.observability.ObservabilityContextCustomizerFactory$DisableObservabilityContextCustomizer@1f, org.springframework.boot.test.autoconfigure.properties.PropertyMappingContextCustomizer@0, org.springframework.boot.test.autoconfigure.web.servlet.WebDriverContextCustomizer@769a1df5, org.springframework.boot.test.context.SpringBootTestAnnotation@426e704a], resourceBasePath = "src/main/webapp", contextLoader = org.springframework.boot.test.context.SpringBootContextLoader, parent = null]
2024-05-17T15:11:59.082+02:00 DEBUG 4684 --- [clothlogix] [           main] org.springframework.test.context.cache   : Spring test ApplicationContext cache statistics: [DefaultContextCache@3619bc9e size = 1, maxSize = 32, parentContextCount = 0, hitCount = 6, missCount = 1, failureCount = 0]
2024-05-17T15:11:59.082+02:00 TRACE 4684 --- [clothlogix] [           main] o.s.b.f.s.DefaultListableBeanFactory     : Returning cached instance of singleton bean 'delegatingApplicationListener'
2024-05-17T15:11:59.082+02:00 TRACE 4684 --- [clothlogix] [           main] o.s.test.context.TestContextManager      : afterTestMethod(): instance [com.fabless.clothlogix.ClothlogixApplicationTests@5fe19d0e], method [void com.fabless.clothlogix.ClothlogixApplicationTests.contextLoads()], exception [null]
2024-05-17T15:11:59.082+02:00 TRACE 4684 --- [clothlogix] [           main] c.DefaultCacheAwareContextLoaderDelegate : Retrieved ApplicationContext [1059080630] from cache with key [WebMergedContextConfiguration@622c658d testClass = com.fabless.clothlogix.ClothlogixApplicationTests, locations = [], classes = [com.fabless.clothlogix.ClothlogixApplication], contextInitializerClasses = [], activeProfiles = [], propertySourceDescriptors = [], propertySourceProperties = ["org.springframework.boot.test.context.SpringBootTestContextBootstrapper=true"], contextCustomizers = [org.springframework.boot.test.context.filter.ExcludeFilterContextCustomizer@d23e042, org.springframework.boot.test.json.DuplicateJsonObjectContextCustomizerFactory$DuplicateJsonObjectContextCustomizer@6cd24612, org.springframework.boot.test.mock.mockito.MockitoContextCustomizer@0, org.springframework.boot.test.web.client.TestRestTemplateContextCustomizer@45385f75, org.springframework.boot.test.autoconfigure.actuate.observability.ObservabilityContextCustomizerFactory$DisableObservabilityContextCustomizer@1f, org.springframework.boot.test.autoconfigure.properties.PropertyMappingContextCustomizer@0, org.springframework.boot.test.autoconfigure.web.servlet.WebDriverContextCustomizer@769a1df5, org.springframework.boot.test.context.SpringBootTestAnnotation@426e704a], resourceBasePath = "src/main/webapp", contextLoader = org.springframework.boot.test.context.SpringBootContextLoader, parent = null]
2024-05-17T15:11:59.082+02:00 DEBUG 4684 --- [clothlogix] [           main] org.springframework.test.context.cache   : Spring test ApplicationContext cache statistics: [DefaultContextCache@3619bc9e size = 1, maxSize = 32, parentContextCount = 0, hitCount = 7, missCount = 1, failureCount = 0]
2024-05-17T15:11:59.082+02:00 TRACE 4684 --- [clothlogix] [           main] c.DefaultCacheAwareContextLoaderDelegate : Retrieved ApplicationContext [1059080630] from cache with key [WebMergedContextConfiguration@622c658d testClass = com.fabless.clothlogix.ClothlogixApplicationTests, locations = [], classes = [com.fabless.clothlogix.ClothlogixApplication], contextInitializerClasses = [], activeProfiles = [], propertySourceDescriptors = [], propertySourceProperties = ["org.springframework.boot.test.context.SpringBootTestContextBootstrapper=true"], contextCustomizers = [org.springframework.boot.test.context.filter.ExcludeFilterContextCustomizer@d23e042, org.springframework.boot.test.json.DuplicateJsonObjectContextCustomizerFactory$DuplicateJsonObjectContextCustomizer@6cd24612, org.springframework.boot.test.mock.mockito.MockitoContextCustomizer@0, org.springframework.boot.test.web.client.TestRestTemplateContextCustomizer@45385f75, org.springframework.boot.test.autoconfigure.actuate.observability.ObservabilityContextCustomizerFactory$DisableObservabilityContextCustomizer@1f, org.springframework.boot.test.autoconfigure.properties.PropertyMappingContextCustomizer@0, org.springframework.boot.test.autoconfigure.web.servlet.WebDriverContextCustomizer@769a1df5, org.springframework.boot.test.context.SpringBootTestAnnotation@426e704a], resourceBasePath = "src/main/webapp", contextLoader = org.springframework.boot.test.context.SpringBootContextLoader, parent = null]
2024-05-17T15:11:59.082+02:00 DEBUG 4684 --- [clothlogix] [           main] org.springframework.test.context.cache   : Spring test ApplicationContext cache statistics: [DefaultContextCache@3619bc9e size = 1, maxSize = 32, parentContextCount = 0, hitCount = 8, missCount = 1, failureCount = 0]
2024-05-17T15:11:59.092+02:00 TRACE 4684 --- [clothlogix] [           main] o.s.b.f.s.DefaultListableBeanFactory     : No bean named 'org.springframework.boot.test.autoconfigure.web.servlet.SpringBootMockMvcBuilderCustomizer$DeferredLinesWriter' found in org.springframework.beans.factory.support.DefaultListableBeanFactory@75b21c3b: defining beans [org.springframework.boot.test.mock.mockito.MockitoPostProcessor$SpyPostProcessor,org.springframework.boot.test.mock.mockito.MockitoPostProcessor,org.springframework.context.annotation.internalConfigurationAnnotationProcessor,org.springframework.context.annotation.internalAutowiredAnnotationProcessor,org.springframework.context.annotation.internalCommonAnnotationProcessor,org.springframework.context.annotation.internalPersistenceAnnotationProcessor,org.springframework.context.event.internalEventListenerProcessor,org.springframework.context.event.internalEventListenerFactory,clothlogixApplication,org.springframework.boot.autoconfigure.internalCachingMetadataReaderFactory,hibernateConf,coloreController,coloreDAOImpl,loginDAOImpl,magazzinoDAOImpl,materialeDAOImpl,prodottoDAOImpl,profiloDAOImpl,sezioneDAOImpl,tagliaDAOImpl,tipoDAOImpl,utenteDAOImpl,superClassMapperImpl,coloreService,loginService,magazzinoService,materialeService,prodottoService,profiloService,sezioneService,tagliaService,tipoService,utenteService,org.springframework.transaction.annotation.ProxyTransactionManagementConfiguration,org.springframework.transaction.config.internalTransactionAdvisor,transactionAttributeSource,transactionInterceptor,org.springframework.transaction.config.internalTransactionalEventListenerFactory,dataSource,hibernateTransactionManager,entityManagerFactory,org.springframework.aop.config.internalAutoProxyCreator,org.springframework.boot.autoconfigure.AutoConfigurationPackages,org.springframework.boot.autoconfigure.context.PropertyPlaceholderAutoConfiguration,propertySourcesPlaceholderConfigurer,org.springframework.boot.autoconfigure.ssl.SslAutoConfiguration,fileWatcher,sslPropertiesSslBundleRegistrar,sslBundleRegistry,org.springframework.boot.context.properties.ConfigurationPropertiesBindingPostProcessor,org.springframework.boot.context.internalConfigurationPropertiesBinder,org.springframework.boot.context.properties.BoundConfigurationProperties,org.springframework.boot.context.properties.EnableConfigurationPropertiesRegistrar.methodValidationExcludeFilter,spring.ssl-org.springframework.boot.autoconfigure.ssl.SslProperties,org.springframework.boot.autoconfigure.websocket.servlet.WebSocketServletAutoConfiguration$TomcatWebSocketConfiguration,websocketServletWebServerCustomizer,org.springframework.boot.autoconfigure.websocket.servlet.WebSocketServletAutoConfiguration,org.springframework.boot.autoconfigure.web.servlet.ServletWebServerFactoryConfiguration$EmbeddedTomcat,tomcatServletWebServerFactory,org.springframework.boot.autoconfigure.web.servlet.ServletWebServerFactoryAutoConfiguration,servletWebServerFactoryCustomizer,tomcatServletWebServerFactoryCustomizer,server-org.springframework.boot.autoconfigure.web.ServerProperties,webServerFactoryCustomizerBeanPostProcessor,errorPageRegistrarBeanPostProcessor,org.springframework.boot.autoconfigure.web.servlet.DispatcherServletAutoConfiguration$DispatcherServletConfiguration,dispatcherServlet,spring.mvc-org.springframework.boot.autoconfigure.web.servlet.WebMvcProperties,org.springframework.boot.autoconfigure.web.servlet.DispatcherServletAutoConfiguration$DispatcherServletRegistrationConfiguration,dispatcherServletRegistration,org.springframework.boot.autoconfigure.web.servlet.DispatcherServletAutoConfiguration,org.springframework.boot.autoconfigure.task.TaskExecutorConfigurations$ThreadPoolTaskExecutorBuilderConfiguration,threadPoolTaskExecutorBuilder,org.springframework.boot.autoconfigure.task.TaskExecutorConfigurations$TaskExecutorBuilderConfiguration,taskExecutorBuilder,org.springframework.boot.autoconfigure.task.TaskExecutorConfigurations$SimpleAsyncTaskExecutorBuilderConfiguration,simpleAsyncTaskExecutorBuilder,org.springframework.boot.autoconfigure.task.TaskExecutorConfigurations$TaskExecutorConfiguration,applicationTaskExecutor,org.springframework.boot.autoconfigure.task.TaskExecutionAutoConfiguration,spring.task.execution-org.springframework.boot.autoconfigure.task.TaskExecutionProperties,org.springframework.boot.autoconfigure.validation.ValidationAutoConfiguration,defaultValidator,methodValidationPostProcessor,org.springframework.boot.autoconfigure.web.servlet.error.ErrorMvcAutoConfiguration$WhitelabelErrorViewConfiguration,error,beanNameViewResolver,org.springframework.boot.autoconfigure.web.servlet.error.ErrorMvcAutoConfiguration$DefaultErrorViewResolverConfiguration,conventionErrorViewResolver,spring.web-org.springframework.boot.autoconfigure.web.WebProperties,org.springframework.boot.autoconfigure.web.servlet.error.ErrorMvcAutoConfiguration,errorAttributes,basicErrorController,errorPageCustomizer,preserveErrorControllerTargetClassPostProcessor,org.springframework.boot.autoconfigure.web.servlet.WebMvcAutoConfiguration$EnableWebMvcConfiguration,welcomePageHandlerMapping,welcomePageNotAcceptableHandlerMapping,localeResolver,themeResolver,flashMapManager,mvcConversionService,mvcValidator,mvcContentNegotiationManager,requestMappingHandlerMapping,mvcPatternParser,mvcUrlPathHelper,mvcPathMatcher,viewControllerHandlerMapping,beanNameHandlerMapping,routerFunctionMapping,resourceHandlerMapping,mvcResourceUrlProvider,defaultServletHandlerMapping,requestMappingHandlerAdapter,handlerFunctionAdapter,mvcUriComponentsContributor,httpRequestHandlerAdapter,simpleControllerHandlerAdapter,handlerExceptionResolver,mvcViewResolver,mvcHandlerMappingIntrospector,viewNameTranslator,org.springframework.boot.autoconfigure.web.servlet.WebMvcAutoConfiguration$WebMvcAutoConfigurationAdapter,defaultViewResolver,viewResolver,requestContextFilter,org.springframework.boot.autoconfigure.web.servlet.WebMvcAutoConfiguration,formContentFilter,org.springframework.boot.autoconfigure.aop.AopAutoConfiguration$AspectJAutoProxyingConfiguration$CglibAutoProxyConfiguration,org.springframework.boot.autoconfigure.aop.AopAutoConfiguration$AspectJAutoProxyingConfiguration,org.springframework.boot.autoconfigure.aop.AopAutoConfiguration,org.springframework.boot.autoconfigure.availability.ApplicationAvailabilityAutoConfiguration,applicationAvailability,org.springframework.boot.autoconfigure.transaction.jta.JtaAutoConfiguration,org.springframework.boot.autoconfigure.jdbc.metadata.DataSourcePoolMetadataProvidersConfiguration$CommonsDbcp2PoolDataSourceMetadataProviderConfiguration,commonsDbcp2PoolDataSourceMetadataProvider,org.springframework.boot.autoconfigure.jdbc.metadata.DataSourcePoolMetadataProvidersConfiguration$HikariPoolDataSourceMetadataProviderConfiguration,hikariPoolDataSourceMetadataProvider,org.springframework.boot.autoconfigure.jdbc.metadata.DataSourcePoolMetadataProvidersConfiguration,org.springframework.boot.autoconfigure.jdbc.DataSourceAutoConfiguration,spring.datasource-org.springframework.boot.autoconfigure.jdbc.DataSourceProperties,org.springframework.boot.autoconfigure.transaction.TransactionManagerCustomizationAutoConfiguration,platformTransactionManagerCustomizers,transactionExecutionListeners,spring.transaction-org.springframework.boot.autoconfigure.transaction.TransactionProperties,org.springframework.boot.autoconfigure.orm.jpa.JpaBaseConfiguration$JpaWebConfiguration,openEntityManagerInViewInterceptor,openEntityManagerInViewInterceptorConfigurer,org.springframework.boot.autoconfigure.orm.jpa.HibernateJpaConfiguration,jpaVendorAdapter,entityManagerFactoryBuilder,spring.jpa.hibernate-org.springframework.boot.autoconfigure.orm.jpa.HibernateProperties,spring.jpa-org.springframework.boot.autoconfigure.orm.jpa.JpaProperties,org.springframework.boot.autoconfigure.orm.jpa.HibernateJpaAutoConfiguration,org.springframework.boot.autoconfigure.jackson.JacksonAutoConfiguration$Jackson2ObjectMapperBuilderCustomizerConfiguration,standardJacksonObjectMapperBuilderCustomizer,spring.jackson-org.springframework.boot.autoconfigure.jackson.JacksonProperties,org.springframework.boot.autoconfigure.jackson.JacksonAutoConfiguration$JacksonObjectMapperBuilderConfiguration,jacksonObjectMapperBuilder,org.springframework.boot.autoconfigure.jackson.JacksonAutoConfiguration$ParameterNamesModuleConfiguration,parameterNamesModule,org.springframework.boot.autoconfigure.jackson.JacksonAutoConfiguration$JacksonObjectMapperConfiguration,jacksonObjectMapper,org.springframework.boot.autoconfigure.jackson.JacksonAutoConfiguration$JacksonMixinConfiguration,jsonMixinModuleEntries,jsonMixinModule,org.springframework.boot.autoconfigure.jackson.JacksonAutoConfiguration,jsonComponentModule,org.springframework.boot.autoconfigure.context.ConfigurationPropertiesAutoConfiguration,org.springframework.boot.autoconfigure.context.LifecycleAutoConfiguration,lifecycleProcessor,spring.lifecycle-org.springframework.boot.autoconfigure.context.LifecycleProperties,org.springframework.boot.autoconfigure.dao.PersistenceExceptionTranslationAutoConfiguration,persistenceExceptionTranslationPostProcessor,org.springframework.boot.autoconfigure.data.jpa.JpaRepositoriesAutoConfiguration,jpaSharedEM_entityManagerFactory,emBeanDefinitionRegistrarPostProcessor,jpaMappingContext,jpaContext,org.springframework.data.jpa.util.JpaMetamodelCacheCleanup,org.springframework.data.jpa.repository.support.JpaEvaluationContextExtension,data-jpa.repository-aot-processor#0,org.springframework.boot.autoconfigure.http.HttpMessageConvertersAutoConfiguration$StringHttpMessageConverterConfiguration,stringHttpMessageConverter,org.springframework.boot.autoconfigure.http.JacksonHttpMessageConvertersConfiguration$MappingJackson2HttpMessageConverterConfiguration,mappingJackson2HttpMessageConverter,org.springframework.boot.autoconfigure.http.JacksonHttpMessageConvertersConfiguration,org.springframework.boot.autoconfigure.http.HttpMessageConvertersAutoConfiguration,messageConverters,org.springframework.hateoas.mediatype.hal.HalMediaTypeConfiguration,halLinkDisocoverer,org.springframework.hateoas.mediatype.hal.forms.HalFormsMediaTypeConfiguration,halFormsLinkDiscoverer,halFormsTemplatePropertyWriter,org.springframework.hateoas.config.WebTestHateoasConfiguration,webTestClientConfigurer,org.springframework.hateoas.config.HateoasConfiguration,messageResolver,hypermediaWebMvcConverters,defaultRelProvider,annotationRelProvider,_relProvider,relProviderPluginRegistry,linkDiscoverers,linkDiscovererRegistry,org.springframework.hateoas.config.WebMvcEntityLinksConfiguration,webMvcEntityLinks,entityLinksPluginRegistry,delegatingEntityLinks,org.springframework.hateoas.config.WebMvcHateoasConfiguration,hypermediaWebMvcConfigurer,representationModelProcessorInvoker,hypermediaRepresentionModelProcessorConfigurator,webMvcLinkBuilderFactory,org.springframework.hateoas.config.RestTemplateHateoasConfiguration,hypermediaRestTemplateBeanPostProcessor,hypermediaRestTemplateConfigurer,org.springframework.data.rest.webmvc.RestControllerConfiguration,repositoryController,repositoryEntityController,repositoryPropertyReferenceController,repositorySearchController,repositorySchemaController,alpsController,profileController,org.springframework.data.web.config.SpringDataJacksonConfiguration,jacksonGeoModule,pageModule,org.springframework.data.rest.webmvc.config.RepositoryRestMvcConfiguration,repositories,repositoryRelProvider,persistentEntities,defaultConversionService,validatingRepositoryEventListener,jpaHelper,repositoryRestConfiguration,projectionDefinitionRegistrar,metadataConfiguration,baseUri,annotatedEventHandlerInvoker,repoRequestArgumentResolver,resourceMetadataHandlerMethodArgumentResolver,backendIdHandlerMethodArgumentResolver,eTagArgumentResolver,entityLinks,persistentEntityArgumentResolver,jsonSchemaConverter,jacksonHttpMessageConverter,halJacksonHttpMessageConverter,halFormsJacksonHttpMessageConverter,uriListHttpMessageConverter,repositoryExporterHandlerAdapter,restHandlerMapping,resourceMappings,linkCollector,excerptProjector,repositoryRestExceptionHandler,repositoryInvokerFactory,defaultMessageConverters,alpsJsonHttpMessageConverter,pageableResolver,sortResolver,backendIdConverterRegistry,auditableBeanWrapperFactory,httpHeadersPreparer,selfLinkProvider,associationLinks,representationModelAssemblersArgumentResolver,persistentEntityResourceAssemblerArgumentResolver,enumTranslator,alpsConverter,profileResourceProcessor,pagedResourcesAssembler,pagedResourcesAssemblerArgumentResolver,slicedResourcesAssembler,slicedResourcesAssemblerArgumentResolver,offsetResolver,org.springframework.boot.autoconfigure.data.rest.RepositoryRestMvcAutoConfiguration,springBootRepositoryRestConfigurer,spring.data.rest-org.springframework.boot.autoconfigure.data.rest.RepositoryRestProperties,org.springframework.boot.autoconfigure.hateoas.HypermediaAutoConfiguration,applicationJsonHalConfiguration,spring.hateoas-org.springframework.boot.autoconfigure.hateoas.HateoasProperties,org.springframework.boot.autoconfigure.info.ProjectInfoAutoConfiguration,spring.info-org.springframework.boot.autoconfigure.info.ProjectInfoProperties,org.springframework.boot.autoconfigure.jdbc.JdbcTemplateConfiguration,jdbcTemplate,org.springframework.boot.autoconfigure.jdbc.NamedParameterJdbcTemplateConfiguration,namedParameterJdbcTemplate,org.springframework.boot.autoconfigure.jdbc.JdbcTemplateAutoConfiguration,spring.jdbc-org.springframework.boot.autoconfigure.jdbc.JdbcProperties,org.springframework.boot.sql.init.dependency.DatabaseInitializationDependencyConfigurer$DependsOnDatabaseInitializationPostProcessor,org.springframework.boot.autoconfigure.jdbc.JdbcClientAutoConfiguration,jdbcClient,org.springframework.security.config.annotation.configuration.ObjectPostProcessorConfiguration,objectPostProcessor,org.springframework.security.config.annotation.authentication.configuration.AuthenticationConfiguration,authenticationManagerBuilder,enableGlobalAuthenticationAutowiredConfigurer,initializeUserDetailsBeanManagerConfigurer,initializeAuthenticationProviderBeanManagerConfigurer,org.springframework.security.config.annotation.web.configuration.WebSecurityConfiguration,delegatingApplicationListener,webSecurityExpressionHandler,privilegeEvaluator,conversionServicePostProcessor,org.springframework.security.config.annotation.web.configuration.WebMvcSecurityConfiguration,requestDataValueProcessor,springSecurityHandlerMappingIntrospectorBeanDefinitionRegistryPostProcessor,org.springframework.security.config.annotation.web.configuration.HttpSecurityConfiguration,org.springframework.security.config.annotation.web.configuration.HttpSecurityConfiguration.httpSecurity,org.springframework.boot.autoconfigure.security.servlet.SpringBootWebSecurityConfiguration$WebSecurityEnablerConfiguration,org.springframework.boot.autoconfigure.security.servlet.SpringBootWebSecurityConfiguration$SecurityFilterChainConfiguration,defaultSecurityFilterChain,org.springframework.boot.autoconfigure.security.servlet.SpringBootWebSecurityConfiguration,org.springframework.boot.autoconfigure.security.servlet.SecurityAutoConfiguration,authenticationEventPublisher,spring.security-org.springframework.boot.autoconfigure.security.SecurityProperties,org.springframework.boot.autoconfigure.security.servlet.SecurityFilterAutoConfiguration,securityFilterChainRegistration,org.springframework.boot.autoconfigure.security.servlet.UserDetailsServiceAutoConfiguration,inMemoryUserDetailsManager,org.springframework.boot.autoconfigure.sql.init.DataSourceInitializationConfiguration,dataSourceScriptDatabaseInitializer,org.springframework.boot.autoconfigure.sql.init.SqlInitializationAutoConfiguration,spring.sql.init-org.springframework.boot.autoconfigure.sql.init.SqlInitializationProperties,org.springframework.boot.autoconfigure.task.TaskSchedulingConfigurations$ThreadPoolTaskSchedulerBuilderConfiguration,threadPoolTaskSchedulerBuilder,org.springframework.boot.autoconfigure.task.TaskSchedulingConfigurations$TaskSchedulerBuilderConfiguration,taskSchedulerBuilder,org.springframework.boot.autoconfigure.task.TaskSchedulingConfigurations$SimpleAsyncTaskSchedulerBuilderConfiguration,simpleAsyncTaskSchedulerBuilder,org.springframework.boot.autoconfigure.task.TaskSchedulingAutoConfiguration,spring.task.scheduling-org.springframework.boot.autoconfigure.task.TaskSchedulingProperties,org.springframework.boot.autoconfigure.jdbc.DataSourceTransactionManagerAutoConfiguration$JdbcTransactionManagerConfiguration,org.springframework.boot.autoconfigure.jdbc.DataSourceTransactionManagerAutoConfiguration,org.springframework.boot.autoconfigure.transaction.TransactionAutoConfiguration$TransactionTemplateConfiguration,transactionTemplate,org.springframework.boot.autoconfigure.transaction.TransactionAutoConfiguration,org.springframework.boot.autoconfigure.web.client.RestClientAutoConfiguration,httpMessageConvertersRestClientCustomizer,restClientSsl,restClientBuilderConfigurer,restClientBuilder,org.springframework.boot.autoconfigure.web.client.RestTemplateAutoConfiguration,restTemplateBuilderConfigurer,restTemplateBuilder,org.springframework.boot.autoconfigure.web.servlet.HttpEncodingAutoConfiguration,characterEncodingFilter,localeCharsetMappingsCustomizer,org.springframework.boot.autoconfigure.web.servlet.MultipartAutoConfiguration,multipartConfigElement,multipartResolver,spring.servlet.multipart-org.springframework.boot.autoconfigure.web.servlet.MultipartProperties,mvcHandlerMappingIntrospectorRequestTransformer,springSecurityFilterChain,jpaSharedEM_AWC_entityManagerFactory]; root of factory hierarchy
2024-05-17T15:11:59.095+02:00 TRACE 4684 --- [clothlogix] [           main] c.DefaultCacheAwareContextLoaderDelegate : Retrieved ApplicationContext [1059080630] from cache with key [WebMergedContextConfiguration@622c658d testClass = com.fabless.clothlogix.ClothlogixApplicationTests, locations = [], classes = [com.fabless.clothlogix.ClothlogixApplication], contextInitializerClasses = [], activeProfiles = [], propertySourceDescriptors = [], propertySourceProperties = ["org.springframework.boot.test.context.SpringBootTestContextBootstrapper=true"], contextCustomizers = [org.springframework.boot.test.context.filter.ExcludeFilterContextCustomizer@d23e042, org.springframework.boot.test.json.DuplicateJsonObjectContextCustomizerFactory$DuplicateJsonObjectContextCustomizer@6cd24612, org.springframework.boot.test.mock.mockito.MockitoContextCustomizer@0, org.springframework.boot.test.web.client.TestRestTemplateContextCustomizer@45385f75, org.springframework.boot.test.autoconfigure.actuate.observability.ObservabilityContextCustomizerFactory$DisableObservabilityContextCustomizer@1f, org.springframework.boot.test.autoconfigure.properties.PropertyMappingContextCustomizer@0, org.springframework.boot.test.autoconfigure.web.servlet.WebDriverContextCustomizer@769a1df5, org.springframework.boot.test.context.SpringBootTestAnnotation@426e704a], resourceBasePath = "src/main/webapp", contextLoader = org.springframework.boot.test.context.SpringBootContextLoader, parent = null]
2024-05-17T15:11:59.095+02:00 DEBUG 4684 --- [clothlogix] [           main] org.springframework.test.context.cache   : Spring test ApplicationContext cache statistics: [DefaultContextCache@3619bc9e size = 1, maxSize = 32, parentContextCount = 0, hitCount = 9, missCount = 1, failureCount = 0]
2024-05-17T15:11:59.097+02:00 TRACE 4684 --- [clothlogix] [           main] c.DefaultCacheAwareContextLoaderDelegate : Retrieved ApplicationContext [1059080630] from cache with key [WebMergedContextConfiguration@622c658d testClass = com.fabless.clothlogix.ClothlogixApplicationTests, locations = [], classes = [com.fabless.clothlogix.ClothlogixApplication], contextInitializerClasses = [], activeProfiles = [], propertySourceDescriptors = [], propertySourceProperties = ["org.springframework.boot.test.context.SpringBootTestContextBootstrapper=true"], contextCustomizers = [org.springframework.boot.test.context.filter.ExcludeFilterContextCustomizer@d23e042, org.springframework.boot.test.json.DuplicateJsonObjectContextCustomizerFactory$DuplicateJsonObjectContextCustomizer@6cd24612, org.springframework.boot.test.mock.mockito.MockitoContextCustomizer@0, org.springframework.boot.test.web.client.TestRestTemplateContextCustomizer@45385f75, org.springframework.boot.test.autoconfigure.actuate.observability.ObservabilityContextCustomizerFactory$DisableObservabilityContextCustomizer@1f, org.springframework.boot.test.autoconfigure.properties.PropertyMappingContextCustomizer@0, org.springframework.boot.test.autoconfigure.web.servlet.WebDriverContextCustomizer@769a1df5, org.springframework.boot.test.context.SpringBootTestAnnotation@426e704a], resourceBasePath = "src/main/webapp", contextLoader = org.springframework.boot.test.context.SpringBootContextLoader, parent = null]
2024-05-17T15:11:59.097+02:00 DEBUG 4684 --- [clothlogix] [           main] org.springframework.test.context.cache   : Spring test ApplicationContext cache statistics: [DefaultContextCache@3619bc9e size = 1, maxSize = 32, parentContextCount = 0, hitCount = 10, missCount = 1, failureCount = 0]
2024-05-17T15:11:59.097+02:00 TRACE 4684 --- [clothlogix] [           main] o.s.b.f.s.DefaultListableBeanFactory     : Returning cached instance of singleton bean 'org.springframework.boot.test.mock.mockito.MockitoPostProcessor$SpyPostProcessor'
2024-05-17T15:11:59.097+02:00 TRACE 4684 --- [clothlogix] [           main] o.s.b.f.s.DefaultListableBeanFactory     : Returning cached instance of singleton bean 'org.springframework.boot.test.mock.mockito.MockitoPostProcessor'
2024-05-17T15:11:59.097+02:00 TRACE 4684 --- [clothlogix] [           main] o.s.b.f.s.DefaultListableBeanFactory     : Returning cached instance of singleton bean 'org.springframework.context.annotation.internalConfigurationAnnotationProcessor'
2024-05-17T15:11:59.097+02:00 TRACE 4684 --- [clothlogix] [           main] o.s.b.f.s.DefaultListableBeanFactory     : Returning cached instance of singleton bean 'org.springframework.context.annotation.internalAutowiredAnnotationProcessor'
2024-05-17T15:11:59.097+02:00 TRACE 4684 --- [clothlogix] [           main] o.s.b.f.s.DefaultListableBeanFactory     : Returning cached instance of singleton bean 'org.springframework.context.annotation.internalCommonAnnotationProcessor'
2024-05-17T15:11:59.097+02:00 TRACE 4684 --- [clothlogix] [           main] o.s.b.f.s.DefaultListableBeanFactory     : Returning cached instance of singleton bean 'org.springframework.context.annotation.internalPersistenceAnnotationProcessor'
2024-05-17T15:11:59.097+02:00 TRACE 4684 --- [clothlogix] [           main] o.s.b.f.s.DefaultListableBeanFactory     : Returning cached instance of singleton bean 'org.springframework.context.event.internalEventListenerProcessor'
2024-05-17T15:11:59.097+02:00 TRACE 4684 --- [clothlogix] [           main] o.s.b.f.s.DefaultListableBeanFactory     : Returning cached instance of singleton bean 'org.springframework.context.event.internalEventListenerFactory'
2024-05-17T15:11:59.097+02:00 TRACE 4684 --- [clothlogix] [           main] o.s.b.f.s.DefaultListableBeanFactory     : Returning cached instance of singleton bean 'clothlogixApplication'
2024-05-17T15:11:59.097+02:00 TRACE 4684 --- [clothlogix] [           main] o.s.b.f.s.DefaultListableBeanFactory     : Returning cached instance of singleton bean 'org.springframework.boot.autoconfigure.internalCachingMetadataReaderFactory'
2024-05-17T15:11:59.097+02:00 TRACE 4684 --- [clothlogix] [           main] o.s.b.f.s.DefaultListableBeanFactory     : Returning cached instance of singleton bean 'org.springframework.boot.autoconfigure.internalCachingMetadataReaderFactory'
2024-05-17T15:11:59.097+02:00 TRACE 4684 --- [clothlogix] [           main] o.s.b.f.s.DefaultListableBeanFactory     : Returning cached instance of singleton bean 'hibernateConf'
2024-05-17T15:11:59.097+02:00 TRACE 4684 --- [clothlogix] [           main] o.s.b.f.s.DefaultListableBeanFactory     : Returning cached instance of singleton bean 'coloreController'
2024-05-17T15:11:59.097+02:00 TRACE 4684 --- [clothlogix] [           main] o.s.b.f.s.DefaultListableBeanFactory     : Returning cached instance of singleton bean 'coloreDAOImpl'
2024-05-17T15:11:59.097+02:00 TRACE 4684 --- [clothlogix] [           main] o.s.b.f.s.DefaultListableBeanFactory     : Returning cached instance of singleton bean 'loginDAOImpl'
2024-05-17T15:11:59.097+02:00 TRACE 4684 --- [clothlogix] [           main] o.s.b.f.s.DefaultListableBeanFactory     : Returning cached instance of singleton bean 'magazzinoDAOImpl'
2024-05-17T15:11:59.097+02:00 TRACE 4684 --- [clothlogix] [           main] o.s.b.f.s.DefaultListableBeanFactory     : Returning cached instance of singleton bean 'materialeDAOImpl'
2024-05-17T15:11:59.097+02:00 TRACE 4684 --- [clothlogix] [           main] o.s.b.f.s.DefaultListableBeanFactory     : Returning cached instance of singleton bean 'prodottoDAOImpl'
2024-05-17T15:11:59.097+02:00 TRACE 4684 --- [clothlogix] [           main] o.s.b.f.s.DefaultListableBeanFactory     : Returning cached instance of singleton bean 'profiloDAOImpl'
2024-05-17T15:11:59.097+02:00 TRACE 4684 --- [clothlogix] [           main] o.s.b.f.s.DefaultListableBeanFactory     : Returning cached instance of singleton bean 'sezioneDAOImpl'
2024-05-17T15:11:59.097+02:00 TRACE 4684 --- [clothlogix] [           main] o.s.b.f.s.DefaultListableBeanFactory     : Returning cached instance of singleton bean 'tagliaDAOImpl'
2024-05-17T15:11:59.097+02:00 TRACE 4684 --- [clothlogix] [           main] o.s.b.f.s.DefaultListableBeanFactory     : Returning cached instance of singleton bean 'tipoDAOImpl'
2024-05-17T15:11:59.097+02:00 TRACE 4684 --- [clothlogix] [           main] o.s.b.f.s.DefaultListableBeanFactory     : Returning cached instance of singleton bean 'utenteDAOImpl'
2024-05-17T15:11:59.097+02:00 TRACE 4684 --- [clothlogix] [           main] o.s.b.f.s.DefaultListableBeanFactory     : Returning cached instance of singleton bean 'superClassMapperImpl'
2024-05-17T15:11:59.097+02:00 TRACE 4684 --- [clothlogix] [           main] o.s.b.f.s.DefaultListableBeanFactory     : Returning cached instance of singleton bean 'coloreService'
2024-05-17T15:11:59.097+02:00 TRACE 4684 --- [clothlogix] [           main] o.s.b.f.s.DefaultListableBeanFactory     : Returning cached instance of singleton bean 'loginService'
2024-05-17T15:11:59.097+02:00 TRACE 4684 --- [clothlogix] [           main] o.s.b.f.s.DefaultListableBeanFactory     : Returning cached instance of singleton bean 'magazzinoService'
2024-05-17T15:11:59.097+02:00 TRACE 4684 --- [clothlogix] [           main] o.s.b.f.s.DefaultListableBeanFactory     : Returning cached instance of singleton bean 'materialeService'
2024-05-17T15:11:59.097+02:00 TRACE 4684 --- [clothlogix] [           main] o.s.b.f.s.DefaultListableBeanFactory     : Returning cached instance of singleton bean 'prodottoService'
2024-05-17T15:11:59.097+02:00 TRACE 4684 --- [clothlogix] [           main] o.s.b.f.s.DefaultListableBeanFactory     : Returning cached instance of singleton bean 'profiloService'
2024-05-17T15:11:59.097+02:00 TRACE 4684 --- [clothlogix] [           main] o.s.b.f.s.DefaultListableBeanFactory     : Returning cached instance of singleton bean 'sezioneService'
2024-05-17T15:11:59.097+02:00 TRACE 4684 --- [clothlogix] [           main] o.s.b.f.s.DefaultListableBeanFactory     : Returning cached instance of singleton bean 'tagliaService'
2024-05-17T15:11:59.097+02:00 TRACE 4684 --- [clothlogix] [           main] o.s.b.f.s.DefaultListableBeanFactory     : Returning cached instance of singleton bean 'tipoService'
2024-05-17T15:11:59.097+02:00 TRACE 4684 --- [clothlogix] [           main] o.s.b.f.s.DefaultListableBeanFactory     : Returning cached instance of singleton bean 'utenteService'
2024-05-17T15:11:59.097+02:00 TRACE 4684 --- [clothlogix] [           main] o.s.b.f.s.DefaultListableBeanFactory     : Returning cached instance of singleton bean 'org.springframework.transaction.annotation.ProxyTransactionManagementConfiguration'
2024-05-17T15:11:59.097+02:00 TRACE 4684 --- [clothlogix] [           main] o.s.b.f.s.DefaultListableBeanFactory     : Returning cached instance of singleton bean 'org.springframework.transaction.config.internalTransactionAdvisor'
2024-05-17T15:11:59.097+02:00 TRACE 4684 --- [clothlogix] [           main] o.s.b.f.s.DefaultListableBeanFactory     : Returning cached instance of singleton bean 'transactionAttributeSource'
2024-05-17T15:11:59.097+02:00 TRACE 4684 --- [clothlogix] [           main] o.s.b.f.s.DefaultListableBeanFactory     : Returning cached instance of singleton bean 'transactionInterceptor'
2024-05-17T15:11:59.097+02:00 TRACE 4684 --- [clothlogix] [           main] o.s.b.f.s.DefaultListableBeanFactory     : Returning cached instance of singleton bean 'org.springframework.transaction.config.internalTransactionalEventListenerFactory'
2024-05-17T15:11:59.097+02:00 TRACE 4684 --- [clothlogix] [           main] o.s.b.f.s.DefaultListableBeanFactory     : Returning cached instance of singleton bean 'dataSource'
2024-05-17T15:11:59.097+02:00 TRACE 4684 --- [clothlogix] [           main] o.s.b.f.s.DefaultListableBeanFactory     : Returning cached instance of singleton bean 'hibernateTransactionManager'
2024-05-17T15:11:59.097+02:00 TRACE 4684 --- [clothlogix] [           main] o.s.b.f.s.DefaultListableBeanFactory     : Returning cached instance of singleton bean 'entityManagerFactory'
2024-05-17T15:11:59.097+02:00 TRACE 4684 --- [clothlogix] [           main] o.s.b.f.s.DefaultListableBeanFactory     : Returning cached instance of singleton bean 'entityManagerFactory'
2024-05-17T15:11:59.097+02:00 TRACE 4684 --- [clothlogix] [           main] o.s.b.f.s.DefaultListableBeanFactory     : Returning cached instance of singleton bean 'org.springframework.aop.config.internalAutoProxyCreator'
2024-05-17T15:11:59.097+02:00 TRACE 4684 --- [clothlogix] [           main] o.s.b.f.s.DefaultListableBeanFactory     : Returning cached instance of singleton bean 'org.springframework.boot.autoconfigure.AutoConfigurationPackages'
2024-05-17T15:11:59.097+02:00 TRACE 4684 --- [clothlogix] [           main] o.s.b.f.s.DefaultListableBeanFactory     : Returning cached instance of singleton bean 'org.springframework.boot.autoconfigure.context.PropertyPlaceholderAutoConfiguration'
2024-05-17T15:11:59.097+02:00 TRACE 4684 --- [clothlogix] [           main] o.s.b.f.s.DefaultListableBeanFactory     : Returning cached instance of singleton bean 'propertySourcesPlaceholderConfigurer'
2024-05-17T15:11:59.097+02:00 TRACE 4684 --- [clothlogix] [           main] o.s.b.f.s.DefaultListableBeanFactory     : Returning cached instance of singleton bean 'org.springframework.boot.autoconfigure.ssl.SslAutoConfiguration'
2024-05-17T15:11:59.097+02:00 TRACE 4684 --- [clothlogix] [           main] o.s.b.f.s.DefaultListableBeanFactory     : Returning cached instance of singleton bean 'fileWatcher'
2024-05-17T15:11:59.097+02:00 TRACE 4684 --- [clothlogix] [           main] o.s.b.f.s.DefaultListableBeanFactory     : Returning cached instance of singleton bean 'sslPropertiesSslBundleRegistrar'
2024-05-17T15:11:59.097+02:00 TRACE 4684 --- [clothlogix] [           main] o.s.b.f.s.DefaultListableBeanFactory     : Returning cached instance of singleton bean 'sslBundleRegistry'
2024-05-17T15:11:59.097+02:00 TRACE 4684 --- [clothlogix] [           main] o.s.b.f.s.DefaultListableBeanFactory     : Returning cached instance of singleton bean 'org.springframework.boot.context.properties.ConfigurationPropertiesBindingPostProcessor'
2024-05-17T15:11:59.097+02:00 TRACE 4684 --- [clothlogix] [           main] o.s.b.f.s.DefaultListableBeanFactory     : Returning cached instance of singleton bean 'org.springframework.boot.context.internalConfigurationPropertiesBinder'
2024-05-17T15:11:59.097+02:00 TRACE 4684 --- [clothlogix] [           main] o.s.b.f.s.DefaultListableBeanFactory     : Returning cached instance of singleton bean 'org.springframework.boot.context.internalConfigurationPropertiesBinder'
2024-05-17T15:11:59.097+02:00 TRACE 4684 --- [clothlogix] [           main] o.s.b.f.s.DefaultListableBeanFactory     : Returning cached instance of singleton bean 'org.springframework.boot.context.properties.BoundConfigurationProperties'
2024-05-17T15:11:59.097+02:00 TRACE 4684 --- [clothlogix] [           main] o.s.b.f.s.DefaultListableBeanFactory     : Returning cached instance of singleton bean 'org.springframework.boot.context.properties.EnableConfigurationPropertiesRegistrar.methodValidationExcludeFilter'
2024-05-17T15:11:59.097+02:00 TRACE 4684 --- [clothlogix] [           main] o.s.b.f.s.DefaultListableBeanFactory     : Returning cached instance of singleton bean 'spring.ssl-org.springframework.boot.autoconfigure.ssl.SslProperties'
2024-05-17T15:11:59.097+02:00 TRACE 4684 --- [clothlogix] [           main] o.s.b.f.s.DefaultListableBeanFactory     : Returning cached instance of singleton bean 'org.springframework.boot.autoconfigure.websocket.servlet.WebSocketServletAutoConfiguration$TomcatWebSocketConfiguration'
2024-05-17T15:11:59.097+02:00 TRACE 4684 --- [clothlogix] [           main] o.s.b.f.s.DefaultListableBeanFactory     : Returning cached instance of singleton bean 'websocketServletWebServerCustomizer'
2024-05-17T15:11:59.097+02:00 TRACE 4684 --- [clothlogix] [           main] o.s.b.f.s.DefaultListableBeanFactory     : Returning cached instance of singleton bean 'org.springframework.boot.autoconfigure.websocket.servlet.WebSocketServletAutoConfiguration'
2024-05-17T15:11:59.097+02:00 TRACE 4684 --- [clothlogix] [           main] o.s.b.f.s.DefaultListableBeanFactory     : Returning cached instance of singleton bean 'org.springframework.boot.autoconfigure.web.servlet.ServletWebServerFactoryConfiguration$EmbeddedTomcat'
2024-05-17T15:11:59.097+02:00 TRACE 4684 --- [clothlogix] [           main] o.s.b.f.s.DefaultListableBeanFactory     : Returning cached instance of singleton bean 'tomcatServletWebServerFactory'
2024-05-17T15:11:59.097+02:00 TRACE 4684 --- [clothlogix] [           main] o.s.b.f.s.DefaultListableBeanFactory     : Returning cached instance of singleton bean 'org.springframework.boot.autoconfigure.web.servlet.ServletWebServerFactoryAutoConfiguration'
2024-05-17T15:11:59.097+02:00 TRACE 4684 --- [clothlogix] [           main] o.s.b.f.s.DefaultListableBeanFactory     : Returning cached instance of singleton bean 'servletWebServerFactoryCustomizer'
2024-05-17T15:11:59.097+02:00 TRACE 4684 --- [clothlogix] [           main] o.s.b.f.s.DefaultListableBeanFactory     : Returning cached instance of singleton bean 'tomcatServletWebServerFactoryCustomizer'
2024-05-17T15:11:59.097+02:00 TRACE 4684 --- [clothlogix] [           main] o.s.b.f.s.DefaultListableBeanFactory     : Returning cached instance of singleton bean 'server-org.springframework.boot.autoconfigure.web.ServerProperties'
2024-05-17T15:11:59.097+02:00 TRACE 4684 --- [clothlogix] [           main] o.s.b.f.s.DefaultListableBeanFactory     : Returning cached instance of singleton bean 'webServerFactoryCustomizerBeanPostProcessor'
2024-05-17T15:11:59.097+02:00 TRACE 4684 --- [clothlogix] [           main] o.s.b.f.s.DefaultListableBeanFactory     : Returning cached instance of singleton bean 'errorPageRegistrarBeanPostProcessor'
2024-05-17T15:11:59.097+02:00 TRACE 4684 --- [clothlogix] [           main] o.s.b.f.s.DefaultListableBeanFactory     : Returning cached instance of singleton bean 'org.springframework.boot.autoconfigure.web.servlet.DispatcherServletAutoConfiguration$DispatcherServletConfiguration'
2024-05-17T15:11:59.097+02:00 TRACE 4684 --- [clothlogix] [           main] o.s.b.f.s.DefaultListableBeanFactory     : Returning cached instance of singleton bean 'dispatcherServlet'
2024-05-17T15:11:59.097+02:00 TRACE 4684 --- [clothlogix] [           main] o.s.b.f.s.DefaultListableBeanFactory     : Returning cached instance of singleton bean 'spring.mvc-org.springframework.boot.autoconfigure.web.servlet.WebMvcProperties'
2024-05-17T15:11:59.097+02:00 TRACE 4684 --- [clothlogix] [           main] o.s.b.f.s.DefaultListableBeanFactory     : Returning cached instance of singleton bean 'org.springframework.boot.autoconfigure.web.servlet.DispatcherServletAutoConfiguration$DispatcherServletRegistrationConfiguration'
2024-05-17T15:11:59.097+02:00 TRACE 4684 --- [clothlogix] [           main] o.s.b.f.s.DefaultListableBeanFactory     : Returning cached instance of singleton bean 'dispatcherServletRegistration'
2024-05-17T15:11:59.097+02:00 TRACE 4684 --- [clothlogix] [           main] o.s.b.f.s.DefaultListableBeanFactory     : Returning cached instance of singleton bean 'org.springframework.boot.autoconfigure.web.servlet.DispatcherServletAutoConfiguration'
2024-05-17T15:11:59.097+02:00 TRACE 4684 --- [clothlogix] [           main] o.s.b.f.s.DefaultListableBeanFactory     : Returning cached instance of singleton bean 'org.springframework.boot.autoconfigure.task.TaskExecutorConfigurations$ThreadPoolTaskExecutorBuilderConfiguration'
2024-05-17T15:11:59.097+02:00 TRACE 4684 --- [clothlogix] [           main] o.s.b.f.s.DefaultListableBeanFactory     : Returning cached instance of singleton bean 'threadPoolTaskExecutorBuilder'
2024-05-17T15:11:59.097+02:00 TRACE 4684 --- [clothlogix] [           main] o.s.b.f.s.DefaultListableBeanFactory     : Returning cached instance of singleton bean 'org.springframework.boot.autoconfigure.task.TaskExecutorConfigurations$TaskExecutorBuilderConfiguration'
2024-05-17T15:11:59.097+02:00 TRACE 4684 --- [clothlogix] [           main] o.s.b.f.s.DefaultListableBeanFactory     : Returning cached instance of singleton bean 'taskExecutorBuilder'
2024-05-17T15:11:59.097+02:00 TRACE 4684 --- [clothlogix] [           main] o.s.b.f.s.DefaultListableBeanFactory     : Returning cached instance of singleton bean 'org.springframework.boot.autoconfigure.task.TaskExecutorConfigurations$SimpleAsyncTaskExecutorBuilderConfiguration'
2024-05-17T15:11:59.097+02:00 TRACE 4684 --- [clothlogix] [           main] o.s.b.f.s.DefaultListableBeanFactory     : Returning cached instance of singleton bean 'simpleAsyncTaskExecutorBuilder'
2024-05-17T15:11:59.097+02:00 TRACE 4684 --- [clothlogix] [           main] o.s.b.f.s.DefaultListableBeanFactory     : Returning cached instance of singleton bean 'org.springframework.boot.autoconfigure.task.TaskExecutorConfigurations$TaskExecutorConfiguration'
2024-05-17T15:11:59.097+02:00 TRACE 4684 --- [clothlogix] [           main] o.s.b.f.s.DefaultListableBeanFactory     : Returning cached instance of singleton bean 'applicationTaskExecutor'
2024-05-17T15:11:59.097+02:00 TRACE 4684 --- [clothlogix] [           main] o.s.b.f.s.DefaultListableBeanFactory     : Returning cached instance of singleton bean 'org.springframework.boot.autoconfigure.task.TaskExecutionAutoConfiguration'
2024-05-17T15:11:59.097+02:00 TRACE 4684 --- [clothlogix] [           main] o.s.b.f.s.DefaultListableBeanFactory     : Returning cached instance of singleton bean 'spring.task.execution-org.springframework.boot.autoconfigure.task.TaskExecutionProperties'
2024-05-17T15:11:59.097+02:00 TRACE 4684 --- [clothlogix] [           main] o.s.b.f.s.DefaultListableBeanFactory     : Returning cached instance of singleton bean 'org.springframework.boot.autoconfigure.validation.ValidationAutoConfiguration'
2024-05-17T15:11:59.097+02:00 TRACE 4684 --- [clothlogix] [           main] o.s.b.f.s.DefaultListableBeanFactory     : Returning cached instance of singleton bean 'defaultValidator'
2024-05-17T15:11:59.097+02:00 TRACE 4684 --- [clothlogix] [           main] o.s.b.f.s.DefaultListableBeanFactory     : Returning cached instance of singleton bean 'methodValidationPostProcessor'
2024-05-17T15:11:59.097+02:00 TRACE 4684 --- [clothlogix] [           main] o.s.b.f.s.DefaultListableBeanFactory     : Returning cached instance of singleton bean 'org.springframework.boot.autoconfigure.web.servlet.error.ErrorMvcAutoConfiguration$WhitelabelErrorViewConfiguration'
2024-05-17T15:11:59.097+02:00 TRACE 4684 --- [clothlogix] [           main] o.s.b.f.s.DefaultListableBeanFactory     : Returning cached instance of singleton bean 'error'
2024-05-17T15:11:59.097+02:00 TRACE 4684 --- [clothlogix] [           main] o.s.b.f.s.DefaultListableBeanFactory     : Returning cached instance of singleton bean 'beanNameViewResolver'
2024-05-17T15:11:59.097+02:00 TRACE 4684 --- [clothlogix] [           main] o.s.b.f.s.DefaultListableBeanFactory     : Returning cached instance of singleton bean 'org.springframework.boot.autoconfigure.web.servlet.error.ErrorMvcAutoConfiguration$DefaultErrorViewResolverConfiguration'
2024-05-17T15:11:59.097+02:00 TRACE 4684 --- [clothlogix] [           main] o.s.b.f.s.DefaultListableBeanFactory     : Returning cached instance of singleton bean 'conventionErrorViewResolver'
2024-05-17T15:11:59.097+02:00 TRACE 4684 --- [clothlogix] [           main] o.s.b.f.s.DefaultListableBeanFactory     : Returning cached instance of singleton bean 'spring.web-org.springframework.boot.autoconfigure.web.WebProperties'
2024-05-17T15:11:59.097+02:00 TRACE 4684 --- [clothlogix] [           main] o.s.b.f.s.DefaultListableBeanFactory     : Returning cached instance of singleton bean 'org.springframework.boot.autoconfigure.web.servlet.error.ErrorMvcAutoConfiguration'
2024-05-17T15:11:59.097+02:00 TRACE 4684 --- [clothlogix] [           main] o.s.b.f.s.DefaultListableBeanFactory     : Returning cached instance of singleton bean 'errorAttributes'
2024-05-17T15:11:59.097+02:00 TRACE 4684 --- [clothlogix] [           main] o.s.b.f.s.DefaultListableBeanFactory     : Returning cached instance of singleton bean 'basicErrorController'
2024-05-17T15:11:59.097+02:00 TRACE 4684 --- [clothlogix] [           main] o.s.b.f.s.DefaultListableBeanFactory     : Returning cached instance of singleton bean 'errorPageCustomizer'
2024-05-17T15:11:59.097+02:00 TRACE 4684 --- [clothlogix] [           main] o.s.b.f.s.DefaultListableBeanFactory     : Returning cached instance of singleton bean 'preserveErrorControllerTargetClassPostProcessor'
2024-05-17T15:11:59.097+02:00 TRACE 4684 --- [clothlogix] [           main] o.s.b.f.s.DefaultListableBeanFactory     : Returning cached instance of singleton bean 'org.springframework.boot.autoconfigure.web.servlet.WebMvcAutoConfiguration$EnableWebMvcConfiguration'
2024-05-17T15:11:59.097+02:00 TRACE 4684 --- [clothlogix] [           main] o.s.b.f.s.DefaultListableBeanFactory     : Returning cached instance of singleton bean 'welcomePageHandlerMapping'
2024-05-17T15:11:59.097+02:00 TRACE 4684 --- [clothlogix] [           main] o.s.b.f.s.DefaultListableBeanFactory     : Returning cached instance of singleton bean 'welcomePageNotAcceptableHandlerMapping'
2024-05-17T15:11:59.097+02:00 TRACE 4684 --- [clothlogix] [           main] o.s.b.f.s.DefaultListableBeanFactory     : Returning cached instance of singleton bean 'localeResolver'
2024-05-17T15:11:59.097+02:00 TRACE 4684 --- [clothlogix] [           main] o.s.b.f.s.DefaultListableBeanFactory     : Returning cached instance of singleton bean 'themeResolver'
2024-05-17T15:11:59.097+02:00 TRACE 4684 --- [clothlogix] [           main] o.s.b.f.s.DefaultListableBeanFactory     : Returning cached instance of singleton bean 'flashMapManager'
2024-05-17T15:11:59.097+02:00 TRACE 4684 --- [clothlogix] [           main] o.s.b.f.s.DefaultListableBeanFactory     : Returning cached instance of singleton bean 'mvcConversionService'
2024-05-17T15:11:59.097+02:00 TRACE 4684 --- [clothlogix] [           main] o.s.b.f.s.DefaultListableBeanFactory     : Returning cached instance of singleton bean 'mvcValidator'
2024-05-17T15:11:59.097+02:00 TRACE 4684 --- [clothlogix] [           main] o.s.b.f.s.DefaultListableBeanFactory     : Returning cached instance of singleton bean 'mvcContentNegotiationManager'
2024-05-17T15:11:59.097+02:00 TRACE 4684 --- [clothlogix] [           main] o.s.b.f.s.DefaultListableBeanFactory     : Returning cached instance of singleton bean 'requestMappingHandlerMapping'
2024-05-17T15:11:59.097+02:00 TRACE 4684 --- [clothlogix] [           main] o.s.b.f.s.DefaultListableBeanFactory     : Returning cached instance of singleton bean 'mvcPatternParser'
2024-05-17T15:11:59.097+02:00 TRACE 4684 --- [clothlogix] [           main] o.s.b.f.s.DefaultListableBeanFactory     : Returning cached instance of singleton bean 'mvcUrlPathHelper'
2024-05-17T15:11:59.097+02:00 TRACE 4684 --- [clothlogix] [           main] o.s.b.f.s.DefaultListableBeanFactory     : Returning cached instance of singleton bean 'mvcPathMatcher'
2024-05-17T15:11:59.097+02:00 TRACE 4684 --- [clothlogix] [           main] o.s.b.f.s.DefaultListableBeanFactory     : Returning cached instance of singleton bean 'viewControllerHandlerMapping'
2024-05-17T15:11:59.097+02:00 TRACE 4684 --- [clothlogix] [           main] o.s.b.f.s.DefaultListableBeanFactory     : Returning cached instance of singleton bean 'beanNameHandlerMapping'
2024-05-17T15:11:59.097+02:00 TRACE 4684 --- [clothlogix] [           main] o.s.b.f.s.DefaultListableBeanFactory     : Returning cached instance of singleton bean 'routerFunctionMapping'
2024-05-17T15:11:59.097+02:00 TRACE 4684 --- [clothlogix] [           main] o.s.b.f.s.DefaultListableBeanFactory     : Returning cached instance of singleton bean 'resourceHandlerMapping'
2024-05-17T15:11:59.097+02:00 TRACE 4684 --- [clothlogix] [           main] o.s.b.f.s.DefaultListableBeanFactory     : Returning cached instance of singleton bean 'mvcResourceUrlProvider'
2024-05-17T15:11:59.097+02:00 TRACE 4684 --- [clothlogix] [           main] o.s.b.f.s.DefaultListableBeanFactory     : Returning cached instance of singleton bean 'defaultServletHandlerMapping'
2024-05-17T15:11:59.097+02:00 TRACE 4684 --- [clothlogix] [           main] o.s.b.f.s.DefaultListableBeanFactory     : Returning cached instance of singleton bean 'requestMappingHandlerAdapter'
2024-05-17T15:11:59.097+02:00 TRACE 4684 --- [clothlogix] [           main] o.s.b.f.s.DefaultListableBeanFactory     : Returning cached instance of singleton bean 'handlerFunctionAdapter'
2024-05-17T15:11:59.097+02:00 TRACE 4684 --- [clothlogix] [           main] o.s.b.f.s.DefaultListableBeanFactory     : Returning cached instance of singleton bean 'mvcUriComponentsContributor'
2024-05-17T15:11:59.097+02:00 TRACE 4684 --- [clothlogix] [           main] o.s.b.f.s.DefaultListableBeanFactory     : Returning cached instance of singleton bean 'httpRequestHandlerAdapter'
2024-05-17T15:11:59.097+02:00 TRACE 4684 --- [clothlogix] [           main] o.s.b.f.s.DefaultListableBeanFactory     : Returning cached instance of singleton bean 'simpleControllerHandlerAdapter'
2024-05-17T15:11:59.097+02:00 TRACE 4684 --- [clothlogix] [           main] o.s.b.f.s.DefaultListableBeanFactory     : Returning cached instance of singleton bean 'handlerExceptionResolver'
2024-05-17T15:11:59.097+02:00 TRACE 4684 --- [clothlogix] [           main] o.s.b.f.s.DefaultListableBeanFactory     : Returning cached instance of singleton bean 'mvcViewResolver'
2024-05-17T15:11:59.097+02:00 TRACE 4684 --- [clothlogix] [           main] o.s.b.f.s.DefaultListableBeanFactory     : Returning cached instance of singleton bean 'mvcHandlerMappingIntrospector'
2024-05-17T15:11:59.097+02:00 TRACE 4684 --- [clothlogix] [           main] o.s.b.f.s.DefaultListableBeanFactory     : Returning cached instance of singleton bean 'viewNameTranslator'
2024-05-17T15:11:59.097+02:00 TRACE 4684 --- [clothlogix] [           main] o.s.b.f.s.DefaultListableBeanFactory     : Returning cached instance of singleton bean 'org.springframework.boot.autoconfigure.web.servlet.WebMvcAutoConfiguration$WebMvcAutoConfigurationAdapter'
2024-05-17T15:11:59.097+02:00 TRACE 4684 --- [clothlogix] [           main] o.s.b.f.s.DefaultListableBeanFactory     : Returning cached instance of singleton bean 'defaultViewResolver'
2024-05-17T15:11:59.097+02:00 TRACE 4684 --- [clothlogix] [           main] o.s.b.f.s.DefaultListableBeanFactory     : Returning cached instance of singleton bean 'viewResolver'
2024-05-17T15:11:59.097+02:00 TRACE 4684 --- [clothlogix] [           main] o.s.b.f.s.DefaultListableBeanFactory     : Returning cached instance of singleton bean 'requestContextFilter'
2024-05-17T15:11:59.097+02:00 TRACE 4684 --- [clothlogix] [           main] o.s.b.f.s.DefaultListableBeanFactory     : Returning cached instance of singleton bean 'org.springframework.boot.autoconfigure.web.servlet.WebMvcAutoConfiguration'
2024-05-17T15:11:59.097+02:00 TRACE 4684 --- [clothlogix] [           main] o.s.b.f.s.DefaultListableBeanFactory     : Returning cached instance of singleton bean 'formContentFilter'
2024-05-17T15:11:59.097+02:00 TRACE 4684 --- [clothlogix] [           main] o.s.b.f.s.DefaultListableBeanFactory     : Returning cached instance of singleton bean 'org.springframework.boot.autoconfigure.aop.AopAutoConfiguration$AspectJAutoProxyingConfiguration$CglibAutoProxyConfiguration'
2024-05-17T15:11:59.097+02:00 TRACE 4684 --- [clothlogix] [           main] o.s.b.f.s.DefaultListableBeanFactory     : Returning cached instance of singleton bean 'org.springframework.boot.autoconfigure.aop.AopAutoConfiguration$AspectJAutoProxyingConfiguration'
2024-05-17T15:11:59.097+02:00 TRACE 4684 --- [clothlogix] [           main] o.s.b.f.s.DefaultListableBeanFactory     : Returning cached instance of singleton bean 'org.springframework.boot.autoconfigure.aop.AopAutoConfiguration'
2024-05-17T15:11:59.097+02:00 TRACE 4684 --- [clothlogix] [           main] o.s.b.f.s.DefaultListableBeanFactory     : Returning cached instance of singleton bean 'org.springframework.boot.autoconfigure.availability.ApplicationAvailabilityAutoConfiguration'
2024-05-17T15:11:59.097+02:00 TRACE 4684 --- [clothlogix] [           main] o.s.b.f.s.DefaultListableBeanFactory     : Returning cached instance of singleton bean 'applicationAvailability'
2024-05-17T15:11:59.097+02:00 TRACE 4684 --- [clothlogix] [           main] o.s.b.f.s.DefaultListableBeanFactory     : Returning cached instance of singleton bean 'org.springframework.boot.autoconfigure.transaction.jta.JtaAutoConfiguration'
2024-05-17T15:11:59.097+02:00 TRACE 4684 --- [clothlogix] [           main] o.s.b.f.s.DefaultListableBeanFactory     : Returning cached instance of singleton bean 'org.springframework.boot.autoconfigure.jdbc.metadata.DataSourcePoolMetadataProvidersConfiguration$CommonsDbcp2PoolDataSourceMetadataProviderConfiguration'
2024-05-17T15:11:59.097+02:00 TRACE 4684 --- [clothlogix] [           main] o.s.b.f.s.DefaultListableBeanFactory     : Returning cached instance of singleton bean 'commonsDbcp2PoolDataSourceMetadataProvider'
2024-05-17T15:11:59.097+02:00 TRACE 4684 --- [clothlogix] [           main] o.s.b.f.s.DefaultListableBeanFactory     : Returning cached instance of singleton bean 'org.springframework.boot.autoconfigure.jdbc.metadata.DataSourcePoolMetadataProvidersConfiguration$HikariPoolDataSourceMetadataProviderConfiguration'
2024-05-17T15:11:59.097+02:00 TRACE 4684 --- [clothlogix] [           main] o.s.b.f.s.DefaultListableBeanFactory     : Returning cached instance of singleton bean 'hikariPoolDataSourceMetadataProvider'
2024-05-17T15:11:59.097+02:00 TRACE 4684 --- [clothlogix] [           main] o.s.b.f.s.DefaultListableBeanFactory     : Returning cached instance of singleton bean 'org.springframework.boot.autoconfigure.jdbc.metadata.DataSourcePoolMetadataProvidersConfiguration'
2024-05-17T15:11:59.097+02:00 TRACE 4684 --- [clothlogix] [           main] o.s.b.f.s.DefaultListableBeanFactory     : Returning cached instance of singleton bean 'org.springframework.boot.autoconfigure.jdbc.DataSourceAutoConfiguration'
2024-05-17T15:11:59.097+02:00 TRACE 4684 --- [clothlogix] [           main] o.s.b.f.s.DefaultListableBeanFactory     : Returning cached instance of singleton bean 'spring.datasource-org.springframework.boot.autoconfigure.jdbc.DataSourceProperties'
2024-05-17T15:11:59.097+02:00 TRACE 4684 --- [clothlogix] [           main] o.s.b.f.s.DefaultListableBeanFactory     : Returning cached instance of singleton bean 'org.springframework.boot.autoconfigure.transaction.TransactionManagerCustomizationAutoConfiguration'
2024-05-17T15:11:59.097+02:00 TRACE 4684 --- [clothlogix] [           main] o.s.b.f.s.DefaultListableBeanFactory     : Returning cached instance of singleton bean 'platformTransactionManagerCustomizers'
2024-05-17T15:11:59.097+02:00 TRACE 4684 --- [clothlogix] [           main] o.s.b.f.s.DefaultListableBeanFactory     : Returning cached instance of singleton bean 'transactionExecutionListeners'
2024-05-17T15:11:59.097+02:00 TRACE 4684 --- [clothlogix] [           main] o.s.b.f.s.DefaultListableBeanFactory     : Returning cached instance of singleton bean 'spring.transaction-org.springframework.boot.autoconfigure.transaction.TransactionProperties'
2024-05-17T15:11:59.097+02:00 TRACE 4684 --- [clothlogix] [           main] o.s.b.f.s.DefaultListableBeanFactory     : Returning cached instance of singleton bean 'org.springframework.boot.autoconfigure.orm.jpa.JpaBaseConfiguration$JpaWebConfiguration'
2024-05-17T15:11:59.097+02:00 TRACE 4684 --- [clothlogix] [           main] o.s.b.f.s.DefaultListableBeanFactory     : Returning cached instance of singleton bean 'openEntityManagerInViewInterceptor'
2024-05-17T15:11:59.097+02:00 TRACE 4684 --- [clothlogix] [           main] o.s.b.f.s.DefaultListableBeanFactory     : Returning cached instance of singleton bean 'openEntityManagerInViewInterceptorConfigurer'
2024-05-17T15:11:59.097+02:00 TRACE 4684 --- [clothlogix] [           main] o.s.b.f.s.DefaultListableBeanFactory     : Returning cached instance of singleton bean 'org.springframework.boot.autoconfigure.orm.jpa.HibernateJpaConfiguration'
2024-05-17T15:11:59.097+02:00 TRACE 4684 --- [clothlogix] [           main] o.s.b.f.s.DefaultListableBeanFactory     : Returning cached instance of singleton bean 'jpaVendorAdapter'
2024-05-17T15:11:59.097+02:00 TRACE 4684 --- [clothlogix] [           main] o.s.b.f.s.DefaultListableBeanFactory     : Returning cached instance of singleton bean 'entityManagerFactoryBuilder'
2024-05-17T15:11:59.097+02:00 TRACE 4684 --- [clothlogix] [           main] o.s.b.f.s.DefaultListableBeanFactory     : Returning cached instance of singleton bean 'spring.jpa.hibernate-org.springframework.boot.autoconfigure.orm.jpa.HibernateProperties'
2024-05-17T15:11:59.097+02:00 TRACE 4684 --- [clothlogix] [           main] o.s.b.f.s.DefaultListableBeanFactory     : Returning cached instance of singleton bean 'spring.jpa-org.springframework.boot.autoconfigure.orm.jpa.JpaProperties'
2024-05-17T15:11:59.097+02:00 TRACE 4684 --- [clothlogix] [           main] o.s.b.f.s.DefaultListableBeanFactory     : Returning cached instance of singleton bean 'org.springframework.boot.autoconfigure.orm.jpa.HibernateJpaAutoConfiguration'
2024-05-17T15:11:59.097+02:00 TRACE 4684 --- [clothlogix] [           main] o.s.b.f.s.DefaultListableBeanFactory     : Returning cached instance of singleton bean 'org.springframework.boot.autoconfigure.jackson.JacksonAutoConfiguration$Jackson2ObjectMapperBuilderCustomizerConfiguration'
2024-05-17T15:11:59.097+02:00 TRACE 4684 --- [clothlogix] [           main] o.s.b.f.s.DefaultListableBeanFactory     : Returning cached instance of singleton bean 'standardJacksonObjectMapperBuilderCustomizer'
2024-05-17T15:11:59.097+02:00 TRACE 4684 --- [clothlogix] [           main] o.s.b.f.s.DefaultListableBeanFactory     : Returning cached instance of singleton bean 'spring.jackson-org.springframework.boot.autoconfigure.jackson.JacksonProperties'
2024-05-17T15:11:59.097+02:00 TRACE 4684 --- [clothlogix] [           main] o.s.b.f.s.DefaultListableBeanFactory     : Returning cached instance of singleton bean 'org.springframework.boot.autoconfigure.jackson.JacksonAutoConfiguration$JacksonObjectMapperBuilderConfiguration'
2024-05-17T15:11:59.097+02:00 TRACE 4684 --- [clothlogix] [           main] o.s.b.f.s.DefaultListableBeanFactory     : Returning cached instance of singleton bean 'org.springframework.boot.autoconfigure.jackson.JacksonAutoConfiguration$ParameterNamesModuleConfiguration'
2024-05-17T15:11:59.097+02:00 TRACE 4684 --- [clothlogix] [           main] o.s.b.f.s.DefaultListableBeanFactory     : Returning cached instance of singleton bean 'parameterNamesModule'
2024-05-17T15:11:59.097+02:00 TRACE 4684 --- [clothlogix] [           main] o.s.b.f.s.DefaultListableBeanFactory     : Returning cached instance of singleton bean 'org.springframework.boot.autoconfigure.jackson.JacksonAutoConfiguration$JacksonObjectMapperConfiguration'
2024-05-17T15:11:59.097+02:00 TRACE 4684 --- [clothlogix] [           main] o.s.b.f.s.DefaultListableBeanFactory     : Returning cached instance of singleton bean 'jacksonObjectMapper'
2024-05-17T15:11:59.097+02:00 TRACE 4684 --- [clothlogix] [           main] o.s.b.f.s.DefaultListableBeanFactory     : Returning cached instance of singleton bean 'org.springframework.boot.autoconfigure.jackson.JacksonAutoConfiguration$JacksonMixinConfiguration'
2024-05-17T15:11:59.097+02:00 TRACE 4684 --- [clothlogix] [           main] o.s.b.f.s.DefaultListableBeanFactory     : Returning cached instance of singleton bean 'jsonMixinModuleEntries'
2024-05-17T15:11:59.097+02:00 TRACE 4684 --- [clothlogix] [           main] o.s.b.f.s.DefaultListableBeanFactory     : Returning cached instance of singleton bean 'jsonMixinModule'
2024-05-17T15:11:59.097+02:00 TRACE 4684 --- [clothlogix] [           main] o.s.b.f.s.DefaultListableBeanFactory     : Returning cached instance of singleton bean 'org.springframework.boot.autoconfigure.jackson.JacksonAutoConfiguration'
2024-05-17T15:11:59.097+02:00 TRACE 4684 --- [clothlogix] [           main] o.s.b.f.s.DefaultListableBeanFactory     : Returning cached instance of singleton bean 'jsonComponentModule'
2024-05-17T15:11:59.097+02:00 TRACE 4684 --- [clothlogix] [           main] o.s.b.f.s.DefaultListableBeanFactory     : Returning cached instance of singleton bean 'org.springframework.boot.autoconfigure.context.ConfigurationPropertiesAutoConfiguration'
2024-05-17T15:11:59.097+02:00 TRACE 4684 --- [clothlogix] [           main] o.s.b.f.s.DefaultListableBeanFactory     : Returning cached instance of singleton bean 'org.springframework.boot.autoconfigure.context.LifecycleAutoConfiguration'
2024-05-17T15:11:59.097+02:00 TRACE 4684 --- [clothlogix] [           main] o.s.b.f.s.DefaultListableBeanFactory     : Returning cached instance of singleton bean 'lifecycleProcessor'
2024-05-17T15:11:59.097+02:00 TRACE 4684 --- [clothlogix] [           main] o.s.b.f.s.DefaultListableBeanFactory     : Returning cached instance of singleton bean 'spring.lifecycle-org.springframework.boot.autoconfigure.context.LifecycleProperties'
2024-05-17T15:11:59.097+02:00 TRACE 4684 --- [clothlogix] [           main] o.s.b.f.s.DefaultListableBeanFactory     : Returning cached instance of singleton bean 'org.springframework.boot.autoconfigure.dao.PersistenceExceptionTranslationAutoConfiguration'
2024-05-17T15:11:59.097+02:00 TRACE 4684 --- [clothlogix] [           main] o.s.b.f.s.DefaultListableBeanFactory     : Returning cached instance of singleton bean 'persistenceExceptionTranslationPostProcessor'
2024-05-17T15:11:59.097+02:00 TRACE 4684 --- [clothlogix] [           main] o.s.b.f.s.DefaultListableBeanFactory     : Returning cached instance of singleton bean 'org.springframework.boot.autoconfigure.data.jpa.JpaRepositoriesAutoConfiguration'
2024-05-17T15:11:59.097+02:00 TRACE 4684 --- [clothlogix] [           main] o.s.b.f.s.DefaultListableBeanFactory     : Returning cached instance of singleton bean 'jpaSharedEM_entityManagerFactory'
2024-05-17T15:11:59.097+02:00 TRACE 4684 --- [clothlogix] [           main] o.s.b.f.s.DefaultListableBeanFactory     : Returning cached instance of singleton bean 'emBeanDefinitionRegistrarPostProcessor'
2024-05-17T15:11:59.097+02:00 TRACE 4684 --- [clothlogix] [           main] o.s.b.f.s.DefaultListableBeanFactory     : Returning cached instance of singleton bean 'jpaMappingContext'
2024-05-17T15:11:59.097+02:00 TRACE 4684 --- [clothlogix] [           main] o.s.b.f.s.DefaultListableBeanFactory     : Returning cached instance of singleton bean 'jpaMappingContext'
2024-05-17T15:11:59.097+02:00 TRACE 4684 --- [clothlogix] [           main] o.s.b.f.s.DefaultListableBeanFactory     : Returning cached instance of singleton bean 'org.springframework.data.jpa.util.JpaMetamodelCacheCleanup'
2024-05-17T15:11:59.097+02:00 TRACE 4684 --- [clothlogix] [           main] o.s.b.f.s.DefaultListableBeanFactory     : Returning cached instance of singleton bean 'org.springframework.data.jpa.repository.support.JpaEvaluationContextExtension'
2024-05-17T15:11:59.097+02:00 TRACE 4684 --- [clothlogix] [           main] o.s.b.f.s.DefaultListableBeanFactory     : Returning cached instance of singleton bean 'data-jpa.repository-aot-processor#0'
2024-05-17T15:11:59.097+02:00 TRACE 4684 --- [clothlogix] [           main] o.s.b.f.s.DefaultListableBeanFactory     : Returning cached instance of singleton bean 'org.springframework.boot.autoconfigure.http.HttpMessageConvertersAutoConfiguration$StringHttpMessageConverterConfiguration'
2024-05-17T15:11:59.097+02:00 TRACE 4684 --- [clothlogix] [           main] o.s.b.f.s.DefaultListableBeanFactory     : Returning cached instance of singleton bean 'stringHttpMessageConverter'
2024-05-17T15:11:59.097+02:00 TRACE 4684 --- [clothlogix] [           main] o.s.b.f.s.DefaultListableBeanFactory     : Returning cached instance of singleton bean 'org.springframework.boot.autoconfigure.http.JacksonHttpMessageConvertersConfiguration$MappingJackson2HttpMessageConverterConfiguration'
2024-05-17T15:11:59.097+02:00 TRACE 4684 --- [clothlogix] [           main] o.s.b.f.s.DefaultListableBeanFactory     : Returning cached instance of singleton bean 'mappingJackson2HttpMessageConverter'
2024-05-17T15:11:59.097+02:00 TRACE 4684 --- [clothlogix] [           main] o.s.b.f.s.DefaultListableBeanFactory     : Returning cached instance of singleton bean 'org.springframework.boot.autoconfigure.http.JacksonHttpMessageConvertersConfiguration'
2024-05-17T15:11:59.097+02:00 TRACE 4684 --- [clothlogix] [           main] o.s.b.f.s.DefaultListableBeanFactory     : Returning cached instance of singleton bean 'org.springframework.boot.autoconfigure.http.HttpMessageConvertersAutoConfiguration'
2024-05-17T15:11:59.097+02:00 TRACE 4684 --- [clothlogix] [           main] o.s.b.f.s.DefaultListableBeanFactory     : Returning cached instance of singleton bean 'messageConverters'
2024-05-17T15:11:59.097+02:00 TRACE 4684 --- [clothlogix] [           main] o.s.b.f.s.DefaultListableBeanFactory     : Returning cached instance of singleton bean 'org.springframework.hateoas.mediatype.hal.HalMediaTypeConfiguration'
2024-05-17T15:11:59.097+02:00 TRACE 4684 --- [clothlogix] [           main] o.s.b.f.s.DefaultListableBeanFactory     : Returning cached instance of singleton bean 'halLinkDisocoverer'
2024-05-17T15:11:59.102+02:00 TRACE 4684 --- [clothlogix] [           main] o.s.b.f.s.DefaultListableBeanFactory     : Returning cached instance of singleton bean 'org.springframework.hateoas.mediatype.hal.forms.HalFormsMediaTypeConfiguration'
2024-05-17T15:11:59.102+02:00 TRACE 4684 --- [clothlogix] [           main] o.s.b.f.s.DefaultListableBeanFactory     : Returning cached instance of singleton bean 'halFormsLinkDiscoverer'
2024-05-17T15:11:59.102+02:00 TRACE 4684 --- [clothlogix] [           main] o.s.b.f.s.DefaultListableBeanFactory     : Returning cached instance of singleton bean 'halFormsTemplatePropertyWriter'
2024-05-17T15:11:59.102+02:00 TRACE 4684 --- [clothlogix] [           main] o.s.b.f.s.DefaultListableBeanFactory     : Returning cached instance of singleton bean 'org.springframework.hateoas.config.WebTestHateoasConfiguration'
2024-05-17T15:11:59.102+02:00 TRACE 4684 --- [clothlogix] [           main] o.s.b.f.s.DefaultListableBeanFactory     : Returning cached instance of singleton bean 'org.springframework.hateoas.config.HateoasConfiguration'
2024-05-17T15:11:59.102+02:00 TRACE 4684 --- [clothlogix] [           main] o.s.b.f.s.DefaultListableBeanFactory     : Returning cached instance of singleton bean 'messageResolver'
2024-05-17T15:11:59.102+02:00 TRACE 4684 --- [clothlogix] [           main] o.s.b.f.s.DefaultListableBeanFactory     : Returning cached instance of singleton bean 'hypermediaWebMvcConverters'
2024-05-17T15:11:59.102+02:00 TRACE 4684 --- [clothlogix] [           main] o.s.b.f.s.DefaultListableBeanFactory     : Returning cached instance of singleton bean 'defaultRelProvider'
2024-05-17T15:11:59.102+02:00 TRACE 4684 --- [clothlogix] [           main] o.s.b.f.s.DefaultListableBeanFactory     : Returning cached instance of singleton bean 'annotationRelProvider'
2024-05-17T15:11:59.102+02:00 TRACE 4684 --- [clothlogix] [           main] o.s.b.f.s.DefaultListableBeanFactory     : Returning cached instance of singleton bean '_relProvider'
2024-05-17T15:11:59.102+02:00 TRACE 4684 --- [clothlogix] [           main] o.s.b.f.s.DefaultListableBeanFactory     : Returning cached instance of singleton bean 'relProviderPluginRegistry'
2024-05-17T15:11:59.102+02:00 TRACE 4684 --- [clothlogix] [           main] o.s.b.f.s.DefaultListableBeanFactory     : Returning cached instance of singleton bean 'linkDiscoverers'
2024-05-17T15:11:59.102+02:00 TRACE 4684 --- [clothlogix] [           main] o.s.b.f.s.DefaultListableBeanFactory     : Returning cached instance of singleton bean 'linkDiscovererRegistry'
2024-05-17T15:11:59.102+02:00 TRACE 4684 --- [clothlogix] [           main] o.s.b.f.s.DefaultListableBeanFactory     : Returning cached instance of singleton bean 'linkDiscovererRegistry'
2024-05-17T15:11:59.102+02:00 TRACE 4684 --- [clothlogix] [           main] o.s.b.f.s.DefaultListableBeanFactory     : Returning cached instance of singleton bean 'org.springframework.hateoas.config.WebMvcEntityLinksConfiguration'
2024-05-17T15:11:59.102+02:00 TRACE 4684 --- [clothlogix] [           main] o.s.b.f.s.DefaultListableBeanFactory     : Returning cached instance of singleton bean 'webMvcEntityLinks'
2024-05-17T15:11:59.102+02:00 TRACE 4684 --- [clothlogix] [           main] o.s.b.f.s.DefaultListableBeanFactory     : Returning cached instance of singleton bean 'webMvcEntityLinks'
2024-05-17T15:11:59.102+02:00 TRACE 4684 --- [clothlogix] [           main] o.s.b.f.s.DefaultListableBeanFactory     : Returning cached instance of singleton bean 'entityLinksPluginRegistry'
2024-05-17T15:11:59.102+02:00 TRACE 4684 --- [clothlogix] [           main] o.s.b.f.s.DefaultListableBeanFactory     : Returning cached instance of singleton bean 'delegatingEntityLinks'
2024-05-17T15:11:59.102+02:00 TRACE 4684 --- [clothlogix] [           main] o.s.b.f.s.DefaultListableBeanFactory     : Returning cached instance of singleton bean 'org.springframework.hateoas.config.WebMvcHateoasConfiguration'
2024-05-17T15:11:59.102+02:00 TRACE 4684 --- [clothlogix] [           main] o.s.b.f.s.DefaultListableBeanFactory     : Returning cached instance of singleton bean 'hypermediaWebMvcConfigurer'
2024-05-17T15:11:59.102+02:00 TRACE 4684 --- [clothlogix] [           main] o.s.b.f.s.DefaultListableBeanFactory     : Returning cached instance of singleton bean 'representationModelProcessorInvoker'
2024-05-17T15:11:59.102+02:00 TRACE 4684 --- [clothlogix] [           main] o.s.b.f.s.DefaultListableBeanFactory     : Returning cached instance of singleton bean 'hypermediaRepresentionModelProcessorConfigurator'
2024-05-17T15:11:59.102+02:00 TRACE 4684 --- [clothlogix] [           main] o.s.b.f.s.DefaultListableBeanFactory     : Returning cached instance of singleton bean 'webMvcLinkBuilderFactory'
2024-05-17T15:11:59.102+02:00 TRACE 4684 --- [clothlogix] [           main] o.s.b.f.s.DefaultListableBeanFactory     : Returning cached instance of singleton bean 'org.springframework.hateoas.config.RestTemplateHateoasConfiguration'
2024-05-17T15:11:59.102+02:00 TRACE 4684 --- [clothlogix] [           main] o.s.b.f.s.DefaultListableBeanFactory     : Returning cached instance of singleton bean 'hypermediaRestTemplateBeanPostProcessor'
2024-05-17T15:11:59.102+02:00 TRACE 4684 --- [clothlogix] [           main] o.s.b.f.s.DefaultListableBeanFactory     : Returning cached instance of singleton bean 'org.springframework.data.rest.webmvc.RestControllerConfiguration'
2024-05-17T15:11:59.102+02:00 TRACE 4684 --- [clothlogix] [           main] o.s.b.f.s.DefaultListableBeanFactory     : Returning cached instance of singleton bean 'repositoryController'
2024-05-17T15:11:59.102+02:00 TRACE 4684 --- [clothlogix] [           main] o.s.b.f.s.DefaultListableBeanFactory     : Returning cached instance of singleton bean 'repositoryEntityController'
2024-05-17T15:11:59.102+02:00 TRACE 4684 --- [clothlogix] [           main] o.s.b.f.s.DefaultListableBeanFactory     : Returning cached instance of singleton bean 'repositoryPropertyReferenceController'
2024-05-17T15:11:59.102+02:00 TRACE 4684 --- [clothlogix] [           main] o.s.b.f.s.DefaultListableBeanFactory     : Returning cached instance of singleton bean 'repositorySearchController'
2024-05-17T15:11:59.102+02:00 TRACE 4684 --- [clothlogix] [           main] o.s.b.f.s.DefaultListableBeanFactory     : Returning cached instance of singleton bean 'repositorySchemaController'
2024-05-17T15:11:59.102+02:00 TRACE 4684 --- [clothlogix] [           main] o.s.b.f.s.DefaultListableBeanFactory     : Returning cached instance of singleton bean 'alpsController'
2024-05-17T15:11:59.102+02:00 TRACE 4684 --- [clothlogix] [           main] o.s.b.f.s.DefaultListableBeanFactory     : Returning cached instance of singleton bean 'profileController'
2024-05-17T15:11:59.102+02:00 TRACE 4684 --- [clothlogix] [           main] o.s.b.f.s.DefaultListableBeanFactory     : Returning cached instance of singleton bean 'org.springframework.data.web.config.SpringDataJacksonConfiguration'
2024-05-17T15:11:59.102+02:00 TRACE 4684 --- [clothlogix] [           main] o.s.b.f.s.DefaultListableBeanFactory     : Returning cached instance of singleton bean 'jacksonGeoModule'
2024-05-17T15:11:59.102+02:00 TRACE 4684 --- [clothlogix] [           main] o.s.b.f.s.DefaultListableBeanFactory     : Returning cached instance of singleton bean 'pageModule'
2024-05-17T15:11:59.102+02:00 TRACE 4684 --- [clothlogix] [           main] o.s.b.f.s.DefaultListableBeanFactory     : Returning cached instance of singleton bean 'org.springframework.data.rest.webmvc.config.RepositoryRestMvcConfiguration'
2024-05-17T15:11:59.102+02:00 TRACE 4684 --- [clothlogix] [           main] o.s.b.f.s.DefaultListableBeanFactory     : Returning cached instance of singleton bean 'repositories'
2024-05-17T15:11:59.102+02:00 TRACE 4684 --- [clothlogix] [           main] o.s.b.f.s.DefaultListableBeanFactory     : Returning cached instance of singleton bean 'repositoryRelProvider'
2024-05-17T15:11:59.102+02:00 TRACE 4684 --- [clothlogix] [           main] o.s.b.f.s.DefaultListableBeanFactory     : Returning cached instance of singleton bean 'persistentEntities'
2024-05-17T15:11:59.102+02:00 TRACE 4684 --- [clothlogix] [           main] o.s.b.f.s.DefaultListableBeanFactory     : Returning cached instance of singleton bean 'defaultConversionService'
2024-05-17T15:11:59.102+02:00 TRACE 4684 --- [clothlogix] [           main] o.s.b.f.s.DefaultListableBeanFactory     : Returning cached instance of singleton bean 'validatingRepositoryEventListener'
2024-05-17T15:11:59.102+02:00 TRACE 4684 --- [clothlogix] [           main] o.s.b.f.s.DefaultListableBeanFactory     : Returning cached instance of singleton bean 'jpaHelper'
2024-05-17T15:11:59.102+02:00 TRACE 4684 --- [clothlogix] [           main] o.s.b.f.s.DefaultListableBeanFactory     : Returning cached instance of singleton bean 'repositoryRestConfiguration'
2024-05-17T15:11:59.102+02:00 TRACE 4684 --- [clothlogix] [           main] o.s.b.f.s.DefaultListableBeanFactory     : Returning cached instance of singleton bean 'projectionDefinitionRegistrar'
2024-05-17T15:11:59.102+02:00 TRACE 4684 --- [clothlogix] [           main] o.s.b.f.s.DefaultListableBeanFactory     : Returning cached instance of singleton bean 'metadataConfiguration'
2024-05-17T15:11:59.102+02:00 TRACE 4684 --- [clothlogix] [           main] o.s.b.f.s.DefaultListableBeanFactory     : Returning cached instance of singleton bean 'baseUri'
2024-05-17T15:11:59.102+02:00 TRACE 4684 --- [clothlogix] [           main] o.s.b.f.s.DefaultListableBeanFactory     : Returning cached instance of singleton bean 'annotatedEventHandlerInvoker'
2024-05-17T15:11:59.102+02:00 TRACE 4684 --- [clothlogix] [           main] o.s.b.f.s.DefaultListableBeanFactory     : Returning cached instance of singleton bean 'repoRequestArgumentResolver'
2024-05-17T15:11:59.102+02:00 TRACE 4684 --- [clothlogix] [           main] o.s.b.f.s.DefaultListableBeanFactory     : Returning cached instance of singleton bean 'resourceMetadataHandlerMethodArgumentResolver'
2024-05-17T15:11:59.102+02:00 TRACE 4684 --- [clothlogix] [           main] o.s.b.f.s.DefaultListableBeanFactory     : Returning cached instance of singleton bean 'backendIdHandlerMethodArgumentResolver'
2024-05-17T15:11:59.102+02:00 TRACE 4684 --- [clothlogix] [           main] o.s.b.f.s.DefaultListableBeanFactory     : Returning cached instance of singleton bean 'eTagArgumentResolver'
2024-05-17T15:11:59.102+02:00 TRACE 4684 --- [clothlogix] [           main] o.s.b.f.s.DefaultListableBeanFactory     : Returning cached instance of singleton bean 'entityLinks'
2024-05-17T15:11:59.102+02:00 TRACE 4684 --- [clothlogix] [           main] o.s.b.f.s.DefaultListableBeanFactory     : Returning cached instance of singleton bean 'persistentEntityArgumentResolver'
2024-05-17T15:11:59.102+02:00 TRACE 4684 --- [clothlogix] [           main] o.s.b.f.s.DefaultListableBeanFactory     : Returning cached instance of singleton bean 'jsonSchemaConverter'
2024-05-17T15:11:59.102+02:00 TRACE 4684 --- [clothlogix] [           main] o.s.b.f.s.DefaultListableBeanFactory     : Returning cached instance of singleton bean 'jacksonHttpMessageConverter'
2024-05-17T15:11:59.102+02:00 TRACE 4684 --- [clothlogix] [           main] o.s.b.f.s.DefaultListableBeanFactory     : Returning cached instance of singleton bean 'halJacksonHttpMessageConverter'
2024-05-17T15:11:59.102+02:00 TRACE 4684 --- [clothlogix] [           main] o.s.b.f.s.DefaultListableBeanFactory     : Returning cached instance of singleton bean 'halFormsJacksonHttpMessageConverter'
2024-05-17T15:11:59.102+02:00 TRACE 4684 --- [clothlogix] [           main] o.s.b.f.s.DefaultListableBeanFactory     : Returning cached instance of singleton bean 'uriListHttpMessageConverter'
2024-05-17T15:11:59.102+02:00 TRACE 4684 --- [clothlogix] [           main] o.s.b.f.s.DefaultListableBeanFactory     : Returning cached instance of singleton bean 'repositoryExporterHandlerAdapter'
2024-05-17T15:11:59.102+02:00 TRACE 4684 --- [clothlogix] [           main] o.s.b.f.s.DefaultListableBeanFactory     : Returning cached instance of singleton bean 'restHandlerMapping'
2024-05-17T15:11:59.102+02:00 TRACE 4684 --- [clothlogix] [           main] o.s.b.f.s.DefaultListableBeanFactory     : Returning cached instance of singleton bean 'resourceMappings'
2024-05-17T15:11:59.102+02:00 TRACE 4684 --- [clothlogix] [           main] o.s.b.f.s.DefaultListableBeanFactory     : Returning cached instance of singleton bean 'linkCollector'
2024-05-17T15:11:59.102+02:00 TRACE 4684 --- [clothlogix] [           main] o.s.b.f.s.DefaultListableBeanFactory     : Returning cached instance of singleton bean 'excerptProjector'
2024-05-17T15:11:59.102+02:00 TRACE 4684 --- [clothlogix] [           main] o.s.b.f.s.DefaultListableBeanFactory     : Returning cached instance of singleton bean 'repositoryRestExceptionHandler'
2024-05-17T15:11:59.102+02:00 TRACE 4684 --- [clothlogix] [           main] o.s.b.f.s.DefaultListableBeanFactory     : Returning cached instance of singleton bean 'repositoryInvokerFactory'
2024-05-17T15:11:59.102+02:00 TRACE 4684 --- [clothlogix] [           main] o.s.b.f.s.DefaultListableBeanFactory     : Returning cached instance of singleton bean 'defaultMessageConverters'
2024-05-17T15:11:59.102+02:00 TRACE 4684 --- [clothlogix] [           main] o.s.b.f.s.DefaultListableBeanFactory     : Returning cached instance of singleton bean 'alpsJsonHttpMessageConverter'
2024-05-17T15:11:59.102+02:00 TRACE 4684 --- [clothlogix] [           main] o.s.b.f.s.DefaultListableBeanFactory     : Returning cached instance of singleton bean 'pageableResolver'
2024-05-17T15:11:59.102+02:00 TRACE 4684 --- [clothlogix] [           main] o.s.b.f.s.DefaultListableBeanFactory     : Returning cached instance of singleton bean 'sortResolver'
2024-05-17T15:11:59.102+02:00 TRACE 4684 --- [clothlogix] [           main] o.s.b.f.s.DefaultListableBeanFactory     : Returning cached instance of singleton bean 'backendIdConverterRegistry'
2024-05-17T15:11:59.102+02:00 TRACE 4684 --- [clothlogix] [           main] o.s.b.f.s.DefaultListableBeanFactory     : Returning cached instance of singleton bean 'auditableBeanWrapperFactory'
2024-05-17T15:11:59.102+02:00 TRACE 4684 --- [clothlogix] [           main] o.s.b.f.s.DefaultListableBeanFactory     : Returning cached instance of singleton bean 'httpHeadersPreparer'
2024-05-17T15:11:59.102+02:00 TRACE 4684 --- [clothlogix] [           main] o.s.b.f.s.DefaultListableBeanFactory     : Returning cached instance of singleton bean 'selfLinkProvider'
2024-05-17T15:11:59.102+02:00 TRACE 4684 --- [clothlogix] [           main] o.s.b.f.s.DefaultListableBeanFactory     : Returning cached instance of singleton bean 'associationLinks'
2024-05-17T15:11:59.102+02:00 TRACE 4684 --- [clothlogix] [           main] o.s.b.f.s.DefaultListableBeanFactory     : Returning cached instance of singleton bean 'representationModelAssemblersArgumentResolver'
2024-05-17T15:11:59.102+02:00 TRACE 4684 --- [clothlogix] [           main] o.s.b.f.s.DefaultListableBeanFactory     : Returning cached instance of singleton bean 'persistentEntityResourceAssemblerArgumentResolver'
2024-05-17T15:11:59.102+02:00 TRACE 4684 --- [clothlogix] [           main] o.s.b.f.s.DefaultListableBeanFactory     : Returning cached instance of singleton bean 'enumTranslator'
2024-05-17T15:11:59.102+02:00 TRACE 4684 --- [clothlogix] [           main] o.s.b.f.s.DefaultListableBeanFactory     : Returning cached instance of singleton bean 'alpsConverter'
2024-05-17T15:11:59.102+02:00 TRACE 4684 --- [clothlogix] [           main] o.s.b.f.s.DefaultListableBeanFactory     : Returning cached instance of singleton bean 'profileResourceProcessor'
2024-05-17T15:11:59.102+02:00 TRACE 4684 --- [clothlogix] [           main] o.s.b.f.s.DefaultListableBeanFactory     : Returning cached instance of singleton bean 'pagedResourcesAssembler'
2024-05-17T15:11:59.102+02:00 TRACE 4684 --- [clothlogix] [           main] o.s.b.f.s.DefaultListableBeanFactory     : Returning cached instance of singleton bean 'pagedResourcesAssemblerArgumentResolver'
2024-05-17T15:11:59.102+02:00 TRACE 4684 --- [clothlogix] [           main] o.s.b.f.s.DefaultListableBeanFactory     : Returning cached instance of singleton bean 'slicedResourcesAssembler'
2024-05-17T15:11:59.102+02:00 TRACE 4684 --- [clothlogix] [           main] o.s.b.f.s.DefaultListableBeanFactory     : Returning cached instance of singleton bean 'slicedResourcesAssemblerArgumentResolver'
2024-05-17T15:11:59.102+02:00 TRACE 4684 --- [clothlogix] [           main] o.s.b.f.s.DefaultListableBeanFactory     : Returning cached instance of singleton bean 'offsetResolver'
2024-05-17T15:11:59.102+02:00 TRACE 4684 --- [clothlogix] [           main] o.s.b.f.s.DefaultListableBeanFactory     : Returning cached instance of singleton bean 'org.springframework.boot.autoconfigure.data.rest.RepositoryRestMvcAutoConfiguration'
2024-05-17T15:11:59.102+02:00 TRACE 4684 --- [clothlogix] [           main] o.s.b.f.s.DefaultListableBeanFactory     : Returning cached instance of singleton bean 'springBootRepositoryRestConfigurer'
2024-05-17T15:11:59.102+02:00 TRACE 4684 --- [clothlogix] [           main] o.s.b.f.s.DefaultListableBeanFactory     : Returning cached instance of singleton bean 'spring.data.rest-org.springframework.boot.autoconfigure.data.rest.RepositoryRestProperties'
2024-05-17T15:11:59.102+02:00 TRACE 4684 --- [clothlogix] [           main] o.s.b.f.s.DefaultListableBeanFactory     : Returning cached instance of singleton bean 'org.springframework.boot.autoconfigure.hateoas.HypermediaAutoConfiguration'
2024-05-17T15:11:59.102+02:00 TRACE 4684 --- [clothlogix] [           main] o.s.b.f.s.DefaultListableBeanFactory     : Returning cached instance of singleton bean 'applicationJsonHalConfiguration'
2024-05-17T15:11:59.102+02:00 TRACE 4684 --- [clothlogix] [           main] o.s.b.f.s.DefaultListableBeanFactory     : Returning cached instance of singleton bean 'spring.hateoas-org.springframework.boot.autoconfigure.hateoas.HateoasProperties'
2024-05-17T15:11:59.102+02:00 TRACE 4684 --- [clothlogix] [           main] o.s.b.f.s.DefaultListableBeanFactory     : Returning cached instance of singleton bean 'org.springframework.boot.autoconfigure.info.ProjectInfoAutoConfiguration'
2024-05-17T15:11:59.102+02:00 TRACE 4684 --- [clothlogix] [           main] o.s.b.f.s.DefaultListableBeanFactory     : Returning cached instance of singleton bean 'spring.info-org.springframework.boot.autoconfigure.info.ProjectInfoProperties'
2024-05-17T15:11:59.102+02:00 TRACE 4684 --- [clothlogix] [           main] o.s.b.f.s.DefaultListableBeanFactory     : Returning cached instance of singleton bean 'org.springframework.boot.autoconfigure.jdbc.JdbcTemplateConfiguration'
2024-05-17T15:11:59.102+02:00 TRACE 4684 --- [clothlogix] [           main] o.s.b.f.s.DefaultListableBeanFactory     : Returning cached instance of singleton bean 'jdbcTemplate'
2024-05-17T15:11:59.102+02:00 TRACE 4684 --- [clothlogix] [           main] o.s.b.f.s.DefaultListableBeanFactory     : Returning cached instance of singleton bean 'org.springframework.boot.autoconfigure.jdbc.NamedParameterJdbcTemplateConfiguration'
2024-05-17T15:11:59.102+02:00 TRACE 4684 --- [clothlogix] [           main] o.s.b.f.s.DefaultListableBeanFactory     : Returning cached instance of singleton bean 'namedParameterJdbcTemplate'
2024-05-17T15:11:59.102+02:00 TRACE 4684 --- [clothlogix] [           main] o.s.b.f.s.DefaultListableBeanFactory     : Returning cached instance of singleton bean 'org.springframework.boot.autoconfigure.jdbc.JdbcTemplateAutoConfiguration'
2024-05-17T15:11:59.102+02:00 TRACE 4684 --- [clothlogix] [           main] o.s.b.f.s.DefaultListableBeanFactory     : Returning cached instance of singleton bean 'spring.jdbc-org.springframework.boot.autoconfigure.jdbc.JdbcProperties'
2024-05-17T15:11:59.102+02:00 TRACE 4684 --- [clothlogix] [           main] o.s.b.f.s.DefaultListableBeanFactory     : Returning cached instance of singleton bean 'org.springframework.boot.sql.init.dependency.DatabaseInitializationDependencyConfigurer$DependsOnDatabaseInitializationPostProcessor'
2024-05-17T15:11:59.102+02:00 TRACE 4684 --- [clothlogix] [           main] o.s.b.f.s.DefaultListableBeanFactory     : Returning cached instance of singleton bean 'org.springframework.boot.autoconfigure.jdbc.JdbcClientAutoConfiguration'
2024-05-17T15:11:59.102+02:00 TRACE 4684 --- [clothlogix] [           main] o.s.b.f.s.DefaultListableBeanFactory     : Returning cached instance of singleton bean 'jdbcClient'
2024-05-17T15:11:59.102+02:00 TRACE 4684 --- [clothlogix] [           main] o.s.b.f.s.DefaultListableBeanFactory     : Returning cached instance of singleton bean 'org.springframework.security.config.annotation.configuration.ObjectPostProcessorConfiguration'
2024-05-17T15:11:59.102+02:00 TRACE 4684 --- [clothlogix] [           main] o.s.b.f.s.DefaultListableBeanFactory     : Returning cached instance of singleton bean 'objectPostProcessor'
2024-05-17T15:11:59.102+02:00 TRACE 4684 --- [clothlogix] [           main] o.s.b.f.s.DefaultListableBeanFactory     : Returning cached instance of singleton bean 'org.springframework.security.config.annotation.authentication.configuration.AuthenticationConfiguration'
2024-05-17T15:11:59.102+02:00 TRACE 4684 --- [clothlogix] [           main] o.s.b.f.s.DefaultListableBeanFactory     : Returning cached instance of singleton bean 'authenticationManagerBuilder'
2024-05-17T15:11:59.102+02:00 TRACE 4684 --- [clothlogix] [           main] o.s.b.f.s.DefaultListableBeanFactory     : Returning cached instance of singleton bean 'enableGlobalAuthenticationAutowiredConfigurer'
2024-05-17T15:11:59.102+02:00 TRACE 4684 --- [clothlogix] [           main] o.s.b.f.s.DefaultListableBeanFactory     : Returning cached instance of singleton bean 'initializeUserDetailsBeanManagerConfigurer'
2024-05-17T15:11:59.102+02:00 TRACE 4684 --- [clothlogix] [           main] o.s.b.f.s.DefaultListableBeanFactory     : Returning cached instance of singleton bean 'initializeAuthenticationProviderBeanManagerConfigurer'
2024-05-17T15:11:59.102+02:00 TRACE 4684 --- [clothlogix] [           main] o.s.b.f.s.DefaultListableBeanFactory     : Returning cached instance of singleton bean 'org.springframework.security.config.annotation.web.configuration.WebSecurityConfiguration'
2024-05-17T15:11:59.102+02:00 TRACE 4684 --- [clothlogix] [           main] o.s.b.f.s.DefaultListableBeanFactory     : Returning cached instance of singleton bean 'delegatingApplicationListener'
2024-05-17T15:11:59.102+02:00 TRACE 4684 --- [clothlogix] [           main] o.s.b.f.s.DefaultListableBeanFactory     : Returning cached instance of singleton bean 'webSecurityExpressionHandler'
2024-05-17T15:11:59.102+02:00 TRACE 4684 --- [clothlogix] [           main] o.s.b.f.s.DefaultListableBeanFactory     : Returning cached instance of singleton bean 'privilegeEvaluator'
2024-05-17T15:11:59.102+02:00 TRACE 4684 --- [clothlogix] [           main] o.s.b.f.s.DefaultListableBeanFactory     : Returning cached instance of singleton bean 'conversionServicePostProcessor'
2024-05-17T15:11:59.102+02:00 TRACE 4684 --- [clothlogix] [           main] o.s.b.f.s.DefaultListableBeanFactory     : Returning cached instance of singleton bean 'org.springframework.security.config.annotation.web.configuration.WebMvcSecurityConfiguration'
2024-05-17T15:11:59.102+02:00 TRACE 4684 --- [clothlogix] [           main] o.s.b.f.s.DefaultListableBeanFactory     : Returning cached instance of singleton bean 'requestDataValueProcessor'
2024-05-17T15:11:59.102+02:00 TRACE 4684 --- [clothlogix] [           main] o.s.b.f.s.DefaultListableBeanFactory     : Returning cached instance of singleton bean 'springSecurityHandlerMappingIntrospectorBeanDefinitionRegistryPostProcessor'
2024-05-17T15:11:59.102+02:00 TRACE 4684 --- [clothlogix] [           main] o.s.b.f.s.DefaultListableBeanFactory     : Returning cached instance of singleton bean 'org.springframework.security.config.annotation.web.configuration.HttpSecurityConfiguration'
2024-05-17T15:11:59.102+02:00 TRACE 4684 --- [clothlogix] [           main] o.s.b.f.s.DefaultListableBeanFactory     : Returning cached instance of singleton bean 'org.springframework.boot.autoconfigure.security.servlet.SpringBootWebSecurityConfiguration$WebSecurityEnablerConfiguration'
2024-05-17T15:11:59.102+02:00 TRACE 4684 --- [clothlogix] [           main] o.s.b.f.s.DefaultListableBeanFactory     : Returning cached instance of singleton bean 'org.springframework.boot.autoconfigure.security.servlet.SpringBootWebSecurityConfiguration$SecurityFilterChainConfiguration'
2024-05-17T15:11:59.102+02:00 TRACE 4684 --- [clothlogix] [           main] o.s.b.f.s.DefaultListableBeanFactory     : Returning cached instance of singleton bean 'defaultSecurityFilterChain'
2024-05-17T15:11:59.102+02:00 TRACE 4684 --- [clothlogix] [           main] o.s.b.f.s.DefaultListableBeanFactory     : Returning cached instance of singleton bean 'org.springframework.boot.autoconfigure.security.servlet.SpringBootWebSecurityConfiguration'
2024-05-17T15:11:59.102+02:00 TRACE 4684 --- [clothlogix] [           main] o.s.b.f.s.DefaultListableBeanFactory     : Returning cached instance of singleton bean 'org.springframework.boot.autoconfigure.security.servlet.SecurityAutoConfiguration'
2024-05-17T15:11:59.102+02:00 TRACE 4684 --- [clothlogix] [           main] o.s.b.f.s.DefaultListableBeanFactory     : Returning cached instance of singleton bean 'authenticationEventPublisher'
2024-05-17T15:11:59.102+02:00 TRACE 4684 --- [clothlogix] [           main] o.s.b.f.s.DefaultListableBeanFactory     : Returning cached instance of singleton bean 'spring.security-org.springframework.boot.autoconfigure.security.SecurityProperties'
2024-05-17T15:11:59.102+02:00 TRACE 4684 --- [clothlogix] [           main] o.s.b.f.s.DefaultListableBeanFactory     : Returning cached instance of singleton bean 'org.springframework.boot.autoconfigure.security.servlet.SecurityFilterAutoConfiguration'
2024-05-17T15:11:59.102+02:00 TRACE 4684 --- [clothlogix] [           main] o.s.b.f.s.DefaultListableBeanFactory     : Returning cached instance of singleton bean 'securityFilterChainRegistration'
2024-05-17T15:11:59.102+02:00 TRACE 4684 --- [clothlogix] [           main] o.s.b.f.s.DefaultListableBeanFactory     : Returning cached instance of singleton bean 'org.springframework.boot.autoconfigure.security.servlet.UserDetailsServiceAutoConfiguration'
2024-05-17T15:11:59.102+02:00 TRACE 4684 --- [clothlogix] [           main] o.s.b.f.s.DefaultListableBeanFactory     : Returning cached instance of singleton bean 'inMemoryUserDetailsManager'
2024-05-17T15:11:59.102+02:00 TRACE 4684 --- [clothlogix] [           main] o.s.b.f.s.DefaultListableBeanFactory     : Returning cached instance of singleton bean 'org.springframework.boot.autoconfigure.sql.init.DataSourceInitializationConfiguration'
2024-05-17T15:11:59.102+02:00 TRACE 4684 --- [clothlogix] [           main] o.s.b.f.s.DefaultListableBeanFactory     : Returning cached instance of singleton bean 'dataSourceScriptDatabaseInitializer'
2024-05-17T15:11:59.102+02:00 TRACE 4684 --- [clothlogix] [           main] o.s.b.f.s.DefaultListableBeanFactory     : Returning cached instance of singleton bean 'org.springframework.boot.autoconfigure.sql.init.SqlInitializationAutoConfiguration'
2024-05-17T15:11:59.102+02:00 TRACE 4684 --- [clothlogix] [           main] o.s.b.f.s.DefaultListableBeanFactory     : Returning cached instance of singleton bean 'spring.sql.init-org.springframework.boot.autoconfigure.sql.init.SqlInitializationProperties'
2024-05-17T15:11:59.102+02:00 TRACE 4684 --- [clothlogix] [           main] o.s.b.f.s.DefaultListableBeanFactory     : Returning cached instance of singleton bean 'org.springframework.boot.autoconfigure.task.TaskSchedulingConfigurations$ThreadPoolTaskSchedulerBuilderConfiguration'
2024-05-17T15:11:59.102+02:00 TRACE 4684 --- [clothlogix] [           main] o.s.b.f.s.DefaultListableBeanFactory     : Returning cached instance of singleton bean 'threadPoolTaskSchedulerBuilder'
2024-05-17T15:11:59.102+02:00 TRACE 4684 --- [clothlogix] [           main] o.s.b.f.s.DefaultListableBeanFactory     : Returning cached instance of singleton bean 'org.springframework.boot.autoconfigure.task.TaskSchedulingConfigurations$TaskSchedulerBuilderConfiguration'
2024-05-17T15:11:59.102+02:00 TRACE 4684 --- [clothlogix] [           main] o.s.b.f.s.DefaultListableBeanFactory     : Returning cached instance of singleton bean 'taskSchedulerBuilder'
2024-05-17T15:11:59.102+02:00 TRACE 4684 --- [clothlogix] [           main] o.s.b.f.s.DefaultListableBeanFactory     : Returning cached instance of singleton bean 'org.springframework.boot.autoconfigure.task.TaskSchedulingConfigurations$SimpleAsyncTaskSchedulerBuilderConfiguration'
2024-05-17T15:11:59.102+02:00 TRACE 4684 --- [clothlogix] [           main] o.s.b.f.s.DefaultListableBeanFactory     : Returning cached instance of singleton bean 'simpleAsyncTaskSchedulerBuilder'
2024-05-17T15:11:59.102+02:00 TRACE 4684 --- [clothlogix] [           main] o.s.b.f.s.DefaultListableBeanFactory     : Returning cached instance of singleton bean 'org.springframework.boot.autoconfigure.task.TaskSchedulingAutoConfiguration'
2024-05-17T15:11:59.102+02:00 TRACE 4684 --- [clothlogix] [           main] o.s.b.f.s.DefaultListableBeanFactory     : Returning cached instance of singleton bean 'spring.task.scheduling-org.springframework.boot.autoconfigure.task.TaskSchedulingProperties'
2024-05-17T15:11:59.102+02:00 TRACE 4684 --- [clothlogix] [           main] o.s.b.f.s.DefaultListableBeanFactory     : Returning cached instance of singleton bean 'org.springframework.boot.autoconfigure.jdbc.DataSourceTransactionManagerAutoConfiguration$JdbcTransactionManagerConfiguration'
2024-05-17T15:11:59.102+02:00 TRACE 4684 --- [clothlogix] [           main] o.s.b.f.s.DefaultListableBeanFactory     : Returning cached instance of singleton bean 'org.springframework.boot.autoconfigure.jdbc.DataSourceTransactionManagerAutoConfiguration'
2024-05-17T15:11:59.102+02:00 TRACE 4684 --- [clothlogix] [           main] o.s.b.f.s.DefaultListableBeanFactory     : Returning cached instance of singleton bean 'org.springframework.boot.autoconfigure.transaction.TransactionAutoConfiguration$TransactionTemplateConfiguration'
2024-05-17T15:11:59.102+02:00 TRACE 4684 --- [clothlogix] [           main] o.s.b.f.s.DefaultListableBeanFactory     : Returning cached instance of singleton bean 'transactionTemplate'
2024-05-17T15:11:59.102+02:00 TRACE 4684 --- [clothlogix] [           main] o.s.b.f.s.DefaultListableBeanFactory     : Returning cached instance of singleton bean 'org.springframework.boot.autoconfigure.transaction.TransactionAutoConfiguration'
2024-05-17T15:11:59.102+02:00 TRACE 4684 --- [clothlogix] [           main] o.s.b.f.s.DefaultListableBeanFactory     : Returning cached instance of singleton bean 'org.springframework.boot.autoconfigure.web.client.RestClientAutoConfiguration'
2024-05-17T15:11:59.102+02:00 TRACE 4684 --- [clothlogix] [           main] o.s.b.f.s.DefaultListableBeanFactory     : Returning cached instance of singleton bean 'httpMessageConvertersRestClientCustomizer'
2024-05-17T15:11:59.102+02:00 TRACE 4684 --- [clothlogix] [           main] o.s.b.f.s.DefaultListableBeanFactory     : Returning cached instance of singleton bean 'restClientSsl'
2024-05-17T15:11:59.102+02:00 TRACE 4684 --- [clothlogix] [           main] o.s.b.f.s.DefaultListableBeanFactory     : Returning cached instance of singleton bean 'restClientBuilderConfigurer'
2024-05-17T15:11:59.102+02:00 TRACE 4684 --- [clothlogix] [           main] o.s.b.f.s.DefaultListableBeanFactory     : Returning cached instance of singleton bean 'org.springframework.boot.autoconfigure.web.client.RestTemplateAutoConfiguration'
2024-05-17T15:11:59.102+02:00 TRACE 4684 --- [clothlogix] [           main] o.s.b.f.s.DefaultListableBeanFactory     : Returning cached instance of singleton bean 'org.springframework.boot.autoconfigure.web.servlet.HttpEncodingAutoConfiguration'
2024-05-17T15:11:59.102+02:00 TRACE 4684 --- [clothlogix] [           main] o.s.b.f.s.DefaultListableBeanFactory     : Returning cached instance of singleton bean 'characterEncodingFilter'
2024-05-17T15:11:59.102+02:00 TRACE 4684 --- [clothlogix] [           main] o.s.b.f.s.DefaultListableBeanFactory     : Returning cached instance of singleton bean 'localeCharsetMappingsCustomizer'
2024-05-17T15:11:59.102+02:00 TRACE 4684 --- [clothlogix] [           main] o.s.b.f.s.DefaultListableBeanFactory     : Returning cached instance of singleton bean 'org.springframework.boot.autoconfigure.web.servlet.MultipartAutoConfiguration'
2024-05-17T15:11:59.102+02:00 TRACE 4684 --- [clothlogix] [           main] o.s.b.f.s.DefaultListableBeanFactory     : Returning cached instance of singleton bean 'multipartConfigElement'
2024-05-17T15:11:59.102+02:00 TRACE 4684 --- [clothlogix] [           main] o.s.b.f.s.DefaultListableBeanFactory     : Returning cached instance of singleton bean 'multipartResolver'
2024-05-17T15:11:59.102+02:00 TRACE 4684 --- [clothlogix] [           main] o.s.b.f.s.DefaultListableBeanFactory     : Returning cached instance of singleton bean 'spring.servlet.multipart-org.springframework.boot.autoconfigure.web.servlet.MultipartProperties'
2024-05-17T15:11:59.102+02:00 TRACE 4684 --- [clothlogix] [           main] o.s.b.f.s.DefaultListableBeanFactory     : Returning cached instance of singleton bean 'mvcHandlerMappingIntrospectorRequestTransformer'
2024-05-17T15:11:59.102+02:00 TRACE 4684 --- [clothlogix] [           main] o.s.b.f.s.DefaultListableBeanFactory     : Returning cached instance of singleton bean 'springSecurityFilterChain'
2024-05-17T15:11:59.102+02:00 TRACE 4684 --- [clothlogix] [           main] o.s.b.f.s.DefaultListableBeanFactory     : Returning cached instance of singleton bean 'org.springframework.boot.test.mock.mockito.MockitoBeans'
2024-05-17T15:11:59.102+02:00 TRACE 4684 --- [clothlogix] [           main] c.DefaultCacheAwareContextLoaderDelegate : Retrieved ApplicationContext [1059080630] from cache with key [WebMergedContextConfiguration@622c658d testClass = com.fabless.clothlogix.ClothlogixApplicationTests, locations = [], classes = [com.fabless.clothlogix.ClothlogixApplication], contextInitializerClasses = [], activeProfiles = [], propertySourceDescriptors = [], propertySourceProperties = ["org.springframework.boot.test.context.SpringBootTestContextBootstrapper=true"], contextCustomizers = [org.springframework.boot.test.context.filter.ExcludeFilterContextCustomizer@d23e042, org.springframework.boot.test.json.DuplicateJsonObjectContextCustomizerFactory$DuplicateJsonObjectContextCustomizer@6cd24612, org.springframework.boot.test.mock.mockito.MockitoContextCustomizer@0, org.springframework.boot.test.web.client.TestRestTemplateContextCustomizer@45385f75, org.springframework.boot.test.autoconfigure.actuate.observability.ObservabilityContextCustomizerFactory$DisableObservabilityContextCustomizer@1f, org.springframework.boot.test.autoconfigure.properties.PropertyMappingContextCustomizer@0, org.springframework.boot.test.autoconfigure.web.servlet.WebDriverContextCustomizer@769a1df5, org.springframework.boot.test.context.SpringBootTestAnnotation@426e704a], resourceBasePath = "src/main/webapp", contextLoader = org.springframework.boot.test.context.SpringBootContextLoader, parent = null]
2024-05-17T15:11:59.102+02:00 DEBUG 4684 --- [clothlogix] [           main] org.springframework.test.context.cache   : Spring test ApplicationContext cache statistics: [DefaultContextCache@3619bc9e size = 1, maxSize = 32, parentContextCount = 0, hitCount = 11, missCount = 1, failureCount = 0]
2024-05-17T15:11:59.102+02:00 TRACE 4684 --- [clothlogix] [           main] c.DefaultCacheAwareContextLoaderDelegate : Retrieved ApplicationContext [1059080630] from cache with key [WebMergedContextConfiguration@622c658d testClass = com.fabless.clothlogix.ClothlogixApplicationTests, locations = [], classes = [com.fabless.clothlogix.ClothlogixApplication], contextInitializerClasses = [], activeProfiles = [], propertySourceDescriptors = [], propertySourceProperties = ["org.springframework.boot.test.context.SpringBootTestContextBootstrapper=true"], contextCustomizers = [org.springframework.boot.test.context.filter.ExcludeFilterContextCustomizer@d23e042, org.springframework.boot.test.json.DuplicateJsonObjectContextCustomizerFactory$DuplicateJsonObjectContextCustomizer@6cd24612, org.springframework.boot.test.mock.mockito.MockitoContextCustomizer@0, org.springframework.boot.test.web.client.TestRestTemplateContextCustomizer@45385f75, org.springframework.boot.test.autoconfigure.actuate.observability.ObservabilityContextCustomizerFactory$DisableObservabilityContextCustomizer@1f, org.springframework.boot.test.autoconfigure.properties.PropertyMappingContextCustomizer@0, org.springframework.boot.test.autoconfigure.web.servlet.WebDriverContextCustomizer@769a1df5, org.springframework.boot.test.context.SpringBootTestAnnotation@426e704a], resourceBasePath = "src/main/webapp", contextLoader = org.springframework.boot.test.context.SpringBootContextLoader, parent = null]
2024-05-17T15:11:59.102+02:00 DEBUG 4684 --- [clothlogix] [           main] org.springframework.test.context.cache   : Spring test ApplicationContext cache statistics: [DefaultContextCache@3619bc9e size = 1, maxSize = 32, parentContextCount = 0, hitCount = 12, missCount = 1, failureCount = 0]
2024-05-17T15:11:59.102+02:00 TRACE 4684 --- [clothlogix] [           main] o.s.b.f.s.DefaultListableBeanFactory     : Returning cached instance of singleton bean 'delegatingApplicationListener'
2024-05-17T15:11:59.102+02:00 TRACE 4684 --- [clothlogix] [           main] .c.s.DirtiesContextTestExecutionListener : After test method: context [DefaultTestContext@5e609b42 testClass = com.fabless.clothlogix.ClothlogixApplicationTests, testInstance = com.fabless.clothlogix.ClothlogixApplicationTests@5fe19d0e, testMethod = contextLoads(), testException = null, mergedContextConfiguration = [WebMergedContextConfiguration@622c658d testClass = com.fabless.clothlogix.ClothlogixApplicationTests, locations = [], classes = [com.fabless.clothlogix.ClothlogixApplication], contextInitializerClasses = [], activeProfiles = [], propertySourceDescriptors = [], propertySourceProperties = ["org.springframework.boot.test.context.SpringBootTestContextBootstrapper=true"], contextCustomizers = [org.springframework.boot.test.context.filter.ExcludeFilterContextCustomizer@d23e042, org.springframework.boot.test.json.DuplicateJsonObjectContextCustomizerFactory$DuplicateJsonObjectContextCustomizer@6cd24612, org.springframework.boot.test.mock.mockito.MockitoContextCustomizer@0, org.springframework.boot.test.web.client.TestRestTemplateContextCustomizer@45385f75, org.springframework.boot.test.autoconfigure.actuate.observability.ObservabilityContextCustomizerFactory$DisableObservabilityContextCustomizer@1f, org.springframework.boot.test.autoconfigure.properties.PropertyMappingContextCustomizer@0, org.springframework.boot.test.autoconfigure.web.servlet.WebDriverContextCustomizer@769a1df5, org.springframework.boot.test.context.SpringBootTestAnnotation@426e704a], resourceBasePath = "src/main/webapp", contextLoader = org.springframework.boot.test.context.SpringBootContextLoader, parent = null], attributes = {"org.springframework.test.context.web.ServletTestExecutionListener.activateListener" -> true, "org.springframework.test.context.web.ServletTestExecutionListener.populatedRequestContextHolder" -> true, "org.springframework.test.context.web.ServletTestExecutionListener.resetRequestContextHolder" -> true, "org.springframework.test.context.event.ApplicationEventsTestExecutionListener.recordApplicationEvents" -> false}], class annotated with @DirtiesContext [false] with mode [null], method annotated with @DirtiesContext [false] with mode [null]
2024-05-17T15:11:59.102+02:00 TRACE 4684 --- [clothlogix] [           main] o.s.t.c.w.ServletTestExecutionListener   : Resetting RequestContextHolder for test context [DefaultTestContext@5e609b42 testClass = com.fabless.clothlogix.ClothlogixApplicationTests, testInstance = com.fabless.clothlogix.ClothlogixApplicationTests@5fe19d0e, testMethod = contextLoads(), testException = null, mergedContextConfiguration = [WebMergedContextConfiguration@622c658d testClass = com.fabless.clothlogix.ClothlogixApplicationTests, locations = [], classes = [com.fabless.clothlogix.ClothlogixApplication], contextInitializerClasses = [], activeProfiles = [], propertySourceDescriptors = [], propertySourceProperties = ["org.springframework.boot.test.context.SpringBootTestContextBootstrapper=true"], contextCustomizers = [org.springframework.boot.test.context.filter.ExcludeFilterContextCustomizer@d23e042, org.springframework.boot.test.json.DuplicateJsonObjectContextCustomizerFactory$DuplicateJsonObjectContextCustomizer@6cd24612, org.springframework.boot.test.mock.mockito.MockitoContextCustomizer@0, org.springframework.boot.test.web.client.TestRestTemplateContextCustomizer@45385f75, org.springframework.boot.test.autoconfigure.actuate.observability.ObservabilityContextCustomizerFactory$DisableObservabilityContextCustomizer@1f, org.springframework.boot.test.autoconfigure.properties.PropertyMappingContextCustomizer@0, org.springframework.boot.test.autoconfigure.web.servlet.WebDriverContextCustomizer@769a1df5, org.springframework.boot.test.context.SpringBootTestAnnotation@426e704a], resourceBasePath = "src/main/webapp", contextLoader = org.springframework.boot.test.context.SpringBootContextLoader, parent = null], attributes = {"org.springframework.test.context.web.ServletTestExecutionListener.activateListener" -> true, "org.springframework.test.context.web.ServletTestExecutionListener.populatedRequestContextHolder" -> true, "org.springframework.test.context.web.ServletTestExecutionListener.resetRequestContextHolder" -> true, "org.springframework.test.context.event.ApplicationEventsTestExecutionListener.recordApplicationEvents" -> false}]
]]></system-out>
  </testcase>
</testsuite>