<?xml version="1.0" encoding="UTF-8"?>
<testsuite xmlns:xsi="http://www.w3.org/2001/XMLSchema-instance" xsi:noNamespaceSchemaLocation="https://maven.apache.org/surefire/maven-surefire-plugin/xsd/surefire-test-report-3.0.xsd" version="3.0" name="com.fabless.clothlogix.ClothlogixApplicationTests" time="7.907" tests="1" errors="0" skipped="0" failures="0">
  <properties>
    <property name="java.specification.version" value="19"/>
    <property name="sun.cpu.isalist" value="amd64"/>
    <property name="sun.jnu.encoding" value="Cp1252"/>
    <property name="java.class.path" value="C:\Sviluppo\workArea\clothlogix\target\test-classes;C:\Sviluppo\workArea\clothlogix\target\classes;C:\Users\salvatoresilvestri\.m2\repository\org\springframework\boot\spring-boot-starter-data-jdbc\3.2.5\spring-boot-starter-data-jdbc-3.2.5.jar;C:\Users\salvatoresilvestri\.m2\repository\org\springframework\boot\spring-boot-starter-jdbc\3.2.5\spring-boot-starter-jdbc-3.2.5.jar;C:\Users\salvatoresilvestri\.m2\repository\com\zaxxer\HikariCP\5.0.1\HikariCP-5.0.1.jar;C:\Users\salvatoresilvestri\.m2\repository\org\springframework\spring-jdbc\6.1.6\spring-jdbc-6.1.6.jar;C:\Users\salvatoresilvestri\.m2\repository\org\springframework\data\spring-data-jdbc\3.2.5\spring-data-jdbc-3.2.5.jar;C:\Users\salvatoresilvestri\.m2\repository\org\springframework\data\spring-data-relational\3.2.5\spring-data-relational-3.2.5.jar;C:\Users\salvatoresilvestri\.m2\repository\com\github\jsqlparser\jsqlparser\4.6\jsqlparser-4.6.jar;C:\Users\salvatoresilvestri\.m2\repository\org\springframework\data\spring-data-commons\3.2.5\spring-data-commons-3.2.5.jar;C:\Users\salvatoresilvestri\.m2\repository\org\springframework\spring-tx\6.1.6\spring-tx-6.1.6.jar;C:\Users\salvatoresilvestri\.m2\repository\org\springframework\spring-context\6.1.6\spring-context-6.1.6.jar;C:\Users\salvatoresilvestri\.m2\repository\org\springframework\spring-beans\6.1.6\spring-beans-6.1.6.jar;C:\Users\salvatoresilvestri\.m2\repository\org\slf4j\slf4j-api\2.0.13\slf4j-api-2.0.13.jar;C:\Users\salvatoresilvestri\.m2\repository\org\springframework\boot\spring-boot-starter-data-jpa\3.2.5\spring-boot-starter-data-jpa-3.2.5.jar;C:\Users\salvatoresilvestri\.m2\repository\org\springframework\boot\spring-boot-starter-aop\3.2.5\spring-boot-starter-aop-3.2.5.jar;C:\Users\salvatoresilvestri\.m2\repository\org\aspectj\aspectjweaver\1.9.22\aspectjweaver-1.9.22.jar;C:\Users\salvatoresilvestri\.m2\repository\org\hibernate\orm\hibernate-core\6.4.4.Final\hibernate-core-6.4.4.Final.jar;C:\Users\salvatoresilvestri\.m2\repository\jakarta\persistence\jakarta.persistence-api\3.1.0\jakarta.persistence-api-3.1.0.jar;C:\Users\salvatoresilvestri\.m2\repository\jakarta\transaction\jakarta.transaction-api\2.0.1\jakarta.transaction-api-2.0.1.jar;C:\Users\salvatoresilvestri\.m2\repository\org\jboss\logging\jboss-logging\3.5.3.Final\jboss-logging-3.5.3.Final.jar;C:\Users\salvatoresilvestri\.m2\repository\org\hibernate\common\hibernate-commons-annotations\6.0.6.Final\hibernate-commons-annotations-6.0.6.Final.jar;C:\Users\salvatoresilvestri\.m2\repository\io\smallrye\jandex\3.1.2\jandex-3.1.2.jar;C:\Users\salvatoresilvestri\.m2\repository\com\fasterxml\classmate\1.6.0\classmate-1.6.0.jar;C:\Users\salvatoresilvestri\.m2\repository\net\bytebuddy\byte-buddy\1.14.13\byte-buddy-1.14.13.jar;C:\Users\salvatoresilvestri\.m2\repository\org\glassfish\jaxb\jaxb-runtime\4.0.5\jaxb-runtime-4.0.5.jar;C:\Users\salvatoresilvestri\.m2\repository\org\glassfish\jaxb\jaxb-core\4.0.5\jaxb-core-4.0.5.jar;C:\Users\salvatoresilvestri\.m2\repository\org\eclipse\angus\angus-activation\2.0.2\angus-activation-2.0.2.jar;C:\Users\salvatoresilvestri\.m2\repository\org\glassfish\jaxb\txw2\4.0.5\txw2-4.0.5.jar;C:\Users\salvatoresilvestri\.m2\repository\com\sun\istack\istack-commons-runtime\4.1.2\istack-commons-runtime-4.1.2.jar;C:\Users\salvatoresilvestri\.m2\repository\jakarta\inject\jakarta.inject-api\2.0.1\jakarta.inject-api-2.0.1.jar;C:\Users\salvatoresilvestri\.m2\repository\org\antlr\antlr4-runtime\4.13.0\antlr4-runtime-4.13.0.jar;C:\Users\salvatoresilvestri\.m2\repository\org\springframework\data\spring-data-jpa\3.2.5\spring-data-jpa-3.2.5.jar;C:\Users\salvatoresilvestri\.m2\repository\org\springframework\spring-orm\6.1.6\spring-orm-6.1.6.jar;C:\Users\salvatoresilvestri\.m2\repository\org\springframework\spring-aspects\6.1.6\spring-aspects-6.1.6.jar;C:\Users\salvatoresilvestri\.m2\repository\org\springframework\boot\spring-boot-starter-data-rest\3.2.5\spring-boot-starter-data-rest-3.2.5.jar;C:\Users\salvatoresilvestri\.m2\repository\org\springframework\data\spring-data-rest-webmvc\4.2.5\spring-data-rest-webmvc-4.2.5.jar;C:\Users\salvatoresilvestri\.m2\repository\org\springframework\data\spring-data-rest-core\4.2.5\spring-data-rest-core-4.2.5.jar;C:\Users\salvatoresilvestri\.m2\repository\org\springframework\hateoas\spring-hateoas\2.2.2\spring-hateoas-2.2.2.jar;C:\Users\salvatoresilvestri\.m2\repository\org\springframework\plugin\spring-plugin-core\3.0.0\spring-plugin-core-3.0.0.jar;C:\Users\salvatoresilvestri\.m2\repository\org\atteo\evo-inflector\1.3\evo-inflector-1.3.jar;C:\Users\salvatoresilvestri\.m2\repository\com\fasterxml\jackson\core\jackson-databind\2.15.4\jackson-databind-2.15.4.jar;C:\Users\salvatoresilvestri\.m2\repository\com\fasterxml\jackson\core\jackson-core\2.15.4\jackson-core-2.15.4.jar;C:\Users\salvatoresilvestri\.m2\repository\com\fasterxml\jackson\core\jackson-annotations\2.15.4\jackson-annotations-2.15.4.jar;C:\Users\salvatoresilvestri\.m2\repository\org\springframework\boot\spring-boot-starter-jersey\3.2.5\spring-boot-starter-jersey-3.2.5.jar;C:\Users\salvatoresilvestri\.m2\repository\org\springframework\boot\spring-boot-starter-json\3.2.5\spring-boot-starter-json-3.2.5.jar;C:\Users\salvatoresilvestri\.m2\repository\com\fasterxml\jackson\datatype\jackson-datatype-jdk8\2.15.4\jackson-datatype-jdk8-2.15.4.jar;C:\Users\salvatoresilvestri\.m2\repository\com\fasterxml\jackson\datatype\jackson-datatype-jsr310\2.15.4\jackson-datatype-jsr310-2.15.4.jar;C:\Users\salvatoresilvestri\.m2\repository\com\fasterxml\jackson\module\jackson-module-parameter-names\2.15.4\jackson-module-parameter-names-2.15.4.jar;C:\Users\salvatoresilvestri\.m2\repository\org\springframework\spring-web\6.1.6\spring-web-6.1.6.jar;C:\Users\salvatoresilvestri\.m2\repository\io\micrometer\micrometer-observation\1.12.5\micrometer-observation-1.12.5.jar;C:\Users\salvatoresilvestri\.m2\repository\io\micrometer\micrometer-commons\1.12.5\micrometer-commons-1.12.5.jar;C:\Users\salvatoresilvestri\.m2\repository\org\glassfish\jersey\containers\jersey-container-servlet-core\3.1.6\jersey-container-servlet-core-3.1.6.jar;C:\Users\salvatoresilvestri\.m2\repository\org\glassfish\jersey\core\jersey-common\3.1.6\jersey-common-3.1.6.jar;C:\Users\salvatoresilvestri\.m2\repository\org\glassfish\hk2\osgi-resource-locator\1.0.3\osgi-resource-locator-1.0.3.jar;C:\Users\salvatoresilvestri\.m2\repository\jakarta\ws\rs\jakarta.ws.rs-api\3.1.0\jakarta.ws.rs-api-3.1.0.jar;C:\Users\salvatoresilvestri\.m2\repository\org\glassfish\jersey\containers\jersey-container-servlet\3.1.6\jersey-container-servlet-3.1.6.jar;C:\Users\salvatoresilvestri\.m2\repository\org\glassfish\jersey\core\jersey-server\3.1.6\jersey-server-3.1.6.jar;C:\Users\salvatoresilvestri\.m2\repository\org\glassfish\jersey\core\jersey-client\3.1.6\jersey-client-3.1.6.jar;C:\Users\salvatoresilvestri\.m2\repository\jakarta\validation\jakarta.validation-api\3.0.2\jakarta.validation-api-3.0.2.jar;C:\Users\salvatoresilvestri\.m2\repository\org\glassfish\jersey\ext\jersey-bean-validation\3.1.6\jersey-bean-validation-3.1.6.jar;C:\Users\salvatoresilvestri\.m2\repository\org\glassfish\expressly\expressly\5.0.0\expressly-5.0.0.jar;C:\Users\salvatoresilvestri\.m2\repository\org\glassfish\jersey\ext\jersey-spring6\3.1.6\jersey-spring6-3.1.6.jar;C:\Users\salvatoresilvestri\.m2\repository\org\glassfish\jersey\inject\jersey-hk2\3.1.6\jersey-hk2-3.1.6.jar;C:\Users\salvatoresilvestri\.m2\repository\org\glassfish\hk2\hk2-locator\3.0.6\hk2-locator-3.0.6.jar;C:\Users\salvatoresilvestri\.m2\repository\org\glassfish\hk2\external\aopalliance-repackaged\3.0.6\aopalliance-repackaged-3.0.6.jar;C:\Users\salvatoresilvestri\.m2\repository\org\javassist\javassist\3.30.2-GA\javassist-3.30.2-GA.jar;C:\Users\salvatoresilvestri\.m2\repository\org\glassfish\hk2\hk2\3.0.6\hk2-3.0.6.jar;C:\Users\salvatoresilvestri\.m2\repository\org\glassfish\hk2\hk2-utils\3.0.6\hk2-utils-3.0.6.jar;C:\Users\salvatoresilvestri\.m2\repository\org\glassfish\hk2\hk2-api\3.0.6\hk2-api-3.0.6.jar;C:\Users\salvatoresilvestri\.m2\repository\org\glassfish\hk2\hk2-core\3.0.6\hk2-core-3.0.6.jar;C:\Users\salvatoresilvestri\.m2\repository\org\glassfish\hk2\hk2-runlevel\3.0.6\hk2-runlevel-3.0.6.jar;C:\Users\salvatoresilvestri\.m2\repository\org\glassfish\hk2\class-model\3.0.6\class-model-3.0.6.jar;C:\Users\salvatoresilvestri\.m2\repository\org\ow2\asm\asm-analysis\9.6\asm-analysis-9.6.jar;C:\Users\salvatoresilvestri\.m2\repository\org\ow2\asm\asm-commons\9.6\asm-commons-9.6.jar;C:\Users\salvatoresilvestri\.m2\repository\org\ow2\asm\asm-tree\9.6\asm-tree-9.6.jar;C:\Users\salvatoresilvestri\.m2\repository\org\ow2\asm\asm-util\9.6\asm-util-9.6.jar;C:\Users\salvatoresilvestri\.m2\repository\org\glassfish\hk2\spring-bridge\3.0.6\spring-bridge-3.0.6.jar;C:\Users\salvatoresilvestri\.m2\repository\org\glassfish\jersey\media\jersey-media-json-jackson\3.1.6\jersey-media-json-jackson-3.1.6.jar;C:\Users\salvatoresilvestri\.m2\repository\org\glassfish\jersey\ext\jersey-entity-filtering\3.1.6\jersey-entity-filtering-3.1.6.jar;C:\Users\salvatoresilvestri\.m2\repository\com\fasterxml\jackson\module\jackson-module-jakarta-xmlbind-annotations\2.15.4\jackson-module-jakarta-xmlbind-annotations-2.15.4.jar;C:\Users\salvatoresilvestri\.m2\repository\org\springframework\boot\spring-boot-starter-security\3.2.5\spring-boot-starter-security-3.2.5.jar;C:\Users\salvatoresilvestri\.m2\repository\org\springframework\boot\spring-boot-starter\3.2.5\spring-boot-starter-3.2.5.jar;C:\Users\salvatoresilvestri\.m2\repository\org\springframework\boot\spring-boot\3.2.5\spring-boot-3.2.5.jar;C:\Users\salvatoresilvestri\.m2\repository\org\springframework\boot\spring-boot-autoconfigure\3.2.5\spring-boot-autoconfigure-3.2.5.jar;C:\Users\salvatoresilvestri\.m2\repository\org\springframework\boot\spring-boot-starter-logging\3.2.5\spring-boot-starter-logging-3.2.5.jar;C:\Users\salvatoresilvestri\.m2\repository\ch\qos\logback\logback-classic\1.4.14\logback-classic-1.4.14.jar;C:\Users\salvatoresilvestri\.m2\repository\ch\qos\logback\logback-core\1.4.14\logback-core-1.4.14.jar;C:\Users\salvatoresilvestri\.m2\repository\org\apache\logging\log4j\log4j-to-slf4j\2.21.1\log4j-to-slf4j-2.21.1.jar;C:\Users\salvatoresilvestri\.m2\repository\org\apache\logging\log4j\log4j-api\2.21.1\log4j-api-2.21.1.jar;C:\Users\salvatoresilvestri\.m2\repository\org\slf4j\jul-to-slf4j\2.0.13\jul-to-slf4j-2.0.13.jar;C:\Users\salvatoresilvestri\.m2\repository\org\yaml\snakeyaml\2.2\snakeyaml-2.2.jar;C:\Users\salvatoresilvestri\.m2\repository\org\springframework\spring-aop\6.1.6\spring-aop-6.1.6.jar;C:\Users\salvatoresilvestri\.m2\repository\org\springframework\security\spring-security-config\6.2.4\spring-security-config-6.2.4.jar;C:\Users\salvatoresilvestri\.m2\repository\org\springframework\security\spring-security-web\6.2.4\spring-security-web-6.2.4.jar;C:\Users\salvatoresilvestri\.m2\repository\org\springframework\spring-expression\6.1.6\spring-expression-6.1.6.jar;C:\Users\salvatoresilvestri\.m2\repository\org\springframework\boot\spring-boot-starter-validation\3.2.5\spring-boot-starter-validation-3.2.5.jar;C:\Users\salvatoresilvestri\.m2\repository\org\apache\tomcat\embed\tomcat-embed-el\10.1.20\tomcat-embed-el-10.1.20.jar;C:\Users\salvatoresilvestri\.m2\repository\org\hibernate\validator\hibernate-validator\8.0.1.Final\hibernate-validator-8.0.1.Final.jar;C:\Users\salvatoresilvestri\.m2\repository\org\springframework\boot\spring-boot-starter-web\3.2.5\spring-boot-starter-web-3.2.5.jar;C:\Users\salvatoresilvestri\.m2\repository\org\springframework\spring-webmvc\6.1.6\spring-webmvc-6.1.6.jar;C:\Users\salvatoresilvestri\.m2\repository\com\mysql\mysql-connector-j\8.3.0\mysql-connector-j-8.3.0.jar;C:\Users\salvatoresilvestri\.m2\repository\org\projectlombok\lombok\1.18.32\lombok-1.18.32.jar;C:\Users\salvatoresilvestri\.m2\repository\org\springframework\boot\spring-boot-starter-tomcat\3.2.5\spring-boot-starter-tomcat-3.2.5.jar;C:\Users\salvatoresilvestri\.m2\repository\jakarta\annotation\jakarta.annotation-api\2.1.1\jakarta.annotation-api-2.1.1.jar;C:\Users\salvatoresilvestri\.m2\repository\org\apache\tomcat\embed\tomcat-embed-core\10.1.20\tomcat-embed-core-10.1.20.jar;C:\Users\salvatoresilvestri\.m2\repository\org\apache\tomcat\embed\tomcat-embed-websocket\10.1.20\tomcat-embed-websocket-10.1.20.jar;C:\Users\salvatoresilvestri\.m2\repository\org\springframework\boot\spring-boot-starter-test\3.2.5\spring-boot-starter-test-3.2.5.jar;C:\Users\salvatoresilvestri\.m2\repository\org\springframework\boot\spring-boot-test\3.2.5\spring-boot-test-3.2.5.jar;C:\Users\salvatoresilvestri\.m2\repository\org\springframework\boot\spring-boot-test-autoconfigure\3.2.5\spring-boot-test-autoconfigure-3.2.5.jar;C:\Users\salvatoresilvestri\.m2\repository\com\jayway\jsonpath\json-path\2.9.0\json-path-2.9.0.jar;C:\Users\salvatoresilvestri\.m2\repository\jakarta\xml\bind\jakarta.xml.bind-api\4.0.2\jakarta.xml.bind-api-4.0.2.jar;C:\Users\salvatoresilvestri\.m2\repository\jakarta\activation\jakarta.activation-api\2.1.3\jakarta.activation-api-2.1.3.jar;C:\Users\salvatoresilvestri\.m2\repository\net\minidev\json-smart\2.5.1\json-smart-2.5.1.jar;C:\Users\salvatoresilvestri\.m2\repository\net\minidev\accessors-smart\2.5.1\accessors-smart-2.5.1.jar;C:\Users\salvatoresilvestri\.m2\repository\org\ow2\asm\asm\9.6\asm-9.6.jar;C:\Users\salvatoresilvestri\.m2\repository\org\assertj\assertj-core\3.24.2\assertj-core-3.24.2.jar;C:\Users\salvatoresilvestri\.m2\repository\org\awaitility\awaitility\4.2.1\awaitility-4.2.1.jar;C:\Users\salvatoresilvestri\.m2\repository\org\hamcrest\hamcrest\2.2\hamcrest-2.2.jar;C:\Users\salvatoresilvestri\.m2\repository\org\junit\jupiter\junit-jupiter\5.10.2\junit-jupiter-5.10.2.jar;C:\Users\salvatoresilvestri\.m2\repository\org\junit\jupiter\junit-jupiter-api\5.10.2\junit-jupiter-api-5.10.2.jar;C:\Users\salvatoresilvestri\.m2\repository\org\opentest4j\opentest4j\1.3.0\opentest4j-1.3.0.jar;C:\Users\salvatoresilvestri\.m2\repository\org\junit\platform\junit-platform-commons\1.10.2\junit-platform-commons-1.10.2.jar;C:\Users\salvatoresilvestri\.m2\repository\org\apiguardian\apiguardian-api\1.1.2\apiguardian-api-1.1.2.jar;C:\Users\salvatoresilvestri\.m2\repository\org\junit\jupiter\junit-jupiter-params\5.10.2\junit-jupiter-params-5.10.2.jar;C:\Users\salvatoresilvestri\.m2\repository\org\junit\jupiter\junit-jupiter-engine\5.10.2\junit-jupiter-engine-5.10.2.jar;C:\Users\salvatoresilvestri\.m2\repository\org\junit\platform\junit-platform-engine\1.10.2\junit-platform-engine-1.10.2.jar;C:\Users\salvatoresilvestri\.m2\repository\org\mockito\mockito-core\5.7.0\mockito-core-5.7.0.jar;C:\Users\salvatoresilvestri\.m2\repository\net\bytebuddy\byte-buddy-agent\1.14.13\byte-buddy-agent-1.14.13.jar;C:\Users\salvatoresilvestri\.m2\repository\org\objenesis\objenesis\3.3\objenesis-3.3.jar;C:\Users\salvatoresilvestri\.m2\repository\org\mockito\mockito-junit-jupiter\5.7.0\mockito-junit-jupiter-5.7.0.jar;C:\Users\salvatoresilvestri\.m2\repository\org\skyscreamer\jsonassert\1.5.1\jsonassert-1.5.1.jar;C:\Users\salvatoresilvestri\.m2\repository\com\vaadin\external\google\android-json\0.0.20131108.vaadin1\android-json-0.0.20131108.vaadin1.jar;C:\Users\salvatoresilvestri\.m2\repository\org\springframework\spring-core\6.1.6\spring-core-6.1.6.jar;C:\Users\salvatoresilvestri\.m2\repository\org\springframework\spring-jcl\6.1.6\spring-jcl-6.1.6.jar;C:\Users\salvatoresilvestri\.m2\repository\org\springframework\spring-test\6.1.6\spring-test-6.1.6.jar;C:\Users\salvatoresilvestri\.m2\repository\org\xmlunit\xmlunit-core\2.9.1\xmlunit-core-2.9.1.jar;C:\Users\salvatoresilvestri\.m2\repository\org\springframework\security\spring-security-test\6.0.4\spring-security-test-6.0.4.jar;C:\Users\salvatoresilvestri\.m2\repository\org\springframework\security\spring-security-core\6.2.4\spring-security-core-6.2.4.jar;C:\Users\salvatoresilvestri\.m2\repository\org\springframework\security\spring-security-crypto\6.2.4\spring-security-crypto-6.2.4.jar;"/>
    <property name="java.vm.vendor" value="Amazon.com Inc."/>
    <property name="sun.arch.data.model" value="64"/>
    <property name="user.variant" value=""/>
    <property name="java.vendor.url" value="https://aws.amazon.com/corretto/"/>
    <property name="user.timezone" value="Europe/Rome"/>
    <property name="org.jboss.logging.provider" value="slf4j"/>
    <property name="os.name" value="Windows 11"/>
    <property name="java.vm.specification.version" value="19"/>
    <property name="sun.java.launcher" value="SUN_STANDARD"/>
    <property name="user.country" value="IT"/>
    <property name="sun.boot.library.path" value="C:\Users\salvatoresilvestri\.jdks\corretto-19.0.2\bin"/>
    <property name="sun.java.command" value="C:\Users\salvatoresilvestri\AppData\Local\Temp\surefire11939115500914037007\surefirebooter-20240509155331567_3.jar C:\Users\salvatoresilvestri\AppData\Local\Temp\surefire11939115500914037007 2024-05-09T15-53-31_267-jvmRun1 surefire-20240509155331567_1tmp surefire_0-20240509155331567_2tmp"/>
    <property name="jdk.debug" value="release"/>
    <property name="surefire.test.class.path" value="C:\Sviluppo\workArea\clothlogix\target\test-classes;C:\Sviluppo\workArea\clothlogix\target\classes;C:\Users\salvatoresilvestri\.m2\repository\org\springframework\boot\spring-boot-starter-data-jdbc\3.2.5\spring-boot-starter-data-jdbc-3.2.5.jar;C:\Users\salvatoresilvestri\.m2\repository\org\springframework\boot\spring-boot-starter-jdbc\3.2.5\spring-boot-starter-jdbc-3.2.5.jar;C:\Users\salvatoresilvestri\.m2\repository\com\zaxxer\HikariCP\5.0.1\HikariCP-5.0.1.jar;C:\Users\salvatoresilvestri\.m2\repository\org\springframework\spring-jdbc\6.1.6\spring-jdbc-6.1.6.jar;C:\Users\salvatoresilvestri\.m2\repository\org\springframework\data\spring-data-jdbc\3.2.5\spring-data-jdbc-3.2.5.jar;C:\Users\salvatoresilvestri\.m2\repository\org\springframework\data\spring-data-relational\3.2.5\spring-data-relational-3.2.5.jar;C:\Users\salvatoresilvestri\.m2\repository\com\github\jsqlparser\jsqlparser\4.6\jsqlparser-4.6.jar;C:\Users\salvatoresilvestri\.m2\repository\org\springframework\data\spring-data-commons\3.2.5\spring-data-commons-3.2.5.jar;C:\Users\salvatoresilvestri\.m2\repository\org\springframework\spring-tx\6.1.6\spring-tx-6.1.6.jar;C:\Users\salvatoresilvestri\.m2\repository\org\springframework\spring-context\6.1.6\spring-context-6.1.6.jar;C:\Users\salvatoresilvestri\.m2\repository\org\springframework\spring-beans\6.1.6\spring-beans-6.1.6.jar;C:\Users\salvatoresilvestri\.m2\repository\org\slf4j\slf4j-api\2.0.13\slf4j-api-2.0.13.jar;C:\Users\salvatoresilvestri\.m2\repository\org\springframework\boot\spring-boot-starter-data-jpa\3.2.5\spring-boot-starter-data-jpa-3.2.5.jar;C:\Users\salvatoresilvestri\.m2\repository\org\springframework\boot\spring-boot-starter-aop\3.2.5\spring-boot-starter-aop-3.2.5.jar;C:\Users\salvatoresilvestri\.m2\repository\org\aspectj\aspectjweaver\1.9.22\aspectjweaver-1.9.22.jar;C:\Users\salvatoresilvestri\.m2\repository\org\hibernate\orm\hibernate-core\6.4.4.Final\hibernate-core-6.4.4.Final.jar;C:\Users\salvatoresilvestri\.m2\repository\jakarta\persistence\jakarta.persistence-api\3.1.0\jakarta.persistence-api-3.1.0.jar;C:\Users\salvatoresilvestri\.m2\repository\jakarta\transaction\jakarta.transaction-api\2.0.1\jakarta.transaction-api-2.0.1.jar;C:\Users\salvatoresilvestri\.m2\repository\org\jboss\logging\jboss-logging\3.5.3.Final\jboss-logging-3.5.3.Final.jar;C:\Users\salvatoresilvestri\.m2\repository\org\hibernate\common\hibernate-commons-annotations\6.0.6.Final\hibernate-commons-annotations-6.0.6.Final.jar;C:\Users\salvatoresilvestri\.m2\repository\io\smallrye\jandex\3.1.2\jandex-3.1.2.jar;C:\Users\salvatoresilvestri\.m2\repository\com\fasterxml\classmate\1.6.0\classmate-1.6.0.jar;C:\Users\salvatoresilvestri\.m2\repository\net\bytebuddy\byte-buddy\1.14.13\byte-buddy-1.14.13.jar;C:\Users\salvatoresilvestri\.m2\repository\org\glassfish\jaxb\jaxb-runtime\4.0.5\jaxb-runtime-4.0.5.jar;C:\Users\salvatoresilvestri\.m2\repository\org\glassfish\jaxb\jaxb-core\4.0.5\jaxb-core-4.0.5.jar;C:\Users\salvatoresilvestri\.m2\repository\org\eclipse\angus\angus-activation\2.0.2\angus-activation-2.0.2.jar;C:\Users\salvatoresilvestri\.m2\repository\org\glassfish\jaxb\txw2\4.0.5\txw2-4.0.5.jar;C:\Users\salvatoresilvestri\.m2\repository\com\sun\istack\istack-commons-runtime\4.1.2\istack-commons-runtime-4.1.2.jar;C:\Users\salvatoresilvestri\.m2\repository\jakarta\inject\jakarta.inject-api\2.0.1\jakarta.inject-api-2.0.1.jar;C:\Users\salvatoresilvestri\.m2\repository\org\antlr\antlr4-runtime\4.13.0\antlr4-runtime-4.13.0.jar;C:\Users\salvatoresilvestri\.m2\repository\org\springframework\data\spring-data-jpa\3.2.5\spring-data-jpa-3.2.5.jar;C:\Users\salvatoresilvestri\.m2\repository\org\springframework\spring-orm\6.1.6\spring-orm-6.1.6.jar;C:\Users\salvatoresilvestri\.m2\repository\org\springframework\spring-aspects\6.1.6\spring-aspects-6.1.6.jar;C:\Users\salvatoresilvestri\.m2\repository\org\springframework\boot\spring-boot-starter-data-rest\3.2.5\spring-boot-starter-data-rest-3.2.5.jar;C:\Users\salvatoresilvestri\.m2\repository\org\springframework\data\spring-data-rest-webmvc\4.2.5\spring-data-rest-webmvc-4.2.5.jar;C:\Users\salvatoresilvestri\.m2\repository\org\springframework\data\spring-data-rest-core\4.2.5\spring-data-rest-core-4.2.5.jar;C:\Users\salvatoresilvestri\.m2\repository\org\springframework\hateoas\spring-hateoas\2.2.2\spring-hateoas-2.2.2.jar;C:\Users\salvatoresilvestri\.m2\repository\org\springframework\plugin\spring-plugin-core\3.0.0\spring-plugin-core-3.0.0.jar;C:\Users\salvatoresilvestri\.m2\repository\org\atteo\evo-inflector\1.3\evo-inflector-1.3.jar;C:\Users\salvatoresilvestri\.m2\repository\com\fasterxml\jackson\core\jackson-databind\2.15.4\jackson-databind-2.15.4.jar;C:\Users\salvatoresilvestri\.m2\repository\com\fasterxml\jackson\core\jackson-core\2.15.4\jackson-core-2.15.4.jar;C:\Users\salvatoresilvestri\.m2\repository\com\fasterxml\jackson\core\jackson-annotations\2.15.4\jackson-annotations-2.15.4.jar;C:\Users\salvatoresilvestri\.m2\repository\org\springframework\boot\spring-boot-starter-jersey\3.2.5\spring-boot-starter-jersey-3.2.5.jar;C:\Users\salvatoresilvestri\.m2\repository\org\springframework\boot\spring-boot-starter-json\3.2.5\spring-boot-starter-json-3.2.5.jar;C:\Users\salvatoresilvestri\.m2\repository\com\fasterxml\jackson\datatype\jackson-datatype-jdk8\2.15.4\jackson-datatype-jdk8-2.15.4.jar;C:\Users\salvatoresilvestri\.m2\repository\com\fasterxml\jackson\datatype\jackson-datatype-jsr310\2.15.4\jackson-datatype-jsr310-2.15.4.jar;C:\Users\salvatoresilvestri\.m2\repository\com\fasterxml\jackson\module\jackson-module-parameter-names\2.15.4\jackson-module-parameter-names-2.15.4.jar;C:\Users\salvatoresilvestri\.m2\repository\org\springframework\spring-web\6.1.6\spring-web-6.1.6.jar;C:\Users\salvatoresilvestri\.m2\repository\io\micrometer\micrometer-observation\1.12.5\micrometer-observation-1.12.5.jar;C:\Users\salvatoresilvestri\.m2\repository\io\micrometer\micrometer-commons\1.12.5\micrometer-commons-1.12.5.jar;C:\Users\salvatoresilvestri\.m2\repository\org\glassfish\jersey\containers\jersey-container-servlet-core\3.1.6\jersey-container-servlet-core-3.1.6.jar;C:\Users\salvatoresilvestri\.m2\repository\org\glassfish\jersey\core\jersey-common\3.1.6\jersey-common-3.1.6.jar;C:\Users\salvatoresilvestri\.m2\repository\org\glassfish\hk2\osgi-resource-locator\1.0.3\osgi-resource-locator-1.0.3.jar;C:\Users\salvatoresilvestri\.m2\repository\jakarta\ws\rs\jakarta.ws.rs-api\3.1.0\jakarta.ws.rs-api-3.1.0.jar;C:\Users\salvatoresilvestri\.m2\repository\org\glassfish\jersey\containers\jersey-container-servlet\3.1.6\jersey-container-servlet-3.1.6.jar;C:\Users\salvatoresilvestri\.m2\repository\org\glassfish\jersey\core\jersey-server\3.1.6\jersey-server-3.1.6.jar;C:\Users\salvatoresilvestri\.m2\repository\org\glassfish\jersey\core\jersey-client\3.1.6\jersey-client-3.1.6.jar;C:\Users\salvatoresilvestri\.m2\repository\jakarta\validation\jakarta.validation-api\3.0.2\jakarta.validation-api-3.0.2.jar;C:\Users\salvatoresilvestri\.m2\repository\org\glassfish\jersey\ext\jersey-bean-validation\3.1.6\jersey-bean-validation-3.1.6.jar;C:\Users\salvatoresilvestri\.m2\repository\org\glassfish\expressly\expressly\5.0.0\expressly-5.0.0.jar;C:\Users\salvatoresilvestri\.m2\repository\org\glassfish\jersey\ext\jersey-spring6\3.1.6\jersey-spring6-3.1.6.jar;C:\Users\salvatoresilvestri\.m2\repository\org\glassfish\jersey\inject\jersey-hk2\3.1.6\jersey-hk2-3.1.6.jar;C:\Users\salvatoresilvestri\.m2\repository\org\glassfish\hk2\hk2-locator\3.0.6\hk2-locator-3.0.6.jar;C:\Users\salvatoresilvestri\.m2\repository\org\glassfish\hk2\external\aopalliance-repackaged\3.0.6\aopalliance-repackaged-3.0.6.jar;C:\Users\salvatoresilvestri\.m2\repository\org\javassist\javassist\3.30.2-GA\javassist-3.30.2-GA.jar;C:\Users\salvatoresilvestri\.m2\repository\org\glassfish\hk2\hk2\3.0.6\hk2-3.0.6.jar;C:\Users\salvatoresilvestri\.m2\repository\org\glassfish\hk2\hk2-utils\3.0.6\hk2-utils-3.0.6.jar;C:\Users\salvatoresilvestri\.m2\repository\org\glassfish\hk2\hk2-api\3.0.6\hk2-api-3.0.6.jar;C:\Users\salvatoresilvestri\.m2\repository\org\glassfish\hk2\hk2-core\3.0.6\hk2-core-3.0.6.jar;C:\Users\salvatoresilvestri\.m2\repository\org\glassfish\hk2\hk2-runlevel\3.0.6\hk2-runlevel-3.0.6.jar;C:\Users\salvatoresilvestri\.m2\repository\org\glassfish\hk2\class-model\3.0.6\class-model-3.0.6.jar;C:\Users\salvatoresilvestri\.m2\repository\org\ow2\asm\asm-analysis\9.6\asm-analysis-9.6.jar;C:\Users\salvatoresilvestri\.m2\repository\org\ow2\asm\asm-commons\9.6\asm-commons-9.6.jar;C:\Users\salvatoresilvestri\.m2\repository\org\ow2\asm\asm-tree\9.6\asm-tree-9.6.jar;C:\Users\salvatoresilvestri\.m2\repository\org\ow2\asm\asm-util\9.6\asm-util-9.6.jar;C:\Users\salvatoresilvestri\.m2\repository\org\glassfish\hk2\spring-bridge\3.0.6\spring-bridge-3.0.6.jar;C:\Users\salvatoresilvestri\.m2\repository\org\glassfish\jersey\media\jersey-media-json-jackson\3.1.6\jersey-media-json-jackson-3.1.6.jar;C:\Users\salvatoresilvestri\.m2\repository\org\glassfish\jersey\ext\jersey-entity-filtering\3.1.6\jersey-entity-filtering-3.1.6.jar;C:\Users\salvatoresilvestri\.m2\repository\com\fasterxml\jackson\module\jackson-module-jakarta-xmlbind-annotations\2.15.4\jackson-module-jakarta-xmlbind-annotations-2.15.4.jar;C:\Users\salvatoresilvestri\.m2\repository\org\springframework\boot\spring-boot-starter-security\3.2.5\spring-boot-starter-security-3.2.5.jar;C:\Users\salvatoresilvestri\.m2\repository\org\springframework\boot\spring-boot-starter\3.2.5\spring-boot-starter-3.2.5.jar;C:\Users\salvatoresilvestri\.m2\repository\org\springframework\boot\spring-boot\3.2.5\spring-boot-3.2.5.jar;C:\Users\salvatoresilvestri\.m2\repository\org\springframework\boot\spring-boot-autoconfigure\3.2.5\spring-boot-autoconfigure-3.2.5.jar;C:\Users\salvatoresilvestri\.m2\repository\org\springframework\boot\spring-boot-starter-logging\3.2.5\spring-boot-starter-logging-3.2.5.jar;C:\Users\salvatoresilvestri\.m2\repository\ch\qos\logback\logback-classic\1.4.14\logback-classic-1.4.14.jar;C:\Users\salvatoresilvestri\.m2\repository\ch\qos\logback\logback-core\1.4.14\logback-core-1.4.14.jar;C:\Users\salvatoresilvestri\.m2\repository\org\apache\logging\log4j\log4j-to-slf4j\2.21.1\log4j-to-slf4j-2.21.1.jar;C:\Users\salvatoresilvestri\.m2\repository\org\apache\logging\log4j\log4j-api\2.21.1\log4j-api-2.21.1.jar;C:\Users\salvatoresilvestri\.m2\repository\org\slf4j\jul-to-slf4j\2.0.13\jul-to-slf4j-2.0.13.jar;C:\Users\salvatoresilvestri\.m2\repository\org\yaml\snakeyaml\2.2\snakeyaml-2.2.jar;C:\Users\salvatoresilvestri\.m2\repository\org\springframework\spring-aop\6.1.6\spring-aop-6.1.6.jar;C:\Users\salvatoresilvestri\.m2\repository\org\springframework\security\spring-security-config\6.2.4\spring-security-config-6.2.4.jar;C:\Users\salvatoresilvestri\.m2\repository\org\springframework\security\spring-security-web\6.2.4\spring-security-web-6.2.4.jar;C:\Users\salvatoresilvestri\.m2\repository\org\springframework\spring-expression\6.1.6\spring-expression-6.1.6.jar;C:\Users\salvatoresilvestri\.m2\repository\org\springframework\boot\spring-boot-starter-validation\3.2.5\spring-boot-starter-validation-3.2.5.jar;C:\Users\salvatoresilvestri\.m2\repository\org\apache\tomcat\embed\tomcat-embed-el\10.1.20\tomcat-embed-el-10.1.20.jar;C:\Users\salvatoresilvestri\.m2\repository\org\hibernate\validator\hibernate-validator\8.0.1.Final\hibernate-validator-8.0.1.Final.jar;C:\Users\salvatoresilvestri\.m2\repository\org\springframework\boot\spring-boot-starter-web\3.2.5\spring-boot-starter-web-3.2.5.jar;C:\Users\salvatoresilvestri\.m2\repository\org\springframework\spring-webmvc\6.1.6\spring-webmvc-6.1.6.jar;C:\Users\salvatoresilvestri\.m2\repository\com\mysql\mysql-connector-j\8.3.0\mysql-connector-j-8.3.0.jar;C:\Users\salvatoresilvestri\.m2\repository\org\projectlombok\lombok\1.18.32\lombok-1.18.32.jar;C:\Users\salvatoresilvestri\.m2\repository\org\springframework\boot\spring-boot-starter-tomcat\3.2.5\spring-boot-starter-tomcat-3.2.5.jar;C:\Users\salvatoresilvestri\.m2\repository\jakarta\annotation\jakarta.annotation-api\2.1.1\jakarta.annotation-api-2.1.1.jar;C:\Users\salvatoresilvestri\.m2\repository\org\apache\tomcat\embed\tomcat-embed-core\10.1.20\tomcat-embed-core-10.1.20.jar;C:\Users\salvatoresilvestri\.m2\repository\org\apache\tomcat\embed\tomcat-embed-websocket\10.1.20\tomcat-embed-websocket-10.1.20.jar;C:\Users\salvatoresilvestri\.m2\repository\org\springframework\boot\spring-boot-starter-test\3.2.5\spring-boot-starter-test-3.2.5.jar;C:\Users\salvatoresilvestri\.m2\repository\org\springframework\boot\spring-boot-test\3.2.5\spring-boot-test-3.2.5.jar;C:\Users\salvatoresilvestri\.m2\repository\org\springframework\boot\spring-boot-test-autoconfigure\3.2.5\spring-boot-test-autoconfigure-3.2.5.jar;C:\Users\salvatoresilvestri\.m2\repository\com\jayway\jsonpath\json-path\2.9.0\json-path-2.9.0.jar;C:\Users\salvatoresilvestri\.m2\repository\jakarta\xml\bind\jakarta.xml.bind-api\4.0.2\jakarta.xml.bind-api-4.0.2.jar;C:\Users\salvatoresilvestri\.m2\repository\jakarta\activation\jakarta.activation-api\2.1.3\jakarta.activation-api-2.1.3.jar;C:\Users\salvatoresilvestri\.m2\repository\net\minidev\json-smart\2.5.1\json-smart-2.5.1.jar;C:\Users\salvatoresilvestri\.m2\repository\net\minidev\accessors-smart\2.5.1\accessors-smart-2.5.1.jar;C:\Users\salvatoresilvestri\.m2\repository\org\ow2\asm\asm\9.6\asm-9.6.jar;C:\Users\salvatoresilvestri\.m2\repository\org\assertj\assertj-core\3.24.2\assertj-core-3.24.2.jar;C:\Users\salvatoresilvestri\.m2\repository\org\awaitility\awaitility\4.2.1\awaitility-4.2.1.jar;C:\Users\salvatoresilvestri\.m2\repository\org\hamcrest\hamcrest\2.2\hamcrest-2.2.jar;C:\Users\salvatoresilvestri\.m2\repository\org\junit\jupiter\junit-jupiter\5.10.2\junit-jupiter-5.10.2.jar;C:\Users\salvatoresilvestri\.m2\repository\org\junit\jupiter\junit-jupiter-api\5.10.2\junit-jupiter-api-5.10.2.jar;C:\Users\salvatoresilvestri\.m2\repository\org\opentest4j\opentest4j\1.3.0\opentest4j-1.3.0.jar;C:\Users\salvatoresilvestri\.m2\repository\org\junit\platform\junit-platform-commons\1.10.2\junit-platform-commons-1.10.2.jar;C:\Users\salvatoresilvestri\.m2\repository\org\apiguardian\apiguardian-api\1.1.2\apiguardian-api-1.1.2.jar;C:\Users\salvatoresilvestri\.m2\repository\org\junit\jupiter\junit-jupiter-params\5.10.2\junit-jupiter-params-5.10.2.jar;C:\Users\salvatoresilvestri\.m2\repository\org\junit\jupiter\junit-jupiter-engine\5.10.2\junit-jupiter-engine-5.10.2.jar;C:\Users\salvatoresilvestri\.m2\repository\org\junit\platform\junit-platform-engine\1.10.2\junit-platform-engine-1.10.2.jar;C:\Users\salvatoresilvestri\.m2\repository\org\mockito\mockito-core\5.7.0\mockito-core-5.7.0.jar;C:\Users\salvatoresilvestri\.m2\repository\net\bytebuddy\byte-buddy-agent\1.14.13\byte-buddy-agent-1.14.13.jar;C:\Users\salvatoresilvestri\.m2\repository\org\objenesis\objenesis\3.3\objenesis-3.3.jar;C:\Users\salvatoresilvestri\.m2\repository\org\mockito\mockito-junit-jupiter\5.7.0\mockito-junit-jupiter-5.7.0.jar;C:\Users\salvatoresilvestri\.m2\repository\org\skyscreamer\jsonassert\1.5.1\jsonassert-1.5.1.jar;C:\Users\salvatoresilvestri\.m2\repository\com\vaadin\external\google\android-json\0.0.20131108.vaadin1\android-json-0.0.20131108.vaadin1.jar;C:\Users\salvatoresilvestri\.m2\repository\org\springframework\spring-core\6.1.6\spring-core-6.1.6.jar;C:\Users\salvatoresilvestri\.m2\repository\org\springframework\spring-jcl\6.1.6\spring-jcl-6.1.6.jar;C:\Users\salvatoresilvestri\.m2\repository\org\springframework\spring-test\6.1.6\spring-test-6.1.6.jar;C:\Users\salvatoresilvestri\.m2\repository\org\xmlunit\xmlunit-core\2.9.1\xmlunit-core-2.9.1.jar;C:\Users\salvatoresilvestri\.m2\repository\org\springframework\security\spring-security-test\6.0.4\spring-security-test-6.0.4.jar;C:\Users\salvatoresilvestri\.m2\repository\org\springframework\security\spring-security-core\6.2.4\spring-security-core-6.2.4.jar;C:\Users\salvatoresilvestri\.m2\repository\org\springframework\security\spring-security-crypto\6.2.4\spring-security-crypto-6.2.4.jar;"/>
    <property name="sun.cpu.endian" value="little"/>
    <property name="user.home" value="C:\Users\salvatoresilvestri"/>
    <property name="user.language" value="it"/>
    <property name="java.specification.vendor" value="Oracle Corporation"/>
    <property name="java.version.date" value="2023-01-17"/>
    <property name="java.home" value="C:\Users\salvatoresilvestri\.jdks\corretto-19.0.2"/>
    <property name="file.separator" value="\"/>
    <property name="basedir" value="C:\Sviluppo\workArea\clothlogix"/>
    <property name="java.vm.compressedOopsMode" value="Zero based"/>
    <property name="line.separator" value="&#10;"/>
    <property name="java.vm.specification.vendor" value="Oracle Corporation"/>
    <property name="java.specification.name" value="Java Platform API Specification"/>
    <property name="FILE_LOG_CHARSET" value="UTF-8"/>
    <property name="java.awt.headless" value="true"/>
    <property name="surefire.real.class.path" value="C:\Users\salvatoresilvestri\AppData\Local\Temp\surefire11939115500914037007\surefirebooter-20240509155331567_3.jar"/>
    <property name="user.script" value=""/>
    <property name="sun.management.compiler" value="HotSpot 64-Bit Tiered Compilers"/>
    <property name="java.runtime.version" value="19.0.2+7-FR"/>
    <property name="user.name" value="salvatoresilvestri"/>
    <property name="stdout.encoding" value="Cp1252"/>
    <property name="path.separator" value=";"/>
    <property name="os.version" value="10.0"/>
    <property name="java.runtime.name" value="OpenJDK Runtime Environment"/>
    <property name="file.encoding" value="UTF-8"/>
    <property name="java.vm.name" value="OpenJDK 64-Bit Server VM"/>
    <property name="java.vendor.version" value="Corretto-19.0.2.7.1"/>
    <property name="localRepository" value="C:\Users\salvatoresilvestri\.m2\repository"/>
    <property name="java.vendor.url.bug" value="https://github.com/corretto/corretto-19/issues/"/>
    <property name="java.io.tmpdir" value="C:\Users\SALVAT~1\AppData\Local\Temp\"/>
    <property name="idea.version" value="2024.1.1"/>
    <property name="com.zaxxer.hikari.pool_number" value="1"/>
    <property name="java.version" value="19.0.2"/>
    <property name="user.dir" value="C:\Sviluppo\workArea\clothlogix"/>
    <property name="os.arch" value="amd64"/>
    <property name="java.vm.specification.name" value="Java Virtual Machine Specification"/>
    <property name="PID" value="166876"/>
    <property name="sun.os.patch.level" value=""/>
    <property name="CONSOLE_LOG_CHARSET" value="UTF-8"/>
    <property name="native.encoding" value="Cp1252"/>
    <property name="java.library.path" value="C:\Users\salvatoresilvestri\.jdks\corretto-19.0.2\bin;C:\windows\Sun\Java\bin;C:\windows\system32;C:\windows;C:\Program Files\Common Files\Oracle\Java\javapath;C:\Program Files (x86)\Common Files\Oracle\Java\javapath;C:\ProgramData\Oracle\Java\javapath;C:\windows\system32;C:\windows;C:\windows\System32\Wbem;C:\windows\System32\WindowsPowerShell\v1.0\;C:\windows\System32\OpenSSH\;C:\Program Files\PuTTY\;C:\Program Files\TortoiseSVN\bin;C:\Program Files\Git\cmd;C:\Program Files\MySQL\MySQL Shell 8.0\bin\;C:\Users\salvatoresilvestri\AppData\Local\Microsoft\WindowsApps;;."/>
    <property name="java.vm.info" value="mixed mode, sharing"/>
    <property name="stderr.encoding" value="Cp1252"/>
    <property name="java.vendor" value="Amazon.com Inc."/>
    <property name="java.vm.version" value="19.0.2+7-FR"/>
    <property name="sun.io.unicode.encoding" value="UnicodeLittle"/>
    <property name="java.class.version" value="63.0"/>
    <property name="LOGGED_APPLICATION_NAME" value="[clothlogix] "/>
  </properties>
  <testcase name="contextLoads" classname="com.fabless.clothlogix.ClothlogixApplicationTests" time="0.989">
    <system-out><![CDATA[15:53:32.755 [main] INFO org.springframework.test.context.support.AnnotationConfigContextLoaderUtils -- Could not detect default configuration classes for test class [com.fabless.clothlogix.ClothlogixApplicationTests]: ClothlogixApplicationTests does not declare any static, non-private, non-final, nested classes annotated with @Configuration.
15:53:32.929 [main] INFO org.springframework.boot.test.context.SpringBootTestContextBootstrapper -- Found @SpringBootConfiguration com.fabless.clothlogix.ClothlogixApplication for test class com.fabless.clothlogix.ClothlogixApplicationTests

  .   ____          _            __ _ _
 /\\ / ___'_ __ _ _(_)_ __  __ _ \ \ \ \
( ( )\___ | '_ | '_| | '_ \/ _` | \ \ \ \
 \\/  ___)| |_)| | | | | || (_| |  ) ) ) )
  '  |____| .__|_| |_|_| |_\__, | / / / /
 =========|_|==============|___/=/_/_/_/
 :: Spring Boot ::                (v3.2.5)

2024-05-09T15:53:33.463+02:00  INFO 166876 --- [clothlogix] [           main] c.f.c.ClothlogixApplicationTests         : Starting ClothlogixApplicationTests using Java 19.0.2 with PID 166876 (started by salvatoresilvestri in C:\Sviluppo\workArea\clothlogix)
2024-05-09T15:53:33.465+02:00  INFO 166876 --- [clothlogix] [           main] c.f.c.ClothlogixApplicationTests         : No active profile set, falling back to 1 default profile: "default"
2024-05-09T15:53:34.543+02:00  INFO 166876 --- [clothlogix] [           main] .s.d.r.c.RepositoryConfigurationDelegate : Multiple Spring Data modules found, entering strict repository configuration mode
2024-05-09T15:53:34.545+02:00  INFO 166876 --- [clothlogix] [           main] .s.d.r.c.RepositoryConfigurationDelegate : Bootstrapping Spring Data JDBC repositories in DEFAULT mode.
2024-05-09T15:53:34.582+02:00  INFO 166876 --- [clothlogix] [           main] .s.d.r.c.RepositoryConfigurationDelegate : Finished Spring Data repository scanning in 25 ms. Found 0 JDBC repository interfaces.
2024-05-09T15:53:34.601+02:00  INFO 166876 --- [clothlogix] [           main] .s.d.r.c.RepositoryConfigurationDelegate : Multiple Spring Data modules found, entering strict repository configuration mode
2024-05-09T15:53:34.602+02:00  INFO 166876 --- [clothlogix] [           main] .s.d.r.c.RepositoryConfigurationDelegate : Bootstrapping Spring Data JPA repositories in DEFAULT mode.
2024-05-09T15:53:34.608+02:00  INFO 166876 --- [clothlogix] [           main] .s.d.r.c.RepositoryConfigurationDelegate : Finished Spring Data repository scanning in 2 ms. Found 0 JPA repository interfaces.
2024-05-09T15:53:35.419+02:00  INFO 166876 --- [clothlogix] [           main] o.hibernate.jpa.internal.util.LogHelper  : HHH000204: Processing PersistenceUnitInfo [name: default]
2024-05-09T15:53:35.548+02:00  INFO 166876 --- [clothlogix] [           main] org.hibernate.Version                    : HHH000412: Hibernate ORM core version 6.4.4.Final
2024-05-09T15:53:35.606+02:00  INFO 166876 --- [clothlogix] [           main] o.h.c.internal.RegionFactoryInitiator    : HHH000026: Second-level cache disabled
2024-05-09T15:53:36.089+02:00  INFO 166876 --- [clothlogix] [           main] o.s.o.j.p.SpringPersistenceUnitInfo      : No LoadTimeWeaver setup: ignoring JPA class transformer
2024-05-09T15:53:36.141+02:00  INFO 166876 --- [clothlogix] [           main] com.zaxxer.hikari.HikariDataSource       : HikariPool-1 - Starting...
2024-05-09T15:53:36.343+02:00  INFO 166876 --- [clothlogix] [           main] com.zaxxer.hikari.pool.HikariPool        : HikariPool-1 - Added connection com.mysql.cj.jdbc.ConnectionImpl@1231a1be
2024-05-09T15:53:36.344+02:00  INFO 166876 --- [clothlogix] [           main] com.zaxxer.hikari.HikariDataSource       : HikariPool-1 - Start completed.
2024-05-09T15:53:36.385+02:00  WARN 166876 --- [clothlogix] [           main] org.hibernate.orm.deprecation            : HHH90000025: MySQL8Dialect does not need to be specified explicitly using 'hibernate.dialect' (remove the property setting and it will be selected by default)
2024-05-09T15:53:36.386+02:00  WARN 166876 --- [clothlogix] [           main] org.hibernate.orm.deprecation            : HHH90000026: MySQL8Dialect has been deprecated; use org.hibernate.dialect.MySQLDialect instead
2024-05-09T15:53:36.819+02:00  INFO 166876 --- [clothlogix] [           main] o.h.e.t.j.p.i.JtaPlatformInitiator       : HHH000489: No JTA platform available (set 'hibernate.transaction.jta.platform' to enable JTA platform integration)
2024-05-09T15:53:36.828+02:00  INFO 166876 --- [clothlogix] [           main] j.LocalContainerEntityManagerFactoryBean : Initialized JPA EntityManagerFactory for persistence unit 'default'
2024-05-09T15:53:37.339+02:00  WARN 166876 --- [clothlogix] [           main] JpaBaseConfiguration$JpaWebConfiguration : spring.jpa.open-in-view is enabled by default. Therefore, database queries may be performed during view rendering. Explicitly configure spring.jpa.open-in-view to disable this warning
2024-05-09T15:53:39.016+02:00  WARN 166876 --- [clothlogix] [           main] .s.s.UserDetailsServiceAutoConfiguration : 

Using generated security password: 67f0884f-bfbf-43c8-b4f1-7e348ef57fa8

This generated password is for development use only. Your security configuration must be updated before running your application in production.

2024-05-09T15:53:39.327+02:00  INFO 166876 --- [clothlogix] [           main] o.s.s.web.DefaultSecurityFilterChain     : Will secure any request with [org.springframework.security.web.session.DisableEncodeUrlFilter@334d825c, org.springframework.security.web.context.request.async.WebAsyncManagerIntegrationFilter@42a7e7e1, org.springframework.security.web.context.SecurityContextHolderFilter@43cc7951, org.springframework.security.web.header.HeaderWriterFilter@2d33795c, org.springframework.web.filter.CorsFilter@e2d9923, org.springframework.security.web.csrf.CsrfFilter@a11efe6, org.springframework.security.web.authentication.logout.LogoutFilter@59d29065, org.springframework.security.web.authentication.UsernamePasswordAuthenticationFilter@59bbf82e, org.springframework.security.web.authentication.ui.DefaultLoginPageGeneratingFilter@77ad2767, org.springframework.security.web.authentication.ui.DefaultLogoutPageGeneratingFilter@554e9509, org.springframework.security.web.authentication.www.BasicAuthenticationFilter@55e88bc, org.springframework.security.web.savedrequest.RequestCacheAwareFilter@7533923b, org.springframework.security.web.servletapi.SecurityContextHolderAwareRequestFilter@446981a4, org.springframework.security.web.authentication.AnonymousAuthenticationFilter@acea29e, org.springframework.security.web.access.ExceptionTranslationFilter@4a0c04ab, org.springframework.security.web.access.intercept.AuthorizationFilter@1e38e8b6]
2024-05-09T15:53:39.455+02:00  INFO 166876 --- [clothlogix] [           main] c.f.c.ClothlogixApplicationTests         : Started ClothlogixApplicationTests in 6.335 seconds (process running for 7.697)
]]></system-out>
  </testcase>
</testsuite>